[2023-08-03T01:04:29.646+0000] {processor.py:157} INFO - Started process (PID=2747) to work on /home/airflow/.local/lib/python3.7/site-packages/airflow/example_dags/example_subdag_operator.py
[2023-08-03T01:04:29.648+0000] {processor.py:826} INFO - Processing file /home/airflow/.local/lib/python3.7/site-packages/airflow/example_dags/example_subdag_operator.py for tasks to queue
[2023-08-03T01:04:29.651+0000] {logging_mixin.py:150} INFO - [2023-08-03T01:04:29.651+0000] {dagbag.py:541} INFO - Filling up the DagBag from /home/airflow/.local/lib/python3.7/site-packages/airflow/example_dags/example_subdag_operator.py
[2023-08-03T01:04:29.674+0000] {processor.py:836} INFO - DAG(s) dict_keys(['example_subdag_operator.section-1', 'example_subdag_operator.section-2', 'example_subdag_operator']) retrieved from /home/airflow/.local/lib/python3.7/site-packages/airflow/example_dags/example_subdag_operator.py
[2023-08-03T01:04:29.689+0000] {logging_mixin.py:150} INFO - [2023-08-03T01:04:29.689+0000] {dag.py:2742} INFO - Sync 3 DAGs
[2023-08-03T01:04:29.708+0000] {logging_mixin.py:150} INFO - [2023-08-03T01:04:29.707+0000] {dag.py:3508} INFO - Setting next_dagrun for example_subdag_operator to 2022-01-01T00:00:00+00:00, run_after=2022-01-01T00:00:00+00:00
[2023-08-03T01:04:29.712+0000] {logging_mixin.py:150} INFO - [2023-08-03T01:04:29.712+0000] {dag.py:3508} INFO - Setting next_dagrun for example_subdag_operator.section-1 to None, run_after=None
[2023-08-03T01:04:29.771+0000] {logging_mixin.py:150} INFO - [2023-08-03T01:04:29.771+0000] {dag.py:3508} INFO - Setting next_dagrun for example_subdag_operator.section-2 to None, run_after=None
[2023-08-03T01:04:29.778+0000] {logging_mixin.py:150} INFO - [2023-08-03T01:04:29.778+0000] {dag.py:2742} INFO - Sync 2 DAGs
[2023-08-03T01:04:29.783+0000] {logging_mixin.py:150} INFO - [2023-08-03T01:04:29.783+0000] {dag.py:3508} INFO - Setting next_dagrun for example_subdag_operator.section-1 to None, run_after=None
[2023-08-03T01:04:29.784+0000] {logging_mixin.py:150} INFO - [2023-08-03T01:04:29.784+0000] {dag.py:3508} INFO - Setting next_dagrun for example_subdag_operator.section-2 to None, run_after=None
[2023-08-03T01:04:29.793+0000] {processor.py:179} INFO - Processing /home/airflow/.local/lib/python3.7/site-packages/airflow/example_dags/example_subdag_operator.py took 0.150 seconds
[2023-08-03T02:27:42.275+0000] {processor.py:157} INFO - Started process (PID=2804) to work on /home/airflow/.local/lib/python3.7/site-packages/airflow/example_dags/example_subdag_operator.py
[2023-08-03T02:27:42.277+0000] {processor.py:826} INFO - Processing file /home/airflow/.local/lib/python3.7/site-packages/airflow/example_dags/example_subdag_operator.py for tasks to queue
[2023-08-03T02:27:42.278+0000] {logging_mixin.py:150} INFO - [2023-08-03T02:27:42.278+0000] {dagbag.py:541} INFO - Filling up the DagBag from /home/airflow/.local/lib/python3.7/site-packages/airflow/example_dags/example_subdag_operator.py
[2023-08-03T02:27:42.300+0000] {processor.py:836} INFO - DAG(s) dict_keys(['example_subdag_operator.section-1', 'example_subdag_operator.section-2', 'example_subdag_operator']) retrieved from /home/airflow/.local/lib/python3.7/site-packages/airflow/example_dags/example_subdag_operator.py
[2023-08-03T02:27:42.316+0000] {logging_mixin.py:150} INFO - [2023-08-03T02:27:42.316+0000] {dag.py:2742} INFO - Sync 3 DAGs
[2023-08-03T02:27:42.336+0000] {logging_mixin.py:150} INFO - [2023-08-03T02:27:42.336+0000] {dag.py:3508} INFO - Setting next_dagrun for example_subdag_operator to 2022-01-01T00:00:00+00:00, run_after=2022-01-01T00:00:00+00:00
[2023-08-03T02:27:42.340+0000] {logging_mixin.py:150} INFO - [2023-08-03T02:27:42.340+0000] {dag.py:3508} INFO - Setting next_dagrun for example_subdag_operator.section-1 to None, run_after=None
[2023-08-03T02:27:42.348+0000] {logging_mixin.py:150} INFO - [2023-08-03T02:27:42.348+0000] {dag.py:3508} INFO - Setting next_dagrun for example_subdag_operator.section-2 to None, run_after=None
[2023-08-03T02:27:42.354+0000] {logging_mixin.py:150} INFO - [2023-08-03T02:27:42.354+0000] {dag.py:2742} INFO - Sync 2 DAGs
[2023-08-03T02:27:42.359+0000] {logging_mixin.py:150} INFO - [2023-08-03T02:27:42.359+0000] {dag.py:3508} INFO - Setting next_dagrun for example_subdag_operator.section-1 to None, run_after=None
[2023-08-03T02:27:42.361+0000] {logging_mixin.py:150} INFO - [2023-08-03T02:27:42.361+0000] {dag.py:3508} INFO - Setting next_dagrun for example_subdag_operator.section-2 to None, run_after=None
[2023-08-03T02:27:42.370+0000] {processor.py:179} INFO - Processing /home/airflow/.local/lib/python3.7/site-packages/airflow/example_dags/example_subdag_operator.py took 0.099 seconds
[2023-08-03T04:08:06.043+0000] {processor.py:157} INFO - Started process (PID=2861) to work on /home/airflow/.local/lib/python3.7/site-packages/airflow/example_dags/example_subdag_operator.py
[2023-08-03T04:08:06.044+0000] {processor.py:826} INFO - Processing file /home/airflow/.local/lib/python3.7/site-packages/airflow/example_dags/example_subdag_operator.py for tasks to queue
[2023-08-03T04:08:06.052+0000] {logging_mixin.py:150} INFO - [2023-08-03T04:08:06.052+0000] {dagbag.py:541} INFO - Filling up the DagBag from /home/airflow/.local/lib/python3.7/site-packages/airflow/example_dags/example_subdag_operator.py
[2023-08-03T04:08:06.074+0000] {processor.py:836} INFO - DAG(s) dict_keys(['example_subdag_operator.section-1', 'example_subdag_operator.section-2', 'example_subdag_operator']) retrieved from /home/airflow/.local/lib/python3.7/site-packages/airflow/example_dags/example_subdag_operator.py
[2023-08-03T04:08:06.089+0000] {logging_mixin.py:150} INFO - [2023-08-03T04:08:06.089+0000] {dag.py:2742} INFO - Sync 3 DAGs
[2023-08-03T04:08:06.108+0000] {logging_mixin.py:150} INFO - [2023-08-03T04:08:06.108+0000] {dag.py:3508} INFO - Setting next_dagrun for example_subdag_operator to 2022-01-01T00:00:00+00:00, run_after=2022-01-01T00:00:00+00:00
[2023-08-03T04:08:06.113+0000] {logging_mixin.py:150} INFO - [2023-08-03T04:08:06.112+0000] {dag.py:3508} INFO - Setting next_dagrun for example_subdag_operator.section-1 to None, run_after=None
[2023-08-03T04:08:06.114+0000] {logging_mixin.py:150} INFO - [2023-08-03T04:08:06.114+0000] {dag.py:3508} INFO - Setting next_dagrun for example_subdag_operator.section-2 to None, run_after=None
[2023-08-03T04:08:06.120+0000] {logging_mixin.py:150} INFO - [2023-08-03T04:08:06.120+0000] {dag.py:2742} INFO - Sync 2 DAGs
[2023-08-03T04:08:06.125+0000] {logging_mixin.py:150} INFO - [2023-08-03T04:08:06.125+0000] {dag.py:3508} INFO - Setting next_dagrun for example_subdag_operator.section-1 to None, run_after=None
[2023-08-03T04:08:06.126+0000] {logging_mixin.py:150} INFO - [2023-08-03T04:08:06.126+0000] {dag.py:3508} INFO - Setting next_dagrun for example_subdag_operator.section-2 to None, run_after=None
[2023-08-03T04:08:06.133+0000] {processor.py:179} INFO - Processing /home/airflow/.local/lib/python3.7/site-packages/airflow/example_dags/example_subdag_operator.py took 0.094 seconds
[2023-08-03T05:31:54.563+0000] {processor.py:157} INFO - Started process (PID=2918) to work on /home/airflow/.local/lib/python3.7/site-packages/airflow/example_dags/example_subdag_operator.py
[2023-08-03T05:31:54.565+0000] {processor.py:826} INFO - Processing file /home/airflow/.local/lib/python3.7/site-packages/airflow/example_dags/example_subdag_operator.py for tasks to queue
[2023-08-03T05:31:54.566+0000] {logging_mixin.py:150} INFO - [2023-08-03T05:31:54.566+0000] {dagbag.py:541} INFO - Filling up the DagBag from /home/airflow/.local/lib/python3.7/site-packages/airflow/example_dags/example_subdag_operator.py
[2023-08-03T05:31:54.590+0000] {processor.py:836} INFO - DAG(s) dict_keys(['example_subdag_operator.section-1', 'example_subdag_operator.section-2', 'example_subdag_operator']) retrieved from /home/airflow/.local/lib/python3.7/site-packages/airflow/example_dags/example_subdag_operator.py
[2023-08-03T05:31:54.605+0000] {logging_mixin.py:150} INFO - [2023-08-03T05:31:54.605+0000] {dag.py:2742} INFO - Sync 3 DAGs
[2023-08-03T05:31:54.625+0000] {logging_mixin.py:150} INFO - [2023-08-03T05:31:54.625+0000] {dag.py:3508} INFO - Setting next_dagrun for example_subdag_operator to 2022-01-01T00:00:00+00:00, run_after=2022-01-01T00:00:00+00:00
[2023-08-03T05:31:54.630+0000] {logging_mixin.py:150} INFO - [2023-08-03T05:31:54.630+0000] {dag.py:3508} INFO - Setting next_dagrun for example_subdag_operator.section-1 to None, run_after=None
[2023-08-03T05:31:54.632+0000] {logging_mixin.py:150} INFO - [2023-08-03T05:31:54.632+0000] {dag.py:3508} INFO - Setting next_dagrun for example_subdag_operator.section-2 to None, run_after=None
[2023-08-03T05:31:54.637+0000] {logging_mixin.py:150} INFO - [2023-08-03T05:31:54.637+0000] {dag.py:2742} INFO - Sync 2 DAGs
[2023-08-03T05:31:54.644+0000] {logging_mixin.py:150} INFO - [2023-08-03T05:31:54.644+0000] {dag.py:3508} INFO - Setting next_dagrun for example_subdag_operator.section-1 to None, run_after=None
[2023-08-03T05:31:54.645+0000] {logging_mixin.py:150} INFO - [2023-08-03T05:31:54.645+0000] {dag.py:3508} INFO - Setting next_dagrun for example_subdag_operator.section-2 to None, run_after=None
[2023-08-03T05:31:54.654+0000] {processor.py:179} INFO - Processing /home/airflow/.local/lib/python3.7/site-packages/airflow/example_dags/example_subdag_operator.py took 0.094 seconds
[2023-08-03T07:13:17.673+0000] {processor.py:157} INFO - Started process (PID=2975) to work on /home/airflow/.local/lib/python3.7/site-packages/airflow/example_dags/example_subdag_operator.py
[2023-08-03T07:13:17.675+0000] {processor.py:826} INFO - Processing file /home/airflow/.local/lib/python3.7/site-packages/airflow/example_dags/example_subdag_operator.py for tasks to queue
[2023-08-03T07:13:17.676+0000] {logging_mixin.py:150} INFO - [2023-08-03T07:13:17.676+0000] {dagbag.py:541} INFO - Filling up the DagBag from /home/airflow/.local/lib/python3.7/site-packages/airflow/example_dags/example_subdag_operator.py
[2023-08-03T07:13:17.699+0000] {processor.py:836} INFO - DAG(s) dict_keys(['example_subdag_operator.section-1', 'example_subdag_operator.section-2', 'example_subdag_operator']) retrieved from /home/airflow/.local/lib/python3.7/site-packages/airflow/example_dags/example_subdag_operator.py
[2023-08-03T07:13:17.712+0000] {logging_mixin.py:150} INFO - [2023-08-03T07:13:17.712+0000] {dag.py:2742} INFO - Sync 3 DAGs
[2023-08-03T07:13:17.734+0000] {logging_mixin.py:150} INFO - [2023-08-03T07:13:17.734+0000] {dag.py:3508} INFO - Setting next_dagrun for example_subdag_operator to 2022-01-01T00:00:00+00:00, run_after=2022-01-01T00:00:00+00:00
[2023-08-03T07:13:17.743+0000] {logging_mixin.py:150} INFO - [2023-08-03T07:13:17.743+0000] {dag.py:3508} INFO - Setting next_dagrun for example_subdag_operator.section-1 to None, run_after=None
[2023-08-03T07:13:17.746+0000] {logging_mixin.py:150} INFO - [2023-08-03T07:13:17.745+0000] {dag.py:3508} INFO - Setting next_dagrun for example_subdag_operator.section-2 to None, run_after=None
[2023-08-03T07:13:17.753+0000] {logging_mixin.py:150} INFO - [2023-08-03T07:13:17.753+0000] {dag.py:2742} INFO - Sync 2 DAGs
[2023-08-03T07:13:17.758+0000] {logging_mixin.py:150} INFO - [2023-08-03T07:13:17.758+0000] {dag.py:3508} INFO - Setting next_dagrun for example_subdag_operator.section-1 to None, run_after=None
[2023-08-03T07:13:17.764+0000] {logging_mixin.py:150} INFO - [2023-08-03T07:13:17.764+0000] {dag.py:3508} INFO - Setting next_dagrun for example_subdag_operator.section-2 to None, run_after=None
[2023-08-03T07:13:17.772+0000] {processor.py:179} INFO - Processing /home/airflow/.local/lib/python3.7/site-packages/airflow/example_dags/example_subdag_operator.py took 0.102 seconds
[2023-08-03T08:54:06.901+0000] {processor.py:157} INFO - Started process (PID=3032) to work on /home/airflow/.local/lib/python3.7/site-packages/airflow/example_dags/example_subdag_operator.py
[2023-08-03T08:54:06.903+0000] {processor.py:826} INFO - Processing file /home/airflow/.local/lib/python3.7/site-packages/airflow/example_dags/example_subdag_operator.py for tasks to queue
[2023-08-03T08:54:06.907+0000] {logging_mixin.py:150} INFO - [2023-08-03T08:54:06.906+0000] {dagbag.py:541} INFO - Filling up the DagBag from /home/airflow/.local/lib/python3.7/site-packages/airflow/example_dags/example_subdag_operator.py
[2023-08-03T08:54:06.939+0000] {processor.py:836} INFO - DAG(s) dict_keys(['example_subdag_operator.section-1', 'example_subdag_operator.section-2', 'example_subdag_operator']) retrieved from /home/airflow/.local/lib/python3.7/site-packages/airflow/example_dags/example_subdag_operator.py
[2023-08-03T08:54:06.998+0000] {logging_mixin.py:150} INFO - [2023-08-03T08:54:06.998+0000] {dag.py:2742} INFO - Sync 3 DAGs
[2023-08-03T08:54:07.024+0000] {logging_mixin.py:150} INFO - [2023-08-03T08:54:07.024+0000] {dag.py:3508} INFO - Setting next_dagrun for example_subdag_operator to 2022-01-01T00:00:00+00:00, run_after=2022-01-01T00:00:00+00:00
[2023-08-03T08:54:07.034+0000] {logging_mixin.py:150} INFO - [2023-08-03T08:54:07.033+0000] {dag.py:3508} INFO - Setting next_dagrun for example_subdag_operator.section-1 to None, run_after=None
[2023-08-03T08:54:07.036+0000] {logging_mixin.py:150} INFO - [2023-08-03T08:54:07.036+0000] {dag.py:3508} INFO - Setting next_dagrun for example_subdag_operator.section-2 to None, run_after=None
[2023-08-03T08:54:07.044+0000] {logging_mixin.py:150} INFO - [2023-08-03T08:54:07.043+0000] {dag.py:2742} INFO - Sync 2 DAGs
[2023-08-03T08:54:07.059+0000] {logging_mixin.py:150} INFO - [2023-08-03T08:54:07.059+0000] {dag.py:3508} INFO - Setting next_dagrun for example_subdag_operator.section-1 to None, run_after=None
[2023-08-03T08:54:07.060+0000] {logging_mixin.py:150} INFO - [2023-08-03T08:54:07.060+0000] {dag.py:3508} INFO - Setting next_dagrun for example_subdag_operator.section-2 to None, run_after=None
[2023-08-03T08:54:07.069+0000] {processor.py:179} INFO - Processing /home/airflow/.local/lib/python3.7/site-packages/airflow/example_dags/example_subdag_operator.py took 0.171 seconds
[2023-08-03T10:17:24.799+0000] {processor.py:157} INFO - Started process (PID=3089) to work on /home/airflow/.local/lib/python3.7/site-packages/airflow/example_dags/example_subdag_operator.py
[2023-08-03T10:17:24.801+0000] {processor.py:826} INFO - Processing file /home/airflow/.local/lib/python3.7/site-packages/airflow/example_dags/example_subdag_operator.py for tasks to queue
[2023-08-03T10:17:24.802+0000] {logging_mixin.py:150} INFO - [2023-08-03T10:17:24.802+0000] {dagbag.py:541} INFO - Filling up the DagBag from /home/airflow/.local/lib/python3.7/site-packages/airflow/example_dags/example_subdag_operator.py
[2023-08-03T10:17:24.825+0000] {processor.py:836} INFO - DAG(s) dict_keys(['example_subdag_operator.section-1', 'example_subdag_operator.section-2', 'example_subdag_operator']) retrieved from /home/airflow/.local/lib/python3.7/site-packages/airflow/example_dags/example_subdag_operator.py
[2023-08-03T10:17:24.840+0000] {logging_mixin.py:150} INFO - [2023-08-03T10:17:24.840+0000] {dag.py:2742} INFO - Sync 3 DAGs
[2023-08-03T10:17:24.862+0000] {logging_mixin.py:150} INFO - [2023-08-03T10:17:24.862+0000] {dag.py:3508} INFO - Setting next_dagrun for example_subdag_operator to 2022-01-01T00:00:00+00:00, run_after=2022-01-01T00:00:00+00:00
[2023-08-03T10:17:24.874+0000] {logging_mixin.py:150} INFO - [2023-08-03T10:17:24.874+0000] {dag.py:3508} INFO - Setting next_dagrun for example_subdag_operator.section-1 to None, run_after=None
[2023-08-03T10:17:24.877+0000] {logging_mixin.py:150} INFO - [2023-08-03T10:17:24.876+0000] {dag.py:3508} INFO - Setting next_dagrun for example_subdag_operator.section-2 to None, run_after=None
[2023-08-03T10:17:24.885+0000] {logging_mixin.py:150} INFO - [2023-08-03T10:17:24.885+0000] {dag.py:2742} INFO - Sync 2 DAGs
[2023-08-03T10:17:24.894+0000] {logging_mixin.py:150} INFO - [2023-08-03T10:17:24.894+0000] {dag.py:3508} INFO - Setting next_dagrun for example_subdag_operator.section-1 to None, run_after=None
[2023-08-03T10:17:24.895+0000] {logging_mixin.py:150} INFO - [2023-08-03T10:17:24.895+0000] {dag.py:3508} INFO - Setting next_dagrun for example_subdag_operator.section-2 to None, run_after=None
[2023-08-03T10:17:24.907+0000] {processor.py:179} INFO - Processing /home/airflow/.local/lib/python3.7/site-packages/airflow/example_dags/example_subdag_operator.py took 0.112 seconds
[2023-08-03T11:56:10.250+0000] {processor.py:157} INFO - Started process (PID=3147) to work on /home/airflow/.local/lib/python3.7/site-packages/airflow/example_dags/example_subdag_operator.py
[2023-08-03T11:56:10.322+0000] {processor.py:826} INFO - Processing file /home/airflow/.local/lib/python3.7/site-packages/airflow/example_dags/example_subdag_operator.py for tasks to queue
[2023-08-03T11:56:10.331+0000] {logging_mixin.py:150} INFO - [2023-08-03T11:56:10.330+0000] {dagbag.py:541} INFO - Filling up the DagBag from /home/airflow/.local/lib/python3.7/site-packages/airflow/example_dags/example_subdag_operator.py
[2023-08-03T11:56:10.381+0000] {processor.py:836} INFO - DAG(s) dict_keys(['example_subdag_operator.section-1', 'example_subdag_operator.section-2', 'example_subdag_operator']) retrieved from /home/airflow/.local/lib/python3.7/site-packages/airflow/example_dags/example_subdag_operator.py
[2023-08-03T11:56:10.404+0000] {logging_mixin.py:150} INFO - [2023-08-03T11:56:10.403+0000] {dag.py:2742} INFO - Sync 3 DAGs
[2023-08-03T11:56:10.432+0000] {logging_mixin.py:150} INFO - [2023-08-03T11:56:10.432+0000] {dag.py:3508} INFO - Setting next_dagrun for example_subdag_operator to 2022-01-01T00:00:00+00:00, run_after=2022-01-01T00:00:00+00:00
[2023-08-03T11:56:10.436+0000] {logging_mixin.py:150} INFO - [2023-08-03T11:56:10.436+0000] {dag.py:3508} INFO - Setting next_dagrun for example_subdag_operator.section-1 to None, run_after=None
[2023-08-03T11:56:10.438+0000] {logging_mixin.py:150} INFO - [2023-08-03T11:56:10.438+0000] {dag.py:3508} INFO - Setting next_dagrun for example_subdag_operator.section-2 to None, run_after=None
[2023-08-03T11:56:10.445+0000] {logging_mixin.py:150} INFO - [2023-08-03T11:56:10.445+0000] {dag.py:2742} INFO - Sync 2 DAGs
[2023-08-03T11:56:10.452+0000] {logging_mixin.py:150} INFO - [2023-08-03T11:56:10.452+0000] {dag.py:3508} INFO - Setting next_dagrun for example_subdag_operator.section-1 to None, run_after=None
[2023-08-03T11:56:10.453+0000] {logging_mixin.py:150} INFO - [2023-08-03T11:56:10.453+0000] {dag.py:3508} INFO - Setting next_dagrun for example_subdag_operator.section-2 to None, run_after=None
[2023-08-03T11:56:10.471+0000] {processor.py:179} INFO - Processing /home/airflow/.local/lib/python3.7/site-packages/airflow/example_dags/example_subdag_operator.py took 0.244 seconds
[2023-08-03T13:18:49.971+0000] {processor.py:157} INFO - Started process (PID=3204) to work on /home/airflow/.local/lib/python3.7/site-packages/airflow/example_dags/example_subdag_operator.py
[2023-08-03T13:18:49.973+0000] {processor.py:826} INFO - Processing file /home/airflow/.local/lib/python3.7/site-packages/airflow/example_dags/example_subdag_operator.py for tasks to queue
[2023-08-03T13:18:49.974+0000] {logging_mixin.py:150} INFO - [2023-08-03T13:18:49.974+0000] {dagbag.py:541} INFO - Filling up the DagBag from /home/airflow/.local/lib/python3.7/site-packages/airflow/example_dags/example_subdag_operator.py
[2023-08-03T13:18:49.998+0000] {processor.py:836} INFO - DAG(s) dict_keys(['example_subdag_operator.section-1', 'example_subdag_operator.section-2', 'example_subdag_operator']) retrieved from /home/airflow/.local/lib/python3.7/site-packages/airflow/example_dags/example_subdag_operator.py
[2023-08-03T13:18:50.014+0000] {logging_mixin.py:150} INFO - [2023-08-03T13:18:50.014+0000] {dag.py:2742} INFO - Sync 3 DAGs
[2023-08-03T13:18:50.035+0000] {logging_mixin.py:150} INFO - [2023-08-03T13:18:50.034+0000] {dag.py:3508} INFO - Setting next_dagrun for example_subdag_operator to 2022-01-01T00:00:00+00:00, run_after=2022-01-01T00:00:00+00:00
[2023-08-03T13:18:50.039+0000] {logging_mixin.py:150} INFO - [2023-08-03T13:18:50.039+0000] {dag.py:3508} INFO - Setting next_dagrun for example_subdag_operator.section-1 to None, run_after=None
[2023-08-03T13:18:50.041+0000] {logging_mixin.py:150} INFO - [2023-08-03T13:18:50.041+0000] {dag.py:3508} INFO - Setting next_dagrun for example_subdag_operator.section-2 to None, run_after=None
[2023-08-03T13:18:50.047+0000] {logging_mixin.py:150} INFO - [2023-08-03T13:18:50.047+0000] {dag.py:2742} INFO - Sync 2 DAGs
[2023-08-03T13:18:50.054+0000] {logging_mixin.py:150} INFO - [2023-08-03T13:18:50.053+0000] {dag.py:3508} INFO - Setting next_dagrun for example_subdag_operator.section-1 to None, run_after=None
[2023-08-03T13:18:50.055+0000] {logging_mixin.py:150} INFO - [2023-08-03T13:18:50.055+0000] {dag.py:3508} INFO - Setting next_dagrun for example_subdag_operator.section-2 to None, run_after=None
[2023-08-03T13:18:50.066+0000] {processor.py:179} INFO - Processing /home/airflow/.local/lib/python3.7/site-packages/airflow/example_dags/example_subdag_operator.py took 0.098 seconds
[2023-08-03T15:00:05.564+0000] {processor.py:157} INFO - Started process (PID=3260) to work on /home/airflow/.local/lib/python3.7/site-packages/airflow/example_dags/example_subdag_operator.py
[2023-08-03T15:00:05.567+0000] {processor.py:826} INFO - Processing file /home/airflow/.local/lib/python3.7/site-packages/airflow/example_dags/example_subdag_operator.py for tasks to queue
[2023-08-03T15:00:05.568+0000] {logging_mixin.py:150} INFO - [2023-08-03T15:00:05.568+0000] {dagbag.py:541} INFO - Filling up the DagBag from /home/airflow/.local/lib/python3.7/site-packages/airflow/example_dags/example_subdag_operator.py
[2023-08-03T15:00:05.596+0000] {processor.py:836} INFO - DAG(s) dict_keys(['example_subdag_operator.section-1', 'example_subdag_operator.section-2', 'example_subdag_operator']) retrieved from /home/airflow/.local/lib/python3.7/site-packages/airflow/example_dags/example_subdag_operator.py
[2023-08-03T15:00:05.616+0000] {logging_mixin.py:150} INFO - [2023-08-03T15:00:05.616+0000] {dag.py:2742} INFO - Sync 3 DAGs
[2023-08-03T15:00:05.639+0000] {logging_mixin.py:150} INFO - [2023-08-03T15:00:05.639+0000] {dag.py:3508} INFO - Setting next_dagrun for example_subdag_operator to 2022-01-01T00:00:00+00:00, run_after=2022-01-01T00:00:00+00:00
[2023-08-03T15:00:05.643+0000] {logging_mixin.py:150} INFO - [2023-08-03T15:00:05.643+0000] {dag.py:3508} INFO - Setting next_dagrun for example_subdag_operator.section-1 to None, run_after=None
[2023-08-03T15:00:05.645+0000] {logging_mixin.py:150} INFO - [2023-08-03T15:00:05.645+0000] {dag.py:3508} INFO - Setting next_dagrun for example_subdag_operator.section-2 to None, run_after=None
[2023-08-03T15:00:05.658+0000] {logging_mixin.py:150} INFO - [2023-08-03T15:00:05.658+0000] {dag.py:2742} INFO - Sync 2 DAGs
[2023-08-03T15:00:05.663+0000] {logging_mixin.py:150} INFO - [2023-08-03T15:00:05.663+0000] {dag.py:3508} INFO - Setting next_dagrun for example_subdag_operator.section-1 to None, run_after=None
[2023-08-03T15:00:05.664+0000] {logging_mixin.py:150} INFO - [2023-08-03T15:00:05.664+0000] {dag.py:3508} INFO - Setting next_dagrun for example_subdag_operator.section-2 to None, run_after=None
[2023-08-03T15:00:05.673+0000] {processor.py:179} INFO - Processing /home/airflow/.local/lib/python3.7/site-packages/airflow/example_dags/example_subdag_operator.py took 0.112 seconds
[2023-08-03T16:41:36.421+0000] {processor.py:157} INFO - Started process (PID=3317) to work on /home/airflow/.local/lib/python3.7/site-packages/airflow/example_dags/example_subdag_operator.py
[2023-08-03T16:41:36.423+0000] {processor.py:826} INFO - Processing file /home/airflow/.local/lib/python3.7/site-packages/airflow/example_dags/example_subdag_operator.py for tasks to queue
[2023-08-03T16:41:36.424+0000] {logging_mixin.py:150} INFO - [2023-08-03T16:41:36.424+0000] {dagbag.py:541} INFO - Filling up the DagBag from /home/airflow/.local/lib/python3.7/site-packages/airflow/example_dags/example_subdag_operator.py
[2023-08-03T16:41:36.448+0000] {processor.py:836} INFO - DAG(s) dict_keys(['example_subdag_operator.section-1', 'example_subdag_operator.section-2', 'example_subdag_operator']) retrieved from /home/airflow/.local/lib/python3.7/site-packages/airflow/example_dags/example_subdag_operator.py
[2023-08-03T16:41:36.463+0000] {logging_mixin.py:150} INFO - [2023-08-03T16:41:36.463+0000] {dag.py:2742} INFO - Sync 3 DAGs
[2023-08-03T16:41:36.481+0000] {logging_mixin.py:150} INFO - [2023-08-03T16:41:36.481+0000] {dag.py:3508} INFO - Setting next_dagrun for example_subdag_operator to 2022-01-01T00:00:00+00:00, run_after=2022-01-01T00:00:00+00:00
[2023-08-03T16:41:36.485+0000] {logging_mixin.py:150} INFO - [2023-08-03T16:41:36.485+0000] {dag.py:3508} INFO - Setting next_dagrun for example_subdag_operator.section-1 to None, run_after=None
[2023-08-03T16:41:36.487+0000] {logging_mixin.py:150} INFO - [2023-08-03T16:41:36.487+0000] {dag.py:3508} INFO - Setting next_dagrun for example_subdag_operator.section-2 to None, run_after=None
[2023-08-03T16:41:36.495+0000] {logging_mixin.py:150} INFO - [2023-08-03T16:41:36.495+0000] {dag.py:2742} INFO - Sync 2 DAGs
[2023-08-03T16:41:36.499+0000] {logging_mixin.py:150} INFO - [2023-08-03T16:41:36.499+0000] {dag.py:3508} INFO - Setting next_dagrun for example_subdag_operator.section-1 to None, run_after=None
[2023-08-03T16:41:36.500+0000] {logging_mixin.py:150} INFO - [2023-08-03T16:41:36.500+0000] {dag.py:3508} INFO - Setting next_dagrun for example_subdag_operator.section-2 to None, run_after=None
[2023-08-03T16:41:36.509+0000] {processor.py:179} INFO - Processing /home/airflow/.local/lib/python3.7/site-packages/airflow/example_dags/example_subdag_operator.py took 0.091 seconds
[2023-08-03T18:03:02.166+0000] {processor.py:157} INFO - Started process (PID=3373) to work on /home/airflow/.local/lib/python3.7/site-packages/airflow/example_dags/example_subdag_operator.py
[2023-08-03T18:03:02.169+0000] {processor.py:826} INFO - Processing file /home/airflow/.local/lib/python3.7/site-packages/airflow/example_dags/example_subdag_operator.py for tasks to queue
[2023-08-03T18:03:02.171+0000] {logging_mixin.py:150} INFO - [2023-08-03T18:03:02.171+0000] {dagbag.py:541} INFO - Filling up the DagBag from /home/airflow/.local/lib/python3.7/site-packages/airflow/example_dags/example_subdag_operator.py
[2023-08-03T18:03:02.233+0000] {processor.py:836} INFO - DAG(s) dict_keys(['example_subdag_operator.section-1', 'example_subdag_operator.section-2', 'example_subdag_operator']) retrieved from /home/airflow/.local/lib/python3.7/site-packages/airflow/example_dags/example_subdag_operator.py
[2023-08-03T18:03:02.260+0000] {logging_mixin.py:150} INFO - [2023-08-03T18:03:02.260+0000] {dag.py:2742} INFO - Sync 3 DAGs
[2023-08-03T18:03:02.296+0000] {logging_mixin.py:150} INFO - [2023-08-03T18:03:02.295+0000] {dag.py:3508} INFO - Setting next_dagrun for example_subdag_operator to 2022-01-01T00:00:00+00:00, run_after=2022-01-01T00:00:00+00:00
[2023-08-03T18:03:02.305+0000] {logging_mixin.py:150} INFO - [2023-08-03T18:03:02.305+0000] {dag.py:3508} INFO - Setting next_dagrun for example_subdag_operator.section-1 to None, run_after=None
[2023-08-03T18:03:02.335+0000] {logging_mixin.py:150} INFO - [2023-08-03T18:03:02.335+0000] {dag.py:3508} INFO - Setting next_dagrun for example_subdag_operator.section-2 to None, run_after=None
[2023-08-03T18:03:02.359+0000] {logging_mixin.py:150} INFO - [2023-08-03T18:03:02.358+0000] {dag.py:2742} INFO - Sync 2 DAGs
[2023-08-03T18:03:02.366+0000] {logging_mixin.py:150} INFO - [2023-08-03T18:03:02.366+0000] {dag.py:3508} INFO - Setting next_dagrun for example_subdag_operator.section-1 to None, run_after=None
[2023-08-03T18:03:02.380+0000] {logging_mixin.py:150} INFO - [2023-08-03T18:03:02.380+0000] {dag.py:3508} INFO - Setting next_dagrun for example_subdag_operator.section-2 to None, run_after=None
[2023-08-03T18:03:02.475+0000] {processor.py:179} INFO - Processing /home/airflow/.local/lib/python3.7/site-packages/airflow/example_dags/example_subdag_operator.py took 0.313 seconds
[2023-08-03T19:44:23.644+0000] {processor.py:157} INFO - Started process (PID=3430) to work on /home/airflow/.local/lib/python3.7/site-packages/airflow/example_dags/example_subdag_operator.py
[2023-08-03T19:44:23.646+0000] {processor.py:826} INFO - Processing file /home/airflow/.local/lib/python3.7/site-packages/airflow/example_dags/example_subdag_operator.py for tasks to queue
[2023-08-03T19:44:23.648+0000] {logging_mixin.py:150} INFO - [2023-08-03T19:44:23.648+0000] {dagbag.py:541} INFO - Filling up the DagBag from /home/airflow/.local/lib/python3.7/site-packages/airflow/example_dags/example_subdag_operator.py
[2023-08-03T19:44:23.682+0000] {processor.py:836} INFO - DAG(s) dict_keys(['example_subdag_operator.section-1', 'example_subdag_operator.section-2', 'example_subdag_operator']) retrieved from /home/airflow/.local/lib/python3.7/site-packages/airflow/example_dags/example_subdag_operator.py
[2023-08-03T19:44:23.697+0000] {logging_mixin.py:150} INFO - [2023-08-03T19:44:23.697+0000] {dag.py:2742} INFO - Sync 3 DAGs
[2023-08-03T19:44:23.720+0000] {logging_mixin.py:150} INFO - [2023-08-03T19:44:23.720+0000] {dag.py:3508} INFO - Setting next_dagrun for example_subdag_operator to 2022-01-01T00:00:00+00:00, run_after=2022-01-01T00:00:00+00:00
[2023-08-03T19:44:23.729+0000] {logging_mixin.py:150} INFO - [2023-08-03T19:44:23.728+0000] {dag.py:3508} INFO - Setting next_dagrun for example_subdag_operator.section-1 to None, run_after=None
[2023-08-03T19:44:23.730+0000] {logging_mixin.py:150} INFO - [2023-08-03T19:44:23.730+0000] {dag.py:3508} INFO - Setting next_dagrun for example_subdag_operator.section-2 to None, run_after=None
[2023-08-03T19:44:23.736+0000] {logging_mixin.py:150} INFO - [2023-08-03T19:44:23.736+0000] {dag.py:2742} INFO - Sync 2 DAGs
[2023-08-03T19:44:23.748+0000] {logging_mixin.py:150} INFO - [2023-08-03T19:44:23.747+0000] {dag.py:3508} INFO - Setting next_dagrun for example_subdag_operator.section-1 to None, run_after=None
[2023-08-03T19:44:23.749+0000] {logging_mixin.py:150} INFO - [2023-08-03T19:44:23.749+0000] {dag.py:3508} INFO - Setting next_dagrun for example_subdag_operator.section-2 to None, run_after=None
[2023-08-03T19:44:23.758+0000] {processor.py:179} INFO - Processing /home/airflow/.local/lib/python3.7/site-packages/airflow/example_dags/example_subdag_operator.py took 0.117 seconds
[2023-08-03T21:07:14.089+0000] {processor.py:157} INFO - Started process (PID=3487) to work on /home/airflow/.local/lib/python3.7/site-packages/airflow/example_dags/example_subdag_operator.py
[2023-08-03T21:07:14.091+0000] {processor.py:826} INFO - Processing file /home/airflow/.local/lib/python3.7/site-packages/airflow/example_dags/example_subdag_operator.py for tasks to queue
[2023-08-03T21:07:14.093+0000] {logging_mixin.py:150} INFO - [2023-08-03T21:07:14.092+0000] {dagbag.py:541} INFO - Filling up the DagBag from /home/airflow/.local/lib/python3.7/site-packages/airflow/example_dags/example_subdag_operator.py
[2023-08-03T21:07:14.122+0000] {processor.py:836} INFO - DAG(s) dict_keys(['example_subdag_operator.section-1', 'example_subdag_operator.section-2', 'example_subdag_operator']) retrieved from /home/airflow/.local/lib/python3.7/site-packages/airflow/example_dags/example_subdag_operator.py
[2023-08-03T21:07:14.150+0000] {logging_mixin.py:150} INFO - [2023-08-03T21:07:14.150+0000] {dag.py:2742} INFO - Sync 3 DAGs
[2023-08-03T21:07:14.268+0000] {logging_mixin.py:150} INFO - [2023-08-03T21:07:14.268+0000] {dag.py:3508} INFO - Setting next_dagrun for example_subdag_operator to 2022-01-01T00:00:00+00:00, run_after=2022-01-01T00:00:00+00:00
[2023-08-03T21:07:14.273+0000] {logging_mixin.py:150} INFO - [2023-08-03T21:07:14.273+0000] {dag.py:3508} INFO - Setting next_dagrun for example_subdag_operator.section-1 to None, run_after=None
[2023-08-03T21:07:14.274+0000] {logging_mixin.py:150} INFO - [2023-08-03T21:07:14.274+0000] {dag.py:3508} INFO - Setting next_dagrun for example_subdag_operator.section-2 to None, run_after=None
[2023-08-03T21:07:14.281+0000] {logging_mixin.py:150} INFO - [2023-08-03T21:07:14.281+0000] {dag.py:2742} INFO - Sync 2 DAGs
[2023-08-03T21:07:14.286+0000] {logging_mixin.py:150} INFO - [2023-08-03T21:07:14.286+0000] {dag.py:3508} INFO - Setting next_dagrun for example_subdag_operator.section-1 to None, run_after=None
[2023-08-03T21:07:14.288+0000] {logging_mixin.py:150} INFO - [2023-08-03T21:07:14.288+0000] {dag.py:3508} INFO - Setting next_dagrun for example_subdag_operator.section-2 to None, run_after=None
[2023-08-03T21:07:14.311+0000] {processor.py:179} INFO - Processing /home/airflow/.local/lib/python3.7/site-packages/airflow/example_dags/example_subdag_operator.py took 0.225 seconds
[2023-08-03T22:46:11.588+0000] {processor.py:157} INFO - Started process (PID=3544) to work on /home/airflow/.local/lib/python3.7/site-packages/airflow/example_dags/example_subdag_operator.py
[2023-08-03T22:46:11.590+0000] {processor.py:826} INFO - Processing file /home/airflow/.local/lib/python3.7/site-packages/airflow/example_dags/example_subdag_operator.py for tasks to queue
[2023-08-03T22:46:11.592+0000] {logging_mixin.py:150} INFO - [2023-08-03T22:46:11.591+0000] {dagbag.py:541} INFO - Filling up the DagBag from /home/airflow/.local/lib/python3.7/site-packages/airflow/example_dags/example_subdag_operator.py
[2023-08-03T22:46:11.620+0000] {processor.py:836} INFO - DAG(s) dict_keys(['example_subdag_operator.section-1', 'example_subdag_operator.section-2', 'example_subdag_operator']) retrieved from /home/airflow/.local/lib/python3.7/site-packages/airflow/example_dags/example_subdag_operator.py
[2023-08-03T22:46:11.640+0000] {logging_mixin.py:150} INFO - [2023-08-03T22:46:11.640+0000] {dag.py:2742} INFO - Sync 3 DAGs
[2023-08-03T22:46:11.675+0000] {logging_mixin.py:150} INFO - [2023-08-03T22:46:11.674+0000] {dag.py:3508} INFO - Setting next_dagrun for example_subdag_operator to 2022-01-01T00:00:00+00:00, run_after=2022-01-01T00:00:00+00:00
[2023-08-03T22:46:11.687+0000] {logging_mixin.py:150} INFO - [2023-08-03T22:46:11.686+0000] {dag.py:3508} INFO - Setting next_dagrun for example_subdag_operator.section-1 to None, run_after=None
[2023-08-03T22:46:11.711+0000] {logging_mixin.py:150} INFO - [2023-08-03T22:46:11.711+0000] {dag.py:3508} INFO - Setting next_dagrun for example_subdag_operator.section-2 to None, run_after=None
[2023-08-03T22:46:11.723+0000] {logging_mixin.py:150} INFO - [2023-08-03T22:46:11.723+0000] {dag.py:2742} INFO - Sync 2 DAGs
[2023-08-03T22:46:11.729+0000] {logging_mixin.py:150} INFO - [2023-08-03T22:46:11.729+0000] {dag.py:3508} INFO - Setting next_dagrun for example_subdag_operator.section-1 to None, run_after=None
[2023-08-03T22:46:11.730+0000] {logging_mixin.py:150} INFO - [2023-08-03T22:46:11.730+0000] {dag.py:3508} INFO - Setting next_dagrun for example_subdag_operator.section-2 to None, run_after=None
[2023-08-03T22:46:11.741+0000] {processor.py:179} INFO - Processing /home/airflow/.local/lib/python3.7/site-packages/airflow/example_dags/example_subdag_operator.py took 0.156 seconds
[2023-08-03T23:58:32.078+0000] {processor.py:157} INFO - Started process (PID=3600) to work on /home/airflow/.local/lib/python3.7/site-packages/airflow/example_dags/example_subdag_operator.py
[2023-08-03T23:58:32.081+0000] {processor.py:826} INFO - Processing file /home/airflow/.local/lib/python3.7/site-packages/airflow/example_dags/example_subdag_operator.py for tasks to queue
[2023-08-03T23:58:32.083+0000] {logging_mixin.py:150} INFO - [2023-08-03T23:58:32.082+0000] {dagbag.py:541} INFO - Filling up the DagBag from /home/airflow/.local/lib/python3.7/site-packages/airflow/example_dags/example_subdag_operator.py
[2023-08-03T23:58:32.114+0000] {processor.py:836} INFO - DAG(s) dict_keys(['example_subdag_operator.section-1', 'example_subdag_operator.section-2', 'example_subdag_operator']) retrieved from /home/airflow/.local/lib/python3.7/site-packages/airflow/example_dags/example_subdag_operator.py
[2023-08-03T23:58:32.133+0000] {logging_mixin.py:150} INFO - [2023-08-03T23:58:32.133+0000] {dag.py:2742} INFO - Sync 3 DAGs
[2023-08-03T23:58:32.159+0000] {logging_mixin.py:150} INFO - [2023-08-03T23:58:32.159+0000] {dag.py:3508} INFO - Setting next_dagrun for example_subdag_operator to 2022-01-01T00:00:00+00:00, run_after=2022-01-01T00:00:00+00:00
[2023-08-03T23:58:32.167+0000] {logging_mixin.py:150} INFO - [2023-08-03T23:58:32.166+0000] {dag.py:3508} INFO - Setting next_dagrun for example_subdag_operator.section-1 to None, run_after=None
[2023-08-03T23:58:32.170+0000] {logging_mixin.py:150} INFO - [2023-08-03T23:58:32.170+0000] {dag.py:3508} INFO - Setting next_dagrun for example_subdag_operator.section-2 to None, run_after=None
[2023-08-03T23:58:32.185+0000] {logging_mixin.py:150} INFO - [2023-08-03T23:58:32.184+0000] {dag.py:2742} INFO - Sync 2 DAGs
[2023-08-03T23:58:32.201+0000] {logging_mixin.py:150} INFO - [2023-08-03T23:58:32.201+0000] {dag.py:3508} INFO - Setting next_dagrun for example_subdag_operator.section-1 to None, run_after=None
[2023-08-03T23:58:32.203+0000] {logging_mixin.py:150} INFO - [2023-08-03T23:58:32.203+0000] {dag.py:3508} INFO - Setting next_dagrun for example_subdag_operator.section-2 to None, run_after=None
[2023-08-03T23:58:32.221+0000] {processor.py:179} INFO - Processing /home/airflow/.local/lib/python3.7/site-packages/airflow/example_dags/example_subdag_operator.py took 0.147 seconds
[2023-08-03T23:59:03.055+0000] {processor.py:157} INFO - Started process (PID=3657) to work on /home/airflow/.local/lib/python3.7/site-packages/airflow/example_dags/example_subdag_operator.py
[2023-08-03T23:59:03.057+0000] {processor.py:826} INFO - Processing file /home/airflow/.local/lib/python3.7/site-packages/airflow/example_dags/example_subdag_operator.py for tasks to queue
[2023-08-03T23:59:03.058+0000] {logging_mixin.py:150} INFO - [2023-08-03T23:59:03.058+0000] {dagbag.py:541} INFO - Filling up the DagBag from /home/airflow/.local/lib/python3.7/site-packages/airflow/example_dags/example_subdag_operator.py
[2023-08-03T23:59:03.079+0000] {processor.py:836} INFO - DAG(s) dict_keys(['example_subdag_operator.section-1', 'example_subdag_operator.section-2', 'example_subdag_operator']) retrieved from /home/airflow/.local/lib/python3.7/site-packages/airflow/example_dags/example_subdag_operator.py
[2023-08-03T23:59:03.094+0000] {logging_mixin.py:150} INFO - [2023-08-03T23:59:03.094+0000] {dag.py:2742} INFO - Sync 3 DAGs
[2023-08-03T23:59:03.118+0000] {logging_mixin.py:150} INFO - [2023-08-03T23:59:03.118+0000] {dag.py:3508} INFO - Setting next_dagrun for example_subdag_operator to 2022-01-01T00:00:00+00:00, run_after=2022-01-01T00:00:00+00:00
[2023-08-03T23:59:03.122+0000] {logging_mixin.py:150} INFO - [2023-08-03T23:59:03.122+0000] {dag.py:3508} INFO - Setting next_dagrun for example_subdag_operator.section-1 to None, run_after=None
[2023-08-03T23:59:03.123+0000] {logging_mixin.py:150} INFO - [2023-08-03T23:59:03.123+0000] {dag.py:3508} INFO - Setting next_dagrun for example_subdag_operator.section-2 to None, run_after=None
[2023-08-03T23:59:03.131+0000] {logging_mixin.py:150} INFO - [2023-08-03T23:59:03.131+0000] {dag.py:2742} INFO - Sync 2 DAGs
[2023-08-03T23:59:03.136+0000] {logging_mixin.py:150} INFO - [2023-08-03T23:59:03.136+0000] {dag.py:3508} INFO - Setting next_dagrun for example_subdag_operator.section-1 to None, run_after=None
[2023-08-03T23:59:03.137+0000] {logging_mixin.py:150} INFO - [2023-08-03T23:59:03.137+0000] {dag.py:3508} INFO - Setting next_dagrun for example_subdag_operator.section-2 to None, run_after=None
[2023-08-03T23:59:03.147+0000] {processor.py:179} INFO - Processing /home/airflow/.local/lib/python3.7/site-packages/airflow/example_dags/example_subdag_operator.py took 0.095 seconds
[2023-08-03T23:59:33.230+0000] {processor.py:157} INFO - Started process (PID=3715) to work on /home/airflow/.local/lib/python3.7/site-packages/airflow/example_dags/example_subdag_operator.py
[2023-08-03T23:59:33.232+0000] {processor.py:826} INFO - Processing file /home/airflow/.local/lib/python3.7/site-packages/airflow/example_dags/example_subdag_operator.py for tasks to queue
[2023-08-03T23:59:33.233+0000] {logging_mixin.py:150} INFO - [2023-08-03T23:59:33.233+0000] {dagbag.py:541} INFO - Filling up the DagBag from /home/airflow/.local/lib/python3.7/site-packages/airflow/example_dags/example_subdag_operator.py
[2023-08-03T23:59:33.259+0000] {processor.py:836} INFO - DAG(s) dict_keys(['example_subdag_operator.section-1', 'example_subdag_operator.section-2', 'example_subdag_operator']) retrieved from /home/airflow/.local/lib/python3.7/site-packages/airflow/example_dags/example_subdag_operator.py
[2023-08-03T23:59:33.276+0000] {logging_mixin.py:150} INFO - [2023-08-03T23:59:33.276+0000] {dag.py:2742} INFO - Sync 3 DAGs
[2023-08-03T23:59:33.298+0000] {logging_mixin.py:150} INFO - [2023-08-03T23:59:33.298+0000] {dag.py:3508} INFO - Setting next_dagrun for example_subdag_operator to 2022-01-01T00:00:00+00:00, run_after=2022-01-01T00:00:00+00:00
[2023-08-03T23:59:33.302+0000] {logging_mixin.py:150} INFO - [2023-08-03T23:59:33.302+0000] {dag.py:3508} INFO - Setting next_dagrun for example_subdag_operator.section-1 to None, run_after=None
[2023-08-03T23:59:33.304+0000] {logging_mixin.py:150} INFO - [2023-08-03T23:59:33.304+0000] {dag.py:3508} INFO - Setting next_dagrun for example_subdag_operator.section-2 to None, run_after=None
[2023-08-03T23:59:33.311+0000] {logging_mixin.py:150} INFO - [2023-08-03T23:59:33.311+0000] {dag.py:2742} INFO - Sync 2 DAGs
[2023-08-03T23:59:33.315+0000] {logging_mixin.py:150} INFO - [2023-08-03T23:59:33.315+0000] {dag.py:3508} INFO - Setting next_dagrun for example_subdag_operator.section-1 to None, run_after=None
[2023-08-03T23:59:33.317+0000] {logging_mixin.py:150} INFO - [2023-08-03T23:59:33.317+0000] {dag.py:3508} INFO - Setting next_dagrun for example_subdag_operator.section-2 to None, run_after=None
[2023-08-03T23:59:33.328+0000] {processor.py:179} INFO - Processing /home/airflow/.local/lib/python3.7/site-packages/airflow/example_dags/example_subdag_operator.py took 0.102 seconds
