[2023-08-03T01:04:27.123+0000] {processor.py:157} INFO - Started process (PID=2721) to work on /home/airflow/.local/lib/python3.7/site-packages/airflow/example_dags/example_sensors.py
[2023-08-03T01:04:27.133+0000] {processor.py:826} INFO - Processing file /home/airflow/.local/lib/python3.7/site-packages/airflow/example_dags/example_sensors.py for tasks to queue
[2023-08-03T01:04:27.138+0000] {logging_mixin.py:150} INFO - [2023-08-03T01:04:27.137+0000] {dagbag.py:541} INFO - Filling up the DagBag from /home/airflow/.local/lib/python3.7/site-packages/airflow/example_dags/example_sensors.py
[2023-08-03T01:04:27.172+0000] {processor.py:836} INFO - DAG(s) dict_keys(['example_sensors']) retrieved from /home/airflow/.local/lib/python3.7/site-packages/airflow/example_dags/example_sensors.py
[2023-08-03T01:04:27.245+0000] {logging_mixin.py:150} INFO - [2023-08-03T01:04:27.245+0000] {dag.py:2742} INFO - Sync 1 DAGs
[2023-08-03T01:04:27.297+0000] {logging_mixin.py:150} INFO - [2023-08-03T01:04:27.297+0000] {dag.py:3508} INFO - Setting next_dagrun for example_sensors to None, run_after=None
[2023-08-03T01:04:27.350+0000] {processor.py:179} INFO - Processing /home/airflow/.local/lib/python3.7/site-packages/airflow/example_dags/example_sensors.py took 0.235 seconds
[2023-08-03T02:27:39.803+0000] {processor.py:157} INFO - Started process (PID=2778) to work on /home/airflow/.local/lib/python3.7/site-packages/airflow/example_dags/example_sensors.py
[2023-08-03T02:27:39.806+0000] {processor.py:826} INFO - Processing file /home/airflow/.local/lib/python3.7/site-packages/airflow/example_dags/example_sensors.py for tasks to queue
[2023-08-03T02:27:39.808+0000] {logging_mixin.py:150} INFO - [2023-08-03T02:27:39.807+0000] {dagbag.py:541} INFO - Filling up the DagBag from /home/airflow/.local/lib/python3.7/site-packages/airflow/example_dags/example_sensors.py
[2023-08-03T02:27:39.824+0000] {processor.py:836} INFO - DAG(s) dict_keys(['example_sensors']) retrieved from /home/airflow/.local/lib/python3.7/site-packages/airflow/example_dags/example_sensors.py
[2023-08-03T02:27:39.877+0000] {logging_mixin.py:150} INFO - [2023-08-03T02:27:39.876+0000] {dag.py:2742} INFO - Sync 1 DAGs
[2023-08-03T02:27:39.907+0000] {logging_mixin.py:150} INFO - [2023-08-03T02:27:39.906+0000] {dag.py:3508} INFO - Setting next_dagrun for example_sensors to None, run_after=None
[2023-08-03T02:27:39.930+0000] {processor.py:179} INFO - Processing /home/airflow/.local/lib/python3.7/site-packages/airflow/example_dags/example_sensors.py took 0.131 seconds
[2023-08-03T04:08:03.506+0000] {processor.py:157} INFO - Started process (PID=2835) to work on /home/airflow/.local/lib/python3.7/site-packages/airflow/example_dags/example_sensors.py
[2023-08-03T04:08:03.508+0000] {processor.py:826} INFO - Processing file /home/airflow/.local/lib/python3.7/site-packages/airflow/example_dags/example_sensors.py for tasks to queue
[2023-08-03T04:08:03.509+0000] {logging_mixin.py:150} INFO - [2023-08-03T04:08:03.508+0000] {dagbag.py:541} INFO - Filling up the DagBag from /home/airflow/.local/lib/python3.7/site-packages/airflow/example_dags/example_sensors.py
[2023-08-03T04:08:03.517+0000] {processor.py:836} INFO - DAG(s) dict_keys(['example_sensors']) retrieved from /home/airflow/.local/lib/python3.7/site-packages/airflow/example_dags/example_sensors.py
[2023-08-03T04:08:03.546+0000] {logging_mixin.py:150} INFO - [2023-08-03T04:08:03.546+0000] {dag.py:2742} INFO - Sync 1 DAGs
[2023-08-03T04:08:03.564+0000] {logging_mixin.py:150} INFO - [2023-08-03T04:08:03.564+0000] {dag.py:3508} INFO - Setting next_dagrun for example_sensors to None, run_after=None
[2023-08-03T04:08:03.577+0000] {processor.py:179} INFO - Processing /home/airflow/.local/lib/python3.7/site-packages/airflow/example_dags/example_sensors.py took 0.074 seconds
[2023-08-03T05:31:52.416+0000] {processor.py:157} INFO - Started process (PID=2892) to work on /home/airflow/.local/lib/python3.7/site-packages/airflow/example_dags/example_sensors.py
[2023-08-03T05:31:52.422+0000] {processor.py:826} INFO - Processing file /home/airflow/.local/lib/python3.7/site-packages/airflow/example_dags/example_sensors.py for tasks to queue
[2023-08-03T05:31:52.434+0000] {logging_mixin.py:150} INFO - [2023-08-03T05:31:52.434+0000] {dagbag.py:541} INFO - Filling up the DagBag from /home/airflow/.local/lib/python3.7/site-packages/airflow/example_dags/example_sensors.py
[2023-08-03T05:31:52.454+0000] {processor.py:836} INFO - DAG(s) dict_keys(['example_sensors']) retrieved from /home/airflow/.local/lib/python3.7/site-packages/airflow/example_dags/example_sensors.py
[2023-08-03T05:31:52.507+0000] {logging_mixin.py:150} INFO - [2023-08-03T05:31:52.507+0000] {dag.py:2742} INFO - Sync 1 DAGs
[2023-08-03T05:31:52.533+0000] {logging_mixin.py:150} INFO - [2023-08-03T05:31:52.533+0000] {dag.py:3508} INFO - Setting next_dagrun for example_sensors to None, run_after=None
[2023-08-03T05:31:52.552+0000] {processor.py:179} INFO - Processing /home/airflow/.local/lib/python3.7/site-packages/airflow/example_dags/example_sensors.py took 0.145 seconds
[2023-08-03T07:13:13.630+0000] {processor.py:157} INFO - Started process (PID=2949) to work on /home/airflow/.local/lib/python3.7/site-packages/airflow/example_dags/example_sensors.py
[2023-08-03T07:13:13.633+0000] {processor.py:826} INFO - Processing file /home/airflow/.local/lib/python3.7/site-packages/airflow/example_dags/example_sensors.py for tasks to queue
[2023-08-03T07:13:13.649+0000] {logging_mixin.py:150} INFO - [2023-08-03T07:13:13.648+0000] {dagbag.py:541} INFO - Filling up the DagBag from /home/airflow/.local/lib/python3.7/site-packages/airflow/example_dags/example_sensors.py
[2023-08-03T07:13:13.672+0000] {processor.py:836} INFO - DAG(s) dict_keys(['example_sensors']) retrieved from /home/airflow/.local/lib/python3.7/site-packages/airflow/example_dags/example_sensors.py
[2023-08-03T07:13:13.744+0000] {logging_mixin.py:150} INFO - [2023-08-03T07:13:13.744+0000] {dag.py:2742} INFO - Sync 1 DAGs
[2023-08-03T07:13:13.797+0000] {logging_mixin.py:150} INFO - [2023-08-03T07:13:13.797+0000] {dag.py:3508} INFO - Setting next_dagrun for example_sensors to None, run_after=None
[2023-08-03T07:13:13.846+0000] {processor.py:179} INFO - Processing /home/airflow/.local/lib/python3.7/site-packages/airflow/example_dags/example_sensors.py took 0.219 seconds
[2023-08-03T08:54:04.962+0000] {processor.py:157} INFO - Started process (PID=3006) to work on /home/airflow/.local/lib/python3.7/site-packages/airflow/example_dags/example_sensors.py
[2023-08-03T08:54:04.968+0000] {processor.py:826} INFO - Processing file /home/airflow/.local/lib/python3.7/site-packages/airflow/example_dags/example_sensors.py for tasks to queue
[2023-08-03T08:54:04.973+0000] {logging_mixin.py:150} INFO - [2023-08-03T08:54:04.972+0000] {dagbag.py:541} INFO - Filling up the DagBag from /home/airflow/.local/lib/python3.7/site-packages/airflow/example_dags/example_sensors.py
[2023-08-03T08:54:05.002+0000] {processor.py:836} INFO - DAG(s) dict_keys(['example_sensors']) retrieved from /home/airflow/.local/lib/python3.7/site-packages/airflow/example_dags/example_sensors.py
[2023-08-03T08:54:05.031+0000] {logging_mixin.py:150} INFO - [2023-08-03T08:54:05.031+0000] {dag.py:2742} INFO - Sync 1 DAGs
[2023-08-03T08:54:05.055+0000] {logging_mixin.py:150} INFO - [2023-08-03T08:54:05.054+0000] {dag.py:3508} INFO - Setting next_dagrun for example_sensors to None, run_after=None
[2023-08-03T08:54:05.072+0000] {processor.py:179} INFO - Processing /home/airflow/.local/lib/python3.7/site-packages/airflow/example_dags/example_sensors.py took 0.115 seconds
[2023-08-03T10:17:21.705+0000] {processor.py:157} INFO - Started process (PID=3063) to work on /home/airflow/.local/lib/python3.7/site-packages/airflow/example_dags/example_sensors.py
[2023-08-03T10:17:21.711+0000] {processor.py:826} INFO - Processing file /home/airflow/.local/lib/python3.7/site-packages/airflow/example_dags/example_sensors.py for tasks to queue
[2023-08-03T10:17:21.714+0000] {logging_mixin.py:150} INFO - [2023-08-03T10:17:21.713+0000] {dagbag.py:541} INFO - Filling up the DagBag from /home/airflow/.local/lib/python3.7/site-packages/airflow/example_dags/example_sensors.py
[2023-08-03T10:17:21.743+0000] {processor.py:836} INFO - DAG(s) dict_keys(['example_sensors']) retrieved from /home/airflow/.local/lib/python3.7/site-packages/airflow/example_dags/example_sensors.py
[2023-08-03T10:17:21.820+0000] {logging_mixin.py:150} INFO - [2023-08-03T10:17:21.819+0000] {dag.py:2742} INFO - Sync 1 DAGs
[2023-08-03T10:17:21.879+0000] {logging_mixin.py:150} INFO - [2023-08-03T10:17:21.879+0000] {dag.py:3508} INFO - Setting next_dagrun for example_sensors to None, run_after=None
[2023-08-03T10:17:21.911+0000] {processor.py:179} INFO - Processing /home/airflow/.local/lib/python3.7/site-packages/airflow/example_dags/example_sensors.py took 0.231 seconds
[2023-08-03T11:56:07.217+0000] {processor.py:157} INFO - Started process (PID=3121) to work on /home/airflow/.local/lib/python3.7/site-packages/airflow/example_dags/example_sensors.py
[2023-08-03T11:56:07.219+0000] {processor.py:826} INFO - Processing file /home/airflow/.local/lib/python3.7/site-packages/airflow/example_dags/example_sensors.py for tasks to queue
[2023-08-03T11:56:07.221+0000] {logging_mixin.py:150} INFO - [2023-08-03T11:56:07.221+0000] {dagbag.py:541} INFO - Filling up the DagBag from /home/airflow/.local/lib/python3.7/site-packages/airflow/example_dags/example_sensors.py
[2023-08-03T11:56:07.230+0000] {processor.py:836} INFO - DAG(s) dict_keys(['example_sensors']) retrieved from /home/airflow/.local/lib/python3.7/site-packages/airflow/example_dags/example_sensors.py
[2023-08-03T11:56:07.271+0000] {logging_mixin.py:150} INFO - [2023-08-03T11:56:07.271+0000] {dag.py:2742} INFO - Sync 1 DAGs
[2023-08-03T11:56:07.296+0000] {logging_mixin.py:150} INFO - [2023-08-03T11:56:07.296+0000] {dag.py:3508} INFO - Setting next_dagrun for example_sensors to None, run_after=None
[2023-08-03T11:56:07.317+0000] {processor.py:179} INFO - Processing /home/airflow/.local/lib/python3.7/site-packages/airflow/example_dags/example_sensors.py took 0.104 seconds
[2023-08-03T13:18:47.328+0000] {processor.py:157} INFO - Started process (PID=3178) to work on /home/airflow/.local/lib/python3.7/site-packages/airflow/example_dags/example_sensors.py
[2023-08-03T13:18:47.332+0000] {processor.py:826} INFO - Processing file /home/airflow/.local/lib/python3.7/site-packages/airflow/example_dags/example_sensors.py for tasks to queue
[2023-08-03T13:18:47.344+0000] {logging_mixin.py:150} INFO - [2023-08-03T13:18:47.343+0000] {dagbag.py:541} INFO - Filling up the DagBag from /home/airflow/.local/lib/python3.7/site-packages/airflow/example_dags/example_sensors.py
[2023-08-03T13:18:47.380+0000] {processor.py:836} INFO - DAG(s) dict_keys(['example_sensors']) retrieved from /home/airflow/.local/lib/python3.7/site-packages/airflow/example_dags/example_sensors.py
[2023-08-03T13:18:47.464+0000] {logging_mixin.py:150} INFO - [2023-08-03T13:18:47.463+0000] {dag.py:2742} INFO - Sync 1 DAGs
[2023-08-03T13:18:47.514+0000] {logging_mixin.py:150} INFO - [2023-08-03T13:18:47.514+0000] {dag.py:3508} INFO - Setting next_dagrun for example_sensors to None, run_after=None
[2023-08-03T13:18:47.581+0000] {processor.py:179} INFO - Processing /home/airflow/.local/lib/python3.7/site-packages/airflow/example_dags/example_sensors.py took 0.261 seconds
[2023-08-03T15:00:02.526+0000] {processor.py:157} INFO - Started process (PID=3234) to work on /home/airflow/.local/lib/python3.7/site-packages/airflow/example_dags/example_sensors.py
[2023-08-03T15:00:02.530+0000] {processor.py:826} INFO - Processing file /home/airflow/.local/lib/python3.7/site-packages/airflow/example_dags/example_sensors.py for tasks to queue
[2023-08-03T15:00:02.532+0000] {logging_mixin.py:150} INFO - [2023-08-03T15:00:02.532+0000] {dagbag.py:541} INFO - Filling up the DagBag from /home/airflow/.local/lib/python3.7/site-packages/airflow/example_dags/example_sensors.py
[2023-08-03T15:00:02.574+0000] {processor.py:836} INFO - DAG(s) dict_keys(['example_sensors']) retrieved from /home/airflow/.local/lib/python3.7/site-packages/airflow/example_dags/example_sensors.py
[2023-08-03T15:00:02.631+0000] {logging_mixin.py:150} INFO - [2023-08-03T15:00:02.630+0000] {dag.py:2742} INFO - Sync 1 DAGs
[2023-08-03T15:00:02.734+0000] {logging_mixin.py:150} INFO - [2023-08-03T15:00:02.734+0000] {dag.py:3508} INFO - Setting next_dagrun for example_sensors to None, run_after=None
[2023-08-03T15:00:02.764+0000] {processor.py:179} INFO - Processing /home/airflow/.local/lib/python3.7/site-packages/airflow/example_dags/example_sensors.py took 0.254 seconds
[2023-08-03T16:41:33.863+0000] {processor.py:157} INFO - Started process (PID=3291) to work on /home/airflow/.local/lib/python3.7/site-packages/airflow/example_dags/example_sensors.py
[2023-08-03T16:41:33.871+0000] {processor.py:826} INFO - Processing file /home/airflow/.local/lib/python3.7/site-packages/airflow/example_dags/example_sensors.py for tasks to queue
[2023-08-03T16:41:33.874+0000] {logging_mixin.py:150} INFO - [2023-08-03T16:41:33.873+0000] {dagbag.py:541} INFO - Filling up the DagBag from /home/airflow/.local/lib/python3.7/site-packages/airflow/example_dags/example_sensors.py
[2023-08-03T16:41:33.910+0000] {processor.py:836} INFO - DAG(s) dict_keys(['example_sensors']) retrieved from /home/airflow/.local/lib/python3.7/site-packages/airflow/example_dags/example_sensors.py
[2023-08-03T16:41:33.965+0000] {logging_mixin.py:150} INFO - [2023-08-03T16:41:33.965+0000] {dag.py:2742} INFO - Sync 1 DAGs
[2023-08-03T16:41:34.020+0000] {logging_mixin.py:150} INFO - [2023-08-03T16:41:34.020+0000] {dag.py:3508} INFO - Setting next_dagrun for example_sensors to None, run_after=None
[2023-08-03T16:41:34.070+0000] {processor.py:179} INFO - Processing /home/airflow/.local/lib/python3.7/site-packages/airflow/example_dags/example_sensors.py took 0.222 seconds
[2023-08-03T18:02:59.736+0000] {processor.py:157} INFO - Started process (PID=3347) to work on /home/airflow/.local/lib/python3.7/site-packages/airflow/example_dags/example_sensors.py
[2023-08-03T18:02:59.739+0000] {processor.py:826} INFO - Processing file /home/airflow/.local/lib/python3.7/site-packages/airflow/example_dags/example_sensors.py for tasks to queue
[2023-08-03T18:02:59.746+0000] {logging_mixin.py:150} INFO - [2023-08-03T18:02:59.746+0000] {dagbag.py:541} INFO - Filling up the DagBag from /home/airflow/.local/lib/python3.7/site-packages/airflow/example_dags/example_sensors.py
[2023-08-03T18:02:59.756+0000] {processor.py:836} INFO - DAG(s) dict_keys(['example_sensors']) retrieved from /home/airflow/.local/lib/python3.7/site-packages/airflow/example_dags/example_sensors.py
[2023-08-03T18:02:59.786+0000] {logging_mixin.py:150} INFO - [2023-08-03T18:02:59.786+0000] {dag.py:2742} INFO - Sync 1 DAGs
[2023-08-03T18:02:59.810+0000] {logging_mixin.py:150} INFO - [2023-08-03T18:02:59.810+0000] {dag.py:3508} INFO - Setting next_dagrun for example_sensors to None, run_after=None
[2023-08-03T18:02:59.828+0000] {processor.py:179} INFO - Processing /home/airflow/.local/lib/python3.7/site-packages/airflow/example_dags/example_sensors.py took 0.096 seconds
[2023-08-03T19:44:21.525+0000] {processor.py:157} INFO - Started process (PID=3404) to work on /home/airflow/.local/lib/python3.7/site-packages/airflow/example_dags/example_sensors.py
[2023-08-03T19:44:21.527+0000] {processor.py:826} INFO - Processing file /home/airflow/.local/lib/python3.7/site-packages/airflow/example_dags/example_sensors.py for tasks to queue
[2023-08-03T19:44:21.528+0000] {logging_mixin.py:150} INFO - [2023-08-03T19:44:21.528+0000] {dagbag.py:541} INFO - Filling up the DagBag from /home/airflow/.local/lib/python3.7/site-packages/airflow/example_dags/example_sensors.py
[2023-08-03T19:44:21.537+0000] {processor.py:836} INFO - DAG(s) dict_keys(['example_sensors']) retrieved from /home/airflow/.local/lib/python3.7/site-packages/airflow/example_dags/example_sensors.py
[2023-08-03T19:44:21.563+0000] {logging_mixin.py:150} INFO - [2023-08-03T19:44:21.563+0000] {dag.py:2742} INFO - Sync 1 DAGs
[2023-08-03T19:44:21.582+0000] {logging_mixin.py:150} INFO - [2023-08-03T19:44:21.582+0000] {dag.py:3508} INFO - Setting next_dagrun for example_sensors to None, run_after=None
[2023-08-03T19:44:21.601+0000] {processor.py:179} INFO - Processing /home/airflow/.local/lib/python3.7/site-packages/airflow/example_dags/example_sensors.py took 0.079 seconds
[2023-08-03T21:07:11.830+0000] {processor.py:157} INFO - Started process (PID=3461) to work on /home/airflow/.local/lib/python3.7/site-packages/airflow/example_dags/example_sensors.py
[2023-08-03T21:07:11.841+0000] {processor.py:826} INFO - Processing file /home/airflow/.local/lib/python3.7/site-packages/airflow/example_dags/example_sensors.py for tasks to queue
[2023-08-03T21:07:11.843+0000] {logging_mixin.py:150} INFO - [2023-08-03T21:07:11.843+0000] {dagbag.py:541} INFO - Filling up the DagBag from /home/airflow/.local/lib/python3.7/site-packages/airflow/example_dags/example_sensors.py
[2023-08-03T21:07:11.855+0000] {processor.py:836} INFO - DAG(s) dict_keys(['example_sensors']) retrieved from /home/airflow/.local/lib/python3.7/site-packages/airflow/example_dags/example_sensors.py
[2023-08-03T21:07:11.890+0000] {logging_mixin.py:150} INFO - [2023-08-03T21:07:11.890+0000] {dag.py:2742} INFO - Sync 1 DAGs
[2023-08-03T21:07:11.945+0000] {logging_mixin.py:150} INFO - [2023-08-03T21:07:11.944+0000] {dag.py:3508} INFO - Setting next_dagrun for example_sensors to None, run_after=None
[2023-08-03T21:07:11.964+0000] {processor.py:179} INFO - Processing /home/airflow/.local/lib/python3.7/site-packages/airflow/example_dags/example_sensors.py took 0.140 seconds
[2023-08-03T22:46:09.242+0000] {processor.py:157} INFO - Started process (PID=3518) to work on /home/airflow/.local/lib/python3.7/site-packages/airflow/example_dags/example_sensors.py
[2023-08-03T22:46:09.247+0000] {processor.py:826} INFO - Processing file /home/airflow/.local/lib/python3.7/site-packages/airflow/example_dags/example_sensors.py for tasks to queue
[2023-08-03T22:46:09.250+0000] {logging_mixin.py:150} INFO - [2023-08-03T22:46:09.250+0000] {dagbag.py:541} INFO - Filling up the DagBag from /home/airflow/.local/lib/python3.7/site-packages/airflow/example_dags/example_sensors.py
[2023-08-03T22:46:09.261+0000] {processor.py:836} INFO - DAG(s) dict_keys(['example_sensors']) retrieved from /home/airflow/.local/lib/python3.7/site-packages/airflow/example_dags/example_sensors.py
[2023-08-03T22:46:09.289+0000] {logging_mixin.py:150} INFO - [2023-08-03T22:46:09.289+0000] {dag.py:2742} INFO - Sync 1 DAGs
[2023-08-03T22:46:09.308+0000] {logging_mixin.py:150} INFO - [2023-08-03T22:46:09.307+0000] {dag.py:3508} INFO - Setting next_dagrun for example_sensors to None, run_after=None
[2023-08-03T22:46:09.332+0000] {processor.py:179} INFO - Processing /home/airflow/.local/lib/python3.7/site-packages/airflow/example_dags/example_sensors.py took 0.094 seconds
[2023-08-03T23:58:29.370+0000] {processor.py:157} INFO - Started process (PID=3574) to work on /home/airflow/.local/lib/python3.7/site-packages/airflow/example_dags/example_sensors.py
[2023-08-03T23:58:29.373+0000] {processor.py:826} INFO - Processing file /home/airflow/.local/lib/python3.7/site-packages/airflow/example_dags/example_sensors.py for tasks to queue
[2023-08-03T23:58:29.375+0000] {logging_mixin.py:150} INFO - [2023-08-03T23:58:29.374+0000] {dagbag.py:541} INFO - Filling up the DagBag from /home/airflow/.local/lib/python3.7/site-packages/airflow/example_dags/example_sensors.py
[2023-08-03T23:58:29.384+0000] {processor.py:836} INFO - DAG(s) dict_keys(['example_sensors']) retrieved from /home/airflow/.local/lib/python3.7/site-packages/airflow/example_dags/example_sensors.py
[2023-08-03T23:58:29.410+0000] {logging_mixin.py:150} INFO - [2023-08-03T23:58:29.410+0000] {dag.py:2742} INFO - Sync 1 DAGs
[2023-08-03T23:58:29.429+0000] {logging_mixin.py:150} INFO - [2023-08-03T23:58:29.428+0000] {dag.py:3508} INFO - Setting next_dagrun for example_sensors to None, run_after=None
[2023-08-03T23:58:29.443+0000] {processor.py:179} INFO - Processing /home/airflow/.local/lib/python3.7/site-packages/airflow/example_dags/example_sensors.py took 0.075 seconds
[2023-08-03T23:58:59.945+0000] {processor.py:157} INFO - Started process (PID=3631) to work on /home/airflow/.local/lib/python3.7/site-packages/airflow/example_dags/example_sensors.py
[2023-08-03T23:58:59.950+0000] {processor.py:826} INFO - Processing file /home/airflow/.local/lib/python3.7/site-packages/airflow/example_dags/example_sensors.py for tasks to queue
[2023-08-03T23:58:59.952+0000] {logging_mixin.py:150} INFO - [2023-08-03T23:58:59.951+0000] {dagbag.py:541} INFO - Filling up the DagBag from /home/airflow/.local/lib/python3.7/site-packages/airflow/example_dags/example_sensors.py
[2023-08-03T23:58:59.962+0000] {processor.py:836} INFO - DAG(s) dict_keys(['example_sensors']) retrieved from /home/airflow/.local/lib/python3.7/site-packages/airflow/example_dags/example_sensors.py
[2023-08-03T23:58:59.994+0000] {logging_mixin.py:150} INFO - [2023-08-03T23:58:59.994+0000] {dag.py:2742} INFO - Sync 1 DAGs
[2023-08-03T23:59:00.015+0000] {logging_mixin.py:150} INFO - [2023-08-03T23:59:00.014+0000] {dag.py:3508} INFO - Setting next_dagrun for example_sensors to None, run_after=None
[2023-08-03T23:59:00.032+0000] {processor.py:179} INFO - Processing /home/airflow/.local/lib/python3.7/site-packages/airflow/example_dags/example_sensors.py took 0.091 seconds
[2023-08-03T23:59:30.993+0000] {processor.py:157} INFO - Started process (PID=3689) to work on /home/airflow/.local/lib/python3.7/site-packages/airflow/example_dags/example_sensors.py
[2023-08-03T23:59:30.996+0000] {processor.py:826} INFO - Processing file /home/airflow/.local/lib/python3.7/site-packages/airflow/example_dags/example_sensors.py for tasks to queue
[2023-08-03T23:59:31.066+0000] {logging_mixin.py:150} INFO - [2023-08-03T23:59:31.065+0000] {dagbag.py:541} INFO - Filling up the DagBag from /home/airflow/.local/lib/python3.7/site-packages/airflow/example_dags/example_sensors.py
[2023-08-03T23:59:31.075+0000] {processor.py:836} INFO - DAG(s) dict_keys(['example_sensors']) retrieved from /home/airflow/.local/lib/python3.7/site-packages/airflow/example_dags/example_sensors.py
[2023-08-03T23:59:31.101+0000] {logging_mixin.py:150} INFO - [2023-08-03T23:59:31.101+0000] {dag.py:2742} INFO - Sync 1 DAGs
[2023-08-03T23:59:31.118+0000] {logging_mixin.py:150} INFO - [2023-08-03T23:59:31.118+0000] {dag.py:3508} INFO - Setting next_dagrun for example_sensors to None, run_after=None
[2023-08-03T23:59:31.130+0000] {processor.py:179} INFO - Processing /home/airflow/.local/lib/python3.7/site-packages/airflow/example_dags/example_sensors.py took 0.142 seconds
