[2023-08-03T01:04:28.327+0000] {processor.py:157} INFO - Started process (PID=2729) to work on /home/airflow/.local/lib/python3.7/site-packages/airflow/example_dags/example_latest_only_with_trigger.py
[2023-08-03T01:04:28.329+0000] {processor.py:826} INFO - Processing file /home/airflow/.local/lib/python3.7/site-packages/airflow/example_dags/example_latest_only_with_trigger.py for tasks to queue
[2023-08-03T01:04:28.331+0000] {logging_mixin.py:150} INFO - [2023-08-03T01:04:28.331+0000] {dagbag.py:541} INFO - Filling up the DagBag from /home/airflow/.local/lib/python3.7/site-packages/airflow/example_dags/example_latest_only_with_trigger.py
[2023-08-03T01:04:28.339+0000] {processor.py:836} INFO - DAG(s) dict_keys(['latest_only_with_trigger']) retrieved from /home/airflow/.local/lib/python3.7/site-packages/airflow/example_dags/example_latest_only_with_trigger.py
[2023-08-03T01:04:28.362+0000] {logging_mixin.py:150} INFO - [2023-08-03T01:04:28.362+0000] {dag.py:2742} INFO - Sync 1 DAGs
[2023-08-03T01:04:28.390+0000] {logging_mixin.py:150} INFO - [2023-08-03T01:04:28.390+0000] {dag.py:3508} INFO - Setting next_dagrun for latest_only_with_trigger to 2023-08-02T21:04:28.390120+00:00, run_after=2023-08-03T01:04:28.390120+00:00
[2023-08-03T01:04:28.404+0000] {processor.py:179} INFO - Processing /home/airflow/.local/lib/python3.7/site-packages/airflow/example_dags/example_latest_only_with_trigger.py took 0.082 seconds
[2023-08-03T02:27:41.005+0000] {processor.py:157} INFO - Started process (PID=2786) to work on /home/airflow/.local/lib/python3.7/site-packages/airflow/example_dags/example_latest_only_with_trigger.py
[2023-08-03T02:27:41.009+0000] {processor.py:826} INFO - Processing file /home/airflow/.local/lib/python3.7/site-packages/airflow/example_dags/example_latest_only_with_trigger.py for tasks to queue
[2023-08-03T02:27:41.011+0000] {logging_mixin.py:150} INFO - [2023-08-03T02:27:41.010+0000] {dagbag.py:541} INFO - Filling up the DagBag from /home/airflow/.local/lib/python3.7/site-packages/airflow/example_dags/example_latest_only_with_trigger.py
[2023-08-03T02:27:41.018+0000] {processor.py:836} INFO - DAG(s) dict_keys(['latest_only_with_trigger']) retrieved from /home/airflow/.local/lib/python3.7/site-packages/airflow/example_dags/example_latest_only_with_trigger.py
[2023-08-03T02:27:41.044+0000] {logging_mixin.py:150} INFO - [2023-08-03T02:27:41.044+0000] {dag.py:2742} INFO - Sync 1 DAGs
[2023-08-03T02:27:41.065+0000] {logging_mixin.py:150} INFO - [2023-08-03T02:27:41.064+0000] {dag.py:3508} INFO - Setting next_dagrun for latest_only_with_trigger to 2023-08-02T22:27:41.064757+00:00, run_after=2023-08-03T02:27:41.064757+00:00
[2023-08-03T02:27:41.077+0000] {processor.py:179} INFO - Processing /home/airflow/.local/lib/python3.7/site-packages/airflow/example_dags/example_latest_only_with_trigger.py took 0.075 seconds
[2023-08-03T04:08:04.770+0000] {processor.py:157} INFO - Started process (PID=2843) to work on /home/airflow/.local/lib/python3.7/site-packages/airflow/example_dags/example_latest_only_with_trigger.py
[2023-08-03T04:08:04.773+0000] {processor.py:826} INFO - Processing file /home/airflow/.local/lib/python3.7/site-packages/airflow/example_dags/example_latest_only_with_trigger.py for tasks to queue
[2023-08-03T04:08:04.775+0000] {logging_mixin.py:150} INFO - [2023-08-03T04:08:04.775+0000] {dagbag.py:541} INFO - Filling up the DagBag from /home/airflow/.local/lib/python3.7/site-packages/airflow/example_dags/example_latest_only_with_trigger.py
[2023-08-03T04:08:04.788+0000] {processor.py:836} INFO - DAG(s) dict_keys(['latest_only_with_trigger']) retrieved from /home/airflow/.local/lib/python3.7/site-packages/airflow/example_dags/example_latest_only_with_trigger.py
[2023-08-03T04:08:04.855+0000] {logging_mixin.py:150} INFO - [2023-08-03T04:08:04.855+0000] {dag.py:2742} INFO - Sync 1 DAGs
[2023-08-03T04:08:04.945+0000] {logging_mixin.py:150} INFO - [2023-08-03T04:08:04.945+0000] {dag.py:3508} INFO - Setting next_dagrun for latest_only_with_trigger to 2023-08-03T00:08:04.945567+00:00, run_after=2023-08-03T04:08:04.945567+00:00
[2023-08-03T04:08:04.959+0000] {processor.py:179} INFO - Processing /home/airflow/.local/lib/python3.7/site-packages/airflow/example_dags/example_latest_only_with_trigger.py took 0.193 seconds
[2023-08-03T05:31:53.188+0000] {processor.py:157} INFO - Started process (PID=2900) to work on /home/airflow/.local/lib/python3.7/site-packages/airflow/example_dags/example_latest_only_with_trigger.py
[2023-08-03T05:31:53.190+0000] {processor.py:826} INFO - Processing file /home/airflow/.local/lib/python3.7/site-packages/airflow/example_dags/example_latest_only_with_trigger.py for tasks to queue
[2023-08-03T05:31:53.191+0000] {logging_mixin.py:150} INFO - [2023-08-03T05:31:53.191+0000] {dagbag.py:541} INFO - Filling up the DagBag from /home/airflow/.local/lib/python3.7/site-packages/airflow/example_dags/example_latest_only_with_trigger.py
[2023-08-03T05:31:53.198+0000] {processor.py:836} INFO - DAG(s) dict_keys(['latest_only_with_trigger']) retrieved from /home/airflow/.local/lib/python3.7/site-packages/airflow/example_dags/example_latest_only_with_trigger.py
[2023-08-03T05:31:53.223+0000] {logging_mixin.py:150} INFO - [2023-08-03T05:31:53.223+0000] {dag.py:2742} INFO - Sync 1 DAGs
[2023-08-03T05:31:53.244+0000] {logging_mixin.py:150} INFO - [2023-08-03T05:31:53.244+0000] {dag.py:3508} INFO - Setting next_dagrun for latest_only_with_trigger to 2023-08-03T01:31:53.244123+00:00, run_after=2023-08-03T05:31:53.244123+00:00
[2023-08-03T05:31:53.258+0000] {processor.py:179} INFO - Processing /home/airflow/.local/lib/python3.7/site-packages/airflow/example_dags/example_latest_only_with_trigger.py took 0.073 seconds
[2023-08-03T07:13:15.023+0000] {processor.py:157} INFO - Started process (PID=2957) to work on /home/airflow/.local/lib/python3.7/site-packages/airflow/example_dags/example_latest_only_with_trigger.py
[2023-08-03T07:13:15.025+0000] {processor.py:826} INFO - Processing file /home/airflow/.local/lib/python3.7/site-packages/airflow/example_dags/example_latest_only_with_trigger.py for tasks to queue
[2023-08-03T07:13:15.030+0000] {logging_mixin.py:150} INFO - [2023-08-03T07:13:15.030+0000] {dagbag.py:541} INFO - Filling up the DagBag from /home/airflow/.local/lib/python3.7/site-packages/airflow/example_dags/example_latest_only_with_trigger.py
[2023-08-03T07:13:15.037+0000] {processor.py:836} INFO - DAG(s) dict_keys(['latest_only_with_trigger']) retrieved from /home/airflow/.local/lib/python3.7/site-packages/airflow/example_dags/example_latest_only_with_trigger.py
[2023-08-03T07:13:15.061+0000] {logging_mixin.py:150} INFO - [2023-08-03T07:13:15.060+0000] {dag.py:2742} INFO - Sync 1 DAGs
[2023-08-03T07:13:15.080+0000] {logging_mixin.py:150} INFO - [2023-08-03T07:13:15.080+0000] {dag.py:3508} INFO - Setting next_dagrun for latest_only_with_trigger to 2023-08-03T03:13:15.080630+00:00, run_after=2023-08-03T07:13:15.080630+00:00
[2023-08-03T07:13:15.097+0000] {processor.py:179} INFO - Processing /home/airflow/.local/lib/python3.7/site-packages/airflow/example_dags/example_latest_only_with_trigger.py took 0.077 seconds
[2023-08-03T08:54:05.652+0000] {processor.py:157} INFO - Started process (PID=3014) to work on /home/airflow/.local/lib/python3.7/site-packages/airflow/example_dags/example_latest_only_with_trigger.py
[2023-08-03T08:54:05.654+0000] {processor.py:826} INFO - Processing file /home/airflow/.local/lib/python3.7/site-packages/airflow/example_dags/example_latest_only_with_trigger.py for tasks to queue
[2023-08-03T08:54:05.656+0000] {logging_mixin.py:150} INFO - [2023-08-03T08:54:05.655+0000] {dagbag.py:541} INFO - Filling up the DagBag from /home/airflow/.local/lib/python3.7/site-packages/airflow/example_dags/example_latest_only_with_trigger.py
[2023-08-03T08:54:05.662+0000] {processor.py:836} INFO - DAG(s) dict_keys(['latest_only_with_trigger']) retrieved from /home/airflow/.local/lib/python3.7/site-packages/airflow/example_dags/example_latest_only_with_trigger.py
[2023-08-03T08:54:05.683+0000] {logging_mixin.py:150} INFO - [2023-08-03T08:54:05.683+0000] {dag.py:2742} INFO - Sync 1 DAGs
[2023-08-03T08:54:05.701+0000] {logging_mixin.py:150} INFO - [2023-08-03T08:54:05.701+0000] {dag.py:3508} INFO - Setting next_dagrun for latest_only_with_trigger to 2023-08-03T04:54:05.701350+00:00, run_after=2023-08-03T08:54:05.701350+00:00
[2023-08-03T08:54:05.716+0000] {processor.py:179} INFO - Processing /home/airflow/.local/lib/python3.7/site-packages/airflow/example_dags/example_latest_only_with_trigger.py took 0.067 seconds
[2023-08-03T10:17:23.410+0000] {processor.py:157} INFO - Started process (PID=3071) to work on /home/airflow/.local/lib/python3.7/site-packages/airflow/example_dags/example_latest_only_with_trigger.py
[2023-08-03T10:17:23.413+0000] {processor.py:826} INFO - Processing file /home/airflow/.local/lib/python3.7/site-packages/airflow/example_dags/example_latest_only_with_trigger.py for tasks to queue
[2023-08-03T10:17:23.415+0000] {logging_mixin.py:150} INFO - [2023-08-03T10:17:23.414+0000] {dagbag.py:541} INFO - Filling up the DagBag from /home/airflow/.local/lib/python3.7/site-packages/airflow/example_dags/example_latest_only_with_trigger.py
[2023-08-03T10:17:23.437+0000] {processor.py:836} INFO - DAG(s) dict_keys(['latest_only_with_trigger']) retrieved from /home/airflow/.local/lib/python3.7/site-packages/airflow/example_dags/example_latest_only_with_trigger.py
[2023-08-03T10:17:23.463+0000] {logging_mixin.py:150} INFO - [2023-08-03T10:17:23.463+0000] {dag.py:2742} INFO - Sync 1 DAGs
[2023-08-03T10:17:23.489+0000] {logging_mixin.py:150} INFO - [2023-08-03T10:17:23.489+0000] {dag.py:3508} INFO - Setting next_dagrun for latest_only_with_trigger to 2023-08-03T06:17:23.489569+00:00, run_after=2023-08-03T10:17:23.489569+00:00
[2023-08-03T10:17:23.505+0000] {processor.py:179} INFO - Processing /home/airflow/.local/lib/python3.7/site-packages/airflow/example_dags/example_latest_only_with_trigger.py took 0.102 seconds
[2023-08-03T11:56:08.135+0000] {processor.py:157} INFO - Started process (PID=3129) to work on /home/airflow/.local/lib/python3.7/site-packages/airflow/example_dags/example_latest_only_with_trigger.py
[2023-08-03T11:56:08.137+0000] {processor.py:826} INFO - Processing file /home/airflow/.local/lib/python3.7/site-packages/airflow/example_dags/example_latest_only_with_trigger.py for tasks to queue
[2023-08-03T11:56:08.139+0000] {logging_mixin.py:150} INFO - [2023-08-03T11:56:08.138+0000] {dagbag.py:541} INFO - Filling up the DagBag from /home/airflow/.local/lib/python3.7/site-packages/airflow/example_dags/example_latest_only_with_trigger.py
[2023-08-03T11:56:08.145+0000] {processor.py:836} INFO - DAG(s) dict_keys(['latest_only_with_trigger']) retrieved from /home/airflow/.local/lib/python3.7/site-packages/airflow/example_dags/example_latest_only_with_trigger.py
[2023-08-03T11:56:08.168+0000] {logging_mixin.py:150} INFO - [2023-08-03T11:56:08.168+0000] {dag.py:2742} INFO - Sync 1 DAGs
[2023-08-03T11:56:08.192+0000] {logging_mixin.py:150} INFO - [2023-08-03T11:56:08.192+0000] {dag.py:3508} INFO - Setting next_dagrun for latest_only_with_trigger to 2023-08-03T07:56:08.192395+00:00, run_after=2023-08-03T11:56:08.192395+00:00
[2023-08-03T11:56:08.211+0000] {processor.py:179} INFO - Processing /home/airflow/.local/lib/python3.7/site-packages/airflow/example_dags/example_latest_only_with_trigger.py took 0.079 seconds
[2023-08-03T13:18:48.650+0000] {processor.py:157} INFO - Started process (PID=3186) to work on /home/airflow/.local/lib/python3.7/site-packages/airflow/example_dags/example_latest_only_with_trigger.py
[2023-08-03T13:18:48.654+0000] {processor.py:826} INFO - Processing file /home/airflow/.local/lib/python3.7/site-packages/airflow/example_dags/example_latest_only_with_trigger.py for tasks to queue
[2023-08-03T13:18:48.657+0000] {logging_mixin.py:150} INFO - [2023-08-03T13:18:48.656+0000] {dagbag.py:541} INFO - Filling up the DagBag from /home/airflow/.local/lib/python3.7/site-packages/airflow/example_dags/example_latest_only_with_trigger.py
[2023-08-03T13:18:48.665+0000] {processor.py:836} INFO - DAG(s) dict_keys(['latest_only_with_trigger']) retrieved from /home/airflow/.local/lib/python3.7/site-packages/airflow/example_dags/example_latest_only_with_trigger.py
[2023-08-03T13:18:48.691+0000] {logging_mixin.py:150} INFO - [2023-08-03T13:18:48.691+0000] {dag.py:2742} INFO - Sync 1 DAGs
[2023-08-03T13:18:48.711+0000] {logging_mixin.py:150} INFO - [2023-08-03T13:18:48.711+0000] {dag.py:3508} INFO - Setting next_dagrun for latest_only_with_trigger to 2023-08-03T09:18:48.711287+00:00, run_after=2023-08-03T13:18:48.711287+00:00
[2023-08-03T13:18:48.727+0000] {processor.py:179} INFO - Processing /home/airflow/.local/lib/python3.7/site-packages/airflow/example_dags/example_latest_only_with_trigger.py took 0.080 seconds
[2023-08-03T15:00:03.902+0000] {processor.py:157} INFO - Started process (PID=3242) to work on /home/airflow/.local/lib/python3.7/site-packages/airflow/example_dags/example_latest_only_with_trigger.py
[2023-08-03T15:00:03.907+0000] {processor.py:826} INFO - Processing file /home/airflow/.local/lib/python3.7/site-packages/airflow/example_dags/example_latest_only_with_trigger.py for tasks to queue
[2023-08-03T15:00:03.911+0000] {logging_mixin.py:150} INFO - [2023-08-03T15:00:03.910+0000] {dagbag.py:541} INFO - Filling up the DagBag from /home/airflow/.local/lib/python3.7/site-packages/airflow/example_dags/example_latest_only_with_trigger.py
[2023-08-03T15:00:03.920+0000] {processor.py:836} INFO - DAG(s) dict_keys(['latest_only_with_trigger']) retrieved from /home/airflow/.local/lib/python3.7/site-packages/airflow/example_dags/example_latest_only_with_trigger.py
[2023-08-03T15:00:03.957+0000] {logging_mixin.py:150} INFO - [2023-08-03T15:00:03.957+0000] {dag.py:2742} INFO - Sync 1 DAGs
[2023-08-03T15:00:03.990+0000] {logging_mixin.py:150} INFO - [2023-08-03T15:00:03.990+0000] {dag.py:3508} INFO - Setting next_dagrun for latest_only_with_trigger to 2023-08-03T11:00:03.989855+00:00, run_after=2023-08-03T15:00:03.989855+00:00
[2023-08-03T15:00:04.005+0000] {processor.py:179} INFO - Processing /home/airflow/.local/lib/python3.7/site-packages/airflow/example_dags/example_latest_only_with_trigger.py took 0.109 seconds
[2023-08-03T16:41:35.240+0000] {processor.py:157} INFO - Started process (PID=3299) to work on /home/airflow/.local/lib/python3.7/site-packages/airflow/example_dags/example_latest_only_with_trigger.py
[2023-08-03T16:41:35.242+0000] {processor.py:826} INFO - Processing file /home/airflow/.local/lib/python3.7/site-packages/airflow/example_dags/example_latest_only_with_trigger.py for tasks to queue
[2023-08-03T16:41:35.243+0000] {logging_mixin.py:150} INFO - [2023-08-03T16:41:35.243+0000] {dagbag.py:541} INFO - Filling up the DagBag from /home/airflow/.local/lib/python3.7/site-packages/airflow/example_dags/example_latest_only_with_trigger.py
[2023-08-03T16:41:35.249+0000] {processor.py:836} INFO - DAG(s) dict_keys(['latest_only_with_trigger']) retrieved from /home/airflow/.local/lib/python3.7/site-packages/airflow/example_dags/example_latest_only_with_trigger.py
[2023-08-03T16:41:35.275+0000] {logging_mixin.py:150} INFO - [2023-08-03T16:41:35.275+0000] {dag.py:2742} INFO - Sync 1 DAGs
[2023-08-03T16:41:35.293+0000] {logging_mixin.py:150} INFO - [2023-08-03T16:41:35.292+0000] {dag.py:3508} INFO - Setting next_dagrun for latest_only_with_trigger to 2023-08-03T12:41:35.292689+00:00, run_after=2023-08-03T16:41:35.292689+00:00
[2023-08-03T16:41:35.307+0000] {processor.py:179} INFO - Processing /home/airflow/.local/lib/python3.7/site-packages/airflow/example_dags/example_latest_only_with_trigger.py took 0.069 seconds
[2023-08-03T18:03:00.423+0000] {processor.py:157} INFO - Started process (PID=3355) to work on /home/airflow/.local/lib/python3.7/site-packages/airflow/example_dags/example_latest_only_with_trigger.py
[2023-08-03T18:03:00.426+0000] {processor.py:826} INFO - Processing file /home/airflow/.local/lib/python3.7/site-packages/airflow/example_dags/example_latest_only_with_trigger.py for tasks to queue
[2023-08-03T18:03:00.427+0000] {logging_mixin.py:150} INFO - [2023-08-03T18:03:00.427+0000] {dagbag.py:541} INFO - Filling up the DagBag from /home/airflow/.local/lib/python3.7/site-packages/airflow/example_dags/example_latest_only_with_trigger.py
[2023-08-03T18:03:00.434+0000] {processor.py:836} INFO - DAG(s) dict_keys(['latest_only_with_trigger']) retrieved from /home/airflow/.local/lib/python3.7/site-packages/airflow/example_dags/example_latest_only_with_trigger.py
[2023-08-03T18:03:00.456+0000] {logging_mixin.py:150} INFO - [2023-08-03T18:03:00.456+0000] {dag.py:2742} INFO - Sync 1 DAGs
[2023-08-03T18:03:00.475+0000] {logging_mixin.py:150} INFO - [2023-08-03T18:03:00.475+0000] {dag.py:3508} INFO - Setting next_dagrun for latest_only_with_trigger to 2023-08-03T14:03:00.475181+00:00, run_after=2023-08-03T18:03:00.475181+00:00
[2023-08-03T18:03:00.490+0000] {processor.py:179} INFO - Processing /home/airflow/.local/lib/python3.7/site-packages/airflow/example_dags/example_latest_only_with_trigger.py took 0.070 seconds
[2023-08-03T19:44:22.289+0000] {processor.py:157} INFO - Started process (PID=3412) to work on /home/airflow/.local/lib/python3.7/site-packages/airflow/example_dags/example_latest_only_with_trigger.py
[2023-08-03T19:44:22.293+0000] {processor.py:826} INFO - Processing file /home/airflow/.local/lib/python3.7/site-packages/airflow/example_dags/example_latest_only_with_trigger.py for tasks to queue
[2023-08-03T19:44:22.298+0000] {logging_mixin.py:150} INFO - [2023-08-03T19:44:22.297+0000] {dagbag.py:541} INFO - Filling up the DagBag from /home/airflow/.local/lib/python3.7/site-packages/airflow/example_dags/example_latest_only_with_trigger.py
[2023-08-03T19:44:22.304+0000] {processor.py:836} INFO - DAG(s) dict_keys(['latest_only_with_trigger']) retrieved from /home/airflow/.local/lib/python3.7/site-packages/airflow/example_dags/example_latest_only_with_trigger.py
[2023-08-03T19:44:22.328+0000] {logging_mixin.py:150} INFO - [2023-08-03T19:44:22.328+0000] {dag.py:2742} INFO - Sync 1 DAGs
[2023-08-03T19:44:22.346+0000] {logging_mixin.py:150} INFO - [2023-08-03T19:44:22.346+0000] {dag.py:3508} INFO - Setting next_dagrun for latest_only_with_trigger to 2023-08-03T15:44:22.346026+00:00, run_after=2023-08-03T19:44:22.346026+00:00
[2023-08-03T19:44:22.376+0000] {processor.py:179} INFO - Processing /home/airflow/.local/lib/python3.7/site-packages/airflow/example_dags/example_latest_only_with_trigger.py took 0.090 seconds
[2023-08-03T21:07:12.637+0000] {processor.py:157} INFO - Started process (PID=3469) to work on /home/airflow/.local/lib/python3.7/site-packages/airflow/example_dags/example_latest_only_with_trigger.py
[2023-08-03T21:07:12.641+0000] {processor.py:826} INFO - Processing file /home/airflow/.local/lib/python3.7/site-packages/airflow/example_dags/example_latest_only_with_trigger.py for tasks to queue
[2023-08-03T21:07:12.643+0000] {logging_mixin.py:150} INFO - [2023-08-03T21:07:12.643+0000] {dagbag.py:541} INFO - Filling up the DagBag from /home/airflow/.local/lib/python3.7/site-packages/airflow/example_dags/example_latest_only_with_trigger.py
[2023-08-03T21:07:12.655+0000] {processor.py:836} INFO - DAG(s) dict_keys(['latest_only_with_trigger']) retrieved from /home/airflow/.local/lib/python3.7/site-packages/airflow/example_dags/example_latest_only_with_trigger.py
[2023-08-03T21:07:12.685+0000] {logging_mixin.py:150} INFO - [2023-08-03T21:07:12.685+0000] {dag.py:2742} INFO - Sync 1 DAGs
[2023-08-03T21:07:12.707+0000] {logging_mixin.py:150} INFO - [2023-08-03T21:07:12.707+0000] {dag.py:3508} INFO - Setting next_dagrun for latest_only_with_trigger to 2023-08-03T17:07:12.707012+00:00, run_after=2023-08-03T21:07:12.707012+00:00
[2023-08-03T21:07:12.725+0000] {processor.py:179} INFO - Processing /home/airflow/.local/lib/python3.7/site-packages/airflow/example_dags/example_latest_only_with_trigger.py took 0.092 seconds
[2023-08-03T22:46:09.968+0000] {processor.py:157} INFO - Started process (PID=3526) to work on /home/airflow/.local/lib/python3.7/site-packages/airflow/example_dags/example_latest_only_with_trigger.py
[2023-08-03T22:46:09.969+0000] {processor.py:826} INFO - Processing file /home/airflow/.local/lib/python3.7/site-packages/airflow/example_dags/example_latest_only_with_trigger.py for tasks to queue
[2023-08-03T22:46:09.971+0000] {logging_mixin.py:150} INFO - [2023-08-03T22:46:09.970+0000] {dagbag.py:541} INFO - Filling up the DagBag from /home/airflow/.local/lib/python3.7/site-packages/airflow/example_dags/example_latest_only_with_trigger.py
[2023-08-03T22:46:09.983+0000] {processor.py:836} INFO - DAG(s) dict_keys(['latest_only_with_trigger']) retrieved from /home/airflow/.local/lib/python3.7/site-packages/airflow/example_dags/example_latest_only_with_trigger.py
[2023-08-03T22:46:10.005+0000] {logging_mixin.py:150} INFO - [2023-08-03T22:46:10.005+0000] {dag.py:2742} INFO - Sync 1 DAGs
[2023-08-03T22:46:10.023+0000] {logging_mixin.py:150} INFO - [2023-08-03T22:46:10.023+0000] {dag.py:3508} INFO - Setting next_dagrun for latest_only_with_trigger to 2023-08-03T18:46:10.023484+00:00, run_after=2023-08-03T22:46:10.023484+00:00
[2023-08-03T22:46:10.036+0000] {processor.py:179} INFO - Processing /home/airflow/.local/lib/python3.7/site-packages/airflow/example_dags/example_latest_only_with_trigger.py took 0.072 seconds
[2023-08-03T23:58:30.285+0000] {processor.py:157} INFO - Started process (PID=3582) to work on /home/airflow/.local/lib/python3.7/site-packages/airflow/example_dags/example_latest_only_with_trigger.py
[2023-08-03T23:58:30.289+0000] {processor.py:826} INFO - Processing file /home/airflow/.local/lib/python3.7/site-packages/airflow/example_dags/example_latest_only_with_trigger.py for tasks to queue
[2023-08-03T23:58:30.291+0000] {logging_mixin.py:150} INFO - [2023-08-03T23:58:30.290+0000] {dagbag.py:541} INFO - Filling up the DagBag from /home/airflow/.local/lib/python3.7/site-packages/airflow/example_dags/example_latest_only_with_trigger.py
[2023-08-03T23:58:30.302+0000] {processor.py:836} INFO - DAG(s) dict_keys(['latest_only_with_trigger']) retrieved from /home/airflow/.local/lib/python3.7/site-packages/airflow/example_dags/example_latest_only_with_trigger.py
[2023-08-03T23:58:30.328+0000] {logging_mixin.py:150} INFO - [2023-08-03T23:58:30.328+0000] {dag.py:2742} INFO - Sync 1 DAGs
[2023-08-03T23:58:30.353+0000] {logging_mixin.py:150} INFO - [2023-08-03T23:58:30.353+0000] {dag.py:3508} INFO - Setting next_dagrun for latest_only_with_trigger to 2023-08-03T19:58:30.353219+00:00, run_after=2023-08-03T23:58:30.353219+00:00
[2023-08-03T23:58:30.372+0000] {processor.py:179} INFO - Processing /home/airflow/.local/lib/python3.7/site-packages/airflow/example_dags/example_latest_only_with_trigger.py took 0.091 seconds
[2023-08-03T23:59:00.671+0000] {processor.py:157} INFO - Started process (PID=3639) to work on /home/airflow/.local/lib/python3.7/site-packages/airflow/example_dags/example_latest_only_with_trigger.py
[2023-08-03T23:59:00.678+0000] {processor.py:826} INFO - Processing file /home/airflow/.local/lib/python3.7/site-packages/airflow/example_dags/example_latest_only_with_trigger.py for tasks to queue
[2023-08-03T23:59:00.680+0000] {logging_mixin.py:150} INFO - [2023-08-03T23:59:00.680+0000] {dagbag.py:541} INFO - Filling up the DagBag from /home/airflow/.local/lib/python3.7/site-packages/airflow/example_dags/example_latest_only_with_trigger.py
[2023-08-03T23:59:00.688+0000] {processor.py:836} INFO - DAG(s) dict_keys(['latest_only_with_trigger']) retrieved from /home/airflow/.local/lib/python3.7/site-packages/airflow/example_dags/example_latest_only_with_trigger.py
[2023-08-03T23:59:00.719+0000] {logging_mixin.py:150} INFO - [2023-08-03T23:59:00.719+0000] {dag.py:2742} INFO - Sync 1 DAGs
[2023-08-03T23:59:00.748+0000] {logging_mixin.py:150} INFO - [2023-08-03T23:59:00.748+0000] {dag.py:3508} INFO - Setting next_dagrun for latest_only_with_trigger to 2023-08-03T19:59:00.747752+00:00, run_after=2023-08-03T23:59:00.747752+00:00
[2023-08-03T23:59:00.770+0000] {processor.py:179} INFO - Processing /home/airflow/.local/lib/python3.7/site-packages/airflow/example_dags/example_latest_only_with_trigger.py took 0.104 seconds
[2023-08-03T23:59:31.849+0000] {processor.py:157} INFO - Started process (PID=3697) to work on /home/airflow/.local/lib/python3.7/site-packages/airflow/example_dags/example_latest_only_with_trigger.py
[2023-08-03T23:59:31.853+0000] {processor.py:826} INFO - Processing file /home/airflow/.local/lib/python3.7/site-packages/airflow/example_dags/example_latest_only_with_trigger.py for tasks to queue
[2023-08-03T23:59:31.857+0000] {logging_mixin.py:150} INFO - [2023-08-03T23:59:31.857+0000] {dagbag.py:541} INFO - Filling up the DagBag from /home/airflow/.local/lib/python3.7/site-packages/airflow/example_dags/example_latest_only_with_trigger.py
[2023-08-03T23:59:31.864+0000] {processor.py:836} INFO - DAG(s) dict_keys(['latest_only_with_trigger']) retrieved from /home/airflow/.local/lib/python3.7/site-packages/airflow/example_dags/example_latest_only_with_trigger.py
[2023-08-03T23:59:31.892+0000] {logging_mixin.py:150} INFO - [2023-08-03T23:59:31.892+0000] {dag.py:2742} INFO - Sync 1 DAGs
[2023-08-03T23:59:31.910+0000] {logging_mixin.py:150} INFO - [2023-08-03T23:59:31.910+0000] {dag.py:3508} INFO - Setting next_dagrun for latest_only_with_trigger to 2023-08-03T19:59:31.910520+00:00, run_after=2023-08-03T23:59:31.910520+00:00
[2023-08-03T23:59:31.930+0000] {processor.py:179} INFO - Processing /home/airflow/.local/lib/python3.7/site-packages/airflow/example_dags/example_latest_only_with_trigger.py took 0.085 seconds
