[2023-08-03T01:04:26.669+0000] {processor.py:157} INFO - Started process (PID=2718) to work on /home/airflow/.local/lib/python3.7/site-packages/airflow/example_dags/example_external_task_marker_dag.py
[2023-08-03T01:04:26.674+0000] {processor.py:826} INFO - Processing file /home/airflow/.local/lib/python3.7/site-packages/airflow/example_dags/example_external_task_marker_dag.py for tasks to queue
[2023-08-03T01:04:26.677+0000] {logging_mixin.py:150} INFO - [2023-08-03T01:04:26.676+0000] {dagbag.py:541} INFO - Filling up the DagBag from /home/airflow/.local/lib/python3.7/site-packages/airflow/example_dags/example_external_task_marker_dag.py
[2023-08-03T01:04:26.685+0000] {processor.py:836} INFO - DAG(s) dict_keys(['example_external_task_marker_child', 'example_external_task_marker_parent']) retrieved from /home/airflow/.local/lib/python3.7/site-packages/airflow/example_dags/example_external_task_marker_dag.py
[2023-08-03T01:04:26.745+0000] {logging_mixin.py:150} INFO - [2023-08-03T01:04:26.745+0000] {dag.py:2742} INFO - Sync 2 DAGs
[2023-08-03T01:04:26.785+0000] {logging_mixin.py:150} INFO - [2023-08-03T01:04:26.785+0000] {dag.py:3508} INFO - Setting next_dagrun for example_external_task_marker_child to None, run_after=None
[2023-08-03T01:04:26.793+0000] {logging_mixin.py:150} INFO - [2023-08-03T01:04:26.792+0000] {dag.py:3508} INFO - Setting next_dagrun for example_external_task_marker_parent to None, run_after=None
[2023-08-03T01:04:26.829+0000] {processor.py:179} INFO - Processing /home/airflow/.local/lib/python3.7/site-packages/airflow/example_dags/example_external_task_marker_dag.py took 0.165 seconds
[2023-08-03T02:27:39.489+0000] {processor.py:157} INFO - Started process (PID=2775) to work on /home/airflow/.local/lib/python3.7/site-packages/airflow/example_dags/example_external_task_marker_dag.py
[2023-08-03T02:27:39.493+0000] {processor.py:826} INFO - Processing file /home/airflow/.local/lib/python3.7/site-packages/airflow/example_dags/example_external_task_marker_dag.py for tasks to queue
[2023-08-03T02:27:39.496+0000] {logging_mixin.py:150} INFO - [2023-08-03T02:27:39.496+0000] {dagbag.py:541} INFO - Filling up the DagBag from /home/airflow/.local/lib/python3.7/site-packages/airflow/example_dags/example_external_task_marker_dag.py
[2023-08-03T02:27:39.510+0000] {processor.py:836} INFO - DAG(s) dict_keys(['example_external_task_marker_child', 'example_external_task_marker_parent']) retrieved from /home/airflow/.local/lib/python3.7/site-packages/airflow/example_dags/example_external_task_marker_dag.py
[2023-08-03T02:27:39.581+0000] {logging_mixin.py:150} INFO - [2023-08-03T02:27:39.581+0000] {dag.py:2742} INFO - Sync 2 DAGs
[2023-08-03T02:27:39.644+0000] {logging_mixin.py:150} INFO - [2023-08-03T02:27:39.644+0000] {dag.py:3508} INFO - Setting next_dagrun for example_external_task_marker_child to None, run_after=None
[2023-08-03T02:27:39.650+0000] {logging_mixin.py:150} INFO - [2023-08-03T02:27:39.650+0000] {dag.py:3508} INFO - Setting next_dagrun for example_external_task_marker_parent to None, run_after=None
[2023-08-03T02:27:39.686+0000] {processor.py:179} INFO - Processing /home/airflow/.local/lib/python3.7/site-packages/airflow/example_dags/example_external_task_marker_dag.py took 0.207 seconds
[2023-08-03T04:08:03.308+0000] {processor.py:157} INFO - Started process (PID=2832) to work on /home/airflow/.local/lib/python3.7/site-packages/airflow/example_dags/example_external_task_marker_dag.py
[2023-08-03T04:08:03.318+0000] {processor.py:826} INFO - Processing file /home/airflow/.local/lib/python3.7/site-packages/airflow/example_dags/example_external_task_marker_dag.py for tasks to queue
[2023-08-03T04:08:03.320+0000] {logging_mixin.py:150} INFO - [2023-08-03T04:08:03.319+0000] {dagbag.py:541} INFO - Filling up the DagBag from /home/airflow/.local/lib/python3.7/site-packages/airflow/example_dags/example_external_task_marker_dag.py
[2023-08-03T04:08:03.325+0000] {processor.py:836} INFO - DAG(s) dict_keys(['example_external_task_marker_child', 'example_external_task_marker_parent']) retrieved from /home/airflow/.local/lib/python3.7/site-packages/airflow/example_dags/example_external_task_marker_dag.py
[2023-08-03T04:08:03.351+0000] {logging_mixin.py:150} INFO - [2023-08-03T04:08:03.351+0000] {dag.py:2742} INFO - Sync 2 DAGs
[2023-08-03T04:08:03.373+0000] {logging_mixin.py:150} INFO - [2023-08-03T04:08:03.372+0000] {dag.py:3508} INFO - Setting next_dagrun for example_external_task_marker_child to None, run_after=None
[2023-08-03T04:08:03.377+0000] {logging_mixin.py:150} INFO - [2023-08-03T04:08:03.377+0000] {dag.py:3508} INFO - Setting next_dagrun for example_external_task_marker_parent to None, run_after=None
[2023-08-03T04:08:03.392+0000] {processor.py:179} INFO - Processing /home/airflow/.local/lib/python3.7/site-packages/airflow/example_dags/example_external_task_marker_dag.py took 0.087 seconds
[2023-08-03T05:31:51.387+0000] {processor.py:157} INFO - Started process (PID=2889) to work on /home/airflow/.local/lib/python3.7/site-packages/airflow/example_dags/example_external_task_marker_dag.py
[2023-08-03T05:31:51.480+0000] {processor.py:826} INFO - Processing file /home/airflow/.local/lib/python3.7/site-packages/airflow/example_dags/example_external_task_marker_dag.py for tasks to queue
[2023-08-03T05:31:51.483+0000] {logging_mixin.py:150} INFO - [2023-08-03T05:31:51.482+0000] {dagbag.py:541} INFO - Filling up the DagBag from /home/airflow/.local/lib/python3.7/site-packages/airflow/example_dags/example_external_task_marker_dag.py
[2023-08-03T05:31:51.511+0000] {processor.py:836} INFO - DAG(s) dict_keys(['example_external_task_marker_parent', 'example_external_task_marker_child']) retrieved from /home/airflow/.local/lib/python3.7/site-packages/airflow/example_dags/example_external_task_marker_dag.py
[2023-08-03T05:31:51.616+0000] {logging_mixin.py:150} INFO - [2023-08-03T05:31:51.614+0000] {dag.py:2742} INFO - Sync 2 DAGs
[2023-08-03T05:31:51.722+0000] {logging_mixin.py:150} INFO - [2023-08-03T05:31:51.722+0000] {dag.py:3508} INFO - Setting next_dagrun for example_external_task_marker_child to None, run_after=None
[2023-08-03T05:31:51.741+0000] {logging_mixin.py:150} INFO - [2023-08-03T05:31:51.741+0000] {dag.py:3508} INFO - Setting next_dagrun for example_external_task_marker_parent to None, run_after=None
[2023-08-03T05:31:51.778+0000] {processor.py:179} INFO - Processing /home/airflow/.local/lib/python3.7/site-packages/airflow/example_dags/example_external_task_marker_dag.py took 0.395 seconds
[2023-08-03T07:13:13.402+0000] {processor.py:157} INFO - Started process (PID=2946) to work on /home/airflow/.local/lib/python3.7/site-packages/airflow/example_dags/example_external_task_marker_dag.py
[2023-08-03T07:13:13.404+0000] {processor.py:826} INFO - Processing file /home/airflow/.local/lib/python3.7/site-packages/airflow/example_dags/example_external_task_marker_dag.py for tasks to queue
[2023-08-03T07:13:13.405+0000] {logging_mixin.py:150} INFO - [2023-08-03T07:13:13.405+0000] {dagbag.py:541} INFO - Filling up the DagBag from /home/airflow/.local/lib/python3.7/site-packages/airflow/example_dags/example_external_task_marker_dag.py
[2023-08-03T07:13:13.411+0000] {processor.py:836} INFO - DAG(s) dict_keys(['example_external_task_marker_child', 'example_external_task_marker_parent']) retrieved from /home/airflow/.local/lib/python3.7/site-packages/airflow/example_dags/example_external_task_marker_dag.py
[2023-08-03T07:13:13.436+0000] {logging_mixin.py:150} INFO - [2023-08-03T07:13:13.436+0000] {dag.py:2742} INFO - Sync 2 DAGs
[2023-08-03T07:13:13.455+0000] {logging_mixin.py:150} INFO - [2023-08-03T07:13:13.455+0000] {dag.py:3508} INFO - Setting next_dagrun for example_external_task_marker_child to None, run_after=None
[2023-08-03T07:13:13.459+0000] {logging_mixin.py:150} INFO - [2023-08-03T07:13:13.459+0000] {dag.py:3508} INFO - Setting next_dagrun for example_external_task_marker_parent to None, run_after=None
[2023-08-03T07:13:13.471+0000] {processor.py:179} INFO - Processing /home/airflow/.local/lib/python3.7/site-packages/airflow/example_dags/example_external_task_marker_dag.py took 0.072 seconds
[2023-08-03T08:54:04.218+0000] {processor.py:157} INFO - Started process (PID=3003) to work on /home/airflow/.local/lib/python3.7/site-packages/airflow/example_dags/example_external_task_marker_dag.py
[2023-08-03T08:54:04.232+0000] {processor.py:826} INFO - Processing file /home/airflow/.local/lib/python3.7/site-packages/airflow/example_dags/example_external_task_marker_dag.py for tasks to queue
[2023-08-03T08:54:04.238+0000] {logging_mixin.py:150} INFO - [2023-08-03T08:54:04.236+0000] {dagbag.py:541} INFO - Filling up the DagBag from /home/airflow/.local/lib/python3.7/site-packages/airflow/example_dags/example_external_task_marker_dag.py
[2023-08-03T08:54:04.306+0000] {processor.py:836} INFO - DAG(s) dict_keys(['example_external_task_marker_child', 'example_external_task_marker_parent']) retrieved from /home/airflow/.local/lib/python3.7/site-packages/airflow/example_dags/example_external_task_marker_dag.py
[2023-08-03T08:54:04.414+0000] {logging_mixin.py:150} INFO - [2023-08-03T08:54:04.414+0000] {dag.py:2742} INFO - Sync 2 DAGs
[2023-08-03T08:54:04.485+0000] {logging_mixin.py:150} INFO - [2023-08-03T08:54:04.484+0000] {dag.py:3508} INFO - Setting next_dagrun for example_external_task_marker_child to None, run_after=None
[2023-08-03T08:54:04.499+0000] {logging_mixin.py:150} INFO - [2023-08-03T08:54:04.499+0000] {dag.py:3508} INFO - Setting next_dagrun for example_external_task_marker_parent to None, run_after=None
[2023-08-03T08:54:04.578+0000] {processor.py:179} INFO - Processing /home/airflow/.local/lib/python3.7/site-packages/airflow/example_dags/example_external_task_marker_dag.py took 0.375 seconds
[2023-08-03T10:17:21.133+0000] {processor.py:157} INFO - Started process (PID=3060) to work on /home/airflow/.local/lib/python3.7/site-packages/airflow/example_dags/example_external_task_marker_dag.py
[2023-08-03T10:17:21.146+0000] {processor.py:826} INFO - Processing file /home/airflow/.local/lib/python3.7/site-packages/airflow/example_dags/example_external_task_marker_dag.py for tasks to queue
[2023-08-03T10:17:21.162+0000] {logging_mixin.py:150} INFO - [2023-08-03T10:17:21.162+0000] {dagbag.py:541} INFO - Filling up the DagBag from /home/airflow/.local/lib/python3.7/site-packages/airflow/example_dags/example_external_task_marker_dag.py
[2023-08-03T10:17:21.193+0000] {processor.py:836} INFO - DAG(s) dict_keys(['example_external_task_marker_parent', 'example_external_task_marker_child']) retrieved from /home/airflow/.local/lib/python3.7/site-packages/airflow/example_dags/example_external_task_marker_dag.py
[2023-08-03T10:17:21.321+0000] {logging_mixin.py:150} INFO - [2023-08-03T10:17:21.320+0000] {dag.py:2742} INFO - Sync 2 DAGs
[2023-08-03T10:17:21.402+0000] {logging_mixin.py:150} INFO - [2023-08-03T10:17:21.402+0000] {dag.py:3508} INFO - Setting next_dagrun for example_external_task_marker_child to None, run_after=None
[2023-08-03T10:17:21.407+0000] {logging_mixin.py:150} INFO - [2023-08-03T10:17:21.407+0000] {dag.py:3508} INFO - Setting next_dagrun for example_external_task_marker_parent to None, run_after=None
[2023-08-03T10:17:21.435+0000] {processor.py:179} INFO - Processing /home/airflow/.local/lib/python3.7/site-packages/airflow/example_dags/example_external_task_marker_dag.py took 0.310 seconds
[2023-08-03T11:56:06.858+0000] {processor.py:157} INFO - Started process (PID=3118) to work on /home/airflow/.local/lib/python3.7/site-packages/airflow/example_dags/example_external_task_marker_dag.py
[2023-08-03T11:56:06.868+0000] {processor.py:826} INFO - Processing file /home/airflow/.local/lib/python3.7/site-packages/airflow/example_dags/example_external_task_marker_dag.py for tasks to queue
[2023-08-03T11:56:06.876+0000] {logging_mixin.py:150} INFO - [2023-08-03T11:56:06.875+0000] {dagbag.py:541} INFO - Filling up the DagBag from /home/airflow/.local/lib/python3.7/site-packages/airflow/example_dags/example_external_task_marker_dag.py
[2023-08-03T11:56:06.990+0000] {processor.py:836} INFO - DAG(s) dict_keys(['example_external_task_marker_child', 'example_external_task_marker_parent']) retrieved from /home/airflow/.local/lib/python3.7/site-packages/airflow/example_dags/example_external_task_marker_dag.py
[2023-08-03T11:56:07.060+0000] {logging_mixin.py:150} INFO - [2023-08-03T11:56:07.060+0000] {dag.py:2742} INFO - Sync 2 DAGs
[2023-08-03T11:56:07.099+0000] {logging_mixin.py:150} INFO - [2023-08-03T11:56:07.098+0000] {dag.py:3508} INFO - Setting next_dagrun for example_external_task_marker_child to None, run_after=None
[2023-08-03T11:56:07.108+0000] {logging_mixin.py:150} INFO - [2023-08-03T11:56:07.108+0000] {dag.py:3508} INFO - Setting next_dagrun for example_external_task_marker_parent to None, run_after=None
[2023-08-03T11:56:07.146+0000] {processor.py:179} INFO - Processing /home/airflow/.local/lib/python3.7/site-packages/airflow/example_dags/example_external_task_marker_dag.py took 0.309 seconds
[2023-08-03T13:18:46.721+0000] {processor.py:157} INFO - Started process (PID=3175) to work on /home/airflow/.local/lib/python3.7/site-packages/airflow/example_dags/example_external_task_marker_dag.py
[2023-08-03T13:18:46.814+0000] {processor.py:826} INFO - Processing file /home/airflow/.local/lib/python3.7/site-packages/airflow/example_dags/example_external_task_marker_dag.py for tasks to queue
[2023-08-03T13:18:46.817+0000] {logging_mixin.py:150} INFO - [2023-08-03T13:18:46.816+0000] {dagbag.py:541} INFO - Filling up the DagBag from /home/airflow/.local/lib/python3.7/site-packages/airflow/example_dags/example_external_task_marker_dag.py
[2023-08-03T13:18:46.833+0000] {processor.py:836} INFO - DAG(s) dict_keys(['example_external_task_marker_parent', 'example_external_task_marker_child']) retrieved from /home/airflow/.local/lib/python3.7/site-packages/airflow/example_dags/example_external_task_marker_dag.py
[2023-08-03T13:18:46.914+0000] {logging_mixin.py:150} INFO - [2023-08-03T13:18:46.913+0000] {dag.py:2742} INFO - Sync 2 DAGs
[2023-08-03T13:18:46.971+0000] {logging_mixin.py:150} INFO - [2023-08-03T13:18:46.970+0000] {dag.py:3508} INFO - Setting next_dagrun for example_external_task_marker_child to None, run_after=None
[2023-08-03T13:18:47.054+0000] {logging_mixin.py:150} INFO - [2023-08-03T13:18:47.052+0000] {dag.py:3508} INFO - Setting next_dagrun for example_external_task_marker_parent to None, run_after=None
[2023-08-03T13:18:47.104+0000] {processor.py:179} INFO - Processing /home/airflow/.local/lib/python3.7/site-packages/airflow/example_dags/example_external_task_marker_dag.py took 0.585 seconds
[2023-08-03T15:00:01.960+0000] {processor.py:157} INFO - Started process (PID=3231) to work on /home/airflow/.local/lib/python3.7/site-packages/airflow/example_dags/example_external_task_marker_dag.py
[2023-08-03T15:00:01.969+0000] {processor.py:826} INFO - Processing file /home/airflow/.local/lib/python3.7/site-packages/airflow/example_dags/example_external_task_marker_dag.py for tasks to queue
[2023-08-03T15:00:01.974+0000] {logging_mixin.py:150} INFO - [2023-08-03T15:00:01.973+0000] {dagbag.py:541} INFO - Filling up the DagBag from /home/airflow/.local/lib/python3.7/site-packages/airflow/example_dags/example_external_task_marker_dag.py
[2023-08-03T15:00:01.999+0000] {processor.py:836} INFO - DAG(s) dict_keys(['example_external_task_marker_child', 'example_external_task_marker_parent']) retrieved from /home/airflow/.local/lib/python3.7/site-packages/airflow/example_dags/example_external_task_marker_dag.py
[2023-08-03T15:00:02.122+0000] {logging_mixin.py:150} INFO - [2023-08-03T15:00:02.122+0000] {dag.py:2742} INFO - Sync 2 DAGs
[2023-08-03T15:00:02.171+0000] {logging_mixin.py:150} INFO - [2023-08-03T15:00:02.170+0000] {dag.py:3508} INFO - Setting next_dagrun for example_external_task_marker_child to None, run_after=None
[2023-08-03T15:00:02.244+0000] {logging_mixin.py:150} INFO - [2023-08-03T15:00:02.244+0000] {dag.py:3508} INFO - Setting next_dagrun for example_external_task_marker_parent to None, run_after=None
[2023-08-03T15:00:02.278+0000] {processor.py:179} INFO - Processing /home/airflow/.local/lib/python3.7/site-packages/airflow/example_dags/example_external_task_marker_dag.py took 0.326 seconds
[2023-08-03T16:41:33.608+0000] {processor.py:157} INFO - Started process (PID=3288) to work on /home/airflow/.local/lib/python3.7/site-packages/airflow/example_dags/example_external_task_marker_dag.py
[2023-08-03T16:41:33.610+0000] {processor.py:826} INFO - Processing file /home/airflow/.local/lib/python3.7/site-packages/airflow/example_dags/example_external_task_marker_dag.py for tasks to queue
[2023-08-03T16:41:33.611+0000] {logging_mixin.py:150} INFO - [2023-08-03T16:41:33.611+0000] {dagbag.py:541} INFO - Filling up the DagBag from /home/airflow/.local/lib/python3.7/site-packages/airflow/example_dags/example_external_task_marker_dag.py
[2023-08-03T16:41:33.617+0000] {processor.py:836} INFO - DAG(s) dict_keys(['example_external_task_marker_parent', 'example_external_task_marker_child']) retrieved from /home/airflow/.local/lib/python3.7/site-packages/airflow/example_dags/example_external_task_marker_dag.py
[2023-08-03T16:41:33.644+0000] {logging_mixin.py:150} INFO - [2023-08-03T16:41:33.644+0000] {dag.py:2742} INFO - Sync 2 DAGs
[2023-08-03T16:41:33.664+0000] {logging_mixin.py:150} INFO - [2023-08-03T16:41:33.663+0000] {dag.py:3508} INFO - Setting next_dagrun for example_external_task_marker_child to None, run_after=None
[2023-08-03T16:41:33.666+0000] {logging_mixin.py:150} INFO - [2023-08-03T16:41:33.666+0000] {dag.py:3508} INFO - Setting next_dagrun for example_external_task_marker_parent to None, run_after=None
[2023-08-03T16:41:33.681+0000] {processor.py:179} INFO - Processing /home/airflow/.local/lib/python3.7/site-packages/airflow/example_dags/example_external_task_marker_dag.py took 0.076 seconds
[2023-08-03T18:02:59.469+0000] {processor.py:157} INFO - Started process (PID=3344) to work on /home/airflow/.local/lib/python3.7/site-packages/airflow/example_dags/example_external_task_marker_dag.py
[2023-08-03T18:02:59.475+0000] {processor.py:826} INFO - Processing file /home/airflow/.local/lib/python3.7/site-packages/airflow/example_dags/example_external_task_marker_dag.py for tasks to queue
[2023-08-03T18:02:59.477+0000] {logging_mixin.py:150} INFO - [2023-08-03T18:02:59.476+0000] {dagbag.py:541} INFO - Filling up the DagBag from /home/airflow/.local/lib/python3.7/site-packages/airflow/example_dags/example_external_task_marker_dag.py
[2023-08-03T18:02:59.487+0000] {processor.py:836} INFO - DAG(s) dict_keys(['example_external_task_marker_child', 'example_external_task_marker_parent']) retrieved from /home/airflow/.local/lib/python3.7/site-packages/airflow/example_dags/example_external_task_marker_dag.py
[2023-08-03T18:02:59.536+0000] {logging_mixin.py:150} INFO - [2023-08-03T18:02:59.536+0000] {dag.py:2742} INFO - Sync 2 DAGs
[2023-08-03T18:02:59.604+0000] {logging_mixin.py:150} INFO - [2023-08-03T18:02:59.603+0000] {dag.py:3508} INFO - Setting next_dagrun for example_external_task_marker_child to None, run_after=None
[2023-08-03T18:02:59.627+0000] {logging_mixin.py:150} INFO - [2023-08-03T18:02:59.627+0000] {dag.py:3508} INFO - Setting next_dagrun for example_external_task_marker_parent to None, run_after=None
[2023-08-03T18:02:59.650+0000] {processor.py:179} INFO - Processing /home/airflow/.local/lib/python3.7/site-packages/airflow/example_dags/example_external_task_marker_dag.py took 0.203 seconds
[2023-08-03T19:44:21.306+0000] {processor.py:157} INFO - Started process (PID=3401) to work on /home/airflow/.local/lib/python3.7/site-packages/airflow/example_dags/example_external_task_marker_dag.py
[2023-08-03T19:44:21.309+0000] {processor.py:826} INFO - Processing file /home/airflow/.local/lib/python3.7/site-packages/airflow/example_dags/example_external_task_marker_dag.py for tasks to queue
[2023-08-03T19:44:21.316+0000] {logging_mixin.py:150} INFO - [2023-08-03T19:44:21.315+0000] {dagbag.py:541} INFO - Filling up the DagBag from /home/airflow/.local/lib/python3.7/site-packages/airflow/example_dags/example_external_task_marker_dag.py
[2023-08-03T19:44:21.325+0000] {processor.py:836} INFO - DAG(s) dict_keys(['example_external_task_marker_child', 'example_external_task_marker_parent']) retrieved from /home/airflow/.local/lib/python3.7/site-packages/airflow/example_dags/example_external_task_marker_dag.py
[2023-08-03T19:44:21.377+0000] {logging_mixin.py:150} INFO - [2023-08-03T19:44:21.377+0000] {dag.py:2742} INFO - Sync 2 DAGs
[2023-08-03T19:44:21.418+0000] {logging_mixin.py:150} INFO - [2023-08-03T19:44:21.418+0000] {dag.py:3508} INFO - Setting next_dagrun for example_external_task_marker_child to None, run_after=None
[2023-08-03T19:44:21.424+0000] {logging_mixin.py:150} INFO - [2023-08-03T19:44:21.423+0000] {dag.py:3508} INFO - Setting next_dagrun for example_external_task_marker_parent to None, run_after=None
[2023-08-03T19:44:21.448+0000] {processor.py:179} INFO - Processing /home/airflow/.local/lib/python3.7/site-packages/airflow/example_dags/example_external_task_marker_dag.py took 0.147 seconds
[2023-08-03T21:07:11.031+0000] {processor.py:157} INFO - Started process (PID=3458) to work on /home/airflow/.local/lib/python3.7/site-packages/airflow/example_dags/example_external_task_marker_dag.py
[2023-08-03T21:07:11.036+0000] {processor.py:826} INFO - Processing file /home/airflow/.local/lib/python3.7/site-packages/airflow/example_dags/example_external_task_marker_dag.py for tasks to queue
[2023-08-03T21:07:11.039+0000] {logging_mixin.py:150} INFO - [2023-08-03T21:07:11.038+0000] {dagbag.py:541} INFO - Filling up the DagBag from /home/airflow/.local/lib/python3.7/site-packages/airflow/example_dags/example_external_task_marker_dag.py
[2023-08-03T21:07:11.061+0000] {processor.py:836} INFO - DAG(s) dict_keys(['example_external_task_marker_parent', 'example_external_task_marker_child']) retrieved from /home/airflow/.local/lib/python3.7/site-packages/airflow/example_dags/example_external_task_marker_dag.py
[2023-08-03T21:07:11.153+0000] {logging_mixin.py:150} INFO - [2023-08-03T21:07:11.153+0000] {dag.py:2742} INFO - Sync 2 DAGs
[2023-08-03T21:07:11.195+0000] {logging_mixin.py:150} INFO - [2023-08-03T21:07:11.194+0000] {dag.py:3508} INFO - Setting next_dagrun for example_external_task_marker_child to None, run_after=None
[2023-08-03T21:07:11.283+0000] {logging_mixin.py:150} INFO - [2023-08-03T21:07:11.283+0000] {dag.py:3508} INFO - Setting next_dagrun for example_external_task_marker_parent to None, run_after=None
[2023-08-03T21:07:11.338+0000] {processor.py:179} INFO - Processing /home/airflow/.local/lib/python3.7/site-packages/airflow/example_dags/example_external_task_marker_dag.py took 0.317 seconds
[2023-08-03T22:46:08.727+0000] {processor.py:157} INFO - Started process (PID=3515) to work on /home/airflow/.local/lib/python3.7/site-packages/airflow/example_dags/example_external_task_marker_dag.py
[2023-08-03T22:46:08.731+0000] {processor.py:826} INFO - Processing file /home/airflow/.local/lib/python3.7/site-packages/airflow/example_dags/example_external_task_marker_dag.py for tasks to queue
[2023-08-03T22:46:08.736+0000] {logging_mixin.py:150} INFO - [2023-08-03T22:46:08.735+0000] {dagbag.py:541} INFO - Filling up the DagBag from /home/airflow/.local/lib/python3.7/site-packages/airflow/example_dags/example_external_task_marker_dag.py
[2023-08-03T22:46:08.766+0000] {processor.py:836} INFO - DAG(s) dict_keys(['example_external_task_marker_parent', 'example_external_task_marker_child']) retrieved from /home/airflow/.local/lib/python3.7/site-packages/airflow/example_dags/example_external_task_marker_dag.py
[2023-08-03T22:46:08.887+0000] {logging_mixin.py:150} INFO - [2023-08-03T22:46:08.887+0000] {dag.py:2742} INFO - Sync 2 DAGs
[2023-08-03T22:46:08.965+0000] {logging_mixin.py:150} INFO - [2023-08-03T22:46:08.965+0000] {dag.py:3508} INFO - Setting next_dagrun for example_external_task_marker_child to None, run_after=None
[2023-08-03T22:46:09.046+0000] {logging_mixin.py:150} INFO - [2023-08-03T22:46:09.045+0000] {dag.py:3508} INFO - Setting next_dagrun for example_external_task_marker_parent to None, run_after=None
[2023-08-03T22:46:09.065+0000] {processor.py:179} INFO - Processing /home/airflow/.local/lib/python3.7/site-packages/airflow/example_dags/example_external_task_marker_dag.py took 0.355 seconds
[2023-08-03T23:58:29.062+0000] {processor.py:157} INFO - Started process (PID=3571) to work on /home/airflow/.local/lib/python3.7/site-packages/airflow/example_dags/example_external_task_marker_dag.py
[2023-08-03T23:58:29.081+0000] {processor.py:826} INFO - Processing file /home/airflow/.local/lib/python3.7/site-packages/airflow/example_dags/example_external_task_marker_dag.py for tasks to queue
[2023-08-03T23:58:29.084+0000] {logging_mixin.py:150} INFO - [2023-08-03T23:58:29.083+0000] {dagbag.py:541} INFO - Filling up the DagBag from /home/airflow/.local/lib/python3.7/site-packages/airflow/example_dags/example_external_task_marker_dag.py
[2023-08-03T23:58:29.092+0000] {processor.py:836} INFO - DAG(s) dict_keys(['example_external_task_marker_child', 'example_external_task_marker_parent']) retrieved from /home/airflow/.local/lib/python3.7/site-packages/airflow/example_dags/example_external_task_marker_dag.py
[2023-08-03T23:58:29.126+0000] {logging_mixin.py:150} INFO - [2023-08-03T23:58:29.126+0000] {dag.py:2742} INFO - Sync 2 DAGs
[2023-08-03T23:58:29.159+0000] {logging_mixin.py:150} INFO - [2023-08-03T23:58:29.159+0000] {dag.py:3508} INFO - Setting next_dagrun for example_external_task_marker_child to None, run_after=None
[2023-08-03T23:58:29.187+0000] {logging_mixin.py:150} INFO - [2023-08-03T23:58:29.187+0000] {dag.py:3508} INFO - Setting next_dagrun for example_external_task_marker_parent to None, run_after=None
[2023-08-03T23:58:29.207+0000] {processor.py:179} INFO - Processing /home/airflow/.local/lib/python3.7/site-packages/airflow/example_dags/example_external_task_marker_dag.py took 0.159 seconds
[2023-08-03T23:58:59.762+0000] {processor.py:157} INFO - Started process (PID=3628) to work on /home/airflow/.local/lib/python3.7/site-packages/airflow/example_dags/example_external_task_marker_dag.py
[2023-08-03T23:58:59.765+0000] {processor.py:826} INFO - Processing file /home/airflow/.local/lib/python3.7/site-packages/airflow/example_dags/example_external_task_marker_dag.py for tasks to queue
[2023-08-03T23:58:59.767+0000] {logging_mixin.py:150} INFO - [2023-08-03T23:58:59.766+0000] {dagbag.py:541} INFO - Filling up the DagBag from /home/airflow/.local/lib/python3.7/site-packages/airflow/example_dags/example_external_task_marker_dag.py
[2023-08-03T23:58:59.773+0000] {processor.py:836} INFO - DAG(s) dict_keys(['example_external_task_marker_child', 'example_external_task_marker_parent']) retrieved from /home/airflow/.local/lib/python3.7/site-packages/airflow/example_dags/example_external_task_marker_dag.py
[2023-08-03T23:58:59.801+0000] {logging_mixin.py:150} INFO - [2023-08-03T23:58:59.800+0000] {dag.py:2742} INFO - Sync 2 DAGs
[2023-08-03T23:58:59.866+0000] {logging_mixin.py:150} INFO - [2023-08-03T23:58:59.866+0000] {dag.py:3508} INFO - Setting next_dagrun for example_external_task_marker_child to None, run_after=None
[2023-08-03T23:58:59.870+0000] {logging_mixin.py:150} INFO - [2023-08-03T23:58:59.870+0000] {dag.py:3508} INFO - Setting next_dagrun for example_external_task_marker_parent to None, run_after=None
[2023-08-03T23:58:59.885+0000] {processor.py:179} INFO - Processing /home/airflow/.local/lib/python3.7/site-packages/airflow/example_dags/example_external_task_marker_dag.py took 0.126 seconds
[2023-08-03T23:59:29.944+0000] {processor.py:157} INFO - Started process (PID=3686) to work on /home/airflow/.local/lib/python3.7/site-packages/airflow/example_dags/example_external_task_marker_dag.py
[2023-08-03T23:59:29.946+0000] {processor.py:826} INFO - Processing file /home/airflow/.local/lib/python3.7/site-packages/airflow/example_dags/example_external_task_marker_dag.py for tasks to queue
[2023-08-03T23:59:29.948+0000] {logging_mixin.py:150} INFO - [2023-08-03T23:59:29.948+0000] {dagbag.py:541} INFO - Filling up the DagBag from /home/airflow/.local/lib/python3.7/site-packages/airflow/example_dags/example_external_task_marker_dag.py
[2023-08-03T23:59:29.955+0000] {processor.py:836} INFO - DAG(s) dict_keys(['example_external_task_marker_parent', 'example_external_task_marker_child']) retrieved from /home/airflow/.local/lib/python3.7/site-packages/airflow/example_dags/example_external_task_marker_dag.py
[2023-08-03T23:59:29.980+0000] {logging_mixin.py:150} INFO - [2023-08-03T23:59:29.980+0000] {dag.py:2742} INFO - Sync 2 DAGs
[2023-08-03T23:59:29.999+0000] {logging_mixin.py:150} INFO - [2023-08-03T23:59:29.999+0000] {dag.py:3508} INFO - Setting next_dagrun for example_external_task_marker_child to None, run_after=None
[2023-08-03T23:59:30.003+0000] {logging_mixin.py:150} INFO - [2023-08-03T23:59:30.003+0000] {dag.py:3508} INFO - Setting next_dagrun for example_external_task_marker_parent to None, run_after=None
[2023-08-03T23:59:30.016+0000] {processor.py:179} INFO - Processing /home/airflow/.local/lib/python3.7/site-packages/airflow/example_dags/example_external_task_marker_dag.py took 0.075 seconds
