[2023-08-03T01:04:28.444+0000] {processor.py:157} INFO - Started process (PID=2731) to work on /home/airflow/.local/lib/python3.7/site-packages/airflow/example_dags/example_skip_dag.py
[2023-08-03T01:04:28.446+0000] {processor.py:826} INFO - Processing file /home/airflow/.local/lib/python3.7/site-packages/airflow/example_dags/example_skip_dag.py for tasks to queue
[2023-08-03T01:04:28.447+0000] {logging_mixin.py:150} INFO - [2023-08-03T01:04:28.447+0000] {dagbag.py:541} INFO - Filling up the DagBag from /home/airflow/.local/lib/python3.7/site-packages/airflow/example_dags/example_skip_dag.py
[2023-08-03T01:04:28.454+0000] {processor.py:836} INFO - DAG(s) dict_keys(['example_skip_dag']) retrieved from /home/airflow/.local/lib/python3.7/site-packages/airflow/example_dags/example_skip_dag.py
[2023-08-03T01:04:28.479+0000] {logging_mixin.py:150} INFO - [2023-08-03T01:04:28.479+0000] {dag.py:2742} INFO - Sync 1 DAGs
[2023-08-03T01:04:28.496+0000] {logging_mixin.py:150} INFO - [2023-08-03T01:04:28.496+0000] {dag.py:3508} INFO - Setting next_dagrun for example_skip_dag to 2023-08-02T01:04:28.496206+00:00, run_after=2023-08-03T01:04:28.496206+00:00
[2023-08-03T01:04:28.510+0000] {processor.py:179} INFO - Processing /home/airflow/.local/lib/python3.7/site-packages/airflow/example_dags/example_skip_dag.py took 0.069 seconds
[2023-08-03T02:27:41.107+0000] {processor.py:157} INFO - Started process (PID=2788) to work on /home/airflow/.local/lib/python3.7/site-packages/airflow/example_dags/example_skip_dag.py
[2023-08-03T02:27:41.165+0000] {processor.py:826} INFO - Processing file /home/airflow/.local/lib/python3.7/site-packages/airflow/example_dags/example_skip_dag.py for tasks to queue
[2023-08-03T02:27:41.167+0000] {logging_mixin.py:150} INFO - [2023-08-03T02:27:41.167+0000] {dagbag.py:541} INFO - Filling up the DagBag from /home/airflow/.local/lib/python3.7/site-packages/airflow/example_dags/example_skip_dag.py
[2023-08-03T02:27:41.174+0000] {processor.py:836} INFO - DAG(s) dict_keys(['example_skip_dag']) retrieved from /home/airflow/.local/lib/python3.7/site-packages/airflow/example_dags/example_skip_dag.py
[2023-08-03T02:27:41.196+0000] {logging_mixin.py:150} INFO - [2023-08-03T02:27:41.196+0000] {dag.py:2742} INFO - Sync 1 DAGs
[2023-08-03T02:27:41.217+0000] {logging_mixin.py:150} INFO - [2023-08-03T02:27:41.217+0000] {dag.py:3508} INFO - Setting next_dagrun for example_skip_dag to 2023-08-02T02:27:41.217319+00:00, run_after=2023-08-03T02:27:41.217319+00:00
[2023-08-03T02:27:41.233+0000] {processor.py:179} INFO - Processing /home/airflow/.local/lib/python3.7/site-packages/airflow/example_dags/example_skip_dag.py took 0.129 seconds
[2023-08-03T04:08:04.988+0000] {processor.py:157} INFO - Started process (PID=2845) to work on /home/airflow/.local/lib/python3.7/site-packages/airflow/example_dags/example_skip_dag.py
[2023-08-03T04:08:04.996+0000] {processor.py:826} INFO - Processing file /home/airflow/.local/lib/python3.7/site-packages/airflow/example_dags/example_skip_dag.py for tasks to queue
[2023-08-03T04:08:04.998+0000] {logging_mixin.py:150} INFO - [2023-08-03T04:08:04.997+0000] {dagbag.py:541} INFO - Filling up the DagBag from /home/airflow/.local/lib/python3.7/site-packages/airflow/example_dags/example_skip_dag.py
[2023-08-03T04:08:05.004+0000] {processor.py:836} INFO - DAG(s) dict_keys(['example_skip_dag']) retrieved from /home/airflow/.local/lib/python3.7/site-packages/airflow/example_dags/example_skip_dag.py
[2023-08-03T04:08:05.031+0000] {logging_mixin.py:150} INFO - [2023-08-03T04:08:05.031+0000] {dag.py:2742} INFO - Sync 1 DAGs
[2023-08-03T04:08:05.054+0000] {logging_mixin.py:150} INFO - [2023-08-03T04:08:05.054+0000] {dag.py:3508} INFO - Setting next_dagrun for example_skip_dag to 2023-08-02T04:08:05.054504+00:00, run_after=2023-08-03T04:08:05.054504+00:00
[2023-08-03T04:08:05.068+0000] {processor.py:179} INFO - Processing /home/airflow/.local/lib/python3.7/site-packages/airflow/example_dags/example_skip_dag.py took 0.084 seconds
[2023-08-03T05:31:53.346+0000] {processor.py:157} INFO - Started process (PID=2902) to work on /home/airflow/.local/lib/python3.7/site-packages/airflow/example_dags/example_skip_dag.py
[2023-08-03T05:31:53.349+0000] {processor.py:826} INFO - Processing file /home/airflow/.local/lib/python3.7/site-packages/airflow/example_dags/example_skip_dag.py for tasks to queue
[2023-08-03T05:31:53.350+0000] {logging_mixin.py:150} INFO - [2023-08-03T05:31:53.350+0000] {dagbag.py:541} INFO - Filling up the DagBag from /home/airflow/.local/lib/python3.7/site-packages/airflow/example_dags/example_skip_dag.py
[2023-08-03T05:31:53.357+0000] {processor.py:836} INFO - DAG(s) dict_keys(['example_skip_dag']) retrieved from /home/airflow/.local/lib/python3.7/site-packages/airflow/example_dags/example_skip_dag.py
[2023-08-03T05:31:53.390+0000] {logging_mixin.py:150} INFO - [2023-08-03T05:31:53.390+0000] {dag.py:2742} INFO - Sync 1 DAGs
[2023-08-03T05:31:53.411+0000] {logging_mixin.py:150} INFO - [2023-08-03T05:31:53.411+0000] {dag.py:3508} INFO - Setting next_dagrun for example_skip_dag to 2023-08-02T05:31:53.411064+00:00, run_after=2023-08-03T05:31:53.411064+00:00
[2023-08-03T05:31:53.446+0000] {processor.py:179} INFO - Processing /home/airflow/.local/lib/python3.7/site-packages/airflow/example_dags/example_skip_dag.py took 0.104 seconds
[2023-08-03T07:13:15.131+0000] {processor.py:157} INFO - Started process (PID=2959) to work on /home/airflow/.local/lib/python3.7/site-packages/airflow/example_dags/example_skip_dag.py
[2023-08-03T07:13:15.133+0000] {processor.py:826} INFO - Processing file /home/airflow/.local/lib/python3.7/site-packages/airflow/example_dags/example_skip_dag.py for tasks to queue
[2023-08-03T07:13:15.134+0000] {logging_mixin.py:150} INFO - [2023-08-03T07:13:15.134+0000] {dagbag.py:541} INFO - Filling up the DagBag from /home/airflow/.local/lib/python3.7/site-packages/airflow/example_dags/example_skip_dag.py
[2023-08-03T07:13:15.141+0000] {processor.py:836} INFO - DAG(s) dict_keys(['example_skip_dag']) retrieved from /home/airflow/.local/lib/python3.7/site-packages/airflow/example_dags/example_skip_dag.py
[2023-08-03T07:13:15.162+0000] {logging_mixin.py:150} INFO - [2023-08-03T07:13:15.162+0000] {dag.py:2742} INFO - Sync 1 DAGs
[2023-08-03T07:13:15.180+0000] {logging_mixin.py:150} INFO - [2023-08-03T07:13:15.179+0000] {dag.py:3508} INFO - Setting next_dagrun for example_skip_dag to 2023-08-02T07:13:15.179740+00:00, run_after=2023-08-03T07:13:15.179740+00:00
[2023-08-03T07:13:15.196+0000] {processor.py:179} INFO - Processing /home/airflow/.local/lib/python3.7/site-packages/airflow/example_dags/example_skip_dag.py took 0.068 seconds
[2023-08-03T08:54:05.749+0000] {processor.py:157} INFO - Started process (PID=3016) to work on /home/airflow/.local/lib/python3.7/site-packages/airflow/example_dags/example_skip_dag.py
[2023-08-03T08:54:05.751+0000] {processor.py:826} INFO - Processing file /home/airflow/.local/lib/python3.7/site-packages/airflow/example_dags/example_skip_dag.py for tasks to queue
[2023-08-03T08:54:05.752+0000] {logging_mixin.py:150} INFO - [2023-08-03T08:54:05.752+0000] {dagbag.py:541} INFO - Filling up the DagBag from /home/airflow/.local/lib/python3.7/site-packages/airflow/example_dags/example_skip_dag.py
[2023-08-03T08:54:05.759+0000] {processor.py:836} INFO - DAG(s) dict_keys(['example_skip_dag']) retrieved from /home/airflow/.local/lib/python3.7/site-packages/airflow/example_dags/example_skip_dag.py
[2023-08-03T08:54:05.780+0000] {logging_mixin.py:150} INFO - [2023-08-03T08:54:05.780+0000] {dag.py:2742} INFO - Sync 1 DAGs
[2023-08-03T08:54:05.797+0000] {logging_mixin.py:150} INFO - [2023-08-03T08:54:05.797+0000] {dag.py:3508} INFO - Setting next_dagrun for example_skip_dag to 2023-08-02T08:54:05.797222+00:00, run_after=2023-08-03T08:54:05.797222+00:00
[2023-08-03T08:54:05.811+0000] {processor.py:179} INFO - Processing /home/airflow/.local/lib/python3.7/site-packages/airflow/example_dags/example_skip_dag.py took 0.064 seconds
[2023-08-03T10:17:23.556+0000] {processor.py:157} INFO - Started process (PID=3073) to work on /home/airflow/.local/lib/python3.7/site-packages/airflow/example_dags/example_skip_dag.py
[2023-08-03T10:17:23.560+0000] {processor.py:826} INFO - Processing file /home/airflow/.local/lib/python3.7/site-packages/airflow/example_dags/example_skip_dag.py for tasks to queue
[2023-08-03T10:17:23.562+0000] {logging_mixin.py:150} INFO - [2023-08-03T10:17:23.561+0000] {dagbag.py:541} INFO - Filling up the DagBag from /home/airflow/.local/lib/python3.7/site-packages/airflow/example_dags/example_skip_dag.py
[2023-08-03T10:17:23.568+0000] {processor.py:836} INFO - DAG(s) dict_keys(['example_skip_dag']) retrieved from /home/airflow/.local/lib/python3.7/site-packages/airflow/example_dags/example_skip_dag.py
[2023-08-03T10:17:23.593+0000] {logging_mixin.py:150} INFO - [2023-08-03T10:17:23.593+0000] {dag.py:2742} INFO - Sync 1 DAGs
[2023-08-03T10:17:23.615+0000] {logging_mixin.py:150} INFO - [2023-08-03T10:17:23.615+0000] {dag.py:3508} INFO - Setting next_dagrun for example_skip_dag to 2023-08-02T10:17:23.615463+00:00, run_after=2023-08-03T10:17:23.615463+00:00
[2023-08-03T10:17:23.635+0000] {processor.py:179} INFO - Processing /home/airflow/.local/lib/python3.7/site-packages/airflow/example_dags/example_skip_dag.py took 0.082 seconds
[2023-08-03T11:56:08.252+0000] {processor.py:157} INFO - Started process (PID=3131) to work on /home/airflow/.local/lib/python3.7/site-packages/airflow/example_dags/example_skip_dag.py
[2023-08-03T11:56:08.305+0000] {processor.py:826} INFO - Processing file /home/airflow/.local/lib/python3.7/site-packages/airflow/example_dags/example_skip_dag.py for tasks to queue
[2023-08-03T11:56:08.307+0000] {logging_mixin.py:150} INFO - [2023-08-03T11:56:08.306+0000] {dagbag.py:541} INFO - Filling up the DagBag from /home/airflow/.local/lib/python3.7/site-packages/airflow/example_dags/example_skip_dag.py
[2023-08-03T11:56:08.316+0000] {processor.py:836} INFO - DAG(s) dict_keys(['example_skip_dag']) retrieved from /home/airflow/.local/lib/python3.7/site-packages/airflow/example_dags/example_skip_dag.py
[2023-08-03T11:56:08.343+0000] {logging_mixin.py:150} INFO - [2023-08-03T11:56:08.343+0000] {dag.py:2742} INFO - Sync 1 DAGs
[2023-08-03T11:56:08.361+0000] {logging_mixin.py:150} INFO - [2023-08-03T11:56:08.361+0000] {dag.py:3508} INFO - Setting next_dagrun for example_skip_dag to 2023-08-02T11:56:08.360911+00:00, run_after=2023-08-03T11:56:08.360911+00:00
[2023-08-03T11:56:08.374+0000] {processor.py:179} INFO - Processing /home/airflow/.local/lib/python3.7/site-packages/airflow/example_dags/example_skip_dag.py took 0.125 seconds
[2023-08-03T13:18:48.819+0000] {processor.py:157} INFO - Started process (PID=3188) to work on /home/airflow/.local/lib/python3.7/site-packages/airflow/example_dags/example_skip_dag.py
[2023-08-03T13:18:48.821+0000] {processor.py:826} INFO - Processing file /home/airflow/.local/lib/python3.7/site-packages/airflow/example_dags/example_skip_dag.py for tasks to queue
[2023-08-03T13:18:48.822+0000] {logging_mixin.py:150} INFO - [2023-08-03T13:18:48.822+0000] {dagbag.py:541} INFO - Filling up the DagBag from /home/airflow/.local/lib/python3.7/site-packages/airflow/example_dags/example_skip_dag.py
[2023-08-03T13:18:48.830+0000] {processor.py:836} INFO - DAG(s) dict_keys(['example_skip_dag']) retrieved from /home/airflow/.local/lib/python3.7/site-packages/airflow/example_dags/example_skip_dag.py
[2023-08-03T13:18:48.853+0000] {logging_mixin.py:150} INFO - [2023-08-03T13:18:48.853+0000] {dag.py:2742} INFO - Sync 1 DAGs
[2023-08-03T13:18:48.878+0000] {logging_mixin.py:150} INFO - [2023-08-03T13:18:48.877+0000] {dag.py:3508} INFO - Setting next_dagrun for example_skip_dag to 2023-08-02T13:18:48.877744+00:00, run_after=2023-08-03T13:18:48.877744+00:00
[2023-08-03T13:18:48.896+0000] {processor.py:179} INFO - Processing /home/airflow/.local/lib/python3.7/site-packages/airflow/example_dags/example_skip_dag.py took 0.080 seconds
[2023-08-03T15:00:04.042+0000] {processor.py:157} INFO - Started process (PID=3244) to work on /home/airflow/.local/lib/python3.7/site-packages/airflow/example_dags/example_skip_dag.py
[2023-08-03T15:00:04.044+0000] {processor.py:826} INFO - Processing file /home/airflow/.local/lib/python3.7/site-packages/airflow/example_dags/example_skip_dag.py for tasks to queue
[2023-08-03T15:00:04.051+0000] {logging_mixin.py:150} INFO - [2023-08-03T15:00:04.051+0000] {dagbag.py:541} INFO - Filling up the DagBag from /home/airflow/.local/lib/python3.7/site-packages/airflow/example_dags/example_skip_dag.py
[2023-08-03T15:00:04.060+0000] {processor.py:836} INFO - DAG(s) dict_keys(['example_skip_dag']) retrieved from /home/airflow/.local/lib/python3.7/site-packages/airflow/example_dags/example_skip_dag.py
[2023-08-03T15:00:04.085+0000] {logging_mixin.py:150} INFO - [2023-08-03T15:00:04.085+0000] {dag.py:2742} INFO - Sync 1 DAGs
[2023-08-03T15:00:04.105+0000] {logging_mixin.py:150} INFO - [2023-08-03T15:00:04.105+0000] {dag.py:3508} INFO - Setting next_dagrun for example_skip_dag to 2023-08-02T15:00:04.104874+00:00, run_after=2023-08-03T15:00:04.104874+00:00
[2023-08-03T15:00:04.124+0000] {processor.py:179} INFO - Processing /home/airflow/.local/lib/python3.7/site-packages/airflow/example_dags/example_skip_dag.py took 0.085 seconds
[2023-08-03T16:41:35.335+0000] {processor.py:157} INFO - Started process (PID=3301) to work on /home/airflow/.local/lib/python3.7/site-packages/airflow/example_dags/example_skip_dag.py
[2023-08-03T16:41:35.339+0000] {processor.py:826} INFO - Processing file /home/airflow/.local/lib/python3.7/site-packages/airflow/example_dags/example_skip_dag.py for tasks to queue
[2023-08-03T16:41:35.341+0000] {logging_mixin.py:150} INFO - [2023-08-03T16:41:35.341+0000] {dagbag.py:541} INFO - Filling up the DagBag from /home/airflow/.local/lib/python3.7/site-packages/airflow/example_dags/example_skip_dag.py
[2023-08-03T16:41:35.348+0000] {processor.py:836} INFO - DAG(s) dict_keys(['example_skip_dag']) retrieved from /home/airflow/.local/lib/python3.7/site-packages/airflow/example_dags/example_skip_dag.py
[2023-08-03T16:41:35.370+0000] {logging_mixin.py:150} INFO - [2023-08-03T16:41:35.370+0000] {dag.py:2742} INFO - Sync 1 DAGs
[2023-08-03T16:41:35.390+0000] {logging_mixin.py:150} INFO - [2023-08-03T16:41:35.390+0000] {dag.py:3508} INFO - Setting next_dagrun for example_skip_dag to 2023-08-02T16:41:35.389820+00:00, run_after=2023-08-03T16:41:35.389820+00:00
[2023-08-03T16:41:35.405+0000] {processor.py:179} INFO - Processing /home/airflow/.local/lib/python3.7/site-packages/airflow/example_dags/example_skip_dag.py took 0.073 seconds
[2023-08-03T18:03:00.524+0000] {processor.py:157} INFO - Started process (PID=3357) to work on /home/airflow/.local/lib/python3.7/site-packages/airflow/example_dags/example_skip_dag.py
[2023-08-03T18:03:00.526+0000] {processor.py:826} INFO - Processing file /home/airflow/.local/lib/python3.7/site-packages/airflow/example_dags/example_skip_dag.py for tasks to queue
[2023-08-03T18:03:00.527+0000] {logging_mixin.py:150} INFO - [2023-08-03T18:03:00.527+0000] {dagbag.py:541} INFO - Filling up the DagBag from /home/airflow/.local/lib/python3.7/site-packages/airflow/example_dags/example_skip_dag.py
[2023-08-03T18:03:00.533+0000] {processor.py:836} INFO - DAG(s) dict_keys(['example_skip_dag']) retrieved from /home/airflow/.local/lib/python3.7/site-packages/airflow/example_dags/example_skip_dag.py
[2023-08-03T18:03:00.557+0000] {logging_mixin.py:150} INFO - [2023-08-03T18:03:00.557+0000] {dag.py:2742} INFO - Sync 1 DAGs
[2023-08-03T18:03:00.575+0000] {logging_mixin.py:150} INFO - [2023-08-03T18:03:00.575+0000] {dag.py:3508} INFO - Setting next_dagrun for example_skip_dag to 2023-08-02T18:03:00.575290+00:00, run_after=2023-08-03T18:03:00.575290+00:00
[2023-08-03T18:03:00.593+0000] {processor.py:179} INFO - Processing /home/airflow/.local/lib/python3.7/site-packages/airflow/example_dags/example_skip_dag.py took 0.072 seconds
[2023-08-03T19:44:22.408+0000] {processor.py:157} INFO - Started process (PID=3414) to work on /home/airflow/.local/lib/python3.7/site-packages/airflow/example_dags/example_skip_dag.py
[2023-08-03T19:44:22.410+0000] {processor.py:826} INFO - Processing file /home/airflow/.local/lib/python3.7/site-packages/airflow/example_dags/example_skip_dag.py for tasks to queue
[2023-08-03T19:44:22.412+0000] {logging_mixin.py:150} INFO - [2023-08-03T19:44:22.411+0000] {dagbag.py:541} INFO - Filling up the DagBag from /home/airflow/.local/lib/python3.7/site-packages/airflow/example_dags/example_skip_dag.py
[2023-08-03T19:44:22.421+0000] {processor.py:836} INFO - DAG(s) dict_keys(['example_skip_dag']) retrieved from /home/airflow/.local/lib/python3.7/site-packages/airflow/example_dags/example_skip_dag.py
[2023-08-03T19:44:22.501+0000] {logging_mixin.py:150} INFO - [2023-08-03T19:44:22.501+0000] {dag.py:2742} INFO - Sync 1 DAGs
[2023-08-03T19:44:22.519+0000] {logging_mixin.py:150} INFO - [2023-08-03T19:44:22.519+0000] {dag.py:3508} INFO - Setting next_dagrun for example_skip_dag to 2023-08-02T19:44:22.518962+00:00, run_after=2023-08-03T19:44:22.518962+00:00
[2023-08-03T19:44:22.535+0000] {processor.py:179} INFO - Processing /home/airflow/.local/lib/python3.7/site-packages/airflow/example_dags/example_skip_dag.py took 0.131 seconds
[2023-08-03T21:07:12.762+0000] {processor.py:157} INFO - Started process (PID=3471) to work on /home/airflow/.local/lib/python3.7/site-packages/airflow/example_dags/example_skip_dag.py
[2023-08-03T21:07:12.770+0000] {processor.py:826} INFO - Processing file /home/airflow/.local/lib/python3.7/site-packages/airflow/example_dags/example_skip_dag.py for tasks to queue
[2023-08-03T21:07:12.772+0000] {logging_mixin.py:150} INFO - [2023-08-03T21:07:12.771+0000] {dagbag.py:541} INFO - Filling up the DagBag from /home/airflow/.local/lib/python3.7/site-packages/airflow/example_dags/example_skip_dag.py
[2023-08-03T21:07:12.781+0000] {processor.py:836} INFO - DAG(s) dict_keys(['example_skip_dag']) retrieved from /home/airflow/.local/lib/python3.7/site-packages/airflow/example_dags/example_skip_dag.py
[2023-08-03T21:07:12.806+0000] {logging_mixin.py:150} INFO - [2023-08-03T21:07:12.806+0000] {dag.py:2742} INFO - Sync 1 DAGs
[2023-08-03T21:07:12.829+0000] {logging_mixin.py:150} INFO - [2023-08-03T21:07:12.829+0000] {dag.py:3508} INFO - Setting next_dagrun for example_skip_dag to 2023-08-02T21:07:12.828976+00:00, run_after=2023-08-03T21:07:12.828976+00:00
[2023-08-03T21:07:12.844+0000] {processor.py:179} INFO - Processing /home/airflow/.local/lib/python3.7/site-packages/airflow/example_dags/example_skip_dag.py took 0.086 seconds
[2023-08-03T22:46:10.066+0000] {processor.py:157} INFO - Started process (PID=3528) to work on /home/airflow/.local/lib/python3.7/site-packages/airflow/example_dags/example_skip_dag.py
[2023-08-03T22:46:10.068+0000] {processor.py:826} INFO - Processing file /home/airflow/.local/lib/python3.7/site-packages/airflow/example_dags/example_skip_dag.py for tasks to queue
[2023-08-03T22:46:10.070+0000] {logging_mixin.py:150} INFO - [2023-08-03T22:46:10.070+0000] {dagbag.py:541} INFO - Filling up the DagBag from /home/airflow/.local/lib/python3.7/site-packages/airflow/example_dags/example_skip_dag.py
[2023-08-03T22:46:10.077+0000] {processor.py:836} INFO - DAG(s) dict_keys(['example_skip_dag']) retrieved from /home/airflow/.local/lib/python3.7/site-packages/airflow/example_dags/example_skip_dag.py
[2023-08-03T22:46:10.102+0000] {logging_mixin.py:150} INFO - [2023-08-03T22:46:10.102+0000] {dag.py:2742} INFO - Sync 1 DAGs
[2023-08-03T22:46:10.123+0000] {logging_mixin.py:150} INFO - [2023-08-03T22:46:10.123+0000] {dag.py:3508} INFO - Setting next_dagrun for example_skip_dag to 2023-08-02T22:46:10.122903+00:00, run_after=2023-08-03T22:46:10.122903+00:00
[2023-08-03T22:46:10.138+0000] {processor.py:179} INFO - Processing /home/airflow/.local/lib/python3.7/site-packages/airflow/example_dags/example_skip_dag.py took 0.075 seconds
[2023-08-03T23:58:30.422+0000] {processor.py:157} INFO - Started process (PID=3584) to work on /home/airflow/.local/lib/python3.7/site-packages/airflow/example_dags/example_skip_dag.py
[2023-08-03T23:58:30.427+0000] {processor.py:826} INFO - Processing file /home/airflow/.local/lib/python3.7/site-packages/airflow/example_dags/example_skip_dag.py for tasks to queue
[2023-08-03T23:58:30.430+0000] {logging_mixin.py:150} INFO - [2023-08-03T23:58:30.429+0000] {dagbag.py:541} INFO - Filling up the DagBag from /home/airflow/.local/lib/python3.7/site-packages/airflow/example_dags/example_skip_dag.py
[2023-08-03T23:58:30.440+0000] {processor.py:836} INFO - DAG(s) dict_keys(['example_skip_dag']) retrieved from /home/airflow/.local/lib/python3.7/site-packages/airflow/example_dags/example_skip_dag.py
[2023-08-03T23:58:30.465+0000] {logging_mixin.py:150} INFO - [2023-08-03T23:58:30.465+0000] {dag.py:2742} INFO - Sync 1 DAGs
[2023-08-03T23:58:30.486+0000] {logging_mixin.py:150} INFO - [2023-08-03T23:58:30.485+0000] {dag.py:3508} INFO - Setting next_dagrun for example_skip_dag to 2023-08-02T23:58:30.485029+00:00, run_after=2023-08-03T23:58:30.485029+00:00
[2023-08-03T23:58:30.503+0000] {processor.py:179} INFO - Processing /home/airflow/.local/lib/python3.7/site-packages/airflow/example_dags/example_skip_dag.py took 0.085 seconds
[2023-08-03T23:59:00.842+0000] {processor.py:157} INFO - Started process (PID=3641) to work on /home/airflow/.local/lib/python3.7/site-packages/airflow/example_dags/example_skip_dag.py
[2023-08-03T23:59:00.844+0000] {processor.py:826} INFO - Processing file /home/airflow/.local/lib/python3.7/site-packages/airflow/example_dags/example_skip_dag.py for tasks to queue
[2023-08-03T23:59:00.845+0000] {logging_mixin.py:150} INFO - [2023-08-03T23:59:00.845+0000] {dagbag.py:541} INFO - Filling up the DagBag from /home/airflow/.local/lib/python3.7/site-packages/airflow/example_dags/example_skip_dag.py
[2023-08-03T23:59:00.852+0000] {processor.py:836} INFO - DAG(s) dict_keys(['example_skip_dag']) retrieved from /home/airflow/.local/lib/python3.7/site-packages/airflow/example_dags/example_skip_dag.py
[2023-08-03T23:59:00.873+0000] {logging_mixin.py:150} INFO - [2023-08-03T23:59:00.873+0000] {dag.py:2742} INFO - Sync 1 DAGs
[2023-08-03T23:59:00.891+0000] {logging_mixin.py:150} INFO - [2023-08-03T23:59:00.891+0000] {dag.py:3508} INFO - Setting next_dagrun for example_skip_dag to 2023-08-02T23:59:00.890838+00:00, run_after=2023-08-03T23:59:00.890838+00:00
[2023-08-03T23:59:00.904+0000] {processor.py:179} INFO - Processing /home/airflow/.local/lib/python3.7/site-packages/airflow/example_dags/example_skip_dag.py took 0.065 seconds
[2023-08-03T23:59:31.967+0000] {processor.py:157} INFO - Started process (PID=3699) to work on /home/airflow/.local/lib/python3.7/site-packages/airflow/example_dags/example_skip_dag.py
[2023-08-03T23:59:31.973+0000] {processor.py:826} INFO - Processing file /home/airflow/.local/lib/python3.7/site-packages/airflow/example_dags/example_skip_dag.py for tasks to queue
[2023-08-03T23:59:31.975+0000] {logging_mixin.py:150} INFO - [2023-08-03T23:59:31.975+0000] {dagbag.py:541} INFO - Filling up the DagBag from /home/airflow/.local/lib/python3.7/site-packages/airflow/example_dags/example_skip_dag.py
[2023-08-03T23:59:31.982+0000] {processor.py:836} INFO - DAG(s) dict_keys(['example_skip_dag']) retrieved from /home/airflow/.local/lib/python3.7/site-packages/airflow/example_dags/example_skip_dag.py
[2023-08-03T23:59:32.012+0000] {logging_mixin.py:150} INFO - [2023-08-03T23:59:32.012+0000] {dag.py:2742} INFO - Sync 1 DAGs
[2023-08-03T23:59:32.032+0000] {logging_mixin.py:150} INFO - [2023-08-03T23:59:32.032+0000] {dag.py:3508} INFO - Setting next_dagrun for example_skip_dag to 2023-08-02T23:59:32.032293+00:00, run_after=2023-08-03T23:59:32.032293+00:00
[2023-08-03T23:59:32.046+0000] {processor.py:179} INFO - Processing /home/airflow/.local/lib/python3.7/site-packages/airflow/example_dags/example_skip_dag.py took 0.082 seconds
