[2023-08-03T01:04:28.602+0000] {processor.py:157} INFO - Started process (PID=2732) to work on /home/airflow/.local/lib/python3.7/site-packages/airflow/example_dags/example_python_operator.py
[2023-08-03T01:04:28.604+0000] {processor.py:826} INFO - Processing file /home/airflow/.local/lib/python3.7/site-packages/airflow/example_dags/example_python_operator.py for tasks to queue
[2023-08-03T01:04:28.606+0000] {logging_mixin.py:150} INFO - [2023-08-03T01:04:28.606+0000] {dagbag.py:541} INFO - Filling up the DagBag from /home/airflow/.local/lib/python3.7/site-packages/airflow/example_dags/example_python_operator.py
[2023-08-03T01:04:28.620+0000] {processor.py:836} INFO - DAG(s) dict_keys(['example_python_operator']) retrieved from /home/airflow/.local/lib/python3.7/site-packages/airflow/example_dags/example_python_operator.py
[2023-08-03T01:04:28.650+0000] {logging_mixin.py:150} INFO - [2023-08-03T01:04:28.650+0000] {dag.py:2742} INFO - Sync 1 DAGs
[2023-08-03T01:04:28.669+0000] {logging_mixin.py:150} INFO - [2023-08-03T01:04:28.669+0000] {dag.py:3508} INFO - Setting next_dagrun for example_python_operator to None, run_after=None
[2023-08-03T01:04:28.685+0000] {processor.py:179} INFO - Processing /home/airflow/.local/lib/python3.7/site-packages/airflow/example_dags/example_python_operator.py took 0.088 seconds
[2023-08-03T02:27:41.241+0000] {processor.py:157} INFO - Started process (PID=2789) to work on /home/airflow/.local/lib/python3.7/site-packages/airflow/example_dags/example_python_operator.py
[2023-08-03T02:27:41.242+0000] {processor.py:826} INFO - Processing file /home/airflow/.local/lib/python3.7/site-packages/airflow/example_dags/example_python_operator.py for tasks to queue
[2023-08-03T02:27:41.245+0000] {logging_mixin.py:150} INFO - [2023-08-03T02:27:41.245+0000] {dagbag.py:541} INFO - Filling up the DagBag from /home/airflow/.local/lib/python3.7/site-packages/airflow/example_dags/example_python_operator.py
[2023-08-03T02:27:41.255+0000] {processor.py:836} INFO - DAG(s) dict_keys(['example_python_operator']) retrieved from /home/airflow/.local/lib/python3.7/site-packages/airflow/example_dags/example_python_operator.py
[2023-08-03T02:27:41.280+0000] {logging_mixin.py:150} INFO - [2023-08-03T02:27:41.280+0000] {dag.py:2742} INFO - Sync 1 DAGs
[2023-08-03T02:27:41.298+0000] {logging_mixin.py:150} INFO - [2023-08-03T02:27:41.298+0000] {dag.py:3508} INFO - Setting next_dagrun for example_python_operator to None, run_after=None
[2023-08-03T02:27:41.313+0000] {processor.py:179} INFO - Processing /home/airflow/.local/lib/python3.7/site-packages/airflow/example_dags/example_python_operator.py took 0.076 seconds
[2023-08-03T04:08:05.049+0000] {processor.py:157} INFO - Started process (PID=2846) to work on /home/airflow/.local/lib/python3.7/site-packages/airflow/example_dags/example_python_operator.py
[2023-08-03T04:08:05.051+0000] {processor.py:826} INFO - Processing file /home/airflow/.local/lib/python3.7/site-packages/airflow/example_dags/example_python_operator.py for tasks to queue
[2023-08-03T04:08:05.052+0000] {logging_mixin.py:150} INFO - [2023-08-03T04:08:05.052+0000] {dagbag.py:541} INFO - Filling up the DagBag from /home/airflow/.local/lib/python3.7/site-packages/airflow/example_dags/example_python_operator.py
[2023-08-03T04:08:05.061+0000] {processor.py:836} INFO - DAG(s) dict_keys(['example_python_operator']) retrieved from /home/airflow/.local/lib/python3.7/site-packages/airflow/example_dags/example_python_operator.py
[2023-08-03T04:08:05.090+0000] {logging_mixin.py:150} INFO - [2023-08-03T04:08:05.090+0000] {dag.py:2742} INFO - Sync 1 DAGs
[2023-08-03T04:08:05.115+0000] {logging_mixin.py:150} INFO - [2023-08-03T04:08:05.115+0000] {dag.py:3508} INFO - Setting next_dagrun for example_python_operator to None, run_after=None
[2023-08-03T04:08:05.136+0000] {processor.py:179} INFO - Processing /home/airflow/.local/lib/python3.7/site-packages/airflow/example_dags/example_python_operator.py took 0.090 seconds
[2023-08-03T05:31:53.427+0000] {processor.py:157} INFO - Started process (PID=2903) to work on /home/airflow/.local/lib/python3.7/site-packages/airflow/example_dags/example_python_operator.py
[2023-08-03T05:31:53.442+0000] {processor.py:826} INFO - Processing file /home/airflow/.local/lib/python3.7/site-packages/airflow/example_dags/example_python_operator.py for tasks to queue
[2023-08-03T05:31:53.444+0000] {logging_mixin.py:150} INFO - [2023-08-03T05:31:53.443+0000] {dagbag.py:541} INFO - Filling up the DagBag from /home/airflow/.local/lib/python3.7/site-packages/airflow/example_dags/example_python_operator.py
[2023-08-03T05:31:53.457+0000] {processor.py:836} INFO - DAG(s) dict_keys(['example_python_operator']) retrieved from /home/airflow/.local/lib/python3.7/site-packages/airflow/example_dags/example_python_operator.py
[2023-08-03T05:31:53.497+0000] {logging_mixin.py:150} INFO - [2023-08-03T05:31:53.497+0000] {dag.py:2742} INFO - Sync 1 DAGs
[2023-08-03T05:31:53.523+0000] {logging_mixin.py:150} INFO - [2023-08-03T05:31:53.523+0000] {dag.py:3508} INFO - Setting next_dagrun for example_python_operator to None, run_after=None
[2023-08-03T05:31:53.543+0000] {processor.py:179} INFO - Processing /home/airflow/.local/lib/python3.7/site-packages/airflow/example_dags/example_python_operator.py took 0.119 seconds
[2023-08-03T07:13:15.290+0000] {processor.py:157} INFO - Started process (PID=2960) to work on /home/airflow/.local/lib/python3.7/site-packages/airflow/example_dags/example_python_operator.py
[2023-08-03T07:13:15.292+0000] {processor.py:826} INFO - Processing file /home/airflow/.local/lib/python3.7/site-packages/airflow/example_dags/example_python_operator.py for tasks to queue
[2023-08-03T07:13:15.294+0000] {logging_mixin.py:150} INFO - [2023-08-03T07:13:15.294+0000] {dagbag.py:541} INFO - Filling up the DagBag from /home/airflow/.local/lib/python3.7/site-packages/airflow/example_dags/example_python_operator.py
[2023-08-03T07:13:15.303+0000] {processor.py:836} INFO - DAG(s) dict_keys(['example_python_operator']) retrieved from /home/airflow/.local/lib/python3.7/site-packages/airflow/example_dags/example_python_operator.py
[2023-08-03T07:13:15.331+0000] {logging_mixin.py:150} INFO - [2023-08-03T07:13:15.330+0000] {dag.py:2742} INFO - Sync 1 DAGs
[2023-08-03T07:13:15.351+0000] {logging_mixin.py:150} INFO - [2023-08-03T07:13:15.351+0000] {dag.py:3508} INFO - Setting next_dagrun for example_python_operator to None, run_after=None
[2023-08-03T07:13:15.368+0000] {processor.py:179} INFO - Processing /home/airflow/.local/lib/python3.7/site-packages/airflow/example_dags/example_python_operator.py took 0.081 seconds
[2023-08-03T08:54:05.841+0000] {processor.py:157} INFO - Started process (PID=3017) to work on /home/airflow/.local/lib/python3.7/site-packages/airflow/example_dags/example_python_operator.py
[2023-08-03T08:54:05.844+0000] {processor.py:826} INFO - Processing file /home/airflow/.local/lib/python3.7/site-packages/airflow/example_dags/example_python_operator.py for tasks to queue
[2023-08-03T08:54:05.846+0000] {logging_mixin.py:150} INFO - [2023-08-03T08:54:05.845+0000] {dagbag.py:541} INFO - Filling up the DagBag from /home/airflow/.local/lib/python3.7/site-packages/airflow/example_dags/example_python_operator.py
[2023-08-03T08:54:05.856+0000] {processor.py:836} INFO - DAG(s) dict_keys(['example_python_operator']) retrieved from /home/airflow/.local/lib/python3.7/site-packages/airflow/example_dags/example_python_operator.py
[2023-08-03T08:54:05.880+0000] {logging_mixin.py:150} INFO - [2023-08-03T08:54:05.880+0000] {dag.py:2742} INFO - Sync 1 DAGs
[2023-08-03T08:54:05.938+0000] {logging_mixin.py:150} INFO - [2023-08-03T08:54:05.938+0000] {dag.py:3508} INFO - Setting next_dagrun for example_python_operator to None, run_after=None
[2023-08-03T08:54:05.952+0000] {processor.py:179} INFO - Processing /home/airflow/.local/lib/python3.7/site-packages/airflow/example_dags/example_python_operator.py took 0.115 seconds
[2023-08-03T10:17:23.632+0000] {processor.py:157} INFO - Started process (PID=3074) to work on /home/airflow/.local/lib/python3.7/site-packages/airflow/example_dags/example_python_operator.py
[2023-08-03T10:17:23.635+0000] {processor.py:826} INFO - Processing file /home/airflow/.local/lib/python3.7/site-packages/airflow/example_dags/example_python_operator.py for tasks to queue
[2023-08-03T10:17:23.637+0000] {logging_mixin.py:150} INFO - [2023-08-03T10:17:23.637+0000] {dagbag.py:541} INFO - Filling up the DagBag from /home/airflow/.local/lib/python3.7/site-packages/airflow/example_dags/example_python_operator.py
[2023-08-03T10:17:23.650+0000] {processor.py:836} INFO - DAG(s) dict_keys(['example_python_operator']) retrieved from /home/airflow/.local/lib/python3.7/site-packages/airflow/example_dags/example_python_operator.py
[2023-08-03T10:17:23.679+0000] {logging_mixin.py:150} INFO - [2023-08-03T10:17:23.679+0000] {dag.py:2742} INFO - Sync 1 DAGs
[2023-08-03T10:17:23.698+0000] {logging_mixin.py:150} INFO - [2023-08-03T10:17:23.698+0000] {dag.py:3508} INFO - Setting next_dagrun for example_python_operator to None, run_after=None
[2023-08-03T10:17:23.714+0000] {processor.py:179} INFO - Processing /home/airflow/.local/lib/python3.7/site-packages/airflow/example_dags/example_python_operator.py took 0.086 seconds
[2023-08-03T11:56:08.431+0000] {processor.py:157} INFO - Started process (PID=3132) to work on /home/airflow/.local/lib/python3.7/site-packages/airflow/example_dags/example_python_operator.py
[2023-08-03T11:56:08.433+0000] {processor.py:826} INFO - Processing file /home/airflow/.local/lib/python3.7/site-packages/airflow/example_dags/example_python_operator.py for tasks to queue
[2023-08-03T11:56:08.436+0000] {logging_mixin.py:150} INFO - [2023-08-03T11:56:08.435+0000] {dagbag.py:541} INFO - Filling up the DagBag from /home/airflow/.local/lib/python3.7/site-packages/airflow/example_dags/example_python_operator.py
[2023-08-03T11:56:08.449+0000] {processor.py:836} INFO - DAG(s) dict_keys(['example_python_operator']) retrieved from /home/airflow/.local/lib/python3.7/site-packages/airflow/example_dags/example_python_operator.py
[2023-08-03T11:56:08.485+0000] {logging_mixin.py:150} INFO - [2023-08-03T11:56:08.485+0000] {dag.py:2742} INFO - Sync 1 DAGs
[2023-08-03T11:56:08.510+0000] {logging_mixin.py:150} INFO - [2023-08-03T11:56:08.510+0000] {dag.py:3508} INFO - Setting next_dagrun for example_python_operator to None, run_after=None
[2023-08-03T11:56:08.542+0000] {processor.py:179} INFO - Processing /home/airflow/.local/lib/python3.7/site-packages/airflow/example_dags/example_python_operator.py took 0.116 seconds
[2023-08-03T13:18:48.898+0000] {processor.py:157} INFO - Started process (PID=3189) to work on /home/airflow/.local/lib/python3.7/site-packages/airflow/example_dags/example_python_operator.py
[2023-08-03T13:18:48.901+0000] {processor.py:826} INFO - Processing file /home/airflow/.local/lib/python3.7/site-packages/airflow/example_dags/example_python_operator.py for tasks to queue
[2023-08-03T13:18:48.903+0000] {logging_mixin.py:150} INFO - [2023-08-03T13:18:48.903+0000] {dagbag.py:541} INFO - Filling up the DagBag from /home/airflow/.local/lib/python3.7/site-packages/airflow/example_dags/example_python_operator.py
[2023-08-03T13:18:48.914+0000] {processor.py:836} INFO - DAG(s) dict_keys(['example_python_operator']) retrieved from /home/airflow/.local/lib/python3.7/site-packages/airflow/example_dags/example_python_operator.py
[2023-08-03T13:18:48.944+0000] {logging_mixin.py:150} INFO - [2023-08-03T13:18:48.943+0000] {dag.py:2742} INFO - Sync 1 DAGs
[2023-08-03T13:18:48.966+0000] {logging_mixin.py:150} INFO - [2023-08-03T13:18:48.966+0000] {dag.py:3508} INFO - Setting next_dagrun for example_python_operator to None, run_after=None
[2023-08-03T13:18:48.987+0000] {processor.py:179} INFO - Processing /home/airflow/.local/lib/python3.7/site-packages/airflow/example_dags/example_python_operator.py took 0.093 seconds
[2023-08-03T15:00:04.200+0000] {processor.py:157} INFO - Started process (PID=3245) to work on /home/airflow/.local/lib/python3.7/site-packages/airflow/example_dags/example_python_operator.py
[2023-08-03T15:00:04.213+0000] {processor.py:826} INFO - Processing file /home/airflow/.local/lib/python3.7/site-packages/airflow/example_dags/example_python_operator.py for tasks to queue
[2023-08-03T15:00:04.216+0000] {logging_mixin.py:150} INFO - [2023-08-03T15:00:04.215+0000] {dagbag.py:541} INFO - Filling up the DagBag from /home/airflow/.local/lib/python3.7/site-packages/airflow/example_dags/example_python_operator.py
[2023-08-03T15:00:04.226+0000] {processor.py:836} INFO - DAG(s) dict_keys(['example_python_operator']) retrieved from /home/airflow/.local/lib/python3.7/site-packages/airflow/example_dags/example_python_operator.py
[2023-08-03T15:00:04.274+0000] {logging_mixin.py:150} INFO - [2023-08-03T15:00:04.274+0000] {dag.py:2742} INFO - Sync 1 DAGs
[2023-08-03T15:00:04.306+0000] {logging_mixin.py:150} INFO - [2023-08-03T15:00:04.306+0000] {dag.py:3508} INFO - Setting next_dagrun for example_python_operator to None, run_after=None
[2023-08-03T15:00:04.348+0000] {processor.py:179} INFO - Processing /home/airflow/.local/lib/python3.7/site-packages/airflow/example_dags/example_python_operator.py took 0.151 seconds
[2023-08-03T16:41:35.404+0000] {processor.py:157} INFO - Started process (PID=3302) to work on /home/airflow/.local/lib/python3.7/site-packages/airflow/example_dags/example_python_operator.py
[2023-08-03T16:41:35.407+0000] {processor.py:826} INFO - Processing file /home/airflow/.local/lib/python3.7/site-packages/airflow/example_dags/example_python_operator.py for tasks to queue
[2023-08-03T16:41:35.408+0000] {logging_mixin.py:150} INFO - [2023-08-03T16:41:35.408+0000] {dagbag.py:541} INFO - Filling up the DagBag from /home/airflow/.local/lib/python3.7/site-packages/airflow/example_dags/example_python_operator.py
[2023-08-03T16:41:35.422+0000] {processor.py:836} INFO - DAG(s) dict_keys(['example_python_operator']) retrieved from /home/airflow/.local/lib/python3.7/site-packages/airflow/example_dags/example_python_operator.py
[2023-08-03T16:41:35.451+0000] {logging_mixin.py:150} INFO - [2023-08-03T16:41:35.450+0000] {dag.py:2742} INFO - Sync 1 DAGs
[2023-08-03T16:41:35.469+0000] {logging_mixin.py:150} INFO - [2023-08-03T16:41:35.469+0000] {dag.py:3508} INFO - Setting next_dagrun for example_python_operator to None, run_after=None
[2023-08-03T16:41:35.483+0000] {processor.py:179} INFO - Processing /home/airflow/.local/lib/python3.7/site-packages/airflow/example_dags/example_python_operator.py took 0.083 seconds
[2023-08-03T18:03:00.688+0000] {processor.py:157} INFO - Started process (PID=3358) to work on /home/airflow/.local/lib/python3.7/site-packages/airflow/example_dags/example_python_operator.py
[2023-08-03T18:03:00.690+0000] {processor.py:826} INFO - Processing file /home/airflow/.local/lib/python3.7/site-packages/airflow/example_dags/example_python_operator.py for tasks to queue
[2023-08-03T18:03:00.692+0000] {logging_mixin.py:150} INFO - [2023-08-03T18:03:00.692+0000] {dagbag.py:541} INFO - Filling up the DagBag from /home/airflow/.local/lib/python3.7/site-packages/airflow/example_dags/example_python_operator.py
[2023-08-03T18:03:00.702+0000] {processor.py:836} INFO - DAG(s) dict_keys(['example_python_operator']) retrieved from /home/airflow/.local/lib/python3.7/site-packages/airflow/example_dags/example_python_operator.py
[2023-08-03T18:03:00.728+0000] {logging_mixin.py:150} INFO - [2023-08-03T18:03:00.728+0000] {dag.py:2742} INFO - Sync 1 DAGs
[2023-08-03T18:03:00.762+0000] {logging_mixin.py:150} INFO - [2023-08-03T18:03:00.762+0000] {dag.py:3508} INFO - Setting next_dagrun for example_python_operator to None, run_after=None
[2023-08-03T18:03:00.786+0000] {processor.py:179} INFO - Processing /home/airflow/.local/lib/python3.7/site-packages/airflow/example_dags/example_python_operator.py took 0.101 seconds
[2023-08-03T19:44:22.506+0000] {processor.py:157} INFO - Started process (PID=3415) to work on /home/airflow/.local/lib/python3.7/site-packages/airflow/example_dags/example_python_operator.py
[2023-08-03T19:44:22.508+0000] {processor.py:826} INFO - Processing file /home/airflow/.local/lib/python3.7/site-packages/airflow/example_dags/example_python_operator.py for tasks to queue
[2023-08-03T19:44:22.509+0000] {logging_mixin.py:150} INFO - [2023-08-03T19:44:22.509+0000] {dagbag.py:541} INFO - Filling up the DagBag from /home/airflow/.local/lib/python3.7/site-packages/airflow/example_dags/example_python_operator.py
[2023-08-03T19:44:22.518+0000] {processor.py:836} INFO - DAG(s) dict_keys(['example_python_operator']) retrieved from /home/airflow/.local/lib/python3.7/site-packages/airflow/example_dags/example_python_operator.py
[2023-08-03T19:44:22.545+0000] {logging_mixin.py:150} INFO - [2023-08-03T19:44:22.544+0000] {dag.py:2742} INFO - Sync 1 DAGs
[2023-08-03T19:44:22.569+0000] {logging_mixin.py:150} INFO - [2023-08-03T19:44:22.568+0000] {dag.py:3508} INFO - Setting next_dagrun for example_python_operator to None, run_after=None
[2023-08-03T19:44:22.588+0000] {processor.py:179} INFO - Processing /home/airflow/.local/lib/python3.7/site-packages/airflow/example_dags/example_python_operator.py took 0.085 seconds
[2023-08-03T21:07:12.875+0000] {processor.py:157} INFO - Started process (PID=3472) to work on /home/airflow/.local/lib/python3.7/site-packages/airflow/example_dags/example_python_operator.py
[2023-08-03T21:07:12.878+0000] {processor.py:826} INFO - Processing file /home/airflow/.local/lib/python3.7/site-packages/airflow/example_dags/example_python_operator.py for tasks to queue
[2023-08-03T21:07:12.879+0000] {logging_mixin.py:150} INFO - [2023-08-03T21:07:12.879+0000] {dagbag.py:541} INFO - Filling up the DagBag from /home/airflow/.local/lib/python3.7/site-packages/airflow/example_dags/example_python_operator.py
[2023-08-03T21:07:12.889+0000] {processor.py:836} INFO - DAG(s) dict_keys(['example_python_operator']) retrieved from /home/airflow/.local/lib/python3.7/site-packages/airflow/example_dags/example_python_operator.py
[2023-08-03T21:07:12.915+0000] {logging_mixin.py:150} INFO - [2023-08-03T21:07:12.914+0000] {dag.py:2742} INFO - Sync 1 DAGs
[2023-08-03T21:07:12.934+0000] {logging_mixin.py:150} INFO - [2023-08-03T21:07:12.934+0000] {dag.py:3508} INFO - Setting next_dagrun for example_python_operator to None, run_after=None
[2023-08-03T21:07:12.948+0000] {processor.py:179} INFO - Processing /home/airflow/.local/lib/python3.7/site-packages/airflow/example_dags/example_python_operator.py took 0.077 seconds
[2023-08-03T22:46:10.124+0000] {processor.py:157} INFO - Started process (PID=3529) to work on /home/airflow/.local/lib/python3.7/site-packages/airflow/example_dags/example_python_operator.py
[2023-08-03T22:46:10.127+0000] {processor.py:826} INFO - Processing file /home/airflow/.local/lib/python3.7/site-packages/airflow/example_dags/example_python_operator.py for tasks to queue
[2023-08-03T22:46:10.128+0000] {logging_mixin.py:150} INFO - [2023-08-03T22:46:10.128+0000] {dagbag.py:541} INFO - Filling up the DagBag from /home/airflow/.local/lib/python3.7/site-packages/airflow/example_dags/example_python_operator.py
[2023-08-03T22:46:10.138+0000] {processor.py:836} INFO - DAG(s) dict_keys(['example_python_operator']) retrieved from /home/airflow/.local/lib/python3.7/site-packages/airflow/example_dags/example_python_operator.py
[2023-08-03T22:46:10.165+0000] {logging_mixin.py:150} INFO - [2023-08-03T22:46:10.165+0000] {dag.py:2742} INFO - Sync 1 DAGs
[2023-08-03T22:46:10.183+0000] {logging_mixin.py:150} INFO - [2023-08-03T22:46:10.183+0000] {dag.py:3508} INFO - Setting next_dagrun for example_python_operator to None, run_after=None
[2023-08-03T22:46:10.197+0000] {processor.py:179} INFO - Processing /home/airflow/.local/lib/python3.7/site-packages/airflow/example_dags/example_python_operator.py took 0.077 seconds
[2023-08-03T23:58:30.540+0000] {processor.py:157} INFO - Started process (PID=3585) to work on /home/airflow/.local/lib/python3.7/site-packages/airflow/example_dags/example_python_operator.py
[2023-08-03T23:58:30.598+0000] {processor.py:826} INFO - Processing file /home/airflow/.local/lib/python3.7/site-packages/airflow/example_dags/example_python_operator.py for tasks to queue
[2023-08-03T23:58:30.600+0000] {logging_mixin.py:150} INFO - [2023-08-03T23:58:30.599+0000] {dagbag.py:541} INFO - Filling up the DagBag from /home/airflow/.local/lib/python3.7/site-packages/airflow/example_dags/example_python_operator.py
[2023-08-03T23:58:30.610+0000] {processor.py:836} INFO - DAG(s) dict_keys(['example_python_operator']) retrieved from /home/airflow/.local/lib/python3.7/site-packages/airflow/example_dags/example_python_operator.py
[2023-08-03T23:58:30.649+0000] {logging_mixin.py:150} INFO - [2023-08-03T23:58:30.649+0000] {dag.py:2742} INFO - Sync 1 DAGs
[2023-08-03T23:58:30.666+0000] {logging_mixin.py:150} INFO - [2023-08-03T23:58:30.666+0000] {dag.py:3508} INFO - Setting next_dagrun for example_python_operator to None, run_after=None
[2023-08-03T23:58:30.680+0000] {processor.py:179} INFO - Processing /home/airflow/.local/lib/python3.7/site-packages/airflow/example_dags/example_python_operator.py took 0.144 seconds
[2023-08-03T23:59:00.937+0000] {processor.py:157} INFO - Started process (PID=3642) to work on /home/airflow/.local/lib/python3.7/site-packages/airflow/example_dags/example_python_operator.py
[2023-08-03T23:59:00.944+0000] {processor.py:826} INFO - Processing file /home/airflow/.local/lib/python3.7/site-packages/airflow/example_dags/example_python_operator.py for tasks to queue
[2023-08-03T23:59:00.950+0000] {logging_mixin.py:150} INFO - [2023-08-03T23:59:00.950+0000] {dagbag.py:541} INFO - Filling up the DagBag from /home/airflow/.local/lib/python3.7/site-packages/airflow/example_dags/example_python_operator.py
[2023-08-03T23:59:00.961+0000] {processor.py:836} INFO - DAG(s) dict_keys(['example_python_operator']) retrieved from /home/airflow/.local/lib/python3.7/site-packages/airflow/example_dags/example_python_operator.py
[2023-08-03T23:59:00.989+0000] {logging_mixin.py:150} INFO - [2023-08-03T23:59:00.989+0000] {dag.py:2742} INFO - Sync 1 DAGs
[2023-08-03T23:59:01.008+0000] {logging_mixin.py:150} INFO - [2023-08-03T23:59:01.008+0000] {dag.py:3508} INFO - Setting next_dagrun for example_python_operator to None, run_after=None
[2023-08-03T23:59:01.025+0000] {processor.py:179} INFO - Processing /home/airflow/.local/lib/python3.7/site-packages/airflow/example_dags/example_python_operator.py took 0.094 seconds
[2023-08-03T23:59:32.095+0000] {processor.py:157} INFO - Started process (PID=3700) to work on /home/airflow/.local/lib/python3.7/site-packages/airflow/example_dags/example_python_operator.py
[2023-08-03T23:59:32.098+0000] {processor.py:826} INFO - Processing file /home/airflow/.local/lib/python3.7/site-packages/airflow/example_dags/example_python_operator.py for tasks to queue
[2023-08-03T23:59:32.100+0000] {logging_mixin.py:150} INFO - [2023-08-03T23:59:32.099+0000] {dagbag.py:541} INFO - Filling up the DagBag from /home/airflow/.local/lib/python3.7/site-packages/airflow/example_dags/example_python_operator.py
[2023-08-03T23:59:32.115+0000] {processor.py:836} INFO - DAG(s) dict_keys(['example_python_operator']) retrieved from /home/airflow/.local/lib/python3.7/site-packages/airflow/example_dags/example_python_operator.py
[2023-08-03T23:59:32.146+0000] {logging_mixin.py:150} INFO - [2023-08-03T23:59:32.146+0000] {dag.py:2742} INFO - Sync 1 DAGs
[2023-08-03T23:59:32.166+0000] {logging_mixin.py:150} INFO - [2023-08-03T23:59:32.166+0000] {dag.py:3508} INFO - Setting next_dagrun for example_python_operator to None, run_after=None
[2023-08-03T23:59:32.181+0000] {processor.py:179} INFO - Processing /home/airflow/.local/lib/python3.7/site-packages/airflow/example_dags/example_python_operator.py took 0.089 seconds
