[2023-08-03T01:04:29.359+0000] {processor.py:157} INFO - Started process (PID=2744) to work on /home/airflow/.local/lib/python3.7/site-packages/airflow/example_dags/example_datasets.py
[2023-08-03T01:04:29.370+0000] {processor.py:826} INFO - Processing file /home/airflow/.local/lib/python3.7/site-packages/airflow/example_dags/example_datasets.py for tasks to queue
[2023-08-03T01:04:29.372+0000] {logging_mixin.py:150} INFO - [2023-08-03T01:04:29.371+0000] {dagbag.py:541} INFO - Filling up the DagBag from /home/airflow/.local/lib/python3.7/site-packages/airflow/example_dags/example_datasets.py
[2023-08-03T01:04:29.379+0000] {processor.py:836} INFO - DAG(s) dict_keys(['dataset_produces_2', 'dataset_consumes_unknown_never_scheduled', 'dataset_consumes_1_never_scheduled', 'dataset_consumes_1_and_2', 'dataset_consumes_1', 'dataset_produces_1']) retrieved from /home/airflow/.local/lib/python3.7/site-packages/airflow/example_dags/example_datasets.py
[2023-08-03T01:04:29.412+0000] {logging_mixin.py:150} INFO - [2023-08-03T01:04:29.412+0000] {dag.py:2742} INFO - Sync 6 DAGs
[2023-08-03T01:04:29.432+0000] {logging_mixin.py:150} INFO - [2023-08-03T01:04:29.432+0000] {dag.py:3508} INFO - Setting next_dagrun for dataset_consumes_1 to None, run_after=None
[2023-08-03T01:04:29.436+0000] {logging_mixin.py:150} INFO - [2023-08-03T01:04:29.436+0000] {dag.py:3508} INFO - Setting next_dagrun for dataset_consumes_1_and_2 to None, run_after=None
[2023-08-03T01:04:29.438+0000] {logging_mixin.py:150} INFO - [2023-08-03T01:04:29.438+0000] {dag.py:3508} INFO - Setting next_dagrun for dataset_consumes_1_never_scheduled to None, run_after=None
[2023-08-03T01:04:29.440+0000] {logging_mixin.py:150} INFO - [2023-08-03T01:04:29.440+0000] {dag.py:3508} INFO - Setting next_dagrun for dataset_consumes_unknown_never_scheduled to None, run_after=None
[2023-08-03T01:04:29.448+0000] {logging_mixin.py:150} INFO - [2023-08-03T01:04:29.448+0000] {dag.py:3508} INFO - Setting next_dagrun for dataset_produces_1 to 2023-08-02T00:00:00+00:00, run_after=2023-08-03T00:00:00+00:00
[2023-08-03T01:04:29.450+0000] {logging_mixin.py:150} INFO - [2023-08-03T01:04:29.450+0000] {dag.py:3508} INFO - Setting next_dagrun for dataset_produces_2 to None, run_after=None
[2023-08-03T01:04:29.474+0000] {processor.py:179} INFO - Processing /home/airflow/.local/lib/python3.7/site-packages/airflow/example_dags/example_datasets.py took 0.118 seconds
[2023-08-03T02:27:41.922+0000] {processor.py:157} INFO - Started process (PID=2801) to work on /home/airflow/.local/lib/python3.7/site-packages/airflow/example_dags/example_datasets.py
[2023-08-03T02:27:41.924+0000] {processor.py:826} INFO - Processing file /home/airflow/.local/lib/python3.7/site-packages/airflow/example_dags/example_datasets.py for tasks to queue
[2023-08-03T02:27:41.927+0000] {logging_mixin.py:150} INFO - [2023-08-03T02:27:41.927+0000] {dagbag.py:541} INFO - Filling up the DagBag from /home/airflow/.local/lib/python3.7/site-packages/airflow/example_dags/example_datasets.py
[2023-08-03T02:27:41.935+0000] {processor.py:836} INFO - DAG(s) dict_keys(['dataset_consumes_1_and_2', 'dataset_produces_1', 'dataset_consumes_1_never_scheduled', 'dataset_produces_2', 'dataset_consumes_unknown_never_scheduled', 'dataset_consumes_1']) retrieved from /home/airflow/.local/lib/python3.7/site-packages/airflow/example_dags/example_datasets.py
[2023-08-03T02:27:41.965+0000] {logging_mixin.py:150} INFO - [2023-08-03T02:27:41.965+0000] {dag.py:2742} INFO - Sync 6 DAGs
[2023-08-03T02:27:41.985+0000] {logging_mixin.py:150} INFO - [2023-08-03T02:27:41.985+0000] {dag.py:3508} INFO - Setting next_dagrun for dataset_consumes_1 to None, run_after=None
[2023-08-03T02:27:41.989+0000] {logging_mixin.py:150} INFO - [2023-08-03T02:27:41.988+0000] {dag.py:3508} INFO - Setting next_dagrun for dataset_consumes_1_and_2 to None, run_after=None
[2023-08-03T02:27:41.991+0000] {logging_mixin.py:150} INFO - [2023-08-03T02:27:41.990+0000] {dag.py:3508} INFO - Setting next_dagrun for dataset_consumes_1_never_scheduled to None, run_after=None
[2023-08-03T02:27:41.993+0000] {logging_mixin.py:150} INFO - [2023-08-03T02:27:41.992+0000] {dag.py:3508} INFO - Setting next_dagrun for dataset_consumes_unknown_never_scheduled to None, run_after=None
[2023-08-03T02:27:41.997+0000] {logging_mixin.py:150} INFO - [2023-08-03T02:27:41.996+0000] {dag.py:3508} INFO - Setting next_dagrun for dataset_produces_1 to 2023-08-02T00:00:00+00:00, run_after=2023-08-03T00:00:00+00:00
[2023-08-03T02:27:42.001+0000] {logging_mixin.py:150} INFO - [2023-08-03T02:27:42.001+0000] {dag.py:3508} INFO - Setting next_dagrun for dataset_produces_2 to None, run_after=None
[2023-08-03T02:27:42.022+0000] {processor.py:179} INFO - Processing /home/airflow/.local/lib/python3.7/site-packages/airflow/example_dags/example_datasets.py took 0.104 seconds
[2023-08-03T04:08:05.705+0000] {processor.py:157} INFO - Started process (PID=2858) to work on /home/airflow/.local/lib/python3.7/site-packages/airflow/example_dags/example_datasets.py
[2023-08-03T04:08:05.707+0000] {processor.py:826} INFO - Processing file /home/airflow/.local/lib/python3.7/site-packages/airflow/example_dags/example_datasets.py for tasks to queue
[2023-08-03T04:08:05.708+0000] {logging_mixin.py:150} INFO - [2023-08-03T04:08:05.708+0000] {dagbag.py:541} INFO - Filling up the DagBag from /home/airflow/.local/lib/python3.7/site-packages/airflow/example_dags/example_datasets.py
[2023-08-03T04:08:05.716+0000] {processor.py:836} INFO - DAG(s) dict_keys(['dataset_consumes_1', 'dataset_consumes_1_never_scheduled', 'dataset_consumes_unknown_never_scheduled', 'dataset_consumes_1_and_2', 'dataset_produces_1', 'dataset_produces_2']) retrieved from /home/airflow/.local/lib/python3.7/site-packages/airflow/example_dags/example_datasets.py
[2023-08-03T04:08:05.745+0000] {logging_mixin.py:150} INFO - [2023-08-03T04:08:05.745+0000] {dag.py:2742} INFO - Sync 6 DAGs
[2023-08-03T04:08:05.765+0000] {logging_mixin.py:150} INFO - [2023-08-03T04:08:05.764+0000] {dag.py:3508} INFO - Setting next_dagrun for dataset_consumes_1 to None, run_after=None
[2023-08-03T04:08:05.768+0000] {logging_mixin.py:150} INFO - [2023-08-03T04:08:05.768+0000] {dag.py:3508} INFO - Setting next_dagrun for dataset_consumes_1_and_2 to None, run_after=None
[2023-08-03T04:08:05.770+0000] {logging_mixin.py:150} INFO - [2023-08-03T04:08:05.770+0000] {dag.py:3508} INFO - Setting next_dagrun for dataset_consumes_1_never_scheduled to None, run_after=None
[2023-08-03T04:08:05.772+0000] {logging_mixin.py:150} INFO - [2023-08-03T04:08:05.771+0000] {dag.py:3508} INFO - Setting next_dagrun for dataset_consumes_unknown_never_scheduled to None, run_after=None
[2023-08-03T04:08:05.775+0000] {logging_mixin.py:150} INFO - [2023-08-03T04:08:05.775+0000] {dag.py:3508} INFO - Setting next_dagrun for dataset_produces_1 to 2023-08-02T00:00:00+00:00, run_after=2023-08-03T00:00:00+00:00
[2023-08-03T04:08:05.777+0000] {logging_mixin.py:150} INFO - [2023-08-03T04:08:05.777+0000] {dag.py:3508} INFO - Setting next_dagrun for dataset_produces_2 to None, run_after=None
[2023-08-03T04:08:05.798+0000] {processor.py:179} INFO - Processing /home/airflow/.local/lib/python3.7/site-packages/airflow/example_dags/example_datasets.py took 0.097 seconds
[2023-08-03T05:31:54.138+0000] {processor.py:157} INFO - Started process (PID=2915) to work on /home/airflow/.local/lib/python3.7/site-packages/airflow/example_dags/example_datasets.py
[2023-08-03T05:31:54.140+0000] {processor.py:826} INFO - Processing file /home/airflow/.local/lib/python3.7/site-packages/airflow/example_dags/example_datasets.py for tasks to queue
[2023-08-03T05:31:54.141+0000] {logging_mixin.py:150} INFO - [2023-08-03T05:31:54.141+0000] {dagbag.py:541} INFO - Filling up the DagBag from /home/airflow/.local/lib/python3.7/site-packages/airflow/example_dags/example_datasets.py
[2023-08-03T05:31:54.149+0000] {processor.py:836} INFO - DAG(s) dict_keys(['dataset_consumes_1', 'dataset_consumes_1_and_2', 'dataset_consumes_1_never_scheduled', 'dataset_produces_1', 'dataset_produces_2', 'dataset_consumes_unknown_never_scheduled']) retrieved from /home/airflow/.local/lib/python3.7/site-packages/airflow/example_dags/example_datasets.py
[2023-08-03T05:31:54.181+0000] {logging_mixin.py:150} INFO - [2023-08-03T05:31:54.181+0000] {dag.py:2742} INFO - Sync 6 DAGs
[2023-08-03T05:31:54.203+0000] {logging_mixin.py:150} INFO - [2023-08-03T05:31:54.203+0000] {dag.py:3508} INFO - Setting next_dagrun for dataset_consumes_1 to None, run_after=None
[2023-08-03T05:31:54.207+0000] {logging_mixin.py:150} INFO - [2023-08-03T05:31:54.207+0000] {dag.py:3508} INFO - Setting next_dagrun for dataset_consumes_1_and_2 to None, run_after=None
[2023-08-03T05:31:54.209+0000] {logging_mixin.py:150} INFO - [2023-08-03T05:31:54.209+0000] {dag.py:3508} INFO - Setting next_dagrun for dataset_consumes_1_never_scheduled to None, run_after=None
[2023-08-03T05:31:54.211+0000] {logging_mixin.py:150} INFO - [2023-08-03T05:31:54.211+0000] {dag.py:3508} INFO - Setting next_dagrun for dataset_consumes_unknown_never_scheduled to None, run_after=None
[2023-08-03T05:31:54.214+0000] {logging_mixin.py:150} INFO - [2023-08-03T05:31:54.214+0000] {dag.py:3508} INFO - Setting next_dagrun for dataset_produces_1 to 2023-08-02T00:00:00+00:00, run_after=2023-08-03T00:00:00+00:00
[2023-08-03T05:31:54.218+0000] {logging_mixin.py:150} INFO - [2023-08-03T05:31:54.218+0000] {dag.py:3508} INFO - Setting next_dagrun for dataset_produces_2 to None, run_after=None
[2023-08-03T05:31:54.243+0000] {processor.py:179} INFO - Processing /home/airflow/.local/lib/python3.7/site-packages/airflow/example_dags/example_datasets.py took 0.108 seconds
[2023-08-03T07:13:17.270+0000] {processor.py:157} INFO - Started process (PID=2972) to work on /home/airflow/.local/lib/python3.7/site-packages/airflow/example_dags/example_datasets.py
[2023-08-03T07:13:17.275+0000] {processor.py:826} INFO - Processing file /home/airflow/.local/lib/python3.7/site-packages/airflow/example_dags/example_datasets.py for tasks to queue
[2023-08-03T07:13:17.276+0000] {logging_mixin.py:150} INFO - [2023-08-03T07:13:17.276+0000] {dagbag.py:541} INFO - Filling up the DagBag from /home/airflow/.local/lib/python3.7/site-packages/airflow/example_dags/example_datasets.py
[2023-08-03T07:13:17.284+0000] {processor.py:836} INFO - DAG(s) dict_keys(['dataset_consumes_unknown_never_scheduled', 'dataset_produces_1', 'dataset_consumes_1', 'dataset_consumes_1_never_scheduled', 'dataset_produces_2', 'dataset_consumes_1_and_2']) retrieved from /home/airflow/.local/lib/python3.7/site-packages/airflow/example_dags/example_datasets.py
[2023-08-03T07:13:17.335+0000] {logging_mixin.py:150} INFO - [2023-08-03T07:13:17.335+0000] {dag.py:2742} INFO - Sync 6 DAGs
[2023-08-03T07:13:17.367+0000] {logging_mixin.py:150} INFO - [2023-08-03T07:13:17.367+0000] {dag.py:3508} INFO - Setting next_dagrun for dataset_consumes_1 to None, run_after=None
[2023-08-03T07:13:17.388+0000] {logging_mixin.py:150} INFO - [2023-08-03T07:13:17.388+0000] {dag.py:3508} INFO - Setting next_dagrun for dataset_consumes_1_and_2 to None, run_after=None
[2023-08-03T07:13:17.394+0000] {logging_mixin.py:150} INFO - [2023-08-03T07:13:17.394+0000] {dag.py:3508} INFO - Setting next_dagrun for dataset_consumes_1_never_scheduled to None, run_after=None
[2023-08-03T07:13:17.396+0000] {logging_mixin.py:150} INFO - [2023-08-03T07:13:17.396+0000] {dag.py:3508} INFO - Setting next_dagrun for dataset_consumes_unknown_never_scheduled to None, run_after=None
[2023-08-03T07:13:17.400+0000] {logging_mixin.py:150} INFO - [2023-08-03T07:13:17.400+0000] {dag.py:3508} INFO - Setting next_dagrun for dataset_produces_1 to 2023-08-02T00:00:00+00:00, run_after=2023-08-03T00:00:00+00:00
[2023-08-03T07:13:17.403+0000] {logging_mixin.py:150} INFO - [2023-08-03T07:13:17.403+0000] {dag.py:3508} INFO - Setting next_dagrun for dataset_produces_2 to None, run_after=None
[2023-08-03T07:13:17.427+0000] {processor.py:179} INFO - Processing /home/airflow/.local/lib/python3.7/site-packages/airflow/example_dags/example_datasets.py took 0.160 seconds
[2023-08-03T08:54:06.566+0000] {processor.py:157} INFO - Started process (PID=3029) to work on /home/airflow/.local/lib/python3.7/site-packages/airflow/example_dags/example_datasets.py
[2023-08-03T08:54:06.569+0000] {processor.py:826} INFO - Processing file /home/airflow/.local/lib/python3.7/site-packages/airflow/example_dags/example_datasets.py for tasks to queue
[2023-08-03T08:54:06.571+0000] {logging_mixin.py:150} INFO - [2023-08-03T08:54:06.570+0000] {dagbag.py:541} INFO - Filling up the DagBag from /home/airflow/.local/lib/python3.7/site-packages/airflow/example_dags/example_datasets.py
[2023-08-03T08:54:06.579+0000] {processor.py:836} INFO - DAG(s) dict_keys(['dataset_consumes_unknown_never_scheduled', 'dataset_consumes_1_never_scheduled', 'dataset_consumes_1', 'dataset_produces_2', 'dataset_produces_1', 'dataset_consumes_1_and_2']) retrieved from /home/airflow/.local/lib/python3.7/site-packages/airflow/example_dags/example_datasets.py
[2023-08-03T08:54:06.609+0000] {logging_mixin.py:150} INFO - [2023-08-03T08:54:06.609+0000] {dag.py:2742} INFO - Sync 6 DAGs
[2023-08-03T08:54:06.630+0000] {logging_mixin.py:150} INFO - [2023-08-03T08:54:06.630+0000] {dag.py:3508} INFO - Setting next_dagrun for dataset_consumes_1 to None, run_after=None
[2023-08-03T08:54:06.633+0000] {logging_mixin.py:150} INFO - [2023-08-03T08:54:06.633+0000] {dag.py:3508} INFO - Setting next_dagrun for dataset_consumes_1_and_2 to None, run_after=None
[2023-08-03T08:54:06.635+0000] {logging_mixin.py:150} INFO - [2023-08-03T08:54:06.635+0000] {dag.py:3508} INFO - Setting next_dagrun for dataset_consumes_1_never_scheduled to None, run_after=None
[2023-08-03T08:54:06.639+0000] {logging_mixin.py:150} INFO - [2023-08-03T08:54:06.639+0000] {dag.py:3508} INFO - Setting next_dagrun for dataset_consumes_unknown_never_scheduled to None, run_after=None
[2023-08-03T08:54:06.642+0000] {logging_mixin.py:150} INFO - [2023-08-03T08:54:06.642+0000] {dag.py:3508} INFO - Setting next_dagrun for dataset_produces_1 to 2023-08-02T00:00:00+00:00, run_after=2023-08-03T00:00:00+00:00
[2023-08-03T08:54:06.644+0000] {logging_mixin.py:150} INFO - [2023-08-03T08:54:06.644+0000] {dag.py:3508} INFO - Setting next_dagrun for dataset_produces_2 to None, run_after=None
[2023-08-03T08:54:06.666+0000] {processor.py:179} INFO - Processing /home/airflow/.local/lib/python3.7/site-packages/airflow/example_dags/example_datasets.py took 0.104 seconds
[2023-08-03T10:17:24.658+0000] {processor.py:157} INFO - Started process (PID=3086) to work on /home/airflow/.local/lib/python3.7/site-packages/airflow/example_dags/example_datasets.py
[2023-08-03T10:17:24.660+0000] {processor.py:826} INFO - Processing file /home/airflow/.local/lib/python3.7/site-packages/airflow/example_dags/example_datasets.py for tasks to queue
[2023-08-03T10:17:24.661+0000] {logging_mixin.py:150} INFO - [2023-08-03T10:17:24.661+0000] {dagbag.py:541} INFO - Filling up the DagBag from /home/airflow/.local/lib/python3.7/site-packages/airflow/example_dags/example_datasets.py
[2023-08-03T10:17:24.676+0000] {processor.py:836} INFO - DAG(s) dict_keys(['dataset_produces_2', 'dataset_consumes_1', 'dataset_consumes_1_never_scheduled', 'dataset_produces_1', 'dataset_consumes_unknown_never_scheduled', 'dataset_consumes_1_and_2']) retrieved from /home/airflow/.local/lib/python3.7/site-packages/airflow/example_dags/example_datasets.py
[2023-08-03T10:17:24.706+0000] {logging_mixin.py:150} INFO - [2023-08-03T10:17:24.706+0000] {dag.py:2742} INFO - Sync 6 DAGs
[2023-08-03T10:17:24.722+0000] {logging_mixin.py:150} INFO - [2023-08-03T10:17:24.722+0000] {dag.py:3508} INFO - Setting next_dagrun for dataset_consumes_1 to None, run_after=None
[2023-08-03T10:17:24.725+0000] {logging_mixin.py:150} INFO - [2023-08-03T10:17:24.725+0000] {dag.py:3508} INFO - Setting next_dagrun for dataset_consumes_1_and_2 to None, run_after=None
[2023-08-03T10:17:24.727+0000] {logging_mixin.py:150} INFO - [2023-08-03T10:17:24.727+0000] {dag.py:3508} INFO - Setting next_dagrun for dataset_consumes_1_never_scheduled to None, run_after=None
[2023-08-03T10:17:24.734+0000] {logging_mixin.py:150} INFO - [2023-08-03T10:17:24.734+0000] {dag.py:3508} INFO - Setting next_dagrun for dataset_consumes_unknown_never_scheduled to None, run_after=None
[2023-08-03T10:17:24.738+0000] {logging_mixin.py:150} INFO - [2023-08-03T10:17:24.738+0000] {dag.py:3508} INFO - Setting next_dagrun for dataset_produces_1 to 2023-08-02T00:00:00+00:00, run_after=2023-08-03T00:00:00+00:00
[2023-08-03T10:17:24.740+0000] {logging_mixin.py:150} INFO - [2023-08-03T10:17:24.740+0000] {dag.py:3508} INFO - Setting next_dagrun for dataset_produces_2 to None, run_after=None
[2023-08-03T10:17:24.763+0000] {processor.py:179} INFO - Processing /home/airflow/.local/lib/python3.7/site-packages/airflow/example_dags/example_datasets.py took 0.108 seconds
[2023-08-03T11:56:09.265+0000] {processor.py:157} INFO - Started process (PID=3144) to work on /home/airflow/.local/lib/python3.7/site-packages/airflow/example_dags/example_datasets.py
[2023-08-03T11:56:09.268+0000] {processor.py:826} INFO - Processing file /home/airflow/.local/lib/python3.7/site-packages/airflow/example_dags/example_datasets.py for tasks to queue
[2023-08-03T11:56:09.271+0000] {logging_mixin.py:150} INFO - [2023-08-03T11:56:09.271+0000] {dagbag.py:541} INFO - Filling up the DagBag from /home/airflow/.local/lib/python3.7/site-packages/airflow/example_dags/example_datasets.py
[2023-08-03T11:56:09.281+0000] {processor.py:836} INFO - DAG(s) dict_keys(['dataset_consumes_1', 'dataset_consumes_1_and_2', 'dataset_consumes_1_never_scheduled', 'dataset_consumes_unknown_never_scheduled', 'dataset_produces_1', 'dataset_produces_2']) retrieved from /home/airflow/.local/lib/python3.7/site-packages/airflow/example_dags/example_datasets.py
[2023-08-03T11:56:09.314+0000] {logging_mixin.py:150} INFO - [2023-08-03T11:56:09.314+0000] {dag.py:2742} INFO - Sync 6 DAGs
[2023-08-03T11:56:09.335+0000] {logging_mixin.py:150} INFO - [2023-08-03T11:56:09.335+0000] {dag.py:3508} INFO - Setting next_dagrun for dataset_consumes_1 to None, run_after=None
[2023-08-03T11:56:09.339+0000] {logging_mixin.py:150} INFO - [2023-08-03T11:56:09.339+0000] {dag.py:3508} INFO - Setting next_dagrun for dataset_consumes_1_and_2 to None, run_after=None
[2023-08-03T11:56:09.342+0000] {logging_mixin.py:150} INFO - [2023-08-03T11:56:09.342+0000] {dag.py:3508} INFO - Setting next_dagrun for dataset_consumes_1_never_scheduled to None, run_after=None
[2023-08-03T11:56:09.344+0000] {logging_mixin.py:150} INFO - [2023-08-03T11:56:09.344+0000] {dag.py:3508} INFO - Setting next_dagrun for dataset_consumes_unknown_never_scheduled to None, run_after=None
[2023-08-03T11:56:09.348+0000] {logging_mixin.py:150} INFO - [2023-08-03T11:56:09.347+0000] {dag.py:3508} INFO - Setting next_dagrun for dataset_produces_1 to 2023-08-02T00:00:00+00:00, run_after=2023-08-03T00:00:00+00:00
[2023-08-03T11:56:09.350+0000] {logging_mixin.py:150} INFO - [2023-08-03T11:56:09.350+0000] {dag.py:3508} INFO - Setting next_dagrun for dataset_produces_2 to None, run_after=None
[2023-08-03T11:56:09.449+0000] {processor.py:179} INFO - Processing /home/airflow/.local/lib/python3.7/site-packages/airflow/example_dags/example_datasets.py took 0.187 seconds
[2023-08-03T13:18:49.623+0000] {processor.py:157} INFO - Started process (PID=3201) to work on /home/airflow/.local/lib/python3.7/site-packages/airflow/example_dags/example_datasets.py
[2023-08-03T13:18:49.625+0000] {processor.py:826} INFO - Processing file /home/airflow/.local/lib/python3.7/site-packages/airflow/example_dags/example_datasets.py for tasks to queue
[2023-08-03T13:18:49.628+0000] {logging_mixin.py:150} INFO - [2023-08-03T13:18:49.628+0000] {dagbag.py:541} INFO - Filling up the DagBag from /home/airflow/.local/lib/python3.7/site-packages/airflow/example_dags/example_datasets.py
[2023-08-03T13:18:49.636+0000] {processor.py:836} INFO - DAG(s) dict_keys(['dataset_consumes_1', 'dataset_consumes_unknown_never_scheduled', 'dataset_produces_2', 'dataset_consumes_1_and_2', 'dataset_produces_1', 'dataset_consumes_1_never_scheduled']) retrieved from /home/airflow/.local/lib/python3.7/site-packages/airflow/example_dags/example_datasets.py
[2023-08-03T13:18:49.665+0000] {logging_mixin.py:150} INFO - [2023-08-03T13:18:49.665+0000] {dag.py:2742} INFO - Sync 6 DAGs
[2023-08-03T13:18:49.685+0000] {logging_mixin.py:150} INFO - [2023-08-03T13:18:49.684+0000] {dag.py:3508} INFO - Setting next_dagrun for dataset_consumes_1 to None, run_after=None
[2023-08-03T13:18:49.690+0000] {logging_mixin.py:150} INFO - [2023-08-03T13:18:49.689+0000] {dag.py:3508} INFO - Setting next_dagrun for dataset_consumes_1_and_2 to None, run_after=None
[2023-08-03T13:18:49.691+0000] {logging_mixin.py:150} INFO - [2023-08-03T13:18:49.691+0000] {dag.py:3508} INFO - Setting next_dagrun for dataset_consumes_1_never_scheduled to None, run_after=None
[2023-08-03T13:18:49.693+0000] {logging_mixin.py:150} INFO - [2023-08-03T13:18:49.693+0000] {dag.py:3508} INFO - Setting next_dagrun for dataset_consumes_unknown_never_scheduled to None, run_after=None
[2023-08-03T13:18:49.696+0000] {logging_mixin.py:150} INFO - [2023-08-03T13:18:49.696+0000] {dag.py:3508} INFO - Setting next_dagrun for dataset_produces_1 to 2023-08-02T00:00:00+00:00, run_after=2023-08-03T00:00:00+00:00
[2023-08-03T13:18:49.698+0000] {logging_mixin.py:150} INFO - [2023-08-03T13:18:49.698+0000] {dag.py:3508} INFO - Setting next_dagrun for dataset_produces_2 to None, run_after=None
[2023-08-03T13:18:49.719+0000] {processor.py:179} INFO - Processing /home/airflow/.local/lib/python3.7/site-packages/airflow/example_dags/example_datasets.py took 0.099 seconds
[2023-08-03T15:00:05.079+0000] {processor.py:157} INFO - Started process (PID=3257) to work on /home/airflow/.local/lib/python3.7/site-packages/airflow/example_dags/example_datasets.py
[2023-08-03T15:00:05.082+0000] {processor.py:826} INFO - Processing file /home/airflow/.local/lib/python3.7/site-packages/airflow/example_dags/example_datasets.py for tasks to queue
[2023-08-03T15:00:05.084+0000] {logging_mixin.py:150} INFO - [2023-08-03T15:00:05.084+0000] {dagbag.py:541} INFO - Filling up the DagBag from /home/airflow/.local/lib/python3.7/site-packages/airflow/example_dags/example_datasets.py
[2023-08-03T15:00:05.092+0000] {processor.py:836} INFO - DAG(s) dict_keys(['dataset_consumes_unknown_never_scheduled', 'dataset_consumes_1', 'dataset_consumes_1_never_scheduled', 'dataset_consumes_1_and_2', 'dataset_produces_2', 'dataset_produces_1']) retrieved from /home/airflow/.local/lib/python3.7/site-packages/airflow/example_dags/example_datasets.py
[2023-08-03T15:00:05.125+0000] {logging_mixin.py:150} INFO - [2023-08-03T15:00:05.125+0000] {dag.py:2742} INFO - Sync 6 DAGs
[2023-08-03T15:00:05.150+0000] {logging_mixin.py:150} INFO - [2023-08-03T15:00:05.149+0000] {dag.py:3508} INFO - Setting next_dagrun for dataset_consumes_1 to None, run_after=None
[2023-08-03T15:00:05.155+0000] {logging_mixin.py:150} INFO - [2023-08-03T15:00:05.154+0000] {dag.py:3508} INFO - Setting next_dagrun for dataset_consumes_1_and_2 to None, run_after=None
[2023-08-03T15:00:05.158+0000] {logging_mixin.py:150} INFO - [2023-08-03T15:00:05.158+0000] {dag.py:3508} INFO - Setting next_dagrun for dataset_consumes_1_never_scheduled to None, run_after=None
[2023-08-03T15:00:05.162+0000] {logging_mixin.py:150} INFO - [2023-08-03T15:00:05.161+0000] {dag.py:3508} INFO - Setting next_dagrun for dataset_consumes_unknown_never_scheduled to None, run_after=None
[2023-08-03T15:00:05.165+0000] {logging_mixin.py:150} INFO - [2023-08-03T15:00:05.165+0000] {dag.py:3508} INFO - Setting next_dagrun for dataset_produces_1 to 2023-08-02T00:00:00+00:00, run_after=2023-08-03T00:00:00+00:00
[2023-08-03T15:00:05.168+0000] {logging_mixin.py:150} INFO - [2023-08-03T15:00:05.168+0000] {dag.py:3508} INFO - Setting next_dagrun for dataset_produces_2 to None, run_after=None
[2023-08-03T15:00:05.206+0000] {processor.py:179} INFO - Processing /home/airflow/.local/lib/python3.7/site-packages/airflow/example_dags/example_datasets.py took 0.131 seconds
[2023-08-03T16:41:36.093+0000] {processor.py:157} INFO - Started process (PID=3314) to work on /home/airflow/.local/lib/python3.7/site-packages/airflow/example_dags/example_datasets.py
[2023-08-03T16:41:36.095+0000] {processor.py:826} INFO - Processing file /home/airflow/.local/lib/python3.7/site-packages/airflow/example_dags/example_datasets.py for tasks to queue
[2023-08-03T16:41:36.097+0000] {logging_mixin.py:150} INFO - [2023-08-03T16:41:36.097+0000] {dagbag.py:541} INFO - Filling up the DagBag from /home/airflow/.local/lib/python3.7/site-packages/airflow/example_dags/example_datasets.py
[2023-08-03T16:41:36.105+0000] {processor.py:836} INFO - DAG(s) dict_keys(['dataset_consumes_1_and_2', 'dataset_produces_2', 'dataset_consumes_1', 'dataset_consumes_1_never_scheduled', 'dataset_consumes_unknown_never_scheduled', 'dataset_produces_1']) retrieved from /home/airflow/.local/lib/python3.7/site-packages/airflow/example_dags/example_datasets.py
[2023-08-03T16:41:36.146+0000] {logging_mixin.py:150} INFO - [2023-08-03T16:41:36.146+0000] {dag.py:2742} INFO - Sync 6 DAGs
[2023-08-03T16:41:36.166+0000] {logging_mixin.py:150} INFO - [2023-08-03T16:41:36.165+0000] {dag.py:3508} INFO - Setting next_dagrun for dataset_consumes_1 to None, run_after=None
[2023-08-03T16:41:36.169+0000] {logging_mixin.py:150} INFO - [2023-08-03T16:41:36.169+0000] {dag.py:3508} INFO - Setting next_dagrun for dataset_consumes_1_and_2 to None, run_after=None
[2023-08-03T16:41:36.172+0000] {logging_mixin.py:150} INFO - [2023-08-03T16:41:36.172+0000] {dag.py:3508} INFO - Setting next_dagrun for dataset_consumes_1_never_scheduled to None, run_after=None
[2023-08-03T16:41:36.173+0000] {logging_mixin.py:150} INFO - [2023-08-03T16:41:36.173+0000] {dag.py:3508} INFO - Setting next_dagrun for dataset_consumes_unknown_never_scheduled to None, run_after=None
[2023-08-03T16:41:36.176+0000] {logging_mixin.py:150} INFO - [2023-08-03T16:41:36.176+0000] {dag.py:3508} INFO - Setting next_dagrun for dataset_produces_1 to 2023-08-02T00:00:00+00:00, run_after=2023-08-03T00:00:00+00:00
[2023-08-03T16:41:36.178+0000] {logging_mixin.py:150} INFO - [2023-08-03T16:41:36.178+0000] {dag.py:3508} INFO - Setting next_dagrun for dataset_produces_2 to None, run_after=None
[2023-08-03T16:41:36.201+0000] {processor.py:179} INFO - Processing /home/airflow/.local/lib/python3.7/site-packages/airflow/example_dags/example_datasets.py took 0.112 seconds
[2023-08-03T18:03:01.828+0000] {processor.py:157} INFO - Started process (PID=3370) to work on /home/airflow/.local/lib/python3.7/site-packages/airflow/example_dags/example_datasets.py
[2023-08-03T18:03:01.830+0000] {processor.py:826} INFO - Processing file /home/airflow/.local/lib/python3.7/site-packages/airflow/example_dags/example_datasets.py for tasks to queue
[2023-08-03T18:03:01.832+0000] {logging_mixin.py:150} INFO - [2023-08-03T18:03:01.831+0000] {dagbag.py:541} INFO - Filling up the DagBag from /home/airflow/.local/lib/python3.7/site-packages/airflow/example_dags/example_datasets.py
[2023-08-03T18:03:01.839+0000] {processor.py:836} INFO - DAG(s) dict_keys(['dataset_consumes_1_and_2', 'dataset_consumes_1_never_scheduled', 'dataset_produces_2', 'dataset_produces_1', 'dataset_consumes_unknown_never_scheduled', 'dataset_consumes_1']) retrieved from /home/airflow/.local/lib/python3.7/site-packages/airflow/example_dags/example_datasets.py
[2023-08-03T18:03:01.871+0000] {logging_mixin.py:150} INFO - [2023-08-03T18:03:01.871+0000] {dag.py:2742} INFO - Sync 6 DAGs
[2023-08-03T18:03:01.893+0000] {logging_mixin.py:150} INFO - [2023-08-03T18:03:01.893+0000] {dag.py:3508} INFO - Setting next_dagrun for dataset_consumes_1 to None, run_after=None
[2023-08-03T18:03:01.897+0000] {logging_mixin.py:150} INFO - [2023-08-03T18:03:01.897+0000] {dag.py:3508} INFO - Setting next_dagrun for dataset_consumes_1_and_2 to None, run_after=None
[2023-08-03T18:03:01.909+0000] {logging_mixin.py:150} INFO - [2023-08-03T18:03:01.909+0000] {dag.py:3508} INFO - Setting next_dagrun for dataset_consumes_1_never_scheduled to None, run_after=None
[2023-08-03T18:03:01.911+0000] {logging_mixin.py:150} INFO - [2023-08-03T18:03:01.911+0000] {dag.py:3508} INFO - Setting next_dagrun for dataset_consumes_unknown_never_scheduled to None, run_after=None
[2023-08-03T18:03:01.915+0000] {logging_mixin.py:150} INFO - [2023-08-03T18:03:01.915+0000] {dag.py:3508} INFO - Setting next_dagrun for dataset_produces_1 to 2023-08-02T00:00:00+00:00, run_after=2023-08-03T00:00:00+00:00
[2023-08-03T18:03:01.918+0000] {logging_mixin.py:150} INFO - [2023-08-03T18:03:01.918+0000] {dag.py:3508} INFO - Setting next_dagrun for dataset_produces_2 to None, run_after=None
[2023-08-03T18:03:01.942+0000] {processor.py:179} INFO - Processing /home/airflow/.local/lib/python3.7/site-packages/airflow/example_dags/example_datasets.py took 0.117 seconds
[2023-08-03T19:44:23.280+0000] {processor.py:157} INFO - Started process (PID=3427) to work on /home/airflow/.local/lib/python3.7/site-packages/airflow/example_dags/example_datasets.py
[2023-08-03T19:44:23.282+0000] {processor.py:826} INFO - Processing file /home/airflow/.local/lib/python3.7/site-packages/airflow/example_dags/example_datasets.py for tasks to queue
[2023-08-03T19:44:23.284+0000] {logging_mixin.py:150} INFO - [2023-08-03T19:44:23.283+0000] {dagbag.py:541} INFO - Filling up the DagBag from /home/airflow/.local/lib/python3.7/site-packages/airflow/example_dags/example_datasets.py
[2023-08-03T19:44:23.291+0000] {processor.py:836} INFO - DAG(s) dict_keys(['dataset_produces_1', 'dataset_produces_2', 'dataset_consumes_1', 'dataset_consumes_1_never_scheduled', 'dataset_consumes_1_and_2', 'dataset_consumes_unknown_never_scheduled']) retrieved from /home/airflow/.local/lib/python3.7/site-packages/airflow/example_dags/example_datasets.py
[2023-08-03T19:44:23.323+0000] {logging_mixin.py:150} INFO - [2023-08-03T19:44:23.323+0000] {dag.py:2742} INFO - Sync 6 DAGs
[2023-08-03T19:44:23.343+0000] {logging_mixin.py:150} INFO - [2023-08-03T19:44:23.343+0000] {dag.py:3508} INFO - Setting next_dagrun for dataset_consumes_1 to None, run_after=None
[2023-08-03T19:44:23.348+0000] {logging_mixin.py:150} INFO - [2023-08-03T19:44:23.347+0000] {dag.py:3508} INFO - Setting next_dagrun for dataset_consumes_1_and_2 to None, run_after=None
[2023-08-03T19:44:23.350+0000] {logging_mixin.py:150} INFO - [2023-08-03T19:44:23.350+0000] {dag.py:3508} INFO - Setting next_dagrun for dataset_consumes_1_never_scheduled to None, run_after=None
[2023-08-03T19:44:23.355+0000] {logging_mixin.py:150} INFO - [2023-08-03T19:44:23.355+0000] {dag.py:3508} INFO - Setting next_dagrun for dataset_consumes_unknown_never_scheduled to None, run_after=None
[2023-08-03T19:44:23.359+0000] {logging_mixin.py:150} INFO - [2023-08-03T19:44:23.359+0000] {dag.py:3508} INFO - Setting next_dagrun for dataset_produces_1 to 2023-08-02T00:00:00+00:00, run_after=2023-08-03T00:00:00+00:00
[2023-08-03T19:44:23.361+0000] {logging_mixin.py:150} INFO - [2023-08-03T19:44:23.361+0000] {dag.py:3508} INFO - Setting next_dagrun for dataset_produces_2 to None, run_after=None
[2023-08-03T19:44:23.389+0000] {processor.py:179} INFO - Processing /home/airflow/.local/lib/python3.7/site-packages/airflow/example_dags/example_datasets.py took 0.112 seconds
[2023-08-03T21:07:13.754+0000] {processor.py:157} INFO - Started process (PID=3484) to work on /home/airflow/.local/lib/python3.7/site-packages/airflow/example_dags/example_datasets.py
[2023-08-03T21:07:13.756+0000] {processor.py:826} INFO - Processing file /home/airflow/.local/lib/python3.7/site-packages/airflow/example_dags/example_datasets.py for tasks to queue
[2023-08-03T21:07:13.758+0000] {logging_mixin.py:150} INFO - [2023-08-03T21:07:13.757+0000] {dagbag.py:541} INFO - Filling up the DagBag from /home/airflow/.local/lib/python3.7/site-packages/airflow/example_dags/example_datasets.py
[2023-08-03T21:07:13.766+0000] {processor.py:836} INFO - DAG(s) dict_keys(['dataset_consumes_1', 'dataset_consumes_unknown_never_scheduled', 'dataset_consumes_1_never_scheduled', 'dataset_consumes_1_and_2', 'dataset_produces_2', 'dataset_produces_1']) retrieved from /home/airflow/.local/lib/python3.7/site-packages/airflow/example_dags/example_datasets.py
[2023-08-03T21:07:13.802+0000] {logging_mixin.py:150} INFO - [2023-08-03T21:07:13.802+0000] {dag.py:2742} INFO - Sync 6 DAGs
[2023-08-03T21:07:13.824+0000] {logging_mixin.py:150} INFO - [2023-08-03T21:07:13.824+0000] {dag.py:3508} INFO - Setting next_dagrun for dataset_consumes_1 to None, run_after=None
[2023-08-03T21:07:13.835+0000] {logging_mixin.py:150} INFO - [2023-08-03T21:07:13.835+0000] {dag.py:3508} INFO - Setting next_dagrun for dataset_consumes_1_and_2 to None, run_after=None
[2023-08-03T21:07:13.839+0000] {logging_mixin.py:150} INFO - [2023-08-03T21:07:13.839+0000] {dag.py:3508} INFO - Setting next_dagrun for dataset_consumes_1_never_scheduled to None, run_after=None
[2023-08-03T21:07:13.842+0000] {logging_mixin.py:150} INFO - [2023-08-03T21:07:13.842+0000] {dag.py:3508} INFO - Setting next_dagrun for dataset_consumes_unknown_never_scheduled to None, run_after=None
[2023-08-03T21:07:13.846+0000] {logging_mixin.py:150} INFO - [2023-08-03T21:07:13.845+0000] {dag.py:3508} INFO - Setting next_dagrun for dataset_produces_1 to 2023-08-02T00:00:00+00:00, run_after=2023-08-03T00:00:00+00:00
[2023-08-03T21:07:13.848+0000] {logging_mixin.py:150} INFO - [2023-08-03T21:07:13.848+0000] {dag.py:3508} INFO - Setting next_dagrun for dataset_produces_2 to None, run_after=None
[2023-08-03T21:07:13.875+0000] {processor.py:179} INFO - Processing /home/airflow/.local/lib/python3.7/site-packages/airflow/example_dags/example_datasets.py took 0.125 seconds
[2023-08-03T22:46:10.931+0000] {processor.py:157} INFO - Started process (PID=3541) to work on /home/airflow/.local/lib/python3.7/site-packages/airflow/example_dags/example_datasets.py
[2023-08-03T22:46:10.941+0000] {processor.py:826} INFO - Processing file /home/airflow/.local/lib/python3.7/site-packages/airflow/example_dags/example_datasets.py for tasks to queue
[2023-08-03T22:46:10.943+0000] {logging_mixin.py:150} INFO - [2023-08-03T22:46:10.943+0000] {dagbag.py:541} INFO - Filling up the DagBag from /home/airflow/.local/lib/python3.7/site-packages/airflow/example_dags/example_datasets.py
[2023-08-03T22:46:10.952+0000] {processor.py:836} INFO - DAG(s) dict_keys(['dataset_consumes_unknown_never_scheduled', 'dataset_consumes_1_and_2', 'dataset_produces_2', 'dataset_consumes_1_never_scheduled', 'dataset_produces_1', 'dataset_consumes_1']) retrieved from /home/airflow/.local/lib/python3.7/site-packages/airflow/example_dags/example_datasets.py
[2023-08-03T22:46:10.984+0000] {logging_mixin.py:150} INFO - [2023-08-03T22:46:10.984+0000] {dag.py:2742} INFO - Sync 6 DAGs
[2023-08-03T22:46:11.004+0000] {logging_mixin.py:150} INFO - [2023-08-03T22:46:11.004+0000] {dag.py:3508} INFO - Setting next_dagrun for dataset_consumes_1 to None, run_after=None
[2023-08-03T22:46:11.008+0000] {logging_mixin.py:150} INFO - [2023-08-03T22:46:11.008+0000] {dag.py:3508} INFO - Setting next_dagrun for dataset_consumes_1_and_2 to None, run_after=None
[2023-08-03T22:46:11.010+0000] {logging_mixin.py:150} INFO - [2023-08-03T22:46:11.010+0000] {dag.py:3508} INFO - Setting next_dagrun for dataset_consumes_1_never_scheduled to None, run_after=None
[2023-08-03T22:46:11.012+0000] {logging_mixin.py:150} INFO - [2023-08-03T22:46:11.012+0000] {dag.py:3508} INFO - Setting next_dagrun for dataset_consumes_unknown_never_scheduled to None, run_after=None
[2023-08-03T22:46:11.015+0000] {logging_mixin.py:150} INFO - [2023-08-03T22:46:11.015+0000] {dag.py:3508} INFO - Setting next_dagrun for dataset_produces_1 to 2023-08-02T00:00:00+00:00, run_after=2023-08-03T00:00:00+00:00
[2023-08-03T22:46:11.027+0000] {logging_mixin.py:150} INFO - [2023-08-03T22:46:11.026+0000] {dag.py:3508} INFO - Setting next_dagrun for dataset_produces_2 to None, run_after=None
[2023-08-03T22:46:11.050+0000] {processor.py:179} INFO - Processing /home/airflow/.local/lib/python3.7/site-packages/airflow/example_dags/example_datasets.py took 0.122 seconds
[2023-08-03T23:58:31.592+0000] {processor.py:157} INFO - Started process (PID=3597) to work on /home/airflow/.local/lib/python3.7/site-packages/airflow/example_dags/example_datasets.py
[2023-08-03T23:58:31.594+0000] {processor.py:826} INFO - Processing file /home/airflow/.local/lib/python3.7/site-packages/airflow/example_dags/example_datasets.py for tasks to queue
[2023-08-03T23:58:31.596+0000] {logging_mixin.py:150} INFO - [2023-08-03T23:58:31.596+0000] {dagbag.py:541} INFO - Filling up the DagBag from /home/airflow/.local/lib/python3.7/site-packages/airflow/example_dags/example_datasets.py
[2023-08-03T23:58:31.606+0000] {processor.py:836} INFO - DAG(s) dict_keys(['dataset_produces_1', 'dataset_produces_2', 'dataset_consumes_1', 'dataset_consumes_1_and_2', 'dataset_consumes_1_never_scheduled', 'dataset_consumes_unknown_never_scheduled']) retrieved from /home/airflow/.local/lib/python3.7/site-packages/airflow/example_dags/example_datasets.py
[2023-08-03T23:58:31.646+0000] {logging_mixin.py:150} INFO - [2023-08-03T23:58:31.646+0000] {dag.py:2742} INFO - Sync 6 DAGs
[2023-08-03T23:58:31.671+0000] {logging_mixin.py:150} INFO - [2023-08-03T23:58:31.671+0000] {dag.py:3508} INFO - Setting next_dagrun for dataset_consumes_1 to None, run_after=None
[2023-08-03T23:58:31.678+0000] {logging_mixin.py:150} INFO - [2023-08-03T23:58:31.678+0000] {dag.py:3508} INFO - Setting next_dagrun for dataset_consumes_1_and_2 to None, run_after=None
[2023-08-03T23:58:31.681+0000] {logging_mixin.py:150} INFO - [2023-08-03T23:58:31.681+0000] {dag.py:3508} INFO - Setting next_dagrun for dataset_consumes_1_never_scheduled to None, run_after=None
[2023-08-03T23:58:31.683+0000] {logging_mixin.py:150} INFO - [2023-08-03T23:58:31.683+0000] {dag.py:3508} INFO - Setting next_dagrun for dataset_consumes_unknown_never_scheduled to None, run_after=None
[2023-08-03T23:58:31.686+0000] {logging_mixin.py:150} INFO - [2023-08-03T23:58:31.686+0000] {dag.py:3508} INFO - Setting next_dagrun for dataset_produces_1 to 2023-08-02T00:00:00+00:00, run_after=2023-08-03T00:00:00+00:00
[2023-08-03T23:58:31.688+0000] {logging_mixin.py:150} INFO - [2023-08-03T23:58:31.688+0000] {dag.py:3508} INFO - Setting next_dagrun for dataset_produces_2 to None, run_after=None
[2023-08-03T23:58:31.715+0000] {processor.py:179} INFO - Processing /home/airflow/.local/lib/python3.7/site-packages/airflow/example_dags/example_datasets.py took 0.127 seconds
[2023-08-03T23:59:01.762+0000] {processor.py:157} INFO - Started process (PID=3653) to work on /home/airflow/.local/lib/python3.7/site-packages/airflow/example_dags/example_datasets.py
[2023-08-03T23:59:01.768+0000] {processor.py:826} INFO - Processing file /home/airflow/.local/lib/python3.7/site-packages/airflow/example_dags/example_datasets.py for tasks to queue
[2023-08-03T23:59:01.770+0000] {logging_mixin.py:150} INFO - [2023-08-03T23:59:01.770+0000] {dagbag.py:541} INFO - Filling up the DagBag from /home/airflow/.local/lib/python3.7/site-packages/airflow/example_dags/example_datasets.py
[2023-08-03T23:59:01.777+0000] {processor.py:836} INFO - DAG(s) dict_keys(['dataset_produces_2', 'dataset_consumes_1', 'dataset_consumes_1_and_2', 'dataset_produces_1', 'dataset_consumes_1_never_scheduled', 'dataset_consumes_unknown_never_scheduled']) retrieved from /home/airflow/.local/lib/python3.7/site-packages/airflow/example_dags/example_datasets.py
[2023-08-03T23:59:01.805+0000] {logging_mixin.py:150} INFO - [2023-08-03T23:59:01.805+0000] {dag.py:2742} INFO - Sync 6 DAGs
[2023-08-03T23:59:01.822+0000] {logging_mixin.py:150} INFO - [2023-08-03T23:59:01.821+0000] {dag.py:3508} INFO - Setting next_dagrun for dataset_consumes_1 to None, run_after=None
[2023-08-03T23:59:01.825+0000] {logging_mixin.py:150} INFO - [2023-08-03T23:59:01.825+0000] {dag.py:3508} INFO - Setting next_dagrun for dataset_consumes_1_and_2 to None, run_after=None
[2023-08-03T23:59:01.827+0000] {logging_mixin.py:150} INFO - [2023-08-03T23:59:01.826+0000] {dag.py:3508} INFO - Setting next_dagrun for dataset_consumes_1_never_scheduled to None, run_after=None
[2023-08-03T23:59:01.828+0000] {logging_mixin.py:150} INFO - [2023-08-03T23:59:01.828+0000] {dag.py:3508} INFO - Setting next_dagrun for dataset_consumes_unknown_never_scheduled to None, run_after=None
[2023-08-03T23:59:01.830+0000] {logging_mixin.py:150} INFO - [2023-08-03T23:59:01.830+0000] {dag.py:3508} INFO - Setting next_dagrun for dataset_produces_1 to 2023-08-02T00:00:00+00:00, run_after=2023-08-03T00:00:00+00:00
[2023-08-03T23:59:01.838+0000] {logging_mixin.py:150} INFO - [2023-08-03T23:59:01.838+0000] {dag.py:3508} INFO - Setting next_dagrun for dataset_produces_2 to None, run_after=None
[2023-08-03T23:59:01.858+0000] {processor.py:179} INFO - Processing /home/airflow/.local/lib/python3.7/site-packages/airflow/example_dags/example_datasets.py took 0.099 seconds
[2023-08-03T23:59:32.789+0000] {processor.py:157} INFO - Started process (PID=3711) to work on /home/airflow/.local/lib/python3.7/site-packages/airflow/example_dags/example_datasets.py
[2023-08-03T23:59:32.792+0000] {processor.py:826} INFO - Processing file /home/airflow/.local/lib/python3.7/site-packages/airflow/example_dags/example_datasets.py for tasks to queue
[2023-08-03T23:59:32.853+0000] {logging_mixin.py:150} INFO - [2023-08-03T23:59:32.853+0000] {dagbag.py:541} INFO - Filling up the DagBag from /home/airflow/.local/lib/python3.7/site-packages/airflow/example_dags/example_datasets.py
[2023-08-03T23:59:32.865+0000] {processor.py:836} INFO - DAG(s) dict_keys(['dataset_consumes_1', 'dataset_consumes_1_never_scheduled', 'dataset_produces_1', 'dataset_produces_2', 'dataset_consumes_unknown_never_scheduled', 'dataset_consumes_1_and_2']) retrieved from /home/airflow/.local/lib/python3.7/site-packages/airflow/example_dags/example_datasets.py
[2023-08-03T23:59:32.895+0000] {logging_mixin.py:150} INFO - [2023-08-03T23:59:32.895+0000] {dag.py:2742} INFO - Sync 6 DAGs
[2023-08-03T23:59:32.912+0000] {logging_mixin.py:150} INFO - [2023-08-03T23:59:32.912+0000] {dag.py:3508} INFO - Setting next_dagrun for dataset_consumes_1 to None, run_after=None
[2023-08-03T23:59:32.915+0000] {logging_mixin.py:150} INFO - [2023-08-03T23:59:32.915+0000] {dag.py:3508} INFO - Setting next_dagrun for dataset_consumes_1_and_2 to None, run_after=None
[2023-08-03T23:59:32.917+0000] {logging_mixin.py:150} INFO - [2023-08-03T23:59:32.917+0000] {dag.py:3508} INFO - Setting next_dagrun for dataset_consumes_1_never_scheduled to None, run_after=None
[2023-08-03T23:59:32.918+0000] {logging_mixin.py:150} INFO - [2023-08-03T23:59:32.918+0000] {dag.py:3508} INFO - Setting next_dagrun for dataset_consumes_unknown_never_scheduled to None, run_after=None
[2023-08-03T23:59:32.921+0000] {logging_mixin.py:150} INFO - [2023-08-03T23:59:32.920+0000] {dag.py:3508} INFO - Setting next_dagrun for dataset_produces_1 to 2023-08-02T00:00:00+00:00, run_after=2023-08-03T00:00:00+00:00
[2023-08-03T23:59:32.922+0000] {logging_mixin.py:150} INFO - [2023-08-03T23:59:32.922+0000] {dag.py:3508} INFO - Setting next_dagrun for dataset_produces_2 to None, run_after=None
[2023-08-03T23:59:32.944+0000] {processor.py:179} INFO - Processing /home/airflow/.local/lib/python3.7/site-packages/airflow/example_dags/example_datasets.py took 0.159 seconds
