[2023-08-03T01:04:30.004+0000] {processor.py:157} INFO - Started process (PID=2752) to work on /home/airflow/.local/lib/python3.7/site-packages/airflow/example_dags/example_sla_dag.py
[2023-08-03T01:04:30.006+0000] {processor.py:826} INFO - Processing file /home/airflow/.local/lib/python3.7/site-packages/airflow/example_dags/example_sla_dag.py for tasks to queue
[2023-08-03T01:04:30.007+0000] {logging_mixin.py:150} INFO - [2023-08-03T01:04:30.007+0000] {dagbag.py:541} INFO - Filling up the DagBag from /home/airflow/.local/lib/python3.7/site-packages/airflow/example_dags/example_sla_dag.py
[2023-08-03T01:04:30.014+0000] {processor.py:836} INFO - DAG(s) dict_keys(['example_sla_dag']) retrieved from /home/airflow/.local/lib/python3.7/site-packages/airflow/example_dags/example_sla_dag.py
[2023-08-03T01:04:30.040+0000] {logging_mixin.py:150} INFO - [2023-08-03T01:04:30.040+0000] {dag.py:2742} INFO - Sync 1 DAGs
[2023-08-03T01:04:30.062+0000] {logging_mixin.py:150} INFO - [2023-08-03T01:04:30.062+0000] {dag.py:3508} INFO - Setting next_dagrun for example_sla_dag to 2023-08-03T01:02:00+00:00, run_after=2023-08-03T01:04:00+00:00
[2023-08-03T01:04:30.076+0000] {processor.py:179} INFO - Processing /home/airflow/.local/lib/python3.7/site-packages/airflow/example_dags/example_sla_dag.py took 0.075 seconds
[2023-08-03T02:27:42.548+0000] {processor.py:157} INFO - Started process (PID=2809) to work on /home/airflow/.local/lib/python3.7/site-packages/airflow/example_dags/example_sla_dag.py
[2023-08-03T02:27:42.552+0000] {processor.py:826} INFO - Processing file /home/airflow/.local/lib/python3.7/site-packages/airflow/example_dags/example_sla_dag.py for tasks to queue
[2023-08-03T02:27:42.553+0000] {logging_mixin.py:150} INFO - [2023-08-03T02:27:42.553+0000] {dagbag.py:541} INFO - Filling up the DagBag from /home/airflow/.local/lib/python3.7/site-packages/airflow/example_dags/example_sla_dag.py
[2023-08-03T02:27:42.560+0000] {processor.py:836} INFO - DAG(s) dict_keys(['example_sla_dag']) retrieved from /home/airflow/.local/lib/python3.7/site-packages/airflow/example_dags/example_sla_dag.py
[2023-08-03T02:27:42.582+0000] {logging_mixin.py:150} INFO - [2023-08-03T02:27:42.582+0000] {dag.py:2742} INFO - Sync 1 DAGs
[2023-08-03T02:27:42.603+0000] {logging_mixin.py:150} INFO - [2023-08-03T02:27:42.603+0000] {dag.py:3508} INFO - Setting next_dagrun for example_sla_dag to 2023-08-03T02:24:00+00:00, run_after=2023-08-03T02:26:00+00:00
[2023-08-03T02:27:42.668+0000] {processor.py:179} INFO - Processing /home/airflow/.local/lib/python3.7/site-packages/airflow/example_dags/example_sla_dag.py took 0.123 seconds
[2023-08-03T04:08:06.374+0000] {processor.py:157} INFO - Started process (PID=2866) to work on /home/airflow/.local/lib/python3.7/site-packages/airflow/example_dags/example_sla_dag.py
[2023-08-03T04:08:06.376+0000] {processor.py:826} INFO - Processing file /home/airflow/.local/lib/python3.7/site-packages/airflow/example_dags/example_sla_dag.py for tasks to queue
[2023-08-03T04:08:06.377+0000] {logging_mixin.py:150} INFO - [2023-08-03T04:08:06.377+0000] {dagbag.py:541} INFO - Filling up the DagBag from /home/airflow/.local/lib/python3.7/site-packages/airflow/example_dags/example_sla_dag.py
[2023-08-03T04:08:06.385+0000] {processor.py:836} INFO - DAG(s) dict_keys(['example_sla_dag']) retrieved from /home/airflow/.local/lib/python3.7/site-packages/airflow/example_dags/example_sla_dag.py
[2023-08-03T04:08:06.409+0000] {logging_mixin.py:150} INFO - [2023-08-03T04:08:06.408+0000] {dag.py:2742} INFO - Sync 1 DAGs
[2023-08-03T04:08:06.437+0000] {logging_mixin.py:150} INFO - [2023-08-03T04:08:06.437+0000] {dag.py:3508} INFO - Setting next_dagrun for example_sla_dag to 2023-08-03T04:06:00+00:00, run_after=2023-08-03T04:08:00+00:00
[2023-08-03T04:08:06.450+0000] {processor.py:179} INFO - Processing /home/airflow/.local/lib/python3.7/site-packages/airflow/example_dags/example_sla_dag.py took 0.079 seconds
[2023-08-03T05:31:54.791+0000] {processor.py:157} INFO - Started process (PID=2923) to work on /home/airflow/.local/lib/python3.7/site-packages/airflow/example_dags/example_sla_dag.py
[2023-08-03T05:31:54.846+0000] {processor.py:826} INFO - Processing file /home/airflow/.local/lib/python3.7/site-packages/airflow/example_dags/example_sla_dag.py for tasks to queue
[2023-08-03T05:31:54.848+0000] {logging_mixin.py:150} INFO - [2023-08-03T05:31:54.848+0000] {dagbag.py:541} INFO - Filling up the DagBag from /home/airflow/.local/lib/python3.7/site-packages/airflow/example_dags/example_sla_dag.py
[2023-08-03T05:31:54.856+0000] {processor.py:836} INFO - DAG(s) dict_keys(['example_sla_dag']) retrieved from /home/airflow/.local/lib/python3.7/site-packages/airflow/example_dags/example_sla_dag.py
[2023-08-03T05:31:54.878+0000] {logging_mixin.py:150} INFO - [2023-08-03T05:31:54.878+0000] {dag.py:2742} INFO - Sync 1 DAGs
[2023-08-03T05:31:54.896+0000] {logging_mixin.py:150} INFO - [2023-08-03T05:31:54.896+0000] {dag.py:3508} INFO - Setting next_dagrun for example_sla_dag to 2023-08-03T05:28:00+00:00, run_after=2023-08-03T05:30:00+00:00
[2023-08-03T05:31:54.910+0000] {processor.py:179} INFO - Processing /home/airflow/.local/lib/python3.7/site-packages/airflow/example_dags/example_sla_dag.py took 0.123 seconds
[2023-08-03T07:13:17.964+0000] {processor.py:157} INFO - Started process (PID=2980) to work on /home/airflow/.local/lib/python3.7/site-packages/airflow/example_dags/example_sla_dag.py
[2023-08-03T07:13:17.967+0000] {processor.py:826} INFO - Processing file /home/airflow/.local/lib/python3.7/site-packages/airflow/example_dags/example_sla_dag.py for tasks to queue
[2023-08-03T07:13:17.969+0000] {logging_mixin.py:150} INFO - [2023-08-03T07:13:17.969+0000] {dagbag.py:541} INFO - Filling up the DagBag from /home/airflow/.local/lib/python3.7/site-packages/airflow/example_dags/example_sla_dag.py
[2023-08-03T07:13:17.980+0000] {processor.py:836} INFO - DAG(s) dict_keys(['example_sla_dag']) retrieved from /home/airflow/.local/lib/python3.7/site-packages/airflow/example_dags/example_sla_dag.py
[2023-08-03T07:13:18.014+0000] {logging_mixin.py:150} INFO - [2023-08-03T07:13:18.014+0000] {dag.py:2742} INFO - Sync 1 DAGs
[2023-08-03T07:13:18.044+0000] {logging_mixin.py:150} INFO - [2023-08-03T07:13:18.044+0000] {dag.py:3508} INFO - Setting next_dagrun for example_sla_dag to 2023-08-03T07:10:00+00:00, run_after=2023-08-03T07:12:00+00:00
[2023-08-03T07:13:18.066+0000] {processor.py:179} INFO - Processing /home/airflow/.local/lib/python3.7/site-packages/airflow/example_dags/example_sla_dag.py took 0.106 seconds
[2023-08-03T08:54:07.275+0000] {processor.py:157} INFO - Started process (PID=3037) to work on /home/airflow/.local/lib/python3.7/site-packages/airflow/example_dags/example_sla_dag.py
[2023-08-03T08:54:07.277+0000] {processor.py:826} INFO - Processing file /home/airflow/.local/lib/python3.7/site-packages/airflow/example_dags/example_sla_dag.py for tasks to queue
[2023-08-03T08:54:07.281+0000] {logging_mixin.py:150} INFO - [2023-08-03T08:54:07.280+0000] {dagbag.py:541} INFO - Filling up the DagBag from /home/airflow/.local/lib/python3.7/site-packages/airflow/example_dags/example_sla_dag.py
[2023-08-03T08:54:07.288+0000] {processor.py:836} INFO - DAG(s) dict_keys(['example_sla_dag']) retrieved from /home/airflow/.local/lib/python3.7/site-packages/airflow/example_dags/example_sla_dag.py
[2023-08-03T08:54:07.310+0000] {logging_mixin.py:150} INFO - [2023-08-03T08:54:07.310+0000] {dag.py:2742} INFO - Sync 1 DAGs
[2023-08-03T08:54:07.348+0000] {logging_mixin.py:150} INFO - [2023-08-03T08:54:07.348+0000] {dag.py:3508} INFO - Setting next_dagrun for example_sla_dag to 2023-08-03T08:52:00+00:00, run_after=2023-08-03T08:54:00+00:00
[2023-08-03T08:54:07.371+0000] {processor.py:179} INFO - Processing /home/airflow/.local/lib/python3.7/site-packages/airflow/example_dags/example_sla_dag.py took 0.100 seconds
[2023-08-03T10:17:25.193+0000] {processor.py:157} INFO - Started process (PID=3094) to work on /home/airflow/.local/lib/python3.7/site-packages/airflow/example_dags/example_sla_dag.py
[2023-08-03T10:17:25.195+0000] {processor.py:826} INFO - Processing file /home/airflow/.local/lib/python3.7/site-packages/airflow/example_dags/example_sla_dag.py for tasks to queue
[2023-08-03T10:17:25.197+0000] {logging_mixin.py:150} INFO - [2023-08-03T10:17:25.197+0000] {dagbag.py:541} INFO - Filling up the DagBag from /home/airflow/.local/lib/python3.7/site-packages/airflow/example_dags/example_sla_dag.py
[2023-08-03T10:17:25.209+0000] {processor.py:836} INFO - DAG(s) dict_keys(['example_sla_dag']) retrieved from /home/airflow/.local/lib/python3.7/site-packages/airflow/example_dags/example_sla_dag.py
[2023-08-03T10:17:25.231+0000] {logging_mixin.py:150} INFO - [2023-08-03T10:17:25.231+0000] {dag.py:2742} INFO - Sync 1 DAGs
[2023-08-03T10:17:25.254+0000] {logging_mixin.py:150} INFO - [2023-08-03T10:17:25.254+0000] {dag.py:3508} INFO - Setting next_dagrun for example_sla_dag to 2023-08-03T10:14:00+00:00, run_after=2023-08-03T10:16:00+00:00
[2023-08-03T10:17:25.267+0000] {processor.py:179} INFO - Processing /home/airflow/.local/lib/python3.7/site-packages/airflow/example_dags/example_sla_dag.py took 0.077 seconds
[2023-08-03T11:56:10.632+0000] {processor.py:157} INFO - Started process (PID=3152) to work on /home/airflow/.local/lib/python3.7/site-packages/airflow/example_dags/example_sla_dag.py
[2023-08-03T11:56:10.633+0000] {processor.py:826} INFO - Processing file /home/airflow/.local/lib/python3.7/site-packages/airflow/example_dags/example_sla_dag.py for tasks to queue
[2023-08-03T11:56:10.635+0000] {logging_mixin.py:150} INFO - [2023-08-03T11:56:10.635+0000] {dagbag.py:541} INFO - Filling up the DagBag from /home/airflow/.local/lib/python3.7/site-packages/airflow/example_dags/example_sla_dag.py
[2023-08-03T11:56:10.643+0000] {processor.py:836} INFO - DAG(s) dict_keys(['example_sla_dag']) retrieved from /home/airflow/.local/lib/python3.7/site-packages/airflow/example_dags/example_sla_dag.py
[2023-08-03T11:56:10.667+0000] {logging_mixin.py:150} INFO - [2023-08-03T11:56:10.667+0000] {dag.py:2742} INFO - Sync 1 DAGs
[2023-08-03T11:56:10.693+0000] {logging_mixin.py:150} INFO - [2023-08-03T11:56:10.693+0000] {dag.py:3508} INFO - Setting next_dagrun for example_sla_dag to 2023-08-03T11:54:00+00:00, run_after=2023-08-03T11:56:00+00:00
[2023-08-03T11:56:10.711+0000] {processor.py:179} INFO - Processing /home/airflow/.local/lib/python3.7/site-packages/airflow/example_dags/example_sla_dag.py took 0.083 seconds
[2023-08-03T13:18:50.317+0000] {processor.py:157} INFO - Started process (PID=3209) to work on /home/airflow/.local/lib/python3.7/site-packages/airflow/example_dags/example_sla_dag.py
[2023-08-03T13:18:50.319+0000] {processor.py:826} INFO - Processing file /home/airflow/.local/lib/python3.7/site-packages/airflow/example_dags/example_sla_dag.py for tasks to queue
[2023-08-03T13:18:50.336+0000] {logging_mixin.py:150} INFO - [2023-08-03T13:18:50.335+0000] {dagbag.py:541} INFO - Filling up the DagBag from /home/airflow/.local/lib/python3.7/site-packages/airflow/example_dags/example_sla_dag.py
[2023-08-03T13:18:50.348+0000] {processor.py:836} INFO - DAG(s) dict_keys(['example_sla_dag']) retrieved from /home/airflow/.local/lib/python3.7/site-packages/airflow/example_dags/example_sla_dag.py
[2023-08-03T13:18:50.398+0000] {logging_mixin.py:150} INFO - [2023-08-03T13:18:50.397+0000] {dag.py:2742} INFO - Sync 1 DAGs
[2023-08-03T13:18:50.429+0000] {logging_mixin.py:150} INFO - [2023-08-03T13:18:50.429+0000] {dag.py:3508} INFO - Setting next_dagrun for example_sla_dag to 2023-08-03T13:16:00+00:00, run_after=2023-08-03T13:18:00+00:00
[2023-08-03T13:18:50.443+0000] {processor.py:179} INFO - Processing /home/airflow/.local/lib/python3.7/site-packages/airflow/example_dags/example_sla_dag.py took 0.130 seconds
[2023-08-03T15:00:05.857+0000] {processor.py:157} INFO - Started process (PID=3265) to work on /home/airflow/.local/lib/python3.7/site-packages/airflow/example_dags/example_sla_dag.py
[2023-08-03T15:00:05.859+0000] {processor.py:826} INFO - Processing file /home/airflow/.local/lib/python3.7/site-packages/airflow/example_dags/example_sla_dag.py for tasks to queue
[2023-08-03T15:00:05.861+0000] {logging_mixin.py:150} INFO - [2023-08-03T15:00:05.860+0000] {dagbag.py:541} INFO - Filling up the DagBag from /home/airflow/.local/lib/python3.7/site-packages/airflow/example_dags/example_sla_dag.py
[2023-08-03T15:00:05.932+0000] {processor.py:836} INFO - DAG(s) dict_keys(['example_sla_dag']) retrieved from /home/airflow/.local/lib/python3.7/site-packages/airflow/example_dags/example_sla_dag.py
[2023-08-03T15:00:05.969+0000] {logging_mixin.py:150} INFO - [2023-08-03T15:00:05.969+0000] {dag.py:2742} INFO - Sync 1 DAGs
[2023-08-03T15:00:05.997+0000] {logging_mixin.py:150} INFO - [2023-08-03T15:00:05.997+0000] {dag.py:3508} INFO - Setting next_dagrun for example_sla_dag to 2023-08-03T14:58:00+00:00, run_after=2023-08-03T15:00:00+00:00
[2023-08-03T15:00:06.031+0000] {processor.py:179} INFO - Processing /home/airflow/.local/lib/python3.7/site-packages/airflow/example_dags/example_sla_dag.py took 0.177 seconds
[2023-08-03T16:41:36.859+0000] {processor.py:157} INFO - Started process (PID=3322) to work on /home/airflow/.local/lib/python3.7/site-packages/airflow/example_dags/example_sla_dag.py
[2023-08-03T16:41:36.862+0000] {processor.py:826} INFO - Processing file /home/airflow/.local/lib/python3.7/site-packages/airflow/example_dags/example_sla_dag.py for tasks to queue
[2023-08-03T16:41:36.863+0000] {logging_mixin.py:150} INFO - [2023-08-03T16:41:36.863+0000] {dagbag.py:541} INFO - Filling up the DagBag from /home/airflow/.local/lib/python3.7/site-packages/airflow/example_dags/example_sla_dag.py
[2023-08-03T16:41:36.877+0000] {processor.py:836} INFO - DAG(s) dict_keys(['example_sla_dag']) retrieved from /home/airflow/.local/lib/python3.7/site-packages/airflow/example_dags/example_sla_dag.py
[2023-08-03T16:41:36.907+0000] {logging_mixin.py:150} INFO - [2023-08-03T16:41:36.907+0000] {dag.py:2742} INFO - Sync 1 DAGs
[2023-08-03T16:41:36.927+0000] {logging_mixin.py:150} INFO - [2023-08-03T16:41:36.927+0000] {dag.py:3508} INFO - Setting next_dagrun for example_sla_dag to 2023-08-03T16:38:00+00:00, run_after=2023-08-03T16:40:00+00:00
[2023-08-03T16:41:36.940+0000] {processor.py:179} INFO - Processing /home/airflow/.local/lib/python3.7/site-packages/airflow/example_dags/example_sla_dag.py took 0.086 seconds
[2023-08-03T18:03:02.813+0000] {processor.py:157} INFO - Started process (PID=3378) to work on /home/airflow/.local/lib/python3.7/site-packages/airflow/example_dags/example_sla_dag.py
[2023-08-03T18:03:02.815+0000] {processor.py:826} INFO - Processing file /home/airflow/.local/lib/python3.7/site-packages/airflow/example_dags/example_sla_dag.py for tasks to queue
[2023-08-03T18:03:02.816+0000] {logging_mixin.py:150} INFO - [2023-08-03T18:03:02.816+0000] {dagbag.py:541} INFO - Filling up the DagBag from /home/airflow/.local/lib/python3.7/site-packages/airflow/example_dags/example_sla_dag.py
[2023-08-03T18:03:02.823+0000] {processor.py:836} INFO - DAG(s) dict_keys(['example_sla_dag']) retrieved from /home/airflow/.local/lib/python3.7/site-packages/airflow/example_dags/example_sla_dag.py
[2023-08-03T18:03:02.846+0000] {logging_mixin.py:150} INFO - [2023-08-03T18:03:02.846+0000] {dag.py:2742} INFO - Sync 1 DAGs
[2023-08-03T18:03:02.873+0000] {logging_mixin.py:150} INFO - [2023-08-03T18:03:02.872+0000] {dag.py:3508} INFO - Setting next_dagrun for example_sla_dag to 2023-08-03T18:00:00+00:00, run_after=2023-08-03T18:02:00+00:00
[2023-08-03T18:03:02.888+0000] {processor.py:179} INFO - Processing /home/airflow/.local/lib/python3.7/site-packages/airflow/example_dags/example_sla_dag.py took 0.078 seconds
[2023-08-03T19:44:24.007+0000] {processor.py:157} INFO - Started process (PID=3435) to work on /home/airflow/.local/lib/python3.7/site-packages/airflow/example_dags/example_sla_dag.py
[2023-08-03T19:44:24.009+0000] {processor.py:826} INFO - Processing file /home/airflow/.local/lib/python3.7/site-packages/airflow/example_dags/example_sla_dag.py for tasks to queue
[2023-08-03T19:44:24.010+0000] {logging_mixin.py:150} INFO - [2023-08-03T19:44:24.010+0000] {dagbag.py:541} INFO - Filling up the DagBag from /home/airflow/.local/lib/python3.7/site-packages/airflow/example_dags/example_sla_dag.py
[2023-08-03T19:44:24.017+0000] {processor.py:836} INFO - DAG(s) dict_keys(['example_sla_dag']) retrieved from /home/airflow/.local/lib/python3.7/site-packages/airflow/example_dags/example_sla_dag.py
[2023-08-03T19:44:24.053+0000] {logging_mixin.py:150} INFO - [2023-08-03T19:44:24.052+0000] {dag.py:2742} INFO - Sync 1 DAGs
[2023-08-03T19:44:24.117+0000] {logging_mixin.py:150} INFO - [2023-08-03T19:44:24.116+0000] {dag.py:3508} INFO - Setting next_dagrun for example_sla_dag to 2023-08-03T19:42:00+00:00, run_after=2023-08-03T19:44:00+00:00
[2023-08-03T19:44:24.130+0000] {processor.py:179} INFO - Processing /home/airflow/.local/lib/python3.7/site-packages/airflow/example_dags/example_sla_dag.py took 0.129 seconds
[2023-08-03T21:07:14.504+0000] {processor.py:157} INFO - Started process (PID=3492) to work on /home/airflow/.local/lib/python3.7/site-packages/airflow/example_dags/example_sla_dag.py
[2023-08-03T21:07:14.506+0000] {processor.py:826} INFO - Processing file /home/airflow/.local/lib/python3.7/site-packages/airflow/example_dags/example_sla_dag.py for tasks to queue
[2023-08-03T21:07:14.507+0000] {logging_mixin.py:150} INFO - [2023-08-03T21:07:14.507+0000] {dagbag.py:541} INFO - Filling up the DagBag from /home/airflow/.local/lib/python3.7/site-packages/airflow/example_dags/example_sla_dag.py
[2023-08-03T21:07:14.514+0000] {processor.py:836} INFO - DAG(s) dict_keys(['example_sla_dag']) retrieved from /home/airflow/.local/lib/python3.7/site-packages/airflow/example_dags/example_sla_dag.py
[2023-08-03T21:07:14.537+0000] {logging_mixin.py:150} INFO - [2023-08-03T21:07:14.537+0000] {dag.py:2742} INFO - Sync 1 DAGs
[2023-08-03T21:07:14.557+0000] {logging_mixin.py:150} INFO - [2023-08-03T21:07:14.557+0000] {dag.py:3508} INFO - Setting next_dagrun for example_sla_dag to 2023-08-03T21:04:00+00:00, run_after=2023-08-03T21:06:00+00:00
[2023-08-03T21:07:14.573+0000] {processor.py:179} INFO - Processing /home/airflow/.local/lib/python3.7/site-packages/airflow/example_dags/example_sla_dag.py took 0.073 seconds
[2023-08-03T22:46:12.068+0000] {processor.py:157} INFO - Started process (PID=3549) to work on /home/airflow/.local/lib/python3.7/site-packages/airflow/example_dags/example_sla_dag.py
[2023-08-03T22:46:12.070+0000] {processor.py:826} INFO - Processing file /home/airflow/.local/lib/python3.7/site-packages/airflow/example_dags/example_sla_dag.py for tasks to queue
[2023-08-03T22:46:12.072+0000] {logging_mixin.py:150} INFO - [2023-08-03T22:46:12.071+0000] {dagbag.py:541} INFO - Filling up the DagBag from /home/airflow/.local/lib/python3.7/site-packages/airflow/example_dags/example_sla_dag.py
[2023-08-03T22:46:12.086+0000] {processor.py:836} INFO - DAG(s) dict_keys(['example_sla_dag']) retrieved from /home/airflow/.local/lib/python3.7/site-packages/airflow/example_dags/example_sla_dag.py
[2023-08-03T22:46:12.111+0000] {logging_mixin.py:150} INFO - [2023-08-03T22:46:12.110+0000] {dag.py:2742} INFO - Sync 1 DAGs
[2023-08-03T22:46:12.132+0000] {logging_mixin.py:150} INFO - [2023-08-03T22:46:12.132+0000] {dag.py:3508} INFO - Setting next_dagrun for example_sla_dag to 2023-08-03T22:44:00+00:00, run_after=2023-08-03T22:46:00+00:00
[2023-08-03T22:46:12.150+0000] {processor.py:179} INFO - Processing /home/airflow/.local/lib/python3.7/site-packages/airflow/example_dags/example_sla_dag.py took 0.086 seconds
[2023-08-03T23:58:32.499+0000] {processor.py:157} INFO - Started process (PID=3605) to work on /home/airflow/.local/lib/python3.7/site-packages/airflow/example_dags/example_sla_dag.py
[2023-08-03T23:58:32.502+0000] {processor.py:826} INFO - Processing file /home/airflow/.local/lib/python3.7/site-packages/airflow/example_dags/example_sla_dag.py for tasks to queue
[2023-08-03T23:58:32.504+0000] {logging_mixin.py:150} INFO - [2023-08-03T23:58:32.504+0000] {dagbag.py:541} INFO - Filling up the DagBag from /home/airflow/.local/lib/python3.7/site-packages/airflow/example_dags/example_sla_dag.py
[2023-08-03T23:58:32.515+0000] {processor.py:836} INFO - DAG(s) dict_keys(['example_sla_dag']) retrieved from /home/airflow/.local/lib/python3.7/site-packages/airflow/example_dags/example_sla_dag.py
[2023-08-03T23:58:32.546+0000] {logging_mixin.py:150} INFO - [2023-08-03T23:58:32.546+0000] {dag.py:2742} INFO - Sync 1 DAGs
[2023-08-03T23:58:32.572+0000] {logging_mixin.py:150} INFO - [2023-08-03T23:58:32.572+0000] {dag.py:3508} INFO - Setting next_dagrun for example_sla_dag to 2023-08-03T23:56:00+00:00, run_after=2023-08-03T23:58:00+00:00
[2023-08-03T23:58:32.648+0000] {processor.py:179} INFO - Processing /home/airflow/.local/lib/python3.7/site-packages/airflow/example_dags/example_sla_dag.py took 0.154 seconds
[2023-08-03T23:59:03.444+0000] {processor.py:157} INFO - Started process (PID=3662) to work on /home/airflow/.local/lib/python3.7/site-packages/airflow/example_dags/example_sla_dag.py
[2023-08-03T23:59:03.447+0000] {processor.py:826} INFO - Processing file /home/airflow/.local/lib/python3.7/site-packages/airflow/example_dags/example_sla_dag.py for tasks to queue
[2023-08-03T23:59:03.451+0000] {logging_mixin.py:150} INFO - [2023-08-03T23:59:03.451+0000] {dagbag.py:541} INFO - Filling up the DagBag from /home/airflow/.local/lib/python3.7/site-packages/airflow/example_dags/example_sla_dag.py
[2023-08-03T23:59:03.461+0000] {processor.py:836} INFO - DAG(s) dict_keys(['example_sla_dag']) retrieved from /home/airflow/.local/lib/python3.7/site-packages/airflow/example_dags/example_sla_dag.py
[2023-08-03T23:59:03.489+0000] {logging_mixin.py:150} INFO - [2023-08-03T23:59:03.489+0000] {dag.py:2742} INFO - Sync 1 DAGs
[2023-08-03T23:59:03.509+0000] {logging_mixin.py:150} INFO - [2023-08-03T23:59:03.509+0000] {dag.py:3508} INFO - Setting next_dagrun for example_sla_dag to 2023-08-03T23:56:00+00:00, run_after=2023-08-03T23:58:00+00:00
[2023-08-03T23:59:03.522+0000] {processor.py:179} INFO - Processing /home/airflow/.local/lib/python3.7/site-packages/airflow/example_dags/example_sla_dag.py took 0.081 seconds
[2023-08-03T23:59:33.761+0000] {processor.py:157} INFO - Started process (PID=3720) to work on /home/airflow/.local/lib/python3.7/site-packages/airflow/example_dags/example_sla_dag.py
[2023-08-03T23:59:33.763+0000] {processor.py:826} INFO - Processing file /home/airflow/.local/lib/python3.7/site-packages/airflow/example_dags/example_sla_dag.py for tasks to queue
[2023-08-03T23:59:33.766+0000] {logging_mixin.py:150} INFO - [2023-08-03T23:59:33.766+0000] {dagbag.py:541} INFO - Filling up the DagBag from /home/airflow/.local/lib/python3.7/site-packages/airflow/example_dags/example_sla_dag.py
[2023-08-03T23:59:33.775+0000] {processor.py:836} INFO - DAG(s) dict_keys(['example_sla_dag']) retrieved from /home/airflow/.local/lib/python3.7/site-packages/airflow/example_dags/example_sla_dag.py
[2023-08-03T23:59:33.797+0000] {logging_mixin.py:150} INFO - [2023-08-03T23:59:33.797+0000] {dag.py:2742} INFO - Sync 1 DAGs
[2023-08-03T23:59:33.823+0000] {logging_mixin.py:150} INFO - [2023-08-03T23:59:33.823+0000] {dag.py:3508} INFO - Setting next_dagrun for example_sla_dag to 2023-08-03T23:56:00+00:00, run_after=2023-08-03T23:58:00+00:00
[2023-08-03T23:59:33.838+0000] {processor.py:179} INFO - Processing /home/airflow/.local/lib/python3.7/site-packages/airflow/example_dags/example_sla_dag.py took 0.080 seconds
