[2023-08-03T01:04:30.052+0000] {processor.py:157} INFO - Started process (PID=2753) to work on /home/airflow/.local/lib/python3.7/site-packages/airflow/example_dags/example_dag_decorator.py
[2023-08-03T01:04:30.055+0000] {processor.py:826} INFO - Processing file /home/airflow/.local/lib/python3.7/site-packages/airflow/example_dags/example_dag_decorator.py for tasks to queue
[2023-08-03T01:04:30.057+0000] {logging_mixin.py:150} INFO - [2023-08-03T01:04:30.056+0000] {dagbag.py:541} INFO - Filling up the DagBag from /home/airflow/.local/lib/python3.7/site-packages/airflow/example_dags/example_dag_decorator.py
[2023-08-03T01:04:30.070+0000] {processor.py:836} INFO - DAG(s) dict_keys(['example_dag_decorator']) retrieved from /home/airflow/.local/lib/python3.7/site-packages/airflow/example_dags/example_dag_decorator.py
[2023-08-03T01:04:30.159+0000] {logging_mixin.py:150} INFO - [2023-08-03T01:04:30.159+0000] {dag.py:2742} INFO - Sync 1 DAGs
[2023-08-03T01:04:30.177+0000] {logging_mixin.py:150} INFO - [2023-08-03T01:04:30.177+0000] {dag.py:3508} INFO - Setting next_dagrun for example_dag_decorator to None, run_after=None
[2023-08-03T01:04:30.191+0000] {processor.py:179} INFO - Processing /home/airflow/.local/lib/python3.7/site-packages/airflow/example_dags/example_dag_decorator.py took 0.143 seconds
[2023-08-03T02:27:42.660+0000] {processor.py:157} INFO - Started process (PID=2810) to work on /home/airflow/.local/lib/python3.7/site-packages/airflow/example_dags/example_dag_decorator.py
[2023-08-03T02:27:42.662+0000] {processor.py:826} INFO - Processing file /home/airflow/.local/lib/python3.7/site-packages/airflow/example_dags/example_dag_decorator.py for tasks to queue
[2023-08-03T02:27:42.664+0000] {logging_mixin.py:150} INFO - [2023-08-03T02:27:42.663+0000] {dagbag.py:541} INFO - Filling up the DagBag from /home/airflow/.local/lib/python3.7/site-packages/airflow/example_dags/example_dag_decorator.py
[2023-08-03T02:27:42.677+0000] {processor.py:836} INFO - DAG(s) dict_keys(['example_dag_decorator']) retrieved from /home/airflow/.local/lib/python3.7/site-packages/airflow/example_dags/example_dag_decorator.py
[2023-08-03T02:27:42.766+0000] {logging_mixin.py:150} INFO - [2023-08-03T02:27:42.766+0000] {dag.py:2742} INFO - Sync 1 DAGs
[2023-08-03T02:27:42.782+0000] {logging_mixin.py:150} INFO - [2023-08-03T02:27:42.782+0000] {dag.py:3508} INFO - Setting next_dagrun for example_dag_decorator to None, run_after=None
[2023-08-03T02:27:42.803+0000] {processor.py:179} INFO - Processing /home/airflow/.local/lib/python3.7/site-packages/airflow/example_dags/example_dag_decorator.py took 0.146 seconds
[2023-08-03T04:08:06.424+0000] {processor.py:157} INFO - Started process (PID=2867) to work on /home/airflow/.local/lib/python3.7/site-packages/airflow/example_dags/example_dag_decorator.py
[2023-08-03T04:08:06.426+0000] {processor.py:826} INFO - Processing file /home/airflow/.local/lib/python3.7/site-packages/airflow/example_dags/example_dag_decorator.py for tasks to queue
[2023-08-03T04:08:06.427+0000] {logging_mixin.py:150} INFO - [2023-08-03T04:08:06.427+0000] {dagbag.py:541} INFO - Filling up the DagBag from /home/airflow/.local/lib/python3.7/site-packages/airflow/example_dags/example_dag_decorator.py
[2023-08-03T04:08:06.439+0000] {processor.py:836} INFO - DAG(s) dict_keys(['example_dag_decorator']) retrieved from /home/airflow/.local/lib/python3.7/site-packages/airflow/example_dags/example_dag_decorator.py
[2023-08-03T04:08:06.532+0000] {logging_mixin.py:150} INFO - [2023-08-03T04:08:06.532+0000] {dag.py:2742} INFO - Sync 1 DAGs
[2023-08-03T04:08:06.547+0000] {logging_mixin.py:150} INFO - [2023-08-03T04:08:06.547+0000] {dag.py:3508} INFO - Setting next_dagrun for example_dag_decorator to None, run_after=None
[2023-08-03T04:08:06.567+0000] {processor.py:179} INFO - Processing /home/airflow/.local/lib/python3.7/site-packages/airflow/example_dags/example_dag_decorator.py took 0.146 seconds
[2023-08-03T05:31:54.943+0000] {processor.py:157} INFO - Started process (PID=2924) to work on /home/airflow/.local/lib/python3.7/site-packages/airflow/example_dags/example_dag_decorator.py
[2023-08-03T05:31:54.945+0000] {processor.py:826} INFO - Processing file /home/airflow/.local/lib/python3.7/site-packages/airflow/example_dags/example_dag_decorator.py for tasks to queue
[2023-08-03T05:31:54.946+0000] {logging_mixin.py:150} INFO - [2023-08-03T05:31:54.946+0000] {dagbag.py:541} INFO - Filling up the DagBag from /home/airflow/.local/lib/python3.7/site-packages/airflow/example_dags/example_dag_decorator.py
[2023-08-03T05:31:54.966+0000] {processor.py:836} INFO - DAG(s) dict_keys(['example_dag_decorator']) retrieved from /home/airflow/.local/lib/python3.7/site-packages/airflow/example_dags/example_dag_decorator.py
[2023-08-03T05:31:55.059+0000] {logging_mixin.py:150} INFO - [2023-08-03T05:31:55.059+0000] {dag.py:2742} INFO - Sync 1 DAGs
[2023-08-03T05:31:55.076+0000] {logging_mixin.py:150} INFO - [2023-08-03T05:31:55.076+0000] {dag.py:3508} INFO - Setting next_dagrun for example_dag_decorator to None, run_after=None
[2023-08-03T05:31:55.090+0000] {processor.py:179} INFO - Processing /home/airflow/.local/lib/python3.7/site-packages/airflow/example_dags/example_dag_decorator.py took 0.150 seconds
[2023-08-03T07:13:18.027+0000] {processor.py:157} INFO - Started process (PID=2981) to work on /home/airflow/.local/lib/python3.7/site-packages/airflow/example_dags/example_dag_decorator.py
[2023-08-03T07:13:18.029+0000] {processor.py:826} INFO - Processing file /home/airflow/.local/lib/python3.7/site-packages/airflow/example_dags/example_dag_decorator.py for tasks to queue
[2023-08-03T07:13:18.033+0000] {logging_mixin.py:150} INFO - [2023-08-03T07:13:18.033+0000] {dagbag.py:541} INFO - Filling up the DagBag from /home/airflow/.local/lib/python3.7/site-packages/airflow/example_dags/example_dag_decorator.py
[2023-08-03T07:13:18.049+0000] {processor.py:836} INFO - DAG(s) dict_keys(['example_dag_decorator']) retrieved from /home/airflow/.local/lib/python3.7/site-packages/airflow/example_dags/example_dag_decorator.py
[2023-08-03T07:13:18.154+0000] {logging_mixin.py:150} INFO - [2023-08-03T07:13:18.154+0000] {dag.py:2742} INFO - Sync 1 DAGs
[2023-08-03T07:13:18.189+0000] {logging_mixin.py:150} INFO - [2023-08-03T07:13:18.189+0000] {dag.py:3508} INFO - Setting next_dagrun for example_dag_decorator to None, run_after=None
[2023-08-03T07:13:18.204+0000] {processor.py:179} INFO - Processing /home/airflow/.local/lib/python3.7/site-packages/airflow/example_dags/example_dag_decorator.py took 0.181 seconds
[2023-08-03T08:54:07.358+0000] {processor.py:157} INFO - Started process (PID=3038) to work on /home/airflow/.local/lib/python3.7/site-packages/airflow/example_dags/example_dag_decorator.py
[2023-08-03T08:54:07.361+0000] {processor.py:826} INFO - Processing file /home/airflow/.local/lib/python3.7/site-packages/airflow/example_dags/example_dag_decorator.py for tasks to queue
[2023-08-03T08:54:07.363+0000] {logging_mixin.py:150} INFO - [2023-08-03T08:54:07.362+0000] {dagbag.py:541} INFO - Filling up the DagBag from /home/airflow/.local/lib/python3.7/site-packages/airflow/example_dags/example_dag_decorator.py
[2023-08-03T08:54:07.378+0000] {processor.py:836} INFO - DAG(s) dict_keys(['example_dag_decorator']) retrieved from /home/airflow/.local/lib/python3.7/site-packages/airflow/example_dags/example_dag_decorator.py
[2023-08-03T08:54:07.471+0000] {logging_mixin.py:150} INFO - [2023-08-03T08:54:07.470+0000] {dag.py:2742} INFO - Sync 1 DAGs
[2023-08-03T08:54:07.514+0000] {logging_mixin.py:150} INFO - [2023-08-03T08:54:07.514+0000] {dag.py:3508} INFO - Setting next_dagrun for example_dag_decorator to None, run_after=None
[2023-08-03T08:54:07.529+0000] {processor.py:179} INFO - Processing /home/airflow/.local/lib/python3.7/site-packages/airflow/example_dags/example_dag_decorator.py took 0.177 seconds
[2023-08-03T10:17:25.246+0000] {processor.py:157} INFO - Started process (PID=3095) to work on /home/airflow/.local/lib/python3.7/site-packages/airflow/example_dags/example_dag_decorator.py
[2023-08-03T10:17:25.248+0000] {processor.py:826} INFO - Processing file /home/airflow/.local/lib/python3.7/site-packages/airflow/example_dags/example_dag_decorator.py for tasks to queue
[2023-08-03T10:17:25.250+0000] {logging_mixin.py:150} INFO - [2023-08-03T10:17:25.250+0000] {dagbag.py:541} INFO - Filling up the DagBag from /home/airflow/.local/lib/python3.7/site-packages/airflow/example_dags/example_dag_decorator.py
[2023-08-03T10:17:25.262+0000] {processor.py:836} INFO - DAG(s) dict_keys(['example_dag_decorator']) retrieved from /home/airflow/.local/lib/python3.7/site-packages/airflow/example_dags/example_dag_decorator.py
[2023-08-03T10:17:25.355+0000] {logging_mixin.py:150} INFO - [2023-08-03T10:17:25.355+0000] {dag.py:2742} INFO - Sync 1 DAGs
[2023-08-03T10:17:25.371+0000] {logging_mixin.py:150} INFO - [2023-08-03T10:17:25.371+0000] {dag.py:3508} INFO - Setting next_dagrun for example_dag_decorator to None, run_after=None
[2023-08-03T10:17:25.388+0000] {processor.py:179} INFO - Processing /home/airflow/.local/lib/python3.7/site-packages/airflow/example_dags/example_dag_decorator.py took 0.145 seconds
[2023-08-03T11:56:10.726+0000] {processor.py:157} INFO - Started process (PID=3153) to work on /home/airflow/.local/lib/python3.7/site-packages/airflow/example_dags/example_dag_decorator.py
[2023-08-03T11:56:10.728+0000] {processor.py:826} INFO - Processing file /home/airflow/.local/lib/python3.7/site-packages/airflow/example_dags/example_dag_decorator.py for tasks to queue
[2023-08-03T11:56:10.730+0000] {logging_mixin.py:150} INFO - [2023-08-03T11:56:10.730+0000] {dagbag.py:541} INFO - Filling up the DagBag from /home/airflow/.local/lib/python3.7/site-packages/airflow/example_dags/example_dag_decorator.py
[2023-08-03T11:56:10.749+0000] {processor.py:836} INFO - DAG(s) dict_keys(['example_dag_decorator']) retrieved from /home/airflow/.local/lib/python3.7/site-packages/airflow/example_dags/example_dag_decorator.py
[2023-08-03T11:56:10.914+0000] {logging_mixin.py:150} INFO - [2023-08-03T11:56:10.914+0000] {dag.py:2742} INFO - Sync 1 DAGs
[2023-08-03T11:56:10.944+0000] {logging_mixin.py:150} INFO - [2023-08-03T11:56:10.944+0000] {dag.py:3508} INFO - Setting next_dagrun for example_dag_decorator to None, run_after=None
[2023-08-03T11:56:10.957+0000] {processor.py:179} INFO - Processing /home/airflow/.local/lib/python3.7/site-packages/airflow/example_dags/example_dag_decorator.py took 0.237 seconds
[2023-08-03T13:18:50.395+0000] {processor.py:157} INFO - Started process (PID=3210) to work on /home/airflow/.local/lib/python3.7/site-packages/airflow/example_dags/example_dag_decorator.py
[2023-08-03T13:18:50.406+0000] {processor.py:826} INFO - Processing file /home/airflow/.local/lib/python3.7/site-packages/airflow/example_dags/example_dag_decorator.py for tasks to queue
[2023-08-03T13:18:50.409+0000] {logging_mixin.py:150} INFO - [2023-08-03T13:18:50.409+0000] {dagbag.py:541} INFO - Filling up the DagBag from /home/airflow/.local/lib/python3.7/site-packages/airflow/example_dags/example_dag_decorator.py
[2023-08-03T13:18:50.423+0000] {processor.py:836} INFO - DAG(s) dict_keys(['example_dag_decorator']) retrieved from /home/airflow/.local/lib/python3.7/site-packages/airflow/example_dags/example_dag_decorator.py
[2023-08-03T13:18:50.524+0000] {logging_mixin.py:150} INFO - [2023-08-03T13:18:50.524+0000] {dag.py:2742} INFO - Sync 1 DAGs
[2023-08-03T13:18:50.542+0000] {logging_mixin.py:150} INFO - [2023-08-03T13:18:50.542+0000] {dag.py:3508} INFO - Setting next_dagrun for example_dag_decorator to None, run_after=None
[2023-08-03T13:18:50.555+0000] {processor.py:179} INFO - Processing /home/airflow/.local/lib/python3.7/site-packages/airflow/example_dags/example_dag_decorator.py took 0.166 seconds
[2023-08-03T15:00:05.983+0000] {processor.py:157} INFO - Started process (PID=3266) to work on /home/airflow/.local/lib/python3.7/site-packages/airflow/example_dags/example_dag_decorator.py
[2023-08-03T15:00:05.986+0000] {processor.py:826} INFO - Processing file /home/airflow/.local/lib/python3.7/site-packages/airflow/example_dags/example_dag_decorator.py for tasks to queue
[2023-08-03T15:00:05.987+0000] {logging_mixin.py:150} INFO - [2023-08-03T15:00:05.987+0000] {dagbag.py:541} INFO - Filling up the DagBag from /home/airflow/.local/lib/python3.7/site-packages/airflow/example_dags/example_dag_decorator.py
[2023-08-03T15:00:06.000+0000] {processor.py:836} INFO - DAG(s) dict_keys(['example_dag_decorator']) retrieved from /home/airflow/.local/lib/python3.7/site-packages/airflow/example_dags/example_dag_decorator.py
[2023-08-03T15:00:06.122+0000] {logging_mixin.py:150} INFO - [2023-08-03T15:00:06.122+0000] {dag.py:2742} INFO - Sync 1 DAGs
[2023-08-03T15:00:06.144+0000] {logging_mixin.py:150} INFO - [2023-08-03T15:00:06.144+0000] {dag.py:3508} INFO - Setting next_dagrun for example_dag_decorator to None, run_after=None
[2023-08-03T15:00:06.162+0000] {processor.py:179} INFO - Processing /home/airflow/.local/lib/python3.7/site-packages/airflow/example_dags/example_dag_decorator.py took 0.183 seconds
[2023-08-03T16:41:36.863+0000] {processor.py:157} INFO - Started process (PID=3323) to work on /home/airflow/.local/lib/python3.7/site-packages/airflow/example_dags/example_dag_decorator.py
[2023-08-03T16:41:36.865+0000] {processor.py:826} INFO - Processing file /home/airflow/.local/lib/python3.7/site-packages/airflow/example_dags/example_dag_decorator.py for tasks to queue
[2023-08-03T16:41:36.867+0000] {logging_mixin.py:150} INFO - [2023-08-03T16:41:36.866+0000] {dagbag.py:541} INFO - Filling up the DagBag from /home/airflow/.local/lib/python3.7/site-packages/airflow/example_dags/example_dag_decorator.py
[2023-08-03T16:41:36.886+0000] {processor.py:836} INFO - DAG(s) dict_keys(['example_dag_decorator']) retrieved from /home/airflow/.local/lib/python3.7/site-packages/airflow/example_dags/example_dag_decorator.py
[2023-08-03T16:41:36.991+0000] {logging_mixin.py:150} INFO - [2023-08-03T16:41:36.991+0000] {dag.py:2742} INFO - Sync 1 DAGs
[2023-08-03T16:41:37.010+0000] {logging_mixin.py:150} INFO - [2023-08-03T16:41:37.010+0000] {dag.py:3508} INFO - Setting next_dagrun for example_dag_decorator to None, run_after=None
[2023-08-03T16:41:37.024+0000] {processor.py:179} INFO - Processing /home/airflow/.local/lib/python3.7/site-packages/airflow/example_dags/example_dag_decorator.py took 0.165 seconds
[2023-08-03T18:03:02.888+0000] {processor.py:157} INFO - Started process (PID=3379) to work on /home/airflow/.local/lib/python3.7/site-packages/airflow/example_dags/example_dag_decorator.py
[2023-08-03T18:03:02.892+0000] {processor.py:826} INFO - Processing file /home/airflow/.local/lib/python3.7/site-packages/airflow/example_dags/example_dag_decorator.py for tasks to queue
[2023-08-03T18:03:02.894+0000] {logging_mixin.py:150} INFO - [2023-08-03T18:03:02.893+0000] {dagbag.py:541} INFO - Filling up the DagBag from /home/airflow/.local/lib/python3.7/site-packages/airflow/example_dags/example_dag_decorator.py
[2023-08-03T18:03:02.908+0000] {processor.py:836} INFO - DAG(s) dict_keys(['example_dag_decorator']) retrieved from /home/airflow/.local/lib/python3.7/site-packages/airflow/example_dags/example_dag_decorator.py
[2023-08-03T18:03:02.999+0000] {logging_mixin.py:150} INFO - [2023-08-03T18:03:02.999+0000] {dag.py:2742} INFO - Sync 1 DAGs
[2023-08-03T18:03:03.020+0000] {logging_mixin.py:150} INFO - [2023-08-03T18:03:03.020+0000] {dag.py:3508} INFO - Setting next_dagrun for example_dag_decorator to None, run_after=None
[2023-08-03T18:03:03.034+0000] {processor.py:179} INFO - Processing /home/airflow/.local/lib/python3.7/site-packages/airflow/example_dags/example_dag_decorator.py took 0.149 seconds
[2023-08-03T19:44:24.103+0000] {processor.py:157} INFO - Started process (PID=3436) to work on /home/airflow/.local/lib/python3.7/site-packages/airflow/example_dags/example_dag_decorator.py
[2023-08-03T19:44:24.105+0000] {processor.py:826} INFO - Processing file /home/airflow/.local/lib/python3.7/site-packages/airflow/example_dags/example_dag_decorator.py for tasks to queue
[2023-08-03T19:44:24.107+0000] {logging_mixin.py:150} INFO - [2023-08-03T19:44:24.106+0000] {dagbag.py:541} INFO - Filling up the DagBag from /home/airflow/.local/lib/python3.7/site-packages/airflow/example_dags/example_dag_decorator.py
[2023-08-03T19:44:24.121+0000] {processor.py:836} INFO - DAG(s) dict_keys(['example_dag_decorator']) retrieved from /home/airflow/.local/lib/python3.7/site-packages/airflow/example_dags/example_dag_decorator.py
[2023-08-03T19:44:24.216+0000] {logging_mixin.py:150} INFO - [2023-08-03T19:44:24.216+0000] {dag.py:2742} INFO - Sync 1 DAGs
[2023-08-03T19:44:24.243+0000] {logging_mixin.py:150} INFO - [2023-08-03T19:44:24.242+0000] {dag.py:3508} INFO - Setting next_dagrun for example_dag_decorator to None, run_after=None
[2023-08-03T19:44:24.257+0000] {processor.py:179} INFO - Processing /home/airflow/.local/lib/python3.7/site-packages/airflow/example_dags/example_dag_decorator.py took 0.157 seconds
[2023-08-03T21:07:14.589+0000] {processor.py:157} INFO - Started process (PID=3493) to work on /home/airflow/.local/lib/python3.7/site-packages/airflow/example_dags/example_dag_decorator.py
[2023-08-03T21:07:14.591+0000] {processor.py:826} INFO - Processing file /home/airflow/.local/lib/python3.7/site-packages/airflow/example_dags/example_dag_decorator.py for tasks to queue
[2023-08-03T21:07:14.592+0000] {logging_mixin.py:150} INFO - [2023-08-03T21:07:14.592+0000] {dagbag.py:541} INFO - Filling up the DagBag from /home/airflow/.local/lib/python3.7/site-packages/airflow/example_dags/example_dag_decorator.py
[2023-08-03T21:07:14.604+0000] {processor.py:836} INFO - DAG(s) dict_keys(['example_dag_decorator']) retrieved from /home/airflow/.local/lib/python3.7/site-packages/airflow/example_dags/example_dag_decorator.py
[2023-08-03T21:07:14.699+0000] {logging_mixin.py:150} INFO - [2023-08-03T21:07:14.699+0000] {dag.py:2742} INFO - Sync 1 DAGs
[2023-08-03T21:07:14.776+0000] {logging_mixin.py:150} INFO - [2023-08-03T21:07:14.776+0000] {dag.py:3508} INFO - Setting next_dagrun for example_dag_decorator to None, run_after=None
[2023-08-03T21:07:14.791+0000] {processor.py:179} INFO - Processing /home/airflow/.local/lib/python3.7/site-packages/airflow/example_dags/example_dag_decorator.py took 0.206 seconds
[2023-08-03T22:46:12.110+0000] {processor.py:157} INFO - Started process (PID=3550) to work on /home/airflow/.local/lib/python3.7/site-packages/airflow/example_dags/example_dag_decorator.py
[2023-08-03T22:46:12.112+0000] {processor.py:826} INFO - Processing file /home/airflow/.local/lib/python3.7/site-packages/airflow/example_dags/example_dag_decorator.py for tasks to queue
[2023-08-03T22:46:12.114+0000] {logging_mixin.py:150} INFO - [2023-08-03T22:46:12.113+0000] {dagbag.py:541} INFO - Filling up the DagBag from /home/airflow/.local/lib/python3.7/site-packages/airflow/example_dags/example_dag_decorator.py
[2023-08-03T22:46:12.127+0000] {processor.py:836} INFO - DAG(s) dict_keys(['example_dag_decorator']) retrieved from /home/airflow/.local/lib/python3.7/site-packages/airflow/example_dags/example_dag_decorator.py
[2023-08-03T22:46:12.238+0000] {logging_mixin.py:150} INFO - [2023-08-03T22:46:12.237+0000] {dag.py:2742} INFO - Sync 1 DAGs
[2023-08-03T22:46:12.253+0000] {logging_mixin.py:150} INFO - [2023-08-03T22:46:12.253+0000] {dag.py:3508} INFO - Setting next_dagrun for example_dag_decorator to None, run_after=None
[2023-08-03T22:46:12.272+0000] {processor.py:179} INFO - Processing /home/airflow/.local/lib/python3.7/site-packages/airflow/example_dags/example_dag_decorator.py took 0.164 seconds
[2023-08-03T23:58:32.638+0000] {processor.py:157} INFO - Started process (PID=3606) to work on /home/airflow/.local/lib/python3.7/site-packages/airflow/example_dags/example_dag_decorator.py
[2023-08-03T23:58:32.641+0000] {processor.py:826} INFO - Processing file /home/airflow/.local/lib/python3.7/site-packages/airflow/example_dags/example_dag_decorator.py for tasks to queue
[2023-08-03T23:58:32.643+0000] {logging_mixin.py:150} INFO - [2023-08-03T23:58:32.642+0000] {dagbag.py:541} INFO - Filling up the DagBag from /home/airflow/.local/lib/python3.7/site-packages/airflow/example_dags/example_dag_decorator.py
[2023-08-03T23:58:32.658+0000] {processor.py:836} INFO - DAG(s) dict_keys(['example_dag_decorator']) retrieved from /home/airflow/.local/lib/python3.7/site-packages/airflow/example_dags/example_dag_decorator.py
[2023-08-03T23:58:32.770+0000] {logging_mixin.py:150} INFO - [2023-08-03T23:58:32.769+0000] {dag.py:2742} INFO - Sync 1 DAGs
[2023-08-03T23:58:32.794+0000] {logging_mixin.py:150} INFO - [2023-08-03T23:58:32.794+0000] {dag.py:3508} INFO - Setting next_dagrun for example_dag_decorator to None, run_after=None
[2023-08-03T23:58:32.811+0000] {processor.py:179} INFO - Processing /home/airflow/.local/lib/python3.7/site-packages/airflow/example_dags/example_dag_decorator.py took 0.177 seconds
[2023-08-03T23:59:03.548+0000] {processor.py:157} INFO - Started process (PID=3663) to work on /home/airflow/.local/lib/python3.7/site-packages/airflow/example_dags/example_dag_decorator.py
[2023-08-03T23:59:03.550+0000] {processor.py:826} INFO - Processing file /home/airflow/.local/lib/python3.7/site-packages/airflow/example_dags/example_dag_decorator.py for tasks to queue
[2023-08-03T23:59:03.551+0000] {logging_mixin.py:150} INFO - [2023-08-03T23:59:03.551+0000] {dagbag.py:541} INFO - Filling up the DagBag from /home/airflow/.local/lib/python3.7/site-packages/airflow/example_dags/example_dag_decorator.py
[2023-08-03T23:59:03.562+0000] {processor.py:836} INFO - DAG(s) dict_keys(['example_dag_decorator']) retrieved from /home/airflow/.local/lib/python3.7/site-packages/airflow/example_dags/example_dag_decorator.py
[2023-08-03T23:59:03.639+0000] {logging_mixin.py:150} INFO - [2023-08-03T23:59:03.639+0000] {dag.py:2742} INFO - Sync 1 DAGs
[2023-08-03T23:59:03.654+0000] {logging_mixin.py:150} INFO - [2023-08-03T23:59:03.654+0000] {dag.py:3508} INFO - Setting next_dagrun for example_dag_decorator to None, run_after=None
[2023-08-03T23:59:03.666+0000] {processor.py:179} INFO - Processing /home/airflow/.local/lib/python3.7/site-packages/airflow/example_dags/example_dag_decorator.py took 0.122 seconds
[2023-08-03T23:59:33.875+0000] {processor.py:157} INFO - Started process (PID=3721) to work on /home/airflow/.local/lib/python3.7/site-packages/airflow/example_dags/example_dag_decorator.py
[2023-08-03T23:59:33.877+0000] {processor.py:826} INFO - Processing file /home/airflow/.local/lib/python3.7/site-packages/airflow/example_dags/example_dag_decorator.py for tasks to queue
[2023-08-03T23:59:33.878+0000] {logging_mixin.py:150} INFO - [2023-08-03T23:59:33.878+0000] {dagbag.py:541} INFO - Filling up the DagBag from /home/airflow/.local/lib/python3.7/site-packages/airflow/example_dags/example_dag_decorator.py
[2023-08-03T23:59:33.893+0000] {processor.py:836} INFO - DAG(s) dict_keys(['example_dag_decorator']) retrieved from /home/airflow/.local/lib/python3.7/site-packages/airflow/example_dags/example_dag_decorator.py
[2023-08-03T23:59:33.987+0000] {logging_mixin.py:150} INFO - [2023-08-03T23:59:33.987+0000] {dag.py:2742} INFO - Sync 1 DAGs
[2023-08-03T23:59:34.001+0000] {logging_mixin.py:150} INFO - [2023-08-03T23:59:34.001+0000] {dag.py:3508} INFO - Setting next_dagrun for example_dag_decorator to None, run_after=None
[2023-08-03T23:59:34.098+0000] {processor.py:179} INFO - Processing /home/airflow/.local/lib/python3.7/site-packages/airflow/example_dags/example_dag_decorator.py took 0.227 seconds
