[2023-08-03T01:04:28.700+0000] {processor.py:157} INFO - Started process (PID=2734) to work on /home/airflow/.local/lib/python3.7/site-packages/airflow/example_dags/example_branch_labels.py
[2023-08-03T01:04:28.704+0000] {processor.py:826} INFO - Processing file /home/airflow/.local/lib/python3.7/site-packages/airflow/example_dags/example_branch_labels.py for tasks to queue
[2023-08-03T01:04:28.705+0000] {logging_mixin.py:150} INFO - [2023-08-03T01:04:28.705+0000] {dagbag.py:541} INFO - Filling up the DagBag from /home/airflow/.local/lib/python3.7/site-packages/airflow/example_dags/example_branch_labels.py
[2023-08-03T01:04:28.712+0000] {processor.py:836} INFO - DAG(s) dict_keys(['example_branch_labels']) retrieved from /home/airflow/.local/lib/python3.7/site-packages/airflow/example_dags/example_branch_labels.py
[2023-08-03T01:04:28.735+0000] {logging_mixin.py:150} INFO - [2023-08-03T01:04:28.735+0000] {dag.py:2742} INFO - Sync 1 DAGs
[2023-08-03T01:04:28.755+0000] {logging_mixin.py:150} INFO - [2023-08-03T01:04:28.755+0000] {dag.py:3508} INFO - Setting next_dagrun for example_branch_labels to 2023-08-02T00:00:00+00:00, run_after=2023-08-03T00:00:00+00:00
[2023-08-03T01:04:28.767+0000] {processor.py:179} INFO - Processing /home/airflow/.local/lib/python3.7/site-packages/airflow/example_dags/example_branch_labels.py took 0.071 seconds
[2023-08-03T02:27:41.324+0000] {processor.py:157} INFO - Started process (PID=2791) to work on /home/airflow/.local/lib/python3.7/site-packages/airflow/example_dags/example_branch_labels.py
[2023-08-03T02:27:41.327+0000] {processor.py:826} INFO - Processing file /home/airflow/.local/lib/python3.7/site-packages/airflow/example_dags/example_branch_labels.py for tasks to queue
[2023-08-03T02:27:41.334+0000] {logging_mixin.py:150} INFO - [2023-08-03T02:27:41.334+0000] {dagbag.py:541} INFO - Filling up the DagBag from /home/airflow/.local/lib/python3.7/site-packages/airflow/example_dags/example_branch_labels.py
[2023-08-03T02:27:41.342+0000] {processor.py:836} INFO - DAG(s) dict_keys(['example_branch_labels']) retrieved from /home/airflow/.local/lib/python3.7/site-packages/airflow/example_dags/example_branch_labels.py
[2023-08-03T02:27:41.366+0000] {logging_mixin.py:150} INFO - [2023-08-03T02:27:41.365+0000] {dag.py:2742} INFO - Sync 1 DAGs
[2023-08-03T02:27:41.386+0000] {logging_mixin.py:150} INFO - [2023-08-03T02:27:41.386+0000] {dag.py:3508} INFO - Setting next_dagrun for example_branch_labels to 2023-08-02T00:00:00+00:00, run_after=2023-08-03T00:00:00+00:00
[2023-08-03T02:27:41.398+0000] {processor.py:179} INFO - Processing /home/airflow/.local/lib/python3.7/site-packages/airflow/example_dags/example_branch_labels.py took 0.077 seconds
[2023-08-03T04:08:05.153+0000] {processor.py:157} INFO - Started process (PID=2848) to work on /home/airflow/.local/lib/python3.7/site-packages/airflow/example_dags/example_branch_labels.py
[2023-08-03T04:08:05.154+0000] {processor.py:826} INFO - Processing file /home/airflow/.local/lib/python3.7/site-packages/airflow/example_dags/example_branch_labels.py for tasks to queue
[2023-08-03T04:08:05.156+0000] {logging_mixin.py:150} INFO - [2023-08-03T04:08:05.155+0000] {dagbag.py:541} INFO - Filling up the DagBag from /home/airflow/.local/lib/python3.7/site-packages/airflow/example_dags/example_branch_labels.py
[2023-08-03T04:08:05.163+0000] {processor.py:836} INFO - DAG(s) dict_keys(['example_branch_labels']) retrieved from /home/airflow/.local/lib/python3.7/site-packages/airflow/example_dags/example_branch_labels.py
[2023-08-03T04:08:05.187+0000] {logging_mixin.py:150} INFO - [2023-08-03T04:08:05.187+0000] {dag.py:2742} INFO - Sync 1 DAGs
[2023-08-03T04:08:05.207+0000] {logging_mixin.py:150} INFO - [2023-08-03T04:08:05.207+0000] {dag.py:3508} INFO - Setting next_dagrun for example_branch_labels to 2023-08-02T00:00:00+00:00, run_after=2023-08-03T00:00:00+00:00
[2023-08-03T04:08:05.220+0000] {processor.py:179} INFO - Processing /home/airflow/.local/lib/python3.7/site-packages/airflow/example_dags/example_branch_labels.py took 0.070 seconds
[2023-08-03T05:31:53.546+0000] {processor.py:157} INFO - Started process (PID=2905) to work on /home/airflow/.local/lib/python3.7/site-packages/airflow/example_dags/example_branch_labels.py
[2023-08-03T05:31:53.551+0000] {processor.py:826} INFO - Processing file /home/airflow/.local/lib/python3.7/site-packages/airflow/example_dags/example_branch_labels.py for tasks to queue
[2023-08-03T05:31:53.553+0000] {logging_mixin.py:150} INFO - [2023-08-03T05:31:53.553+0000] {dagbag.py:541} INFO - Filling up the DagBag from /home/airflow/.local/lib/python3.7/site-packages/airflow/example_dags/example_branch_labels.py
[2023-08-03T05:31:53.561+0000] {processor.py:836} INFO - DAG(s) dict_keys(['example_branch_labels']) retrieved from /home/airflow/.local/lib/python3.7/site-packages/airflow/example_dags/example_branch_labels.py
[2023-08-03T05:31:53.585+0000] {logging_mixin.py:150} INFO - [2023-08-03T05:31:53.585+0000] {dag.py:2742} INFO - Sync 1 DAGs
[2023-08-03T05:31:53.603+0000] {logging_mixin.py:150} INFO - [2023-08-03T05:31:53.603+0000] {dag.py:3508} INFO - Setting next_dagrun for example_branch_labels to 2023-08-02T00:00:00+00:00, run_after=2023-08-03T00:00:00+00:00
[2023-08-03T05:31:53.617+0000] {processor.py:179} INFO - Processing /home/airflow/.local/lib/python3.7/site-packages/airflow/example_dags/example_branch_labels.py took 0.075 seconds
[2023-08-03T07:13:15.346+0000] {processor.py:157} INFO - Started process (PID=2962) to work on /home/airflow/.local/lib/python3.7/site-packages/airflow/example_dags/example_branch_labels.py
[2023-08-03T07:13:15.356+0000] {processor.py:826} INFO - Processing file /home/airflow/.local/lib/python3.7/site-packages/airflow/example_dags/example_branch_labels.py for tasks to queue
[2023-08-03T07:13:15.366+0000] {logging_mixin.py:150} INFO - [2023-08-03T07:13:15.366+0000] {dagbag.py:541} INFO - Filling up the DagBag from /home/airflow/.local/lib/python3.7/site-packages/airflow/example_dags/example_branch_labels.py
[2023-08-03T07:13:15.373+0000] {processor.py:836} INFO - DAG(s) dict_keys(['example_branch_labels']) retrieved from /home/airflow/.local/lib/python3.7/site-packages/airflow/example_dags/example_branch_labels.py
[2023-08-03T07:13:15.399+0000] {logging_mixin.py:150} INFO - [2023-08-03T07:13:15.399+0000] {dag.py:2742} INFO - Sync 1 DAGs
[2023-08-03T07:13:16.446+0000] {logging_mixin.py:150} INFO - [2023-08-03T07:13:16.446+0000] {dag.py:3508} INFO - Setting next_dagrun for example_branch_labels to 2023-08-02T00:00:00+00:00, run_after=2023-08-03T00:00:00+00:00
[2023-08-03T07:13:16.568+0000] {processor.py:179} INFO - Processing /home/airflow/.local/lib/python3.7/site-packages/airflow/example_dags/example_branch_labels.py took 1.226 seconds
[2023-08-03T08:54:05.990+0000] {processor.py:157} INFO - Started process (PID=3019) to work on /home/airflow/.local/lib/python3.7/site-packages/airflow/example_dags/example_branch_labels.py
[2023-08-03T08:54:05.991+0000] {processor.py:826} INFO - Processing file /home/airflow/.local/lib/python3.7/site-packages/airflow/example_dags/example_branch_labels.py for tasks to queue
[2023-08-03T08:54:05.993+0000] {logging_mixin.py:150} INFO - [2023-08-03T08:54:05.992+0000] {dagbag.py:541} INFO - Filling up the DagBag from /home/airflow/.local/lib/python3.7/site-packages/airflow/example_dags/example_branch_labels.py
[2023-08-03T08:54:05.999+0000] {processor.py:836} INFO - DAG(s) dict_keys(['example_branch_labels']) retrieved from /home/airflow/.local/lib/python3.7/site-packages/airflow/example_dags/example_branch_labels.py
[2023-08-03T08:54:06.027+0000] {logging_mixin.py:150} INFO - [2023-08-03T08:54:06.027+0000] {dag.py:2742} INFO - Sync 1 DAGs
[2023-08-03T08:54:06.045+0000] {logging_mixin.py:150} INFO - [2023-08-03T08:54:06.045+0000] {dag.py:3508} INFO - Setting next_dagrun for example_branch_labels to 2023-08-02T00:00:00+00:00, run_after=2023-08-03T00:00:00+00:00
[2023-08-03T08:54:06.059+0000] {processor.py:179} INFO - Processing /home/airflow/.local/lib/python3.7/site-packages/airflow/example_dags/example_branch_labels.py took 0.073 seconds
[2023-08-03T10:17:23.718+0000] {processor.py:157} INFO - Started process (PID=3076) to work on /home/airflow/.local/lib/python3.7/site-packages/airflow/example_dags/example_branch_labels.py
[2023-08-03T10:17:23.722+0000] {processor.py:826} INFO - Processing file /home/airflow/.local/lib/python3.7/site-packages/airflow/example_dags/example_branch_labels.py for tasks to queue
[2023-08-03T10:17:23.723+0000] {logging_mixin.py:150} INFO - [2023-08-03T10:17:23.723+0000] {dagbag.py:541} INFO - Filling up the DagBag from /home/airflow/.local/lib/python3.7/site-packages/airflow/example_dags/example_branch_labels.py
[2023-08-03T10:17:23.731+0000] {processor.py:836} INFO - DAG(s) dict_keys(['example_branch_labels']) retrieved from /home/airflow/.local/lib/python3.7/site-packages/airflow/example_dags/example_branch_labels.py
[2023-08-03T10:17:23.757+0000] {logging_mixin.py:150} INFO - [2023-08-03T10:17:23.756+0000] {dag.py:2742} INFO - Sync 1 DAGs
[2023-08-03T10:17:23.823+0000] {logging_mixin.py:150} INFO - [2023-08-03T10:17:23.823+0000] {dag.py:3508} INFO - Setting next_dagrun for example_branch_labels to 2023-08-02T00:00:00+00:00, run_after=2023-08-03T00:00:00+00:00
[2023-08-03T10:17:23.838+0000] {processor.py:179} INFO - Processing /home/airflow/.local/lib/python3.7/site-packages/airflow/example_dags/example_branch_labels.py took 0.124 seconds
[2023-08-03T11:56:08.557+0000] {processor.py:157} INFO - Started process (PID=3134) to work on /home/airflow/.local/lib/python3.7/site-packages/airflow/example_dags/example_branch_labels.py
[2023-08-03T11:56:08.562+0000] {processor.py:826} INFO - Processing file /home/airflow/.local/lib/python3.7/site-packages/airflow/example_dags/example_branch_labels.py for tasks to queue
[2023-08-03T11:56:08.564+0000] {logging_mixin.py:150} INFO - [2023-08-03T11:56:08.564+0000] {dagbag.py:541} INFO - Filling up the DagBag from /home/airflow/.local/lib/python3.7/site-packages/airflow/example_dags/example_branch_labels.py
[2023-08-03T11:56:08.571+0000] {processor.py:836} INFO - DAG(s) dict_keys(['example_branch_labels']) retrieved from /home/airflow/.local/lib/python3.7/site-packages/airflow/example_dags/example_branch_labels.py
[2023-08-03T11:56:08.606+0000] {logging_mixin.py:150} INFO - [2023-08-03T11:56:08.606+0000] {dag.py:2742} INFO - Sync 1 DAGs
[2023-08-03T11:56:08.639+0000] {logging_mixin.py:150} INFO - [2023-08-03T11:56:08.639+0000] {dag.py:3508} INFO - Setting next_dagrun for example_branch_labels to 2023-08-02T00:00:00+00:00, run_after=2023-08-03T00:00:00+00:00
[2023-08-03T11:56:08.659+0000] {processor.py:179} INFO - Processing /home/airflow/.local/lib/python3.7/site-packages/airflow/example_dags/example_branch_labels.py took 0.105 seconds
[2023-08-03T13:18:49.016+0000] {processor.py:157} INFO - Started process (PID=3191) to work on /home/airflow/.local/lib/python3.7/site-packages/airflow/example_dags/example_branch_labels.py
[2023-08-03T13:18:49.020+0000] {processor.py:826} INFO - Processing file /home/airflow/.local/lib/python3.7/site-packages/airflow/example_dags/example_branch_labels.py for tasks to queue
[2023-08-03T13:18:49.022+0000] {logging_mixin.py:150} INFO - [2023-08-03T13:18:49.021+0000] {dagbag.py:541} INFO - Filling up the DagBag from /home/airflow/.local/lib/python3.7/site-packages/airflow/example_dags/example_branch_labels.py
[2023-08-03T13:18:49.031+0000] {processor.py:836} INFO - DAG(s) dict_keys(['example_branch_labels']) retrieved from /home/airflow/.local/lib/python3.7/site-packages/airflow/example_dags/example_branch_labels.py
[2023-08-03T13:18:49.074+0000] {logging_mixin.py:150} INFO - [2023-08-03T13:18:49.074+0000] {dag.py:2742} INFO - Sync 1 DAGs
[2023-08-03T13:18:49.098+0000] {logging_mixin.py:150} INFO - [2023-08-03T13:18:49.098+0000] {dag.py:3508} INFO - Setting next_dagrun for example_branch_labels to 2023-08-02T00:00:00+00:00, run_after=2023-08-03T00:00:00+00:00
[2023-08-03T13:18:49.116+0000] {processor.py:179} INFO - Processing /home/airflow/.local/lib/python3.7/site-packages/airflow/example_dags/example_branch_labels.py took 0.104 seconds
[2023-08-03T15:00:04.304+0000] {processor.py:157} INFO - Started process (PID=3247) to work on /home/airflow/.local/lib/python3.7/site-packages/airflow/example_dags/example_branch_labels.py
[2023-08-03T15:00:04.323+0000] {processor.py:826} INFO - Processing file /home/airflow/.local/lib/python3.7/site-packages/airflow/example_dags/example_branch_labels.py for tasks to queue
[2023-08-03T15:00:04.342+0000] {logging_mixin.py:150} INFO - [2023-08-03T15:00:04.341+0000] {dagbag.py:541} INFO - Filling up the DagBag from /home/airflow/.local/lib/python3.7/site-packages/airflow/example_dags/example_branch_labels.py
[2023-08-03T15:00:04.354+0000] {processor.py:836} INFO - DAG(s) dict_keys(['example_branch_labels']) retrieved from /home/airflow/.local/lib/python3.7/site-packages/airflow/example_dags/example_branch_labels.py
[2023-08-03T15:00:04.383+0000] {logging_mixin.py:150} INFO - [2023-08-03T15:00:04.383+0000] {dag.py:2742} INFO - Sync 1 DAGs
[2023-08-03T15:00:04.409+0000] {logging_mixin.py:150} INFO - [2023-08-03T15:00:04.408+0000] {dag.py:3508} INFO - Setting next_dagrun for example_branch_labels to 2023-08-02T00:00:00+00:00, run_after=2023-08-03T00:00:00+00:00
[2023-08-03T15:00:04.425+0000] {processor.py:179} INFO - Processing /home/airflow/.local/lib/python3.7/site-packages/airflow/example_dags/example_branch_labels.py took 0.127 seconds
[2023-08-03T16:41:35.486+0000] {processor.py:157} INFO - Started process (PID=3304) to work on /home/airflow/.local/lib/python3.7/site-packages/airflow/example_dags/example_branch_labels.py
[2023-08-03T16:41:35.490+0000] {processor.py:826} INFO - Processing file /home/airflow/.local/lib/python3.7/site-packages/airflow/example_dags/example_branch_labels.py for tasks to queue
[2023-08-03T16:41:35.492+0000] {logging_mixin.py:150} INFO - [2023-08-03T16:41:35.491+0000] {dagbag.py:541} INFO - Filling up the DagBag from /home/airflow/.local/lib/python3.7/site-packages/airflow/example_dags/example_branch_labels.py
[2023-08-03T16:41:35.499+0000] {processor.py:836} INFO - DAG(s) dict_keys(['example_branch_labels']) retrieved from /home/airflow/.local/lib/python3.7/site-packages/airflow/example_dags/example_branch_labels.py
[2023-08-03T16:41:35.522+0000] {logging_mixin.py:150} INFO - [2023-08-03T16:41:35.522+0000] {dag.py:2742} INFO - Sync 1 DAGs
[2023-08-03T16:41:35.586+0000] {logging_mixin.py:150} INFO - [2023-08-03T16:41:35.586+0000] {dag.py:3508} INFO - Setting next_dagrun for example_branch_labels to 2023-08-02T00:00:00+00:00, run_after=2023-08-03T00:00:00+00:00
[2023-08-03T16:41:35.598+0000] {processor.py:179} INFO - Processing /home/airflow/.local/lib/python3.7/site-packages/airflow/example_dags/example_branch_labels.py took 0.116 seconds
[2023-08-03T18:03:00.754+0000] {processor.py:157} INFO - Started process (PID=3360) to work on /home/airflow/.local/lib/python3.7/site-packages/airflow/example_dags/example_branch_labels.py
[2023-08-03T18:03:00.756+0000] {processor.py:826} INFO - Processing file /home/airflow/.local/lib/python3.7/site-packages/airflow/example_dags/example_branch_labels.py for tasks to queue
[2023-08-03T18:03:00.757+0000] {logging_mixin.py:150} INFO - [2023-08-03T18:03:00.757+0000] {dagbag.py:541} INFO - Filling up the DagBag from /home/airflow/.local/lib/python3.7/site-packages/airflow/example_dags/example_branch_labels.py
[2023-08-03T18:03:00.764+0000] {processor.py:836} INFO - DAG(s) dict_keys(['example_branch_labels']) retrieved from /home/airflow/.local/lib/python3.7/site-packages/airflow/example_dags/example_branch_labels.py
[2023-08-03T18:03:00.798+0000] {logging_mixin.py:150} INFO - [2023-08-03T18:03:00.798+0000] {dag.py:2742} INFO - Sync 1 DAGs
[2023-08-03T18:03:00.820+0000] {logging_mixin.py:150} INFO - [2023-08-03T18:03:00.820+0000] {dag.py:3508} INFO - Setting next_dagrun for example_branch_labels to 2023-08-02T00:00:00+00:00, run_after=2023-08-03T00:00:00+00:00
[2023-08-03T18:03:00.834+0000] {processor.py:179} INFO - Processing /home/airflow/.local/lib/python3.7/site-packages/airflow/example_dags/example_branch_labels.py took 0.083 seconds
[2023-08-03T19:44:22.627+0000] {processor.py:157} INFO - Started process (PID=3417) to work on /home/airflow/.local/lib/python3.7/site-packages/airflow/example_dags/example_branch_labels.py
[2023-08-03T19:44:22.630+0000] {processor.py:826} INFO - Processing file /home/airflow/.local/lib/python3.7/site-packages/airflow/example_dags/example_branch_labels.py for tasks to queue
[2023-08-03T19:44:22.631+0000] {logging_mixin.py:150} INFO - [2023-08-03T19:44:22.631+0000] {dagbag.py:541} INFO - Filling up the DagBag from /home/airflow/.local/lib/python3.7/site-packages/airflow/example_dags/example_branch_labels.py
[2023-08-03T19:44:22.637+0000] {processor.py:836} INFO - DAG(s) dict_keys(['example_branch_labels']) retrieved from /home/airflow/.local/lib/python3.7/site-packages/airflow/example_dags/example_branch_labels.py
[2023-08-03T19:44:22.665+0000] {logging_mixin.py:150} INFO - [2023-08-03T19:44:22.665+0000] {dag.py:2742} INFO - Sync 1 DAGs
[2023-08-03T19:44:22.683+0000] {logging_mixin.py:150} INFO - [2023-08-03T19:44:22.683+0000] {dag.py:3508} INFO - Setting next_dagrun for example_branch_labels to 2023-08-02T00:00:00+00:00, run_after=2023-08-03T00:00:00+00:00
[2023-08-03T19:44:22.694+0000] {processor.py:179} INFO - Processing /home/airflow/.local/lib/python3.7/site-packages/airflow/example_dags/example_branch_labels.py took 0.071 seconds
[2023-08-03T21:07:13.056+0000] {processor.py:157} INFO - Started process (PID=3474) to work on /home/airflow/.local/lib/python3.7/site-packages/airflow/example_dags/example_branch_labels.py
[2023-08-03T21:07:13.058+0000] {processor.py:826} INFO - Processing file /home/airflow/.local/lib/python3.7/site-packages/airflow/example_dags/example_branch_labels.py for tasks to queue
[2023-08-03T21:07:13.059+0000] {logging_mixin.py:150} INFO - [2023-08-03T21:07:13.059+0000] {dagbag.py:541} INFO - Filling up the DagBag from /home/airflow/.local/lib/python3.7/site-packages/airflow/example_dags/example_branch_labels.py
[2023-08-03T21:07:13.066+0000] {processor.py:836} INFO - DAG(s) dict_keys(['example_branch_labels']) retrieved from /home/airflow/.local/lib/python3.7/site-packages/airflow/example_dags/example_branch_labels.py
[2023-08-03T21:07:13.094+0000] {logging_mixin.py:150} INFO - [2023-08-03T21:07:13.094+0000] {dag.py:2742} INFO - Sync 1 DAGs
[2023-08-03T21:07:13.127+0000] {logging_mixin.py:150} INFO - [2023-08-03T21:07:13.127+0000] {dag.py:3508} INFO - Setting next_dagrun for example_branch_labels to 2023-08-02T00:00:00+00:00, run_after=2023-08-03T00:00:00+00:00
[2023-08-03T21:07:13.163+0000] {processor.py:179} INFO - Processing /home/airflow/.local/lib/python3.7/site-packages/airflow/example_dags/example_branch_labels.py took 0.110 seconds
[2023-08-03T22:46:10.275+0000] {processor.py:157} INFO - Started process (PID=3531) to work on /home/airflow/.local/lib/python3.7/site-packages/airflow/example_dags/example_branch_labels.py
[2023-08-03T22:46:10.277+0000] {processor.py:826} INFO - Processing file /home/airflow/.local/lib/python3.7/site-packages/airflow/example_dags/example_branch_labels.py for tasks to queue
[2023-08-03T22:46:10.279+0000] {logging_mixin.py:150} INFO - [2023-08-03T22:46:10.278+0000] {dagbag.py:541} INFO - Filling up the DagBag from /home/airflow/.local/lib/python3.7/site-packages/airflow/example_dags/example_branch_labels.py
[2023-08-03T22:46:10.286+0000] {processor.py:836} INFO - DAG(s) dict_keys(['example_branch_labels']) retrieved from /home/airflow/.local/lib/python3.7/site-packages/airflow/example_dags/example_branch_labels.py
[2023-08-03T22:46:10.307+0000] {logging_mixin.py:150} INFO - [2023-08-03T22:46:10.307+0000] {dag.py:2742} INFO - Sync 1 DAGs
[2023-08-03T22:46:10.337+0000] {logging_mixin.py:150} INFO - [2023-08-03T22:46:10.337+0000] {dag.py:3508} INFO - Setting next_dagrun for example_branch_labels to 2023-08-02T00:00:00+00:00, run_after=2023-08-03T00:00:00+00:00
[2023-08-03T22:46:10.349+0000] {processor.py:179} INFO - Processing /home/airflow/.local/lib/python3.7/site-packages/airflow/example_dags/example_branch_labels.py took 0.077 seconds
[2023-08-03T23:58:30.735+0000] {processor.py:157} INFO - Started process (PID=3587) to work on /home/airflow/.local/lib/python3.7/site-packages/airflow/example_dags/example_branch_labels.py
[2023-08-03T23:58:30.740+0000] {processor.py:826} INFO - Processing file /home/airflow/.local/lib/python3.7/site-packages/airflow/example_dags/example_branch_labels.py for tasks to queue
[2023-08-03T23:58:30.753+0000] {logging_mixin.py:150} INFO - [2023-08-03T23:58:30.753+0000] {dagbag.py:541} INFO - Filling up the DagBag from /home/airflow/.local/lib/python3.7/site-packages/airflow/example_dags/example_branch_labels.py
[2023-08-03T23:58:30.764+0000] {processor.py:836} INFO - DAG(s) dict_keys(['example_branch_labels']) retrieved from /home/airflow/.local/lib/python3.7/site-packages/airflow/example_dags/example_branch_labels.py
[2023-08-03T23:58:30.805+0000] {logging_mixin.py:150} INFO - [2023-08-03T23:58:30.805+0000] {dag.py:2742} INFO - Sync 1 DAGs
[2023-08-03T23:58:30.838+0000] {logging_mixin.py:150} INFO - [2023-08-03T23:58:30.838+0000] {dag.py:3508} INFO - Setting next_dagrun for example_branch_labels to 2023-08-02T00:00:00+00:00, run_after=2023-08-03T00:00:00+00:00
[2023-08-03T23:58:30.855+0000] {processor.py:179} INFO - Processing /home/airflow/.local/lib/python3.7/site-packages/airflow/example_dags/example_branch_labels.py took 0.125 seconds
[2023-08-03T23:59:01.021+0000] {processor.py:157} INFO - Started process (PID=3644) to work on /home/airflow/.local/lib/python3.7/site-packages/airflow/example_dags/example_branch_labels.py
[2023-08-03T23:59:01.022+0000] {processor.py:826} INFO - Processing file /home/airflow/.local/lib/python3.7/site-packages/airflow/example_dags/example_branch_labels.py for tasks to queue
[2023-08-03T23:59:01.024+0000] {logging_mixin.py:150} INFO - [2023-08-03T23:59:01.023+0000] {dagbag.py:541} INFO - Filling up the DagBag from /home/airflow/.local/lib/python3.7/site-packages/airflow/example_dags/example_branch_labels.py
[2023-08-03T23:59:01.031+0000] {processor.py:836} INFO - DAG(s) dict_keys(['example_branch_labels']) retrieved from /home/airflow/.local/lib/python3.7/site-packages/airflow/example_dags/example_branch_labels.py
[2023-08-03T23:59:01.116+0000] {logging_mixin.py:150} INFO - [2023-08-03T23:59:01.116+0000] {dag.py:2742} INFO - Sync 1 DAGs
[2023-08-03T23:59:01.175+0000] {logging_mixin.py:150} INFO - [2023-08-03T23:59:01.175+0000] {dag.py:3508} INFO - Setting next_dagrun for example_branch_labels to 2023-08-02T00:00:00+00:00, run_after=2023-08-03T00:00:00+00:00
[2023-08-03T23:59:01.193+0000] {processor.py:179} INFO - Processing /home/airflow/.local/lib/python3.7/site-packages/airflow/example_dags/example_branch_labels.py took 0.175 seconds
[2023-08-03T23:59:32.198+0000] {processor.py:157} INFO - Started process (PID=3702) to work on /home/airflow/.local/lib/python3.7/site-packages/airflow/example_dags/example_branch_labels.py
[2023-08-03T23:59:32.200+0000] {processor.py:826} INFO - Processing file /home/airflow/.local/lib/python3.7/site-packages/airflow/example_dags/example_branch_labels.py for tasks to queue
[2023-08-03T23:59:32.201+0000] {logging_mixin.py:150} INFO - [2023-08-03T23:59:32.201+0000] {dagbag.py:541} INFO - Filling up the DagBag from /home/airflow/.local/lib/python3.7/site-packages/airflow/example_dags/example_branch_labels.py
[2023-08-03T23:59:32.208+0000] {processor.py:836} INFO - DAG(s) dict_keys(['example_branch_labels']) retrieved from /home/airflow/.local/lib/python3.7/site-packages/airflow/example_dags/example_branch_labels.py
[2023-08-03T23:59:32.241+0000] {logging_mixin.py:150} INFO - [2023-08-03T23:59:32.240+0000] {dag.py:2742} INFO - Sync 1 DAGs
[2023-08-03T23:59:32.267+0000] {logging_mixin.py:150} INFO - [2023-08-03T23:59:32.267+0000] {dag.py:3508} INFO - Setting next_dagrun for example_branch_labels to 2023-08-02T00:00:00+00:00, run_after=2023-08-03T00:00:00+00:00
[2023-08-03T23:59:32.281+0000] {processor.py:179} INFO - Processing /home/airflow/.local/lib/python3.7/site-packages/airflow/example_dags/example_branch_labels.py took 0.086 seconds
