[2023-08-03T01:04:29.893+0000] {processor.py:157} INFO - Started process (PID=2750) to work on /home/airflow/.local/lib/python3.7/site-packages/airflow/example_dags/example_task_group.py
[2023-08-03T01:04:29.895+0000] {processor.py:826} INFO - Processing file /home/airflow/.local/lib/python3.7/site-packages/airflow/example_dags/example_task_group.py for tasks to queue
[2023-08-03T01:04:29.902+0000] {logging_mixin.py:150} INFO - [2023-08-03T01:04:29.902+0000] {dagbag.py:541} INFO - Filling up the DagBag from /home/airflow/.local/lib/python3.7/site-packages/airflow/example_dags/example_task_group.py
[2023-08-03T01:04:29.910+0000] {processor.py:836} INFO - DAG(s) dict_keys(['example_task_group']) retrieved from /home/airflow/.local/lib/python3.7/site-packages/airflow/example_dags/example_task_group.py
[2023-08-03T01:04:29.934+0000] {logging_mixin.py:150} INFO - [2023-08-03T01:04:29.934+0000] {dag.py:2742} INFO - Sync 1 DAGs
[2023-08-03T01:04:29.954+0000] {logging_mixin.py:150} INFO - [2023-08-03T01:04:29.954+0000] {dag.py:3508} INFO - Setting next_dagrun for example_task_group to 2023-08-02T01:04:29.954428+00:00, run_after=2023-08-03T01:04:29.954428+00:00
[2023-08-03T01:04:29.970+0000] {processor.py:179} INFO - Processing /home/airflow/.local/lib/python3.7/site-packages/airflow/example_dags/example_task_group.py took 0.080 seconds
[2023-08-03T02:27:42.451+0000] {processor.py:157} INFO - Started process (PID=2807) to work on /home/airflow/.local/lib/python3.7/site-packages/airflow/example_dags/example_task_group.py
[2023-08-03T02:27:42.453+0000] {processor.py:826} INFO - Processing file /home/airflow/.local/lib/python3.7/site-packages/airflow/example_dags/example_task_group.py for tasks to queue
[2023-08-03T02:27:42.455+0000] {logging_mixin.py:150} INFO - [2023-08-03T02:27:42.455+0000] {dagbag.py:541} INFO - Filling up the DagBag from /home/airflow/.local/lib/python3.7/site-packages/airflow/example_dags/example_task_group.py
[2023-08-03T02:27:42.463+0000] {processor.py:836} INFO - DAG(s) dict_keys(['example_task_group']) retrieved from /home/airflow/.local/lib/python3.7/site-packages/airflow/example_dags/example_task_group.py
[2023-08-03T02:27:42.487+0000] {logging_mixin.py:150} INFO - [2023-08-03T02:27:42.487+0000] {dag.py:2742} INFO - Sync 1 DAGs
[2023-08-03T02:27:42.507+0000] {logging_mixin.py:150} INFO - [2023-08-03T02:27:42.507+0000] {dag.py:3508} INFO - Setting next_dagrun for example_task_group to 2023-08-02T02:27:42.506849+00:00, run_after=2023-08-03T02:27:42.506849+00:00
[2023-08-03T02:27:42.521+0000] {processor.py:179} INFO - Processing /home/airflow/.local/lib/python3.7/site-packages/airflow/example_dags/example_task_group.py took 0.073 seconds
[2023-08-03T04:08:06.218+0000] {processor.py:157} INFO - Started process (PID=2864) to work on /home/airflow/.local/lib/python3.7/site-packages/airflow/example_dags/example_task_group.py
[2023-08-03T04:08:06.220+0000] {processor.py:826} INFO - Processing file /home/airflow/.local/lib/python3.7/site-packages/airflow/example_dags/example_task_group.py for tasks to queue
[2023-08-03T04:08:06.221+0000] {logging_mixin.py:150} INFO - [2023-08-03T04:08:06.221+0000] {dagbag.py:541} INFO - Filling up the DagBag from /home/airflow/.local/lib/python3.7/site-packages/airflow/example_dags/example_task_group.py
[2023-08-03T04:08:06.231+0000] {processor.py:836} INFO - DAG(s) dict_keys(['example_task_group']) retrieved from /home/airflow/.local/lib/python3.7/site-packages/airflow/example_dags/example_task_group.py
[2023-08-03T04:08:06.258+0000] {logging_mixin.py:150} INFO - [2023-08-03T04:08:06.258+0000] {dag.py:2742} INFO - Sync 1 DAGs
[2023-08-03T04:08:06.277+0000] {logging_mixin.py:150} INFO - [2023-08-03T04:08:06.277+0000] {dag.py:3508} INFO - Setting next_dagrun for example_task_group to 2023-08-02T04:08:06.277213+00:00, run_after=2023-08-03T04:08:06.277213+00:00
[2023-08-03T04:08:06.289+0000] {processor.py:179} INFO - Processing /home/airflow/.local/lib/python3.7/site-packages/airflow/example_dags/example_task_group.py took 0.074 seconds
[2023-08-03T05:31:54.686+0000] {processor.py:157} INFO - Started process (PID=2921) to work on /home/airflow/.local/lib/python3.7/site-packages/airflow/example_dags/example_task_group.py
[2023-08-03T05:31:54.689+0000] {processor.py:826} INFO - Processing file /home/airflow/.local/lib/python3.7/site-packages/airflow/example_dags/example_task_group.py for tasks to queue
[2023-08-03T05:31:54.690+0000] {logging_mixin.py:150} INFO - [2023-08-03T05:31:54.690+0000] {dagbag.py:541} INFO - Filling up the DagBag from /home/airflow/.local/lib/python3.7/site-packages/airflow/example_dags/example_task_group.py
[2023-08-03T05:31:54.698+0000] {processor.py:836} INFO - DAG(s) dict_keys(['example_task_group']) retrieved from /home/airflow/.local/lib/python3.7/site-packages/airflow/example_dags/example_task_group.py
[2023-08-03T05:31:54.720+0000] {logging_mixin.py:150} INFO - [2023-08-03T05:31:54.720+0000] {dag.py:2742} INFO - Sync 1 DAGs
[2023-08-03T05:31:54.738+0000] {logging_mixin.py:150} INFO - [2023-08-03T05:31:54.738+0000] {dag.py:3508} INFO - Setting next_dagrun for example_task_group to 2023-08-02T05:31:54.738163+00:00, run_after=2023-08-03T05:31:54.738163+00:00
[2023-08-03T05:31:54.754+0000] {processor.py:179} INFO - Processing /home/airflow/.local/lib/python3.7/site-packages/airflow/example_dags/example_task_group.py took 0.071 seconds
[2023-08-03T07:13:17.864+0000] {processor.py:157} INFO - Started process (PID=2978) to work on /home/airflow/.local/lib/python3.7/site-packages/airflow/example_dags/example_task_group.py
[2023-08-03T07:13:17.866+0000] {processor.py:826} INFO - Processing file /home/airflow/.local/lib/python3.7/site-packages/airflow/example_dags/example_task_group.py for tasks to queue
[2023-08-03T07:13:17.868+0000] {logging_mixin.py:150} INFO - [2023-08-03T07:13:17.867+0000] {dagbag.py:541} INFO - Filling up the DagBag from /home/airflow/.local/lib/python3.7/site-packages/airflow/example_dags/example_task_group.py
[2023-08-03T07:13:17.875+0000] {processor.py:836} INFO - DAG(s) dict_keys(['example_task_group']) retrieved from /home/airflow/.local/lib/python3.7/site-packages/airflow/example_dags/example_task_group.py
[2023-08-03T07:13:17.898+0000] {logging_mixin.py:150} INFO - [2023-08-03T07:13:17.898+0000] {dag.py:2742} INFO - Sync 1 DAGs
[2023-08-03T07:13:17.917+0000] {logging_mixin.py:150} INFO - [2023-08-03T07:13:17.917+0000] {dag.py:3508} INFO - Setting next_dagrun for example_task_group to 2023-08-02T07:13:17.917461+00:00, run_after=2023-08-03T07:13:17.917461+00:00
[2023-08-03T07:13:17.931+0000] {processor.py:179} INFO - Processing /home/airflow/.local/lib/python3.7/site-packages/airflow/example_dags/example_task_group.py took 0.070 seconds
[2023-08-03T08:54:07.154+0000] {processor.py:157} INFO - Started process (PID=3035) to work on /home/airflow/.local/lib/python3.7/site-packages/airflow/example_dags/example_task_group.py
[2023-08-03T08:54:07.155+0000] {processor.py:826} INFO - Processing file /home/airflow/.local/lib/python3.7/site-packages/airflow/example_dags/example_task_group.py for tasks to queue
[2023-08-03T08:54:07.156+0000] {logging_mixin.py:150} INFO - [2023-08-03T08:54:07.156+0000] {dagbag.py:541} INFO - Filling up the DagBag from /home/airflow/.local/lib/python3.7/site-packages/airflow/example_dags/example_task_group.py
[2023-08-03T08:54:07.170+0000] {processor.py:836} INFO - DAG(s) dict_keys(['example_task_group']) retrieved from /home/airflow/.local/lib/python3.7/site-packages/airflow/example_dags/example_task_group.py
[2023-08-03T08:54:07.201+0000] {logging_mixin.py:150} INFO - [2023-08-03T08:54:07.200+0000] {dag.py:2742} INFO - Sync 1 DAGs
[2023-08-03T08:54:07.226+0000] {logging_mixin.py:150} INFO - [2023-08-03T08:54:07.226+0000] {dag.py:3508} INFO - Setting next_dagrun for example_task_group to 2023-08-02T08:54:07.226017+00:00, run_after=2023-08-03T08:54:07.226017+00:00
[2023-08-03T08:54:07.242+0000] {processor.py:179} INFO - Processing /home/airflow/.local/lib/python3.7/site-packages/airflow/example_dags/example_task_group.py took 0.091 seconds
[2023-08-03T10:17:25.084+0000] {processor.py:157} INFO - Started process (PID=3092) to work on /home/airflow/.local/lib/python3.7/site-packages/airflow/example_dags/example_task_group.py
[2023-08-03T10:17:25.099+0000] {processor.py:826} INFO - Processing file /home/airflow/.local/lib/python3.7/site-packages/airflow/example_dags/example_task_group.py for tasks to queue
[2023-08-03T10:17:25.101+0000] {logging_mixin.py:150} INFO - [2023-08-03T10:17:25.101+0000] {dagbag.py:541} INFO - Filling up the DagBag from /home/airflow/.local/lib/python3.7/site-packages/airflow/example_dags/example_task_group.py
[2023-08-03T10:17:25.109+0000] {processor.py:836} INFO - DAG(s) dict_keys(['example_task_group']) retrieved from /home/airflow/.local/lib/python3.7/site-packages/airflow/example_dags/example_task_group.py
[2023-08-03T10:17:25.133+0000] {logging_mixin.py:150} INFO - [2023-08-03T10:17:25.133+0000] {dag.py:2742} INFO - Sync 1 DAGs
[2023-08-03T10:17:25.151+0000] {logging_mixin.py:150} INFO - [2023-08-03T10:17:25.151+0000] {dag.py:3508} INFO - Setting next_dagrun for example_task_group to 2023-08-02T10:17:25.151010+00:00, run_after=2023-08-03T10:17:25.151010+00:00
[2023-08-03T10:17:25.163+0000] {processor.py:179} INFO - Processing /home/airflow/.local/lib/python3.7/site-packages/airflow/example_dags/example_task_group.py took 0.083 seconds
[2023-08-03T11:56:10.519+0000] {processor.py:157} INFO - Started process (PID=3150) to work on /home/airflow/.local/lib/python3.7/site-packages/airflow/example_dags/example_task_group.py
[2023-08-03T11:56:10.522+0000] {processor.py:826} INFO - Processing file /home/airflow/.local/lib/python3.7/site-packages/airflow/example_dags/example_task_group.py for tasks to queue
[2023-08-03T11:56:10.523+0000] {logging_mixin.py:150} INFO - [2023-08-03T11:56:10.523+0000] {dagbag.py:541} INFO - Filling up the DagBag from /home/airflow/.local/lib/python3.7/site-packages/airflow/example_dags/example_task_group.py
[2023-08-03T11:56:10.531+0000] {processor.py:836} INFO - DAG(s) dict_keys(['example_task_group']) retrieved from /home/airflow/.local/lib/python3.7/site-packages/airflow/example_dags/example_task_group.py
[2023-08-03T11:56:10.556+0000] {logging_mixin.py:150} INFO - [2023-08-03T11:56:10.556+0000] {dag.py:2742} INFO - Sync 1 DAGs
[2023-08-03T11:56:10.579+0000] {logging_mixin.py:150} INFO - [2023-08-03T11:56:10.579+0000] {dag.py:3508} INFO - Setting next_dagrun for example_task_group to 2023-08-02T11:56:10.578907+00:00, run_after=2023-08-03T11:56:10.578907+00:00
[2023-08-03T11:56:10.595+0000] {processor.py:179} INFO - Processing /home/airflow/.local/lib/python3.7/site-packages/airflow/example_dags/example_task_group.py took 0.079 seconds
[2023-08-03T13:18:50.145+0000] {processor.py:157} INFO - Started process (PID=3207) to work on /home/airflow/.local/lib/python3.7/site-packages/airflow/example_dags/example_task_group.py
[2023-08-03T13:18:50.147+0000] {processor.py:826} INFO - Processing file /home/airflow/.local/lib/python3.7/site-packages/airflow/example_dags/example_task_group.py for tasks to queue
[2023-08-03T13:18:50.150+0000] {logging_mixin.py:150} INFO - [2023-08-03T13:18:50.150+0000] {dagbag.py:541} INFO - Filling up the DagBag from /home/airflow/.local/lib/python3.7/site-packages/airflow/example_dags/example_task_group.py
[2023-08-03T13:18:50.157+0000] {processor.py:836} INFO - DAG(s) dict_keys(['example_task_group']) retrieved from /home/airflow/.local/lib/python3.7/site-packages/airflow/example_dags/example_task_group.py
[2023-08-03T13:18:50.181+0000] {logging_mixin.py:150} INFO - [2023-08-03T13:18:50.180+0000] {dag.py:2742} INFO - Sync 1 DAGs
[2023-08-03T13:18:50.202+0000] {logging_mixin.py:150} INFO - [2023-08-03T13:18:50.202+0000] {dag.py:3508} INFO - Setting next_dagrun for example_task_group to 2023-08-02T13:18:50.201653+00:00, run_after=2023-08-03T13:18:50.201653+00:00
[2023-08-03T13:18:50.280+0000] {processor.py:179} INFO - Processing /home/airflow/.local/lib/python3.7/site-packages/airflow/example_dags/example_task_group.py took 0.138 seconds
[2023-08-03T15:00:05.757+0000] {processor.py:157} INFO - Started process (PID=3263) to work on /home/airflow/.local/lib/python3.7/site-packages/airflow/example_dags/example_task_group.py
[2023-08-03T15:00:05.760+0000] {processor.py:826} INFO - Processing file /home/airflow/.local/lib/python3.7/site-packages/airflow/example_dags/example_task_group.py for tasks to queue
[2023-08-03T15:00:05.761+0000] {logging_mixin.py:150} INFO - [2023-08-03T15:00:05.761+0000] {dagbag.py:541} INFO - Filling up the DagBag from /home/airflow/.local/lib/python3.7/site-packages/airflow/example_dags/example_task_group.py
[2023-08-03T15:00:05.770+0000] {processor.py:836} INFO - DAG(s) dict_keys(['example_task_group']) retrieved from /home/airflow/.local/lib/python3.7/site-packages/airflow/example_dags/example_task_group.py
[2023-08-03T15:00:05.794+0000] {logging_mixin.py:150} INFO - [2023-08-03T15:00:05.794+0000] {dag.py:2742} INFO - Sync 1 DAGs
[2023-08-03T15:00:05.813+0000] {logging_mixin.py:150} INFO - [2023-08-03T15:00:05.813+0000] {dag.py:3508} INFO - Setting next_dagrun for example_task_group to 2023-08-02T15:00:05.813006+00:00, run_after=2023-08-03T15:00:05.813006+00:00
[2023-08-03T15:00:05.827+0000] {processor.py:179} INFO - Processing /home/airflow/.local/lib/python3.7/site-packages/airflow/example_dags/example_task_group.py took 0.073 seconds
[2023-08-03T16:41:36.597+0000] {processor.py:157} INFO - Started process (PID=3320) to work on /home/airflow/.local/lib/python3.7/site-packages/airflow/example_dags/example_task_group.py
[2023-08-03T16:41:36.600+0000] {processor.py:826} INFO - Processing file /home/airflow/.local/lib/python3.7/site-packages/airflow/example_dags/example_task_group.py for tasks to queue
[2023-08-03T16:41:36.601+0000] {logging_mixin.py:150} INFO - [2023-08-03T16:41:36.601+0000] {dagbag.py:541} INFO - Filling up the DagBag from /home/airflow/.local/lib/python3.7/site-packages/airflow/example_dags/example_task_group.py
[2023-08-03T16:41:36.608+0000] {processor.py:836} INFO - DAG(s) dict_keys(['example_task_group']) retrieved from /home/airflow/.local/lib/python3.7/site-packages/airflow/example_dags/example_task_group.py
[2023-08-03T16:41:36.629+0000] {logging_mixin.py:150} INFO - [2023-08-03T16:41:36.629+0000] {dag.py:2742} INFO - Sync 1 DAGs
[2023-08-03T16:41:36.658+0000] {logging_mixin.py:150} INFO - [2023-08-03T16:41:36.658+0000] {dag.py:3508} INFO - Setting next_dagrun for example_task_group to 2023-08-02T16:41:36.658048+00:00, run_after=2023-08-03T16:41:36.658048+00:00
[2023-08-03T16:41:36.674+0000] {processor.py:179} INFO - Processing /home/airflow/.local/lib/python3.7/site-packages/airflow/example_dags/example_task_group.py took 0.079 seconds
[2023-08-03T18:03:02.681+0000] {processor.py:157} INFO - Started process (PID=3376) to work on /home/airflow/.local/lib/python3.7/site-packages/airflow/example_dags/example_task_group.py
[2023-08-03T18:03:02.683+0000] {processor.py:826} INFO - Processing file /home/airflow/.local/lib/python3.7/site-packages/airflow/example_dags/example_task_group.py for tasks to queue
[2023-08-03T18:03:02.685+0000] {logging_mixin.py:150} INFO - [2023-08-03T18:03:02.685+0000] {dagbag.py:541} INFO - Filling up the DagBag from /home/airflow/.local/lib/python3.7/site-packages/airflow/example_dags/example_task_group.py
[2023-08-03T18:03:02.694+0000] {processor.py:836} INFO - DAG(s) dict_keys(['example_task_group']) retrieved from /home/airflow/.local/lib/python3.7/site-packages/airflow/example_dags/example_task_group.py
[2023-08-03T18:03:02.726+0000] {logging_mixin.py:150} INFO - [2023-08-03T18:03:02.726+0000] {dag.py:2742} INFO - Sync 1 DAGs
[2023-08-03T18:03:02.754+0000] {logging_mixin.py:150} INFO - [2023-08-03T18:03:02.754+0000] {dag.py:3508} INFO - Setting next_dagrun for example_task_group to 2023-08-02T18:03:02.753827+00:00, run_after=2023-08-03T18:03:02.753827+00:00
[2023-08-03T18:03:02.774+0000] {processor.py:179} INFO - Processing /home/airflow/.local/lib/python3.7/site-packages/airflow/example_dags/example_task_group.py took 0.098 seconds
[2023-08-03T19:44:23.881+0000] {processor.py:157} INFO - Started process (PID=3433) to work on /home/airflow/.local/lib/python3.7/site-packages/airflow/example_dags/example_task_group.py
[2023-08-03T19:44:23.885+0000] {processor.py:826} INFO - Processing file /home/airflow/.local/lib/python3.7/site-packages/airflow/example_dags/example_task_group.py for tasks to queue
[2023-08-03T19:44:23.887+0000] {logging_mixin.py:150} INFO - [2023-08-03T19:44:23.887+0000] {dagbag.py:541} INFO - Filling up the DagBag from /home/airflow/.local/lib/python3.7/site-packages/airflow/example_dags/example_task_group.py
[2023-08-03T19:44:23.896+0000] {processor.py:836} INFO - DAG(s) dict_keys(['example_task_group']) retrieved from /home/airflow/.local/lib/python3.7/site-packages/airflow/example_dags/example_task_group.py
[2023-08-03T19:44:23.929+0000] {logging_mixin.py:150} INFO - [2023-08-03T19:44:23.929+0000] {dag.py:2742} INFO - Sync 1 DAGs
[2023-08-03T19:44:23.955+0000] {logging_mixin.py:150} INFO - [2023-08-03T19:44:23.955+0000] {dag.py:3508} INFO - Setting next_dagrun for example_task_group to 2023-08-02T19:44:23.954896+00:00, run_after=2023-08-03T19:44:23.954896+00:00
[2023-08-03T19:44:23.969+0000] {processor.py:179} INFO - Processing /home/airflow/.local/lib/python3.7/site-packages/airflow/example_dags/example_task_group.py took 0.092 seconds
[2023-08-03T21:07:14.401+0000] {processor.py:157} INFO - Started process (PID=3490) to work on /home/airflow/.local/lib/python3.7/site-packages/airflow/example_dags/example_task_group.py
[2023-08-03T21:07:14.404+0000] {processor.py:826} INFO - Processing file /home/airflow/.local/lib/python3.7/site-packages/airflow/example_dags/example_task_group.py for tasks to queue
[2023-08-03T21:07:14.405+0000] {logging_mixin.py:150} INFO - [2023-08-03T21:07:14.405+0000] {dagbag.py:541} INFO - Filling up the DagBag from /home/airflow/.local/lib/python3.7/site-packages/airflow/example_dags/example_task_group.py
[2023-08-03T21:07:14.412+0000] {processor.py:836} INFO - DAG(s) dict_keys(['example_task_group']) retrieved from /home/airflow/.local/lib/python3.7/site-packages/airflow/example_dags/example_task_group.py
[2023-08-03T21:07:14.435+0000] {logging_mixin.py:150} INFO - [2023-08-03T21:07:14.435+0000] {dag.py:2742} INFO - Sync 1 DAGs
[2023-08-03T21:07:14.455+0000] {logging_mixin.py:150} INFO - [2023-08-03T21:07:14.455+0000] {dag.py:3508} INFO - Setting next_dagrun for example_task_group to 2023-08-02T21:07:14.454955+00:00, run_after=2023-08-03T21:07:14.454955+00:00
[2023-08-03T21:07:14.474+0000] {processor.py:179} INFO - Processing /home/airflow/.local/lib/python3.7/site-packages/airflow/example_dags/example_task_group.py took 0.076 seconds
[2023-08-03T22:46:11.910+0000] {processor.py:157} INFO - Started process (PID=3547) to work on /home/airflow/.local/lib/python3.7/site-packages/airflow/example_dags/example_task_group.py
[2023-08-03T22:46:11.918+0000] {processor.py:826} INFO - Processing file /home/airflow/.local/lib/python3.7/site-packages/airflow/example_dags/example_task_group.py for tasks to queue
[2023-08-03T22:46:11.922+0000] {logging_mixin.py:150} INFO - [2023-08-03T22:46:11.921+0000] {dagbag.py:541} INFO - Filling up the DagBag from /home/airflow/.local/lib/python3.7/site-packages/airflow/example_dags/example_task_group.py
[2023-08-03T22:46:11.940+0000] {processor.py:836} INFO - DAG(s) dict_keys(['example_task_group']) retrieved from /home/airflow/.local/lib/python3.7/site-packages/airflow/example_dags/example_task_group.py
[2023-08-03T22:46:11.980+0000] {logging_mixin.py:150} INFO - [2023-08-03T22:46:11.980+0000] {dag.py:2742} INFO - Sync 1 DAGs
[2023-08-03T22:46:12.011+0000] {logging_mixin.py:150} INFO - [2023-08-03T22:46:12.011+0000] {dag.py:3508} INFO - Setting next_dagrun for example_task_group to 2023-08-02T22:46:12.011185+00:00, run_after=2023-08-03T22:46:12.011185+00:00
[2023-08-03T22:46:12.027+0000] {processor.py:179} INFO - Processing /home/airflow/.local/lib/python3.7/site-packages/airflow/example_dags/example_task_group.py took 0.122 seconds
[2023-08-03T23:58:32.353+0000] {processor.py:157} INFO - Started process (PID=3603) to work on /home/airflow/.local/lib/python3.7/site-packages/airflow/example_dags/example_task_group.py
[2023-08-03T23:58:32.355+0000] {processor.py:826} INFO - Processing file /home/airflow/.local/lib/python3.7/site-packages/airflow/example_dags/example_task_group.py for tasks to queue
[2023-08-03T23:58:32.360+0000] {logging_mixin.py:150} INFO - [2023-08-03T23:58:32.360+0000] {dagbag.py:541} INFO - Filling up the DagBag from /home/airflow/.local/lib/python3.7/site-packages/airflow/example_dags/example_task_group.py
[2023-08-03T23:58:32.369+0000] {processor.py:836} INFO - DAG(s) dict_keys(['example_task_group']) retrieved from /home/airflow/.local/lib/python3.7/site-packages/airflow/example_dags/example_task_group.py
[2023-08-03T23:58:32.397+0000] {logging_mixin.py:150} INFO - [2023-08-03T23:58:32.396+0000] {dag.py:2742} INFO - Sync 1 DAGs
[2023-08-03T23:58:32.419+0000] {logging_mixin.py:150} INFO - [2023-08-03T23:58:32.419+0000] {dag.py:3508} INFO - Setting next_dagrun for example_task_group to 2023-08-02T23:58:32.419447+00:00, run_after=2023-08-03T23:58:32.419447+00:00
[2023-08-03T23:58:32.438+0000] {processor.py:179} INFO - Processing /home/airflow/.local/lib/python3.7/site-packages/airflow/example_dags/example_task_group.py took 0.089 seconds
[2023-08-03T23:59:03.325+0000] {processor.py:157} INFO - Started process (PID=3660) to work on /home/airflow/.local/lib/python3.7/site-packages/airflow/example_dags/example_task_group.py
[2023-08-03T23:59:03.327+0000] {processor.py:826} INFO - Processing file /home/airflow/.local/lib/python3.7/site-packages/airflow/example_dags/example_task_group.py for tasks to queue
[2023-08-03T23:59:03.328+0000] {logging_mixin.py:150} INFO - [2023-08-03T23:59:03.328+0000] {dagbag.py:541} INFO - Filling up the DagBag from /home/airflow/.local/lib/python3.7/site-packages/airflow/example_dags/example_task_group.py
[2023-08-03T23:59:03.343+0000] {processor.py:836} INFO - DAG(s) dict_keys(['example_task_group']) retrieved from /home/airflow/.local/lib/python3.7/site-packages/airflow/example_dags/example_task_group.py
[2023-08-03T23:59:03.365+0000] {logging_mixin.py:150} INFO - [2023-08-03T23:59:03.365+0000] {dag.py:2742} INFO - Sync 1 DAGs
[2023-08-03T23:59:03.382+0000] {logging_mixin.py:150} INFO - [2023-08-03T23:59:03.382+0000] {dag.py:3508} INFO - Setting next_dagrun for example_task_group to 2023-08-02T23:59:03.382512+00:00, run_after=2023-08-03T23:59:03.382512+00:00
[2023-08-03T23:59:03.396+0000] {processor.py:179} INFO - Processing /home/airflow/.local/lib/python3.7/site-packages/airflow/example_dags/example_task_group.py took 0.073 seconds
[2023-08-03T23:59:33.646+0000] {processor.py:157} INFO - Started process (PID=3718) to work on /home/airflow/.local/lib/python3.7/site-packages/airflow/example_dags/example_task_group.py
[2023-08-03T23:59:33.648+0000] {processor.py:826} INFO - Processing file /home/airflow/.local/lib/python3.7/site-packages/airflow/example_dags/example_task_group.py for tasks to queue
[2023-08-03T23:59:33.660+0000] {logging_mixin.py:150} INFO - [2023-08-03T23:59:33.660+0000] {dagbag.py:541} INFO - Filling up the DagBag from /home/airflow/.local/lib/python3.7/site-packages/airflow/example_dags/example_task_group.py
[2023-08-03T23:59:33.669+0000] {processor.py:836} INFO - DAG(s) dict_keys(['example_task_group']) retrieved from /home/airflow/.local/lib/python3.7/site-packages/airflow/example_dags/example_task_group.py
[2023-08-03T23:59:33.691+0000] {logging_mixin.py:150} INFO - [2023-08-03T23:59:33.691+0000] {dag.py:2742} INFO - Sync 1 DAGs
[2023-08-03T23:59:33.709+0000] {logging_mixin.py:150} INFO - [2023-08-03T23:59:33.709+0000] {dag.py:3508} INFO - Setting next_dagrun for example_task_group to 2023-08-02T23:59:33.709536+00:00, run_after=2023-08-03T23:59:33.709536+00:00
[2023-08-03T23:59:33.721+0000] {processor.py:179} INFO - Processing /home/airflow/.local/lib/python3.7/site-packages/airflow/example_dags/example_task_group.py took 0.080 seconds
