[2023-08-03T01:04:30.169+0000] {processor.py:157} INFO - Started process (PID=2754) to work on /home/airflow/.local/lib/python3.7/site-packages/airflow/example_dags/example_short_circuit_operator.py
[2023-08-03T01:04:30.171+0000] {processor.py:826} INFO - Processing file /home/airflow/.local/lib/python3.7/site-packages/airflow/example_dags/example_short_circuit_operator.py for tasks to queue
[2023-08-03T01:04:30.173+0000] {logging_mixin.py:150} INFO - [2023-08-03T01:04:30.172+0000] {dagbag.py:541} INFO - Filling up the DagBag from /home/airflow/.local/lib/python3.7/site-packages/airflow/example_dags/example_short_circuit_operator.py
[2023-08-03T01:04:30.180+0000] {processor.py:836} INFO - DAG(s) dict_keys(['example_short_circuit_operator']) retrieved from /home/airflow/.local/lib/python3.7/site-packages/airflow/example_dags/example_short_circuit_operator.py
[2023-08-03T01:04:30.205+0000] {logging_mixin.py:150} INFO - [2023-08-03T01:04:30.204+0000] {dag.py:2742} INFO - Sync 1 DAGs
[2023-08-03T01:04:30.224+0000] {logging_mixin.py:150} INFO - [2023-08-03T01:04:30.224+0000] {dag.py:3508} INFO - Setting next_dagrun for example_short_circuit_operator to 2023-08-02T01:04:30.224078+00:00, run_after=2023-08-03T01:04:30.224078+00:00
[2023-08-03T01:04:30.242+0000] {processor.py:179} INFO - Processing /home/airflow/.local/lib/python3.7/site-packages/airflow/example_dags/example_short_circuit_operator.py took 0.076 seconds
[2023-08-03T02:27:42.710+0000] {processor.py:157} INFO - Started process (PID=2811) to work on /home/airflow/.local/lib/python3.7/site-packages/airflow/example_dags/example_short_circuit_operator.py
[2023-08-03T02:27:42.712+0000] {processor.py:826} INFO - Processing file /home/airflow/.local/lib/python3.7/site-packages/airflow/example_dags/example_short_circuit_operator.py for tasks to queue
[2023-08-03T02:27:42.713+0000] {logging_mixin.py:150} INFO - [2023-08-03T02:27:42.713+0000] {dagbag.py:541} INFO - Filling up the DagBag from /home/airflow/.local/lib/python3.7/site-packages/airflow/example_dags/example_short_circuit_operator.py
[2023-08-03T02:27:42.721+0000] {processor.py:836} INFO - DAG(s) dict_keys(['example_short_circuit_operator']) retrieved from /home/airflow/.local/lib/python3.7/site-packages/airflow/example_dags/example_short_circuit_operator.py
[2023-08-03T02:27:42.747+0000] {logging_mixin.py:150} INFO - [2023-08-03T02:27:42.747+0000] {dag.py:2742} INFO - Sync 1 DAGs
[2023-08-03T02:27:42.765+0000] {logging_mixin.py:150} INFO - [2023-08-03T02:27:42.764+0000] {dag.py:3508} INFO - Setting next_dagrun for example_short_circuit_operator to 2023-08-02T02:27:42.764602+00:00, run_after=2023-08-03T02:27:42.764602+00:00
[2023-08-03T02:27:42.778+0000] {processor.py:179} INFO - Processing /home/airflow/.local/lib/python3.7/site-packages/airflow/example_dags/example_short_circuit_operator.py took 0.071 seconds
[2023-08-03T04:08:06.478+0000] {processor.py:157} INFO - Started process (PID=2868) to work on /home/airflow/.local/lib/python3.7/site-packages/airflow/example_dags/example_short_circuit_operator.py
[2023-08-03T04:08:06.480+0000] {processor.py:826} INFO - Processing file /home/airflow/.local/lib/python3.7/site-packages/airflow/example_dags/example_short_circuit_operator.py for tasks to queue
[2023-08-03T04:08:06.481+0000] {logging_mixin.py:150} INFO - [2023-08-03T04:08:06.481+0000] {dagbag.py:541} INFO - Filling up the DagBag from /home/airflow/.local/lib/python3.7/site-packages/airflow/example_dags/example_short_circuit_operator.py
[2023-08-03T04:08:06.488+0000] {processor.py:836} INFO - DAG(s) dict_keys(['example_short_circuit_operator']) retrieved from /home/airflow/.local/lib/python3.7/site-packages/airflow/example_dags/example_short_circuit_operator.py
[2023-08-03T04:08:06.512+0000] {logging_mixin.py:150} INFO - [2023-08-03T04:08:06.512+0000] {dag.py:2742} INFO - Sync 1 DAGs
[2023-08-03T04:08:06.529+0000] {logging_mixin.py:150} INFO - [2023-08-03T04:08:06.529+0000] {dag.py:3508} INFO - Setting next_dagrun for example_short_circuit_operator to 2023-08-02T04:08:06.529467+00:00, run_after=2023-08-03T04:08:06.529467+00:00
[2023-08-03T04:08:06.543+0000] {processor.py:179} INFO - Processing /home/airflow/.local/lib/python3.7/site-packages/airflow/example_dags/example_short_circuit_operator.py took 0.068 seconds
[2023-08-03T05:31:54.946+0000] {processor.py:157} INFO - Started process (PID=2925) to work on /home/airflow/.local/lib/python3.7/site-packages/airflow/example_dags/example_short_circuit_operator.py
[2023-08-03T05:31:54.955+0000] {processor.py:826} INFO - Processing file /home/airflow/.local/lib/python3.7/site-packages/airflow/example_dags/example_short_circuit_operator.py for tasks to queue
[2023-08-03T05:31:54.956+0000] {logging_mixin.py:150} INFO - [2023-08-03T05:31:54.956+0000] {dagbag.py:541} INFO - Filling up the DagBag from /home/airflow/.local/lib/python3.7/site-packages/airflow/example_dags/example_short_circuit_operator.py
[2023-08-03T05:31:54.963+0000] {processor.py:836} INFO - DAG(s) dict_keys(['example_short_circuit_operator']) retrieved from /home/airflow/.local/lib/python3.7/site-packages/airflow/example_dags/example_short_circuit_operator.py
[2023-08-03T05:31:54.987+0000] {logging_mixin.py:150} INFO - [2023-08-03T05:31:54.986+0000] {dag.py:2742} INFO - Sync 1 DAGs
[2023-08-03T05:31:55.004+0000] {logging_mixin.py:150} INFO - [2023-08-03T05:31:55.004+0000] {dag.py:3508} INFO - Setting next_dagrun for example_short_circuit_operator to 2023-08-02T05:31:55.004599+00:00, run_after=2023-08-03T05:31:55.004599+00:00
[2023-08-03T05:31:55.021+0000] {processor.py:179} INFO - Processing /home/airflow/.local/lib/python3.7/site-packages/airflow/example_dags/example_short_circuit_operator.py took 0.078 seconds
[2023-08-03T07:13:18.109+0000] {processor.py:157} INFO - Started process (PID=2982) to work on /home/airflow/.local/lib/python3.7/site-packages/airflow/example_dags/example_short_circuit_operator.py
[2023-08-03T07:13:18.173+0000] {processor.py:826} INFO - Processing file /home/airflow/.local/lib/python3.7/site-packages/airflow/example_dags/example_short_circuit_operator.py for tasks to queue
[2023-08-03T07:13:18.175+0000] {logging_mixin.py:150} INFO - [2023-08-03T07:13:18.175+0000] {dagbag.py:541} INFO - Filling up the DagBag from /home/airflow/.local/lib/python3.7/site-packages/airflow/example_dags/example_short_circuit_operator.py
[2023-08-03T07:13:18.184+0000] {processor.py:836} INFO - DAG(s) dict_keys(['example_short_circuit_operator']) retrieved from /home/airflow/.local/lib/python3.7/site-packages/airflow/example_dags/example_short_circuit_operator.py
[2023-08-03T07:13:18.210+0000] {logging_mixin.py:150} INFO - [2023-08-03T07:13:18.209+0000] {dag.py:2742} INFO - Sync 1 DAGs
[2023-08-03T07:13:18.230+0000] {logging_mixin.py:150} INFO - [2023-08-03T07:13:18.230+0000] {dag.py:3508} INFO - Setting next_dagrun for example_short_circuit_operator to 2023-08-02T07:13:18.229803+00:00, run_after=2023-08-03T07:13:18.229803+00:00
[2023-08-03T07:13:18.243+0000] {processor.py:179} INFO - Processing /home/airflow/.local/lib/python3.7/site-packages/airflow/example_dags/example_short_circuit_operator.py took 0.138 seconds
[2023-08-03T08:54:07.404+0000] {processor.py:157} INFO - Started process (PID=3039) to work on /home/airflow/.local/lib/python3.7/site-packages/airflow/example_dags/example_short_circuit_operator.py
[2023-08-03T08:54:07.406+0000] {processor.py:826} INFO - Processing file /home/airflow/.local/lib/python3.7/site-packages/airflow/example_dags/example_short_circuit_operator.py for tasks to queue
[2023-08-03T08:54:07.408+0000] {logging_mixin.py:150} INFO - [2023-08-03T08:54:07.408+0000] {dagbag.py:541} INFO - Filling up the DagBag from /home/airflow/.local/lib/python3.7/site-packages/airflow/example_dags/example_short_circuit_operator.py
[2023-08-03T08:54:07.416+0000] {processor.py:836} INFO - DAG(s) dict_keys(['example_short_circuit_operator']) retrieved from /home/airflow/.local/lib/python3.7/site-packages/airflow/example_dags/example_short_circuit_operator.py
[2023-08-03T08:54:07.439+0000] {logging_mixin.py:150} INFO - [2023-08-03T08:54:07.439+0000] {dag.py:2742} INFO - Sync 1 DAGs
[2023-08-03T08:54:07.458+0000] {logging_mixin.py:150} INFO - [2023-08-03T08:54:07.458+0000] {dag.py:3508} INFO - Setting next_dagrun for example_short_circuit_operator to 2023-08-02T08:54:07.458126+00:00, run_after=2023-08-03T08:54:07.458126+00:00
[2023-08-03T08:54:07.512+0000] {processor.py:179} INFO - Processing /home/airflow/.local/lib/python3.7/site-packages/airflow/example_dags/example_short_circuit_operator.py took 0.110 seconds
[2023-08-03T10:17:25.297+0000] {processor.py:157} INFO - Started process (PID=3096) to work on /home/airflow/.local/lib/python3.7/site-packages/airflow/example_dags/example_short_circuit_operator.py
[2023-08-03T10:17:25.299+0000] {processor.py:826} INFO - Processing file /home/airflow/.local/lib/python3.7/site-packages/airflow/example_dags/example_short_circuit_operator.py for tasks to queue
[2023-08-03T10:17:25.300+0000] {logging_mixin.py:150} INFO - [2023-08-03T10:17:25.300+0000] {dagbag.py:541} INFO - Filling up the DagBag from /home/airflow/.local/lib/python3.7/site-packages/airflow/example_dags/example_short_circuit_operator.py
[2023-08-03T10:17:25.308+0000] {processor.py:836} INFO - DAG(s) dict_keys(['example_short_circuit_operator']) retrieved from /home/airflow/.local/lib/python3.7/site-packages/airflow/example_dags/example_short_circuit_operator.py
[2023-08-03T10:17:25.332+0000] {logging_mixin.py:150} INFO - [2023-08-03T10:17:25.331+0000] {dag.py:2742} INFO - Sync 1 DAGs
[2023-08-03T10:17:25.349+0000] {logging_mixin.py:150} INFO - [2023-08-03T10:17:25.349+0000] {dag.py:3508} INFO - Setting next_dagrun for example_short_circuit_operator to 2023-08-02T10:17:25.349363+00:00, run_after=2023-08-03T10:17:25.349363+00:00
[2023-08-03T10:17:25.364+0000] {processor.py:179} INFO - Processing /home/airflow/.local/lib/python3.7/site-packages/airflow/example_dags/example_short_circuit_operator.py took 0.070 seconds
[2023-08-03T11:56:10.822+0000] {processor.py:157} INFO - Started process (PID=3154) to work on /home/airflow/.local/lib/python3.7/site-packages/airflow/example_dags/example_short_circuit_operator.py
[2023-08-03T11:56:10.824+0000] {processor.py:826} INFO - Processing file /home/airflow/.local/lib/python3.7/site-packages/airflow/example_dags/example_short_circuit_operator.py for tasks to queue
[2023-08-03T11:56:10.825+0000] {logging_mixin.py:150} INFO - [2023-08-03T11:56:10.825+0000] {dagbag.py:541} INFO - Filling up the DagBag from /home/airflow/.local/lib/python3.7/site-packages/airflow/example_dags/example_short_circuit_operator.py
[2023-08-03T11:56:10.833+0000] {processor.py:836} INFO - DAG(s) dict_keys(['example_short_circuit_operator']) retrieved from /home/airflow/.local/lib/python3.7/site-packages/airflow/example_dags/example_short_circuit_operator.py
[2023-08-03T11:56:10.862+0000] {logging_mixin.py:150} INFO - [2023-08-03T11:56:10.862+0000] {dag.py:2742} INFO - Sync 1 DAGs
[2023-08-03T11:56:10.886+0000] {logging_mixin.py:150} INFO - [2023-08-03T11:56:10.886+0000] {dag.py:3508} INFO - Setting next_dagrun for example_short_circuit_operator to 2023-08-02T11:56:10.885841+00:00, run_after=2023-08-03T11:56:10.885841+00:00
[2023-08-03T11:56:10.902+0000] {processor.py:179} INFO - Processing /home/airflow/.local/lib/python3.7/site-packages/airflow/example_dags/example_short_circuit_operator.py took 0.084 seconds
[2023-08-03T13:18:50.482+0000] {processor.py:157} INFO - Started process (PID=3211) to work on /home/airflow/.local/lib/python3.7/site-packages/airflow/example_dags/example_short_circuit_operator.py
[2023-08-03T13:18:50.484+0000] {processor.py:826} INFO - Processing file /home/airflow/.local/lib/python3.7/site-packages/airflow/example_dags/example_short_circuit_operator.py for tasks to queue
[2023-08-03T13:18:50.485+0000] {logging_mixin.py:150} INFO - [2023-08-03T13:18:50.485+0000] {dagbag.py:541} INFO - Filling up the DagBag from /home/airflow/.local/lib/python3.7/site-packages/airflow/example_dags/example_short_circuit_operator.py
[2023-08-03T13:18:50.493+0000] {processor.py:836} INFO - DAG(s) dict_keys(['example_short_circuit_operator']) retrieved from /home/airflow/.local/lib/python3.7/site-packages/airflow/example_dags/example_short_circuit_operator.py
[2023-08-03T13:18:50.520+0000] {logging_mixin.py:150} INFO - [2023-08-03T13:18:50.520+0000] {dag.py:2742} INFO - Sync 1 DAGs
[2023-08-03T13:18:50.540+0000] {logging_mixin.py:150} INFO - [2023-08-03T13:18:50.540+0000] {dag.py:3508} INFO - Setting next_dagrun for example_short_circuit_operator to 2023-08-02T13:18:50.540071+00:00, run_after=2023-08-03T13:18:50.540071+00:00
[2023-08-03T13:18:50.553+0000] {processor.py:179} INFO - Processing /home/airflow/.local/lib/python3.7/site-packages/airflow/example_dags/example_short_circuit_operator.py took 0.075 seconds
[2023-08-03T15:00:06.073+0000] {processor.py:157} INFO - Started process (PID=3267) to work on /home/airflow/.local/lib/python3.7/site-packages/airflow/example_dags/example_short_circuit_operator.py
[2023-08-03T15:00:06.076+0000] {processor.py:826} INFO - Processing file /home/airflow/.local/lib/python3.7/site-packages/airflow/example_dags/example_short_circuit_operator.py for tasks to queue
[2023-08-03T15:00:06.087+0000] {logging_mixin.py:150} INFO - [2023-08-03T15:00:06.087+0000] {dagbag.py:541} INFO - Filling up the DagBag from /home/airflow/.local/lib/python3.7/site-packages/airflow/example_dags/example_short_circuit_operator.py
[2023-08-03T15:00:06.097+0000] {processor.py:836} INFO - DAG(s) dict_keys(['example_short_circuit_operator']) retrieved from /home/airflow/.local/lib/python3.7/site-packages/airflow/example_dags/example_short_circuit_operator.py
[2023-08-03T15:00:06.127+0000] {logging_mixin.py:150} INFO - [2023-08-03T15:00:06.127+0000] {dag.py:2742} INFO - Sync 1 DAGs
[2023-08-03T15:00:06.150+0000] {logging_mixin.py:150} INFO - [2023-08-03T15:00:06.150+0000] {dag.py:3508} INFO - Setting next_dagrun for example_short_circuit_operator to 2023-08-02T15:00:06.150367+00:00, run_after=2023-08-03T15:00:06.150367+00:00
[2023-08-03T15:00:06.172+0000] {processor.py:179} INFO - Processing /home/airflow/.local/lib/python3.7/site-packages/airflow/example_dags/example_short_circuit_operator.py took 0.103 seconds
[2023-08-03T16:41:36.971+0000] {processor.py:157} INFO - Started process (PID=3324) to work on /home/airflow/.local/lib/python3.7/site-packages/airflow/example_dags/example_short_circuit_operator.py
[2023-08-03T16:41:36.973+0000] {processor.py:826} INFO - Processing file /home/airflow/.local/lib/python3.7/site-packages/airflow/example_dags/example_short_circuit_operator.py for tasks to queue
[2023-08-03T16:41:36.974+0000] {logging_mixin.py:150} INFO - [2023-08-03T16:41:36.974+0000] {dagbag.py:541} INFO - Filling up the DagBag from /home/airflow/.local/lib/python3.7/site-packages/airflow/example_dags/example_short_circuit_operator.py
[2023-08-03T16:41:36.981+0000] {processor.py:836} INFO - DAG(s) dict_keys(['example_short_circuit_operator']) retrieved from /home/airflow/.local/lib/python3.7/site-packages/airflow/example_dags/example_short_circuit_operator.py
[2023-08-03T16:41:37.005+0000] {logging_mixin.py:150} INFO - [2023-08-03T16:41:37.005+0000] {dag.py:2742} INFO - Sync 1 DAGs
[2023-08-03T16:41:37.022+0000] {logging_mixin.py:150} INFO - [2023-08-03T16:41:37.022+0000] {dag.py:3508} INFO - Setting next_dagrun for example_short_circuit_operator to 2023-08-02T16:41:37.021840+00:00, run_after=2023-08-03T16:41:37.021840+00:00
[2023-08-03T16:41:37.037+0000] {processor.py:179} INFO - Processing /home/airflow/.local/lib/python3.7/site-packages/airflow/example_dags/example_short_circuit_operator.py took 0.069 seconds
[2023-08-03T18:03:02.924+0000] {processor.py:157} INFO - Started process (PID=3380) to work on /home/airflow/.local/lib/python3.7/site-packages/airflow/example_dags/example_short_circuit_operator.py
[2023-08-03T18:03:02.927+0000] {processor.py:826} INFO - Processing file /home/airflow/.local/lib/python3.7/site-packages/airflow/example_dags/example_short_circuit_operator.py for tasks to queue
[2023-08-03T18:03:02.928+0000] {logging_mixin.py:150} INFO - [2023-08-03T18:03:02.928+0000] {dagbag.py:541} INFO - Filling up the DagBag from /home/airflow/.local/lib/python3.7/site-packages/airflow/example_dags/example_short_circuit_operator.py
[2023-08-03T18:03:02.936+0000] {processor.py:836} INFO - DAG(s) dict_keys(['example_short_circuit_operator']) retrieved from /home/airflow/.local/lib/python3.7/site-packages/airflow/example_dags/example_short_circuit_operator.py
[2023-08-03T18:03:02.960+0000] {logging_mixin.py:150} INFO - [2023-08-03T18:03:02.960+0000] {dag.py:2742} INFO - Sync 1 DAGs
[2023-08-03T18:03:02.979+0000] {logging_mixin.py:150} INFO - [2023-08-03T18:03:02.979+0000] {dag.py:3508} INFO - Setting next_dagrun for example_short_circuit_operator to 2023-08-02T18:03:02.979141+00:00, run_after=2023-08-03T18:03:02.979141+00:00
[2023-08-03T18:03:02.992+0000] {processor.py:179} INFO - Processing /home/airflow/.local/lib/python3.7/site-packages/airflow/example_dags/example_short_circuit_operator.py took 0.073 seconds
[2023-08-03T19:44:24.174+0000] {processor.py:157} INFO - Started process (PID=3437) to work on /home/airflow/.local/lib/python3.7/site-packages/airflow/example_dags/example_short_circuit_operator.py
[2023-08-03T19:44:24.176+0000] {processor.py:826} INFO - Processing file /home/airflow/.local/lib/python3.7/site-packages/airflow/example_dags/example_short_circuit_operator.py for tasks to queue
[2023-08-03T19:44:24.177+0000] {logging_mixin.py:150} INFO - [2023-08-03T19:44:24.177+0000] {dagbag.py:541} INFO - Filling up the DagBag from /home/airflow/.local/lib/python3.7/site-packages/airflow/example_dags/example_short_circuit_operator.py
[2023-08-03T19:44:24.185+0000] {processor.py:836} INFO - DAG(s) dict_keys(['example_short_circuit_operator']) retrieved from /home/airflow/.local/lib/python3.7/site-packages/airflow/example_dags/example_short_circuit_operator.py
[2023-08-03T19:44:24.210+0000] {logging_mixin.py:150} INFO - [2023-08-03T19:44:24.210+0000] {dag.py:2742} INFO - Sync 1 DAGs
[2023-08-03T19:44:24.228+0000] {logging_mixin.py:150} INFO - [2023-08-03T19:44:24.228+0000] {dag.py:3508} INFO - Setting next_dagrun for example_short_circuit_operator to 2023-08-02T19:44:24.228483+00:00, run_after=2023-08-03T19:44:24.228483+00:00
[2023-08-03T19:44:24.241+0000] {processor.py:179} INFO - Processing /home/airflow/.local/lib/python3.7/site-packages/airflow/example_dags/example_short_circuit_operator.py took 0.071 seconds
[2023-08-03T21:07:14.612+0000] {processor.py:157} INFO - Started process (PID=3494) to work on /home/airflow/.local/lib/python3.7/site-packages/airflow/example_dags/example_short_circuit_operator.py
[2023-08-03T21:07:14.615+0000] {processor.py:826} INFO - Processing file /home/airflow/.local/lib/python3.7/site-packages/airflow/example_dags/example_short_circuit_operator.py for tasks to queue
[2023-08-03T21:07:14.617+0000] {logging_mixin.py:150} INFO - [2023-08-03T21:07:14.616+0000] {dagbag.py:541} INFO - Filling up the DagBag from /home/airflow/.local/lib/python3.7/site-packages/airflow/example_dags/example_short_circuit_operator.py
[2023-08-03T21:07:14.625+0000] {processor.py:836} INFO - DAG(s) dict_keys(['example_short_circuit_operator']) retrieved from /home/airflow/.local/lib/python3.7/site-packages/airflow/example_dags/example_short_circuit_operator.py
[2023-08-03T21:07:14.649+0000] {logging_mixin.py:150} INFO - [2023-08-03T21:07:14.648+0000] {dag.py:2742} INFO - Sync 1 DAGs
[2023-08-03T21:07:14.667+0000] {logging_mixin.py:150} INFO - [2023-08-03T21:07:14.667+0000] {dag.py:3508} INFO - Setting next_dagrun for example_short_circuit_operator to 2023-08-02T21:07:14.666857+00:00, run_after=2023-08-03T21:07:14.666857+00:00
[2023-08-03T21:07:14.681+0000] {processor.py:179} INFO - Processing /home/airflow/.local/lib/python3.7/site-packages/airflow/example_dags/example_short_circuit_operator.py took 0.072 seconds
[2023-08-03T22:46:12.193+0000] {processor.py:157} INFO - Started process (PID=3551) to work on /home/airflow/.local/lib/python3.7/site-packages/airflow/example_dags/example_short_circuit_operator.py
[2023-08-03T22:46:12.196+0000] {processor.py:826} INFO - Processing file /home/airflow/.local/lib/python3.7/site-packages/airflow/example_dags/example_short_circuit_operator.py for tasks to queue
[2023-08-03T22:46:12.198+0000] {logging_mixin.py:150} INFO - [2023-08-03T22:46:12.197+0000] {dagbag.py:541} INFO - Filling up the DagBag from /home/airflow/.local/lib/python3.7/site-packages/airflow/example_dags/example_short_circuit_operator.py
[2023-08-03T22:46:12.209+0000] {processor.py:836} INFO - DAG(s) dict_keys(['example_short_circuit_operator']) retrieved from /home/airflow/.local/lib/python3.7/site-packages/airflow/example_dags/example_short_circuit_operator.py
[2023-08-03T22:46:12.238+0000] {logging_mixin.py:150} INFO - [2023-08-03T22:46:12.237+0000] {dag.py:2742} INFO - Sync 1 DAGs
[2023-08-03T22:46:12.255+0000] {logging_mixin.py:150} INFO - [2023-08-03T22:46:12.255+0000] {dag.py:3508} INFO - Setting next_dagrun for example_short_circuit_operator to 2023-08-02T22:46:12.254955+00:00, run_after=2023-08-03T22:46:12.254955+00:00
[2023-08-03T22:46:12.272+0000] {processor.py:179} INFO - Processing /home/airflow/.local/lib/python3.7/site-packages/airflow/example_dags/example_short_circuit_operator.py took 0.083 seconds
[2023-08-03T23:58:32.684+0000] {processor.py:157} INFO - Started process (PID=3607) to work on /home/airflow/.local/lib/python3.7/site-packages/airflow/example_dags/example_short_circuit_operator.py
[2023-08-03T23:58:32.686+0000] {processor.py:826} INFO - Processing file /home/airflow/.local/lib/python3.7/site-packages/airflow/example_dags/example_short_circuit_operator.py for tasks to queue
[2023-08-03T23:58:32.703+0000] {logging_mixin.py:150} INFO - [2023-08-03T23:58:32.703+0000] {dagbag.py:541} INFO - Filling up the DagBag from /home/airflow/.local/lib/python3.7/site-packages/airflow/example_dags/example_short_circuit_operator.py
[2023-08-03T23:58:32.713+0000] {processor.py:836} INFO - DAG(s) dict_keys(['example_short_circuit_operator']) retrieved from /home/airflow/.local/lib/python3.7/site-packages/airflow/example_dags/example_short_circuit_operator.py
[2023-08-03T23:58:32.740+0000] {logging_mixin.py:150} INFO - [2023-08-03T23:58:32.739+0000] {dag.py:2742} INFO - Sync 1 DAGs
[2023-08-03T23:58:32.759+0000] {logging_mixin.py:150} INFO - [2023-08-03T23:58:32.759+0000] {dag.py:3508} INFO - Setting next_dagrun for example_short_circuit_operator to 2023-08-02T23:58:32.759169+00:00, run_after=2023-08-03T23:58:32.759169+00:00
[2023-08-03T23:58:32.774+0000] {processor.py:179} INFO - Processing /home/airflow/.local/lib/python3.7/site-packages/airflow/example_dags/example_short_circuit_operator.py took 0.093 seconds
[2023-08-03T23:59:03.698+0000] {processor.py:157} INFO - Started process (PID=3664) to work on /home/airflow/.local/lib/python3.7/site-packages/airflow/example_dags/example_short_circuit_operator.py
[2023-08-03T23:59:03.699+0000] {processor.py:826} INFO - Processing file /home/airflow/.local/lib/python3.7/site-packages/airflow/example_dags/example_short_circuit_operator.py for tasks to queue
[2023-08-03T23:59:03.701+0000] {logging_mixin.py:150} INFO - [2023-08-03T23:59:03.700+0000] {dagbag.py:541} INFO - Filling up the DagBag from /home/airflow/.local/lib/python3.7/site-packages/airflow/example_dags/example_short_circuit_operator.py
[2023-08-03T23:59:03.708+0000] {processor.py:836} INFO - DAG(s) dict_keys(['example_short_circuit_operator']) retrieved from /home/airflow/.local/lib/python3.7/site-packages/airflow/example_dags/example_short_circuit_operator.py
[2023-08-03T23:59:03.781+0000] {logging_mixin.py:150} INFO - [2023-08-03T23:59:03.781+0000] {dag.py:2742} INFO - Sync 1 DAGs
[2023-08-03T23:59:03.800+0000] {logging_mixin.py:150} INFO - [2023-08-03T23:59:03.800+0000] {dag.py:3508} INFO - Setting next_dagrun for example_short_circuit_operator to 2023-08-02T23:59:03.799929+00:00, run_after=2023-08-03T23:59:03.799929+00:00
[2023-08-03T23:59:03.814+0000] {processor.py:179} INFO - Processing /home/airflow/.local/lib/python3.7/site-packages/airflow/example_dags/example_short_circuit_operator.py took 0.120 seconds
[2023-08-03T23:59:34.148+0000] {processor.py:157} INFO - Started process (PID=3722) to work on /home/airflow/.local/lib/python3.7/site-packages/airflow/example_dags/example_short_circuit_operator.py
[2023-08-03T23:59:34.151+0000] {processor.py:826} INFO - Processing file /home/airflow/.local/lib/python3.7/site-packages/airflow/example_dags/example_short_circuit_operator.py for tasks to queue
[2023-08-03T23:59:34.154+0000] {logging_mixin.py:150} INFO - [2023-08-03T23:59:34.153+0000] {dagbag.py:541} INFO - Filling up the DagBag from /home/airflow/.local/lib/python3.7/site-packages/airflow/example_dags/example_short_circuit_operator.py
[2023-08-03T23:59:34.166+0000] {processor.py:836} INFO - DAG(s) dict_keys(['example_short_circuit_operator']) retrieved from /home/airflow/.local/lib/python3.7/site-packages/airflow/example_dags/example_short_circuit_operator.py
[2023-08-03T23:59:34.191+0000] {logging_mixin.py:150} INFO - [2023-08-03T23:59:34.191+0000] {dag.py:2742} INFO - Sync 1 DAGs
[2023-08-03T23:59:34.209+0000] {logging_mixin.py:150} INFO - [2023-08-03T23:59:34.208+0000] {dag.py:3508} INFO - Setting next_dagrun for example_short_circuit_operator to 2023-08-02T23:59:34.208696+00:00, run_after=2023-08-03T23:59:34.208696+00:00
[2023-08-03T23:59:34.223+0000] {processor.py:179} INFO - Processing /home/airflow/.local/lib/python3.7/site-packages/airflow/example_dags/example_short_circuit_operator.py took 0.079 seconds
