[2023-08-03T01:04:29.625+0000] {processor.py:157} INFO - Started process (PID=2746) to work on /home/airflow/.local/lib/python3.7/site-packages/airflow/example_dags/example_bash_operator.py
[2023-08-03T01:04:29.627+0000] {processor.py:826} INFO - Processing file /home/airflow/.local/lib/python3.7/site-packages/airflow/example_dags/example_bash_operator.py for tasks to queue
[2023-08-03T01:04:29.634+0000] {logging_mixin.py:150} INFO - [2023-08-03T01:04:29.634+0000] {dagbag.py:541} INFO - Filling up the DagBag from /home/airflow/.local/lib/python3.7/site-packages/airflow/example_dags/example_bash_operator.py
[2023-08-03T01:04:29.646+0000] {processor.py:836} INFO - DAG(s) dict_keys(['example_bash_operator']) retrieved from /home/airflow/.local/lib/python3.7/site-packages/airflow/example_dags/example_bash_operator.py
[2023-08-03T01:04:29.675+0000] {logging_mixin.py:150} INFO - [2023-08-03T01:04:29.675+0000] {dag.py:2742} INFO - Sync 1 DAGs
[2023-08-03T01:04:29.694+0000] {logging_mixin.py:150} INFO - [2023-08-03T01:04:29.693+0000] {dag.py:3508} INFO - Setting next_dagrun for example_bash_operator to 2023-08-02T00:00:00+00:00, run_after=2023-08-03T00:00:00+00:00
[2023-08-03T01:04:29.706+0000] {processor.py:179} INFO - Processing /home/airflow/.local/lib/python3.7/site-packages/airflow/example_dags/example_bash_operator.py took 0.084 seconds
[2023-08-03T02:27:42.220+0000] {processor.py:157} INFO - Started process (PID=2803) to work on /home/airflow/.local/lib/python3.7/site-packages/airflow/example_dags/example_bash_operator.py
[2023-08-03T02:27:42.221+0000] {processor.py:826} INFO - Processing file /home/airflow/.local/lib/python3.7/site-packages/airflow/example_dags/example_bash_operator.py for tasks to queue
[2023-08-03T02:27:42.223+0000] {logging_mixin.py:150} INFO - [2023-08-03T02:27:42.223+0000] {dagbag.py:541} INFO - Filling up the DagBag from /home/airflow/.local/lib/python3.7/site-packages/airflow/example_dags/example_bash_operator.py
[2023-08-03T02:27:42.237+0000] {processor.py:836} INFO - DAG(s) dict_keys(['example_bash_operator']) retrieved from /home/airflow/.local/lib/python3.7/site-packages/airflow/example_dags/example_bash_operator.py
[2023-08-03T02:27:42.272+0000] {logging_mixin.py:150} INFO - [2023-08-03T02:27:42.272+0000] {dag.py:2742} INFO - Sync 1 DAGs
[2023-08-03T02:27:42.293+0000] {logging_mixin.py:150} INFO - [2023-08-03T02:27:42.293+0000] {dag.py:3508} INFO - Setting next_dagrun for example_bash_operator to 2023-08-02T00:00:00+00:00, run_after=2023-08-03T00:00:00+00:00
[2023-08-03T02:27:42.315+0000] {processor.py:179} INFO - Processing /home/airflow/.local/lib/python3.7/site-packages/airflow/example_dags/example_bash_operator.py took 0.098 seconds
[2023-08-03T04:08:06.001+0000] {processor.py:157} INFO - Started process (PID=2860) to work on /home/airflow/.local/lib/python3.7/site-packages/airflow/example_dags/example_bash_operator.py
[2023-08-03T04:08:06.003+0000] {processor.py:826} INFO - Processing file /home/airflow/.local/lib/python3.7/site-packages/airflow/example_dags/example_bash_operator.py for tasks to queue
[2023-08-03T04:08:06.005+0000] {logging_mixin.py:150} INFO - [2023-08-03T04:08:06.004+0000] {dagbag.py:541} INFO - Filling up the DagBag from /home/airflow/.local/lib/python3.7/site-packages/airflow/example_dags/example_bash_operator.py
[2023-08-03T04:08:06.017+0000] {processor.py:836} INFO - DAG(s) dict_keys(['example_bash_operator']) retrieved from /home/airflow/.local/lib/python3.7/site-packages/airflow/example_dags/example_bash_operator.py
[2023-08-03T04:08:06.048+0000] {logging_mixin.py:150} INFO - [2023-08-03T04:08:06.048+0000] {dag.py:2742} INFO - Sync 1 DAGs
[2023-08-03T04:08:06.069+0000] {logging_mixin.py:150} INFO - [2023-08-03T04:08:06.069+0000] {dag.py:3508} INFO - Setting next_dagrun for example_bash_operator to 2023-08-02T00:00:00+00:00, run_after=2023-08-03T00:00:00+00:00
[2023-08-03T04:08:06.083+0000] {processor.py:179} INFO - Processing /home/airflow/.local/lib/python3.7/site-packages/airflow/example_dags/example_bash_operator.py took 0.085 seconds
[2023-08-03T05:31:54.455+0000] {processor.py:157} INFO - Started process (PID=2917) to work on /home/airflow/.local/lib/python3.7/site-packages/airflow/example_dags/example_bash_operator.py
[2023-08-03T05:31:54.457+0000] {processor.py:826} INFO - Processing file /home/airflow/.local/lib/python3.7/site-packages/airflow/example_dags/example_bash_operator.py for tasks to queue
[2023-08-03T05:31:54.458+0000] {logging_mixin.py:150} INFO - [2023-08-03T05:31:54.458+0000] {dagbag.py:541} INFO - Filling up the DagBag from /home/airflow/.local/lib/python3.7/site-packages/airflow/example_dags/example_bash_operator.py
[2023-08-03T05:31:54.469+0000] {processor.py:836} INFO - DAG(s) dict_keys(['example_bash_operator']) retrieved from /home/airflow/.local/lib/python3.7/site-packages/airflow/example_dags/example_bash_operator.py
[2023-08-03T05:31:54.496+0000] {logging_mixin.py:150} INFO - [2023-08-03T05:31:54.496+0000] {dag.py:2742} INFO - Sync 1 DAGs
[2023-08-03T05:31:54.515+0000] {logging_mixin.py:150} INFO - [2023-08-03T05:31:54.515+0000] {dag.py:3508} INFO - Setting next_dagrun for example_bash_operator to 2023-08-02T00:00:00+00:00, run_after=2023-08-03T00:00:00+00:00
[2023-08-03T05:31:54.527+0000] {processor.py:179} INFO - Processing /home/airflow/.local/lib/python3.7/site-packages/airflow/example_dags/example_bash_operator.py took 0.075 seconds
[2023-08-03T07:13:17.585+0000] {processor.py:157} INFO - Started process (PID=2974) to work on /home/airflow/.local/lib/python3.7/site-packages/airflow/example_dags/example_bash_operator.py
[2023-08-03T07:13:17.587+0000] {processor.py:826} INFO - Processing file /home/airflow/.local/lib/python3.7/site-packages/airflow/example_dags/example_bash_operator.py for tasks to queue
[2023-08-03T07:13:17.589+0000] {logging_mixin.py:150} INFO - [2023-08-03T07:13:17.589+0000] {dagbag.py:541} INFO - Filling up the DagBag from /home/airflow/.local/lib/python3.7/site-packages/airflow/example_dags/example_bash_operator.py
[2023-08-03T07:13:17.601+0000] {processor.py:836} INFO - DAG(s) dict_keys(['example_bash_operator']) retrieved from /home/airflow/.local/lib/python3.7/site-packages/airflow/example_dags/example_bash_operator.py
[2023-08-03T07:13:17.691+0000] {logging_mixin.py:150} INFO - [2023-08-03T07:13:17.691+0000] {dag.py:2742} INFO - Sync 1 DAGs
[2023-08-03T07:13:17.709+0000] {logging_mixin.py:150} INFO - [2023-08-03T07:13:17.709+0000] {dag.py:3508} INFO - Setting next_dagrun for example_bash_operator to 2023-08-02T00:00:00+00:00, run_after=2023-08-03T00:00:00+00:00
[2023-08-03T07:13:17.723+0000] {processor.py:179} INFO - Processing /home/airflow/.local/lib/python3.7/site-packages/airflow/example_dags/example_bash_operator.py took 0.141 seconds
[2023-08-03T08:54:06.817+0000] {processor.py:157} INFO - Started process (PID=3031) to work on /home/airflow/.local/lib/python3.7/site-packages/airflow/example_dags/example_bash_operator.py
[2023-08-03T08:54:06.823+0000] {processor.py:826} INFO - Processing file /home/airflow/.local/lib/python3.7/site-packages/airflow/example_dags/example_bash_operator.py for tasks to queue
[2023-08-03T08:54:06.825+0000] {logging_mixin.py:150} INFO - [2023-08-03T08:54:06.824+0000] {dagbag.py:541} INFO - Filling up the DagBag from /home/airflow/.local/lib/python3.7/site-packages/airflow/example_dags/example_bash_operator.py
[2023-08-03T08:54:06.840+0000] {processor.py:836} INFO - DAG(s) dict_keys(['example_bash_operator']) retrieved from /home/airflow/.local/lib/python3.7/site-packages/airflow/example_dags/example_bash_operator.py
[2023-08-03T08:54:06.892+0000] {logging_mixin.py:150} INFO - [2023-08-03T08:54:06.891+0000] {dag.py:2742} INFO - Sync 1 DAGs
[2023-08-03T08:54:06.924+0000] {logging_mixin.py:150} INFO - [2023-08-03T08:54:06.923+0000] {dag.py:3508} INFO - Setting next_dagrun for example_bash_operator to 2023-08-02T00:00:00+00:00, run_after=2023-08-03T00:00:00+00:00
[2023-08-03T08:54:06.999+0000] {processor.py:179} INFO - Processing /home/airflow/.local/lib/python3.7/site-packages/airflow/example_dags/example_bash_operator.py took 0.187 seconds
[2023-08-03T10:17:24.775+0000] {processor.py:157} INFO - Started process (PID=3088) to work on /home/airflow/.local/lib/python3.7/site-packages/airflow/example_dags/example_bash_operator.py
[2023-08-03T10:17:24.778+0000] {processor.py:826} INFO - Processing file /home/airflow/.local/lib/python3.7/site-packages/airflow/example_dags/example_bash_operator.py for tasks to queue
[2023-08-03T10:17:24.780+0000] {logging_mixin.py:150} INFO - [2023-08-03T10:17:24.779+0000] {dagbag.py:541} INFO - Filling up the DagBag from /home/airflow/.local/lib/python3.7/site-packages/airflow/example_dags/example_bash_operator.py
[2023-08-03T10:17:24.793+0000] {processor.py:836} INFO - DAG(s) dict_keys(['example_bash_operator']) retrieved from /home/airflow/.local/lib/python3.7/site-packages/airflow/example_dags/example_bash_operator.py
[2023-08-03T10:17:24.821+0000] {logging_mixin.py:150} INFO - [2023-08-03T10:17:24.821+0000] {dag.py:2742} INFO - Sync 1 DAGs
[2023-08-03T10:17:24.840+0000] {logging_mixin.py:150} INFO - [2023-08-03T10:17:24.840+0000] {dag.py:3508} INFO - Setting next_dagrun for example_bash_operator to 2023-08-02T00:00:00+00:00, run_after=2023-08-03T00:00:00+00:00
[2023-08-03T10:17:24.860+0000] {processor.py:179} INFO - Processing /home/airflow/.local/lib/python3.7/site-packages/airflow/example_dags/example_bash_operator.py took 0.088 seconds
[2023-08-03T11:56:09.658+0000] {processor.py:157} INFO - Started process (PID=3146) to work on /home/airflow/.local/lib/python3.7/site-packages/airflow/example_dags/example_bash_operator.py
[2023-08-03T11:56:09.664+0000] {processor.py:826} INFO - Processing file /home/airflow/.local/lib/python3.7/site-packages/airflow/example_dags/example_bash_operator.py for tasks to queue
[2023-08-03T11:56:09.666+0000] {logging_mixin.py:150} INFO - [2023-08-03T11:56:09.665+0000] {dagbag.py:541} INFO - Filling up the DagBag from /home/airflow/.local/lib/python3.7/site-packages/airflow/example_dags/example_bash_operator.py
[2023-08-03T11:56:09.678+0000] {processor.py:836} INFO - DAG(s) dict_keys(['example_bash_operator']) retrieved from /home/airflow/.local/lib/python3.7/site-packages/airflow/example_dags/example_bash_operator.py
[2023-08-03T11:56:09.710+0000] {logging_mixin.py:150} INFO - [2023-08-03T11:56:09.709+0000] {dag.py:2742} INFO - Sync 1 DAGs
[2023-08-03T11:56:09.935+0000] {logging_mixin.py:150} INFO - [2023-08-03T11:56:09.935+0000] {dag.py:3508} INFO - Setting next_dagrun for example_bash_operator to 2023-08-02T00:00:00+00:00, run_after=2023-08-03T00:00:00+00:00
[2023-08-03T11:56:10.151+0000] {processor.py:179} INFO - Processing /home/airflow/.local/lib/python3.7/site-packages/airflow/example_dags/example_bash_operator.py took 0.497 seconds
[2023-08-03T13:18:49.932+0000] {processor.py:157} INFO - Started process (PID=3203) to work on /home/airflow/.local/lib/python3.7/site-packages/airflow/example_dags/example_bash_operator.py
[2023-08-03T13:18:49.934+0000] {processor.py:826} INFO - Processing file /home/airflow/.local/lib/python3.7/site-packages/airflow/example_dags/example_bash_operator.py for tasks to queue
[2023-08-03T13:18:49.936+0000] {logging_mixin.py:150} INFO - [2023-08-03T13:18:49.935+0000] {dagbag.py:541} INFO - Filling up the DagBag from /home/airflow/.local/lib/python3.7/site-packages/airflow/example_dags/example_bash_operator.py
[2023-08-03T13:18:49.949+0000] {processor.py:836} INFO - DAG(s) dict_keys(['example_bash_operator']) retrieved from /home/airflow/.local/lib/python3.7/site-packages/airflow/example_dags/example_bash_operator.py
[2023-08-03T13:18:49.978+0000] {logging_mixin.py:150} INFO - [2023-08-03T13:18:49.978+0000] {dag.py:2742} INFO - Sync 1 DAGs
[2023-08-03T13:18:49.998+0000] {logging_mixin.py:150} INFO - [2023-08-03T13:18:49.998+0000] {dag.py:3508} INFO - Setting next_dagrun for example_bash_operator to 2023-08-02T00:00:00+00:00, run_after=2023-08-03T00:00:00+00:00
[2023-08-03T13:18:50.012+0000] {processor.py:179} INFO - Processing /home/airflow/.local/lib/python3.7/site-packages/airflow/example_dags/example_bash_operator.py took 0.083 seconds
[2023-08-03T15:00:05.497+0000] {processor.py:157} INFO - Started process (PID=3259) to work on /home/airflow/.local/lib/python3.7/site-packages/airflow/example_dags/example_bash_operator.py
[2023-08-03T15:00:05.500+0000] {processor.py:826} INFO - Processing file /home/airflow/.local/lib/python3.7/site-packages/airflow/example_dags/example_bash_operator.py for tasks to queue
[2023-08-03T15:00:05.501+0000] {logging_mixin.py:150} INFO - [2023-08-03T15:00:05.501+0000] {dagbag.py:541} INFO - Filling up the DagBag from /home/airflow/.local/lib/python3.7/site-packages/airflow/example_dags/example_bash_operator.py
[2023-08-03T15:00:05.513+0000] {processor.py:836} INFO - DAG(s) dict_keys(['example_bash_operator']) retrieved from /home/airflow/.local/lib/python3.7/site-packages/airflow/example_dags/example_bash_operator.py
[2023-08-03T15:00:05.543+0000] {logging_mixin.py:150} INFO - [2023-08-03T15:00:05.543+0000] {dag.py:2742} INFO - Sync 1 DAGs
[2023-08-03T15:00:05.581+0000] {logging_mixin.py:150} INFO - [2023-08-03T15:00:05.580+0000] {dag.py:3508} INFO - Setting next_dagrun for example_bash_operator to 2023-08-02T00:00:00+00:00, run_after=2023-08-03T00:00:00+00:00
[2023-08-03T15:00:05.599+0000] {processor.py:179} INFO - Processing /home/airflow/.local/lib/python3.7/site-packages/airflow/example_dags/example_bash_operator.py took 0.106 seconds
[2023-08-03T16:41:36.344+0000] {processor.py:157} INFO - Started process (PID=3316) to work on /home/airflow/.local/lib/python3.7/site-packages/airflow/example_dags/example_bash_operator.py
[2023-08-03T16:41:36.346+0000] {processor.py:826} INFO - Processing file /home/airflow/.local/lib/python3.7/site-packages/airflow/example_dags/example_bash_operator.py for tasks to queue
[2023-08-03T16:41:36.348+0000] {logging_mixin.py:150} INFO - [2023-08-03T16:41:36.347+0000] {dagbag.py:541} INFO - Filling up the DagBag from /home/airflow/.local/lib/python3.7/site-packages/airflow/example_dags/example_bash_operator.py
[2023-08-03T16:41:36.359+0000] {processor.py:836} INFO - DAG(s) dict_keys(['example_bash_operator']) retrieved from /home/airflow/.local/lib/python3.7/site-packages/airflow/example_dags/example_bash_operator.py
[2023-08-03T16:41:36.389+0000] {logging_mixin.py:150} INFO - [2023-08-03T16:41:36.388+0000] {dag.py:2742} INFO - Sync 1 DAGs
[2023-08-03T16:41:36.409+0000] {logging_mixin.py:150} INFO - [2023-08-03T16:41:36.409+0000] {dag.py:3508} INFO - Setting next_dagrun for example_bash_operator to 2023-08-02T00:00:00+00:00, run_after=2023-08-03T00:00:00+00:00
[2023-08-03T16:41:36.424+0000] {processor.py:179} INFO - Processing /home/airflow/.local/lib/python3.7/site-packages/airflow/example_dags/example_bash_operator.py took 0.083 seconds
[2023-08-03T18:03:02.110+0000] {processor.py:157} INFO - Started process (PID=3372) to work on /home/airflow/.local/lib/python3.7/site-packages/airflow/example_dags/example_bash_operator.py
[2023-08-03T18:03:02.112+0000] {processor.py:826} INFO - Processing file /home/airflow/.local/lib/python3.7/site-packages/airflow/example_dags/example_bash_operator.py for tasks to queue
[2023-08-03T18:03:02.113+0000] {logging_mixin.py:150} INFO - [2023-08-03T18:03:02.113+0000] {dagbag.py:541} INFO - Filling up the DagBag from /home/airflow/.local/lib/python3.7/site-packages/airflow/example_dags/example_bash_operator.py
[2023-08-03T18:03:02.127+0000] {processor.py:836} INFO - DAG(s) dict_keys(['example_bash_operator']) retrieved from /home/airflow/.local/lib/python3.7/site-packages/airflow/example_dags/example_bash_operator.py
[2023-08-03T18:03:02.170+0000] {logging_mixin.py:150} INFO - [2023-08-03T18:03:02.170+0000] {dag.py:2742} INFO - Sync 1 DAGs
[2023-08-03T18:03:02.222+0000] {logging_mixin.py:150} INFO - [2023-08-03T18:03:02.222+0000] {dag.py:3508} INFO - Setting next_dagrun for example_bash_operator to 2023-08-02T00:00:00+00:00, run_after=2023-08-03T00:00:00+00:00
[2023-08-03T18:03:02.279+0000] {processor.py:179} INFO - Processing /home/airflow/.local/lib/python3.7/site-packages/airflow/example_dags/example_bash_operator.py took 0.173 seconds
[2023-08-03T19:44:23.596+0000] {processor.py:157} INFO - Started process (PID=3429) to work on /home/airflow/.local/lib/python3.7/site-packages/airflow/example_dags/example_bash_operator.py
[2023-08-03T19:44:23.600+0000] {processor.py:826} INFO - Processing file /home/airflow/.local/lib/python3.7/site-packages/airflow/example_dags/example_bash_operator.py for tasks to queue
[2023-08-03T19:44:23.602+0000] {logging_mixin.py:150} INFO - [2023-08-03T19:44:23.601+0000] {dagbag.py:541} INFO - Filling up the DagBag from /home/airflow/.local/lib/python3.7/site-packages/airflow/example_dags/example_bash_operator.py
[2023-08-03T19:44:23.616+0000] {processor.py:836} INFO - DAG(s) dict_keys(['example_bash_operator']) retrieved from /home/airflow/.local/lib/python3.7/site-packages/airflow/example_dags/example_bash_operator.py
[2023-08-03T19:44:23.647+0000] {logging_mixin.py:150} INFO - [2023-08-03T19:44:23.647+0000] {dag.py:2742} INFO - Sync 1 DAGs
[2023-08-03T19:44:23.677+0000] {logging_mixin.py:150} INFO - [2023-08-03T19:44:23.677+0000] {dag.py:3508} INFO - Setting next_dagrun for example_bash_operator to 2023-08-02T00:00:00+00:00, run_after=2023-08-03T00:00:00+00:00
[2023-08-03T19:44:23.690+0000] {processor.py:179} INFO - Processing /home/airflow/.local/lib/python3.7/site-packages/airflow/example_dags/example_bash_operator.py took 0.097 seconds
[2023-08-03T21:07:14.030+0000] {processor.py:157} INFO - Started process (PID=3486) to work on /home/airflow/.local/lib/python3.7/site-packages/airflow/example_dags/example_bash_operator.py
[2023-08-03T21:07:14.032+0000] {processor.py:826} INFO - Processing file /home/airflow/.local/lib/python3.7/site-packages/airflow/example_dags/example_bash_operator.py for tasks to queue
[2023-08-03T21:07:14.034+0000] {logging_mixin.py:150} INFO - [2023-08-03T21:07:14.034+0000] {dagbag.py:541} INFO - Filling up the DagBag from /home/airflow/.local/lib/python3.7/site-packages/airflow/example_dags/example_bash_operator.py
[2023-08-03T21:07:14.045+0000] {processor.py:836} INFO - DAG(s) dict_keys(['example_bash_operator']) retrieved from /home/airflow/.local/lib/python3.7/site-packages/airflow/example_dags/example_bash_operator.py
[2023-08-03T21:07:14.076+0000] {logging_mixin.py:150} INFO - [2023-08-03T21:07:14.076+0000] {dag.py:2742} INFO - Sync 1 DAGs
[2023-08-03T21:07:14.096+0000] {logging_mixin.py:150} INFO - [2023-08-03T21:07:14.096+0000] {dag.py:3508} INFO - Setting next_dagrun for example_bash_operator to 2023-08-02T00:00:00+00:00, run_after=2023-08-03T00:00:00+00:00
[2023-08-03T21:07:14.111+0000] {processor.py:179} INFO - Processing /home/airflow/.local/lib/python3.7/site-packages/airflow/example_dags/example_bash_operator.py took 0.084 seconds
[2023-08-03T22:46:11.541+0000] {processor.py:157} INFO - Started process (PID=3543) to work on /home/airflow/.local/lib/python3.7/site-packages/airflow/example_dags/example_bash_operator.py
[2023-08-03T22:46:11.543+0000] {processor.py:826} INFO - Processing file /home/airflow/.local/lib/python3.7/site-packages/airflow/example_dags/example_bash_operator.py for tasks to queue
[2023-08-03T22:46:11.544+0000] {logging_mixin.py:150} INFO - [2023-08-03T22:46:11.544+0000] {dagbag.py:541} INFO - Filling up the DagBag from /home/airflow/.local/lib/python3.7/site-packages/airflow/example_dags/example_bash_operator.py
[2023-08-03T22:46:11.560+0000] {processor.py:836} INFO - DAG(s) dict_keys(['example_bash_operator']) retrieved from /home/airflow/.local/lib/python3.7/site-packages/airflow/example_dags/example_bash_operator.py
[2023-08-03T22:46:11.591+0000] {logging_mixin.py:150} INFO - [2023-08-03T22:46:11.591+0000] {dag.py:2742} INFO - Sync 1 DAGs
[2023-08-03T22:46:11.615+0000] {logging_mixin.py:150} INFO - [2023-08-03T22:46:11.615+0000] {dag.py:3508} INFO - Setting next_dagrun for example_bash_operator to 2023-08-02T00:00:00+00:00, run_after=2023-08-03T00:00:00+00:00
[2023-08-03T22:46:11.631+0000] {processor.py:179} INFO - Processing /home/airflow/.local/lib/python3.7/site-packages/airflow/example_dags/example_bash_operator.py took 0.095 seconds
[2023-08-03T23:58:31.975+0000] {processor.py:157} INFO - Started process (PID=3599) to work on /home/airflow/.local/lib/python3.7/site-packages/airflow/example_dags/example_bash_operator.py
[2023-08-03T23:58:31.982+0000] {processor.py:826} INFO - Processing file /home/airflow/.local/lib/python3.7/site-packages/airflow/example_dags/example_bash_operator.py for tasks to queue
[2023-08-03T23:58:31.985+0000] {logging_mixin.py:150} INFO - [2023-08-03T23:58:31.985+0000] {dagbag.py:541} INFO - Filling up the DagBag from /home/airflow/.local/lib/python3.7/site-packages/airflow/example_dags/example_bash_operator.py
[2023-08-03T23:58:32.024+0000] {processor.py:836} INFO - DAG(s) dict_keys(['example_bash_operator']) retrieved from /home/airflow/.local/lib/python3.7/site-packages/airflow/example_dags/example_bash_operator.py
[2023-08-03T23:58:32.103+0000] {logging_mixin.py:150} INFO - [2023-08-03T23:58:32.103+0000] {dag.py:2742} INFO - Sync 1 DAGs
[2023-08-03T23:58:32.129+0000] {logging_mixin.py:150} INFO - [2023-08-03T23:58:32.128+0000] {dag.py:3508} INFO - Setting next_dagrun for example_bash_operator to 2023-08-02T00:00:00+00:00, run_after=2023-08-03T00:00:00+00:00
[2023-08-03T23:58:32.144+0000] {processor.py:179} INFO - Processing /home/airflow/.local/lib/python3.7/site-packages/airflow/example_dags/example_bash_operator.py took 0.177 seconds
[2023-08-03T23:59:02.944+0000] {processor.py:157} INFO - Started process (PID=3656) to work on /home/airflow/.local/lib/python3.7/site-packages/airflow/example_dags/example_bash_operator.py
[2023-08-03T23:59:02.946+0000] {processor.py:826} INFO - Processing file /home/airflow/.local/lib/python3.7/site-packages/airflow/example_dags/example_bash_operator.py for tasks to queue
[2023-08-03T23:59:02.947+0000] {logging_mixin.py:150} INFO - [2023-08-03T23:59:02.947+0000] {dagbag.py:541} INFO - Filling up the DagBag from /home/airflow/.local/lib/python3.7/site-packages/airflow/example_dags/example_bash_operator.py
[2023-08-03T23:59:02.960+0000] {processor.py:836} INFO - DAG(s) dict_keys(['example_bash_operator']) retrieved from /home/airflow/.local/lib/python3.7/site-packages/airflow/example_dags/example_bash_operator.py
[2023-08-03T23:59:02.989+0000] {logging_mixin.py:150} INFO - [2023-08-03T23:59:02.989+0000] {dag.py:2742} INFO - Sync 1 DAGs
[2023-08-03T23:59:03.009+0000] {logging_mixin.py:150} INFO - [2023-08-03T23:59:03.009+0000] {dag.py:3508} INFO - Setting next_dagrun for example_bash_operator to 2023-08-02T00:00:00+00:00, run_after=2023-08-03T00:00:00+00:00
[2023-08-03T23:59:03.024+0000] {processor.py:179} INFO - Processing /home/airflow/.local/lib/python3.7/site-packages/airflow/example_dags/example_bash_operator.py took 0.084 seconds
[2023-08-03T23:59:33.104+0000] {processor.py:157} INFO - Started process (PID=3713) to work on /home/airflow/.local/lib/python3.7/site-packages/airflow/example_dags/example_bash_operator.py
[2023-08-03T23:59:33.106+0000] {processor.py:826} INFO - Processing file /home/airflow/.local/lib/python3.7/site-packages/airflow/example_dags/example_bash_operator.py for tasks to queue
[2023-08-03T23:59:33.108+0000] {logging_mixin.py:150} INFO - [2023-08-03T23:59:33.107+0000] {dagbag.py:541} INFO - Filling up the DagBag from /home/airflow/.local/lib/python3.7/site-packages/airflow/example_dags/example_bash_operator.py
[2023-08-03T23:59:33.118+0000] {processor.py:836} INFO - DAG(s) dict_keys(['example_bash_operator']) retrieved from /home/airflow/.local/lib/python3.7/site-packages/airflow/example_dags/example_bash_operator.py
[2023-08-03T23:59:33.148+0000] {logging_mixin.py:150} INFO - [2023-08-03T23:59:33.148+0000] {dag.py:2742} INFO - Sync 1 DAGs
[2023-08-03T23:59:33.167+0000] {logging_mixin.py:150} INFO - [2023-08-03T23:59:33.167+0000] {dag.py:3508} INFO - Setting next_dagrun for example_bash_operator to 2023-08-02T00:00:00+00:00, run_after=2023-08-03T00:00:00+00:00
[2023-08-03T23:59:33.180+0000] {processor.py:179} INFO - Processing /home/airflow/.local/lib/python3.7/site-packages/airflow/example_dags/example_bash_operator.py took 0.079 seconds
