[2023-08-03T01:04:26.483+0000] {processor.py:157} INFO - Started process (PID=2716) to work on /home/airflow/.local/lib/python3.7/site-packages/airflow/example_dags/example_dynamic_task_mapping_with_no_taskflow_operators.py
[2023-08-03T01:04:26.500+0000] {processor.py:826} INFO - Processing file /home/airflow/.local/lib/python3.7/site-packages/airflow/example_dags/example_dynamic_task_mapping_with_no_taskflow_operators.py for tasks to queue
[2023-08-03T01:04:26.505+0000] {logging_mixin.py:150} INFO - [2023-08-03T01:04:26.504+0000] {dagbag.py:541} INFO - Filling up the DagBag from /home/airflow/.local/lib/python3.7/site-packages/airflow/example_dags/example_dynamic_task_mapping_with_no_taskflow_operators.py
[2023-08-03T01:04:26.518+0000] {processor.py:836} INFO - DAG(s) dict_keys(['example_dynamic_task_mapping_with_no_taskflow_operators']) retrieved from /home/airflow/.local/lib/python3.7/site-packages/airflow/example_dags/example_dynamic_task_mapping_with_no_taskflow_operators.py
[2023-08-03T01:04:26.543+0000] {logging_mixin.py:150} INFO - [2023-08-03T01:04:26.543+0000] {dag.py:2742} INFO - Sync 1 DAGs
[2023-08-03T01:04:26.564+0000] {logging_mixin.py:150} INFO - [2023-08-03T01:04:26.564+0000] {dag.py:3508} INFO - Setting next_dagrun for example_dynamic_task_mapping_with_no_taskflow_operators to 2023-08-02T01:04:26.563851+00:00, run_after=2023-08-03T01:04:26.563851+00:00
[2023-08-03T01:04:26.578+0000] {processor.py:179} INFO - Processing /home/airflow/.local/lib/python3.7/site-packages/airflow/example_dags/example_dynamic_task_mapping_with_no_taskflow_operators.py took 0.100 seconds
[2023-08-03T02:27:39.222+0000] {processor.py:157} INFO - Started process (PID=2773) to work on /home/airflow/.local/lib/python3.7/site-packages/airflow/example_dags/example_dynamic_task_mapping_with_no_taskflow_operators.py
[2023-08-03T02:27:39.229+0000] {processor.py:826} INFO - Processing file /home/airflow/.local/lib/python3.7/site-packages/airflow/example_dags/example_dynamic_task_mapping_with_no_taskflow_operators.py for tasks to queue
[2023-08-03T02:27:39.233+0000] {logging_mixin.py:150} INFO - [2023-08-03T02:27:39.232+0000] {dagbag.py:541} INFO - Filling up the DagBag from /home/airflow/.local/lib/python3.7/site-packages/airflow/example_dags/example_dynamic_task_mapping_with_no_taskflow_operators.py
[2023-08-03T02:27:39.263+0000] {processor.py:836} INFO - DAG(s) dict_keys(['example_dynamic_task_mapping_with_no_taskflow_operators']) retrieved from /home/airflow/.local/lib/python3.7/site-packages/airflow/example_dags/example_dynamic_task_mapping_with_no_taskflow_operators.py
[2023-08-03T02:27:39.320+0000] {logging_mixin.py:150} INFO - [2023-08-03T02:27:39.319+0000] {dag.py:2742} INFO - Sync 1 DAGs
[2023-08-03T02:27:39.379+0000] {logging_mixin.py:150} INFO - [2023-08-03T02:27:39.378+0000] {dag.py:3508} INFO - Setting next_dagrun for example_dynamic_task_mapping_with_no_taskflow_operators to 2023-08-02T02:27:39.378241+00:00, run_after=2023-08-03T02:27:39.378241+00:00
[2023-08-03T02:27:39.419+0000] {processor.py:179} INFO - Processing /home/airflow/.local/lib/python3.7/site-packages/airflow/example_dags/example_dynamic_task_mapping_with_no_taskflow_operators.py took 0.229 seconds
[2023-08-03T04:08:03.135+0000] {processor.py:157} INFO - Started process (PID=2830) to work on /home/airflow/.local/lib/python3.7/site-packages/airflow/example_dags/example_dynamic_task_mapping_with_no_taskflow_operators.py
[2023-08-03T04:08:03.137+0000] {processor.py:826} INFO - Processing file /home/airflow/.local/lib/python3.7/site-packages/airflow/example_dags/example_dynamic_task_mapping_with_no_taskflow_operators.py for tasks to queue
[2023-08-03T04:08:03.139+0000] {logging_mixin.py:150} INFO - [2023-08-03T04:08:03.138+0000] {dagbag.py:541} INFO - Filling up the DagBag from /home/airflow/.local/lib/python3.7/site-packages/airflow/example_dags/example_dynamic_task_mapping_with_no_taskflow_operators.py
[2023-08-03T04:08:03.147+0000] {processor.py:836} INFO - DAG(s) dict_keys(['example_dynamic_task_mapping_with_no_taskflow_operators']) retrieved from /home/airflow/.local/lib/python3.7/site-packages/airflow/example_dags/example_dynamic_task_mapping_with_no_taskflow_operators.py
[2023-08-03T04:08:03.168+0000] {logging_mixin.py:150} INFO - [2023-08-03T04:08:03.168+0000] {dag.py:2742} INFO - Sync 1 DAGs
[2023-08-03T04:08:03.194+0000] {logging_mixin.py:150} INFO - [2023-08-03T04:08:03.194+0000] {dag.py:3508} INFO - Setting next_dagrun for example_dynamic_task_mapping_with_no_taskflow_operators to 2023-08-02T04:08:03.193922+00:00, run_after=2023-08-03T04:08:03.193922+00:00
[2023-08-03T04:08:03.280+0000] {processor.py:179} INFO - Processing /home/airflow/.local/lib/python3.7/site-packages/airflow/example_dags/example_dynamic_task_mapping_with_no_taskflow_operators.py took 0.148 seconds
[2023-08-03T05:31:51.267+0000] {processor.py:157} INFO - Started process (PID=2887) to work on /home/airflow/.local/lib/python3.7/site-packages/airflow/example_dags/example_dynamic_task_mapping_with_no_taskflow_operators.py
[2023-08-03T05:31:51.269+0000] {processor.py:826} INFO - Processing file /home/airflow/.local/lib/python3.7/site-packages/airflow/example_dags/example_dynamic_task_mapping_with_no_taskflow_operators.py for tasks to queue
[2023-08-03T05:31:51.270+0000] {logging_mixin.py:150} INFO - [2023-08-03T05:31:51.270+0000] {dagbag.py:541} INFO - Filling up the DagBag from /home/airflow/.local/lib/python3.7/site-packages/airflow/example_dags/example_dynamic_task_mapping_with_no_taskflow_operators.py
[2023-08-03T05:31:51.280+0000] {processor.py:836} INFO - DAG(s) dict_keys(['example_dynamic_task_mapping_with_no_taskflow_operators']) retrieved from /home/airflow/.local/lib/python3.7/site-packages/airflow/example_dags/example_dynamic_task_mapping_with_no_taskflow_operators.py
[2023-08-03T05:31:51.301+0000] {logging_mixin.py:150} INFO - [2023-08-03T05:31:51.301+0000] {dag.py:2742} INFO - Sync 1 DAGs
[2023-08-03T05:31:51.321+0000] {logging_mixin.py:150} INFO - [2023-08-03T05:31:51.321+0000] {dag.py:3508} INFO - Setting next_dagrun for example_dynamic_task_mapping_with_no_taskflow_operators to 2023-08-02T05:31:51.321274+00:00, run_after=2023-08-03T05:31:51.321274+00:00
[2023-08-03T05:31:51.337+0000] {processor.py:179} INFO - Processing /home/airflow/.local/lib/python3.7/site-packages/airflow/example_dags/example_dynamic_task_mapping_with_no_taskflow_operators.py took 0.074 seconds
[2023-08-03T07:13:13.275+0000] {processor.py:157} INFO - Started process (PID=2944) to work on /home/airflow/.local/lib/python3.7/site-packages/airflow/example_dags/example_dynamic_task_mapping_with_no_taskflow_operators.py
[2023-08-03T07:13:13.281+0000] {processor.py:826} INFO - Processing file /home/airflow/.local/lib/python3.7/site-packages/airflow/example_dags/example_dynamic_task_mapping_with_no_taskflow_operators.py for tasks to queue
[2023-08-03T07:13:13.284+0000] {logging_mixin.py:150} INFO - [2023-08-03T07:13:13.284+0000] {dagbag.py:541} INFO - Filling up the DagBag from /home/airflow/.local/lib/python3.7/site-packages/airflow/example_dags/example_dynamic_task_mapping_with_no_taskflow_operators.py
[2023-08-03T07:13:13.294+0000] {processor.py:836} INFO - DAG(s) dict_keys(['example_dynamic_task_mapping_with_no_taskflow_operators']) retrieved from /home/airflow/.local/lib/python3.7/site-packages/airflow/example_dags/example_dynamic_task_mapping_with_no_taskflow_operators.py
[2023-08-03T07:13:13.317+0000] {logging_mixin.py:150} INFO - [2023-08-03T07:13:13.317+0000] {dag.py:2742} INFO - Sync 1 DAGs
[2023-08-03T07:13:13.340+0000] {logging_mixin.py:150} INFO - [2023-08-03T07:13:13.340+0000] {dag.py:3508} INFO - Setting next_dagrun for example_dynamic_task_mapping_with_no_taskflow_operators to 2023-08-02T07:13:13.339922+00:00, run_after=2023-08-03T07:13:13.339922+00:00
[2023-08-03T07:13:13.359+0000] {processor.py:179} INFO - Processing /home/airflow/.local/lib/python3.7/site-packages/airflow/example_dags/example_dynamic_task_mapping_with_no_taskflow_operators.py took 0.087 seconds
[2023-08-03T08:54:03.894+0000] {processor.py:157} INFO - Started process (PID=3001) to work on /home/airflow/.local/lib/python3.7/site-packages/airflow/example_dags/example_dynamic_task_mapping_with_no_taskflow_operators.py
[2023-08-03T08:54:03.901+0000] {processor.py:826} INFO - Processing file /home/airflow/.local/lib/python3.7/site-packages/airflow/example_dags/example_dynamic_task_mapping_with_no_taskflow_operators.py for tasks to queue
[2023-08-03T08:54:03.907+0000] {logging_mixin.py:150} INFO - [2023-08-03T08:54:03.906+0000] {dagbag.py:541} INFO - Filling up the DagBag from /home/airflow/.local/lib/python3.7/site-packages/airflow/example_dags/example_dynamic_task_mapping_with_no_taskflow_operators.py
[2023-08-03T08:54:03.930+0000] {processor.py:836} INFO - DAG(s) dict_keys(['example_dynamic_task_mapping_with_no_taskflow_operators']) retrieved from /home/airflow/.local/lib/python3.7/site-packages/airflow/example_dags/example_dynamic_task_mapping_with_no_taskflow_operators.py
[2023-08-03T08:54:04.010+0000] {logging_mixin.py:150} INFO - [2023-08-03T08:54:04.009+0000] {dag.py:2742} INFO - Sync 1 DAGs
[2023-08-03T08:54:04.072+0000] {logging_mixin.py:150} INFO - [2023-08-03T08:54:04.071+0000] {dag.py:3508} INFO - Setting next_dagrun for example_dynamic_task_mapping_with_no_taskflow_operators to 2023-08-02T08:54:04.071187+00:00, run_after=2023-08-03T08:54:04.071187+00:00
[2023-08-03T08:54:04.118+0000] {processor.py:179} INFO - Processing /home/airflow/.local/lib/python3.7/site-packages/airflow/example_dags/example_dynamic_task_mapping_with_no_taskflow_operators.py took 0.231 seconds
[2023-08-03T10:17:20.813+0000] {processor.py:157} INFO - Started process (PID=3058) to work on /home/airflow/.local/lib/python3.7/site-packages/airflow/example_dags/example_dynamic_task_mapping_with_no_taskflow_operators.py
[2023-08-03T10:17:20.815+0000] {processor.py:826} INFO - Processing file /home/airflow/.local/lib/python3.7/site-packages/airflow/example_dags/example_dynamic_task_mapping_with_no_taskflow_operators.py for tasks to queue
[2023-08-03T10:17:20.818+0000] {logging_mixin.py:150} INFO - [2023-08-03T10:17:20.817+0000] {dagbag.py:541} INFO - Filling up the DagBag from /home/airflow/.local/lib/python3.7/site-packages/airflow/example_dags/example_dynamic_task_mapping_with_no_taskflow_operators.py
[2023-08-03T10:17:20.828+0000] {processor.py:836} INFO - DAG(s) dict_keys(['example_dynamic_task_mapping_with_no_taskflow_operators']) retrieved from /home/airflow/.local/lib/python3.7/site-packages/airflow/example_dags/example_dynamic_task_mapping_with_no_taskflow_operators.py
[2023-08-03T10:17:20.856+0000] {logging_mixin.py:150} INFO - [2023-08-03T10:17:20.856+0000] {dag.py:2742} INFO - Sync 1 DAGs
[2023-08-03T10:17:20.966+0000] {logging_mixin.py:150} INFO - [2023-08-03T10:17:20.966+0000] {dag.py:3508} INFO - Setting next_dagrun for example_dynamic_task_mapping_with_no_taskflow_operators to 2023-08-02T10:17:20.965467+00:00, run_after=2023-08-03T10:17:20.965467+00:00
[2023-08-03T10:17:21.028+0000] {processor.py:179} INFO - Processing /home/airflow/.local/lib/python3.7/site-packages/airflow/example_dags/example_dynamic_task_mapping_with_no_taskflow_operators.py took 0.219 seconds
[2023-08-03T11:56:06.442+0000] {processor.py:157} INFO - Started process (PID=3116) to work on /home/airflow/.local/lib/python3.7/site-packages/airflow/example_dags/example_dynamic_task_mapping_with_no_taskflow_operators.py
[2023-08-03T11:56:06.447+0000] {processor.py:826} INFO - Processing file /home/airflow/.local/lib/python3.7/site-packages/airflow/example_dags/example_dynamic_task_mapping_with_no_taskflow_operators.py for tasks to queue
[2023-08-03T11:56:06.452+0000] {logging_mixin.py:150} INFO - [2023-08-03T11:56:06.451+0000] {dagbag.py:541} INFO - Filling up the DagBag from /home/airflow/.local/lib/python3.7/site-packages/airflow/example_dags/example_dynamic_task_mapping_with_no_taskflow_operators.py
[2023-08-03T11:56:06.505+0000] {processor.py:836} INFO - DAG(s) dict_keys(['example_dynamic_task_mapping_with_no_taskflow_operators']) retrieved from /home/airflow/.local/lib/python3.7/site-packages/airflow/example_dags/example_dynamic_task_mapping_with_no_taskflow_operators.py
[2023-08-03T11:56:06.585+0000] {logging_mixin.py:150} INFO - [2023-08-03T11:56:06.584+0000] {dag.py:2742} INFO - Sync 1 DAGs
[2023-08-03T11:56:06.665+0000] {logging_mixin.py:150} INFO - [2023-08-03T11:56:06.665+0000] {dag.py:3508} INFO - Setting next_dagrun for example_dynamic_task_mapping_with_no_taskflow_operators to 2023-08-02T11:56:06.665119+00:00, run_after=2023-08-03T11:56:06.665119+00:00
[2023-08-03T11:56:06.727+0000] {processor.py:179} INFO - Processing /home/airflow/.local/lib/python3.7/site-packages/airflow/example_dags/example_dynamic_task_mapping_with_no_taskflow_operators.py took 0.293 seconds
[2023-08-03T13:18:46.412+0000] {processor.py:157} INFO - Started process (PID=3173) to work on /home/airflow/.local/lib/python3.7/site-packages/airflow/example_dags/example_dynamic_task_mapping_with_no_taskflow_operators.py
[2023-08-03T13:18:46.414+0000] {processor.py:826} INFO - Processing file /home/airflow/.local/lib/python3.7/site-packages/airflow/example_dags/example_dynamic_task_mapping_with_no_taskflow_operators.py for tasks to queue
[2023-08-03T13:18:46.416+0000] {logging_mixin.py:150} INFO - [2023-08-03T13:18:46.415+0000] {dagbag.py:541} INFO - Filling up the DagBag from /home/airflow/.local/lib/python3.7/site-packages/airflow/example_dags/example_dynamic_task_mapping_with_no_taskflow_operators.py
[2023-08-03T13:18:46.428+0000] {processor.py:836} INFO - DAG(s) dict_keys(['example_dynamic_task_mapping_with_no_taskflow_operators']) retrieved from /home/airflow/.local/lib/python3.7/site-packages/airflow/example_dags/example_dynamic_task_mapping_with_no_taskflow_operators.py
[2023-08-03T13:18:46.452+0000] {logging_mixin.py:150} INFO - [2023-08-03T13:18:46.451+0000] {dag.py:2742} INFO - Sync 1 DAGs
[2023-08-03T13:18:46.475+0000] {logging_mixin.py:150} INFO - [2023-08-03T13:18:46.475+0000] {dag.py:3508} INFO - Setting next_dagrun for example_dynamic_task_mapping_with_no_taskflow_operators to 2023-08-02T13:18:46.475469+00:00, run_after=2023-08-03T13:18:46.475469+00:00
[2023-08-03T13:18:46.489+0000] {processor.py:179} INFO - Processing /home/airflow/.local/lib/python3.7/site-packages/airflow/example_dags/example_dynamic_task_mapping_with_no_taskflow_operators.py took 0.081 seconds
[2023-08-03T15:00:01.675+0000] {processor.py:157} INFO - Started process (PID=3229) to work on /home/airflow/.local/lib/python3.7/site-packages/airflow/example_dags/example_dynamic_task_mapping_with_no_taskflow_operators.py
[2023-08-03T15:00:01.689+0000] {processor.py:826} INFO - Processing file /home/airflow/.local/lib/python3.7/site-packages/airflow/example_dags/example_dynamic_task_mapping_with_no_taskflow_operators.py for tasks to queue
[2023-08-03T15:00:01.693+0000] {logging_mixin.py:150} INFO - [2023-08-03T15:00:01.693+0000] {dagbag.py:541} INFO - Filling up the DagBag from /home/airflow/.local/lib/python3.7/site-packages/airflow/example_dags/example_dynamic_task_mapping_with_no_taskflow_operators.py
[2023-08-03T15:00:01.722+0000] {processor.py:836} INFO - DAG(s) dict_keys(['example_dynamic_task_mapping_with_no_taskflow_operators']) retrieved from /home/airflow/.local/lib/python3.7/site-packages/airflow/example_dags/example_dynamic_task_mapping_with_no_taskflow_operators.py
[2023-08-03T15:00:01.803+0000] {logging_mixin.py:150} INFO - [2023-08-03T15:00:01.802+0000] {dag.py:2742} INFO - Sync 1 DAGs
[2023-08-03T15:00:01.848+0000] {logging_mixin.py:150} INFO - [2023-08-03T15:00:01.847+0000] {dag.py:3508} INFO - Setting next_dagrun for example_dynamic_task_mapping_with_no_taskflow_operators to 2023-08-02T15:00:01.845213+00:00, run_after=2023-08-03T15:00:01.845213+00:00
[2023-08-03T15:00:01.885+0000] {processor.py:179} INFO - Processing /home/airflow/.local/lib/python3.7/site-packages/airflow/example_dags/example_dynamic_task_mapping_with_no_taskflow_operators.py took 0.216 seconds
[2023-08-03T16:41:33.507+0000] {processor.py:157} INFO - Started process (PID=3286) to work on /home/airflow/.local/lib/python3.7/site-packages/airflow/example_dags/example_dynamic_task_mapping_with_no_taskflow_operators.py
[2023-08-03T16:41:33.509+0000] {processor.py:826} INFO - Processing file /home/airflow/.local/lib/python3.7/site-packages/airflow/example_dags/example_dynamic_task_mapping_with_no_taskflow_operators.py for tasks to queue
[2023-08-03T16:41:33.517+0000] {logging_mixin.py:150} INFO - [2023-08-03T16:41:33.517+0000] {dagbag.py:541} INFO - Filling up the DagBag from /home/airflow/.local/lib/python3.7/site-packages/airflow/example_dags/example_dynamic_task_mapping_with_no_taskflow_operators.py
[2023-08-03T16:41:33.525+0000] {processor.py:836} INFO - DAG(s) dict_keys(['example_dynamic_task_mapping_with_no_taskflow_operators']) retrieved from /home/airflow/.local/lib/python3.7/site-packages/airflow/example_dags/example_dynamic_task_mapping_with_no_taskflow_operators.py
[2023-08-03T16:41:33.546+0000] {logging_mixin.py:150} INFO - [2023-08-03T16:41:33.546+0000] {dag.py:2742} INFO - Sync 1 DAGs
[2023-08-03T16:41:33.568+0000] {logging_mixin.py:150} INFO - [2023-08-03T16:41:33.568+0000] {dag.py:3508} INFO - Setting next_dagrun for example_dynamic_task_mapping_with_no_taskflow_operators to 2023-08-02T16:41:33.568115+00:00, run_after=2023-08-03T16:41:33.568115+00:00
[2023-08-03T16:41:33.580+0000] {processor.py:179} INFO - Processing /home/airflow/.local/lib/python3.7/site-packages/airflow/example_dags/example_dynamic_task_mapping_with_no_taskflow_operators.py took 0.077 seconds
[2023-08-03T18:02:58.964+0000] {processor.py:157} INFO - Started process (PID=3342) to work on /home/airflow/.local/lib/python3.7/site-packages/airflow/example_dags/example_dynamic_task_mapping_with_no_taskflow_operators.py
[2023-08-03T18:02:58.981+0000] {processor.py:826} INFO - Processing file /home/airflow/.local/lib/python3.7/site-packages/airflow/example_dags/example_dynamic_task_mapping_with_no_taskflow_operators.py for tasks to queue
[2023-08-03T18:02:58.987+0000] {logging_mixin.py:150} INFO - [2023-08-03T18:02:58.984+0000] {dagbag.py:541} INFO - Filling up the DagBag from /home/airflow/.local/lib/python3.7/site-packages/airflow/example_dags/example_dynamic_task_mapping_with_no_taskflow_operators.py
[2023-08-03T18:02:59.022+0000] {processor.py:836} INFO - DAG(s) dict_keys(['example_dynamic_task_mapping_with_no_taskflow_operators']) retrieved from /home/airflow/.local/lib/python3.7/site-packages/airflow/example_dags/example_dynamic_task_mapping_with_no_taskflow_operators.py
[2023-08-03T18:02:59.069+0000] {logging_mixin.py:150} INFO - [2023-08-03T18:02:59.069+0000] {dag.py:2742} INFO - Sync 1 DAGs
[2023-08-03T18:02:59.137+0000] {logging_mixin.py:150} INFO - [2023-08-03T18:02:59.137+0000] {dag.py:3508} INFO - Setting next_dagrun for example_dynamic_task_mapping_with_no_taskflow_operators to 2023-08-02T18:02:59.136820+00:00, run_after=2023-08-03T18:02:59.136820+00:00
[2023-08-03T18:02:59.188+0000] {processor.py:179} INFO - Processing /home/airflow/.local/lib/python3.7/site-packages/airflow/example_dags/example_dynamic_task_mapping_with_no_taskflow_operators.py took 0.260 seconds
[2023-08-03T19:44:20.783+0000] {processor.py:157} INFO - Started process (PID=3399) to work on /home/airflow/.local/lib/python3.7/site-packages/airflow/example_dags/example_dynamic_task_mapping_with_no_taskflow_operators.py
[2023-08-03T19:44:20.796+0000] {processor.py:826} INFO - Processing file /home/airflow/.local/lib/python3.7/site-packages/airflow/example_dags/example_dynamic_task_mapping_with_no_taskflow_operators.py for tasks to queue
[2023-08-03T19:44:20.806+0000] {logging_mixin.py:150} INFO - [2023-08-03T19:44:20.802+0000] {dagbag.py:541} INFO - Filling up the DagBag from /home/airflow/.local/lib/python3.7/site-packages/airflow/example_dags/example_dynamic_task_mapping_with_no_taskflow_operators.py
[2023-08-03T19:44:20.861+0000] {processor.py:836} INFO - DAG(s) dict_keys(['example_dynamic_task_mapping_with_no_taskflow_operators']) retrieved from /home/airflow/.local/lib/python3.7/site-packages/airflow/example_dags/example_dynamic_task_mapping_with_no_taskflow_operators.py
[2023-08-03T19:44:20.951+0000] {logging_mixin.py:150} INFO - [2023-08-03T19:44:20.951+0000] {dag.py:2742} INFO - Sync 1 DAGs
[2023-08-03T19:44:21.038+0000] {logging_mixin.py:150} INFO - [2023-08-03T19:44:21.038+0000] {dag.py:3508} INFO - Setting next_dagrun for example_dynamic_task_mapping_with_no_taskflow_operators to 2023-08-02T19:44:21.038323+00:00, run_after=2023-08-03T19:44:21.038323+00:00
[2023-08-03T19:44:21.079+0000] {processor.py:179} INFO - Processing /home/airflow/.local/lib/python3.7/site-packages/airflow/example_dags/example_dynamic_task_mapping_with_no_taskflow_operators.py took 0.320 seconds
[2023-08-03T21:07:10.733+0000] {processor.py:157} INFO - Started process (PID=3456) to work on /home/airflow/.local/lib/python3.7/site-packages/airflow/example_dags/example_dynamic_task_mapping_with_no_taskflow_operators.py
[2023-08-03T21:07:10.748+0000] {processor.py:826} INFO - Processing file /home/airflow/.local/lib/python3.7/site-packages/airflow/example_dags/example_dynamic_task_mapping_with_no_taskflow_operators.py for tasks to queue
[2023-08-03T21:07:10.755+0000] {logging_mixin.py:150} INFO - [2023-08-03T21:07:10.754+0000] {dagbag.py:541} INFO - Filling up the DagBag from /home/airflow/.local/lib/python3.7/site-packages/airflow/example_dags/example_dynamic_task_mapping_with_no_taskflow_operators.py
[2023-08-03T21:07:10.788+0000] {processor.py:836} INFO - DAG(s) dict_keys(['example_dynamic_task_mapping_with_no_taskflow_operators']) retrieved from /home/airflow/.local/lib/python3.7/site-packages/airflow/example_dags/example_dynamic_task_mapping_with_no_taskflow_operators.py
[2023-08-03T21:07:10.873+0000] {logging_mixin.py:150} INFO - [2023-08-03T21:07:10.873+0000] {dag.py:2742} INFO - Sync 1 DAGs
[2023-08-03T21:07:10.916+0000] {logging_mixin.py:150} INFO - [2023-08-03T21:07:10.916+0000] {dag.py:3508} INFO - Setting next_dagrun for example_dynamic_task_mapping_with_no_taskflow_operators to 2023-08-02T21:07:10.916317+00:00, run_after=2023-08-03T21:07:10.916317+00:00
[2023-08-03T21:07:10.960+0000] {processor.py:179} INFO - Processing /home/airflow/.local/lib/python3.7/site-packages/airflow/example_dags/example_dynamic_task_mapping_with_no_taskflow_operators.py took 0.249 seconds
[2023-08-03T22:46:08.405+0000] {processor.py:157} INFO - Started process (PID=3513) to work on /home/airflow/.local/lib/python3.7/site-packages/airflow/example_dags/example_dynamic_task_mapping_with_no_taskflow_operators.py
[2023-08-03T22:46:08.421+0000] {processor.py:826} INFO - Processing file /home/airflow/.local/lib/python3.7/site-packages/airflow/example_dags/example_dynamic_task_mapping_with_no_taskflow_operators.py for tasks to queue
[2023-08-03T22:46:08.426+0000] {logging_mixin.py:150} INFO - [2023-08-03T22:46:08.425+0000] {dagbag.py:541} INFO - Filling up the DagBag from /home/airflow/.local/lib/python3.7/site-packages/airflow/example_dags/example_dynamic_task_mapping_with_no_taskflow_operators.py
[2023-08-03T22:46:08.467+0000] {processor.py:836} INFO - DAG(s) dict_keys(['example_dynamic_task_mapping_with_no_taskflow_operators']) retrieved from /home/airflow/.local/lib/python3.7/site-packages/airflow/example_dags/example_dynamic_task_mapping_with_no_taskflow_operators.py
[2023-08-03T22:46:08.540+0000] {logging_mixin.py:150} INFO - [2023-08-03T22:46:08.539+0000] {dag.py:2742} INFO - Sync 1 DAGs
[2023-08-03T22:46:08.588+0000] {logging_mixin.py:150} INFO - [2023-08-03T22:46:08.588+0000] {dag.py:3508} INFO - Setting next_dagrun for example_dynamic_task_mapping_with_no_taskflow_operators to 2023-08-02T22:46:08.587745+00:00, run_after=2023-08-03T22:46:08.587745+00:00
[2023-08-03T22:46:08.633+0000] {processor.py:179} INFO - Processing /home/airflow/.local/lib/python3.7/site-packages/airflow/example_dags/example_dynamic_task_mapping_with_no_taskflow_operators.py took 0.255 seconds
[2023-08-03T23:58:28.465+0000] {processor.py:157} INFO - Started process (PID=3569) to work on /home/airflow/.local/lib/python3.7/site-packages/airflow/example_dags/example_dynamic_task_mapping_with_no_taskflow_operators.py
[2023-08-03T23:58:28.481+0000] {processor.py:826} INFO - Processing file /home/airflow/.local/lib/python3.7/site-packages/airflow/example_dags/example_dynamic_task_mapping_with_no_taskflow_operators.py for tasks to queue
[2023-08-03T23:58:28.524+0000] {logging_mixin.py:150} INFO - [2023-08-03T23:58:28.523+0000] {dagbag.py:541} INFO - Filling up the DagBag from /home/airflow/.local/lib/python3.7/site-packages/airflow/example_dags/example_dynamic_task_mapping_with_no_taskflow_operators.py
[2023-08-03T23:58:28.547+0000] {processor.py:836} INFO - DAG(s) dict_keys(['example_dynamic_task_mapping_with_no_taskflow_operators']) retrieved from /home/airflow/.local/lib/python3.7/site-packages/airflow/example_dags/example_dynamic_task_mapping_with_no_taskflow_operators.py
[2023-08-03T23:58:28.626+0000] {logging_mixin.py:150} INFO - [2023-08-03T23:58:28.626+0000] {dag.py:2742} INFO - Sync 1 DAGs
[2023-08-03T23:58:28.727+0000] {logging_mixin.py:150} INFO - [2023-08-03T23:58:28.727+0000] {dag.py:3508} INFO - Setting next_dagrun for example_dynamic_task_mapping_with_no_taskflow_operators to 2023-08-02T23:58:28.727090+00:00, run_after=2023-08-03T23:58:28.727090+00:00
[2023-08-03T23:58:28.798+0000] {processor.py:179} INFO - Processing /home/airflow/.local/lib/python3.7/site-packages/airflow/example_dags/example_dynamic_task_mapping_with_no_taskflow_operators.py took 0.374 seconds
[2023-08-03T23:58:59.551+0000] {processor.py:157} INFO - Started process (PID=3626) to work on /home/airflow/.local/lib/python3.7/site-packages/airflow/example_dags/example_dynamic_task_mapping_with_no_taskflow_operators.py
[2023-08-03T23:58:59.554+0000] {processor.py:826} INFO - Processing file /home/airflow/.local/lib/python3.7/site-packages/airflow/example_dags/example_dynamic_task_mapping_with_no_taskflow_operators.py for tasks to queue
[2023-08-03T23:58:59.556+0000] {logging_mixin.py:150} INFO - [2023-08-03T23:58:59.556+0000] {dagbag.py:541} INFO - Filling up the DagBag from /home/airflow/.local/lib/python3.7/site-packages/airflow/example_dags/example_dynamic_task_mapping_with_no_taskflow_operators.py
[2023-08-03T23:58:59.566+0000] {processor.py:836} INFO - DAG(s) dict_keys(['example_dynamic_task_mapping_with_no_taskflow_operators']) retrieved from /home/airflow/.local/lib/python3.7/site-packages/airflow/example_dags/example_dynamic_task_mapping_with_no_taskflow_operators.py
[2023-08-03T23:58:59.596+0000] {logging_mixin.py:150} INFO - [2023-08-03T23:58:59.596+0000] {dag.py:2742} INFO - Sync 1 DAGs
[2023-08-03T23:58:59.622+0000] {logging_mixin.py:150} INFO - [2023-08-03T23:58:59.622+0000] {dag.py:3508} INFO - Setting next_dagrun for example_dynamic_task_mapping_with_no_taskflow_operators to 2023-08-02T23:58:59.622067+00:00, run_after=2023-08-03T23:58:59.622067+00:00
[2023-08-03T23:58:59.641+0000] {processor.py:179} INFO - Processing /home/airflow/.local/lib/python3.7/site-packages/airflow/example_dags/example_dynamic_task_mapping_with_no_taskflow_operators.py took 0.101 seconds
[2023-08-03T23:59:29.737+0000] {processor.py:157} INFO - Started process (PID=3684) to work on /home/airflow/.local/lib/python3.7/site-packages/airflow/example_dags/example_dynamic_task_mapping_with_no_taskflow_operators.py
[2023-08-03T23:59:29.742+0000] {processor.py:826} INFO - Processing file /home/airflow/.local/lib/python3.7/site-packages/airflow/example_dags/example_dynamic_task_mapping_with_no_taskflow_operators.py for tasks to queue
[2023-08-03T23:59:29.745+0000] {logging_mixin.py:150} INFO - [2023-08-03T23:59:29.744+0000] {dagbag.py:541} INFO - Filling up the DagBag from /home/airflow/.local/lib/python3.7/site-packages/airflow/example_dags/example_dynamic_task_mapping_with_no_taskflow_operators.py
[2023-08-03T23:59:29.757+0000] {processor.py:836} INFO - DAG(s) dict_keys(['example_dynamic_task_mapping_with_no_taskflow_operators']) retrieved from /home/airflow/.local/lib/python3.7/site-packages/airflow/example_dags/example_dynamic_task_mapping_with_no_taskflow_operators.py
[2023-08-03T23:59:29.791+0000] {logging_mixin.py:150} INFO - [2023-08-03T23:59:29.791+0000] {dag.py:2742} INFO - Sync 1 DAGs
[2023-08-03T23:59:29.811+0000] {logging_mixin.py:150} INFO - [2023-08-03T23:59:29.811+0000] {dag.py:3508} INFO - Setting next_dagrun for example_dynamic_task_mapping_with_no_taskflow_operators to 2023-08-02T23:59:29.810968+00:00, run_after=2023-08-03T23:59:29.810968+00:00
[2023-08-03T23:59:29.831+0000] {processor.py:179} INFO - Processing /home/airflow/.local/lib/python3.7/site-packages/airflow/example_dags/example_dynamic_task_mapping_with_no_taskflow_operators.py took 0.101 seconds
