[2023-08-03T01:04:26.566+0000] {processor.py:157} INFO - Started process (PID=2717) to work on /home/airflow/.local/lib/python3.7/site-packages/airflow/example_dags/example_xcomargs.py
[2023-08-03T01:04:26.567+0000] {processor.py:826} INFO - Processing file /home/airflow/.local/lib/python3.7/site-packages/airflow/example_dags/example_xcomargs.py for tasks to queue
[2023-08-03T01:04:26.569+0000] {logging_mixin.py:150} INFO - [2023-08-03T01:04:26.568+0000] {dagbag.py:541} INFO - Filling up the DagBag from /home/airflow/.local/lib/python3.7/site-packages/airflow/example_dags/example_xcomargs.py
[2023-08-03T01:04:26.576+0000] {processor.py:836} INFO - DAG(s) dict_keys(['example_xcom_args_with_operators', 'example_xcom_args']) retrieved from /home/airflow/.local/lib/python3.7/site-packages/airflow/example_dags/example_xcomargs.py
[2023-08-03T01:04:26.603+0000] {logging_mixin.py:150} INFO - [2023-08-03T01:04:26.603+0000] {dag.py:2742} INFO - Sync 2 DAGs
[2023-08-03T01:04:26.704+0000] {logging_mixin.py:150} INFO - [2023-08-03T01:04:26.704+0000] {dag.py:3508} INFO - Setting next_dagrun for example_xcom_args to None, run_after=None
[2023-08-03T01:04:26.710+0000] {logging_mixin.py:150} INFO - [2023-08-03T01:04:26.710+0000] {dag.py:3508} INFO - Setting next_dagrun for example_xcom_args_with_operators to None, run_after=None
[2023-08-03T01:04:26.752+0000] {processor.py:179} INFO - Processing /home/airflow/.local/lib/python3.7/site-packages/airflow/example_dags/example_xcomargs.py took 0.190 seconds
[2023-08-03T02:27:39.322+0000] {processor.py:157} INFO - Started process (PID=2774) to work on /home/airflow/.local/lib/python3.7/site-packages/airflow/example_dags/example_xcomargs.py
[2023-08-03T02:27:39.329+0000] {processor.py:826} INFO - Processing file /home/airflow/.local/lib/python3.7/site-packages/airflow/example_dags/example_xcomargs.py for tasks to queue
[2023-08-03T02:27:39.332+0000] {logging_mixin.py:150} INFO - [2023-08-03T02:27:39.332+0000] {dagbag.py:541} INFO - Filling up the DagBag from /home/airflow/.local/lib/python3.7/site-packages/airflow/example_dags/example_xcomargs.py
[2023-08-03T02:27:39.359+0000] {processor.py:836} INFO - DAG(s) dict_keys(['example_xcom_args_with_operators', 'example_xcom_args']) retrieved from /home/airflow/.local/lib/python3.7/site-packages/airflow/example_dags/example_xcomargs.py
[2023-08-03T02:27:39.446+0000] {logging_mixin.py:150} INFO - [2023-08-03T02:27:39.446+0000] {dag.py:2742} INFO - Sync 2 DAGs
[2023-08-03T02:27:39.492+0000] {logging_mixin.py:150} INFO - [2023-08-03T02:27:39.492+0000] {dag.py:3508} INFO - Setting next_dagrun for example_xcom_args to None, run_after=None
[2023-08-03T02:27:39.501+0000] {logging_mixin.py:150} INFO - [2023-08-03T02:27:39.501+0000] {dag.py:3508} INFO - Setting next_dagrun for example_xcom_args_with_operators to None, run_after=None
[2023-08-03T02:27:39.527+0000] {processor.py:179} INFO - Processing /home/airflow/.local/lib/python3.7/site-packages/airflow/example_dags/example_xcomargs.py took 0.211 seconds
[2023-08-03T04:08:03.257+0000] {processor.py:157} INFO - Started process (PID=2831) to work on /home/airflow/.local/lib/python3.7/site-packages/airflow/example_dags/example_xcomargs.py
[2023-08-03T04:08:03.274+0000] {processor.py:826} INFO - Processing file /home/airflow/.local/lib/python3.7/site-packages/airflow/example_dags/example_xcomargs.py for tasks to queue
[2023-08-03T04:08:03.276+0000] {logging_mixin.py:150} INFO - [2023-08-03T04:08:03.275+0000] {dagbag.py:541} INFO - Filling up the DagBag from /home/airflow/.local/lib/python3.7/site-packages/airflow/example_dags/example_xcomargs.py
[2023-08-03T04:08:03.285+0000] {processor.py:836} INFO - DAG(s) dict_keys(['example_xcom_args', 'example_xcom_args_with_operators']) retrieved from /home/airflow/.local/lib/python3.7/site-packages/airflow/example_dags/example_xcomargs.py
[2023-08-03T04:08:03.313+0000] {logging_mixin.py:150} INFO - [2023-08-03T04:08:03.312+0000] {dag.py:2742} INFO - Sync 2 DAGs
[2023-08-03T04:08:03.335+0000] {logging_mixin.py:150} INFO - [2023-08-03T04:08:03.335+0000] {dag.py:3508} INFO - Setting next_dagrun for example_xcom_args to None, run_after=None
[2023-08-03T04:08:03.339+0000] {logging_mixin.py:150} INFO - [2023-08-03T04:08:03.339+0000] {dag.py:3508} INFO - Setting next_dagrun for example_xcom_args_with_operators to None, run_after=None
[2023-08-03T04:08:03.350+0000] {processor.py:179} INFO - Processing /home/airflow/.local/lib/python3.7/site-packages/airflow/example_dags/example_xcomargs.py took 0.097 seconds
[2023-08-03T05:31:51.342+0000] {processor.py:157} INFO - Started process (PID=2888) to work on /home/airflow/.local/lib/python3.7/site-packages/airflow/example_dags/example_xcomargs.py
[2023-08-03T05:31:51.344+0000] {processor.py:826} INFO - Processing file /home/airflow/.local/lib/python3.7/site-packages/airflow/example_dags/example_xcomargs.py for tasks to queue
[2023-08-03T05:31:51.346+0000] {logging_mixin.py:150} INFO - [2023-08-03T05:31:51.346+0000] {dagbag.py:541} INFO - Filling up the DagBag from /home/airflow/.local/lib/python3.7/site-packages/airflow/example_dags/example_xcomargs.py
[2023-08-03T05:31:51.370+0000] {processor.py:836} INFO - DAG(s) dict_keys(['example_xcom_args_with_operators', 'example_xcom_args']) retrieved from /home/airflow/.local/lib/python3.7/site-packages/airflow/example_dags/example_xcomargs.py
[2023-08-03T05:31:51.420+0000] {logging_mixin.py:150} INFO - [2023-08-03T05:31:51.419+0000] {dag.py:2742} INFO - Sync 2 DAGs
[2023-08-03T05:31:51.546+0000] {logging_mixin.py:150} INFO - [2023-08-03T05:31:51.546+0000] {dag.py:3508} INFO - Setting next_dagrun for example_xcom_args to None, run_after=None
[2023-08-03T05:31:51.561+0000] {logging_mixin.py:150} INFO - [2023-08-03T05:31:51.561+0000] {dag.py:3508} INFO - Setting next_dagrun for example_xcom_args_with_operators to None, run_after=None
[2023-08-03T05:31:51.609+0000] {processor.py:179} INFO - Processing /home/airflow/.local/lib/python3.7/site-packages/airflow/example_dags/example_xcomargs.py took 0.272 seconds
[2023-08-03T07:13:13.349+0000] {processor.py:157} INFO - Started process (PID=2945) to work on /home/airflow/.local/lib/python3.7/site-packages/airflow/example_dags/example_xcomargs.py
[2023-08-03T07:13:13.351+0000] {processor.py:826} INFO - Processing file /home/airflow/.local/lib/python3.7/site-packages/airflow/example_dags/example_xcomargs.py for tasks to queue
[2023-08-03T07:13:13.353+0000] {logging_mixin.py:150} INFO - [2023-08-03T07:13:13.353+0000] {dagbag.py:541} INFO - Filling up the DagBag from /home/airflow/.local/lib/python3.7/site-packages/airflow/example_dags/example_xcomargs.py
[2023-08-03T07:13:13.371+0000] {processor.py:836} INFO - DAG(s) dict_keys(['example_xcom_args', 'example_xcom_args_with_operators']) retrieved from /home/airflow/.local/lib/python3.7/site-packages/airflow/example_dags/example_xcomargs.py
[2023-08-03T07:13:13.402+0000] {logging_mixin.py:150} INFO - [2023-08-03T07:13:13.402+0000] {dag.py:2742} INFO - Sync 2 DAGs
[2023-08-03T07:13:13.420+0000] {logging_mixin.py:150} INFO - [2023-08-03T07:13:13.420+0000] {dag.py:3508} INFO - Setting next_dagrun for example_xcom_args to None, run_after=None
[2023-08-03T07:13:13.425+0000] {logging_mixin.py:150} INFO - [2023-08-03T07:13:13.425+0000] {dag.py:3508} INFO - Setting next_dagrun for example_xcom_args_with_operators to None, run_after=None
[2023-08-03T07:13:13.435+0000] {processor.py:179} INFO - Processing /home/airflow/.local/lib/python3.7/site-packages/airflow/example_dags/example_xcomargs.py took 0.090 seconds
[2023-08-03T08:54:04.066+0000] {processor.py:157} INFO - Started process (PID=3002) to work on /home/airflow/.local/lib/python3.7/site-packages/airflow/example_dags/example_xcomargs.py
[2023-08-03T08:54:04.071+0000] {processor.py:826} INFO - Processing file /home/airflow/.local/lib/python3.7/site-packages/airflow/example_dags/example_xcomargs.py for tasks to queue
[2023-08-03T08:54:04.078+0000] {logging_mixin.py:150} INFO - [2023-08-03T08:54:04.077+0000] {dagbag.py:541} INFO - Filling up the DagBag from /home/airflow/.local/lib/python3.7/site-packages/airflow/example_dags/example_xcomargs.py
[2023-08-03T08:54:04.116+0000] {processor.py:836} INFO - DAG(s) dict_keys(['example_xcom_args_with_operators', 'example_xcom_args']) retrieved from /home/airflow/.local/lib/python3.7/site-packages/airflow/example_dags/example_xcomargs.py
[2023-08-03T08:54:04.226+0000] {logging_mixin.py:150} INFO - [2023-08-03T08:54:04.226+0000] {dag.py:2742} INFO - Sync 2 DAGs
[2023-08-03T08:54:04.355+0000] {logging_mixin.py:150} INFO - [2023-08-03T08:54:04.355+0000] {dag.py:3508} INFO - Setting next_dagrun for example_xcom_args to None, run_after=None
[2023-08-03T08:54:04.361+0000] {logging_mixin.py:150} INFO - [2023-08-03T08:54:04.361+0000] {dag.py:3508} INFO - Setting next_dagrun for example_xcom_args_with_operators to None, run_after=None
[2023-08-03T08:54:04.414+0000] {processor.py:179} INFO - Processing /home/airflow/.local/lib/python3.7/site-packages/airflow/example_dags/example_xcomargs.py took 0.354 seconds
[2023-08-03T10:17:20.998+0000] {processor.py:157} INFO - Started process (PID=3059) to work on /home/airflow/.local/lib/python3.7/site-packages/airflow/example_dags/example_xcomargs.py
[2023-08-03T10:17:21.010+0000] {processor.py:826} INFO - Processing file /home/airflow/.local/lib/python3.7/site-packages/airflow/example_dags/example_xcomargs.py for tasks to queue
[2023-08-03T10:17:21.018+0000] {logging_mixin.py:150} INFO - [2023-08-03T10:17:21.016+0000] {dagbag.py:541} INFO - Filling up the DagBag from /home/airflow/.local/lib/python3.7/site-packages/airflow/example_dags/example_xcomargs.py
[2023-08-03T10:17:21.076+0000] {processor.py:836} INFO - DAG(s) dict_keys(['example_xcom_args_with_operators', 'example_xcom_args']) retrieved from /home/airflow/.local/lib/python3.7/site-packages/airflow/example_dags/example_xcomargs.py
[2023-08-03T10:17:21.182+0000] {logging_mixin.py:150} INFO - [2023-08-03T10:17:21.182+0000] {dag.py:2742} INFO - Sync 2 DAGs
[2023-08-03T10:17:21.248+0000] {logging_mixin.py:150} INFO - [2023-08-03T10:17:21.248+0000] {dag.py:3508} INFO - Setting next_dagrun for example_xcom_args to None, run_after=None
[2023-08-03T10:17:21.258+0000] {logging_mixin.py:150} INFO - [2023-08-03T10:17:21.257+0000] {dag.py:3508} INFO - Setting next_dagrun for example_xcom_args_with_operators to None, run_after=None
[2023-08-03T10:17:21.303+0000] {processor.py:179} INFO - Processing /home/airflow/.local/lib/python3.7/site-packages/airflow/example_dags/example_xcomargs.py took 0.323 seconds
[2023-08-03T11:56:06.590+0000] {processor.py:157} INFO - Started process (PID=3117) to work on /home/airflow/.local/lib/python3.7/site-packages/airflow/example_dags/example_xcomargs.py
[2023-08-03T11:56:06.604+0000] {processor.py:826} INFO - Processing file /home/airflow/.local/lib/python3.7/site-packages/airflow/example_dags/example_xcomargs.py for tasks to queue
[2023-08-03T11:56:06.610+0000] {logging_mixin.py:150} INFO - [2023-08-03T11:56:06.609+0000] {dagbag.py:541} INFO - Filling up the DagBag from /home/airflow/.local/lib/python3.7/site-packages/airflow/example_dags/example_xcomargs.py
[2023-08-03T11:56:06.640+0000] {processor.py:836} INFO - DAG(s) dict_keys(['example_xcom_args', 'example_xcom_args_with_operators']) retrieved from /home/airflow/.local/lib/python3.7/site-packages/airflow/example_dags/example_xcomargs.py
[2023-08-03T11:56:06.753+0000] {logging_mixin.py:150} INFO - [2023-08-03T11:56:06.753+0000] {dag.py:2742} INFO - Sync 2 DAGs
[2023-08-03T11:56:06.820+0000] {logging_mixin.py:150} INFO - [2023-08-03T11:56:06.819+0000] {dag.py:3508} INFO - Setting next_dagrun for example_xcom_args to None, run_after=None
[2023-08-03T11:56:06.837+0000] {logging_mixin.py:150} INFO - [2023-08-03T11:56:06.837+0000] {dag.py:3508} INFO - Setting next_dagrun for example_xcom_args_with_operators to None, run_after=None
[2023-08-03T11:56:06.873+0000] {processor.py:179} INFO - Processing /home/airflow/.local/lib/python3.7/site-packages/airflow/example_dags/example_xcomargs.py took 0.297 seconds
[2023-08-03T13:18:46.465+0000] {processor.py:157} INFO - Started process (PID=3174) to work on /home/airflow/.local/lib/python3.7/site-packages/airflow/example_dags/example_xcomargs.py
[2023-08-03T13:18:46.466+0000] {processor.py:826} INFO - Processing file /home/airflow/.local/lib/python3.7/site-packages/airflow/example_dags/example_xcomargs.py for tasks to queue
[2023-08-03T13:18:46.468+0000] {logging_mixin.py:150} INFO - [2023-08-03T13:18:46.468+0000] {dagbag.py:541} INFO - Filling up the DagBag from /home/airflow/.local/lib/python3.7/site-packages/airflow/example_dags/example_xcomargs.py
[2023-08-03T13:18:46.476+0000] {processor.py:836} INFO - DAG(s) dict_keys(['example_xcom_args_with_operators', 'example_xcom_args']) retrieved from /home/airflow/.local/lib/python3.7/site-packages/airflow/example_dags/example_xcomargs.py
[2023-08-03T13:18:46.504+0000] {logging_mixin.py:150} INFO - [2023-08-03T13:18:46.504+0000] {dag.py:2742} INFO - Sync 2 DAGs
[2023-08-03T13:18:46.813+0000] {logging_mixin.py:150} INFO - [2023-08-03T13:18:46.812+0000] {dag.py:3508} INFO - Setting next_dagrun for example_xcom_args to None, run_after=None
[2023-08-03T13:18:46.821+0000] {logging_mixin.py:150} INFO - [2023-08-03T13:18:46.821+0000] {dag.py:3508} INFO - Setting next_dagrun for example_xcom_args_with_operators to None, run_after=None
[2023-08-03T13:18:46.879+0000] {processor.py:179} INFO - Processing /home/airflow/.local/lib/python3.7/site-packages/airflow/example_dags/example_xcomargs.py took 0.418 seconds
[2023-08-03T15:00:01.858+0000] {processor.py:157} INFO - Started process (PID=3230) to work on /home/airflow/.local/lib/python3.7/site-packages/airflow/example_dags/example_xcomargs.py
[2023-08-03T15:00:01.864+0000] {processor.py:826} INFO - Processing file /home/airflow/.local/lib/python3.7/site-packages/airflow/example_dags/example_xcomargs.py for tasks to queue
[2023-08-03T15:00:01.868+0000] {logging_mixin.py:150} INFO - [2023-08-03T15:00:01.868+0000] {dagbag.py:541} INFO - Filling up the DagBag from /home/airflow/.local/lib/python3.7/site-packages/airflow/example_dags/example_xcomargs.py
[2023-08-03T15:00:01.895+0000] {processor.py:836} INFO - DAG(s) dict_keys(['example_xcom_args_with_operators', 'example_xcom_args']) retrieved from /home/airflow/.local/lib/python3.7/site-packages/airflow/example_dags/example_xcomargs.py
[2023-08-03T15:00:01.954+0000] {logging_mixin.py:150} INFO - [2023-08-03T15:00:01.954+0000] {dag.py:2742} INFO - Sync 2 DAGs
[2023-08-03T15:00:02.010+0000] {logging_mixin.py:150} INFO - [2023-08-03T15:00:02.010+0000] {dag.py:3508} INFO - Setting next_dagrun for example_xcom_args to None, run_after=None
[2023-08-03T15:00:02.021+0000] {logging_mixin.py:150} INFO - [2023-08-03T15:00:02.021+0000] {dag.py:3508} INFO - Setting next_dagrun for example_xcom_args_with_operators to None, run_after=None
[2023-08-03T15:00:02.062+0000] {processor.py:179} INFO - Processing /home/airflow/.local/lib/python3.7/site-packages/airflow/example_dags/example_xcomargs.py took 0.212 seconds
[2023-08-03T16:41:33.558+0000] {processor.py:157} INFO - Started process (PID=3287) to work on /home/airflow/.local/lib/python3.7/site-packages/airflow/example_dags/example_xcomargs.py
[2023-08-03T16:41:33.560+0000] {processor.py:826} INFO - Processing file /home/airflow/.local/lib/python3.7/site-packages/airflow/example_dags/example_xcomargs.py for tasks to queue
[2023-08-03T16:41:33.561+0000] {logging_mixin.py:150} INFO - [2023-08-03T16:41:33.561+0000] {dagbag.py:541} INFO - Filling up the DagBag from /home/airflow/.local/lib/python3.7/site-packages/airflow/example_dags/example_xcomargs.py
[2023-08-03T16:41:33.568+0000] {processor.py:836} INFO - DAG(s) dict_keys(['example_xcom_args', 'example_xcom_args_with_operators']) retrieved from /home/airflow/.local/lib/python3.7/site-packages/airflow/example_dags/example_xcomargs.py
[2023-08-03T16:41:33.592+0000] {logging_mixin.py:150} INFO - [2023-08-03T16:41:33.592+0000] {dag.py:2742} INFO - Sync 2 DAGs
[2023-08-03T16:41:33.611+0000] {logging_mixin.py:150} INFO - [2023-08-03T16:41:33.611+0000] {dag.py:3508} INFO - Setting next_dagrun for example_xcom_args to None, run_after=None
[2023-08-03T16:41:33.614+0000] {logging_mixin.py:150} INFO - [2023-08-03T16:41:33.614+0000] {dag.py:3508} INFO - Setting next_dagrun for example_xcom_args_with_operators to None, run_after=None
[2023-08-03T16:41:33.627+0000] {processor.py:179} INFO - Processing /home/airflow/.local/lib/python3.7/site-packages/airflow/example_dags/example_xcomargs.py took 0.072 seconds
[2023-08-03T18:02:59.087+0000] {processor.py:157} INFO - Started process (PID=3343) to work on /home/airflow/.local/lib/python3.7/site-packages/airflow/example_dags/example_xcomargs.py
[2023-08-03T18:02:59.093+0000] {processor.py:826} INFO - Processing file /home/airflow/.local/lib/python3.7/site-packages/airflow/example_dags/example_xcomargs.py for tasks to queue
[2023-08-03T18:02:59.099+0000] {logging_mixin.py:150} INFO - [2023-08-03T18:02:59.098+0000] {dagbag.py:541} INFO - Filling up the DagBag from /home/airflow/.local/lib/python3.7/site-packages/airflow/example_dags/example_xcomargs.py
[2023-08-03T18:02:59.125+0000] {processor.py:836} INFO - DAG(s) dict_keys(['example_xcom_args_with_operators', 'example_xcom_args']) retrieved from /home/airflow/.local/lib/python3.7/site-packages/airflow/example_dags/example_xcomargs.py
[2023-08-03T18:02:59.197+0000] {logging_mixin.py:150} INFO - [2023-08-03T18:02:59.196+0000] {dag.py:2742} INFO - Sync 2 DAGs
[2023-08-03T18:02:59.242+0000] {logging_mixin.py:150} INFO - [2023-08-03T18:02:59.242+0000] {dag.py:3508} INFO - Setting next_dagrun for example_xcom_args to None, run_after=None
[2023-08-03T18:02:59.253+0000] {logging_mixin.py:150} INFO - [2023-08-03T18:02:59.253+0000] {dag.py:3508} INFO - Setting next_dagrun for example_xcom_args_with_operators to None, run_after=None
[2023-08-03T18:02:59.326+0000] {processor.py:179} INFO - Processing /home/airflow/.local/lib/python3.7/site-packages/airflow/example_dags/example_xcomargs.py took 0.244 seconds
[2023-08-03T19:44:20.931+0000] {processor.py:157} INFO - Started process (PID=3400) to work on /home/airflow/.local/lib/python3.7/site-packages/airflow/example_dags/example_xcomargs.py
[2023-08-03T19:44:20.934+0000] {processor.py:826} INFO - Processing file /home/airflow/.local/lib/python3.7/site-packages/airflow/example_dags/example_xcomargs.py for tasks to queue
[2023-08-03T19:44:20.936+0000] {logging_mixin.py:150} INFO - [2023-08-03T19:44:20.936+0000] {dagbag.py:541} INFO - Filling up the DagBag from /home/airflow/.local/lib/python3.7/site-packages/airflow/example_dags/example_xcomargs.py
[2023-08-03T19:44:20.984+0000] {processor.py:836} INFO - DAG(s) dict_keys(['example_xcom_args', 'example_xcom_args_with_operators']) retrieved from /home/airflow/.local/lib/python3.7/site-packages/airflow/example_dags/example_xcomargs.py
[2023-08-03T19:44:21.063+0000] {logging_mixin.py:150} INFO - [2023-08-03T19:44:21.062+0000] {dag.py:2742} INFO - Sync 2 DAGs
[2023-08-03T19:44:21.113+0000] {logging_mixin.py:150} INFO - [2023-08-03T19:44:21.113+0000] {dag.py:3508} INFO - Setting next_dagrun for example_xcom_args to None, run_after=None
[2023-08-03T19:44:21.128+0000] {logging_mixin.py:150} INFO - [2023-08-03T19:44:21.128+0000] {dag.py:3508} INFO - Setting next_dagrun for example_xcom_args_with_operators to None, run_after=None
[2023-08-03T19:44:21.172+0000] {processor.py:179} INFO - Processing /home/airflow/.local/lib/python3.7/site-packages/airflow/example_dags/example_xcomargs.py took 0.262 seconds
[2023-08-03T21:07:10.945+0000] {processor.py:157} INFO - Started process (PID=3457) to work on /home/airflow/.local/lib/python3.7/site-packages/airflow/example_dags/example_xcomargs.py
[2023-08-03T21:07:10.951+0000] {processor.py:826} INFO - Processing file /home/airflow/.local/lib/python3.7/site-packages/airflow/example_dags/example_xcomargs.py for tasks to queue
[2023-08-03T21:07:10.956+0000] {logging_mixin.py:150} INFO - [2023-08-03T21:07:10.955+0000] {dagbag.py:541} INFO - Filling up the DagBag from /home/airflow/.local/lib/python3.7/site-packages/airflow/example_dags/example_xcomargs.py
[2023-08-03T21:07:10.979+0000] {processor.py:836} INFO - DAG(s) dict_keys(['example_xcom_args', 'example_xcom_args_with_operators']) retrieved from /home/airflow/.local/lib/python3.7/site-packages/airflow/example_dags/example_xcomargs.py
[2023-08-03T21:07:11.054+0000] {logging_mixin.py:150} INFO - [2023-08-03T21:07:11.053+0000] {dag.py:2742} INFO - Sync 2 DAGs
[2023-08-03T21:07:11.102+0000] {logging_mixin.py:150} INFO - [2023-08-03T21:07:11.102+0000] {dag.py:3508} INFO - Setting next_dagrun for example_xcom_args to None, run_after=None
[2023-08-03T21:07:11.109+0000] {logging_mixin.py:150} INFO - [2023-08-03T21:07:11.109+0000] {dag.py:3508} INFO - Setting next_dagrun for example_xcom_args_with_operators to None, run_after=None
[2023-08-03T21:07:11.148+0000] {processor.py:179} INFO - Processing /home/airflow/.local/lib/python3.7/site-packages/airflow/example_dags/example_xcomargs.py took 0.210 seconds
[2023-08-03T22:46:08.605+0000] {processor.py:157} INFO - Started process (PID=3514) to work on /home/airflow/.local/lib/python3.7/site-packages/airflow/example_dags/example_xcomargs.py
[2023-08-03T22:46:08.630+0000] {processor.py:826} INFO - Processing file /home/airflow/.local/lib/python3.7/site-packages/airflow/example_dags/example_xcomargs.py for tasks to queue
[2023-08-03T22:46:08.633+0000] {logging_mixin.py:150} INFO - [2023-08-03T22:46:08.633+0000] {dagbag.py:541} INFO - Filling up the DagBag from /home/airflow/.local/lib/python3.7/site-packages/airflow/example_dags/example_xcomargs.py
[2023-08-03T22:46:08.672+0000] {processor.py:836} INFO - DAG(s) dict_keys(['example_xcom_args', 'example_xcom_args_with_operators']) retrieved from /home/airflow/.local/lib/python3.7/site-packages/airflow/example_dags/example_xcomargs.py
[2023-08-03T22:46:08.770+0000] {logging_mixin.py:150} INFO - [2023-08-03T22:46:08.769+0000] {dag.py:2742} INFO - Sync 2 DAGs
[2023-08-03T22:46:08.832+0000] {logging_mixin.py:150} INFO - [2023-08-03T22:46:08.832+0000] {dag.py:3508} INFO - Setting next_dagrun for example_xcom_args to None, run_after=None
[2023-08-03T22:46:08.838+0000] {logging_mixin.py:150} INFO - [2023-08-03T22:46:08.838+0000] {dag.py:3508} INFO - Setting next_dagrun for example_xcom_args_with_operators to None, run_after=None
[2023-08-03T22:46:08.881+0000] {processor.py:179} INFO - Processing /home/airflow/.local/lib/python3.7/site-packages/airflow/example_dags/example_xcomargs.py took 0.284 seconds
[2023-08-03T23:58:28.795+0000] {processor.py:157} INFO - Started process (PID=3570) to work on /home/airflow/.local/lib/python3.7/site-packages/airflow/example_dags/example_xcomargs.py
[2023-08-03T23:58:28.801+0000] {processor.py:826} INFO - Processing file /home/airflow/.local/lib/python3.7/site-packages/airflow/example_dags/example_xcomargs.py for tasks to queue
[2023-08-03T23:58:28.807+0000] {logging_mixin.py:150} INFO - [2023-08-03T23:58:28.806+0000] {dagbag.py:541} INFO - Filling up the DagBag from /home/airflow/.local/lib/python3.7/site-packages/airflow/example_dags/example_xcomargs.py
[2023-08-03T23:58:28.842+0000] {processor.py:836} INFO - DAG(s) dict_keys(['example_xcom_args', 'example_xcom_args_with_operators']) retrieved from /home/airflow/.local/lib/python3.7/site-packages/airflow/example_dags/example_xcomargs.py
[2023-08-03T23:58:29.083+0000] {logging_mixin.py:150} INFO - [2023-08-03T23:58:29.083+0000] {dag.py:2742} INFO - Sync 2 DAGs
[2023-08-03T23:58:29.110+0000] {logging_mixin.py:150} INFO - [2023-08-03T23:58:29.110+0000] {dag.py:3508} INFO - Setting next_dagrun for example_xcom_args to None, run_after=None
[2023-08-03T23:58:29.128+0000] {logging_mixin.py:150} INFO - [2023-08-03T23:58:29.128+0000] {dag.py:3508} INFO - Setting next_dagrun for example_xcom_args_with_operators to None, run_after=None
[2023-08-03T23:58:29.193+0000] {processor.py:179} INFO - Processing /home/airflow/.local/lib/python3.7/site-packages/airflow/example_dags/example_xcomargs.py took 0.404 seconds
[2023-08-03T23:58:59.672+0000] {processor.py:157} INFO - Started process (PID=3627) to work on /home/airflow/.local/lib/python3.7/site-packages/airflow/example_dags/example_xcomargs.py
[2023-08-03T23:58:59.674+0000] {processor.py:826} INFO - Processing file /home/airflow/.local/lib/python3.7/site-packages/airflow/example_dags/example_xcomargs.py for tasks to queue
[2023-08-03T23:58:59.676+0000] {logging_mixin.py:150} INFO - [2023-08-03T23:58:59.676+0000] {dagbag.py:541} INFO - Filling up the DagBag from /home/airflow/.local/lib/python3.7/site-packages/airflow/example_dags/example_xcomargs.py
[2023-08-03T23:58:59.683+0000] {processor.py:836} INFO - DAG(s) dict_keys(['example_xcom_args', 'example_xcom_args_with_operators']) retrieved from /home/airflow/.local/lib/python3.7/site-packages/airflow/example_dags/example_xcomargs.py
[2023-08-03T23:58:59.705+0000] {logging_mixin.py:150} INFO - [2023-08-03T23:58:59.705+0000] {dag.py:2742} INFO - Sync 2 DAGs
[2023-08-03T23:58:59.721+0000] {logging_mixin.py:150} INFO - [2023-08-03T23:58:59.721+0000] {dag.py:3508} INFO - Setting next_dagrun for example_xcom_args to None, run_after=None
[2023-08-03T23:58:59.724+0000] {logging_mixin.py:150} INFO - [2023-08-03T23:58:59.724+0000] {dag.py:3508} INFO - Setting next_dagrun for example_xcom_args_with_operators to None, run_after=None
[2023-08-03T23:58:59.735+0000] {processor.py:179} INFO - Processing /home/airflow/.local/lib/python3.7/site-packages/airflow/example_dags/example_xcomargs.py took 0.066 seconds
[2023-08-03T23:59:29.851+0000] {processor.py:157} INFO - Started process (PID=3685) to work on /home/airflow/.local/lib/python3.7/site-packages/airflow/example_dags/example_xcomargs.py
[2023-08-03T23:59:29.853+0000] {processor.py:826} INFO - Processing file /home/airflow/.local/lib/python3.7/site-packages/airflow/example_dags/example_xcomargs.py for tasks to queue
[2023-08-03T23:59:29.855+0000] {logging_mixin.py:150} INFO - [2023-08-03T23:59:29.854+0000] {dagbag.py:541} INFO - Filling up the DagBag from /home/airflow/.local/lib/python3.7/site-packages/airflow/example_dags/example_xcomargs.py
[2023-08-03T23:59:29.863+0000] {processor.py:836} INFO - DAG(s) dict_keys(['example_xcom_args_with_operators', 'example_xcom_args']) retrieved from /home/airflow/.local/lib/python3.7/site-packages/airflow/example_dags/example_xcomargs.py
[2023-08-03T23:59:29.883+0000] {logging_mixin.py:150} INFO - [2023-08-03T23:59:29.883+0000] {dag.py:2742} INFO - Sync 2 DAGs
[2023-08-03T23:59:29.899+0000] {logging_mixin.py:150} INFO - [2023-08-03T23:59:29.899+0000] {dag.py:3508} INFO - Setting next_dagrun for example_xcom_args to None, run_after=None
[2023-08-03T23:59:29.902+0000] {logging_mixin.py:150} INFO - [2023-08-03T23:59:29.902+0000] {dag.py:3508} INFO - Setting next_dagrun for example_xcom_args_with_operators to None, run_after=None
[2023-08-03T23:59:29.915+0000] {processor.py:179} INFO - Processing /home/airflow/.local/lib/python3.7/site-packages/airflow/example_dags/example_xcomargs.py took 0.066 seconds
