[2023-08-03T01:04:29.781+0000] {processor.py:157} INFO - Started process (PID=2748) to work on /home/airflow/.local/lib/python3.7/site-packages/airflow/example_dags/example_short_circuit_decorator.py
[2023-08-03T01:04:29.783+0000] {processor.py:826} INFO - Processing file /home/airflow/.local/lib/python3.7/site-packages/airflow/example_dags/example_short_circuit_decorator.py for tasks to queue
[2023-08-03T01:04:29.785+0000] {logging_mixin.py:150} INFO - [2023-08-03T01:04:29.784+0000] {dagbag.py:541} INFO - Filling up the DagBag from /home/airflow/.local/lib/python3.7/site-packages/airflow/example_dags/example_short_circuit_decorator.py
[2023-08-03T01:04:29.795+0000] {processor.py:836} INFO - DAG(s) dict_keys(['example_short_circuit_decorator']) retrieved from /home/airflow/.local/lib/python3.7/site-packages/airflow/example_dags/example_short_circuit_decorator.py
[2023-08-03T01:04:29.822+0000] {logging_mixin.py:150} INFO - [2023-08-03T01:04:29.822+0000] {dag.py:2742} INFO - Sync 1 DAGs
[2023-08-03T01:04:29.842+0000] {logging_mixin.py:150} INFO - [2023-08-03T01:04:29.841+0000] {dag.py:3508} INFO - Setting next_dagrun for example_short_circuit_decorator to 2023-08-02T01:04:29.841733+00:00, run_after=2023-08-03T01:04:29.841733+00:00
[2023-08-03T01:04:29.855+0000] {processor.py:179} INFO - Processing /home/airflow/.local/lib/python3.7/site-packages/airflow/example_dags/example_short_circuit_decorator.py took 0.078 seconds
[2023-08-03T02:27:42.351+0000] {processor.py:157} INFO - Started process (PID=2805) to work on /home/airflow/.local/lib/python3.7/site-packages/airflow/example_dags/example_short_circuit_decorator.py
[2023-08-03T02:27:42.353+0000] {processor.py:826} INFO - Processing file /home/airflow/.local/lib/python3.7/site-packages/airflow/example_dags/example_short_circuit_decorator.py for tasks to queue
[2023-08-03T02:27:42.354+0000] {logging_mixin.py:150} INFO - [2023-08-03T02:27:42.354+0000] {dagbag.py:541} INFO - Filling up the DagBag from /home/airflow/.local/lib/python3.7/site-packages/airflow/example_dags/example_short_circuit_decorator.py
[2023-08-03T02:27:42.363+0000] {processor.py:836} INFO - DAG(s) dict_keys(['example_short_circuit_decorator']) retrieved from /home/airflow/.local/lib/python3.7/site-packages/airflow/example_dags/example_short_circuit_decorator.py
[2023-08-03T02:27:42.388+0000] {logging_mixin.py:150} INFO - [2023-08-03T02:27:42.387+0000] {dag.py:2742} INFO - Sync 1 DAGs
[2023-08-03T02:27:42.411+0000] {logging_mixin.py:150} INFO - [2023-08-03T02:27:42.411+0000] {dag.py:3508} INFO - Setting next_dagrun for example_short_circuit_decorator to 2023-08-02T02:27:42.410961+00:00, run_after=2023-08-03T02:27:42.410961+00:00
[2023-08-03T02:27:42.424+0000] {processor.py:179} INFO - Processing /home/airflow/.local/lib/python3.7/site-packages/airflow/example_dags/example_short_circuit_decorator.py took 0.077 seconds
[2023-08-03T04:08:06.118+0000] {processor.py:157} INFO - Started process (PID=2862) to work on /home/airflow/.local/lib/python3.7/site-packages/airflow/example_dags/example_short_circuit_decorator.py
[2023-08-03T04:08:06.120+0000] {processor.py:826} INFO - Processing file /home/airflow/.local/lib/python3.7/site-packages/airflow/example_dags/example_short_circuit_decorator.py for tasks to queue
[2023-08-03T04:08:06.121+0000] {logging_mixin.py:150} INFO - [2023-08-03T04:08:06.121+0000] {dagbag.py:541} INFO - Filling up the DagBag from /home/airflow/.local/lib/python3.7/site-packages/airflow/example_dags/example_short_circuit_decorator.py
[2023-08-03T04:08:06.130+0000] {processor.py:836} INFO - DAG(s) dict_keys(['example_short_circuit_decorator']) retrieved from /home/airflow/.local/lib/python3.7/site-packages/airflow/example_dags/example_short_circuit_decorator.py
[2023-08-03T04:08:06.154+0000] {logging_mixin.py:150} INFO - [2023-08-03T04:08:06.153+0000] {dag.py:2742} INFO - Sync 1 DAGs
[2023-08-03T04:08:06.176+0000] {logging_mixin.py:150} INFO - [2023-08-03T04:08:06.175+0000] {dag.py:3508} INFO - Setting next_dagrun for example_short_circuit_decorator to 2023-08-02T04:08:06.175778+00:00, run_after=2023-08-03T04:08:06.175778+00:00
[2023-08-03T04:08:06.190+0000] {processor.py:179} INFO - Processing /home/airflow/.local/lib/python3.7/site-packages/airflow/example_dags/example_short_circuit_decorator.py took 0.075 seconds
[2023-08-03T05:31:54.567+0000] {processor.py:157} INFO - Started process (PID=2919) to work on /home/airflow/.local/lib/python3.7/site-packages/airflow/example_dags/example_short_circuit_decorator.py
[2023-08-03T05:31:54.569+0000] {processor.py:826} INFO - Processing file /home/airflow/.local/lib/python3.7/site-packages/airflow/example_dags/example_short_circuit_decorator.py for tasks to queue
[2023-08-03T05:31:54.575+0000] {logging_mixin.py:150} INFO - [2023-08-03T05:31:54.575+0000] {dagbag.py:541} INFO - Filling up the DagBag from /home/airflow/.local/lib/python3.7/site-packages/airflow/example_dags/example_short_circuit_decorator.py
[2023-08-03T05:31:54.584+0000] {processor.py:836} INFO - DAG(s) dict_keys(['example_short_circuit_decorator']) retrieved from /home/airflow/.local/lib/python3.7/site-packages/airflow/example_dags/example_short_circuit_decorator.py
[2023-08-03T05:31:54.607+0000] {logging_mixin.py:150} INFO - [2023-08-03T05:31:54.607+0000] {dag.py:2742} INFO - Sync 1 DAGs
[2023-08-03T05:31:54.625+0000] {logging_mixin.py:150} INFO - [2023-08-03T05:31:54.625+0000] {dag.py:3508} INFO - Setting next_dagrun for example_short_circuit_decorator to 2023-08-02T05:31:54.625168+00:00, run_after=2023-08-03T05:31:54.625168+00:00
[2023-08-03T05:31:54.639+0000] {processor.py:179} INFO - Processing /home/airflow/.local/lib/python3.7/site-packages/airflow/example_dags/example_short_circuit_decorator.py took 0.074 seconds
[2023-08-03T07:13:17.759+0000] {processor.py:157} INFO - Started process (PID=2976) to work on /home/airflow/.local/lib/python3.7/site-packages/airflow/example_dags/example_short_circuit_decorator.py
[2023-08-03T07:13:17.765+0000] {processor.py:826} INFO - Processing file /home/airflow/.local/lib/python3.7/site-packages/airflow/example_dags/example_short_circuit_decorator.py for tasks to queue
[2023-08-03T07:13:17.766+0000] {logging_mixin.py:150} INFO - [2023-08-03T07:13:17.766+0000] {dagbag.py:541} INFO - Filling up the DagBag from /home/airflow/.local/lib/python3.7/site-packages/airflow/example_dags/example_short_circuit_decorator.py
[2023-08-03T07:13:17.775+0000] {processor.py:836} INFO - DAG(s) dict_keys(['example_short_circuit_decorator']) retrieved from /home/airflow/.local/lib/python3.7/site-packages/airflow/example_dags/example_short_circuit_decorator.py
[2023-08-03T07:13:17.800+0000] {logging_mixin.py:150} INFO - [2023-08-03T07:13:17.800+0000] {dag.py:2742} INFO - Sync 1 DAGs
[2023-08-03T07:13:17.821+0000] {logging_mixin.py:150} INFO - [2023-08-03T07:13:17.821+0000] {dag.py:3508} INFO - Setting next_dagrun for example_short_circuit_decorator to 2023-08-02T07:13:17.821117+00:00, run_after=2023-08-03T07:13:17.821117+00:00
[2023-08-03T07:13:17.834+0000] {processor.py:179} INFO - Processing /home/airflow/.local/lib/python3.7/site-packages/airflow/example_dags/example_short_circuit_decorator.py took 0.079 seconds
[2023-08-03T08:54:07.039+0000] {processor.py:157} INFO - Started process (PID=3033) to work on /home/airflow/.local/lib/python3.7/site-packages/airflow/example_dags/example_short_circuit_decorator.py
[2023-08-03T08:54:07.041+0000] {processor.py:826} INFO - Processing file /home/airflow/.local/lib/python3.7/site-packages/airflow/example_dags/example_short_circuit_decorator.py for tasks to queue
[2023-08-03T08:54:07.042+0000] {logging_mixin.py:150} INFO - [2023-08-03T08:54:07.042+0000] {dagbag.py:541} INFO - Filling up the DagBag from /home/airflow/.local/lib/python3.7/site-packages/airflow/example_dags/example_short_circuit_decorator.py
[2023-08-03T08:54:07.063+0000] {processor.py:836} INFO - DAG(s) dict_keys(['example_short_circuit_decorator']) retrieved from /home/airflow/.local/lib/python3.7/site-packages/airflow/example_dags/example_short_circuit_decorator.py
[2023-08-03T08:54:07.088+0000] {logging_mixin.py:150} INFO - [2023-08-03T08:54:07.087+0000] {dag.py:2742} INFO - Sync 1 DAGs
[2023-08-03T08:54:07.107+0000] {logging_mixin.py:150} INFO - [2023-08-03T08:54:07.107+0000] {dag.py:3508} INFO - Setting next_dagrun for example_short_circuit_decorator to 2023-08-02T08:54:07.107507+00:00, run_after=2023-08-03T08:54:07.107507+00:00
[2023-08-03T08:54:07.124+0000] {processor.py:179} INFO - Processing /home/airflow/.local/lib/python3.7/site-packages/airflow/example_dags/example_short_circuit_decorator.py took 0.089 seconds
[2023-08-03T10:17:24.904+0000] {processor.py:157} INFO - Started process (PID=3090) to work on /home/airflow/.local/lib/python3.7/site-packages/airflow/example_dags/example_short_circuit_decorator.py
[2023-08-03T10:17:24.907+0000] {processor.py:826} INFO - Processing file /home/airflow/.local/lib/python3.7/site-packages/airflow/example_dags/example_short_circuit_decorator.py for tasks to queue
[2023-08-03T10:17:24.914+0000] {logging_mixin.py:150} INFO - [2023-08-03T10:17:24.913+0000] {dagbag.py:541} INFO - Filling up the DagBag from /home/airflow/.local/lib/python3.7/site-packages/airflow/example_dags/example_short_circuit_decorator.py
[2023-08-03T10:17:24.926+0000] {processor.py:836} INFO - DAG(s) dict_keys(['example_short_circuit_decorator']) retrieved from /home/airflow/.local/lib/python3.7/site-packages/airflow/example_dags/example_short_circuit_decorator.py
[2023-08-03T10:17:24.968+0000] {logging_mixin.py:150} INFO - [2023-08-03T10:17:24.968+0000] {dag.py:2742} INFO - Sync 1 DAGs
[2023-08-03T10:17:25.040+0000] {logging_mixin.py:150} INFO - [2023-08-03T10:17:25.040+0000] {dag.py:3508} INFO - Setting next_dagrun for example_short_circuit_decorator to 2023-08-02T10:17:25.040581+00:00, run_after=2023-08-03T10:17:25.040581+00:00
[2023-08-03T10:17:25.054+0000] {processor.py:179} INFO - Processing /home/airflow/.local/lib/python3.7/site-packages/airflow/example_dags/example_short_circuit_decorator.py took 0.154 seconds
[2023-08-03T11:56:10.335+0000] {processor.py:157} INFO - Started process (PID=3148) to work on /home/airflow/.local/lib/python3.7/site-packages/airflow/example_dags/example_short_circuit_decorator.py
[2023-08-03T11:56:10.337+0000] {processor.py:826} INFO - Processing file /home/airflow/.local/lib/python3.7/site-packages/airflow/example_dags/example_short_circuit_decorator.py for tasks to queue
[2023-08-03T11:56:10.340+0000] {logging_mixin.py:150} INFO - [2023-08-03T11:56:10.339+0000] {dagbag.py:541} INFO - Filling up the DagBag from /home/airflow/.local/lib/python3.7/site-packages/airflow/example_dags/example_short_circuit_decorator.py
[2023-08-03T11:56:10.354+0000] {processor.py:836} INFO - DAG(s) dict_keys(['example_short_circuit_decorator']) retrieved from /home/airflow/.local/lib/python3.7/site-packages/airflow/example_dags/example_short_circuit_decorator.py
[2023-08-03T11:56:10.387+0000] {logging_mixin.py:150} INFO - [2023-08-03T11:56:10.387+0000] {dag.py:2742} INFO - Sync 1 DAGs
[2023-08-03T11:56:10.415+0000] {logging_mixin.py:150} INFO - [2023-08-03T11:56:10.415+0000] {dag.py:3508} INFO - Setting next_dagrun for example_short_circuit_decorator to 2023-08-02T11:56:10.414717+00:00, run_after=2023-08-03T11:56:10.414717+00:00
[2023-08-03T11:56:10.432+0000] {processor.py:179} INFO - Processing /home/airflow/.local/lib/python3.7/site-packages/airflow/example_dags/example_short_circuit_decorator.py took 0.102 seconds
[2023-08-03T13:18:50.044+0000] {processor.py:157} INFO - Started process (PID=3205) to work on /home/airflow/.local/lib/python3.7/site-packages/airflow/example_dags/example_short_circuit_decorator.py
[2023-08-03T13:18:50.046+0000] {processor.py:826} INFO - Processing file /home/airflow/.local/lib/python3.7/site-packages/airflow/example_dags/example_short_circuit_decorator.py for tasks to queue
[2023-08-03T13:18:50.047+0000] {logging_mixin.py:150} INFO - [2023-08-03T13:18:50.047+0000] {dagbag.py:541} INFO - Filling up the DagBag from /home/airflow/.local/lib/python3.7/site-packages/airflow/example_dags/example_short_circuit_decorator.py
[2023-08-03T13:18:50.057+0000] {processor.py:836} INFO - DAG(s) dict_keys(['example_short_circuit_decorator']) retrieved from /home/airflow/.local/lib/python3.7/site-packages/airflow/example_dags/example_short_circuit_decorator.py
[2023-08-03T13:18:50.083+0000] {logging_mixin.py:150} INFO - [2023-08-03T13:18:50.083+0000] {dag.py:2742} INFO - Sync 1 DAGs
[2023-08-03T13:18:50.102+0000] {logging_mixin.py:150} INFO - [2023-08-03T13:18:50.102+0000] {dag.py:3508} INFO - Setting next_dagrun for example_short_circuit_decorator to 2023-08-02T13:18:50.101942+00:00, run_after=2023-08-03T13:18:50.101942+00:00
[2023-08-03T13:18:50.115+0000] {processor.py:179} INFO - Processing /home/airflow/.local/lib/python3.7/site-packages/airflow/example_dags/example_short_circuit_decorator.py took 0.074 seconds
[2023-08-03T15:00:05.647+0000] {processor.py:157} INFO - Started process (PID=3261) to work on /home/airflow/.local/lib/python3.7/site-packages/airflow/example_dags/example_short_circuit_decorator.py
[2023-08-03T15:00:05.653+0000] {processor.py:826} INFO - Processing file /home/airflow/.local/lib/python3.7/site-packages/airflow/example_dags/example_short_circuit_decorator.py for tasks to queue
[2023-08-03T15:00:05.654+0000] {logging_mixin.py:150} INFO - [2023-08-03T15:00:05.654+0000] {dagbag.py:541} INFO - Filling up the DagBag from /home/airflow/.local/lib/python3.7/site-packages/airflow/example_dags/example_short_circuit_decorator.py
[2023-08-03T15:00:05.664+0000] {processor.py:836} INFO - DAG(s) dict_keys(['example_short_circuit_decorator']) retrieved from /home/airflow/.local/lib/python3.7/site-packages/airflow/example_dags/example_short_circuit_decorator.py
[2023-08-03T15:00:05.690+0000] {logging_mixin.py:150} INFO - [2023-08-03T15:00:05.690+0000] {dag.py:2742} INFO - Sync 1 DAGs
[2023-08-03T15:00:05.711+0000] {logging_mixin.py:150} INFO - [2023-08-03T15:00:05.711+0000] {dag.py:3508} INFO - Setting next_dagrun for example_short_circuit_decorator to 2023-08-02T15:00:05.711569+00:00, run_after=2023-08-03T15:00:05.711569+00:00
[2023-08-03T15:00:05.725+0000] {processor.py:179} INFO - Processing /home/airflow/.local/lib/python3.7/site-packages/airflow/example_dags/example_short_circuit_decorator.py took 0.082 seconds
[2023-08-03T16:41:36.454+0000] {processor.py:157} INFO - Started process (PID=3318) to work on /home/airflow/.local/lib/python3.7/site-packages/airflow/example_dags/example_short_circuit_decorator.py
[2023-08-03T16:41:36.456+0000] {processor.py:826} INFO - Processing file /home/airflow/.local/lib/python3.7/site-packages/airflow/example_dags/example_short_circuit_decorator.py for tasks to queue
[2023-08-03T16:41:36.457+0000] {logging_mixin.py:150} INFO - [2023-08-03T16:41:36.457+0000] {dagbag.py:541} INFO - Filling up the DagBag from /home/airflow/.local/lib/python3.7/site-packages/airflow/example_dags/example_short_circuit_decorator.py
[2023-08-03T16:41:36.465+0000] {processor.py:836} INFO - DAG(s) dict_keys(['example_short_circuit_decorator']) retrieved from /home/airflow/.local/lib/python3.7/site-packages/airflow/example_dags/example_short_circuit_decorator.py
[2023-08-03T16:41:36.488+0000] {logging_mixin.py:150} INFO - [2023-08-03T16:41:36.488+0000] {dag.py:2742} INFO - Sync 1 DAGs
[2023-08-03T16:41:36.506+0000] {logging_mixin.py:150} INFO - [2023-08-03T16:41:36.506+0000] {dag.py:3508} INFO - Setting next_dagrun for example_short_circuit_decorator to 2023-08-02T16:41:36.506064+00:00, run_after=2023-08-03T16:41:36.506064+00:00
[2023-08-03T16:41:36.520+0000] {processor.py:179} INFO - Processing /home/airflow/.local/lib/python3.7/site-packages/airflow/example_dags/example_short_circuit_decorator.py took 0.069 seconds
[2023-08-03T18:03:02.345+0000] {processor.py:157} INFO - Started process (PID=3374) to work on /home/airflow/.local/lib/python3.7/site-packages/airflow/example_dags/example_short_circuit_decorator.py
[2023-08-03T18:03:02.352+0000] {processor.py:826} INFO - Processing file /home/airflow/.local/lib/python3.7/site-packages/airflow/example_dags/example_short_circuit_decorator.py for tasks to queue
[2023-08-03T18:03:02.363+0000] {logging_mixin.py:150} INFO - [2023-08-03T18:03:02.362+0000] {dagbag.py:541} INFO - Filling up the DagBag from /home/airflow/.local/lib/python3.7/site-packages/airflow/example_dags/example_short_circuit_decorator.py
[2023-08-03T18:03:02.449+0000] {processor.py:836} INFO - DAG(s) dict_keys(['example_short_circuit_decorator']) retrieved from /home/airflow/.local/lib/python3.7/site-packages/airflow/example_dags/example_short_circuit_decorator.py
[2023-08-03T18:03:02.499+0000] {logging_mixin.py:150} INFO - [2023-08-03T18:03:02.498+0000] {dag.py:2742} INFO - Sync 1 DAGs
[2023-08-03T18:03:02.537+0000] {logging_mixin.py:150} INFO - [2023-08-03T18:03:02.537+0000] {dag.py:3508} INFO - Setting next_dagrun for example_short_circuit_decorator to 2023-08-02T18:03:02.537026+00:00, run_after=2023-08-03T18:03:02.537026+00:00
[2023-08-03T18:03:02.577+0000] {processor.py:179} INFO - Processing /home/airflow/.local/lib/python3.7/site-packages/airflow/example_dags/example_short_circuit_decorator.py took 0.235 seconds
[2023-08-03T19:44:23.734+0000] {processor.py:157} INFO - Started process (PID=3431) to work on /home/airflow/.local/lib/python3.7/site-packages/airflow/example_dags/example_short_circuit_decorator.py
[2023-08-03T19:44:23.735+0000] {processor.py:826} INFO - Processing file /home/airflow/.local/lib/python3.7/site-packages/airflow/example_dags/example_short_circuit_decorator.py for tasks to queue
[2023-08-03T19:44:23.737+0000] {logging_mixin.py:150} INFO - [2023-08-03T19:44:23.737+0000] {dagbag.py:541} INFO - Filling up the DagBag from /home/airflow/.local/lib/python3.7/site-packages/airflow/example_dags/example_short_circuit_decorator.py
[2023-08-03T19:44:23.752+0000] {processor.py:836} INFO - DAG(s) dict_keys(['example_short_circuit_decorator']) retrieved from /home/airflow/.local/lib/python3.7/site-packages/airflow/example_dags/example_short_circuit_decorator.py
[2023-08-03T19:44:23.788+0000] {logging_mixin.py:150} INFO - [2023-08-03T19:44:23.788+0000] {dag.py:2742} INFO - Sync 1 DAGs
[2023-08-03T19:44:23.810+0000] {logging_mixin.py:150} INFO - [2023-08-03T19:44:23.809+0000] {dag.py:3508} INFO - Setting next_dagrun for example_short_circuit_decorator to 2023-08-02T19:44:23.809428+00:00, run_after=2023-08-03T19:44:23.809428+00:00
[2023-08-03T19:44:23.829+0000] {processor.py:179} INFO - Processing /home/airflow/.local/lib/python3.7/site-packages/airflow/example_dags/example_short_circuit_decorator.py took 0.099 seconds
[2023-08-03T21:07:14.253+0000] {processor.py:157} INFO - Started process (PID=3488) to work on /home/airflow/.local/lib/python3.7/site-packages/airflow/example_dags/example_short_circuit_decorator.py
[2023-08-03T21:07:14.256+0000] {processor.py:826} INFO - Processing file /home/airflow/.local/lib/python3.7/site-packages/airflow/example_dags/example_short_circuit_decorator.py for tasks to queue
[2023-08-03T21:07:14.260+0000] {logging_mixin.py:150} INFO - [2023-08-03T21:07:14.260+0000] {dagbag.py:541} INFO - Filling up the DagBag from /home/airflow/.local/lib/python3.7/site-packages/airflow/example_dags/example_short_circuit_decorator.py
[2023-08-03T21:07:14.271+0000] {processor.py:836} INFO - DAG(s) dict_keys(['example_short_circuit_decorator']) retrieved from /home/airflow/.local/lib/python3.7/site-packages/airflow/example_dags/example_short_circuit_decorator.py
[2023-08-03T21:07:14.297+0000] {logging_mixin.py:150} INFO - [2023-08-03T21:07:14.297+0000] {dag.py:2742} INFO - Sync 1 DAGs
[2023-08-03T21:07:14.326+0000] {logging_mixin.py:150} INFO - [2023-08-03T21:07:14.326+0000] {dag.py:3508} INFO - Setting next_dagrun for example_short_circuit_decorator to 2023-08-02T21:07:14.326315+00:00, run_after=2023-08-03T21:07:14.326315+00:00
[2023-08-03T21:07:14.350+0000] {processor.py:179} INFO - Processing /home/airflow/.local/lib/python3.7/site-packages/airflow/example_dags/example_short_circuit_decorator.py took 0.102 seconds
[2023-08-03T22:46:11.717+0000] {processor.py:157} INFO - Started process (PID=3545) to work on /home/airflow/.local/lib/python3.7/site-packages/airflow/example_dags/example_short_circuit_decorator.py
[2023-08-03T22:46:11.721+0000] {processor.py:826} INFO - Processing file /home/airflow/.local/lib/python3.7/site-packages/airflow/example_dags/example_short_circuit_decorator.py for tasks to queue
[2023-08-03T22:46:11.723+0000] {logging_mixin.py:150} INFO - [2023-08-03T22:46:11.723+0000] {dagbag.py:541} INFO - Filling up the DagBag from /home/airflow/.local/lib/python3.7/site-packages/airflow/example_dags/example_short_circuit_decorator.py
[2023-08-03T22:46:11.736+0000] {processor.py:836} INFO - DAG(s) dict_keys(['example_short_circuit_decorator']) retrieved from /home/airflow/.local/lib/python3.7/site-packages/airflow/example_dags/example_short_circuit_decorator.py
[2023-08-03T22:46:11.776+0000] {logging_mixin.py:150} INFO - [2023-08-03T22:46:11.776+0000] {dag.py:2742} INFO - Sync 1 DAGs
[2023-08-03T22:46:11.845+0000] {logging_mixin.py:150} INFO - [2023-08-03T22:46:11.845+0000] {dag.py:3508} INFO - Setting next_dagrun for example_short_circuit_decorator to 2023-08-02T22:46:11.845299+00:00, run_after=2023-08-03T22:46:11.845299+00:00
[2023-08-03T22:46:11.860+0000] {processor.py:179} INFO - Processing /home/airflow/.local/lib/python3.7/site-packages/airflow/example_dags/example_short_circuit_decorator.py took 0.172 seconds
[2023-08-03T23:58:32.187+0000] {processor.py:157} INFO - Started process (PID=3601) to work on /home/airflow/.local/lib/python3.7/site-packages/airflow/example_dags/example_short_circuit_decorator.py
[2023-08-03T23:58:32.196+0000] {processor.py:826} INFO - Processing file /home/airflow/.local/lib/python3.7/site-packages/airflow/example_dags/example_short_circuit_decorator.py for tasks to queue
[2023-08-03T23:58:32.199+0000] {logging_mixin.py:150} INFO - [2023-08-03T23:58:32.198+0000] {dagbag.py:541} INFO - Filling up the DagBag from /home/airflow/.local/lib/python3.7/site-packages/airflow/example_dags/example_short_circuit_decorator.py
[2023-08-03T23:58:32.211+0000] {processor.py:836} INFO - DAG(s) dict_keys(['example_short_circuit_decorator']) retrieved from /home/airflow/.local/lib/python3.7/site-packages/airflow/example_dags/example_short_circuit_decorator.py
[2023-08-03T23:58:32.242+0000] {logging_mixin.py:150} INFO - [2023-08-03T23:58:32.242+0000] {dag.py:2742} INFO - Sync 1 DAGs
[2023-08-03T23:58:32.273+0000] {logging_mixin.py:150} INFO - [2023-08-03T23:58:32.273+0000] {dag.py:3508} INFO - Setting next_dagrun for example_short_circuit_decorator to 2023-08-02T23:58:32.273317+00:00, run_after=2023-08-03T23:58:32.273317+00:00
[2023-08-03T23:58:32.306+0000] {processor.py:179} INFO - Processing /home/airflow/.local/lib/python3.7/site-packages/airflow/example_dags/example_short_circuit_decorator.py took 0.123 seconds
[2023-08-03T23:59:03.223+0000] {processor.py:157} INFO - Started process (PID=3658) to work on /home/airflow/.local/lib/python3.7/site-packages/airflow/example_dags/example_short_circuit_decorator.py
[2023-08-03T23:59:03.225+0000] {processor.py:826} INFO - Processing file /home/airflow/.local/lib/python3.7/site-packages/airflow/example_dags/example_short_circuit_decorator.py for tasks to queue
[2023-08-03T23:59:03.226+0000] {logging_mixin.py:150} INFO - [2023-08-03T23:59:03.226+0000] {dagbag.py:541} INFO - Filling up the DagBag from /home/airflow/.local/lib/python3.7/site-packages/airflow/example_dags/example_short_circuit_decorator.py
[2023-08-03T23:59:03.233+0000] {processor.py:836} INFO - DAG(s) dict_keys(['example_short_circuit_decorator']) retrieved from /home/airflow/.local/lib/python3.7/site-packages/airflow/example_dags/example_short_circuit_decorator.py
[2023-08-03T23:59:03.256+0000] {logging_mixin.py:150} INFO - [2023-08-03T23:59:03.256+0000] {dag.py:2742} INFO - Sync 1 DAGs
[2023-08-03T23:59:03.272+0000] {logging_mixin.py:150} INFO - [2023-08-03T23:59:03.272+0000] {dag.py:3508} INFO - Setting next_dagrun for example_short_circuit_decorator to 2023-08-02T23:59:03.272050+00:00, run_after=2023-08-03T23:59:03.272050+00:00
[2023-08-03T23:59:03.284+0000] {processor.py:179} INFO - Processing /home/airflow/.local/lib/python3.7/site-packages/airflow/example_dags/example_short_circuit_decorator.py took 0.064 seconds
[2023-08-03T23:59:33.362+0000] {processor.py:157} INFO - Started process (PID=3716) to work on /home/airflow/.local/lib/python3.7/site-packages/airflow/example_dags/example_short_circuit_decorator.py
[2023-08-03T23:59:33.366+0000] {processor.py:826} INFO - Processing file /home/airflow/.local/lib/python3.7/site-packages/airflow/example_dags/example_short_circuit_decorator.py for tasks to queue
[2023-08-03T23:59:33.370+0000] {logging_mixin.py:150} INFO - [2023-08-03T23:59:33.370+0000] {dagbag.py:541} INFO - Filling up the DagBag from /home/airflow/.local/lib/python3.7/site-packages/airflow/example_dags/example_short_circuit_decorator.py
[2023-08-03T23:59:33.379+0000] {processor.py:836} INFO - DAG(s) dict_keys(['example_short_circuit_decorator']) retrieved from /home/airflow/.local/lib/python3.7/site-packages/airflow/example_dags/example_short_circuit_decorator.py
[2023-08-03T23:59:33.409+0000] {logging_mixin.py:150} INFO - [2023-08-03T23:59:33.408+0000] {dag.py:2742} INFO - Sync 1 DAGs
[2023-08-03T23:59:33.426+0000] {logging_mixin.py:150} INFO - [2023-08-03T23:59:33.426+0000] {dag.py:3508} INFO - Setting next_dagrun for example_short_circuit_decorator to 2023-08-02T23:59:33.426341+00:00, run_after=2023-08-03T23:59:33.426341+00:00
[2023-08-03T23:59:33.443+0000] {processor.py:179} INFO - Processing /home/airflow/.local/lib/python3.7/site-packages/airflow/example_dags/example_short_circuit_decorator.py took 0.085 seconds
