[2023-08-03T01:04:27.943+0000] {processor.py:157} INFO - Started process (PID=2726) to work on /home/airflow/.local/lib/python3.7/site-packages/airflow/example_dags/example_sensor_decorator.py
[2023-08-03T01:04:27.958+0000] {processor.py:826} INFO - Processing file /home/airflow/.local/lib/python3.7/site-packages/airflow/example_dags/example_sensor_decorator.py for tasks to queue
[2023-08-03T01:04:27.961+0000] {logging_mixin.py:150} INFO - [2023-08-03T01:04:27.961+0000] {dagbag.py:541} INFO - Filling up the DagBag from /home/airflow/.local/lib/python3.7/site-packages/airflow/example_dags/example_sensor_decorator.py
[2023-08-03T01:04:27.969+0000] {processor.py:836} INFO - DAG(s) dict_keys(['example_sensor_decorator']) retrieved from /home/airflow/.local/lib/python3.7/site-packages/airflow/example_dags/example_sensor_decorator.py
[2023-08-03T01:04:27.999+0000] {logging_mixin.py:150} INFO - [2023-08-03T01:04:27.999+0000] {dag.py:2742} INFO - Sync 1 DAGs
[2023-08-03T01:04:28.020+0000] {logging_mixin.py:150} INFO - [2023-08-03T01:04:28.020+0000] {dag.py:3508} INFO - Setting next_dagrun for example_sensor_decorator to None, run_after=None
[2023-08-03T01:04:28.045+0000] {processor.py:179} INFO - Processing /home/airflow/.local/lib/python3.7/site-packages/airflow/example_dags/example_sensor_decorator.py took 0.108 seconds
[2023-08-03T02:27:40.668+0000] {processor.py:157} INFO - Started process (PID=2783) to work on /home/airflow/.local/lib/python3.7/site-packages/airflow/example_dags/example_sensor_decorator.py
[2023-08-03T02:27:40.670+0000] {processor.py:826} INFO - Processing file /home/airflow/.local/lib/python3.7/site-packages/airflow/example_dags/example_sensor_decorator.py for tasks to queue
[2023-08-03T02:27:40.671+0000] {logging_mixin.py:150} INFO - [2023-08-03T02:27:40.671+0000] {dagbag.py:541} INFO - Filling up the DagBag from /home/airflow/.local/lib/python3.7/site-packages/airflow/example_dags/example_sensor_decorator.py
[2023-08-03T02:27:40.677+0000] {processor.py:836} INFO - DAG(s) dict_keys(['example_sensor_decorator']) retrieved from /home/airflow/.local/lib/python3.7/site-packages/airflow/example_dags/example_sensor_decorator.py
[2023-08-03T02:27:40.709+0000] {logging_mixin.py:150} INFO - [2023-08-03T02:27:40.709+0000] {dag.py:2742} INFO - Sync 1 DAGs
[2023-08-03T02:27:40.728+0000] {logging_mixin.py:150} INFO - [2023-08-03T02:27:40.727+0000] {dag.py:3508} INFO - Setting next_dagrun for example_sensor_decorator to None, run_after=None
[2023-08-03T02:27:40.741+0000] {processor.py:179} INFO - Processing /home/airflow/.local/lib/python3.7/site-packages/airflow/example_dags/example_sensor_decorator.py took 0.076 seconds
[2023-08-03T04:08:04.219+0000] {processor.py:157} INFO - Started process (PID=2840) to work on /home/airflow/.local/lib/python3.7/site-packages/airflow/example_dags/example_sensor_decorator.py
[2023-08-03T04:08:04.226+0000] {processor.py:826} INFO - Processing file /home/airflow/.local/lib/python3.7/site-packages/airflow/example_dags/example_sensor_decorator.py for tasks to queue
[2023-08-03T04:08:04.228+0000] {logging_mixin.py:150} INFO - [2023-08-03T04:08:04.228+0000] {dagbag.py:541} INFO - Filling up the DagBag from /home/airflow/.local/lib/python3.7/site-packages/airflow/example_dags/example_sensor_decorator.py
[2023-08-03T04:08:04.249+0000] {processor.py:836} INFO - DAG(s) dict_keys(['example_sensor_decorator']) retrieved from /home/airflow/.local/lib/python3.7/site-packages/airflow/example_dags/example_sensor_decorator.py
[2023-08-03T04:08:04.335+0000] {logging_mixin.py:150} INFO - [2023-08-03T04:08:04.335+0000] {dag.py:2742} INFO - Sync 1 DAGs
[2023-08-03T04:08:04.390+0000] {logging_mixin.py:150} INFO - [2023-08-03T04:08:04.389+0000] {dag.py:3508} INFO - Setting next_dagrun for example_sensor_decorator to None, run_after=None
[2023-08-03T04:08:04.444+0000] {processor.py:179} INFO - Processing /home/airflow/.local/lib/python3.7/site-packages/airflow/example_dags/example_sensor_decorator.py took 0.241 seconds
[2023-08-03T05:31:52.900+0000] {processor.py:157} INFO - Started process (PID=2897) to work on /home/airflow/.local/lib/python3.7/site-packages/airflow/example_dags/example_sensor_decorator.py
[2023-08-03T05:31:52.903+0000] {processor.py:826} INFO - Processing file /home/airflow/.local/lib/python3.7/site-packages/airflow/example_dags/example_sensor_decorator.py for tasks to queue
[2023-08-03T05:31:52.904+0000] {logging_mixin.py:150} INFO - [2023-08-03T05:31:52.904+0000] {dagbag.py:541} INFO - Filling up the DagBag from /home/airflow/.local/lib/python3.7/site-packages/airflow/example_dags/example_sensor_decorator.py
[2023-08-03T05:31:52.911+0000] {processor.py:836} INFO - DAG(s) dict_keys(['example_sensor_decorator']) retrieved from /home/airflow/.local/lib/python3.7/site-packages/airflow/example_dags/example_sensor_decorator.py
[2023-08-03T05:31:52.943+0000] {logging_mixin.py:150} INFO - [2023-08-03T05:31:52.943+0000] {dag.py:2742} INFO - Sync 1 DAGs
[2023-08-03T05:31:52.963+0000] {logging_mixin.py:150} INFO - [2023-08-03T05:31:52.963+0000] {dag.py:3508} INFO - Setting next_dagrun for example_sensor_decorator to None, run_after=None
[2023-08-03T05:31:52.977+0000] {processor.py:179} INFO - Processing /home/airflow/.local/lib/python3.7/site-packages/airflow/example_dags/example_sensor_decorator.py took 0.080 seconds
[2023-08-03T07:13:14.694+0000] {processor.py:157} INFO - Started process (PID=2954) to work on /home/airflow/.local/lib/python3.7/site-packages/airflow/example_dags/example_sensor_decorator.py
[2023-08-03T07:13:14.699+0000] {processor.py:826} INFO - Processing file /home/airflow/.local/lib/python3.7/site-packages/airflow/example_dags/example_sensor_decorator.py for tasks to queue
[2023-08-03T07:13:14.702+0000] {logging_mixin.py:150} INFO - [2023-08-03T07:13:14.701+0000] {dagbag.py:541} INFO - Filling up the DagBag from /home/airflow/.local/lib/python3.7/site-packages/airflow/example_dags/example_sensor_decorator.py
[2023-08-03T07:13:14.739+0000] {processor.py:836} INFO - DAG(s) dict_keys(['example_sensor_decorator']) retrieved from /home/airflow/.local/lib/python3.7/site-packages/airflow/example_dags/example_sensor_decorator.py
[2023-08-03T07:13:14.793+0000] {logging_mixin.py:150} INFO - [2023-08-03T07:13:14.793+0000] {dag.py:2742} INFO - Sync 1 DAGs
[2023-08-03T07:13:14.828+0000] {logging_mixin.py:150} INFO - [2023-08-03T07:13:14.828+0000] {dag.py:3508} INFO - Setting next_dagrun for example_sensor_decorator to None, run_after=None
[2023-08-03T07:13:14.844+0000] {processor.py:179} INFO - Processing /home/airflow/.local/lib/python3.7/site-packages/airflow/example_dags/example_sensor_decorator.py took 0.155 seconds
[2023-08-03T08:54:05.416+0000] {processor.py:157} INFO - Started process (PID=3011) to work on /home/airflow/.local/lib/python3.7/site-packages/airflow/example_dags/example_sensor_decorator.py
[2023-08-03T08:54:05.418+0000] {processor.py:826} INFO - Processing file /home/airflow/.local/lib/python3.7/site-packages/airflow/example_dags/example_sensor_decorator.py for tasks to queue
[2023-08-03T08:54:05.420+0000] {logging_mixin.py:150} INFO - [2023-08-03T08:54:05.419+0000] {dagbag.py:541} INFO - Filling up the DagBag from /home/airflow/.local/lib/python3.7/site-packages/airflow/example_dags/example_sensor_decorator.py
[2023-08-03T08:54:05.427+0000] {processor.py:836} INFO - DAG(s) dict_keys(['example_sensor_decorator']) retrieved from /home/airflow/.local/lib/python3.7/site-packages/airflow/example_dags/example_sensor_decorator.py
[2023-08-03T08:54:05.453+0000] {logging_mixin.py:150} INFO - [2023-08-03T08:54:05.453+0000] {dag.py:2742} INFO - Sync 1 DAGs
[2023-08-03T08:54:05.474+0000] {logging_mixin.py:150} INFO - [2023-08-03T08:54:05.474+0000] {dag.py:3508} INFO - Setting next_dagrun for example_sensor_decorator to None, run_after=None
[2023-08-03T08:54:05.487+0000] {processor.py:179} INFO - Processing /home/airflow/.local/lib/python3.7/site-packages/airflow/example_dags/example_sensor_decorator.py took 0.075 seconds
[2023-08-03T10:17:22.883+0000] {processor.py:157} INFO - Started process (PID=3068) to work on /home/airflow/.local/lib/python3.7/site-packages/airflow/example_dags/example_sensor_decorator.py
[2023-08-03T10:17:22.972+0000] {processor.py:826} INFO - Processing file /home/airflow/.local/lib/python3.7/site-packages/airflow/example_dags/example_sensor_decorator.py for tasks to queue
[2023-08-03T10:17:22.975+0000] {logging_mixin.py:150} INFO - [2023-08-03T10:17:22.975+0000] {dagbag.py:541} INFO - Filling up the DagBag from /home/airflow/.local/lib/python3.7/site-packages/airflow/example_dags/example_sensor_decorator.py
[2023-08-03T10:17:22.984+0000] {processor.py:836} INFO - DAG(s) dict_keys(['example_sensor_decorator']) retrieved from /home/airflow/.local/lib/python3.7/site-packages/airflow/example_dags/example_sensor_decorator.py
[2023-08-03T10:17:23.015+0000] {logging_mixin.py:150} INFO - [2023-08-03T10:17:23.015+0000] {dag.py:2742} INFO - Sync 1 DAGs
[2023-08-03T10:17:23.044+0000] {logging_mixin.py:150} INFO - [2023-08-03T10:17:23.044+0000] {dag.py:3508} INFO - Setting next_dagrun for example_sensor_decorator to None, run_after=None
[2023-08-03T10:17:23.061+0000] {processor.py:179} INFO - Processing /home/airflow/.local/lib/python3.7/site-packages/airflow/example_dags/example_sensor_decorator.py took 0.183 seconds
[2023-08-03T11:56:07.734+0000] {processor.py:157} INFO - Started process (PID=3126) to work on /home/airflow/.local/lib/python3.7/site-packages/airflow/example_dags/example_sensor_decorator.py
[2023-08-03T11:56:07.748+0000] {processor.py:826} INFO - Processing file /home/airflow/.local/lib/python3.7/site-packages/airflow/example_dags/example_sensor_decorator.py for tasks to queue
[2023-08-03T11:56:07.753+0000] {logging_mixin.py:150} INFO - [2023-08-03T11:56:07.753+0000] {dagbag.py:541} INFO - Filling up the DagBag from /home/airflow/.local/lib/python3.7/site-packages/airflow/example_dags/example_sensor_decorator.py
[2023-08-03T11:56:07.764+0000] {processor.py:836} INFO - DAG(s) dict_keys(['example_sensor_decorator']) retrieved from /home/airflow/.local/lib/python3.7/site-packages/airflow/example_dags/example_sensor_decorator.py
[2023-08-03T11:56:07.805+0000] {logging_mixin.py:150} INFO - [2023-08-03T11:56:07.805+0000] {dag.py:2742} INFO - Sync 1 DAGs
[2023-08-03T11:56:07.844+0000] {logging_mixin.py:150} INFO - [2023-08-03T11:56:07.844+0000] {dag.py:3508} INFO - Setting next_dagrun for example_sensor_decorator to None, run_after=None
[2023-08-03T11:56:07.895+0000] {processor.py:179} INFO - Processing /home/airflow/.local/lib/python3.7/site-packages/airflow/example_dags/example_sensor_decorator.py took 0.165 seconds
[2023-08-03T13:18:48.226+0000] {processor.py:157} INFO - Started process (PID=3183) to work on /home/airflow/.local/lib/python3.7/site-packages/airflow/example_dags/example_sensor_decorator.py
[2023-08-03T13:18:48.246+0000] {processor.py:826} INFO - Processing file /home/airflow/.local/lib/python3.7/site-packages/airflow/example_dags/example_sensor_decorator.py for tasks to queue
[2023-08-03T13:18:48.249+0000] {logging_mixin.py:150} INFO - [2023-08-03T13:18:48.248+0000] {dagbag.py:541} INFO - Filling up the DagBag from /home/airflow/.local/lib/python3.7/site-packages/airflow/example_dags/example_sensor_decorator.py
[2023-08-03T13:18:48.260+0000] {processor.py:836} INFO - DAG(s) dict_keys(['example_sensor_decorator']) retrieved from /home/airflow/.local/lib/python3.7/site-packages/airflow/example_dags/example_sensor_decorator.py
[2023-08-03T13:18:48.287+0000] {logging_mixin.py:150} INFO - [2023-08-03T13:18:48.287+0000] {dag.py:2742} INFO - Sync 1 DAGs
[2023-08-03T13:18:48.313+0000] {logging_mixin.py:150} INFO - [2023-08-03T13:18:48.312+0000] {dag.py:3508} INFO - Setting next_dagrun for example_sensor_decorator to None, run_after=None
[2023-08-03T13:18:48.333+0000] {processor.py:179} INFO - Processing /home/airflow/.local/lib/python3.7/site-packages/airflow/example_dags/example_sensor_decorator.py took 0.112 seconds
[2023-08-03T15:00:03.168+0000] {processor.py:157} INFO - Started process (PID=3239) to work on /home/airflow/.local/lib/python3.7/site-packages/airflow/example_dags/example_sensor_decorator.py
[2023-08-03T15:00:03.179+0000] {processor.py:826} INFO - Processing file /home/airflow/.local/lib/python3.7/site-packages/airflow/example_dags/example_sensor_decorator.py for tasks to queue
[2023-08-03T15:00:03.183+0000] {logging_mixin.py:150} INFO - [2023-08-03T15:00:03.183+0000] {dagbag.py:541} INFO - Filling up the DagBag from /home/airflow/.local/lib/python3.7/site-packages/airflow/example_dags/example_sensor_decorator.py
[2023-08-03T15:00:03.191+0000] {processor.py:836} INFO - DAG(s) dict_keys(['example_sensor_decorator']) retrieved from /home/airflow/.local/lib/python3.7/site-packages/airflow/example_dags/example_sensor_decorator.py
[2023-08-03T15:00:03.238+0000] {logging_mixin.py:150} INFO - [2023-08-03T15:00:03.237+0000] {dag.py:2742} INFO - Sync 1 DAGs
[2023-08-03T15:00:03.543+0000] {logging_mixin.py:150} INFO - [2023-08-03T15:00:03.542+0000] {dag.py:3508} INFO - Setting next_dagrun for example_sensor_decorator to None, run_after=None
[2023-08-03T15:00:03.571+0000] {processor.py:179} INFO - Processing /home/airflow/.local/lib/python3.7/site-packages/airflow/example_dags/example_sensor_decorator.py took 0.408 seconds
[2023-08-03T16:41:34.819+0000] {processor.py:157} INFO - Started process (PID=3296) to work on /home/airflow/.local/lib/python3.7/site-packages/airflow/example_dags/example_sensor_decorator.py
[2023-08-03T16:41:34.823+0000] {processor.py:826} INFO - Processing file /home/airflow/.local/lib/python3.7/site-packages/airflow/example_dags/example_sensor_decorator.py for tasks to queue
[2023-08-03T16:41:34.829+0000] {logging_mixin.py:150} INFO - [2023-08-03T16:41:34.828+0000] {dagbag.py:541} INFO - Filling up the DagBag from /home/airflow/.local/lib/python3.7/site-packages/airflow/example_dags/example_sensor_decorator.py
[2023-08-03T16:41:34.847+0000] {processor.py:836} INFO - DAG(s) dict_keys(['example_sensor_decorator']) retrieved from /home/airflow/.local/lib/python3.7/site-packages/airflow/example_dags/example_sensor_decorator.py
[2023-08-03T16:41:34.879+0000] {logging_mixin.py:150} INFO - [2023-08-03T16:41:34.879+0000] {dag.py:2742} INFO - Sync 1 DAGs
[2023-08-03T16:41:34.902+0000] {logging_mixin.py:150} INFO - [2023-08-03T16:41:34.902+0000] {dag.py:3508} INFO - Setting next_dagrun for example_sensor_decorator to None, run_after=None
[2023-08-03T16:41:34.917+0000] {processor.py:179} INFO - Processing /home/airflow/.local/lib/python3.7/site-packages/airflow/example_dags/example_sensor_decorator.py took 0.102 seconds
[2023-08-03T18:03:00.168+0000] {processor.py:157} INFO - Started process (PID=3352) to work on /home/airflow/.local/lib/python3.7/site-packages/airflow/example_dags/example_sensor_decorator.py
[2023-08-03T18:03:00.170+0000] {processor.py:826} INFO - Processing file /home/airflow/.local/lib/python3.7/site-packages/airflow/example_dags/example_sensor_decorator.py for tasks to queue
[2023-08-03T18:03:00.172+0000] {logging_mixin.py:150} INFO - [2023-08-03T18:03:00.171+0000] {dagbag.py:541} INFO - Filling up the DagBag from /home/airflow/.local/lib/python3.7/site-packages/airflow/example_dags/example_sensor_decorator.py
[2023-08-03T18:03:00.193+0000] {processor.py:836} INFO - DAG(s) dict_keys(['example_sensor_decorator']) retrieved from /home/airflow/.local/lib/python3.7/site-packages/airflow/example_dags/example_sensor_decorator.py
[2023-08-03T18:03:00.218+0000] {logging_mixin.py:150} INFO - [2023-08-03T18:03:00.218+0000] {dag.py:2742} INFO - Sync 1 DAGs
[2023-08-03T18:03:00.241+0000] {logging_mixin.py:150} INFO - [2023-08-03T18:03:00.241+0000] {dag.py:3508} INFO - Setting next_dagrun for example_sensor_decorator to None, run_after=None
[2023-08-03T18:03:00.254+0000] {processor.py:179} INFO - Processing /home/airflow/.local/lib/python3.7/site-packages/airflow/example_dags/example_sensor_decorator.py took 0.090 seconds
[2023-08-03T19:44:21.931+0000] {processor.py:157} INFO - Started process (PID=3409) to work on /home/airflow/.local/lib/python3.7/site-packages/airflow/example_dags/example_sensor_decorator.py
[2023-08-03T19:44:21.933+0000] {processor.py:826} INFO - Processing file /home/airflow/.local/lib/python3.7/site-packages/airflow/example_dags/example_sensor_decorator.py for tasks to queue
[2023-08-03T19:44:21.935+0000] {logging_mixin.py:150} INFO - [2023-08-03T19:44:21.934+0000] {dagbag.py:541} INFO - Filling up the DagBag from /home/airflow/.local/lib/python3.7/site-packages/airflow/example_dags/example_sensor_decorator.py
[2023-08-03T19:44:21.941+0000] {processor.py:836} INFO - DAG(s) dict_keys(['example_sensor_decorator']) retrieved from /home/airflow/.local/lib/python3.7/site-packages/airflow/example_dags/example_sensor_decorator.py
[2023-08-03T19:44:21.974+0000] {logging_mixin.py:150} INFO - [2023-08-03T19:44:21.974+0000] {dag.py:2742} INFO - Sync 1 DAGs
[2023-08-03T19:44:21.996+0000] {logging_mixin.py:150} INFO - [2023-08-03T19:44:21.996+0000] {dag.py:3508} INFO - Setting next_dagrun for example_sensor_decorator to None, run_after=None
[2023-08-03T19:44:22.010+0000] {processor.py:179} INFO - Processing /home/airflow/.local/lib/python3.7/site-packages/airflow/example_dags/example_sensor_decorator.py took 0.083 seconds
[2023-08-03T21:07:12.238+0000] {processor.py:157} INFO - Started process (PID=3466) to work on /home/airflow/.local/lib/python3.7/site-packages/airflow/example_dags/example_sensor_decorator.py
[2023-08-03T21:07:12.240+0000] {processor.py:826} INFO - Processing file /home/airflow/.local/lib/python3.7/site-packages/airflow/example_dags/example_sensor_decorator.py for tasks to queue
[2023-08-03T21:07:12.312+0000] {logging_mixin.py:150} INFO - [2023-08-03T21:07:12.312+0000] {dagbag.py:541} INFO - Filling up the DagBag from /home/airflow/.local/lib/python3.7/site-packages/airflow/example_dags/example_sensor_decorator.py
[2023-08-03T21:07:12.321+0000] {processor.py:836} INFO - DAG(s) dict_keys(['example_sensor_decorator']) retrieved from /home/airflow/.local/lib/python3.7/site-packages/airflow/example_dags/example_sensor_decorator.py
[2023-08-03T21:07:12.350+0000] {logging_mixin.py:150} INFO - [2023-08-03T21:07:12.350+0000] {dag.py:2742} INFO - Sync 1 DAGs
[2023-08-03T21:07:12.375+0000] {logging_mixin.py:150} INFO - [2023-08-03T21:07:12.375+0000] {dag.py:3508} INFO - Setting next_dagrun for example_sensor_decorator to None, run_after=None
[2023-08-03T21:07:12.395+0000] {processor.py:179} INFO - Processing /home/airflow/.local/lib/python3.7/site-packages/airflow/example_dags/example_sensor_decorator.py took 0.160 seconds
[2023-08-03T22:46:09.591+0000] {processor.py:157} INFO - Started process (PID=3523) to work on /home/airflow/.local/lib/python3.7/site-packages/airflow/example_dags/example_sensor_decorator.py
[2023-08-03T22:46:09.593+0000] {processor.py:826} INFO - Processing file /home/airflow/.local/lib/python3.7/site-packages/airflow/example_dags/example_sensor_decorator.py for tasks to queue
[2023-08-03T22:46:09.594+0000] {logging_mixin.py:150} INFO - [2023-08-03T22:46:09.594+0000] {dagbag.py:541} INFO - Filling up the DagBag from /home/airflow/.local/lib/python3.7/site-packages/airflow/example_dags/example_sensor_decorator.py
[2023-08-03T22:46:09.600+0000] {processor.py:836} INFO - DAG(s) dict_keys(['example_sensor_decorator']) retrieved from /home/airflow/.local/lib/python3.7/site-packages/airflow/example_dags/example_sensor_decorator.py
[2023-08-03T22:46:09.624+0000] {logging_mixin.py:150} INFO - [2023-08-03T22:46:09.624+0000] {dag.py:2742} INFO - Sync 1 DAGs
[2023-08-03T22:46:09.644+0000] {logging_mixin.py:150} INFO - [2023-08-03T22:46:09.644+0000] {dag.py:3508} INFO - Setting next_dagrun for example_sensor_decorator to None, run_after=None
[2023-08-03T22:46:09.659+0000] {processor.py:179} INFO - Processing /home/airflow/.local/lib/python3.7/site-packages/airflow/example_dags/example_sensor_decorator.py took 0.072 seconds
[2023-08-03T23:58:29.844+0000] {processor.py:157} INFO - Started process (PID=3579) to work on /home/airflow/.local/lib/python3.7/site-packages/airflow/example_dags/example_sensor_decorator.py
[2023-08-03T23:58:29.849+0000] {processor.py:826} INFO - Processing file /home/airflow/.local/lib/python3.7/site-packages/airflow/example_dags/example_sensor_decorator.py for tasks to queue
[2023-08-03T23:58:29.852+0000] {logging_mixin.py:150} INFO - [2023-08-03T23:58:29.851+0000] {dagbag.py:541} INFO - Filling up the DagBag from /home/airflow/.local/lib/python3.7/site-packages/airflow/example_dags/example_sensor_decorator.py
[2023-08-03T23:58:29.887+0000] {processor.py:836} INFO - DAG(s) dict_keys(['example_sensor_decorator']) retrieved from /home/airflow/.local/lib/python3.7/site-packages/airflow/example_dags/example_sensor_decorator.py
[2023-08-03T23:58:29.931+0000] {logging_mixin.py:150} INFO - [2023-08-03T23:58:29.931+0000] {dag.py:2742} INFO - Sync 1 DAGs
[2023-08-03T23:58:29.964+0000] {logging_mixin.py:150} INFO - [2023-08-03T23:58:29.963+0000] {dag.py:3508} INFO - Setting next_dagrun for example_sensor_decorator to None, run_after=None
[2023-08-03T23:58:29.989+0000] {processor.py:179} INFO - Processing /home/airflow/.local/lib/python3.7/site-packages/airflow/example_dags/example_sensor_decorator.py took 0.150 seconds
[2023-08-03T23:59:00.253+0000] {processor.py:157} INFO - Started process (PID=3635) to work on /home/airflow/.local/lib/python3.7/site-packages/airflow/example_dags/example_sensor_decorator.py
[2023-08-03T23:59:00.254+0000] {processor.py:826} INFO - Processing file /home/airflow/.local/lib/python3.7/site-packages/airflow/example_dags/example_sensor_decorator.py for tasks to queue
[2023-08-03T23:59:00.256+0000] {logging_mixin.py:150} INFO - [2023-08-03T23:59:00.255+0000] {dagbag.py:541} INFO - Filling up the DagBag from /home/airflow/.local/lib/python3.7/site-packages/airflow/example_dags/example_sensor_decorator.py
[2023-08-03T23:59:00.261+0000] {processor.py:836} INFO - DAG(s) dict_keys(['example_sensor_decorator']) retrieved from /home/airflow/.local/lib/python3.7/site-packages/airflow/example_dags/example_sensor_decorator.py
[2023-08-03T23:59:00.282+0000] {logging_mixin.py:150} INFO - [2023-08-03T23:59:00.282+0000] {dag.py:2742} INFO - Sync 1 DAGs
[2023-08-03T23:59:00.298+0000] {logging_mixin.py:150} INFO - [2023-08-03T23:59:00.298+0000] {dag.py:3508} INFO - Setting next_dagrun for example_sensor_decorator to None, run_after=None
[2023-08-03T23:59:00.310+0000] {processor.py:179} INFO - Processing /home/airflow/.local/lib/python3.7/site-packages/airflow/example_dags/example_sensor_decorator.py took 0.061 seconds
[2023-08-03T23:59:31.538+0000] {processor.py:157} INFO - Started process (PID=3694) to work on /home/airflow/.local/lib/python3.7/site-packages/airflow/example_dags/example_sensor_decorator.py
[2023-08-03T23:59:31.543+0000] {processor.py:826} INFO - Processing file /home/airflow/.local/lib/python3.7/site-packages/airflow/example_dags/example_sensor_decorator.py for tasks to queue
[2023-08-03T23:59:31.545+0000] {logging_mixin.py:150} INFO - [2023-08-03T23:59:31.544+0000] {dagbag.py:541} INFO - Filling up the DagBag from /home/airflow/.local/lib/python3.7/site-packages/airflow/example_dags/example_sensor_decorator.py
[2023-08-03T23:59:31.553+0000] {processor.py:836} INFO - DAG(s) dict_keys(['example_sensor_decorator']) retrieved from /home/airflow/.local/lib/python3.7/site-packages/airflow/example_dags/example_sensor_decorator.py
[2023-08-03T23:59:31.579+0000] {logging_mixin.py:150} INFO - [2023-08-03T23:59:31.579+0000] {dag.py:2742} INFO - Sync 1 DAGs
[2023-08-03T23:59:31.599+0000] {logging_mixin.py:150} INFO - [2023-08-03T23:59:31.598+0000] {dag.py:3508} INFO - Setting next_dagrun for example_sensor_decorator to None, run_after=None
[2023-08-03T23:59:31.619+0000] {processor.py:179} INFO - Processing /home/airflow/.local/lib/python3.7/site-packages/airflow/example_dags/example_sensor_decorator.py took 0.085 seconds
