[2023-08-03T01:04:29.839+0000] {processor.py:157} INFO - Started process (PID=2749) to work on /home/airflow/.local/lib/python3.7/site-packages/airflow/example_dags/example_nested_branch_dag.py
[2023-08-03T01:04:29.841+0000] {processor.py:826} INFO - Processing file /home/airflow/.local/lib/python3.7/site-packages/airflow/example_dags/example_nested_branch_dag.py for tasks to queue
[2023-08-03T01:04:29.842+0000] {logging_mixin.py:150} INFO - [2023-08-03T01:04:29.842+0000] {dagbag.py:541} INFO - Filling up the DagBag from /home/airflow/.local/lib/python3.7/site-packages/airflow/example_dags/example_nested_branch_dag.py
[2023-08-03T01:04:29.851+0000] {processor.py:836} INFO - DAG(s) dict_keys(['example_nested_branch_dag']) retrieved from /home/airflow/.local/lib/python3.7/site-packages/airflow/example_dags/example_nested_branch_dag.py
[2023-08-03T01:04:29.875+0000] {logging_mixin.py:150} INFO - [2023-08-03T01:04:29.874+0000] {dag.py:2742} INFO - Sync 1 DAGs
[2023-08-03T01:04:29.902+0000] {logging_mixin.py:150} INFO - [2023-08-03T01:04:29.902+0000] {dag.py:3508} INFO - Setting next_dagrun for example_nested_branch_dag to 2023-08-02T00:00:00+00:00, run_after=2023-08-03T00:00:00+00:00
[2023-08-03T01:04:29.916+0000] {processor.py:179} INFO - Processing /home/airflow/.local/lib/python3.7/site-packages/airflow/example_dags/example_nested_branch_dag.py took 0.080 seconds
[2023-08-03T02:27:42.398+0000] {processor.py:157} INFO - Started process (PID=2806) to work on /home/airflow/.local/lib/python3.7/site-packages/airflow/example_dags/example_nested_branch_dag.py
[2023-08-03T02:27:42.402+0000] {processor.py:826} INFO - Processing file /home/airflow/.local/lib/python3.7/site-packages/airflow/example_dags/example_nested_branch_dag.py for tasks to queue
[2023-08-03T02:27:42.404+0000] {logging_mixin.py:150} INFO - [2023-08-03T02:27:42.403+0000] {dagbag.py:541} INFO - Filling up the DagBag from /home/airflow/.local/lib/python3.7/site-packages/airflow/example_dags/example_nested_branch_dag.py
[2023-08-03T02:27:42.413+0000] {processor.py:836} INFO - DAG(s) dict_keys(['example_nested_branch_dag']) retrieved from /home/airflow/.local/lib/python3.7/site-packages/airflow/example_dags/example_nested_branch_dag.py
[2023-08-03T02:27:42.437+0000] {logging_mixin.py:150} INFO - [2023-08-03T02:27:42.437+0000] {dag.py:2742} INFO - Sync 1 DAGs
[2023-08-03T02:27:42.461+0000] {logging_mixin.py:150} INFO - [2023-08-03T02:27:42.460+0000] {dag.py:3508} INFO - Setting next_dagrun for example_nested_branch_dag to 2023-08-02T00:00:00+00:00, run_after=2023-08-03T00:00:00+00:00
[2023-08-03T02:27:42.476+0000] {processor.py:179} INFO - Processing /home/airflow/.local/lib/python3.7/site-packages/airflow/example_dags/example_nested_branch_dag.py took 0.081 seconds
[2023-08-03T04:08:06.161+0000] {processor.py:157} INFO - Started process (PID=2863) to work on /home/airflow/.local/lib/python3.7/site-packages/airflow/example_dags/example_nested_branch_dag.py
[2023-08-03T04:08:06.163+0000] {processor.py:826} INFO - Processing file /home/airflow/.local/lib/python3.7/site-packages/airflow/example_dags/example_nested_branch_dag.py for tasks to queue
[2023-08-03T04:08:06.165+0000] {logging_mixin.py:150} INFO - [2023-08-03T04:08:06.164+0000] {dagbag.py:541} INFO - Filling up the DagBag from /home/airflow/.local/lib/python3.7/site-packages/airflow/example_dags/example_nested_branch_dag.py
[2023-08-03T04:08:06.172+0000] {processor.py:836} INFO - DAG(s) dict_keys(['example_nested_branch_dag']) retrieved from /home/airflow/.local/lib/python3.7/site-packages/airflow/example_dags/example_nested_branch_dag.py
[2023-08-03T04:08:06.196+0000] {logging_mixin.py:150} INFO - [2023-08-03T04:08:06.196+0000] {dag.py:2742} INFO - Sync 1 DAGs
[2023-08-03T04:08:06.217+0000] {logging_mixin.py:150} INFO - [2023-08-03T04:08:06.217+0000] {dag.py:3508} INFO - Setting next_dagrun for example_nested_branch_dag to 2023-08-02T00:00:00+00:00, run_after=2023-08-03T00:00:00+00:00
[2023-08-03T04:08:06.230+0000] {processor.py:179} INFO - Processing /home/airflow/.local/lib/python3.7/site-packages/airflow/example_dags/example_nested_branch_dag.py took 0.072 seconds
[2023-08-03T05:31:54.669+0000] {processor.py:157} INFO - Started process (PID=2920) to work on /home/airflow/.local/lib/python3.7/site-packages/airflow/example_dags/example_nested_branch_dag.py
[2023-08-03T05:31:54.671+0000] {processor.py:826} INFO - Processing file /home/airflow/.local/lib/python3.7/site-packages/airflow/example_dags/example_nested_branch_dag.py for tasks to queue
[2023-08-03T05:31:54.672+0000] {logging_mixin.py:150} INFO - [2023-08-03T05:31:54.672+0000] {dagbag.py:541} INFO - Filling up the DagBag from /home/airflow/.local/lib/python3.7/site-packages/airflow/example_dags/example_nested_branch_dag.py
[2023-08-03T05:31:54.683+0000] {processor.py:836} INFO - DAG(s) dict_keys(['example_nested_branch_dag']) retrieved from /home/airflow/.local/lib/python3.7/site-packages/airflow/example_dags/example_nested_branch_dag.py
[2023-08-03T05:31:54.706+0000] {logging_mixin.py:150} INFO - [2023-08-03T05:31:54.705+0000] {dag.py:2742} INFO - Sync 1 DAGs
[2023-08-03T05:31:54.725+0000] {logging_mixin.py:150} INFO - [2023-08-03T05:31:54.725+0000] {dag.py:3508} INFO - Setting next_dagrun for example_nested_branch_dag to 2023-08-02T00:00:00+00:00, run_after=2023-08-03T00:00:00+00:00
[2023-08-03T05:31:54.738+0000] {processor.py:179} INFO - Processing /home/airflow/.local/lib/python3.7/site-packages/airflow/example_dags/example_nested_branch_dag.py took 0.073 seconds
[2023-08-03T07:13:17.808+0000] {processor.py:157} INFO - Started process (PID=2977) to work on /home/airflow/.local/lib/python3.7/site-packages/airflow/example_dags/example_nested_branch_dag.py
[2023-08-03T07:13:17.810+0000] {processor.py:826} INFO - Processing file /home/airflow/.local/lib/python3.7/site-packages/airflow/example_dags/example_nested_branch_dag.py for tasks to queue
[2023-08-03T07:13:17.812+0000] {logging_mixin.py:150} INFO - [2023-08-03T07:13:17.811+0000] {dagbag.py:541} INFO - Filling up the DagBag from /home/airflow/.local/lib/python3.7/site-packages/airflow/example_dags/example_nested_branch_dag.py
[2023-08-03T07:13:17.820+0000] {processor.py:836} INFO - DAG(s) dict_keys(['example_nested_branch_dag']) retrieved from /home/airflow/.local/lib/python3.7/site-packages/airflow/example_dags/example_nested_branch_dag.py
[2023-08-03T07:13:17.845+0000] {logging_mixin.py:150} INFO - [2023-08-03T07:13:17.845+0000] {dag.py:2742} INFO - Sync 1 DAGs
[2023-08-03T07:13:17.865+0000] {logging_mixin.py:150} INFO - [2023-08-03T07:13:17.865+0000] {dag.py:3508} INFO - Setting next_dagrun for example_nested_branch_dag to 2023-08-02T00:00:00+00:00, run_after=2023-08-03T00:00:00+00:00
[2023-08-03T07:13:17.879+0000] {processor.py:179} INFO - Processing /home/airflow/.local/lib/python3.7/site-packages/airflow/example_dags/example_nested_branch_dag.py took 0.074 seconds
[2023-08-03T08:54:07.108+0000] {processor.py:157} INFO - Started process (PID=3034) to work on /home/airflow/.local/lib/python3.7/site-packages/airflow/example_dags/example_nested_branch_dag.py
[2023-08-03T08:54:07.110+0000] {processor.py:826} INFO - Processing file /home/airflow/.local/lib/python3.7/site-packages/airflow/example_dags/example_nested_branch_dag.py for tasks to queue
[2023-08-03T08:54:07.111+0000] {logging_mixin.py:150} INFO - [2023-08-03T08:54:07.111+0000] {dagbag.py:541} INFO - Filling up the DagBag from /home/airflow/.local/lib/python3.7/site-packages/airflow/example_dags/example_nested_branch_dag.py
[2023-08-03T08:54:07.121+0000] {processor.py:836} INFO - DAG(s) dict_keys(['example_nested_branch_dag']) retrieved from /home/airflow/.local/lib/python3.7/site-packages/airflow/example_dags/example_nested_branch_dag.py
[2023-08-03T08:54:07.150+0000] {logging_mixin.py:150} INFO - [2023-08-03T08:54:07.150+0000] {dag.py:2742} INFO - Sync 1 DAGs
[2023-08-03T08:54:07.173+0000] {logging_mixin.py:150} INFO - [2023-08-03T08:54:07.172+0000] {dag.py:3508} INFO - Setting next_dagrun for example_nested_branch_dag to 2023-08-02T00:00:00+00:00, run_after=2023-08-03T00:00:00+00:00
[2023-08-03T08:54:07.190+0000] {processor.py:179} INFO - Processing /home/airflow/.local/lib/python3.7/site-packages/airflow/example_dags/example_nested_branch_dag.py took 0.086 seconds
[2023-08-03T10:17:24.965+0000] {processor.py:157} INFO - Started process (PID=3091) to work on /home/airflow/.local/lib/python3.7/site-packages/airflow/example_dags/example_nested_branch_dag.py
[2023-08-03T10:17:25.021+0000] {processor.py:826} INFO - Processing file /home/airflow/.local/lib/python3.7/site-packages/airflow/example_dags/example_nested_branch_dag.py for tasks to queue
[2023-08-03T10:17:25.022+0000] {logging_mixin.py:150} INFO - [2023-08-03T10:17:25.022+0000] {dagbag.py:541} INFO - Filling up the DagBag from /home/airflow/.local/lib/python3.7/site-packages/airflow/example_dags/example_nested_branch_dag.py
[2023-08-03T10:17:25.031+0000] {processor.py:836} INFO - DAG(s) dict_keys(['example_nested_branch_dag']) retrieved from /home/airflow/.local/lib/python3.7/site-packages/airflow/example_dags/example_nested_branch_dag.py
[2023-08-03T10:17:25.054+0000] {logging_mixin.py:150} INFO - [2023-08-03T10:17:25.054+0000] {dag.py:2742} INFO - Sync 1 DAGs
[2023-08-03T10:17:25.075+0000] {logging_mixin.py:150} INFO - [2023-08-03T10:17:25.075+0000] {dag.py:3508} INFO - Setting next_dagrun for example_nested_branch_dag to 2023-08-02T00:00:00+00:00, run_after=2023-08-03T00:00:00+00:00
[2023-08-03T10:17:25.089+0000] {processor.py:179} INFO - Processing /home/airflow/.local/lib/python3.7/site-packages/airflow/example_dags/example_nested_branch_dag.py took 0.128 seconds
[2023-08-03T11:56:10.481+0000] {processor.py:157} INFO - Started process (PID=3149) to work on /home/airflow/.local/lib/python3.7/site-packages/airflow/example_dags/example_nested_branch_dag.py
[2023-08-03T11:56:10.485+0000] {processor.py:826} INFO - Processing file /home/airflow/.local/lib/python3.7/site-packages/airflow/example_dags/example_nested_branch_dag.py for tasks to queue
[2023-08-03T11:56:10.489+0000] {logging_mixin.py:150} INFO - [2023-08-03T11:56:10.489+0000] {dagbag.py:541} INFO - Filling up the DagBag from /home/airflow/.local/lib/python3.7/site-packages/airflow/example_dags/example_nested_branch_dag.py
[2023-08-03T11:56:10.503+0000] {processor.py:836} INFO - DAG(s) dict_keys(['example_nested_branch_dag']) retrieved from /home/airflow/.local/lib/python3.7/site-packages/airflow/example_dags/example_nested_branch_dag.py
[2023-08-03T11:56:10.537+0000] {logging_mixin.py:150} INFO - [2023-08-03T11:56:10.536+0000] {dag.py:2742} INFO - Sync 1 DAGs
[2023-08-03T11:56:10.557+0000] {logging_mixin.py:150} INFO - [2023-08-03T11:56:10.557+0000] {dag.py:3508} INFO - Setting next_dagrun for example_nested_branch_dag to 2023-08-02T00:00:00+00:00, run_after=2023-08-03T00:00:00+00:00
[2023-08-03T11:56:10.571+0000] {processor.py:179} INFO - Processing /home/airflow/.local/lib/python3.7/site-packages/airflow/example_dags/example_nested_branch_dag.py took 0.096 seconds
[2023-08-03T13:18:50.094+0000] {processor.py:157} INFO - Started process (PID=3206) to work on /home/airflow/.local/lib/python3.7/site-packages/airflow/example_dags/example_nested_branch_dag.py
[2023-08-03T13:18:50.096+0000] {processor.py:826} INFO - Processing file /home/airflow/.local/lib/python3.7/site-packages/airflow/example_dags/example_nested_branch_dag.py for tasks to queue
[2023-08-03T13:18:50.097+0000] {logging_mixin.py:150} INFO - [2023-08-03T13:18:50.097+0000] {dagbag.py:541} INFO - Filling up the DagBag from /home/airflow/.local/lib/python3.7/site-packages/airflow/example_dags/example_nested_branch_dag.py
[2023-08-03T13:18:50.105+0000] {processor.py:836} INFO - DAG(s) dict_keys(['example_nested_branch_dag']) retrieved from /home/airflow/.local/lib/python3.7/site-packages/airflow/example_dags/example_nested_branch_dag.py
[2023-08-03T13:18:50.129+0000] {logging_mixin.py:150} INFO - [2023-08-03T13:18:50.129+0000] {dag.py:2742} INFO - Sync 1 DAGs
[2023-08-03T13:18:50.149+0000] {logging_mixin.py:150} INFO - [2023-08-03T13:18:50.149+0000] {dag.py:3508} INFO - Setting next_dagrun for example_nested_branch_dag to 2023-08-02T00:00:00+00:00, run_after=2023-08-03T00:00:00+00:00
[2023-08-03T13:18:50.161+0000] {processor.py:179} INFO - Processing /home/airflow/.local/lib/python3.7/site-packages/airflow/example_dags/example_nested_branch_dag.py took 0.070 seconds
[2023-08-03T15:00:05.706+0000] {processor.py:157} INFO - Started process (PID=3262) to work on /home/airflow/.local/lib/python3.7/site-packages/airflow/example_dags/example_nested_branch_dag.py
[2023-08-03T15:00:05.708+0000] {processor.py:826} INFO - Processing file /home/airflow/.local/lib/python3.7/site-packages/airflow/example_dags/example_nested_branch_dag.py for tasks to queue
[2023-08-03T15:00:05.710+0000] {logging_mixin.py:150} INFO - [2023-08-03T15:00:05.710+0000] {dagbag.py:541} INFO - Filling up the DagBag from /home/airflow/.local/lib/python3.7/site-packages/airflow/example_dags/example_nested_branch_dag.py
[2023-08-03T15:00:05.719+0000] {processor.py:836} INFO - DAG(s) dict_keys(['example_nested_branch_dag']) retrieved from /home/airflow/.local/lib/python3.7/site-packages/airflow/example_dags/example_nested_branch_dag.py
[2023-08-03T15:00:05.744+0000] {logging_mixin.py:150} INFO - [2023-08-03T15:00:05.743+0000] {dag.py:2742} INFO - Sync 1 DAGs
[2023-08-03T15:00:05.765+0000] {logging_mixin.py:150} INFO - [2023-08-03T15:00:05.765+0000] {dag.py:3508} INFO - Setting next_dagrun for example_nested_branch_dag to 2023-08-02T00:00:00+00:00, run_after=2023-08-03T00:00:00+00:00
[2023-08-03T15:00:05.780+0000] {processor.py:179} INFO - Processing /home/airflow/.local/lib/python3.7/site-packages/airflow/example_dags/example_nested_branch_dag.py took 0.077 seconds
[2023-08-03T16:41:36.597+0000] {processor.py:157} INFO - Started process (PID=3319) to work on /home/airflow/.local/lib/python3.7/site-packages/airflow/example_dags/example_nested_branch_dag.py
[2023-08-03T16:41:36.599+0000] {processor.py:826} INFO - Processing file /home/airflow/.local/lib/python3.7/site-packages/airflow/example_dags/example_nested_branch_dag.py for tasks to queue
[2023-08-03T16:41:36.600+0000] {logging_mixin.py:150} INFO - [2023-08-03T16:41:36.600+0000] {dagbag.py:541} INFO - Filling up the DagBag from /home/airflow/.local/lib/python3.7/site-packages/airflow/example_dags/example_nested_branch_dag.py
[2023-08-03T16:41:36.608+0000] {processor.py:836} INFO - DAG(s) dict_keys(['example_nested_branch_dag']) retrieved from /home/airflow/.local/lib/python3.7/site-packages/airflow/example_dags/example_nested_branch_dag.py
[2023-08-03T16:41:36.629+0000] {logging_mixin.py:150} INFO - [2023-08-03T16:41:36.629+0000] {dag.py:2742} INFO - Sync 1 DAGs
[2023-08-03T16:41:36.659+0000] {logging_mixin.py:150} INFO - [2023-08-03T16:41:36.659+0000] {dag.py:3508} INFO - Setting next_dagrun for example_nested_branch_dag to 2023-08-02T00:00:00+00:00, run_after=2023-08-03T00:00:00+00:00
[2023-08-03T16:41:36.672+0000] {processor.py:179} INFO - Processing /home/airflow/.local/lib/python3.7/site-packages/airflow/example_dags/example_nested_branch_dag.py took 0.078 seconds
[2023-08-03T18:03:02.537+0000] {processor.py:157} INFO - Started process (PID=3375) to work on /home/airflow/.local/lib/python3.7/site-packages/airflow/example_dags/example_nested_branch_dag.py
[2023-08-03T18:03:02.539+0000] {processor.py:826} INFO - Processing file /home/airflow/.local/lib/python3.7/site-packages/airflow/example_dags/example_nested_branch_dag.py for tasks to queue
[2023-08-03T18:03:02.541+0000] {logging_mixin.py:150} INFO - [2023-08-03T18:03:02.541+0000] {dagbag.py:541} INFO - Filling up the DagBag from /home/airflow/.local/lib/python3.7/site-packages/airflow/example_dags/example_nested_branch_dag.py
[2023-08-03T18:03:02.563+0000] {processor.py:836} INFO - DAG(s) dict_keys(['example_nested_branch_dag']) retrieved from /home/airflow/.local/lib/python3.7/site-packages/airflow/example_dags/example_nested_branch_dag.py
[2023-08-03T18:03:02.634+0000] {logging_mixin.py:150} INFO - [2023-08-03T18:03:02.633+0000] {dag.py:2742} INFO - Sync 1 DAGs
[2023-08-03T18:03:02.696+0000] {logging_mixin.py:150} INFO - [2023-08-03T18:03:02.696+0000] {dag.py:3508} INFO - Setting next_dagrun for example_nested_branch_dag to 2023-08-02T00:00:00+00:00, run_after=2023-08-03T00:00:00+00:00
[2023-08-03T18:03:02.717+0000] {processor.py:179} INFO - Processing /home/airflow/.local/lib/python3.7/site-packages/airflow/example_dags/example_nested_branch_dag.py took 0.186 seconds
[2023-08-03T19:44:23.801+0000] {processor.py:157} INFO - Started process (PID=3432) to work on /home/airflow/.local/lib/python3.7/site-packages/airflow/example_dags/example_nested_branch_dag.py
[2023-08-03T19:44:23.803+0000] {processor.py:826} INFO - Processing file /home/airflow/.local/lib/python3.7/site-packages/airflow/example_dags/example_nested_branch_dag.py for tasks to queue
[2023-08-03T19:44:23.805+0000] {logging_mixin.py:150} INFO - [2023-08-03T19:44:23.804+0000] {dagbag.py:541} INFO - Filling up the DagBag from /home/airflow/.local/lib/python3.7/site-packages/airflow/example_dags/example_nested_branch_dag.py
[2023-08-03T19:44:23.817+0000] {processor.py:836} INFO - DAG(s) dict_keys(['example_nested_branch_dag']) retrieved from /home/airflow/.local/lib/python3.7/site-packages/airflow/example_dags/example_nested_branch_dag.py
[2023-08-03T19:44:23.853+0000] {logging_mixin.py:150} INFO - [2023-08-03T19:44:23.853+0000] {dag.py:2742} INFO - Sync 1 DAGs
[2023-08-03T19:44:23.887+0000] {logging_mixin.py:150} INFO - [2023-08-03T19:44:23.887+0000] {dag.py:3508} INFO - Setting next_dagrun for example_nested_branch_dag to 2023-08-02T00:00:00+00:00, run_after=2023-08-03T00:00:00+00:00
[2023-08-03T19:44:23.905+0000] {processor.py:179} INFO - Processing /home/airflow/.local/lib/python3.7/site-packages/airflow/example_dags/example_nested_branch_dag.py took 0.108 seconds
[2023-08-03T21:07:14.363+0000] {processor.py:157} INFO - Started process (PID=3489) to work on /home/airflow/.local/lib/python3.7/site-packages/airflow/example_dags/example_nested_branch_dag.py
[2023-08-03T21:07:14.367+0000] {processor.py:826} INFO - Processing file /home/airflow/.local/lib/python3.7/site-packages/airflow/example_dags/example_nested_branch_dag.py for tasks to queue
[2023-08-03T21:07:14.370+0000] {logging_mixin.py:150} INFO - [2023-08-03T21:07:14.370+0000] {dagbag.py:541} INFO - Filling up the DagBag from /home/airflow/.local/lib/python3.7/site-packages/airflow/example_dags/example_nested_branch_dag.py
[2023-08-03T21:07:14.383+0000] {processor.py:836} INFO - DAG(s) dict_keys(['example_nested_branch_dag']) retrieved from /home/airflow/.local/lib/python3.7/site-packages/airflow/example_dags/example_nested_branch_dag.py
[2023-08-03T21:07:14.408+0000] {logging_mixin.py:150} INFO - [2023-08-03T21:07:14.408+0000] {dag.py:2742} INFO - Sync 1 DAGs
[2023-08-03T21:07:14.429+0000] {logging_mixin.py:150} INFO - [2023-08-03T21:07:14.428+0000] {dag.py:3508} INFO - Setting next_dagrun for example_nested_branch_dag to 2023-08-02T00:00:00+00:00, run_after=2023-08-03T00:00:00+00:00
[2023-08-03T21:07:14.446+0000] {processor.py:179} INFO - Processing /home/airflow/.local/lib/python3.7/site-packages/airflow/example_dags/example_nested_branch_dag.py took 0.086 seconds
[2023-08-03T22:46:11.836+0000] {processor.py:157} INFO - Started process (PID=3546) to work on /home/airflow/.local/lib/python3.7/site-packages/airflow/example_dags/example_nested_branch_dag.py
[2023-08-03T22:46:11.837+0000] {processor.py:826} INFO - Processing file /home/airflow/.local/lib/python3.7/site-packages/airflow/example_dags/example_nested_branch_dag.py for tasks to queue
[2023-08-03T22:46:11.839+0000] {logging_mixin.py:150} INFO - [2023-08-03T22:46:11.838+0000] {dagbag.py:541} INFO - Filling up the DagBag from /home/airflow/.local/lib/python3.7/site-packages/airflow/example_dags/example_nested_branch_dag.py
[2023-08-03T22:46:11.848+0000] {processor.py:836} INFO - DAG(s) dict_keys(['example_nested_branch_dag']) retrieved from /home/airflow/.local/lib/python3.7/site-packages/airflow/example_dags/example_nested_branch_dag.py
[2023-08-03T22:46:11.874+0000] {logging_mixin.py:150} INFO - [2023-08-03T22:46:11.874+0000] {dag.py:2742} INFO - Sync 1 DAGs
[2023-08-03T22:46:11.898+0000] {logging_mixin.py:150} INFO - [2023-08-03T22:46:11.898+0000] {dag.py:3508} INFO - Setting next_dagrun for example_nested_branch_dag to 2023-08-02T00:00:00+00:00, run_after=2023-08-03T00:00:00+00:00
[2023-08-03T22:46:11.920+0000] {processor.py:179} INFO - Processing /home/airflow/.local/lib/python3.7/site-packages/airflow/example_dags/example_nested_branch_dag.py took 0.088 seconds
[2023-08-03T23:58:32.273+0000] {processor.py:157} INFO - Started process (PID=3602) to work on /home/airflow/.local/lib/python3.7/site-packages/airflow/example_dags/example_nested_branch_dag.py
[2023-08-03T23:58:32.277+0000] {processor.py:826} INFO - Processing file /home/airflow/.local/lib/python3.7/site-packages/airflow/example_dags/example_nested_branch_dag.py for tasks to queue
[2023-08-03T23:58:32.282+0000] {logging_mixin.py:150} INFO - [2023-08-03T23:58:32.282+0000] {dagbag.py:541} INFO - Filling up the DagBag from /home/airflow/.local/lib/python3.7/site-packages/airflow/example_dags/example_nested_branch_dag.py
[2023-08-03T23:58:32.306+0000] {processor.py:836} INFO - DAG(s) dict_keys(['example_nested_branch_dag']) retrieved from /home/airflow/.local/lib/python3.7/site-packages/airflow/example_dags/example_nested_branch_dag.py
[2023-08-03T23:58:32.342+0000] {logging_mixin.py:150} INFO - [2023-08-03T23:58:32.342+0000] {dag.py:2742} INFO - Sync 1 DAGs
[2023-08-03T23:58:32.368+0000] {logging_mixin.py:150} INFO - [2023-08-03T23:58:32.368+0000] {dag.py:3508} INFO - Setting next_dagrun for example_nested_branch_dag to 2023-08-02T00:00:00+00:00, run_after=2023-08-03T00:00:00+00:00
[2023-08-03T23:58:32.387+0000] {processor.py:179} INFO - Processing /home/airflow/.local/lib/python3.7/site-packages/airflow/example_dags/example_nested_branch_dag.py took 0.118 seconds
[2023-08-03T23:59:03.325+0000] {processor.py:157} INFO - Started process (PID=3659) to work on /home/airflow/.local/lib/python3.7/site-packages/airflow/example_dags/example_nested_branch_dag.py
[2023-08-03T23:59:03.327+0000] {processor.py:826} INFO - Processing file /home/airflow/.local/lib/python3.7/site-packages/airflow/example_dags/example_nested_branch_dag.py for tasks to queue
[2023-08-03T23:59:03.328+0000] {logging_mixin.py:150} INFO - [2023-08-03T23:59:03.328+0000] {dagbag.py:541} INFO - Filling up the DagBag from /home/airflow/.local/lib/python3.7/site-packages/airflow/example_dags/example_nested_branch_dag.py
[2023-08-03T23:59:03.344+0000] {processor.py:836} INFO - DAG(s) dict_keys(['example_nested_branch_dag']) retrieved from /home/airflow/.local/lib/python3.7/site-packages/airflow/example_dags/example_nested_branch_dag.py
[2023-08-03T23:59:03.365+0000] {logging_mixin.py:150} INFO - [2023-08-03T23:59:03.365+0000] {dag.py:2742} INFO - Sync 1 DAGs
[2023-08-03T23:59:03.383+0000] {logging_mixin.py:150} INFO - [2023-08-03T23:59:03.383+0000] {dag.py:3508} INFO - Setting next_dagrun for example_nested_branch_dag to 2023-08-02T00:00:00+00:00, run_after=2023-08-03T00:00:00+00:00
[2023-08-03T23:59:03.396+0000] {processor.py:179} INFO - Processing /home/airflow/.local/lib/python3.7/site-packages/airflow/example_dags/example_nested_branch_dag.py took 0.074 seconds
[2023-08-03T23:59:33.477+0000] {processor.py:157} INFO - Started process (PID=3717) to work on /home/airflow/.local/lib/python3.7/site-packages/airflow/example_dags/example_nested_branch_dag.py
[2023-08-03T23:59:33.479+0000] {processor.py:826} INFO - Processing file /home/airflow/.local/lib/python3.7/site-packages/airflow/example_dags/example_nested_branch_dag.py for tasks to queue
[2023-08-03T23:59:33.480+0000] {logging_mixin.py:150} INFO - [2023-08-03T23:59:33.480+0000] {dagbag.py:541} INFO - Filling up the DagBag from /home/airflow/.local/lib/python3.7/site-packages/airflow/example_dags/example_nested_branch_dag.py
[2023-08-03T23:59:33.489+0000] {processor.py:836} INFO - DAG(s) dict_keys(['example_nested_branch_dag']) retrieved from /home/airflow/.local/lib/python3.7/site-packages/airflow/example_dags/example_nested_branch_dag.py
[2023-08-03T23:59:33.514+0000] {logging_mixin.py:150} INFO - [2023-08-03T23:59:33.514+0000] {dag.py:2742} INFO - Sync 1 DAGs
[2023-08-03T23:59:33.595+0000] {logging_mixin.py:150} INFO - [2023-08-03T23:59:33.595+0000] {dag.py:3508} INFO - Setting next_dagrun for example_nested_branch_dag to 2023-08-02T00:00:00+00:00, run_after=2023-08-03T00:00:00+00:00
[2023-08-03T23:59:33.613+0000] {processor.py:179} INFO - Processing /home/airflow/.local/lib/python3.7/site-packages/airflow/example_dags/example_nested_branch_dag.py took 0.139 seconds
