[2023-08-03T01:04:30.236+0000] {processor.py:157} INFO - Started process (PID=2755) to work on /home/airflow/.local/lib/python3.7/site-packages/airflow/example_dags/example_branch_day_of_week_operator.py
[2023-08-03T01:04:30.238+0000] {processor.py:826} INFO - Processing file /home/airflow/.local/lib/python3.7/site-packages/airflow/example_dags/example_branch_day_of_week_operator.py for tasks to queue
[2023-08-03T01:04:30.239+0000] {logging_mixin.py:150} INFO - [2023-08-03T01:04:30.239+0000] {dagbag.py:541} INFO - Filling up the DagBag from /home/airflow/.local/lib/python3.7/site-packages/airflow/example_dags/example_branch_day_of_week_operator.py
[2023-08-03T01:04:30.246+0000] {processor.py:836} INFO - DAG(s) dict_keys(['example_weekday_branch_operator']) retrieved from /home/airflow/.local/lib/python3.7/site-packages/airflow/example_dags/example_branch_day_of_week_operator.py
[2023-08-03T01:04:30.274+0000] {logging_mixin.py:150} INFO - [2023-08-03T01:04:30.273+0000] {dag.py:2742} INFO - Sync 1 DAGs
[2023-08-03T01:04:31.220+0000] {logging_mixin.py:150} INFO - [2023-08-03T01:04:31.220+0000] {dag.py:3508} INFO - Setting next_dagrun for example_weekday_branch_operator to 2023-08-02T00:00:00+00:00, run_after=2023-08-03T00:00:00+00:00
[2023-08-03T01:04:31.256+0000] {processor.py:179} INFO - Processing /home/airflow/.local/lib/python3.7/site-packages/airflow/example_dags/example_branch_day_of_week_operator.py took 1.023 seconds
[2023-08-03T02:27:42.806+0000] {processor.py:157} INFO - Started process (PID=2812) to work on /home/airflow/.local/lib/python3.7/site-packages/airflow/example_dags/example_branch_day_of_week_operator.py
[2023-08-03T02:27:42.808+0000] {processor.py:826} INFO - Processing file /home/airflow/.local/lib/python3.7/site-packages/airflow/example_dags/example_branch_day_of_week_operator.py for tasks to queue
[2023-08-03T02:27:42.818+0000] {logging_mixin.py:150} INFO - [2023-08-03T02:27:42.817+0000] {dagbag.py:541} INFO - Filling up the DagBag from /home/airflow/.local/lib/python3.7/site-packages/airflow/example_dags/example_branch_day_of_week_operator.py
[2023-08-03T02:27:42.825+0000] {processor.py:836} INFO - DAG(s) dict_keys(['example_weekday_branch_operator']) retrieved from /home/airflow/.local/lib/python3.7/site-packages/airflow/example_dags/example_branch_day_of_week_operator.py
[2023-08-03T02:27:42.849+0000] {logging_mixin.py:150} INFO - [2023-08-03T02:27:42.849+0000] {dag.py:2742} INFO - Sync 1 DAGs
[2023-08-03T02:27:42.868+0000] {logging_mixin.py:150} INFO - [2023-08-03T02:27:42.868+0000] {dag.py:3508} INFO - Setting next_dagrun for example_weekday_branch_operator to 2023-08-02T00:00:00+00:00, run_after=2023-08-03T00:00:00+00:00
[2023-08-03T02:27:42.883+0000] {processor.py:179} INFO - Processing /home/airflow/.local/lib/python3.7/site-packages/airflow/example_dags/example_branch_day_of_week_operator.py took 0.080 seconds
[2023-08-03T04:08:06.579+0000] {processor.py:157} INFO - Started process (PID=2869) to work on /home/airflow/.local/lib/python3.7/site-packages/airflow/example_dags/example_branch_day_of_week_operator.py
[2023-08-03T04:08:06.581+0000] {processor.py:826} INFO - Processing file /home/airflow/.local/lib/python3.7/site-packages/airflow/example_dags/example_branch_day_of_week_operator.py for tasks to queue
[2023-08-03T04:08:06.582+0000] {logging_mixin.py:150} INFO - [2023-08-03T04:08:06.582+0000] {dagbag.py:541} INFO - Filling up the DagBag from /home/airflow/.local/lib/python3.7/site-packages/airflow/example_dags/example_branch_day_of_week_operator.py
[2023-08-03T04:08:06.591+0000] {processor.py:836} INFO - DAG(s) dict_keys(['example_weekday_branch_operator']) retrieved from /home/airflow/.local/lib/python3.7/site-packages/airflow/example_dags/example_branch_day_of_week_operator.py
[2023-08-03T04:08:06.615+0000] {logging_mixin.py:150} INFO - [2023-08-03T04:08:06.615+0000] {dag.py:2742} INFO - Sync 1 DAGs
[2023-08-03T04:08:06.636+0000] {logging_mixin.py:150} INFO - [2023-08-03T04:08:06.636+0000] {dag.py:3508} INFO - Setting next_dagrun for example_weekday_branch_operator to 2023-08-02T00:00:00+00:00, run_after=2023-08-03T00:00:00+00:00
[2023-08-03T04:08:06.650+0000] {processor.py:179} INFO - Processing /home/airflow/.local/lib/python3.7/site-packages/airflow/example_dags/example_branch_day_of_week_operator.py took 0.075 seconds
[2023-08-03T05:31:55.050+0000] {processor.py:157} INFO - Started process (PID=2926) to work on /home/airflow/.local/lib/python3.7/site-packages/airflow/example_dags/example_branch_day_of_week_operator.py
[2023-08-03T05:31:55.051+0000] {processor.py:826} INFO - Processing file /home/airflow/.local/lib/python3.7/site-packages/airflow/example_dags/example_branch_day_of_week_operator.py for tasks to queue
[2023-08-03T05:31:55.053+0000] {logging_mixin.py:150} INFO - [2023-08-03T05:31:55.053+0000] {dagbag.py:541} INFO - Filling up the DagBag from /home/airflow/.local/lib/python3.7/site-packages/airflow/example_dags/example_branch_day_of_week_operator.py
[2023-08-03T05:31:55.060+0000] {processor.py:836} INFO - DAG(s) dict_keys(['example_weekday_branch_operator']) retrieved from /home/airflow/.local/lib/python3.7/site-packages/airflow/example_dags/example_branch_day_of_week_operator.py
[2023-08-03T05:31:55.087+0000] {logging_mixin.py:150} INFO - [2023-08-03T05:31:55.087+0000] {dag.py:2742} INFO - Sync 1 DAGs
[2023-08-03T05:31:55.108+0000] {logging_mixin.py:150} INFO - [2023-08-03T05:31:55.107+0000] {dag.py:3508} INFO - Setting next_dagrun for example_weekday_branch_operator to 2023-08-02T00:00:00+00:00, run_after=2023-08-03T00:00:00+00:00
[2023-08-03T05:31:55.122+0000] {processor.py:179} INFO - Processing /home/airflow/.local/lib/python3.7/site-packages/airflow/example_dags/example_branch_day_of_week_operator.py took 0.075 seconds
[2023-08-03T07:13:18.248+0000] {processor.py:157} INFO - Started process (PID=2983) to work on /home/airflow/.local/lib/python3.7/site-packages/airflow/example_dags/example_branch_day_of_week_operator.py
[2023-08-03T07:13:18.250+0000] {processor.py:826} INFO - Processing file /home/airflow/.local/lib/python3.7/site-packages/airflow/example_dags/example_branch_day_of_week_operator.py for tasks to queue
[2023-08-03T07:13:18.252+0000] {logging_mixin.py:150} INFO - [2023-08-03T07:13:18.251+0000] {dagbag.py:541} INFO - Filling up the DagBag from /home/airflow/.local/lib/python3.7/site-packages/airflow/example_dags/example_branch_day_of_week_operator.py
[2023-08-03T07:13:18.259+0000] {processor.py:836} INFO - DAG(s) dict_keys(['example_weekday_branch_operator']) retrieved from /home/airflow/.local/lib/python3.7/site-packages/airflow/example_dags/example_branch_day_of_week_operator.py
[2023-08-03T07:13:18.281+0000] {logging_mixin.py:150} INFO - [2023-08-03T07:13:18.280+0000] {dag.py:2742} INFO - Sync 1 DAGs
[2023-08-03T07:13:18.300+0000] {logging_mixin.py:150} INFO - [2023-08-03T07:13:18.300+0000] {dag.py:3508} INFO - Setting next_dagrun for example_weekday_branch_operator to 2023-08-02T00:00:00+00:00, run_after=2023-08-03T00:00:00+00:00
[2023-08-03T07:13:18.334+0000] {processor.py:179} INFO - Processing /home/airflow/.local/lib/python3.7/site-packages/airflow/example_dags/example_branch_day_of_week_operator.py took 0.090 seconds
[2023-08-03T08:54:07.542+0000] {processor.py:157} INFO - Started process (PID=3040) to work on /home/airflow/.local/lib/python3.7/site-packages/airflow/example_dags/example_branch_day_of_week_operator.py
[2023-08-03T08:54:07.544+0000] {processor.py:826} INFO - Processing file /home/airflow/.local/lib/python3.7/site-packages/airflow/example_dags/example_branch_day_of_week_operator.py for tasks to queue
[2023-08-03T08:54:07.560+0000] {logging_mixin.py:150} INFO - [2023-08-03T08:54:07.559+0000] {dagbag.py:541} INFO - Filling up the DagBag from /home/airflow/.local/lib/python3.7/site-packages/airflow/example_dags/example_branch_day_of_week_operator.py
[2023-08-03T08:54:07.572+0000] {processor.py:836} INFO - DAG(s) dict_keys(['example_weekday_branch_operator']) retrieved from /home/airflow/.local/lib/python3.7/site-packages/airflow/example_dags/example_branch_day_of_week_operator.py
[2023-08-03T08:54:07.606+0000] {logging_mixin.py:150} INFO - [2023-08-03T08:54:07.606+0000] {dag.py:2742} INFO - Sync 1 DAGs
[2023-08-03T08:54:07.641+0000] {logging_mixin.py:150} INFO - [2023-08-03T08:54:07.641+0000] {dag.py:3508} INFO - Setting next_dagrun for example_weekday_branch_operator to 2023-08-02T00:00:00+00:00, run_after=2023-08-03T00:00:00+00:00
[2023-08-03T08:54:07.668+0000] {processor.py:179} INFO - Processing /home/airflow/.local/lib/python3.7/site-packages/airflow/example_dags/example_branch_day_of_week_operator.py took 0.130 seconds
[2023-08-03T10:17:25.394+0000] {processor.py:157} INFO - Started process (PID=3097) to work on /home/airflow/.local/lib/python3.7/site-packages/airflow/example_dags/example_branch_day_of_week_operator.py
[2023-08-03T10:17:25.397+0000] {processor.py:826} INFO - Processing file /home/airflow/.local/lib/python3.7/site-packages/airflow/example_dags/example_branch_day_of_week_operator.py for tasks to queue
[2023-08-03T10:17:25.399+0000] {logging_mixin.py:150} INFO - [2023-08-03T10:17:25.398+0000] {dagbag.py:541} INFO - Filling up the DagBag from /home/airflow/.local/lib/python3.7/site-packages/airflow/example_dags/example_branch_day_of_week_operator.py
[2023-08-03T10:17:25.407+0000] {processor.py:836} INFO - DAG(s) dict_keys(['example_weekday_branch_operator']) retrieved from /home/airflow/.local/lib/python3.7/site-packages/airflow/example_dags/example_branch_day_of_week_operator.py
[2023-08-03T10:17:25.433+0000] {logging_mixin.py:150} INFO - [2023-08-03T10:17:25.433+0000] {dag.py:2742} INFO - Sync 1 DAGs
[2023-08-03T10:17:25.453+0000] {logging_mixin.py:150} INFO - [2023-08-03T10:17:25.453+0000] {dag.py:3508} INFO - Setting next_dagrun for example_weekday_branch_operator to 2023-08-02T00:00:00+00:00, run_after=2023-08-03T00:00:00+00:00
[2023-08-03T10:17:25.524+0000] {processor.py:179} INFO - Processing /home/airflow/.local/lib/python3.7/site-packages/airflow/example_dags/example_branch_day_of_week_operator.py took 0.133 seconds
[2023-08-03T11:56:10.943+0000] {processor.py:157} INFO - Started process (PID=3155) to work on /home/airflow/.local/lib/python3.7/site-packages/airflow/example_dags/example_branch_day_of_week_operator.py
[2023-08-03T11:56:10.945+0000] {processor.py:826} INFO - Processing file /home/airflow/.local/lib/python3.7/site-packages/airflow/example_dags/example_branch_day_of_week_operator.py for tasks to queue
[2023-08-03T11:56:10.947+0000] {logging_mixin.py:150} INFO - [2023-08-03T11:56:10.947+0000] {dagbag.py:541} INFO - Filling up the DagBag from /home/airflow/.local/lib/python3.7/site-packages/airflow/example_dags/example_branch_day_of_week_operator.py
[2023-08-03T11:56:10.953+0000] {processor.py:836} INFO - DAG(s) dict_keys(['example_weekday_branch_operator']) retrieved from /home/airflow/.local/lib/python3.7/site-packages/airflow/example_dags/example_branch_day_of_week_operator.py
[2023-08-03T11:56:10.978+0000] {logging_mixin.py:150} INFO - [2023-08-03T11:56:10.978+0000] {dag.py:2742} INFO - Sync 1 DAGs
[2023-08-03T11:56:11.002+0000] {logging_mixin.py:150} INFO - [2023-08-03T11:56:11.002+0000] {dag.py:3508} INFO - Setting next_dagrun for example_weekday_branch_operator to 2023-08-02T00:00:00+00:00, run_after=2023-08-03T00:00:00+00:00
[2023-08-03T11:56:11.016+0000] {processor.py:179} INFO - Processing /home/airflow/.local/lib/python3.7/site-packages/airflow/example_dags/example_branch_day_of_week_operator.py took 0.076 seconds
[2023-08-03T13:18:50.585+0000] {processor.py:157} INFO - Started process (PID=3212) to work on /home/airflow/.local/lib/python3.7/site-packages/airflow/example_dags/example_branch_day_of_week_operator.py
[2023-08-03T13:18:50.587+0000] {processor.py:826} INFO - Processing file /home/airflow/.local/lib/python3.7/site-packages/airflow/example_dags/example_branch_day_of_week_operator.py for tasks to queue
[2023-08-03T13:18:50.589+0000] {logging_mixin.py:150} INFO - [2023-08-03T13:18:50.588+0000] {dagbag.py:541} INFO - Filling up the DagBag from /home/airflow/.local/lib/python3.7/site-packages/airflow/example_dags/example_branch_day_of_week_operator.py
[2023-08-03T13:18:50.595+0000] {processor.py:836} INFO - DAG(s) dict_keys(['example_weekday_branch_operator']) retrieved from /home/airflow/.local/lib/python3.7/site-packages/airflow/example_dags/example_branch_day_of_week_operator.py
[2023-08-03T13:18:50.617+0000] {logging_mixin.py:150} INFO - [2023-08-03T13:18:50.617+0000] {dag.py:2742} INFO - Sync 1 DAGs
[2023-08-03T13:18:50.634+0000] {logging_mixin.py:150} INFO - [2023-08-03T13:18:50.634+0000] {dag.py:3508} INFO - Setting next_dagrun for example_weekday_branch_operator to 2023-08-02T00:00:00+00:00, run_after=2023-08-03T00:00:00+00:00
[2023-08-03T13:18:50.646+0000] {processor.py:179} INFO - Processing /home/airflow/.local/lib/python3.7/site-packages/airflow/example_dags/example_branch_day_of_week_operator.py took 0.064 seconds
[2023-08-03T15:00:06.197+0000] {processor.py:157} INFO - Started process (PID=3268) to work on /home/airflow/.local/lib/python3.7/site-packages/airflow/example_dags/example_branch_day_of_week_operator.py
[2023-08-03T15:00:06.199+0000] {processor.py:826} INFO - Processing file /home/airflow/.local/lib/python3.7/site-packages/airflow/example_dags/example_branch_day_of_week_operator.py for tasks to queue
[2023-08-03T15:00:06.201+0000] {logging_mixin.py:150} INFO - [2023-08-03T15:00:06.200+0000] {dagbag.py:541} INFO - Filling up the DagBag from /home/airflow/.local/lib/python3.7/site-packages/airflow/example_dags/example_branch_day_of_week_operator.py
[2023-08-03T15:00:06.219+0000] {processor.py:836} INFO - DAG(s) dict_keys(['example_weekday_branch_operator']) retrieved from /home/airflow/.local/lib/python3.7/site-packages/airflow/example_dags/example_branch_day_of_week_operator.py
[2023-08-03T15:00:06.261+0000] {logging_mixin.py:150} INFO - [2023-08-03T15:00:06.261+0000] {dag.py:2742} INFO - Sync 1 DAGs
[2023-08-03T15:00:06.292+0000] {logging_mixin.py:150} INFO - [2023-08-03T15:00:06.292+0000] {dag.py:3508} INFO - Setting next_dagrun for example_weekday_branch_operator to 2023-08-02T00:00:00+00:00, run_after=2023-08-03T00:00:00+00:00
[2023-08-03T15:00:06.312+0000] {processor.py:179} INFO - Processing /home/airflow/.local/lib/python3.7/site-packages/airflow/example_dags/example_branch_day_of_week_operator.py took 0.119 seconds
[2023-08-03T16:41:37.057+0000] {processor.py:157} INFO - Started process (PID=3325) to work on /home/airflow/.local/lib/python3.7/site-packages/airflow/example_dags/example_branch_day_of_week_operator.py
[2023-08-03T16:41:37.059+0000] {processor.py:826} INFO - Processing file /home/airflow/.local/lib/python3.7/site-packages/airflow/example_dags/example_branch_day_of_week_operator.py for tasks to queue
[2023-08-03T16:41:37.062+0000] {logging_mixin.py:150} INFO - [2023-08-03T16:41:37.061+0000] {dagbag.py:541} INFO - Filling up the DagBag from /home/airflow/.local/lib/python3.7/site-packages/airflow/example_dags/example_branch_day_of_week_operator.py
[2023-08-03T16:41:37.069+0000] {processor.py:836} INFO - DAG(s) dict_keys(['example_weekday_branch_operator']) retrieved from /home/airflow/.local/lib/python3.7/site-packages/airflow/example_dags/example_branch_day_of_week_operator.py
[2023-08-03T16:41:37.147+0000] {logging_mixin.py:150} INFO - [2023-08-03T16:41:37.147+0000] {dag.py:2742} INFO - Sync 1 DAGs
[2023-08-03T16:41:37.170+0000] {logging_mixin.py:150} INFO - [2023-08-03T16:41:37.170+0000] {dag.py:3508} INFO - Setting next_dagrun for example_weekday_branch_operator to 2023-08-02T00:00:00+00:00, run_after=2023-08-03T00:00:00+00:00
[2023-08-03T16:41:37.185+0000] {processor.py:179} INFO - Processing /home/airflow/.local/lib/python3.7/site-packages/airflow/example_dags/example_branch_day_of_week_operator.py took 0.130 seconds
[2023-08-03T18:03:03.025+0000] {processor.py:157} INFO - Started process (PID=3381) to work on /home/airflow/.local/lib/python3.7/site-packages/airflow/example_dags/example_branch_day_of_week_operator.py
[2023-08-03T18:03:03.027+0000] {processor.py:826} INFO - Processing file /home/airflow/.local/lib/python3.7/site-packages/airflow/example_dags/example_branch_day_of_week_operator.py for tasks to queue
[2023-08-03T18:03:03.028+0000] {logging_mixin.py:150} INFO - [2023-08-03T18:03:03.028+0000] {dagbag.py:541} INFO - Filling up the DagBag from /home/airflow/.local/lib/python3.7/site-packages/airflow/example_dags/example_branch_day_of_week_operator.py
[2023-08-03T18:03:03.094+0000] {processor.py:836} INFO - DAG(s) dict_keys(['example_weekday_branch_operator']) retrieved from /home/airflow/.local/lib/python3.7/site-packages/airflow/example_dags/example_branch_day_of_week_operator.py
[2023-08-03T18:03:03.119+0000] {logging_mixin.py:150} INFO - [2023-08-03T18:03:03.119+0000] {dag.py:2742} INFO - Sync 1 DAGs
[2023-08-03T18:03:03.139+0000] {logging_mixin.py:150} INFO - [2023-08-03T18:03:03.139+0000] {dag.py:3508} INFO - Setting next_dagrun for example_weekday_branch_operator to 2023-08-02T00:00:00+00:00, run_after=2023-08-03T00:00:00+00:00
[2023-08-03T18:03:03.183+0000] {processor.py:179} INFO - Processing /home/airflow/.local/lib/python3.7/site-packages/airflow/example_dags/example_branch_day_of_week_operator.py took 0.161 seconds
[2023-08-03T19:44:24.279+0000] {processor.py:157} INFO - Started process (PID=3438) to work on /home/airflow/.local/lib/python3.7/site-packages/airflow/example_dags/example_branch_day_of_week_operator.py
[2023-08-03T19:44:24.281+0000] {processor.py:826} INFO - Processing file /home/airflow/.local/lib/python3.7/site-packages/airflow/example_dags/example_branch_day_of_week_operator.py for tasks to queue
[2023-08-03T19:44:24.282+0000] {logging_mixin.py:150} INFO - [2023-08-03T19:44:24.282+0000] {dagbag.py:541} INFO - Filling up the DagBag from /home/airflow/.local/lib/python3.7/site-packages/airflow/example_dags/example_branch_day_of_week_operator.py
[2023-08-03T19:44:24.289+0000] {processor.py:836} INFO - DAG(s) dict_keys(['example_weekday_branch_operator']) retrieved from /home/airflow/.local/lib/python3.7/site-packages/airflow/example_dags/example_branch_day_of_week_operator.py
[2023-08-03T19:44:24.316+0000] {logging_mixin.py:150} INFO - [2023-08-03T19:44:24.316+0000] {dag.py:2742} INFO - Sync 1 DAGs
[2023-08-03T19:44:24.337+0000] {logging_mixin.py:150} INFO - [2023-08-03T19:44:24.337+0000] {dag.py:3508} INFO - Setting next_dagrun for example_weekday_branch_operator to 2023-08-02T00:00:00+00:00, run_after=2023-08-03T00:00:00+00:00
[2023-08-03T19:44:24.359+0000] {processor.py:179} INFO - Processing /home/airflow/.local/lib/python3.7/site-packages/airflow/example_dags/example_branch_day_of_week_operator.py took 0.083 seconds
[2023-08-03T21:07:14.764+0000] {processor.py:157} INFO - Started process (PID=3495) to work on /home/airflow/.local/lib/python3.7/site-packages/airflow/example_dags/example_branch_day_of_week_operator.py
[2023-08-03T21:07:14.766+0000] {processor.py:826} INFO - Processing file /home/airflow/.local/lib/python3.7/site-packages/airflow/example_dags/example_branch_day_of_week_operator.py for tasks to queue
[2023-08-03T21:07:14.769+0000] {logging_mixin.py:150} INFO - [2023-08-03T21:07:14.769+0000] {dagbag.py:541} INFO - Filling up the DagBag from /home/airflow/.local/lib/python3.7/site-packages/airflow/example_dags/example_branch_day_of_week_operator.py
[2023-08-03T21:07:14.776+0000] {processor.py:836} INFO - DAG(s) dict_keys(['example_weekday_branch_operator']) retrieved from /home/airflow/.local/lib/python3.7/site-packages/airflow/example_dags/example_branch_day_of_week_operator.py
[2023-08-03T21:07:14.802+0000] {logging_mixin.py:150} INFO - [2023-08-03T21:07:14.802+0000] {dag.py:2742} INFO - Sync 1 DAGs
[2023-08-03T21:07:14.824+0000] {logging_mixin.py:150} INFO - [2023-08-03T21:07:14.824+0000] {dag.py:3508} INFO - Setting next_dagrun for example_weekday_branch_operator to 2023-08-02T00:00:00+00:00, run_after=2023-08-03T00:00:00+00:00
[2023-08-03T21:07:14.842+0000] {processor.py:179} INFO - Processing /home/airflow/.local/lib/python3.7/site-packages/airflow/example_dags/example_branch_day_of_week_operator.py took 0.081 seconds
[2023-08-03T22:46:12.304+0000] {processor.py:157} INFO - Started process (PID=3552) to work on /home/airflow/.local/lib/python3.7/site-packages/airflow/example_dags/example_branch_day_of_week_operator.py
[2023-08-03T22:46:12.306+0000] {processor.py:826} INFO - Processing file /home/airflow/.local/lib/python3.7/site-packages/airflow/example_dags/example_branch_day_of_week_operator.py for tasks to queue
[2023-08-03T22:46:12.308+0000] {logging_mixin.py:150} INFO - [2023-08-03T22:46:12.308+0000] {dagbag.py:541} INFO - Filling up the DagBag from /home/airflow/.local/lib/python3.7/site-packages/airflow/example_dags/example_branch_day_of_week_operator.py
[2023-08-03T22:46:12.315+0000] {processor.py:836} INFO - DAG(s) dict_keys(['example_weekday_branch_operator']) retrieved from /home/airflow/.local/lib/python3.7/site-packages/airflow/example_dags/example_branch_day_of_week_operator.py
[2023-08-03T22:46:12.338+0000] {logging_mixin.py:150} INFO - [2023-08-03T22:46:12.338+0000] {dag.py:2742} INFO - Sync 1 DAGs
[2023-08-03T22:46:12.356+0000] {logging_mixin.py:150} INFO - [2023-08-03T22:46:12.356+0000] {dag.py:3508} INFO - Setting next_dagrun for example_weekday_branch_operator to 2023-08-02T00:00:00+00:00, run_after=2023-08-03T00:00:00+00:00
[2023-08-03T22:46:12.369+0000] {processor.py:179} INFO - Processing /home/airflow/.local/lib/python3.7/site-packages/airflow/example_dags/example_branch_day_of_week_operator.py took 0.068 seconds
[2023-08-03T23:58:32.816+0000] {processor.py:157} INFO - Started process (PID=3608) to work on /home/airflow/.local/lib/python3.7/site-packages/airflow/example_dags/example_branch_day_of_week_operator.py
[2023-08-03T23:58:32.819+0000] {processor.py:826} INFO - Processing file /home/airflow/.local/lib/python3.7/site-packages/airflow/example_dags/example_branch_day_of_week_operator.py for tasks to queue
[2023-08-03T23:58:32.821+0000] {logging_mixin.py:150} INFO - [2023-08-03T23:58:32.821+0000] {dagbag.py:541} INFO - Filling up the DagBag from /home/airflow/.local/lib/python3.7/site-packages/airflow/example_dags/example_branch_day_of_week_operator.py
[2023-08-03T23:58:32.832+0000] {processor.py:836} INFO - DAG(s) dict_keys(['example_weekday_branch_operator']) retrieved from /home/airflow/.local/lib/python3.7/site-packages/airflow/example_dags/example_branch_day_of_week_operator.py
[2023-08-03T23:58:32.865+0000] {logging_mixin.py:150} INFO - [2023-08-03T23:58:32.865+0000] {dag.py:2742} INFO - Sync 1 DAGs
[2023-08-03T23:58:32.888+0000] {logging_mixin.py:150} INFO - [2023-08-03T23:58:32.888+0000] {dag.py:3508} INFO - Setting next_dagrun for example_weekday_branch_operator to 2023-08-02T00:00:00+00:00, run_after=2023-08-03T00:00:00+00:00
[2023-08-03T23:58:32.907+0000] {processor.py:179} INFO - Processing /home/airflow/.local/lib/python3.7/site-packages/airflow/example_dags/example_branch_day_of_week_operator.py took 0.095 seconds
[2023-08-03T23:59:03.702+0000] {processor.py:157} INFO - Started process (PID=3665) to work on /home/airflow/.local/lib/python3.7/site-packages/airflow/example_dags/example_branch_day_of_week_operator.py
[2023-08-03T23:59:03.704+0000] {processor.py:826} INFO - Processing file /home/airflow/.local/lib/python3.7/site-packages/airflow/example_dags/example_branch_day_of_week_operator.py for tasks to queue
[2023-08-03T23:59:03.760+0000] {logging_mixin.py:150} INFO - [2023-08-03T23:59:03.760+0000] {dagbag.py:541} INFO - Filling up the DagBag from /home/airflow/.local/lib/python3.7/site-packages/airflow/example_dags/example_branch_day_of_week_operator.py
[2023-08-03T23:59:03.768+0000] {processor.py:836} INFO - DAG(s) dict_keys(['example_weekday_branch_operator']) retrieved from /home/airflow/.local/lib/python3.7/site-packages/airflow/example_dags/example_branch_day_of_week_operator.py
[2023-08-03T23:59:03.791+0000] {logging_mixin.py:150} INFO - [2023-08-03T23:59:03.790+0000] {dag.py:2742} INFO - Sync 1 DAGs
[2023-08-03T23:59:03.810+0000] {logging_mixin.py:150} INFO - [2023-08-03T23:59:03.809+0000] {dag.py:3508} INFO - Setting next_dagrun for example_weekday_branch_operator to 2023-08-02T00:00:00+00:00, run_after=2023-08-03T00:00:00+00:00
[2023-08-03T23:59:03.823+0000] {processor.py:179} INFO - Processing /home/airflow/.local/lib/python3.7/site-packages/airflow/example_dags/example_branch_day_of_week_operator.py took 0.125 seconds
[2023-08-03T23:59:34.153+0000] {processor.py:157} INFO - Started process (PID=3723) to work on /home/airflow/.local/lib/python3.7/site-packages/airflow/example_dags/example_branch_day_of_week_operator.py
[2023-08-03T23:59:34.159+0000] {processor.py:826} INFO - Processing file /home/airflow/.local/lib/python3.7/site-packages/airflow/example_dags/example_branch_day_of_week_operator.py for tasks to queue
[2023-08-03T23:59:34.161+0000] {logging_mixin.py:150} INFO - [2023-08-03T23:59:34.161+0000] {dagbag.py:541} INFO - Filling up the DagBag from /home/airflow/.local/lib/python3.7/site-packages/airflow/example_dags/example_branch_day_of_week_operator.py
[2023-08-03T23:59:34.169+0000] {processor.py:836} INFO - DAG(s) dict_keys(['example_weekday_branch_operator']) retrieved from /home/airflow/.local/lib/python3.7/site-packages/airflow/example_dags/example_branch_day_of_week_operator.py
[2023-08-03T23:59:34.193+0000] {logging_mixin.py:150} INFO - [2023-08-03T23:59:34.193+0000] {dag.py:2742} INFO - Sync 1 DAGs
[2023-08-03T23:59:34.210+0000] {logging_mixin.py:150} INFO - [2023-08-03T23:59:34.210+0000] {dag.py:3508} INFO - Setting next_dagrun for example_weekday_branch_operator to 2023-08-02T00:00:00+00:00, run_after=2023-08-03T00:00:00+00:00
[2023-08-03T23:59:34.223+0000] {processor.py:179} INFO - Processing /home/airflow/.local/lib/python3.7/site-packages/airflow/example_dags/example_branch_day_of_week_operator.py took 0.074 seconds
