[2023-08-03T01:04:29.303+0000] {processor.py:157} INFO - Started process (PID=2743) to work on /home/airflow/.local/lib/python3.7/site-packages/airflow/example_dags/example_kubernetes_executor.py
[2023-08-03T01:04:29.305+0000] {processor.py:826} INFO - Processing file /home/airflow/.local/lib/python3.7/site-packages/airflow/example_dags/example_kubernetes_executor.py for tasks to queue
[2023-08-03T01:04:29.306+0000] {logging_mixin.py:150} INFO - [2023-08-03T01:04:29.306+0000] {dagbag.py:541} INFO - Filling up the DagBag from /home/airflow/.local/lib/python3.7/site-packages/airflow/example_dags/example_kubernetes_executor.py
[2023-08-03T01:04:29.541+0000] {processor.py:836} INFO - DAG(s) dict_keys(['example_kubernetes_executor']) retrieved from /home/airflow/.local/lib/python3.7/site-packages/airflow/example_dags/example_kubernetes_executor.py
[2023-08-03T01:04:29.566+0000] {logging_mixin.py:150} INFO - [2023-08-03T01:04:29.566+0000] {dag.py:2742} INFO - Sync 1 DAGs
[2023-08-03T01:04:29.583+0000] {logging_mixin.py:150} INFO - [2023-08-03T01:04:29.583+0000] {dag.py:3508} INFO - Setting next_dagrun for example_kubernetes_executor to None, run_after=None
[2023-08-03T01:04:29.595+0000] {processor.py:179} INFO - Processing /home/airflow/.local/lib/python3.7/site-packages/airflow/example_dags/example_kubernetes_executor.py took 0.295 seconds
[2023-08-03T02:27:41.883+0000] {processor.py:157} INFO - Started process (PID=2800) to work on /home/airflow/.local/lib/python3.7/site-packages/airflow/example_dags/example_kubernetes_executor.py
[2023-08-03T02:27:41.885+0000] {processor.py:826} INFO - Processing file /home/airflow/.local/lib/python3.7/site-packages/airflow/example_dags/example_kubernetes_executor.py for tasks to queue
[2023-08-03T02:27:41.887+0000] {logging_mixin.py:150} INFO - [2023-08-03T02:27:41.886+0000] {dagbag.py:541} INFO - Filling up the DagBag from /home/airflow/.local/lib/python3.7/site-packages/airflow/example_dags/example_kubernetes_executor.py
[2023-08-03T02:27:42.122+0000] {processor.py:836} INFO - DAG(s) dict_keys(['example_kubernetes_executor']) retrieved from /home/airflow/.local/lib/python3.7/site-packages/airflow/example_dags/example_kubernetes_executor.py
[2023-08-03T02:27:42.150+0000] {logging_mixin.py:150} INFO - [2023-08-03T02:27:42.149+0000] {dag.py:2742} INFO - Sync 1 DAGs
[2023-08-03T02:27:42.205+0000] {logging_mixin.py:150} INFO - [2023-08-03T02:27:42.205+0000] {dag.py:3508} INFO - Setting next_dagrun for example_kubernetes_executor to None, run_after=None
[2023-08-03T02:27:42.220+0000] {processor.py:179} INFO - Processing /home/airflow/.local/lib/python3.7/site-packages/airflow/example_dags/example_kubernetes_executor.py took 0.340 seconds
[2023-08-03T04:08:05.689+0000] {processor.py:157} INFO - Started process (PID=2857) to work on /home/airflow/.local/lib/python3.7/site-packages/airflow/example_dags/example_kubernetes_executor.py
[2023-08-03T04:08:05.691+0000] {processor.py:826} INFO - Processing file /home/airflow/.local/lib/python3.7/site-packages/airflow/example_dags/example_kubernetes_executor.py for tasks to queue
[2023-08-03T04:08:05.692+0000] {logging_mixin.py:150} INFO - [2023-08-03T04:08:05.692+0000] {dagbag.py:541} INFO - Filling up the DagBag from /home/airflow/.local/lib/python3.7/site-packages/airflow/example_dags/example_kubernetes_executor.py
[2023-08-03T04:08:05.925+0000] {processor.py:836} INFO - DAG(s) dict_keys(['example_kubernetes_executor']) retrieved from /home/airflow/.local/lib/python3.7/site-packages/airflow/example_dags/example_kubernetes_executor.py
[2023-08-03T04:08:05.951+0000] {logging_mixin.py:150} INFO - [2023-08-03T04:08:05.951+0000] {dag.py:2742} INFO - Sync 1 DAGs
[2023-08-03T04:08:05.966+0000] {logging_mixin.py:150} INFO - [2023-08-03T04:08:05.966+0000] {dag.py:3508} INFO - Setting next_dagrun for example_kubernetes_executor to None, run_after=None
[2023-08-03T04:08:05.979+0000] {processor.py:179} INFO - Processing /home/airflow/.local/lib/python3.7/site-packages/airflow/example_dags/example_kubernetes_executor.py took 0.293 seconds
[2023-08-03T05:31:54.108+0000] {processor.py:157} INFO - Started process (PID=2914) to work on /home/airflow/.local/lib/python3.7/site-packages/airflow/example_dags/example_kubernetes_executor.py
[2023-08-03T05:31:54.111+0000] {processor.py:826} INFO - Processing file /home/airflow/.local/lib/python3.7/site-packages/airflow/example_dags/example_kubernetes_executor.py for tasks to queue
[2023-08-03T05:31:54.113+0000] {logging_mixin.py:150} INFO - [2023-08-03T05:31:54.113+0000] {dagbag.py:541} INFO - Filling up the DagBag from /home/airflow/.local/lib/python3.7/site-packages/airflow/example_dags/example_kubernetes_executor.py
[2023-08-03T05:31:54.345+0000] {processor.py:836} INFO - DAG(s) dict_keys(['example_kubernetes_executor']) retrieved from /home/airflow/.local/lib/python3.7/site-packages/airflow/example_dags/example_kubernetes_executor.py
[2023-08-03T05:31:54.371+0000] {logging_mixin.py:150} INFO - [2023-08-03T05:31:54.371+0000] {dag.py:2742} INFO - Sync 1 DAGs
[2023-08-03T05:31:54.387+0000] {logging_mixin.py:150} INFO - [2023-08-03T05:31:54.387+0000] {dag.py:3508} INFO - Setting next_dagrun for example_kubernetes_executor to None, run_after=None
[2023-08-03T05:31:54.400+0000] {processor.py:179} INFO - Processing /home/airflow/.local/lib/python3.7/site-packages/airflow/example_dags/example_kubernetes_executor.py took 0.295 seconds
[2023-08-03T07:13:17.260+0000] {processor.py:157} INFO - Started process (PID=2971) to work on /home/airflow/.local/lib/python3.7/site-packages/airflow/example_dags/example_kubernetes_executor.py
[2023-08-03T07:13:17.262+0000] {processor.py:826} INFO - Processing file /home/airflow/.local/lib/python3.7/site-packages/airflow/example_dags/example_kubernetes_executor.py for tasks to queue
[2023-08-03T07:13:17.264+0000] {logging_mixin.py:150} INFO - [2023-08-03T07:13:17.264+0000] {dagbag.py:541} INFO - Filling up the DagBag from /home/airflow/.local/lib/python3.7/site-packages/airflow/example_dags/example_kubernetes_executor.py
[2023-08-03T07:13:17.538+0000] {processor.py:836} INFO - DAG(s) dict_keys(['example_kubernetes_executor']) retrieved from /home/airflow/.local/lib/python3.7/site-packages/airflow/example_dags/example_kubernetes_executor.py
[2023-08-03T07:13:17.567+0000] {logging_mixin.py:150} INFO - [2023-08-03T07:13:17.567+0000] {dag.py:2742} INFO - Sync 1 DAGs
[2023-08-03T07:13:17.584+0000] {logging_mixin.py:150} INFO - [2023-08-03T07:13:17.584+0000] {dag.py:3508} INFO - Setting next_dagrun for example_kubernetes_executor to None, run_after=None
[2023-08-03T07:13:17.599+0000] {processor.py:179} INFO - Processing /home/airflow/.local/lib/python3.7/site-packages/airflow/example_dags/example_kubernetes_executor.py took 0.342 seconds
[2023-08-03T08:54:06.534+0000] {processor.py:157} INFO - Started process (PID=3028) to work on /home/airflow/.local/lib/python3.7/site-packages/airflow/example_dags/example_kubernetes_executor.py
[2023-08-03T08:54:06.536+0000] {processor.py:826} INFO - Processing file /home/airflow/.local/lib/python3.7/site-packages/airflow/example_dags/example_kubernetes_executor.py for tasks to queue
[2023-08-03T08:54:06.538+0000] {logging_mixin.py:150} INFO - [2023-08-03T08:54:06.537+0000] {dagbag.py:541} INFO - Filling up the DagBag from /home/airflow/.local/lib/python3.7/site-packages/airflow/example_dags/example_kubernetes_executor.py
[2023-08-03T08:54:06.767+0000] {processor.py:836} INFO - DAG(s) dict_keys(['example_kubernetes_executor']) retrieved from /home/airflow/.local/lib/python3.7/site-packages/airflow/example_dags/example_kubernetes_executor.py
[2023-08-03T08:54:06.796+0000] {logging_mixin.py:150} INFO - [2023-08-03T08:54:06.796+0000] {dag.py:2742} INFO - Sync 1 DAGs
[2023-08-03T08:54:06.814+0000] {logging_mixin.py:150} INFO - [2023-08-03T08:54:06.813+0000] {dag.py:3508} INFO - Setting next_dagrun for example_kubernetes_executor to None, run_after=None
[2023-08-03T08:54:06.830+0000] {processor.py:179} INFO - Processing /home/airflow/.local/lib/python3.7/site-packages/airflow/example_dags/example_kubernetes_executor.py took 0.300 seconds
[2023-08-03T10:17:24.329+0000] {processor.py:157} INFO - Started process (PID=3085) to work on /home/airflow/.local/lib/python3.7/site-packages/airflow/example_dags/example_kubernetes_executor.py
[2023-08-03T10:17:24.331+0000] {processor.py:826} INFO - Processing file /home/airflow/.local/lib/python3.7/site-packages/airflow/example_dags/example_kubernetes_executor.py for tasks to queue
[2023-08-03T10:17:24.333+0000] {logging_mixin.py:150} INFO - [2023-08-03T10:17:24.332+0000] {dagbag.py:541} INFO - Filling up the DagBag from /home/airflow/.local/lib/python3.7/site-packages/airflow/example_dags/example_kubernetes_executor.py
[2023-08-03T10:17:24.550+0000] {processor.py:836} INFO - DAG(s) dict_keys(['example_kubernetes_executor']) retrieved from /home/airflow/.local/lib/python3.7/site-packages/airflow/example_dags/example_kubernetes_executor.py
[2023-08-03T10:17:24.578+0000] {logging_mixin.py:150} INFO - [2023-08-03T10:17:24.578+0000] {dag.py:2742} INFO - Sync 1 DAGs
[2023-08-03T10:17:24.592+0000] {logging_mixin.py:150} INFO - [2023-08-03T10:17:24.592+0000] {dag.py:3508} INFO - Setting next_dagrun for example_kubernetes_executor to None, run_after=None
[2023-08-03T10:17:24.602+0000] {processor.py:179} INFO - Processing /home/airflow/.local/lib/python3.7/site-packages/airflow/example_dags/example_kubernetes_executor.py took 0.277 seconds
[2023-08-03T11:56:09.251+0000] {processor.py:157} INFO - Started process (PID=3143) to work on /home/airflow/.local/lib/python3.7/site-packages/airflow/example_dags/example_kubernetes_executor.py
[2023-08-03T11:56:09.253+0000] {processor.py:826} INFO - Processing file /home/airflow/.local/lib/python3.7/site-packages/airflow/example_dags/example_kubernetes_executor.py for tasks to queue
[2023-08-03T11:56:09.255+0000] {logging_mixin.py:150} INFO - [2023-08-03T11:56:09.255+0000] {dagbag.py:541} INFO - Filling up the DagBag from /home/airflow/.local/lib/python3.7/site-packages/airflow/example_dags/example_kubernetes_executor.py
[2023-08-03T11:56:09.511+0000] {processor.py:836} INFO - DAG(s) dict_keys(['example_kubernetes_executor']) retrieved from /home/airflow/.local/lib/python3.7/site-packages/airflow/example_dags/example_kubernetes_executor.py
[2023-08-03T11:56:09.547+0000] {logging_mixin.py:150} INFO - [2023-08-03T11:56:09.547+0000] {dag.py:2742} INFO - Sync 1 DAGs
[2023-08-03T11:56:09.566+0000] {logging_mixin.py:150} INFO - [2023-08-03T11:56:09.566+0000] {dag.py:3508} INFO - Setting next_dagrun for example_kubernetes_executor to None, run_after=None
[2023-08-03T11:56:09.587+0000] {processor.py:179} INFO - Processing /home/airflow/.local/lib/python3.7/site-packages/airflow/example_dags/example_kubernetes_executor.py took 0.338 seconds
[2023-08-03T13:18:49.602+0000] {processor.py:157} INFO - Started process (PID=3200) to work on /home/airflow/.local/lib/python3.7/site-packages/airflow/example_dags/example_kubernetes_executor.py
[2023-08-03T13:18:49.606+0000] {processor.py:826} INFO - Processing file /home/airflow/.local/lib/python3.7/site-packages/airflow/example_dags/example_kubernetes_executor.py for tasks to queue
[2023-08-03T13:18:49.607+0000] {logging_mixin.py:150} INFO - [2023-08-03T13:18:49.607+0000] {dagbag.py:541} INFO - Filling up the DagBag from /home/airflow/.local/lib/python3.7/site-packages/airflow/example_dags/example_kubernetes_executor.py
[2023-08-03T13:18:49.844+0000] {processor.py:836} INFO - DAG(s) dict_keys(['example_kubernetes_executor']) retrieved from /home/airflow/.local/lib/python3.7/site-packages/airflow/example_dags/example_kubernetes_executor.py
[2023-08-03T13:18:49.870+0000] {logging_mixin.py:150} INFO - [2023-08-03T13:18:49.870+0000] {dag.py:2742} INFO - Sync 1 DAGs
[2023-08-03T13:18:49.886+0000] {logging_mixin.py:150} INFO - [2023-08-03T13:18:49.886+0000] {dag.py:3508} INFO - Setting next_dagrun for example_kubernetes_executor to None, run_after=None
[2023-08-03T13:18:49.904+0000] {processor.py:179} INFO - Processing /home/airflow/.local/lib/python3.7/site-packages/airflow/example_dags/example_kubernetes_executor.py took 0.305 seconds
[2023-08-03T15:00:05.064+0000] {processor.py:157} INFO - Started process (PID=3256) to work on /home/airflow/.local/lib/python3.7/site-packages/airflow/example_dags/example_kubernetes_executor.py
[2023-08-03T15:00:05.068+0000] {processor.py:826} INFO - Processing file /home/airflow/.local/lib/python3.7/site-packages/airflow/example_dags/example_kubernetes_executor.py for tasks to queue
[2023-08-03T15:00:05.070+0000] {logging_mixin.py:150} INFO - [2023-08-03T15:00:05.070+0000] {dagbag.py:541} INFO - Filling up the DagBag from /home/airflow/.local/lib/python3.7/site-packages/airflow/example_dags/example_kubernetes_executor.py
[2023-08-03T15:00:05.401+0000] {processor.py:836} INFO - DAG(s) dict_keys(['example_kubernetes_executor']) retrieved from /home/airflow/.local/lib/python3.7/site-packages/airflow/example_dags/example_kubernetes_executor.py
[2023-08-03T15:00:05.440+0000] {logging_mixin.py:150} INFO - [2023-08-03T15:00:05.440+0000] {dag.py:2742} INFO - Sync 1 DAGs
[2023-08-03T15:00:05.496+0000] {logging_mixin.py:150} INFO - [2023-08-03T15:00:05.496+0000] {dag.py:3508} INFO - Setting next_dagrun for example_kubernetes_executor to None, run_after=None
[2023-08-03T15:00:05.509+0000] {processor.py:179} INFO - Processing /home/airflow/.local/lib/python3.7/site-packages/airflow/example_dags/example_kubernetes_executor.py took 0.448 seconds
[2023-08-03T16:41:36.067+0000] {processor.py:157} INFO - Started process (PID=3313) to work on /home/airflow/.local/lib/python3.7/site-packages/airflow/example_dags/example_kubernetes_executor.py
[2023-08-03T16:41:36.069+0000] {processor.py:826} INFO - Processing file /home/airflow/.local/lib/python3.7/site-packages/airflow/example_dags/example_kubernetes_executor.py for tasks to queue
[2023-08-03T16:41:36.084+0000] {logging_mixin.py:150} INFO - [2023-08-03T16:41:36.083+0000] {dagbag.py:541} INFO - Filling up the DagBag from /home/airflow/.local/lib/python3.7/site-packages/airflow/example_dags/example_kubernetes_executor.py
[2023-08-03T16:41:36.308+0000] {processor.py:836} INFO - DAG(s) dict_keys(['example_kubernetes_executor']) retrieved from /home/airflow/.local/lib/python3.7/site-packages/airflow/example_dags/example_kubernetes_executor.py
[2023-08-03T16:41:36.339+0000] {logging_mixin.py:150} INFO - [2023-08-03T16:41:36.339+0000] {dag.py:2742} INFO - Sync 1 DAGs
[2023-08-03T16:41:36.358+0000] {logging_mixin.py:150} INFO - [2023-08-03T16:41:36.357+0000] {dag.py:3508} INFO - Setting next_dagrun for example_kubernetes_executor to None, run_after=None
[2023-08-03T16:41:36.370+0000] {processor.py:179} INFO - Processing /home/airflow/.local/lib/python3.7/site-packages/airflow/example_dags/example_kubernetes_executor.py took 0.307 seconds
[2023-08-03T18:03:01.728+0000] {processor.py:157} INFO - Started process (PID=3369) to work on /home/airflow/.local/lib/python3.7/site-packages/airflow/example_dags/example_kubernetes_executor.py
[2023-08-03T18:03:01.731+0000] {processor.py:826} INFO - Processing file /home/airflow/.local/lib/python3.7/site-packages/airflow/example_dags/example_kubernetes_executor.py for tasks to queue
[2023-08-03T18:03:01.794+0000] {logging_mixin.py:150} INFO - [2023-08-03T18:03:01.793+0000] {dagbag.py:541} INFO - Filling up the DagBag from /home/airflow/.local/lib/python3.7/site-packages/airflow/example_dags/example_kubernetes_executor.py
[2023-08-03T18:03:02.034+0000] {processor.py:836} INFO - DAG(s) dict_keys(['example_kubernetes_executor']) retrieved from /home/airflow/.local/lib/python3.7/site-packages/airflow/example_dags/example_kubernetes_executor.py
[2023-08-03T18:03:02.063+0000] {logging_mixin.py:150} INFO - [2023-08-03T18:03:02.063+0000] {dag.py:2742} INFO - Sync 1 DAGs
[2023-08-03T18:03:02.082+0000] {logging_mixin.py:150} INFO - [2023-08-03T18:03:02.082+0000] {dag.py:3508} INFO - Setting next_dagrun for example_kubernetes_executor to None, run_after=None
[2023-08-03T18:03:02.097+0000] {processor.py:179} INFO - Processing /home/airflow/.local/lib/python3.7/site-packages/airflow/example_dags/example_kubernetes_executor.py took 0.372 seconds
[2023-08-03T19:44:23.224+0000] {processor.py:157} INFO - Started process (PID=3426) to work on /home/airflow/.local/lib/python3.7/site-packages/airflow/example_dags/example_kubernetes_executor.py
[2023-08-03T19:44:23.227+0000] {processor.py:826} INFO - Processing file /home/airflow/.local/lib/python3.7/site-packages/airflow/example_dags/example_kubernetes_executor.py for tasks to queue
[2023-08-03T19:44:23.230+0000] {logging_mixin.py:150} INFO - [2023-08-03T19:44:23.230+0000] {dagbag.py:541} INFO - Filling up the DagBag from /home/airflow/.local/lib/python3.7/site-packages/airflow/example_dags/example_kubernetes_executor.py
[2023-08-03T19:44:23.469+0000] {processor.py:836} INFO - DAG(s) dict_keys(['example_kubernetes_executor']) retrieved from /home/airflow/.local/lib/python3.7/site-packages/airflow/example_dags/example_kubernetes_executor.py
[2023-08-03T19:44:23.499+0000] {logging_mixin.py:150} INFO - [2023-08-03T19:44:23.499+0000] {dag.py:2742} INFO - Sync 1 DAGs
[2023-08-03T19:44:23.518+0000] {logging_mixin.py:150} INFO - [2023-08-03T19:44:23.518+0000] {dag.py:3508} INFO - Setting next_dagrun for example_kubernetes_executor to None, run_after=None
[2023-08-03T19:44:23.534+0000] {processor.py:179} INFO - Processing /home/airflow/.local/lib/python3.7/site-packages/airflow/example_dags/example_kubernetes_executor.py took 0.313 seconds
[2023-08-03T21:07:13.724+0000] {processor.py:157} INFO - Started process (PID=3483) to work on /home/airflow/.local/lib/python3.7/site-packages/airflow/example_dags/example_kubernetes_executor.py
[2023-08-03T21:07:13.726+0000] {processor.py:826} INFO - Processing file /home/airflow/.local/lib/python3.7/site-packages/airflow/example_dags/example_kubernetes_executor.py for tasks to queue
[2023-08-03T21:07:13.727+0000] {logging_mixin.py:150} INFO - [2023-08-03T21:07:13.727+0000] {dagbag.py:541} INFO - Filling up the DagBag from /home/airflow/.local/lib/python3.7/site-packages/airflow/example_dags/example_kubernetes_executor.py
[2023-08-03T21:07:13.979+0000] {processor.py:836} INFO - DAG(s) dict_keys(['example_kubernetes_executor']) retrieved from /home/airflow/.local/lib/python3.7/site-packages/airflow/example_dags/example_kubernetes_executor.py
[2023-08-03T21:07:14.008+0000] {logging_mixin.py:150} INFO - [2023-08-03T21:07:14.008+0000] {dag.py:2742} INFO - Sync 1 DAGs
[2023-08-03T21:07:14.028+0000] {logging_mixin.py:150} INFO - [2023-08-03T21:07:14.028+0000] {dag.py:3508} INFO - Setting next_dagrun for example_kubernetes_executor to None, run_after=None
[2023-08-03T21:07:14.041+0000] {processor.py:179} INFO - Processing /home/airflow/.local/lib/python3.7/site-packages/airflow/example_dags/example_kubernetes_executor.py took 0.322 seconds
[2023-08-03T22:46:10.868+0000] {processor.py:157} INFO - Started process (PID=3540) to work on /home/airflow/.local/lib/python3.7/site-packages/airflow/example_dags/example_kubernetes_executor.py
[2023-08-03T22:46:10.870+0000] {processor.py:826} INFO - Processing file /home/airflow/.local/lib/python3.7/site-packages/airflow/example_dags/example_kubernetes_executor.py for tasks to queue
[2023-08-03T22:46:10.874+0000] {logging_mixin.py:150} INFO - [2023-08-03T22:46:10.874+0000] {dagbag.py:541} INFO - Filling up the DagBag from /home/airflow/.local/lib/python3.7/site-packages/airflow/example_dags/example_kubernetes_executor.py
[2023-08-03T22:46:11.113+0000] {processor.py:836} INFO - DAG(s) dict_keys(['example_kubernetes_executor']) retrieved from /home/airflow/.local/lib/python3.7/site-packages/airflow/example_dags/example_kubernetes_executor.py
[2023-08-03T22:46:11.456+0000] {logging_mixin.py:150} INFO - [2023-08-03T22:46:11.456+0000] {dag.py:2742} INFO - Sync 1 DAGs
[2023-08-03T22:46:11.518+0000] {logging_mixin.py:150} INFO - [2023-08-03T22:46:11.517+0000] {dag.py:3508} INFO - Setting next_dagrun for example_kubernetes_executor to None, run_after=None
[2023-08-03T22:46:11.535+0000] {processor.py:179} INFO - Processing /home/airflow/.local/lib/python3.7/site-packages/airflow/example_dags/example_kubernetes_executor.py took 0.671 seconds
[2023-08-03T23:58:31.542+0000] {processor.py:157} INFO - Started process (PID=3596) to work on /home/airflow/.local/lib/python3.7/site-packages/airflow/example_dags/example_kubernetes_executor.py
[2023-08-03T23:58:31.556+0000] {processor.py:826} INFO - Processing file /home/airflow/.local/lib/python3.7/site-packages/airflow/example_dags/example_kubernetes_executor.py for tasks to queue
[2023-08-03T23:58:31.560+0000] {logging_mixin.py:150} INFO - [2023-08-03T23:58:31.559+0000] {dagbag.py:541} INFO - Filling up the DagBag from /home/airflow/.local/lib/python3.7/site-packages/airflow/example_dags/example_kubernetes_executor.py
[2023-08-03T23:58:31.825+0000] {processor.py:836} INFO - DAG(s) dict_keys(['example_kubernetes_executor']) retrieved from /home/airflow/.local/lib/python3.7/site-packages/airflow/example_dags/example_kubernetes_executor.py
[2023-08-03T23:58:31.862+0000] {logging_mixin.py:150} INFO - [2023-08-03T23:58:31.861+0000] {dag.py:2742} INFO - Sync 1 DAGs
[2023-08-03T23:58:31.879+0000] {logging_mixin.py:150} INFO - [2023-08-03T23:58:31.878+0000] {dag.py:3508} INFO - Setting next_dagrun for example_kubernetes_executor to None, run_after=None
[2023-08-03T23:58:31.923+0000] {processor.py:179} INFO - Processing /home/airflow/.local/lib/python3.7/site-packages/airflow/example_dags/example_kubernetes_executor.py took 0.386 seconds
[2023-08-03T23:59:02.822+0000] {processor.py:157} INFO - Started process (PID=3654) to work on /home/airflow/.local/lib/python3.7/site-packages/airflow/example_dags/example_kubernetes_executor.py
[2023-08-03T23:59:02.825+0000] {processor.py:826} INFO - Processing file /home/airflow/.local/lib/python3.7/site-packages/airflow/example_dags/example_kubernetes_executor.py for tasks to queue
[2023-08-03T23:59:02.827+0000] {logging_mixin.py:150} INFO - [2023-08-03T23:59:02.826+0000] {dagbag.py:541} INFO - Filling up the DagBag from /home/airflow/.local/lib/python3.7/site-packages/airflow/example_dags/example_kubernetes_executor.py
[2023-08-03T23:59:03.064+0000] {processor.py:836} INFO - DAG(s) dict_keys(['example_kubernetes_executor']) retrieved from /home/airflow/.local/lib/python3.7/site-packages/airflow/example_dags/example_kubernetes_executor.py
[2023-08-03T23:59:03.090+0000] {logging_mixin.py:150} INFO - [2023-08-03T23:59:03.090+0000] {dag.py:2742} INFO - Sync 1 DAGs
[2023-08-03T23:59:03.110+0000] {logging_mixin.py:150} INFO - [2023-08-03T23:59:03.110+0000] {dag.py:3508} INFO - Setting next_dagrun for example_kubernetes_executor to None, run_after=None
[2023-08-03T23:59:03.126+0000] {processor.py:179} INFO - Processing /home/airflow/.local/lib/python3.7/site-packages/airflow/example_dags/example_kubernetes_executor.py took 0.309 seconds
[2023-08-03T23:59:33.220+0000] {processor.py:157} INFO - Started process (PID=3714) to work on /home/airflow/.local/lib/python3.7/site-packages/airflow/example_dags/example_kubernetes_executor.py
[2023-08-03T23:59:33.224+0000] {processor.py:826} INFO - Processing file /home/airflow/.local/lib/python3.7/site-packages/airflow/example_dags/example_kubernetes_executor.py for tasks to queue
[2023-08-03T23:59:33.226+0000] {logging_mixin.py:150} INFO - [2023-08-03T23:59:33.225+0000] {dagbag.py:541} INFO - Filling up the DagBag from /home/airflow/.local/lib/python3.7/site-packages/airflow/example_dags/example_kubernetes_executor.py
[2023-08-03T23:59:33.477+0000] {processor.py:836} INFO - DAG(s) dict_keys(['example_kubernetes_executor']) retrieved from /home/airflow/.local/lib/python3.7/site-packages/airflow/example_dags/example_kubernetes_executor.py
[2023-08-03T23:59:33.508+0000] {logging_mixin.py:150} INFO - [2023-08-03T23:59:33.508+0000] {dag.py:2742} INFO - Sync 1 DAGs
[2023-08-03T23:59:33.525+0000] {logging_mixin.py:150} INFO - [2023-08-03T23:59:33.525+0000] {dag.py:3508} INFO - Setting next_dagrun for example_kubernetes_executor to None, run_after=None
[2023-08-03T23:59:33.587+0000] {processor.py:179} INFO - Processing /home/airflow/.local/lib/python3.7/site-packages/airflow/example_dags/example_kubernetes_executor.py took 0.372 seconds
