[2023-08-03T01:04:27.417+0000] {processor.py:157} INFO - Started process (PID=2723) to work on /home/airflow/.local/lib/python3.7/site-packages/airflow/example_dags/example_complex.py
[2023-08-03T01:04:27.421+0000] {processor.py:826} INFO - Processing file /home/airflow/.local/lib/python3.7/site-packages/airflow/example_dags/example_complex.py for tasks to queue
[2023-08-03T01:04:27.500+0000] {logging_mixin.py:150} INFO - [2023-08-03T01:04:27.499+0000] {dagbag.py:541} INFO - Filling up the DagBag from /home/airflow/.local/lib/python3.7/site-packages/airflow/example_dags/example_complex.py
[2023-08-03T01:04:27.531+0000] {processor.py:836} INFO - DAG(s) dict_keys(['example_complex']) retrieved from /home/airflow/.local/lib/python3.7/site-packages/airflow/example_dags/example_complex.py
[2023-08-03T01:04:27.605+0000] {logging_mixin.py:150} INFO - [2023-08-03T01:04:27.605+0000] {dag.py:2742} INFO - Sync 1 DAGs
[2023-08-03T01:04:27.641+0000] {logging_mixin.py:150} INFO - [2023-08-03T01:04:27.641+0000] {dag.py:3508} INFO - Setting next_dagrun for example_complex to None, run_after=None
[2023-08-03T01:04:27.689+0000] {processor.py:179} INFO - Processing /home/airflow/.local/lib/python3.7/site-packages/airflow/example_dags/example_complex.py took 0.285 seconds
[2023-08-03T02:27:40.006+0000] {processor.py:157} INFO - Started process (PID=2780) to work on /home/airflow/.local/lib/python3.7/site-packages/airflow/example_dags/example_complex.py
[2023-08-03T02:27:40.009+0000] {processor.py:826} INFO - Processing file /home/airflow/.local/lib/python3.7/site-packages/airflow/example_dags/example_complex.py for tasks to queue
[2023-08-03T02:27:40.010+0000] {logging_mixin.py:150} INFO - [2023-08-03T02:27:40.010+0000] {dagbag.py:541} INFO - Filling up the DagBag from /home/airflow/.local/lib/python3.7/site-packages/airflow/example_dags/example_complex.py
[2023-08-03T02:27:40.021+0000] {processor.py:836} INFO - DAG(s) dict_keys(['example_complex']) retrieved from /home/airflow/.local/lib/python3.7/site-packages/airflow/example_dags/example_complex.py
[2023-08-03T02:27:40.060+0000] {logging_mixin.py:150} INFO - [2023-08-03T02:27:40.060+0000] {dag.py:2742} INFO - Sync 1 DAGs
[2023-08-03T02:27:40.307+0000] {logging_mixin.py:150} INFO - [2023-08-03T02:27:40.307+0000] {dag.py:3508} INFO - Setting next_dagrun for example_complex to None, run_after=None
[2023-08-03T02:27:40.501+0000] {processor.py:179} INFO - Processing /home/airflow/.local/lib/python3.7/site-packages/airflow/example_dags/example_complex.py took 0.499 seconds
[2023-08-03T04:08:03.606+0000] {processor.py:157} INFO - Started process (PID=2837) to work on /home/airflow/.local/lib/python3.7/site-packages/airflow/example_dags/example_complex.py
[2023-08-03T04:08:03.608+0000] {processor.py:826} INFO - Processing file /home/airflow/.local/lib/python3.7/site-packages/airflow/example_dags/example_complex.py for tasks to queue
[2023-08-03T04:08:03.609+0000] {logging_mixin.py:150} INFO - [2023-08-03T04:08:03.609+0000] {dagbag.py:541} INFO - Filling up the DagBag from /home/airflow/.local/lib/python3.7/site-packages/airflow/example_dags/example_complex.py
[2023-08-03T04:08:03.619+0000] {processor.py:836} INFO - DAG(s) dict_keys(['example_complex']) retrieved from /home/airflow/.local/lib/python3.7/site-packages/airflow/example_dags/example_complex.py
[2023-08-03T04:08:03.649+0000] {logging_mixin.py:150} INFO - [2023-08-03T04:08:03.649+0000] {dag.py:2742} INFO - Sync 1 DAGs
[2023-08-03T04:08:03.667+0000] {logging_mixin.py:150} INFO - [2023-08-03T04:08:03.667+0000] {dag.py:3508} INFO - Setting next_dagrun for example_complex to None, run_after=None
[2023-08-03T04:08:03.681+0000] {processor.py:179} INFO - Processing /home/airflow/.local/lib/python3.7/site-packages/airflow/example_dags/example_complex.py took 0.077 seconds
[2023-08-03T05:31:52.597+0000] {processor.py:157} INFO - Started process (PID=2894) to work on /home/airflow/.local/lib/python3.7/site-packages/airflow/example_dags/example_complex.py
[2023-08-03T05:31:52.607+0000] {processor.py:826} INFO - Processing file /home/airflow/.local/lib/python3.7/site-packages/airflow/example_dags/example_complex.py for tasks to queue
[2023-08-03T05:31:52.611+0000] {logging_mixin.py:150} INFO - [2023-08-03T05:31:52.611+0000] {dagbag.py:541} INFO - Filling up the DagBag from /home/airflow/.local/lib/python3.7/site-packages/airflow/example_dags/example_complex.py
[2023-08-03T05:31:52.623+0000] {processor.py:836} INFO - DAG(s) dict_keys(['example_complex']) retrieved from /home/airflow/.local/lib/python3.7/site-packages/airflow/example_dags/example_complex.py
[2023-08-03T05:31:52.653+0000] {logging_mixin.py:150} INFO - [2023-08-03T05:31:52.653+0000] {dag.py:2742} INFO - Sync 1 DAGs
[2023-08-03T05:31:52.716+0000] {logging_mixin.py:150} INFO - [2023-08-03T05:31:52.716+0000] {dag.py:3508} INFO - Setting next_dagrun for example_complex to None, run_after=None
[2023-08-03T05:31:52.730+0000] {processor.py:179} INFO - Processing /home/airflow/.local/lib/python3.7/site-packages/airflow/example_dags/example_complex.py took 0.136 seconds
[2023-08-03T07:13:13.941+0000] {processor.py:157} INFO - Started process (PID=2951) to work on /home/airflow/.local/lib/python3.7/site-packages/airflow/example_dags/example_complex.py
[2023-08-03T07:13:13.950+0000] {processor.py:826} INFO - Processing file /home/airflow/.local/lib/python3.7/site-packages/airflow/example_dags/example_complex.py for tasks to queue
[2023-08-03T07:13:13.955+0000] {logging_mixin.py:150} INFO - [2023-08-03T07:13:13.954+0000] {dagbag.py:541} INFO - Filling up the DagBag from /home/airflow/.local/lib/python3.7/site-packages/airflow/example_dags/example_complex.py
[2023-08-03T07:13:13.986+0000] {processor.py:836} INFO - DAG(s) dict_keys(['example_complex']) retrieved from /home/airflow/.local/lib/python3.7/site-packages/airflow/example_dags/example_complex.py
[2023-08-03T07:13:14.118+0000] {logging_mixin.py:150} INFO - [2023-08-03T07:13:14.117+0000] {dag.py:2742} INFO - Sync 1 DAGs
[2023-08-03T07:13:14.157+0000] {logging_mixin.py:150} INFO - [2023-08-03T07:13:14.157+0000] {dag.py:3508} INFO - Setting next_dagrun for example_complex to None, run_after=None
[2023-08-03T07:13:14.193+0000] {processor.py:179} INFO - Processing /home/airflow/.local/lib/python3.7/site-packages/airflow/example_dags/example_complex.py took 0.258 seconds
[2023-08-03T08:54:05.110+0000] {processor.py:157} INFO - Started process (PID=3008) to work on /home/airflow/.local/lib/python3.7/site-packages/airflow/example_dags/example_complex.py
[2023-08-03T08:54:05.112+0000] {processor.py:826} INFO - Processing file /home/airflow/.local/lib/python3.7/site-packages/airflow/example_dags/example_complex.py for tasks to queue
[2023-08-03T08:54:05.114+0000] {logging_mixin.py:150} INFO - [2023-08-03T08:54:05.113+0000] {dagbag.py:541} INFO - Filling up the DagBag from /home/airflow/.local/lib/python3.7/site-packages/airflow/example_dags/example_complex.py
[2023-08-03T08:54:05.125+0000] {processor.py:836} INFO - DAG(s) dict_keys(['example_complex']) retrieved from /home/airflow/.local/lib/python3.7/site-packages/airflow/example_dags/example_complex.py
[2023-08-03T08:54:05.171+0000] {logging_mixin.py:150} INFO - [2023-08-03T08:54:05.171+0000] {dag.py:2742} INFO - Sync 1 DAGs
[2023-08-03T08:54:05.196+0000] {logging_mixin.py:150} INFO - [2023-08-03T08:54:05.195+0000] {dag.py:3508} INFO - Setting next_dagrun for example_complex to None, run_after=None
[2023-08-03T08:54:05.213+0000] {processor.py:179} INFO - Processing /home/airflow/.local/lib/python3.7/site-packages/airflow/example_dags/example_complex.py took 0.107 seconds
[2023-08-03T10:17:22.553+0000] {processor.py:157} INFO - Started process (PID=3065) to work on /home/airflow/.local/lib/python3.7/site-packages/airflow/example_dags/example_complex.py
[2023-08-03T10:17:22.570+0000] {processor.py:826} INFO - Processing file /home/airflow/.local/lib/python3.7/site-packages/airflow/example_dags/example_complex.py for tasks to queue
[2023-08-03T10:17:22.573+0000] {logging_mixin.py:150} INFO - [2023-08-03T10:17:22.573+0000] {dagbag.py:541} INFO - Filling up the DagBag from /home/airflow/.local/lib/python3.7/site-packages/airflow/example_dags/example_complex.py
[2023-08-03T10:17:22.596+0000] {processor.py:836} INFO - DAG(s) dict_keys(['example_complex']) retrieved from /home/airflow/.local/lib/python3.7/site-packages/airflow/example_dags/example_complex.py
[2023-08-03T10:17:22.642+0000] {logging_mixin.py:150} INFO - [2023-08-03T10:17:22.641+0000] {dag.py:2742} INFO - Sync 1 DAGs
[2023-08-03T10:17:22.669+0000] {logging_mixin.py:150} INFO - [2023-08-03T10:17:22.669+0000] {dag.py:3508} INFO - Setting next_dagrun for example_complex to None, run_after=None
[2023-08-03T10:17:22.684+0000] {processor.py:179} INFO - Processing /home/airflow/.local/lib/python3.7/site-packages/airflow/example_dags/example_complex.py took 0.137 seconds
[2023-08-03T11:56:07.361+0000] {processor.py:157} INFO - Started process (PID=3123) to work on /home/airflow/.local/lib/python3.7/site-packages/airflow/example_dags/example_complex.py
[2023-08-03T11:56:07.363+0000] {processor.py:826} INFO - Processing file /home/airflow/.local/lib/python3.7/site-packages/airflow/example_dags/example_complex.py for tasks to queue
[2023-08-03T11:56:07.366+0000] {logging_mixin.py:150} INFO - [2023-08-03T11:56:07.365+0000] {dagbag.py:541} INFO - Filling up the DagBag from /home/airflow/.local/lib/python3.7/site-packages/airflow/example_dags/example_complex.py
[2023-08-03T11:56:07.383+0000] {processor.py:836} INFO - DAG(s) dict_keys(['example_complex']) retrieved from /home/airflow/.local/lib/python3.7/site-packages/airflow/example_dags/example_complex.py
[2023-08-03T11:56:07.420+0000] {logging_mixin.py:150} INFO - [2023-08-03T11:56:07.419+0000] {dag.py:2742} INFO - Sync 1 DAGs
[2023-08-03T11:56:07.445+0000] {logging_mixin.py:150} INFO - [2023-08-03T11:56:07.445+0000] {dag.py:3508} INFO - Setting next_dagrun for example_complex to None, run_after=None
[2023-08-03T11:56:07.462+0000] {processor.py:179} INFO - Processing /home/airflow/.local/lib/python3.7/site-packages/airflow/example_dags/example_complex.py took 0.105 seconds
[2023-08-03T13:18:47.671+0000] {processor.py:157} INFO - Started process (PID=3180) to work on /home/airflow/.local/lib/python3.7/site-packages/airflow/example_dags/example_complex.py
[2023-08-03T13:18:47.674+0000] {processor.py:826} INFO - Processing file /home/airflow/.local/lib/python3.7/site-packages/airflow/example_dags/example_complex.py for tasks to queue
[2023-08-03T13:18:47.679+0000] {logging_mixin.py:150} INFO - [2023-08-03T13:18:47.678+0000] {dagbag.py:541} INFO - Filling up the DagBag from /home/airflow/.local/lib/python3.7/site-packages/airflow/example_dags/example_complex.py
[2023-08-03T13:18:47.703+0000] {processor.py:836} INFO - DAG(s) dict_keys(['example_complex']) retrieved from /home/airflow/.local/lib/python3.7/site-packages/airflow/example_dags/example_complex.py
[2023-08-03T13:18:47.766+0000] {logging_mixin.py:150} INFO - [2023-08-03T13:18:47.766+0000] {dag.py:2742} INFO - Sync 1 DAGs
[2023-08-03T13:18:47.806+0000] {logging_mixin.py:150} INFO - [2023-08-03T13:18:47.806+0000] {dag.py:3508} INFO - Setting next_dagrun for example_complex to None, run_after=None
[2023-08-03T13:18:47.836+0000] {processor.py:179} INFO - Processing /home/airflow/.local/lib/python3.7/site-packages/airflow/example_dags/example_complex.py took 0.175 seconds
[2023-08-03T15:00:02.812+0000] {processor.py:157} INFO - Started process (PID=3236) to work on /home/airflow/.local/lib/python3.7/site-packages/airflow/example_dags/example_complex.py
[2023-08-03T15:00:02.815+0000] {processor.py:826} INFO - Processing file /home/airflow/.local/lib/python3.7/site-packages/airflow/example_dags/example_complex.py for tasks to queue
[2023-08-03T15:00:02.817+0000] {logging_mixin.py:150} INFO - [2023-08-03T15:00:02.816+0000] {dagbag.py:541} INFO - Filling up the DagBag from /home/airflow/.local/lib/python3.7/site-packages/airflow/example_dags/example_complex.py
[2023-08-03T15:00:02.827+0000] {processor.py:836} INFO - DAG(s) dict_keys(['example_complex']) retrieved from /home/airflow/.local/lib/python3.7/site-packages/airflow/example_dags/example_complex.py
[2023-08-03T15:00:02.859+0000] {logging_mixin.py:150} INFO - [2023-08-03T15:00:02.859+0000] {dag.py:2742} INFO - Sync 1 DAGs
[2023-08-03T15:00:02.880+0000] {logging_mixin.py:150} INFO - [2023-08-03T15:00:02.880+0000] {dag.py:3508} INFO - Setting next_dagrun for example_complex to None, run_after=None
[2023-08-03T15:00:02.893+0000] {processor.py:179} INFO - Processing /home/airflow/.local/lib/python3.7/site-packages/airflow/example_dags/example_complex.py took 0.085 seconds
[2023-08-03T16:41:34.154+0000] {processor.py:157} INFO - Started process (PID=3293) to work on /home/airflow/.local/lib/python3.7/site-packages/airflow/example_dags/example_complex.py
[2023-08-03T16:41:34.157+0000] {processor.py:826} INFO - Processing file /home/airflow/.local/lib/python3.7/site-packages/airflow/example_dags/example_complex.py for tasks to queue
[2023-08-03T16:41:34.160+0000] {logging_mixin.py:150} INFO - [2023-08-03T16:41:34.159+0000] {dagbag.py:541} INFO - Filling up the DagBag from /home/airflow/.local/lib/python3.7/site-packages/airflow/example_dags/example_complex.py
[2023-08-03T16:41:34.179+0000] {processor.py:836} INFO - DAG(s) dict_keys(['example_complex']) retrieved from /home/airflow/.local/lib/python3.7/site-packages/airflow/example_dags/example_complex.py
[2023-08-03T16:41:34.288+0000] {logging_mixin.py:150} INFO - [2023-08-03T16:41:34.288+0000] {dag.py:2742} INFO - Sync 1 DAGs
[2023-08-03T16:41:34.361+0000] {logging_mixin.py:150} INFO - [2023-08-03T16:41:34.361+0000] {dag.py:3508} INFO - Setting next_dagrun for example_complex to None, run_after=None
[2023-08-03T16:41:34.430+0000] {processor.py:179} INFO - Processing /home/airflow/.local/lib/python3.7/site-packages/airflow/example_dags/example_complex.py took 0.285 seconds
[2023-08-03T18:02:59.865+0000] {processor.py:157} INFO - Started process (PID=3349) to work on /home/airflow/.local/lib/python3.7/site-packages/airflow/example_dags/example_complex.py
[2023-08-03T18:02:59.867+0000] {processor.py:826} INFO - Processing file /home/airflow/.local/lib/python3.7/site-packages/airflow/example_dags/example_complex.py for tasks to queue
[2023-08-03T18:02:59.869+0000] {logging_mixin.py:150} INFO - [2023-08-03T18:02:59.869+0000] {dagbag.py:541} INFO - Filling up the DagBag from /home/airflow/.local/lib/python3.7/site-packages/airflow/example_dags/example_complex.py
[2023-08-03T18:02:59.879+0000] {processor.py:836} INFO - DAG(s) dict_keys(['example_complex']) retrieved from /home/airflow/.local/lib/python3.7/site-packages/airflow/example_dags/example_complex.py
[2023-08-03T18:02:59.916+0000] {logging_mixin.py:150} INFO - [2023-08-03T18:02:59.916+0000] {dag.py:2742} INFO - Sync 1 DAGs
[2023-08-03T18:02:59.939+0000] {logging_mixin.py:150} INFO - [2023-08-03T18:02:59.939+0000] {dag.py:3508} INFO - Setting next_dagrun for example_complex to None, run_after=None
[2023-08-03T18:02:59.952+0000] {processor.py:179} INFO - Processing /home/airflow/.local/lib/python3.7/site-packages/airflow/example_dags/example_complex.py took 0.091 seconds
[2023-08-03T19:44:21.639+0000] {processor.py:157} INFO - Started process (PID=3406) to work on /home/airflow/.local/lib/python3.7/site-packages/airflow/example_dags/example_complex.py
[2023-08-03T19:44:21.642+0000] {processor.py:826} INFO - Processing file /home/airflow/.local/lib/python3.7/site-packages/airflow/example_dags/example_complex.py for tasks to queue
[2023-08-03T19:44:21.643+0000] {logging_mixin.py:150} INFO - [2023-08-03T19:44:21.643+0000] {dagbag.py:541} INFO - Filling up the DagBag from /home/airflow/.local/lib/python3.7/site-packages/airflow/example_dags/example_complex.py
[2023-08-03T19:44:21.653+0000] {processor.py:836} INFO - DAG(s) dict_keys(['example_complex']) retrieved from /home/airflow/.local/lib/python3.7/site-packages/airflow/example_dags/example_complex.py
[2023-08-03T19:44:21.684+0000] {logging_mixin.py:150} INFO - [2023-08-03T19:44:21.684+0000] {dag.py:2742} INFO - Sync 1 DAGs
[2023-08-03T19:44:21.706+0000] {logging_mixin.py:150} INFO - [2023-08-03T19:44:21.706+0000] {dag.py:3508} INFO - Setting next_dagrun for example_complex to None, run_after=None
[2023-08-03T19:44:21.723+0000] {processor.py:179} INFO - Processing /home/airflow/.local/lib/python3.7/site-packages/airflow/example_dags/example_complex.py took 0.088 seconds
[2023-08-03T21:07:12.003+0000] {processor.py:157} INFO - Started process (PID=3463) to work on /home/airflow/.local/lib/python3.7/site-packages/airflow/example_dags/example_complex.py
[2023-08-03T21:07:12.005+0000] {processor.py:826} INFO - Processing file /home/airflow/.local/lib/python3.7/site-packages/airflow/example_dags/example_complex.py for tasks to queue
[2023-08-03T21:07:12.007+0000] {logging_mixin.py:150} INFO - [2023-08-03T21:07:12.007+0000] {dagbag.py:541} INFO - Filling up the DagBag from /home/airflow/.local/lib/python3.7/site-packages/airflow/example_dags/example_complex.py
[2023-08-03T21:07:12.017+0000] {processor.py:836} INFO - DAG(s) dict_keys(['example_complex']) retrieved from /home/airflow/.local/lib/python3.7/site-packages/airflow/example_dags/example_complex.py
[2023-08-03T21:07:12.048+0000] {logging_mixin.py:150} INFO - [2023-08-03T21:07:12.048+0000] {dag.py:2742} INFO - Sync 1 DAGs
[2023-08-03T21:07:12.071+0000] {logging_mixin.py:150} INFO - [2023-08-03T21:07:12.071+0000] {dag.py:3508} INFO - Setting next_dagrun for example_complex to None, run_after=None
[2023-08-03T21:07:12.086+0000] {processor.py:179} INFO - Processing /home/airflow/.local/lib/python3.7/site-packages/airflow/example_dags/example_complex.py took 0.086 seconds
[2023-08-03T22:46:09.369+0000] {processor.py:157} INFO - Started process (PID=3520) to work on /home/airflow/.local/lib/python3.7/site-packages/airflow/example_dags/example_complex.py
[2023-08-03T22:46:09.373+0000] {processor.py:826} INFO - Processing file /home/airflow/.local/lib/python3.7/site-packages/airflow/example_dags/example_complex.py for tasks to queue
[2023-08-03T22:46:09.374+0000] {logging_mixin.py:150} INFO - [2023-08-03T22:46:09.374+0000] {dagbag.py:541} INFO - Filling up the DagBag from /home/airflow/.local/lib/python3.7/site-packages/airflow/example_dags/example_complex.py
[2023-08-03T22:46:09.384+0000] {processor.py:836} INFO - DAG(s) dict_keys(['example_complex']) retrieved from /home/airflow/.local/lib/python3.7/site-packages/airflow/example_dags/example_complex.py
[2023-08-03T22:46:09.413+0000] {logging_mixin.py:150} INFO - [2023-08-03T22:46:09.413+0000] {dag.py:2742} INFO - Sync 1 DAGs
[2023-08-03T22:46:09.433+0000] {logging_mixin.py:150} INFO - [2023-08-03T22:46:09.433+0000] {dag.py:3508} INFO - Setting next_dagrun for example_complex to None, run_after=None
[2023-08-03T22:46:09.448+0000] {processor.py:179} INFO - Processing /home/airflow/.local/lib/python3.7/site-packages/airflow/example_dags/example_complex.py took 0.082 seconds
[2023-08-03T23:58:29.486+0000] {processor.py:157} INFO - Started process (PID=3576) to work on /home/airflow/.local/lib/python3.7/site-packages/airflow/example_dags/example_complex.py
[2023-08-03T23:58:29.488+0000] {processor.py:826} INFO - Processing file /home/airflow/.local/lib/python3.7/site-packages/airflow/example_dags/example_complex.py for tasks to queue
[2023-08-03T23:58:29.492+0000] {logging_mixin.py:150} INFO - [2023-08-03T23:58:29.492+0000] {dagbag.py:541} INFO - Filling up the DagBag from /home/airflow/.local/lib/python3.7/site-packages/airflow/example_dags/example_complex.py
[2023-08-03T23:58:29.501+0000] {processor.py:836} INFO - DAG(s) dict_keys(['example_complex']) retrieved from /home/airflow/.local/lib/python3.7/site-packages/airflow/example_dags/example_complex.py
[2023-08-03T23:58:29.538+0000] {logging_mixin.py:150} INFO - [2023-08-03T23:58:29.538+0000] {dag.py:2742} INFO - Sync 1 DAGs
[2023-08-03T23:58:29.563+0000] {logging_mixin.py:150} INFO - [2023-08-03T23:58:29.563+0000] {dag.py:3508} INFO - Setting next_dagrun for example_complex to None, run_after=None
[2023-08-03T23:58:29.586+0000] {processor.py:179} INFO - Processing /home/airflow/.local/lib/python3.7/site-packages/airflow/example_dags/example_complex.py took 0.105 seconds
[2023-08-03T23:59:00.151+0000] {processor.py:157} INFO - Started process (PID=3633) to work on /home/airflow/.local/lib/python3.7/site-packages/airflow/example_dags/example_complex.py
[2023-08-03T23:59:00.154+0000] {processor.py:826} INFO - Processing file /home/airflow/.local/lib/python3.7/site-packages/airflow/example_dags/example_complex.py for tasks to queue
[2023-08-03T23:59:00.155+0000] {logging_mixin.py:150} INFO - [2023-08-03T23:59:00.155+0000] {dagbag.py:541} INFO - Filling up the DagBag from /home/airflow/.local/lib/python3.7/site-packages/airflow/example_dags/example_complex.py
[2023-08-03T23:59:00.164+0000] {processor.py:836} INFO - DAG(s) dict_keys(['example_complex']) retrieved from /home/airflow/.local/lib/python3.7/site-packages/airflow/example_dags/example_complex.py
[2023-08-03T23:59:00.192+0000] {logging_mixin.py:150} INFO - [2023-08-03T23:59:00.192+0000] {dag.py:2742} INFO - Sync 1 DAGs
[2023-08-03T23:59:00.210+0000] {logging_mixin.py:150} INFO - [2023-08-03T23:59:00.210+0000] {dag.py:3508} INFO - Setting next_dagrun for example_complex to None, run_after=None
[2023-08-03T23:59:00.223+0000] {processor.py:179} INFO - Processing /home/airflow/.local/lib/python3.7/site-packages/airflow/example_dags/example_complex.py took 0.075 seconds
[2023-08-03T23:59:31.256+0000] {processor.py:157} INFO - Started process (PID=3691) to work on /home/airflow/.local/lib/python3.7/site-packages/airflow/example_dags/example_complex.py
[2023-08-03T23:59:31.258+0000] {processor.py:826} INFO - Processing file /home/airflow/.local/lib/python3.7/site-packages/airflow/example_dags/example_complex.py for tasks to queue
[2023-08-03T23:59:31.266+0000] {logging_mixin.py:150} INFO - [2023-08-03T23:59:31.266+0000] {dagbag.py:541} INFO - Filling up the DagBag from /home/airflow/.local/lib/python3.7/site-packages/airflow/example_dags/example_complex.py
[2023-08-03T23:59:31.275+0000] {processor.py:836} INFO - DAG(s) dict_keys(['example_complex']) retrieved from /home/airflow/.local/lib/python3.7/site-packages/airflow/example_dags/example_complex.py
[2023-08-03T23:59:31.307+0000] {logging_mixin.py:150} INFO - [2023-08-03T23:59:31.307+0000] {dag.py:2742} INFO - Sync 1 DAGs
[2023-08-03T23:59:31.327+0000] {logging_mixin.py:150} INFO - [2023-08-03T23:59:31.327+0000] {dag.py:3508} INFO - Setting next_dagrun for example_complex to None, run_after=None
[2023-08-03T23:59:31.342+0000] {processor.py:179} INFO - Processing /home/airflow/.local/lib/python3.7/site-packages/airflow/example_dags/example_complex.py took 0.090 seconds
