[2023-08-03T01:04:28.881+0000] {processor.py:157} INFO - Started process (PID=2737) to work on /home/airflow/.local/lib/python3.7/site-packages/airflow/example_dags/example_branch_python_dop_operator_3.py
[2023-08-03T01:04:28.883+0000] {processor.py:826} INFO - Processing file /home/airflow/.local/lib/python3.7/site-packages/airflow/example_dags/example_branch_python_dop_operator_3.py for tasks to queue
[2023-08-03T01:04:28.885+0000] {logging_mixin.py:150} INFO - [2023-08-03T01:04:28.885+0000] {dagbag.py:541} INFO - Filling up the DagBag from /home/airflow/.local/lib/python3.7/site-packages/airflow/example_dags/example_branch_python_dop_operator_3.py
[2023-08-03T01:04:28.901+0000] {processor.py:836} INFO - DAG(s) dict_keys(['example_branch_dop_operator_v3']) retrieved from /home/airflow/.local/lib/python3.7/site-packages/airflow/example_dags/example_branch_python_dop_operator_3.py
[2023-08-03T01:04:28.924+0000] {logging_mixin.py:150} INFO - [2023-08-03T01:04:28.924+0000] {dag.py:2742} INFO - Sync 1 DAGs
[2023-08-03T01:04:28.946+0000] {logging_mixin.py:150} INFO - [2023-08-03T01:04:28.946+0000] {dag.py:3508} INFO - Setting next_dagrun for example_branch_dop_operator_v3 to 2023-08-03T01:03:00+00:00, run_after=2023-08-03T01:04:00+00:00
[2023-08-03T01:04:28.971+0000] {processor.py:179} INFO - Processing /home/airflow/.local/lib/python3.7/site-packages/airflow/example_dags/example_branch_python_dop_operator_3.py took 0.094 seconds
[2023-08-03T02:27:41.448+0000] {processor.py:157} INFO - Started process (PID=2794) to work on /home/airflow/.local/lib/python3.7/site-packages/airflow/example_dags/example_branch_python_dop_operator_3.py
[2023-08-03T02:27:41.450+0000] {processor.py:826} INFO - Processing file /home/airflow/.local/lib/python3.7/site-packages/airflow/example_dags/example_branch_python_dop_operator_3.py for tasks to queue
[2023-08-03T02:27:41.451+0000] {logging_mixin.py:150} INFO - [2023-08-03T02:27:41.451+0000] {dagbag.py:541} INFO - Filling up the DagBag from /home/airflow/.local/lib/python3.7/site-packages/airflow/example_dags/example_branch_python_dop_operator_3.py
[2023-08-03T02:27:41.461+0000] {processor.py:836} INFO - DAG(s) dict_keys(['example_branch_dop_operator_v3']) retrieved from /home/airflow/.local/lib/python3.7/site-packages/airflow/example_dags/example_branch_python_dop_operator_3.py
[2023-08-03T02:27:41.483+0000] {logging_mixin.py:150} INFO - [2023-08-03T02:27:41.483+0000] {dag.py:2742} INFO - Sync 1 DAGs
[2023-08-03T02:27:41.504+0000] {logging_mixin.py:150} INFO - [2023-08-03T02:27:41.504+0000] {dag.py:3508} INFO - Setting next_dagrun for example_branch_dop_operator_v3 to 2023-08-03T02:26:00+00:00, run_after=2023-08-03T02:27:00+00:00
[2023-08-03T02:27:41.519+0000] {processor.py:179} INFO - Processing /home/airflow/.local/lib/python3.7/site-packages/airflow/example_dags/example_branch_python_dop_operator_3.py took 0.074 seconds
[2023-08-03T04:08:05.264+0000] {processor.py:157} INFO - Started process (PID=2851) to work on /home/airflow/.local/lib/python3.7/site-packages/airflow/example_dags/example_branch_python_dop_operator_3.py
[2023-08-03T04:08:05.266+0000] {processor.py:826} INFO - Processing file /home/airflow/.local/lib/python3.7/site-packages/airflow/example_dags/example_branch_python_dop_operator_3.py for tasks to queue
[2023-08-03T04:08:05.269+0000] {logging_mixin.py:150} INFO - [2023-08-03T04:08:05.269+0000] {dagbag.py:541} INFO - Filling up the DagBag from /home/airflow/.local/lib/python3.7/site-packages/airflow/example_dags/example_branch_python_dop_operator_3.py
[2023-08-03T04:08:05.277+0000] {processor.py:836} INFO - DAG(s) dict_keys(['example_branch_dop_operator_v3']) retrieved from /home/airflow/.local/lib/python3.7/site-packages/airflow/example_dags/example_branch_python_dop_operator_3.py
[2023-08-03T04:08:05.300+0000] {logging_mixin.py:150} INFO - [2023-08-03T04:08:05.299+0000] {dag.py:2742} INFO - Sync 1 DAGs
[2023-08-03T04:08:05.320+0000] {logging_mixin.py:150} INFO - [2023-08-03T04:08:05.320+0000] {dag.py:3508} INFO - Setting next_dagrun for example_branch_dop_operator_v3 to 2023-08-03T04:07:00+00:00, run_after=2023-08-03T04:08:00+00:00
[2023-08-03T04:08:05.335+0000] {processor.py:179} INFO - Processing /home/airflow/.local/lib/python3.7/site-packages/airflow/example_dags/example_branch_python_dop_operator_3.py took 0.074 seconds
[2023-08-03T05:31:53.691+0000] {processor.py:157} INFO - Started process (PID=2908) to work on /home/airflow/.local/lib/python3.7/site-packages/airflow/example_dags/example_branch_python_dop_operator_3.py
[2023-08-03T05:31:53.693+0000] {processor.py:826} INFO - Processing file /home/airflow/.local/lib/python3.7/site-packages/airflow/example_dags/example_branch_python_dop_operator_3.py for tasks to queue
[2023-08-03T05:31:53.694+0000] {logging_mixin.py:150} INFO - [2023-08-03T05:31:53.694+0000] {dagbag.py:541} INFO - Filling up the DagBag from /home/airflow/.local/lib/python3.7/site-packages/airflow/example_dags/example_branch_python_dop_operator_3.py
[2023-08-03T05:31:53.707+0000] {processor.py:836} INFO - DAG(s) dict_keys(['example_branch_dop_operator_v3']) retrieved from /home/airflow/.local/lib/python3.7/site-packages/airflow/example_dags/example_branch_python_dop_operator_3.py
[2023-08-03T05:31:53.731+0000] {logging_mixin.py:150} INFO - [2023-08-03T05:31:53.731+0000] {dag.py:2742} INFO - Sync 1 DAGs
[2023-08-03T05:31:53.757+0000] {logging_mixin.py:150} INFO - [2023-08-03T05:31:53.756+0000] {dag.py:3508} INFO - Setting next_dagrun for example_branch_dop_operator_v3 to 2023-08-03T05:30:00+00:00, run_after=2023-08-03T05:31:00+00:00
[2023-08-03T05:31:53.772+0000] {processor.py:179} INFO - Processing /home/airflow/.local/lib/python3.7/site-packages/airflow/example_dags/example_branch_python_dop_operator_3.py took 0.084 seconds
[2023-08-03T07:13:16.689+0000] {processor.py:157} INFO - Started process (PID=2965) to work on /home/airflow/.local/lib/python3.7/site-packages/airflow/example_dags/example_branch_python_dop_operator_3.py
[2023-08-03T07:13:16.707+0000] {processor.py:826} INFO - Processing file /home/airflow/.local/lib/python3.7/site-packages/airflow/example_dags/example_branch_python_dop_operator_3.py for tasks to queue
[2023-08-03T07:13:16.709+0000] {logging_mixin.py:150} INFO - [2023-08-03T07:13:16.709+0000] {dagbag.py:541} INFO - Filling up the DagBag from /home/airflow/.local/lib/python3.7/site-packages/airflow/example_dags/example_branch_python_dop_operator_3.py
[2023-08-03T07:13:16.718+0000] {processor.py:836} INFO - DAG(s) dict_keys(['example_branch_dop_operator_v3']) retrieved from /home/airflow/.local/lib/python3.7/site-packages/airflow/example_dags/example_branch_python_dop_operator_3.py
[2023-08-03T07:13:16.762+0000] {logging_mixin.py:150} INFO - [2023-08-03T07:13:16.762+0000] {dag.py:2742} INFO - Sync 1 DAGs
[2023-08-03T07:13:16.813+0000] {logging_mixin.py:150} INFO - [2023-08-03T07:13:16.813+0000] {dag.py:3508} INFO - Setting next_dagrun for example_branch_dop_operator_v3 to 2023-08-03T07:12:00+00:00, run_after=2023-08-03T07:13:00+00:00
[2023-08-03T07:13:16.837+0000] {processor.py:179} INFO - Processing /home/airflow/.local/lib/python3.7/site-packages/airflow/example_dags/example_branch_python_dop_operator_3.py took 0.155 seconds
[2023-08-03T08:54:06.107+0000] {processor.py:157} INFO - Started process (PID=3022) to work on /home/airflow/.local/lib/python3.7/site-packages/airflow/example_dags/example_branch_python_dop_operator_3.py
[2023-08-03T08:54:06.109+0000] {processor.py:826} INFO - Processing file /home/airflow/.local/lib/python3.7/site-packages/airflow/example_dags/example_branch_python_dop_operator_3.py for tasks to queue
[2023-08-03T08:54:06.110+0000] {logging_mixin.py:150} INFO - [2023-08-03T08:54:06.110+0000] {dagbag.py:541} INFO - Filling up the DagBag from /home/airflow/.local/lib/python3.7/site-packages/airflow/example_dags/example_branch_python_dop_operator_3.py
[2023-08-03T08:54:06.117+0000] {processor.py:836} INFO - DAG(s) dict_keys(['example_branch_dop_operator_v3']) retrieved from /home/airflow/.local/lib/python3.7/site-packages/airflow/example_dags/example_branch_python_dop_operator_3.py
[2023-08-03T08:54:06.144+0000] {logging_mixin.py:150} INFO - [2023-08-03T08:54:06.144+0000] {dag.py:2742} INFO - Sync 1 DAGs
[2023-08-03T08:54:06.168+0000] {logging_mixin.py:150} INFO - [2023-08-03T08:54:06.168+0000] {dag.py:3508} INFO - Setting next_dagrun for example_branch_dop_operator_v3 to 2023-08-03T08:53:00+00:00, run_after=2023-08-03T08:54:00+00:00
[2023-08-03T08:54:06.182+0000] {processor.py:179} INFO - Processing /home/airflow/.local/lib/python3.7/site-packages/airflow/example_dags/example_branch_python_dop_operator_3.py took 0.079 seconds
[2023-08-03T10:17:23.923+0000] {processor.py:157} INFO - Started process (PID=3079) to work on /home/airflow/.local/lib/python3.7/site-packages/airflow/example_dags/example_branch_python_dop_operator_3.py
[2023-08-03T10:17:23.925+0000] {processor.py:826} INFO - Processing file /home/airflow/.local/lib/python3.7/site-packages/airflow/example_dags/example_branch_python_dop_operator_3.py for tasks to queue
[2023-08-03T10:17:23.926+0000] {logging_mixin.py:150} INFO - [2023-08-03T10:17:23.926+0000] {dagbag.py:541} INFO - Filling up the DagBag from /home/airflow/.local/lib/python3.7/site-packages/airflow/example_dags/example_branch_python_dop_operator_3.py
[2023-08-03T10:17:23.932+0000] {processor.py:836} INFO - DAG(s) dict_keys(['example_branch_dop_operator_v3']) retrieved from /home/airflow/.local/lib/python3.7/site-packages/airflow/example_dags/example_branch_python_dop_operator_3.py
[2023-08-03T10:17:23.955+0000] {logging_mixin.py:150} INFO - [2023-08-03T10:17:23.955+0000] {dag.py:2742} INFO - Sync 1 DAGs
[2023-08-03T10:17:23.983+0000] {logging_mixin.py:150} INFO - [2023-08-03T10:17:23.983+0000] {dag.py:3508} INFO - Setting next_dagrun for example_branch_dop_operator_v3 to 2023-08-03T10:16:00+00:00, run_after=2023-08-03T10:17:00+00:00
[2023-08-03T10:17:24.003+0000] {processor.py:179} INFO - Processing /home/airflow/.local/lib/python3.7/site-packages/airflow/example_dags/example_branch_python_dop_operator_3.py took 0.083 seconds
[2023-08-03T11:56:08.728+0000] {processor.py:157} INFO - Started process (PID=3137) to work on /home/airflow/.local/lib/python3.7/site-packages/airflow/example_dags/example_branch_python_dop_operator_3.py
[2023-08-03T11:56:08.731+0000] {processor.py:826} INFO - Processing file /home/airflow/.local/lib/python3.7/site-packages/airflow/example_dags/example_branch_python_dop_operator_3.py for tasks to queue
[2023-08-03T11:56:08.734+0000] {logging_mixin.py:150} INFO - [2023-08-03T11:56:08.733+0000] {dagbag.py:541} INFO - Filling up the DagBag from /home/airflow/.local/lib/python3.7/site-packages/airflow/example_dags/example_branch_python_dop_operator_3.py
[2023-08-03T11:56:08.746+0000] {processor.py:836} INFO - DAG(s) dict_keys(['example_branch_dop_operator_v3']) retrieved from /home/airflow/.local/lib/python3.7/site-packages/airflow/example_dags/example_branch_python_dop_operator_3.py
[2023-08-03T11:56:08.826+0000] {logging_mixin.py:150} INFO - [2023-08-03T11:56:08.826+0000] {dag.py:2742} INFO - Sync 1 DAGs
[2023-08-03T11:56:08.849+0000] {logging_mixin.py:150} INFO - [2023-08-03T11:56:08.849+0000] {dag.py:3508} INFO - Setting next_dagrun for example_branch_dop_operator_v3 to 2023-08-03T11:55:00+00:00, run_after=2023-08-03T11:56:00+00:00
[2023-08-03T11:56:08.865+0000] {processor.py:179} INFO - Processing /home/airflow/.local/lib/python3.7/site-packages/airflow/example_dags/example_branch_python_dop_operator_3.py took 0.142 seconds
[2023-08-03T13:18:49.177+0000] {processor.py:157} INFO - Started process (PID=3194) to work on /home/airflow/.local/lib/python3.7/site-packages/airflow/example_dags/example_branch_python_dop_operator_3.py
[2023-08-03T13:18:49.181+0000] {processor.py:826} INFO - Processing file /home/airflow/.local/lib/python3.7/site-packages/airflow/example_dags/example_branch_python_dop_operator_3.py for tasks to queue
[2023-08-03T13:18:49.183+0000] {logging_mixin.py:150} INFO - [2023-08-03T13:18:49.182+0000] {dagbag.py:541} INFO - Filling up the DagBag from /home/airflow/.local/lib/python3.7/site-packages/airflow/example_dags/example_branch_python_dop_operator_3.py
[2023-08-03T13:18:49.194+0000] {processor.py:836} INFO - DAG(s) dict_keys(['example_branch_dop_operator_v3']) retrieved from /home/airflow/.local/lib/python3.7/site-packages/airflow/example_dags/example_branch_python_dop_operator_3.py
[2023-08-03T13:18:49.229+0000] {logging_mixin.py:150} INFO - [2023-08-03T13:18:49.229+0000] {dag.py:2742} INFO - Sync 1 DAGs
[2023-08-03T13:18:49.249+0000] {logging_mixin.py:150} INFO - [2023-08-03T13:18:49.249+0000] {dag.py:3508} INFO - Setting next_dagrun for example_branch_dop_operator_v3 to 2023-08-03T13:17:00+00:00, run_after=2023-08-03T13:18:00+00:00
[2023-08-03T13:18:49.269+0000] {processor.py:179} INFO - Processing /home/airflow/.local/lib/python3.7/site-packages/airflow/example_dags/example_branch_python_dop_operator_3.py took 0.095 seconds
[2023-08-03T15:00:04.531+0000] {processor.py:157} INFO - Started process (PID=3250) to work on /home/airflow/.local/lib/python3.7/site-packages/airflow/example_dags/example_branch_python_dop_operator_3.py
[2023-08-03T15:00:04.534+0000] {processor.py:826} INFO - Processing file /home/airflow/.local/lib/python3.7/site-packages/airflow/example_dags/example_branch_python_dop_operator_3.py for tasks to queue
[2023-08-03T15:00:04.536+0000] {logging_mixin.py:150} INFO - [2023-08-03T15:00:04.535+0000] {dagbag.py:541} INFO - Filling up the DagBag from /home/airflow/.local/lib/python3.7/site-packages/airflow/example_dags/example_branch_python_dop_operator_3.py
[2023-08-03T15:00:04.545+0000] {processor.py:836} INFO - DAG(s) dict_keys(['example_branch_dop_operator_v3']) retrieved from /home/airflow/.local/lib/python3.7/site-packages/airflow/example_dags/example_branch_python_dop_operator_3.py
[2023-08-03T15:00:04.574+0000] {logging_mixin.py:150} INFO - [2023-08-03T15:00:04.574+0000] {dag.py:2742} INFO - Sync 1 DAGs
[2023-08-03T15:00:04.600+0000] {logging_mixin.py:150} INFO - [2023-08-03T15:00:04.600+0000] {dag.py:3508} INFO - Setting next_dagrun for example_branch_dop_operator_v3 to 2023-08-03T14:59:00+00:00, run_after=2023-08-03T15:00:00+00:00
[2023-08-03T15:00:04.620+0000] {processor.py:179} INFO - Processing /home/airflow/.local/lib/python3.7/site-packages/airflow/example_dags/example_branch_python_dop_operator_3.py took 0.093 seconds
[2023-08-03T16:41:35.673+0000] {processor.py:157} INFO - Started process (PID=3307) to work on /home/airflow/.local/lib/python3.7/site-packages/airflow/example_dags/example_branch_python_dop_operator_3.py
[2023-08-03T16:41:35.675+0000] {processor.py:826} INFO - Processing file /home/airflow/.local/lib/python3.7/site-packages/airflow/example_dags/example_branch_python_dop_operator_3.py for tasks to queue
[2023-08-03T16:41:35.685+0000] {logging_mixin.py:150} INFO - [2023-08-03T16:41:35.684+0000] {dagbag.py:541} INFO - Filling up the DagBag from /home/airflow/.local/lib/python3.7/site-packages/airflow/example_dags/example_branch_python_dop_operator_3.py
[2023-08-03T16:41:35.692+0000] {processor.py:836} INFO - DAG(s) dict_keys(['example_branch_dop_operator_v3']) retrieved from /home/airflow/.local/lib/python3.7/site-packages/airflow/example_dags/example_branch_python_dop_operator_3.py
[2023-08-03T16:41:35.715+0000] {logging_mixin.py:150} INFO - [2023-08-03T16:41:35.714+0000] {dag.py:2742} INFO - Sync 1 DAGs
[2023-08-03T16:41:35.737+0000] {logging_mixin.py:150} INFO - [2023-08-03T16:41:35.736+0000] {dag.py:3508} INFO - Setting next_dagrun for example_branch_dop_operator_v3 to 2023-08-03T16:40:00+00:00, run_after=2023-08-03T16:41:00+00:00
[2023-08-03T16:41:35.751+0000] {processor.py:179} INFO - Processing /home/airflow/.local/lib/python3.7/site-packages/airflow/example_dags/example_branch_python_dop_operator_3.py took 0.081 seconds
[2023-08-03T18:03:01.289+0000] {processor.py:157} INFO - Started process (PID=3363) to work on /home/airflow/.local/lib/python3.7/site-packages/airflow/example_dags/example_branch_python_dop_operator_3.py
[2023-08-03T18:03:01.302+0000] {processor.py:826} INFO - Processing file /home/airflow/.local/lib/python3.7/site-packages/airflow/example_dags/example_branch_python_dop_operator_3.py for tasks to queue
[2023-08-03T18:03:01.303+0000] {logging_mixin.py:150} INFO - [2023-08-03T18:03:01.303+0000] {dagbag.py:541} INFO - Filling up the DagBag from /home/airflow/.local/lib/python3.7/site-packages/airflow/example_dags/example_branch_python_dop_operator_3.py
[2023-08-03T18:03:01.313+0000] {processor.py:836} INFO - DAG(s) dict_keys(['example_branch_dop_operator_v3']) retrieved from /home/airflow/.local/lib/python3.7/site-packages/airflow/example_dags/example_branch_python_dop_operator_3.py
[2023-08-03T18:03:01.337+0000] {logging_mixin.py:150} INFO - [2023-08-03T18:03:01.337+0000] {dag.py:2742} INFO - Sync 1 DAGs
[2023-08-03T18:03:01.360+0000] {logging_mixin.py:150} INFO - [2023-08-03T18:03:01.360+0000] {dag.py:3508} INFO - Setting next_dagrun for example_branch_dop_operator_v3 to 2023-08-03T18:02:00+00:00, run_after=2023-08-03T18:03:00+00:00
[2023-08-03T18:03:01.383+0000] {processor.py:179} INFO - Processing /home/airflow/.local/lib/python3.7/site-packages/airflow/example_dags/example_branch_python_dop_operator_3.py took 0.097 seconds
[2023-08-03T19:44:22.829+0000] {processor.py:157} INFO - Started process (PID=3420) to work on /home/airflow/.local/lib/python3.7/site-packages/airflow/example_dags/example_branch_python_dop_operator_3.py
[2023-08-03T19:44:22.830+0000] {processor.py:826} INFO - Processing file /home/airflow/.local/lib/python3.7/site-packages/airflow/example_dags/example_branch_python_dop_operator_3.py for tasks to queue
[2023-08-03T19:44:22.832+0000] {logging_mixin.py:150} INFO - [2023-08-03T19:44:22.832+0000] {dagbag.py:541} INFO - Filling up the DagBag from /home/airflow/.local/lib/python3.7/site-packages/airflow/example_dags/example_branch_python_dop_operator_3.py
[2023-08-03T19:44:22.838+0000] {processor.py:836} INFO - DAG(s) dict_keys(['example_branch_dop_operator_v3']) retrieved from /home/airflow/.local/lib/python3.7/site-packages/airflow/example_dags/example_branch_python_dop_operator_3.py
[2023-08-03T19:44:22.859+0000] {logging_mixin.py:150} INFO - [2023-08-03T19:44:22.859+0000] {dag.py:2742} INFO - Sync 1 DAGs
[2023-08-03T19:44:22.878+0000] {logging_mixin.py:150} INFO - [2023-08-03T19:44:22.878+0000] {dag.py:3508} INFO - Setting next_dagrun for example_branch_dop_operator_v3 to 2023-08-03T19:43:00+00:00, run_after=2023-08-03T19:44:00+00:00
[2023-08-03T19:44:22.892+0000] {processor.py:179} INFO - Processing /home/airflow/.local/lib/python3.7/site-packages/airflow/example_dags/example_branch_python_dop_operator_3.py took 0.066 seconds
[2023-08-03T21:07:13.248+0000] {processor.py:157} INFO - Started process (PID=3477) to work on /home/airflow/.local/lib/python3.7/site-packages/airflow/example_dags/example_branch_python_dop_operator_3.py
[2023-08-03T21:07:13.251+0000] {processor.py:826} INFO - Processing file /home/airflow/.local/lib/python3.7/site-packages/airflow/example_dags/example_branch_python_dop_operator_3.py for tasks to queue
[2023-08-03T21:07:13.253+0000] {logging_mixin.py:150} INFO - [2023-08-03T21:07:13.253+0000] {dagbag.py:541} INFO - Filling up the DagBag from /home/airflow/.local/lib/python3.7/site-packages/airflow/example_dags/example_branch_python_dop_operator_3.py
[2023-08-03T21:07:13.262+0000] {processor.py:836} INFO - DAG(s) dict_keys(['example_branch_dop_operator_v3']) retrieved from /home/airflow/.local/lib/python3.7/site-packages/airflow/example_dags/example_branch_python_dop_operator_3.py
[2023-08-03T21:07:13.287+0000] {logging_mixin.py:150} INFO - [2023-08-03T21:07:13.287+0000] {dag.py:2742} INFO - Sync 1 DAGs
[2023-08-03T21:07:13.315+0000] {logging_mixin.py:150} INFO - [2023-08-03T21:07:13.315+0000] {dag.py:3508} INFO - Setting next_dagrun for example_branch_dop_operator_v3 to 2023-08-03T21:06:00+00:00, run_after=2023-08-03T21:07:00+00:00
[2023-08-03T21:07:13.346+0000] {processor.py:179} INFO - Processing /home/airflow/.local/lib/python3.7/site-packages/airflow/example_dags/example_branch_python_dop_operator_3.py took 0.102 seconds
[2023-08-03T22:46:10.479+0000] {processor.py:157} INFO - Started process (PID=3534) to work on /home/airflow/.local/lib/python3.7/site-packages/airflow/example_dags/example_branch_python_dop_operator_3.py
[2023-08-03T22:46:10.483+0000] {processor.py:826} INFO - Processing file /home/airflow/.local/lib/python3.7/site-packages/airflow/example_dags/example_branch_python_dop_operator_3.py for tasks to queue
[2023-08-03T22:46:10.484+0000] {logging_mixin.py:150} INFO - [2023-08-03T22:46:10.484+0000] {dagbag.py:541} INFO - Filling up the DagBag from /home/airflow/.local/lib/python3.7/site-packages/airflow/example_dags/example_branch_python_dop_operator_3.py
[2023-08-03T22:46:10.496+0000] {processor.py:836} INFO - DAG(s) dict_keys(['example_branch_dop_operator_v3']) retrieved from /home/airflow/.local/lib/python3.7/site-packages/airflow/example_dags/example_branch_python_dop_operator_3.py
[2023-08-03T22:46:10.517+0000] {logging_mixin.py:150} INFO - [2023-08-03T22:46:10.517+0000] {dag.py:2742} INFO - Sync 1 DAGs
[2023-08-03T22:46:10.538+0000] {logging_mixin.py:150} INFO - [2023-08-03T22:46:10.538+0000] {dag.py:3508} INFO - Setting next_dagrun for example_branch_dop_operator_v3 to 2023-08-03T22:45:00+00:00, run_after=2023-08-03T22:46:00+00:00
[2023-08-03T22:46:10.549+0000] {processor.py:179} INFO - Processing /home/airflow/.local/lib/python3.7/site-packages/airflow/example_dags/example_branch_python_dop_operator_3.py took 0.074 seconds
[2023-08-03T23:58:30.971+0000] {processor.py:157} INFO - Started process (PID=3590) to work on /home/airflow/.local/lib/python3.7/site-packages/airflow/example_dags/example_branch_python_dop_operator_3.py
[2023-08-03T23:58:30.974+0000] {processor.py:826} INFO - Processing file /home/airflow/.local/lib/python3.7/site-packages/airflow/example_dags/example_branch_python_dop_operator_3.py for tasks to queue
[2023-08-03T23:58:30.980+0000] {logging_mixin.py:150} INFO - [2023-08-03T23:58:30.979+0000] {dagbag.py:541} INFO - Filling up the DagBag from /home/airflow/.local/lib/python3.7/site-packages/airflow/example_dags/example_branch_python_dop_operator_3.py
[2023-08-03T23:58:30.994+0000] {processor.py:836} INFO - DAG(s) dict_keys(['example_branch_dop_operator_v3']) retrieved from /home/airflow/.local/lib/python3.7/site-packages/airflow/example_dags/example_branch_python_dop_operator_3.py
[2023-08-03T23:58:31.046+0000] {logging_mixin.py:150} INFO - [2023-08-03T23:58:31.046+0000] {dag.py:2742} INFO - Sync 1 DAGs
[2023-08-03T23:58:31.085+0000] {logging_mixin.py:150} INFO - [2023-08-03T23:58:31.085+0000] {dag.py:3508} INFO - Setting next_dagrun for example_branch_dop_operator_v3 to 2023-08-03T23:57:00+00:00, run_after=2023-08-03T23:58:00+00:00
[2023-08-03T23:58:31.102+0000] {processor.py:179} INFO - Processing /home/airflow/.local/lib/python3.7/site-packages/airflow/example_dags/example_branch_python_dop_operator_3.py took 0.138 seconds
[2023-08-03T23:59:01.291+0000] {processor.py:157} INFO - Started process (PID=3647) to work on /home/airflow/.local/lib/python3.7/site-packages/airflow/example_dags/example_branch_python_dop_operator_3.py
[2023-08-03T23:59:01.293+0000] {processor.py:826} INFO - Processing file /home/airflow/.local/lib/python3.7/site-packages/airflow/example_dags/example_branch_python_dop_operator_3.py for tasks to queue
[2023-08-03T23:59:01.295+0000] {logging_mixin.py:150} INFO - [2023-08-03T23:59:01.295+0000] {dagbag.py:541} INFO - Filling up the DagBag from /home/airflow/.local/lib/python3.7/site-packages/airflow/example_dags/example_branch_python_dop_operator_3.py
[2023-08-03T23:59:01.303+0000] {processor.py:836} INFO - DAG(s) dict_keys(['example_branch_dop_operator_v3']) retrieved from /home/airflow/.local/lib/python3.7/site-packages/airflow/example_dags/example_branch_python_dop_operator_3.py
[2023-08-03T23:59:01.325+0000] {logging_mixin.py:150} INFO - [2023-08-03T23:59:01.325+0000] {dag.py:2742} INFO - Sync 1 DAGs
[2023-08-03T23:59:01.346+0000] {logging_mixin.py:150} INFO - [2023-08-03T23:59:01.346+0000] {dag.py:3508} INFO - Setting next_dagrun for example_branch_dop_operator_v3 to 2023-08-03T23:58:00+00:00, run_after=2023-08-03T23:59:00+00:00
[2023-08-03T23:59:01.363+0000] {processor.py:179} INFO - Processing /home/airflow/.local/lib/python3.7/site-packages/airflow/example_dags/example_branch_python_dop_operator_3.py took 0.077 seconds
[2023-08-03T23:59:32.401+0000] {processor.py:157} INFO - Started process (PID=3705) to work on /home/airflow/.local/lib/python3.7/site-packages/airflow/example_dags/example_branch_python_dop_operator_3.py
[2023-08-03T23:59:32.404+0000] {processor.py:826} INFO - Processing file /home/airflow/.local/lib/python3.7/site-packages/airflow/example_dags/example_branch_python_dop_operator_3.py for tasks to queue
[2023-08-03T23:59:32.405+0000] {logging_mixin.py:150} INFO - [2023-08-03T23:59:32.405+0000] {dagbag.py:541} INFO - Filling up the DagBag from /home/airflow/.local/lib/python3.7/site-packages/airflow/example_dags/example_branch_python_dop_operator_3.py
[2023-08-03T23:59:32.429+0000] {processor.py:836} INFO - DAG(s) dict_keys(['example_branch_dop_operator_v3']) retrieved from /home/airflow/.local/lib/python3.7/site-packages/airflow/example_dags/example_branch_python_dop_operator_3.py
[2023-08-03T23:59:32.451+0000] {logging_mixin.py:150} INFO - [2023-08-03T23:59:32.451+0000] {dag.py:2742} INFO - Sync 1 DAGs
[2023-08-03T23:59:32.473+0000] {logging_mixin.py:150} INFO - [2023-08-03T23:59:32.473+0000] {dag.py:3508} INFO - Setting next_dagrun for example_branch_dop_operator_v3 to 2023-08-03T23:58:00+00:00, run_after=2023-08-03T23:59:00+00:00
[2023-08-03T23:59:32.487+0000] {processor.py:179} INFO - Processing /home/airflow/.local/lib/python3.7/site-packages/airflow/example_dags/example_branch_python_dop_operator_3.py took 0.090 seconds
