[2023-08-03T01:04:27.755+0000] {processor.py:157} INFO - Started process (PID=2725) to work on /home/airflow/.local/lib/python3.7/site-packages/airflow/example_dags/example_task_group_decorator.py
[2023-08-03T01:04:27.761+0000] {processor.py:826} INFO - Processing file /home/airflow/.local/lib/python3.7/site-packages/airflow/example_dags/example_task_group_decorator.py for tasks to queue
[2023-08-03T01:04:27.763+0000] {logging_mixin.py:150} INFO - [2023-08-03T01:04:27.763+0000] {dagbag.py:541} INFO - Filling up the DagBag from /home/airflow/.local/lib/python3.7/site-packages/airflow/example_dags/example_task_group_decorator.py
[2023-08-03T01:04:27.786+0000] {processor.py:836} INFO - DAG(s) dict_keys(['example_task_group_decorator']) retrieved from /home/airflow/.local/lib/python3.7/site-packages/airflow/example_dags/example_task_group_decorator.py
[2023-08-03T01:04:27.814+0000] {logging_mixin.py:150} INFO - [2023-08-03T01:04:27.814+0000] {dag.py:2742} INFO - Sync 1 DAGs
[2023-08-03T01:04:27.836+0000] {logging_mixin.py:150} INFO - [2023-08-03T01:04:27.836+0000] {dag.py:3508} INFO - Setting next_dagrun for example_task_group_decorator to 2023-08-02T01:04:27.836060+00:00, run_after=2023-08-03T01:04:27.836060+00:00
[2023-08-03T01:04:27.864+0000] {processor.py:179} INFO - Processing /home/airflow/.local/lib/python3.7/site-packages/airflow/example_dags/example_task_group_decorator.py took 0.114 seconds
[2023-08-03T02:27:40.548+0000] {processor.py:157} INFO - Started process (PID=2782) to work on /home/airflow/.local/lib/python3.7/site-packages/airflow/example_dags/example_task_group_decorator.py
[2023-08-03T02:27:40.553+0000] {processor.py:826} INFO - Processing file /home/airflow/.local/lib/python3.7/site-packages/airflow/example_dags/example_task_group_decorator.py for tasks to queue
[2023-08-03T02:27:40.554+0000] {logging_mixin.py:150} INFO - [2023-08-03T02:27:40.554+0000] {dagbag.py:541} INFO - Filling up the DagBag from /home/airflow/.local/lib/python3.7/site-packages/airflow/example_dags/example_task_group_decorator.py
[2023-08-03T02:27:40.568+0000] {processor.py:836} INFO - DAG(s) dict_keys(['example_task_group_decorator']) retrieved from /home/airflow/.local/lib/python3.7/site-packages/airflow/example_dags/example_task_group_decorator.py
[2023-08-03T02:27:40.593+0000] {logging_mixin.py:150} INFO - [2023-08-03T02:27:40.593+0000] {dag.py:2742} INFO - Sync 1 DAGs
[2023-08-03T02:27:40.615+0000] {logging_mixin.py:150} INFO - [2023-08-03T02:27:40.615+0000] {dag.py:3508} INFO - Setting next_dagrun for example_task_group_decorator to 2023-08-02T02:27:40.615329+00:00, run_after=2023-08-03T02:27:40.615329+00:00
[2023-08-03T02:27:40.631+0000] {processor.py:179} INFO - Processing /home/airflow/.local/lib/python3.7/site-packages/airflow/example_dags/example_task_group_decorator.py took 0.086 seconds
[2023-08-03T04:08:03.846+0000] {processor.py:157} INFO - Started process (PID=2839) to work on /home/airflow/.local/lib/python3.7/site-packages/airflow/example_dags/example_task_group_decorator.py
[2023-08-03T04:08:03.849+0000] {processor.py:826} INFO - Processing file /home/airflow/.local/lib/python3.7/site-packages/airflow/example_dags/example_task_group_decorator.py for tasks to queue
[2023-08-03T04:08:03.851+0000] {logging_mixin.py:150} INFO - [2023-08-03T04:08:03.850+0000] {dagbag.py:541} INFO - Filling up the DagBag from /home/airflow/.local/lib/python3.7/site-packages/airflow/example_dags/example_task_group_decorator.py
[2023-08-03T04:08:03.899+0000] {processor.py:836} INFO - DAG(s) dict_keys(['example_task_group_decorator']) retrieved from /home/airflow/.local/lib/python3.7/site-packages/airflow/example_dags/example_task_group_decorator.py
[2023-08-03T04:08:04.014+0000] {logging_mixin.py:150} INFO - [2023-08-03T04:08:04.014+0000] {dag.py:2742} INFO - Sync 1 DAGs
[2023-08-03T04:08:04.082+0000] {logging_mixin.py:150} INFO - [2023-08-03T04:08:04.081+0000] {dag.py:3508} INFO - Setting next_dagrun for example_task_group_decorator to 2023-08-02T04:08:04.081321+00:00, run_after=2023-08-03T04:08:04.081321+00:00
[2023-08-03T04:08:04.131+0000] {processor.py:179} INFO - Processing /home/airflow/.local/lib/python3.7/site-packages/airflow/example_dags/example_task_group_decorator.py took 0.309 seconds
[2023-08-03T05:31:52.763+0000] {processor.py:157} INFO - Started process (PID=2896) to work on /home/airflow/.local/lib/python3.7/site-packages/airflow/example_dags/example_task_group_decorator.py
[2023-08-03T05:31:52.780+0000] {processor.py:826} INFO - Processing file /home/airflow/.local/lib/python3.7/site-packages/airflow/example_dags/example_task_group_decorator.py for tasks to queue
[2023-08-03T05:31:52.783+0000] {logging_mixin.py:150} INFO - [2023-08-03T05:31:52.782+0000] {dagbag.py:541} INFO - Filling up the DagBag from /home/airflow/.local/lib/python3.7/site-packages/airflow/example_dags/example_task_group_decorator.py
[2023-08-03T05:31:52.797+0000] {processor.py:836} INFO - DAG(s) dict_keys(['example_task_group_decorator']) retrieved from /home/airflow/.local/lib/python3.7/site-packages/airflow/example_dags/example_task_group_decorator.py
[2023-08-03T05:31:52.822+0000] {logging_mixin.py:150} INFO - [2023-08-03T05:31:52.822+0000] {dag.py:2742} INFO - Sync 1 DAGs
[2023-08-03T05:31:52.844+0000] {logging_mixin.py:150} INFO - [2023-08-03T05:31:52.844+0000] {dag.py:3508} INFO - Setting next_dagrun for example_task_group_decorator to 2023-08-02T05:31:52.843087+00:00, run_after=2023-08-03T05:31:52.843087+00:00
[2023-08-03T05:31:52.862+0000] {processor.py:179} INFO - Processing /home/airflow/.local/lib/python3.7/site-packages/airflow/example_dags/example_task_group_decorator.py took 0.103 seconds
[2023-08-03T07:13:14.288+0000] {processor.py:157} INFO - Started process (PID=2953) to work on /home/airflow/.local/lib/python3.7/site-packages/airflow/example_dags/example_task_group_decorator.py
[2023-08-03T07:13:14.295+0000] {processor.py:826} INFO - Processing file /home/airflow/.local/lib/python3.7/site-packages/airflow/example_dags/example_task_group_decorator.py for tasks to queue
[2023-08-03T07:13:14.299+0000] {logging_mixin.py:150} INFO - [2023-08-03T07:13:14.298+0000] {dagbag.py:541} INFO - Filling up the DagBag from /home/airflow/.local/lib/python3.7/site-packages/airflow/example_dags/example_task_group_decorator.py
[2023-08-03T07:13:14.341+0000] {processor.py:836} INFO - DAG(s) dict_keys(['example_task_group_decorator']) retrieved from /home/airflow/.local/lib/python3.7/site-packages/airflow/example_dags/example_task_group_decorator.py
[2023-08-03T07:13:14.427+0000] {logging_mixin.py:150} INFO - [2023-08-03T07:13:14.425+0000] {dag.py:2742} INFO - Sync 1 DAGs
[2023-08-03T07:13:14.539+0000] {logging_mixin.py:150} INFO - [2023-08-03T07:13:14.538+0000] {dag.py:3508} INFO - Setting next_dagrun for example_task_group_decorator to 2023-08-02T07:13:14.538386+00:00, run_after=2023-08-03T07:13:14.538386+00:00
[2023-08-03T07:13:14.595+0000] {processor.py:179} INFO - Processing /home/airflow/.local/lib/python3.7/site-packages/airflow/example_dags/example_task_group_decorator.py took 0.323 seconds
[2023-08-03T08:54:05.247+0000] {processor.py:157} INFO - Started process (PID=3010) to work on /home/airflow/.local/lib/python3.7/site-packages/airflow/example_dags/example_task_group_decorator.py
[2023-08-03T08:54:05.249+0000] {processor.py:826} INFO - Processing file /home/airflow/.local/lib/python3.7/site-packages/airflow/example_dags/example_task_group_decorator.py for tasks to queue
[2023-08-03T08:54:05.250+0000] {logging_mixin.py:150} INFO - [2023-08-03T08:54:05.250+0000] {dagbag.py:541} INFO - Filling up the DagBag from /home/airflow/.local/lib/python3.7/site-packages/airflow/example_dags/example_task_group_decorator.py
[2023-08-03T08:54:05.263+0000] {processor.py:836} INFO - DAG(s) dict_keys(['example_task_group_decorator']) retrieved from /home/airflow/.local/lib/python3.7/site-packages/airflow/example_dags/example_task_group_decorator.py
[2023-08-03T08:54:05.290+0000] {logging_mixin.py:150} INFO - [2023-08-03T08:54:05.290+0000] {dag.py:2742} INFO - Sync 1 DAGs
[2023-08-03T08:54:05.310+0000] {logging_mixin.py:150} INFO - [2023-08-03T08:54:05.310+0000] {dag.py:3508} INFO - Setting next_dagrun for example_task_group_decorator to 2023-08-02T08:54:05.310405+00:00, run_after=2023-08-03T08:54:05.310405+00:00
[2023-08-03T08:54:05.329+0000] {processor.py:179} INFO - Processing /home/airflow/.local/lib/python3.7/site-packages/airflow/example_dags/example_task_group_decorator.py took 0.086 seconds
[2023-08-03T10:17:22.723+0000] {processor.py:157} INFO - Started process (PID=3067) to work on /home/airflow/.local/lib/python3.7/site-packages/airflow/example_dags/example_task_group_decorator.py
[2023-08-03T10:17:22.726+0000] {processor.py:826} INFO - Processing file /home/airflow/.local/lib/python3.7/site-packages/airflow/example_dags/example_task_group_decorator.py for tasks to queue
[2023-08-03T10:17:22.733+0000] {logging_mixin.py:150} INFO - [2023-08-03T10:17:22.733+0000] {dagbag.py:541} INFO - Filling up the DagBag from /home/airflow/.local/lib/python3.7/site-packages/airflow/example_dags/example_task_group_decorator.py
[2023-08-03T10:17:22.752+0000] {processor.py:836} INFO - DAG(s) dict_keys(['example_task_group_decorator']) retrieved from /home/airflow/.local/lib/python3.7/site-packages/airflow/example_dags/example_task_group_decorator.py
[2023-08-03T10:17:22.788+0000] {logging_mixin.py:150} INFO - [2023-08-03T10:17:22.788+0000] {dag.py:2742} INFO - Sync 1 DAGs
[2023-08-03T10:17:22.819+0000] {logging_mixin.py:150} INFO - [2023-08-03T10:17:22.819+0000] {dag.py:3508} INFO - Setting next_dagrun for example_task_group_decorator to 2023-08-02T10:17:22.819460+00:00, run_after=2023-08-03T10:17:22.819460+00:00
[2023-08-03T10:17:22.840+0000] {processor.py:179} INFO - Processing /home/airflow/.local/lib/python3.7/site-packages/airflow/example_dags/example_task_group_decorator.py took 0.122 seconds
[2023-08-03T11:56:07.609+0000] {processor.py:157} INFO - Started process (PID=3125) to work on /home/airflow/.local/lib/python3.7/site-packages/airflow/example_dags/example_task_group_decorator.py
[2023-08-03T11:56:07.612+0000] {processor.py:826} INFO - Processing file /home/airflow/.local/lib/python3.7/site-packages/airflow/example_dags/example_task_group_decorator.py for tasks to queue
[2023-08-03T11:56:07.615+0000] {logging_mixin.py:150} INFO - [2023-08-03T11:56:07.614+0000] {dagbag.py:541} INFO - Filling up the DagBag from /home/airflow/.local/lib/python3.7/site-packages/airflow/example_dags/example_task_group_decorator.py
[2023-08-03T11:56:07.628+0000] {processor.py:836} INFO - DAG(s) dict_keys(['example_task_group_decorator']) retrieved from /home/airflow/.local/lib/python3.7/site-packages/airflow/example_dags/example_task_group_decorator.py
[2023-08-03T11:56:07.655+0000] {logging_mixin.py:150} INFO - [2023-08-03T11:56:07.654+0000] {dag.py:2742} INFO - Sync 1 DAGs
[2023-08-03T11:56:07.675+0000] {logging_mixin.py:150} INFO - [2023-08-03T11:56:07.675+0000] {dag.py:3508} INFO - Setting next_dagrun for example_task_group_decorator to 2023-08-02T11:56:07.675103+00:00, run_after=2023-08-03T11:56:07.675103+00:00
[2023-08-03T11:56:07.689+0000] {processor.py:179} INFO - Processing /home/airflow/.local/lib/python3.7/site-packages/airflow/example_dags/example_task_group_decorator.py took 0.083 seconds
[2023-08-03T13:18:47.975+0000] {processor.py:157} INFO - Started process (PID=3182) to work on /home/airflow/.local/lib/python3.7/site-packages/airflow/example_dags/example_task_group_decorator.py
[2023-08-03T13:18:47.984+0000] {processor.py:826} INFO - Processing file /home/airflow/.local/lib/python3.7/site-packages/airflow/example_dags/example_task_group_decorator.py for tasks to queue
[2023-08-03T13:18:47.993+0000] {logging_mixin.py:150} INFO - [2023-08-03T13:18:47.992+0000] {dagbag.py:541} INFO - Filling up the DagBag from /home/airflow/.local/lib/python3.7/site-packages/airflow/example_dags/example_task_group_decorator.py
[2023-08-03T13:18:48.038+0000] {processor.py:836} INFO - DAG(s) dict_keys(['example_task_group_decorator']) retrieved from /home/airflow/.local/lib/python3.7/site-packages/airflow/example_dags/example_task_group_decorator.py
[2023-08-03T13:18:48.114+0000] {logging_mixin.py:150} INFO - [2023-08-03T13:18:48.114+0000] {dag.py:2742} INFO - Sync 1 DAGs
[2023-08-03T13:18:48.152+0000] {logging_mixin.py:150} INFO - [2023-08-03T13:18:48.152+0000] {dag.py:3508} INFO - Setting next_dagrun for example_task_group_decorator to 2023-08-02T13:18:48.151432+00:00, run_after=2023-08-03T13:18:48.151432+00:00
[2023-08-03T13:18:48.175+0000] {processor.py:179} INFO - Processing /home/airflow/.local/lib/python3.7/site-packages/airflow/example_dags/example_task_group_decorator.py took 0.213 seconds
[2023-08-03T15:00:02.931+0000] {processor.py:157} INFO - Started process (PID=3238) to work on /home/airflow/.local/lib/python3.7/site-packages/airflow/example_dags/example_task_group_decorator.py
[2023-08-03T15:00:02.934+0000] {processor.py:826} INFO - Processing file /home/airflow/.local/lib/python3.7/site-packages/airflow/example_dags/example_task_group_decorator.py for tasks to queue
[2023-08-03T15:00:02.936+0000] {logging_mixin.py:150} INFO - [2023-08-03T15:00:02.936+0000] {dagbag.py:541} INFO - Filling up the DagBag from /home/airflow/.local/lib/python3.7/site-packages/airflow/example_dags/example_task_group_decorator.py
[2023-08-03T15:00:02.951+0000] {processor.py:836} INFO - DAG(s) dict_keys(['example_task_group_decorator']) retrieved from /home/airflow/.local/lib/python3.7/site-packages/airflow/example_dags/example_task_group_decorator.py
[2023-08-03T15:00:02.977+0000] {logging_mixin.py:150} INFO - [2023-08-03T15:00:02.976+0000] {dag.py:2742} INFO - Sync 1 DAGs
[2023-08-03T15:00:02.997+0000] {logging_mixin.py:150} INFO - [2023-08-03T15:00:02.997+0000] {dag.py:3508} INFO - Setting next_dagrun for example_task_group_decorator to 2023-08-02T15:00:02.997486+00:00, run_after=2023-08-03T15:00:02.997486+00:00
[2023-08-03T15:00:03.011+0000] {processor.py:179} INFO - Processing /home/airflow/.local/lib/python3.7/site-packages/airflow/example_dags/example_task_group_decorator.py took 0.084 seconds
[2023-08-03T16:41:34.551+0000] {processor.py:157} INFO - Started process (PID=3295) to work on /home/airflow/.local/lib/python3.7/site-packages/airflow/example_dags/example_task_group_decorator.py
[2023-08-03T16:41:34.557+0000] {processor.py:826} INFO - Processing file /home/airflow/.local/lib/python3.7/site-packages/airflow/example_dags/example_task_group_decorator.py for tasks to queue
[2023-08-03T16:41:34.560+0000] {logging_mixin.py:150} INFO - [2023-08-03T16:41:34.560+0000] {dagbag.py:541} INFO - Filling up the DagBag from /home/airflow/.local/lib/python3.7/site-packages/airflow/example_dags/example_task_group_decorator.py
[2023-08-03T16:41:34.615+0000] {processor.py:836} INFO - DAG(s) dict_keys(['example_task_group_decorator']) retrieved from /home/airflow/.local/lib/python3.7/site-packages/airflow/example_dags/example_task_group_decorator.py
[2023-08-03T16:41:34.681+0000] {logging_mixin.py:150} INFO - [2023-08-03T16:41:34.681+0000] {dag.py:2742} INFO - Sync 1 DAGs
[2023-08-03T16:41:34.726+0000] {logging_mixin.py:150} INFO - [2023-08-03T16:41:34.726+0000] {dag.py:3508} INFO - Setting next_dagrun for example_task_group_decorator to 2023-08-02T16:41:34.724356+00:00, run_after=2023-08-03T16:41:34.724356+00:00
[2023-08-03T16:41:34.759+0000] {processor.py:179} INFO - Processing /home/airflow/.local/lib/python3.7/site-packages/airflow/example_dags/example_task_group_decorator.py took 0.233 seconds
[2023-08-03T18:02:59.987+0000] {processor.py:157} INFO - Started process (PID=3351) to work on /home/airflow/.local/lib/python3.7/site-packages/airflow/example_dags/example_task_group_decorator.py
[2023-08-03T18:02:59.989+0000] {processor.py:826} INFO - Processing file /home/airflow/.local/lib/python3.7/site-packages/airflow/example_dags/example_task_group_decorator.py for tasks to queue
[2023-08-03T18:02:59.990+0000] {logging_mixin.py:150} INFO - [2023-08-03T18:02:59.990+0000] {dagbag.py:541} INFO - Filling up the DagBag from /home/airflow/.local/lib/python3.7/site-packages/airflow/example_dags/example_task_group_decorator.py
[2023-08-03T18:03:00.003+0000] {processor.py:836} INFO - DAG(s) dict_keys(['example_task_group_decorator']) retrieved from /home/airflow/.local/lib/python3.7/site-packages/airflow/example_dags/example_task_group_decorator.py
[2023-08-03T18:03:00.094+0000] {logging_mixin.py:150} INFO - [2023-08-03T18:03:00.094+0000] {dag.py:2742} INFO - Sync 1 DAGs
[2023-08-03T18:03:00.114+0000] {logging_mixin.py:150} INFO - [2023-08-03T18:03:00.113+0000] {dag.py:3508} INFO - Setting next_dagrun for example_task_group_decorator to 2023-08-02T18:03:00.113582+00:00, run_after=2023-08-03T18:03:00.113582+00:00
[2023-08-03T18:03:00.128+0000] {processor.py:179} INFO - Processing /home/airflow/.local/lib/python3.7/site-packages/airflow/example_dags/example_task_group_decorator.py took 0.144 seconds
[2023-08-03T19:44:21.809+0000] {processor.py:157} INFO - Started process (PID=3408) to work on /home/airflow/.local/lib/python3.7/site-packages/airflow/example_dags/example_task_group_decorator.py
[2023-08-03T19:44:21.811+0000] {processor.py:826} INFO - Processing file /home/airflow/.local/lib/python3.7/site-packages/airflow/example_dags/example_task_group_decorator.py for tasks to queue
[2023-08-03T19:44:21.812+0000] {logging_mixin.py:150} INFO - [2023-08-03T19:44:21.812+0000] {dagbag.py:541} INFO - Filling up the DagBag from /home/airflow/.local/lib/python3.7/site-packages/airflow/example_dags/example_task_group_decorator.py
[2023-08-03T19:44:21.825+0000] {processor.py:836} INFO - DAG(s) dict_keys(['example_task_group_decorator']) retrieved from /home/airflow/.local/lib/python3.7/site-packages/airflow/example_dags/example_task_group_decorator.py
[2023-08-03T19:44:21.851+0000] {logging_mixin.py:150} INFO - [2023-08-03T19:44:21.851+0000] {dag.py:2742} INFO - Sync 1 DAGs
[2023-08-03T19:44:21.871+0000] {logging_mixin.py:150} INFO - [2023-08-03T19:44:21.871+0000] {dag.py:3508} INFO - Setting next_dagrun for example_task_group_decorator to 2023-08-02T19:44:21.870979+00:00, run_after=2023-08-03T19:44:21.870979+00:00
[2023-08-03T19:44:21.886+0000] {processor.py:179} INFO - Processing /home/airflow/.local/lib/python3.7/site-packages/airflow/example_dags/example_task_group_decorator.py took 0.080 seconds
[2023-08-03T21:07:12.125+0000] {processor.py:157} INFO - Started process (PID=3465) to work on /home/airflow/.local/lib/python3.7/site-packages/airflow/example_dags/example_task_group_decorator.py
[2023-08-03T21:07:12.129+0000] {processor.py:826} INFO - Processing file /home/airflow/.local/lib/python3.7/site-packages/airflow/example_dags/example_task_group_decorator.py for tasks to queue
[2023-08-03T21:07:12.130+0000] {logging_mixin.py:150} INFO - [2023-08-03T21:07:12.130+0000] {dagbag.py:541} INFO - Filling up the DagBag from /home/airflow/.local/lib/python3.7/site-packages/airflow/example_dags/example_task_group_decorator.py
[2023-08-03T21:07:12.144+0000] {processor.py:836} INFO - DAG(s) dict_keys(['example_task_group_decorator']) retrieved from /home/airflow/.local/lib/python3.7/site-packages/airflow/example_dags/example_task_group_decorator.py
[2023-08-03T21:07:12.171+0000] {logging_mixin.py:150} INFO - [2023-08-03T21:07:12.170+0000] {dag.py:2742} INFO - Sync 1 DAGs
[2023-08-03T21:07:12.189+0000] {logging_mixin.py:150} INFO - [2023-08-03T21:07:12.189+0000] {dag.py:3508} INFO - Setting next_dagrun for example_task_group_decorator to 2023-08-02T21:07:12.189077+00:00, run_after=2023-08-03T21:07:12.189077+00:00
[2023-08-03T21:07:12.203+0000] {processor.py:179} INFO - Processing /home/airflow/.local/lib/python3.7/site-packages/airflow/example_dags/example_task_group_decorator.py took 0.082 seconds
[2023-08-03T22:46:09.480+0000] {processor.py:157} INFO - Started process (PID=3522) to work on /home/airflow/.local/lib/python3.7/site-packages/airflow/example_dags/example_task_group_decorator.py
[2023-08-03T22:46:09.482+0000] {processor.py:826} INFO - Processing file /home/airflow/.local/lib/python3.7/site-packages/airflow/example_dags/example_task_group_decorator.py for tasks to queue
[2023-08-03T22:46:09.484+0000] {logging_mixin.py:150} INFO - [2023-08-03T22:46:09.483+0000] {dagbag.py:541} INFO - Filling up the DagBag from /home/airflow/.local/lib/python3.7/site-packages/airflow/example_dags/example_task_group_decorator.py
[2023-08-03T22:46:09.496+0000] {processor.py:836} INFO - DAG(s) dict_keys(['example_task_group_decorator']) retrieved from /home/airflow/.local/lib/python3.7/site-packages/airflow/example_dags/example_task_group_decorator.py
[2023-08-03T22:46:09.523+0000] {logging_mixin.py:150} INFO - [2023-08-03T22:46:09.522+0000] {dag.py:2742} INFO - Sync 1 DAGs
[2023-08-03T22:46:09.542+0000] {logging_mixin.py:150} INFO - [2023-08-03T22:46:09.541+0000] {dag.py:3508} INFO - Setting next_dagrun for example_task_group_decorator to 2023-08-02T22:46:09.541614+00:00, run_after=2023-08-03T22:46:09.541614+00:00
[2023-08-03T22:46:09.557+0000] {processor.py:179} INFO - Processing /home/airflow/.local/lib/python3.7/site-packages/airflow/example_dags/example_task_group_decorator.py took 0.080 seconds
[2023-08-03T23:58:29.632+0000] {processor.py:157} INFO - Started process (PID=3578) to work on /home/airflow/.local/lib/python3.7/site-packages/airflow/example_dags/example_task_group_decorator.py
[2023-08-03T23:58:29.634+0000] {processor.py:826} INFO - Processing file /home/airflow/.local/lib/python3.7/site-packages/airflow/example_dags/example_task_group_decorator.py for tasks to queue
[2023-08-03T23:58:29.635+0000] {logging_mixin.py:150} INFO - [2023-08-03T23:58:29.635+0000] {dagbag.py:541} INFO - Filling up the DagBag from /home/airflow/.local/lib/python3.7/site-packages/airflow/example_dags/example_task_group_decorator.py
[2023-08-03T23:58:29.713+0000] {processor.py:836} INFO - DAG(s) dict_keys(['example_task_group_decorator']) retrieved from /home/airflow/.local/lib/python3.7/site-packages/airflow/example_dags/example_task_group_decorator.py
[2023-08-03T23:58:29.746+0000] {logging_mixin.py:150} INFO - [2023-08-03T23:58:29.746+0000] {dag.py:2742} INFO - Sync 1 DAGs
[2023-08-03T23:58:29.767+0000] {logging_mixin.py:150} INFO - [2023-08-03T23:58:29.767+0000] {dag.py:3508} INFO - Setting next_dagrun for example_task_group_decorator to 2023-08-02T23:58:29.767516+00:00, run_after=2023-08-03T23:58:29.767516+00:00
[2023-08-03T23:58:29.786+0000] {processor.py:179} INFO - Processing /home/airflow/.local/lib/python3.7/site-packages/airflow/example_dags/example_task_group_decorator.py took 0.158 seconds
[2023-08-03T23:59:00.157+0000] {processor.py:157} INFO - Started process (PID=3634) to work on /home/airflow/.local/lib/python3.7/site-packages/airflow/example_dags/example_task_group_decorator.py
[2023-08-03T23:59:00.159+0000] {processor.py:826} INFO - Processing file /home/airflow/.local/lib/python3.7/site-packages/airflow/example_dags/example_task_group_decorator.py for tasks to queue
[2023-08-03T23:59:00.160+0000] {logging_mixin.py:150} INFO - [2023-08-03T23:59:00.160+0000] {dagbag.py:541} INFO - Filling up the DagBag from /home/airflow/.local/lib/python3.7/site-packages/airflow/example_dags/example_task_group_decorator.py
[2023-08-03T23:59:00.171+0000] {processor.py:836} INFO - DAG(s) dict_keys(['example_task_group_decorator']) retrieved from /home/airflow/.local/lib/python3.7/site-packages/airflow/example_dags/example_task_group_decorator.py
[2023-08-03T23:59:00.194+0000] {logging_mixin.py:150} INFO - [2023-08-03T23:59:00.194+0000] {dag.py:2742} INFO - Sync 1 DAGs
[2023-08-03T23:59:00.210+0000] {logging_mixin.py:150} INFO - [2023-08-03T23:59:00.210+0000] {dag.py:3508} INFO - Setting next_dagrun for example_task_group_decorator to 2023-08-02T23:59:00.210289+00:00, run_after=2023-08-03T23:59:00.210289+00:00
[2023-08-03T23:59:00.223+0000] {processor.py:179} INFO - Processing /home/airflow/.local/lib/python3.7/site-packages/airflow/example_dags/example_task_group_decorator.py took 0.069 seconds
[2023-08-03T23:59:31.385+0000] {processor.py:157} INFO - Started process (PID=3693) to work on /home/airflow/.local/lib/python3.7/site-packages/airflow/example_dags/example_task_group_decorator.py
[2023-08-03T23:59:31.387+0000] {processor.py:826} INFO - Processing file /home/airflow/.local/lib/python3.7/site-packages/airflow/example_dags/example_task_group_decorator.py for tasks to queue
[2023-08-03T23:59:31.389+0000] {logging_mixin.py:150} INFO - [2023-08-03T23:59:31.388+0000] {dagbag.py:541} INFO - Filling up the DagBag from /home/airflow/.local/lib/python3.7/site-packages/airflow/example_dags/example_task_group_decorator.py
[2023-08-03T23:59:31.415+0000] {processor.py:836} INFO - DAG(s) dict_keys(['example_task_group_decorator']) retrieved from /home/airflow/.local/lib/python3.7/site-packages/airflow/example_dags/example_task_group_decorator.py
[2023-08-03T23:59:31.450+0000] {logging_mixin.py:150} INFO - [2023-08-03T23:59:31.450+0000] {dag.py:2742} INFO - Sync 1 DAGs
[2023-08-03T23:59:31.478+0000] {logging_mixin.py:150} INFO - [2023-08-03T23:59:31.478+0000] {dag.py:3508} INFO - Setting next_dagrun for example_task_group_decorator to 2023-08-02T23:59:31.478311+00:00, run_after=2023-08-03T23:59:31.478311+00:00
[2023-08-03T23:59:31.498+0000] {processor.py:179} INFO - Processing /home/airflow/.local/lib/python3.7/site-packages/airflow/example_dags/example_task_group_decorator.py took 0.117 seconds
