[2023-08-03T01:04:28.849+0000] {processor.py:157} INFO - Started process (PID=2736) to work on /home/airflow/.local/lib/python3.7/site-packages/airflow/example_dags/tutorial_dag.py
[2023-08-03T01:04:28.851+0000] {processor.py:826} INFO - Processing file /home/airflow/.local/lib/python3.7/site-packages/airflow/example_dags/tutorial_dag.py for tasks to queue
[2023-08-03T01:04:28.853+0000] {logging_mixin.py:150} INFO - [2023-08-03T01:04:28.852+0000] {dagbag.py:541} INFO - Filling up the DagBag from /home/airflow/.local/lib/python3.7/site-packages/airflow/example_dags/tutorial_dag.py
[2023-08-03T01:04:28.858+0000] {processor.py:836} INFO - DAG(s) dict_keys(['tutorial_dag']) retrieved from /home/airflow/.local/lib/python3.7/site-packages/airflow/example_dags/tutorial_dag.py
[2023-08-03T01:04:28.894+0000] {logging_mixin.py:150} INFO - [2023-08-03T01:04:28.893+0000] {dag.py:2742} INFO - Sync 1 DAGs
[2023-08-03T01:04:28.913+0000] {logging_mixin.py:150} INFO - [2023-08-03T01:04:28.913+0000] {dag.py:3508} INFO - Setting next_dagrun for tutorial_dag to None, run_after=None
[2023-08-03T01:04:28.925+0000] {processor.py:179} INFO - Processing /home/airflow/.local/lib/python3.7/site-packages/airflow/example_dags/tutorial_dag.py took 0.080 seconds
[2023-08-03T02:27:41.430+0000] {processor.py:157} INFO - Started process (PID=2793) to work on /home/airflow/.local/lib/python3.7/site-packages/airflow/example_dags/tutorial_dag.py
[2023-08-03T02:27:41.432+0000] {processor.py:826} INFO - Processing file /home/airflow/.local/lib/python3.7/site-packages/airflow/example_dags/tutorial_dag.py for tasks to queue
[2023-08-03T02:27:41.433+0000] {logging_mixin.py:150} INFO - [2023-08-03T02:27:41.433+0000] {dagbag.py:541} INFO - Filling up the DagBag from /home/airflow/.local/lib/python3.7/site-packages/airflow/example_dags/tutorial_dag.py
[2023-08-03T02:27:41.441+0000] {processor.py:836} INFO - DAG(s) dict_keys(['tutorial_dag']) retrieved from /home/airflow/.local/lib/python3.7/site-packages/airflow/example_dags/tutorial_dag.py
[2023-08-03T02:27:41.464+0000] {logging_mixin.py:150} INFO - [2023-08-03T02:27:41.464+0000] {dag.py:2742} INFO - Sync 1 DAGs
[2023-08-03T02:27:41.482+0000] {logging_mixin.py:150} INFO - [2023-08-03T02:27:41.482+0000] {dag.py:3508} INFO - Setting next_dagrun for tutorial_dag to None, run_after=None
[2023-08-03T02:27:41.495+0000] {processor.py:179} INFO - Processing /home/airflow/.local/lib/python3.7/site-packages/airflow/example_dags/tutorial_dag.py took 0.069 seconds
[2023-08-03T04:08:05.250+0000] {processor.py:157} INFO - Started process (PID=2850) to work on /home/airflow/.local/lib/python3.7/site-packages/airflow/example_dags/tutorial_dag.py
[2023-08-03T04:08:05.253+0000] {processor.py:826} INFO - Processing file /home/airflow/.local/lib/python3.7/site-packages/airflow/example_dags/tutorial_dag.py for tasks to queue
[2023-08-03T04:08:05.255+0000] {logging_mixin.py:150} INFO - [2023-08-03T04:08:05.255+0000] {dagbag.py:541} INFO - Filling up the DagBag from /home/airflow/.local/lib/python3.7/site-packages/airflow/example_dags/tutorial_dag.py
[2023-08-03T04:08:05.260+0000] {processor.py:836} INFO - DAG(s) dict_keys(['tutorial_dag']) retrieved from /home/airflow/.local/lib/python3.7/site-packages/airflow/example_dags/tutorial_dag.py
[2023-08-03T04:08:05.283+0000] {logging_mixin.py:150} INFO - [2023-08-03T04:08:05.282+0000] {dag.py:2742} INFO - Sync 1 DAGs
[2023-08-03T04:08:05.300+0000] {logging_mixin.py:150} INFO - [2023-08-03T04:08:05.300+0000] {dag.py:3508} INFO - Setting next_dagrun for tutorial_dag to None, run_after=None
[2023-08-03T04:08:05.312+0000] {processor.py:179} INFO - Processing /home/airflow/.local/lib/python3.7/site-packages/airflow/example_dags/tutorial_dag.py took 0.065 seconds
[2023-08-03T05:31:53.651+0000] {processor.py:157} INFO - Started process (PID=2907) to work on /home/airflow/.local/lib/python3.7/site-packages/airflow/example_dags/tutorial_dag.py
[2023-08-03T05:31:53.657+0000] {processor.py:826} INFO - Processing file /home/airflow/.local/lib/python3.7/site-packages/airflow/example_dags/tutorial_dag.py for tasks to queue
[2023-08-03T05:31:53.662+0000] {logging_mixin.py:150} INFO - [2023-08-03T05:31:53.661+0000] {dagbag.py:541} INFO - Filling up the DagBag from /home/airflow/.local/lib/python3.7/site-packages/airflow/example_dags/tutorial_dag.py
[2023-08-03T05:31:53.669+0000] {processor.py:836} INFO - DAG(s) dict_keys(['tutorial_dag']) retrieved from /home/airflow/.local/lib/python3.7/site-packages/airflow/example_dags/tutorial_dag.py
[2023-08-03T05:31:53.694+0000] {logging_mixin.py:150} INFO - [2023-08-03T05:31:53.694+0000] {dag.py:2742} INFO - Sync 1 DAGs
[2023-08-03T05:31:53.712+0000] {logging_mixin.py:150} INFO - [2023-08-03T05:31:53.712+0000] {dag.py:3508} INFO - Setting next_dagrun for tutorial_dag to None, run_after=None
[2023-08-03T05:31:53.725+0000] {processor.py:179} INFO - Processing /home/airflow/.local/lib/python3.7/site-packages/airflow/example_dags/tutorial_dag.py took 0.078 seconds
[2023-08-03T07:13:16.641+0000] {processor.py:157} INFO - Started process (PID=2964) to work on /home/airflow/.local/lib/python3.7/site-packages/airflow/example_dags/tutorial_dag.py
[2023-08-03T07:13:16.645+0000] {processor.py:826} INFO - Processing file /home/airflow/.local/lib/python3.7/site-packages/airflow/example_dags/tutorial_dag.py for tasks to queue
[2023-08-03T07:13:16.646+0000] {logging_mixin.py:150} INFO - [2023-08-03T07:13:16.646+0000] {dagbag.py:541} INFO - Filling up the DagBag from /home/airflow/.local/lib/python3.7/site-packages/airflow/example_dags/tutorial_dag.py
[2023-08-03T07:13:16.653+0000] {processor.py:836} INFO - DAG(s) dict_keys(['tutorial_dag']) retrieved from /home/airflow/.local/lib/python3.7/site-packages/airflow/example_dags/tutorial_dag.py
[2023-08-03T07:13:16.679+0000] {logging_mixin.py:150} INFO - [2023-08-03T07:13:16.679+0000] {dag.py:2742} INFO - Sync 1 DAGs
[2023-08-03T07:13:16.701+0000] {logging_mixin.py:150} INFO - [2023-08-03T07:13:16.701+0000] {dag.py:3508} INFO - Setting next_dagrun for tutorial_dag to None, run_after=None
[2023-08-03T07:13:16.725+0000] {processor.py:179} INFO - Processing /home/airflow/.local/lib/python3.7/site-packages/airflow/example_dags/tutorial_dag.py took 0.088 seconds
[2023-08-03T08:54:06.088+0000] {processor.py:157} INFO - Started process (PID=3021) to work on /home/airflow/.local/lib/python3.7/site-packages/airflow/example_dags/tutorial_dag.py
[2023-08-03T08:54:06.090+0000] {processor.py:826} INFO - Processing file /home/airflow/.local/lib/python3.7/site-packages/airflow/example_dags/tutorial_dag.py for tasks to queue
[2023-08-03T08:54:06.092+0000] {logging_mixin.py:150} INFO - [2023-08-03T08:54:06.091+0000] {dagbag.py:541} INFO - Filling up the DagBag from /home/airflow/.local/lib/python3.7/site-packages/airflow/example_dags/tutorial_dag.py
[2023-08-03T08:54:06.096+0000] {processor.py:836} INFO - DAG(s) dict_keys(['tutorial_dag']) retrieved from /home/airflow/.local/lib/python3.7/site-packages/airflow/example_dags/tutorial_dag.py
[2023-08-03T08:54:06.121+0000] {logging_mixin.py:150} INFO - [2023-08-03T08:54:06.120+0000] {dag.py:2742} INFO - Sync 1 DAGs
[2023-08-03T08:54:06.140+0000] {logging_mixin.py:150} INFO - [2023-08-03T08:54:06.140+0000] {dag.py:3508} INFO - Setting next_dagrun for tutorial_dag to None, run_after=None
[2023-08-03T08:54:06.153+0000] {processor.py:179} INFO - Processing /home/airflow/.local/lib/python3.7/site-packages/airflow/example_dags/tutorial_dag.py took 0.068 seconds
[2023-08-03T10:17:23.871+0000] {processor.py:157} INFO - Started process (PID=3078) to work on /home/airflow/.local/lib/python3.7/site-packages/airflow/example_dags/tutorial_dag.py
[2023-08-03T10:17:23.873+0000] {processor.py:826} INFO - Processing file /home/airflow/.local/lib/python3.7/site-packages/airflow/example_dags/tutorial_dag.py for tasks to queue
[2023-08-03T10:17:23.887+0000] {logging_mixin.py:150} INFO - [2023-08-03T10:17:23.886+0000] {dagbag.py:541} INFO - Filling up the DagBag from /home/airflow/.local/lib/python3.7/site-packages/airflow/example_dags/tutorial_dag.py
[2023-08-03T10:17:23.893+0000] {processor.py:836} INFO - DAG(s) dict_keys(['tutorial_dag']) retrieved from /home/airflow/.local/lib/python3.7/site-packages/airflow/example_dags/tutorial_dag.py
[2023-08-03T10:17:23.920+0000] {logging_mixin.py:150} INFO - [2023-08-03T10:17:23.919+0000] {dag.py:2742} INFO - Sync 1 DAGs
[2023-08-03T10:17:23.937+0000] {logging_mixin.py:150} INFO - [2023-08-03T10:17:23.937+0000] {dag.py:3508} INFO - Setting next_dagrun for tutorial_dag to None, run_after=None
[2023-08-03T10:17:23.949+0000] {processor.py:179} INFO - Processing /home/airflow/.local/lib/python3.7/site-packages/airflow/example_dags/tutorial_dag.py took 0.082 seconds
[2023-08-03T11:56:08.694+0000] {processor.py:157} INFO - Started process (PID=3136) to work on /home/airflow/.local/lib/python3.7/site-packages/airflow/example_dags/tutorial_dag.py
[2023-08-03T11:56:08.697+0000] {processor.py:826} INFO - Processing file /home/airflow/.local/lib/python3.7/site-packages/airflow/example_dags/tutorial_dag.py for tasks to queue
[2023-08-03T11:56:08.702+0000] {logging_mixin.py:150} INFO - [2023-08-03T11:56:08.701+0000] {dagbag.py:541} INFO - Filling up the DagBag from /home/airflow/.local/lib/python3.7/site-packages/airflow/example_dags/tutorial_dag.py
[2023-08-03T11:56:08.708+0000] {processor.py:836} INFO - DAG(s) dict_keys(['tutorial_dag']) retrieved from /home/airflow/.local/lib/python3.7/site-packages/airflow/example_dags/tutorial_dag.py
[2023-08-03T11:56:08.750+0000] {logging_mixin.py:150} INFO - [2023-08-03T11:56:08.750+0000] {dag.py:2742} INFO - Sync 1 DAGs
[2023-08-03T11:56:08.822+0000] {logging_mixin.py:150} INFO - [2023-08-03T11:56:08.822+0000] {dag.py:3508} INFO - Setting next_dagrun for tutorial_dag to None, run_after=None
[2023-08-03T11:56:08.837+0000] {processor.py:179} INFO - Processing /home/airflow/.local/lib/python3.7/site-packages/airflow/example_dags/tutorial_dag.py took 0.147 seconds
[2023-08-03T13:18:49.166+0000] {processor.py:157} INFO - Started process (PID=3193) to work on /home/airflow/.local/lib/python3.7/site-packages/airflow/example_dags/tutorial_dag.py
[2023-08-03T13:18:49.168+0000] {processor.py:826} INFO - Processing file /home/airflow/.local/lib/python3.7/site-packages/airflow/example_dags/tutorial_dag.py for tasks to queue
[2023-08-03T13:18:49.170+0000] {logging_mixin.py:150} INFO - [2023-08-03T13:18:49.170+0000] {dagbag.py:541} INFO - Filling up the DagBag from /home/airflow/.local/lib/python3.7/site-packages/airflow/example_dags/tutorial_dag.py
[2023-08-03T13:18:49.176+0000] {processor.py:836} INFO - DAG(s) dict_keys(['tutorial_dag']) retrieved from /home/airflow/.local/lib/python3.7/site-packages/airflow/example_dags/tutorial_dag.py
[2023-08-03T13:18:49.215+0000] {logging_mixin.py:150} INFO - [2023-08-03T13:18:49.215+0000] {dag.py:2742} INFO - Sync 1 DAGs
[2023-08-03T13:18:49.233+0000] {logging_mixin.py:150} INFO - [2023-08-03T13:18:49.233+0000] {dag.py:3508} INFO - Setting next_dagrun for tutorial_dag to None, run_after=None
[2023-08-03T13:18:49.246+0000] {processor.py:179} INFO - Processing /home/airflow/.local/lib/python3.7/site-packages/airflow/example_dags/tutorial_dag.py took 0.083 seconds
[2023-08-03T15:00:04.478+0000] {processor.py:157} INFO - Started process (PID=3249) to work on /home/airflow/.local/lib/python3.7/site-packages/airflow/example_dags/tutorial_dag.py
[2023-08-03T15:00:04.480+0000] {processor.py:826} INFO - Processing file /home/airflow/.local/lib/python3.7/site-packages/airflow/example_dags/tutorial_dag.py for tasks to queue
[2023-08-03T15:00:04.482+0000] {logging_mixin.py:150} INFO - [2023-08-03T15:00:04.482+0000] {dagbag.py:541} INFO - Filling up the DagBag from /home/airflow/.local/lib/python3.7/site-packages/airflow/example_dags/tutorial_dag.py
[2023-08-03T15:00:04.491+0000] {processor.py:836} INFO - DAG(s) dict_keys(['tutorial_dag']) retrieved from /home/airflow/.local/lib/python3.7/site-packages/airflow/example_dags/tutorial_dag.py
[2023-08-03T15:00:04.525+0000] {logging_mixin.py:150} INFO - [2023-08-03T15:00:04.524+0000] {dag.py:2742} INFO - Sync 1 DAGs
[2023-08-03T15:00:04.548+0000] {logging_mixin.py:150} INFO - [2023-08-03T15:00:04.548+0000] {dag.py:3508} INFO - Setting next_dagrun for tutorial_dag to None, run_after=None
[2023-08-03T15:00:04.577+0000] {processor.py:179} INFO - Processing /home/airflow/.local/lib/python3.7/site-packages/airflow/example_dags/tutorial_dag.py took 0.105 seconds
[2023-08-03T16:41:35.638+0000] {processor.py:157} INFO - Started process (PID=3306) to work on /home/airflow/.local/lib/python3.7/site-packages/airflow/example_dags/tutorial_dag.py
[2023-08-03T16:41:35.640+0000] {processor.py:826} INFO - Processing file /home/airflow/.local/lib/python3.7/site-packages/airflow/example_dags/tutorial_dag.py for tasks to queue
[2023-08-03T16:41:35.641+0000] {logging_mixin.py:150} INFO - [2023-08-03T16:41:35.641+0000] {dagbag.py:541} INFO - Filling up the DagBag from /home/airflow/.local/lib/python3.7/site-packages/airflow/example_dags/tutorial_dag.py
[2023-08-03T16:41:35.647+0000] {processor.py:836} INFO - DAG(s) dict_keys(['tutorial_dag']) retrieved from /home/airflow/.local/lib/python3.7/site-packages/airflow/example_dags/tutorial_dag.py
[2023-08-03T16:41:35.673+0000] {logging_mixin.py:150} INFO - [2023-08-03T16:41:35.673+0000] {dag.py:2742} INFO - Sync 1 DAGs
[2023-08-03T16:41:35.690+0000] {logging_mixin.py:150} INFO - [2023-08-03T16:41:35.690+0000] {dag.py:3508} INFO - Setting next_dagrun for tutorial_dag to None, run_after=None
[2023-08-03T16:41:35.702+0000] {processor.py:179} INFO - Processing /home/airflow/.local/lib/python3.7/site-packages/airflow/example_dags/tutorial_dag.py took 0.067 seconds
[2023-08-03T18:03:01.245+0000] {processor.py:157} INFO - Started process (PID=3362) to work on /home/airflow/.local/lib/python3.7/site-packages/airflow/example_dags/tutorial_dag.py
[2023-08-03T18:03:01.247+0000] {processor.py:826} INFO - Processing file /home/airflow/.local/lib/python3.7/site-packages/airflow/example_dags/tutorial_dag.py for tasks to queue
[2023-08-03T18:03:01.249+0000] {logging_mixin.py:150} INFO - [2023-08-03T18:03:01.248+0000] {dagbag.py:541} INFO - Filling up the DagBag from /home/airflow/.local/lib/python3.7/site-packages/airflow/example_dags/tutorial_dag.py
[2023-08-03T18:03:01.255+0000] {processor.py:836} INFO - DAG(s) dict_keys(['tutorial_dag']) retrieved from /home/airflow/.local/lib/python3.7/site-packages/airflow/example_dags/tutorial_dag.py
[2023-08-03T18:03:01.288+0000] {logging_mixin.py:150} INFO - [2023-08-03T18:03:01.288+0000] {dag.py:2742} INFO - Sync 1 DAGs
[2023-08-03T18:03:01.323+0000] {logging_mixin.py:150} INFO - [2023-08-03T18:03:01.323+0000] {dag.py:3508} INFO - Setting next_dagrun for tutorial_dag to None, run_after=None
[2023-08-03T18:03:01.338+0000] {processor.py:179} INFO - Processing /home/airflow/.local/lib/python3.7/site-packages/airflow/example_dags/tutorial_dag.py took 0.096 seconds
[2023-08-03T19:44:22.728+0000] {processor.py:157} INFO - Started process (PID=3419) to work on /home/airflow/.local/lib/python3.7/site-packages/airflow/example_dags/tutorial_dag.py
[2023-08-03T19:44:22.731+0000] {processor.py:826} INFO - Processing file /home/airflow/.local/lib/python3.7/site-packages/airflow/example_dags/tutorial_dag.py for tasks to queue
[2023-08-03T19:44:22.733+0000] {logging_mixin.py:150} INFO - [2023-08-03T19:44:22.732+0000] {dagbag.py:541} INFO - Filling up the DagBag from /home/airflow/.local/lib/python3.7/site-packages/airflow/example_dags/tutorial_dag.py
[2023-08-03T19:44:22.740+0000] {processor.py:836} INFO - DAG(s) dict_keys(['tutorial_dag']) retrieved from /home/airflow/.local/lib/python3.7/site-packages/airflow/example_dags/tutorial_dag.py
[2023-08-03T19:44:22.763+0000] {logging_mixin.py:150} INFO - [2023-08-03T19:44:22.762+0000] {dag.py:2742} INFO - Sync 1 DAGs
[2023-08-03T19:44:22.782+0000] {logging_mixin.py:150} INFO - [2023-08-03T19:44:22.782+0000] {dag.py:3508} INFO - Setting next_dagrun for tutorial_dag to None, run_after=None
[2023-08-03T19:44:22.796+0000] {processor.py:179} INFO - Processing /home/airflow/.local/lib/python3.7/site-packages/airflow/example_dags/tutorial_dag.py took 0.071 seconds
[2023-08-03T21:07:13.204+0000] {processor.py:157} INFO - Started process (PID=3476) to work on /home/airflow/.local/lib/python3.7/site-packages/airflow/example_dags/tutorial_dag.py
[2023-08-03T21:07:13.209+0000] {processor.py:826} INFO - Processing file /home/airflow/.local/lib/python3.7/site-packages/airflow/example_dags/tutorial_dag.py for tasks to queue
[2023-08-03T21:07:13.212+0000] {logging_mixin.py:150} INFO - [2023-08-03T21:07:13.211+0000] {dagbag.py:541} INFO - Filling up the DagBag from /home/airflow/.local/lib/python3.7/site-packages/airflow/example_dags/tutorial_dag.py
[2023-08-03T21:07:13.220+0000] {processor.py:836} INFO - DAG(s) dict_keys(['tutorial_dag']) retrieved from /home/airflow/.local/lib/python3.7/site-packages/airflow/example_dags/tutorial_dag.py
[2023-08-03T21:07:13.259+0000] {logging_mixin.py:150} INFO - [2023-08-03T21:07:13.259+0000] {dag.py:2742} INFO - Sync 1 DAGs
[2023-08-03T21:07:13.281+0000] {logging_mixin.py:150} INFO - [2023-08-03T21:07:13.280+0000] {dag.py:3508} INFO - Setting next_dagrun for tutorial_dag to None, run_after=None
[2023-08-03T21:07:13.297+0000] {processor.py:179} INFO - Processing /home/airflow/.local/lib/python3.7/site-packages/airflow/example_dags/tutorial_dag.py took 0.100 seconds
[2023-08-03T22:46:10.380+0000] {processor.py:157} INFO - Started process (PID=3533) to work on /home/airflow/.local/lib/python3.7/site-packages/airflow/example_dags/tutorial_dag.py
[2023-08-03T22:46:10.387+0000] {processor.py:826} INFO - Processing file /home/airflow/.local/lib/python3.7/site-packages/airflow/example_dags/tutorial_dag.py for tasks to queue
[2023-08-03T22:46:10.389+0000] {logging_mixin.py:150} INFO - [2023-08-03T22:46:10.388+0000] {dagbag.py:541} INFO - Filling up the DagBag from /home/airflow/.local/lib/python3.7/site-packages/airflow/example_dags/tutorial_dag.py
[2023-08-03T22:46:10.393+0000] {processor.py:836} INFO - DAG(s) dict_keys(['tutorial_dag']) retrieved from /home/airflow/.local/lib/python3.7/site-packages/airflow/example_dags/tutorial_dag.py
[2023-08-03T22:46:10.415+0000] {logging_mixin.py:150} INFO - [2023-08-03T22:46:10.415+0000] {dag.py:2742} INFO - Sync 1 DAGs
[2023-08-03T22:46:10.432+0000] {logging_mixin.py:150} INFO - [2023-08-03T22:46:10.432+0000] {dag.py:3508} INFO - Setting next_dagrun for tutorial_dag to None, run_after=None
[2023-08-03T22:46:10.444+0000] {processor.py:179} INFO - Processing /home/airflow/.local/lib/python3.7/site-packages/airflow/example_dags/tutorial_dag.py took 0.066 seconds
[2023-08-03T23:58:30.901+0000] {processor.py:157} INFO - Started process (PID=3589) to work on /home/airflow/.local/lib/python3.7/site-packages/airflow/example_dags/tutorial_dag.py
[2023-08-03T23:58:30.904+0000] {processor.py:826} INFO - Processing file /home/airflow/.local/lib/python3.7/site-packages/airflow/example_dags/tutorial_dag.py for tasks to queue
[2023-08-03T23:58:30.905+0000] {logging_mixin.py:150} INFO - [2023-08-03T23:58:30.905+0000] {dagbag.py:541} INFO - Filling up the DagBag from /home/airflow/.local/lib/python3.7/site-packages/airflow/example_dags/tutorial_dag.py
[2023-08-03T23:58:30.911+0000] {processor.py:836} INFO - DAG(s) dict_keys(['tutorial_dag']) retrieved from /home/airflow/.local/lib/python3.7/site-packages/airflow/example_dags/tutorial_dag.py
[2023-08-03T23:58:30.964+0000] {logging_mixin.py:150} INFO - [2023-08-03T23:58:30.964+0000] {dag.py:2742} INFO - Sync 1 DAGs
[2023-08-03T23:58:31.006+0000] {logging_mixin.py:150} INFO - [2023-08-03T23:58:31.006+0000] {dag.py:3508} INFO - Setting next_dagrun for tutorial_dag to None, run_after=None
[2023-08-03T23:58:31.042+0000] {processor.py:179} INFO - Processing /home/airflow/.local/lib/python3.7/site-packages/airflow/example_dags/tutorial_dag.py took 0.144 seconds
[2023-08-03T23:59:01.250+0000] {processor.py:157} INFO - Started process (PID=3646) to work on /home/airflow/.local/lib/python3.7/site-packages/airflow/example_dags/tutorial_dag.py
[2023-08-03T23:59:01.256+0000] {processor.py:826} INFO - Processing file /home/airflow/.local/lib/python3.7/site-packages/airflow/example_dags/tutorial_dag.py for tasks to queue
[2023-08-03T23:59:01.259+0000] {logging_mixin.py:150} INFO - [2023-08-03T23:59:01.258+0000] {dagbag.py:541} INFO - Filling up the DagBag from /home/airflow/.local/lib/python3.7/site-packages/airflow/example_dags/tutorial_dag.py
[2023-08-03T23:59:01.267+0000] {processor.py:836} INFO - DAG(s) dict_keys(['tutorial_dag']) retrieved from /home/airflow/.local/lib/python3.7/site-packages/airflow/example_dags/tutorial_dag.py
[2023-08-03T23:59:01.300+0000] {logging_mixin.py:150} INFO - [2023-08-03T23:59:01.300+0000] {dag.py:2742} INFO - Sync 1 DAGs
[2023-08-03T23:59:01.318+0000] {logging_mixin.py:150} INFO - [2023-08-03T23:59:01.318+0000] {dag.py:3508} INFO - Setting next_dagrun for tutorial_dag to None, run_after=None
[2023-08-03T23:59:01.333+0000] {processor.py:179} INFO - Processing /home/airflow/.local/lib/python3.7/site-packages/airflow/example_dags/tutorial_dag.py took 0.087 seconds
[2023-08-03T23:59:32.375+0000] {processor.py:157} INFO - Started process (PID=3704) to work on /home/airflow/.local/lib/python3.7/site-packages/airflow/example_dags/tutorial_dag.py
[2023-08-03T23:59:32.377+0000] {processor.py:826} INFO - Processing file /home/airflow/.local/lib/python3.7/site-packages/airflow/example_dags/tutorial_dag.py for tasks to queue
[2023-08-03T23:59:32.379+0000] {logging_mixin.py:150} INFO - [2023-08-03T23:59:32.378+0000] {dagbag.py:541} INFO - Filling up the DagBag from /home/airflow/.local/lib/python3.7/site-packages/airflow/example_dags/tutorial_dag.py
[2023-08-03T23:59:32.386+0000] {processor.py:836} INFO - DAG(s) dict_keys(['tutorial_dag']) retrieved from /home/airflow/.local/lib/python3.7/site-packages/airflow/example_dags/tutorial_dag.py
[2023-08-03T23:59:32.414+0000] {logging_mixin.py:150} INFO - [2023-08-03T23:59:32.414+0000] {dag.py:2742} INFO - Sync 1 DAGs
[2023-08-03T23:59:32.441+0000] {logging_mixin.py:150} INFO - [2023-08-03T23:59:32.441+0000] {dag.py:3508} INFO - Setting next_dagrun for tutorial_dag to None, run_after=None
[2023-08-03T23:59:32.455+0000] {processor.py:179} INFO - Processing /home/airflow/.local/lib/python3.7/site-packages/airflow/example_dags/tutorial_dag.py took 0.084 seconds
