[2023-08-03T01:04:28.963+0000] {processor.py:157} INFO - Started process (PID=2738) to work on /home/airflow/.local/lib/python3.7/site-packages/airflow/example_dags/tutorial.py
[2023-08-03T01:04:28.970+0000] {processor.py:826} INFO - Processing file /home/airflow/.local/lib/python3.7/site-packages/airflow/example_dags/tutorial.py for tasks to queue
[2023-08-03T01:04:28.971+0000] {logging_mixin.py:150} INFO - [2023-08-03T01:04:28.971+0000] {dagbag.py:541} INFO - Filling up the DagBag from /home/airflow/.local/lib/python3.7/site-packages/airflow/example_dags/tutorial.py
[2023-08-03T01:04:28.978+0000] {processor.py:836} INFO - DAG(s) dict_keys(['tutorial']) retrieved from /home/airflow/.local/lib/python3.7/site-packages/airflow/example_dags/tutorial.py
[2023-08-03T01:04:29.005+0000] {logging_mixin.py:150} INFO - [2023-08-03T01:04:29.005+0000] {dag.py:2742} INFO - Sync 1 DAGs
[2023-08-03T01:04:29.024+0000] {logging_mixin.py:150} INFO - [2023-08-03T01:04:29.024+0000] {dag.py:3508} INFO - Setting next_dagrun for tutorial to 2023-08-02T01:04:29.024523+00:00, run_after=2023-08-03T01:04:29.024523+00:00
[2023-08-03T01:04:29.038+0000] {processor.py:179} INFO - Processing /home/airflow/.local/lib/python3.7/site-packages/airflow/example_dags/tutorial.py took 0.078 seconds
[2023-08-03T02:27:41.526+0000] {processor.py:157} INFO - Started process (PID=2795) to work on /home/airflow/.local/lib/python3.7/site-packages/airflow/example_dags/tutorial.py
[2023-08-03T02:27:41.528+0000] {processor.py:826} INFO - Processing file /home/airflow/.local/lib/python3.7/site-packages/airflow/example_dags/tutorial.py for tasks to queue
[2023-08-03T02:27:41.529+0000] {logging_mixin.py:150} INFO - [2023-08-03T02:27:41.529+0000] {dagbag.py:541} INFO - Filling up the DagBag from /home/airflow/.local/lib/python3.7/site-packages/airflow/example_dags/tutorial.py
[2023-08-03T02:27:41.538+0000] {processor.py:836} INFO - DAG(s) dict_keys(['tutorial']) retrieved from /home/airflow/.local/lib/python3.7/site-packages/airflow/example_dags/tutorial.py
[2023-08-03T02:27:41.560+0000] {logging_mixin.py:150} INFO - [2023-08-03T02:27:41.560+0000] {dag.py:2742} INFO - Sync 1 DAGs
[2023-08-03T02:27:41.636+0000] {logging_mixin.py:150} INFO - [2023-08-03T02:27:41.636+0000] {dag.py:3508} INFO - Setting next_dagrun for tutorial to 2023-08-02T02:27:41.635906+00:00, run_after=2023-08-03T02:27:41.635906+00:00
[2023-08-03T02:27:41.654+0000] {processor.py:179} INFO - Processing /home/airflow/.local/lib/python3.7/site-packages/airflow/example_dags/tutorial.py took 0.132 seconds
[2023-08-03T04:08:05.396+0000] {processor.py:157} INFO - Started process (PID=2852) to work on /home/airflow/.local/lib/python3.7/site-packages/airflow/example_dags/tutorial.py
[2023-08-03T04:08:05.398+0000] {processor.py:826} INFO - Processing file /home/airflow/.local/lib/python3.7/site-packages/airflow/example_dags/tutorial.py for tasks to queue
[2023-08-03T04:08:05.400+0000] {logging_mixin.py:150} INFO - [2023-08-03T04:08:05.400+0000] {dagbag.py:541} INFO - Filling up the DagBag from /home/airflow/.local/lib/python3.7/site-packages/airflow/example_dags/tutorial.py
[2023-08-03T04:08:05.407+0000] {processor.py:836} INFO - DAG(s) dict_keys(['tutorial']) retrieved from /home/airflow/.local/lib/python3.7/site-packages/airflow/example_dags/tutorial.py
[2023-08-03T04:08:05.430+0000] {logging_mixin.py:150} INFO - [2023-08-03T04:08:05.430+0000] {dag.py:2742} INFO - Sync 1 DAGs
[2023-08-03T04:08:05.448+0000] {logging_mixin.py:150} INFO - [2023-08-03T04:08:05.448+0000] {dag.py:3508} INFO - Setting next_dagrun for tutorial to 2023-08-02T04:08:05.448532+00:00, run_after=2023-08-03T04:08:05.448532+00:00
[2023-08-03T04:08:05.461+0000] {processor.py:179} INFO - Processing /home/airflow/.local/lib/python3.7/site-packages/airflow/example_dags/tutorial.py took 0.069 seconds
[2023-08-03T05:31:53.762+0000] {processor.py:157} INFO - Started process (PID=2909) to work on /home/airflow/.local/lib/python3.7/site-packages/airflow/example_dags/tutorial.py
[2023-08-03T05:31:53.764+0000] {processor.py:826} INFO - Processing file /home/airflow/.local/lib/python3.7/site-packages/airflow/example_dags/tutorial.py for tasks to queue
[2023-08-03T05:31:53.766+0000] {logging_mixin.py:150} INFO - [2023-08-03T05:31:53.766+0000] {dagbag.py:541} INFO - Filling up the DagBag from /home/airflow/.local/lib/python3.7/site-packages/airflow/example_dags/tutorial.py
[2023-08-03T05:31:53.829+0000] {processor.py:836} INFO - DAG(s) dict_keys(['tutorial']) retrieved from /home/airflow/.local/lib/python3.7/site-packages/airflow/example_dags/tutorial.py
[2023-08-03T05:31:53.851+0000] {logging_mixin.py:150} INFO - [2023-08-03T05:31:53.851+0000] {dag.py:2742} INFO - Sync 1 DAGs
[2023-08-03T05:31:53.874+0000] {logging_mixin.py:150} INFO - [2023-08-03T05:31:53.874+0000] {dag.py:3508} INFO - Setting next_dagrun for tutorial to 2023-08-02T05:31:53.874336+00:00, run_after=2023-08-03T05:31:53.874336+00:00
[2023-08-03T05:31:53.889+0000] {processor.py:179} INFO - Processing /home/airflow/.local/lib/python3.7/site-packages/airflow/example_dags/tutorial.py took 0.130 seconds
[2023-08-03T07:13:16.787+0000] {processor.py:157} INFO - Started process (PID=2966) to work on /home/airflow/.local/lib/python3.7/site-packages/airflow/example_dags/tutorial.py
[2023-08-03T07:13:16.790+0000] {processor.py:826} INFO - Processing file /home/airflow/.local/lib/python3.7/site-packages/airflow/example_dags/tutorial.py for tasks to queue
[2023-08-03T07:13:16.793+0000] {logging_mixin.py:150} INFO - [2023-08-03T07:13:16.792+0000] {dagbag.py:541} INFO - Filling up the DagBag from /home/airflow/.local/lib/python3.7/site-packages/airflow/example_dags/tutorial.py
[2023-08-03T07:13:16.807+0000] {processor.py:836} INFO - DAG(s) dict_keys(['tutorial']) retrieved from /home/airflow/.local/lib/python3.7/site-packages/airflow/example_dags/tutorial.py
[2023-08-03T07:13:16.851+0000] {logging_mixin.py:150} INFO - [2023-08-03T07:13:16.850+0000] {dag.py:2742} INFO - Sync 1 DAGs
[2023-08-03T07:13:16.876+0000] {logging_mixin.py:150} INFO - [2023-08-03T07:13:16.876+0000] {dag.py:3508} INFO - Setting next_dagrun for tutorial to 2023-08-02T07:13:16.876383+00:00, run_after=2023-08-03T07:13:16.876383+00:00
[2023-08-03T07:13:16.901+0000] {processor.py:179} INFO - Processing /home/airflow/.local/lib/python3.7/site-packages/airflow/example_dags/tutorial.py took 0.119 seconds
[2023-08-03T08:54:06.182+0000] {processor.py:157} INFO - Started process (PID=3023) to work on /home/airflow/.local/lib/python3.7/site-packages/airflow/example_dags/tutorial.py
[2023-08-03T08:54:06.183+0000] {processor.py:826} INFO - Processing file /home/airflow/.local/lib/python3.7/site-packages/airflow/example_dags/tutorial.py for tasks to queue
[2023-08-03T08:54:06.185+0000] {logging_mixin.py:150} INFO - [2023-08-03T08:54:06.184+0000] {dagbag.py:541} INFO - Filling up the DagBag from /home/airflow/.local/lib/python3.7/site-packages/airflow/example_dags/tutorial.py
[2023-08-03T08:54:06.191+0000] {processor.py:836} INFO - DAG(s) dict_keys(['tutorial']) retrieved from /home/airflow/.local/lib/python3.7/site-packages/airflow/example_dags/tutorial.py
[2023-08-03T08:54:06.214+0000] {logging_mixin.py:150} INFO - [2023-08-03T08:54:06.214+0000] {dag.py:2742} INFO - Sync 1 DAGs
[2023-08-03T08:54:06.232+0000] {logging_mixin.py:150} INFO - [2023-08-03T08:54:06.232+0000] {dag.py:3508} INFO - Setting next_dagrun for tutorial to 2023-08-02T08:54:06.232357+00:00, run_after=2023-08-03T08:54:06.232357+00:00
[2023-08-03T08:54:06.246+0000] {processor.py:179} INFO - Processing /home/airflow/.local/lib/python3.7/site-packages/airflow/example_dags/tutorial.py took 0.067 seconds
[2023-08-03T10:17:23.978+0000] {processor.py:157} INFO - Started process (PID=3080) to work on /home/airflow/.local/lib/python3.7/site-packages/airflow/example_dags/tutorial.py
[2023-08-03T10:17:23.981+0000] {processor.py:826} INFO - Processing file /home/airflow/.local/lib/python3.7/site-packages/airflow/example_dags/tutorial.py for tasks to queue
[2023-08-03T10:17:23.982+0000] {logging_mixin.py:150} INFO - [2023-08-03T10:17:23.982+0000] {dagbag.py:541} INFO - Filling up the DagBag from /home/airflow/.local/lib/python3.7/site-packages/airflow/example_dags/tutorial.py
[2023-08-03T10:17:23.995+0000] {processor.py:836} INFO - DAG(s) dict_keys(['tutorial']) retrieved from /home/airflow/.local/lib/python3.7/site-packages/airflow/example_dags/tutorial.py
[2023-08-03T10:17:24.019+0000] {logging_mixin.py:150} INFO - [2023-08-03T10:17:24.019+0000] {dag.py:2742} INFO - Sync 1 DAGs
[2023-08-03T10:17:24.039+0000] {logging_mixin.py:150} INFO - [2023-08-03T10:17:24.039+0000] {dag.py:3508} INFO - Setting next_dagrun for tutorial to 2023-08-02T10:17:24.038897+00:00, run_after=2023-08-03T10:17:24.038897+00:00
[2023-08-03T10:17:24.052+0000] {processor.py:179} INFO - Processing /home/airflow/.local/lib/python3.7/site-packages/airflow/example_dags/tutorial.py took 0.076 seconds
[2023-08-03T11:56:08.868+0000] {processor.py:157} INFO - Started process (PID=3138) to work on /home/airflow/.local/lib/python3.7/site-packages/airflow/example_dags/tutorial.py
[2023-08-03T11:56:08.870+0000] {processor.py:826} INFO - Processing file /home/airflow/.local/lib/python3.7/site-packages/airflow/example_dags/tutorial.py for tasks to queue
[2023-08-03T11:56:08.888+0000] {logging_mixin.py:150} INFO - [2023-08-03T11:56:08.888+0000] {dagbag.py:541} INFO - Filling up the DagBag from /home/airflow/.local/lib/python3.7/site-packages/airflow/example_dags/tutorial.py
[2023-08-03T11:56:08.897+0000] {processor.py:836} INFO - DAG(s) dict_keys(['tutorial']) retrieved from /home/airflow/.local/lib/python3.7/site-packages/airflow/example_dags/tutorial.py
[2023-08-03T11:56:08.920+0000] {logging_mixin.py:150} INFO - [2023-08-03T11:56:08.920+0000] {dag.py:2742} INFO - Sync 1 DAGs
[2023-08-03T11:56:08.943+0000] {logging_mixin.py:150} INFO - [2023-08-03T11:56:08.943+0000] {dag.py:3508} INFO - Setting next_dagrun for tutorial to 2023-08-02T11:56:08.942942+00:00, run_after=2023-08-03T11:56:08.942942+00:00
[2023-08-03T11:56:08.957+0000] {processor.py:179} INFO - Processing /home/airflow/.local/lib/python3.7/site-packages/airflow/example_dags/tutorial.py took 0.093 seconds
[2023-08-03T13:18:49.322+0000] {processor.py:157} INFO - Started process (PID=3195) to work on /home/airflow/.local/lib/python3.7/site-packages/airflow/example_dags/tutorial.py
[2023-08-03T13:18:49.324+0000] {processor.py:826} INFO - Processing file /home/airflow/.local/lib/python3.7/site-packages/airflow/example_dags/tutorial.py for tasks to queue
[2023-08-03T13:18:49.326+0000] {logging_mixin.py:150} INFO - [2023-08-03T13:18:49.325+0000] {dagbag.py:541} INFO - Filling up the DagBag from /home/airflow/.local/lib/python3.7/site-packages/airflow/example_dags/tutorial.py
[2023-08-03T13:18:49.333+0000] {processor.py:836} INFO - DAG(s) dict_keys(['tutorial']) retrieved from /home/airflow/.local/lib/python3.7/site-packages/airflow/example_dags/tutorial.py
[2023-08-03T13:18:49.356+0000] {logging_mixin.py:150} INFO - [2023-08-03T13:18:49.356+0000] {dag.py:2742} INFO - Sync 1 DAGs
[2023-08-03T13:18:49.376+0000] {logging_mixin.py:150} INFO - [2023-08-03T13:18:49.376+0000] {dag.py:3508} INFO - Setting next_dagrun for tutorial to 2023-08-02T13:18:49.376244+00:00, run_after=2023-08-03T13:18:49.376244+00:00
[2023-08-03T13:18:49.390+0000] {processor.py:179} INFO - Processing /home/airflow/.local/lib/python3.7/site-packages/airflow/example_dags/tutorial.py took 0.071 seconds
[2023-08-03T15:00:04.631+0000] {processor.py:157} INFO - Started process (PID=3251) to work on /home/airflow/.local/lib/python3.7/site-packages/airflow/example_dags/tutorial.py
[2023-08-03T15:00:04.633+0000] {processor.py:826} INFO - Processing file /home/airflow/.local/lib/python3.7/site-packages/airflow/example_dags/tutorial.py for tasks to queue
[2023-08-03T15:00:04.636+0000] {logging_mixin.py:150} INFO - [2023-08-03T15:00:04.636+0000] {dagbag.py:541} INFO - Filling up the DagBag from /home/airflow/.local/lib/python3.7/site-packages/airflow/example_dags/tutorial.py
[2023-08-03T15:00:04.652+0000] {processor.py:836} INFO - DAG(s) dict_keys(['tutorial']) retrieved from /home/airflow/.local/lib/python3.7/site-packages/airflow/example_dags/tutorial.py
[2023-08-03T15:00:04.690+0000] {logging_mixin.py:150} INFO - [2023-08-03T15:00:04.690+0000] {dag.py:2742} INFO - Sync 1 DAGs
[2023-08-03T15:00:04.721+0000] {logging_mixin.py:150} INFO - [2023-08-03T15:00:04.720+0000] {dag.py:3508} INFO - Setting next_dagrun for tutorial to 2023-08-02T15:00:04.720575+00:00, run_after=2023-08-03T15:00:04.720575+00:00
[2023-08-03T15:00:04.784+0000] {processor.py:179} INFO - Processing /home/airflow/.local/lib/python3.7/site-packages/airflow/example_dags/tutorial.py took 0.159 seconds
[2023-08-03T16:41:35.736+0000] {processor.py:157} INFO - Started process (PID=3308) to work on /home/airflow/.local/lib/python3.7/site-packages/airflow/example_dags/tutorial.py
[2023-08-03T16:41:35.738+0000] {processor.py:826} INFO - Processing file /home/airflow/.local/lib/python3.7/site-packages/airflow/example_dags/tutorial.py for tasks to queue
[2023-08-03T16:41:35.739+0000] {logging_mixin.py:150} INFO - [2023-08-03T16:41:35.739+0000] {dagbag.py:541} INFO - Filling up the DagBag from /home/airflow/.local/lib/python3.7/site-packages/airflow/example_dags/tutorial.py
[2023-08-03T16:41:35.746+0000] {processor.py:836} INFO - DAG(s) dict_keys(['tutorial']) retrieved from /home/airflow/.local/lib/python3.7/site-packages/airflow/example_dags/tutorial.py
[2023-08-03T16:41:35.770+0000] {logging_mixin.py:150} INFO - [2023-08-03T16:41:35.770+0000] {dag.py:2742} INFO - Sync 1 DAGs
[2023-08-03T16:41:35.793+0000] {logging_mixin.py:150} INFO - [2023-08-03T16:41:35.793+0000] {dag.py:3508} INFO - Setting next_dagrun for tutorial to 2023-08-02T16:41:35.793313+00:00, run_after=2023-08-03T16:41:35.793313+00:00
[2023-08-03T16:41:35.806+0000] {processor.py:179} INFO - Processing /home/airflow/.local/lib/python3.7/site-packages/airflow/example_dags/tutorial.py took 0.073 seconds
[2023-08-03T18:03:01.377+0000] {processor.py:157} INFO - Started process (PID=3364) to work on /home/airflow/.local/lib/python3.7/site-packages/airflow/example_dags/tutorial.py
[2023-08-03T18:03:01.379+0000] {processor.py:826} INFO - Processing file /home/airflow/.local/lib/python3.7/site-packages/airflow/example_dags/tutorial.py for tasks to queue
[2023-08-03T18:03:01.380+0000] {logging_mixin.py:150} INFO - [2023-08-03T18:03:01.380+0000] {dagbag.py:541} INFO - Filling up the DagBag from /home/airflow/.local/lib/python3.7/site-packages/airflow/example_dags/tutorial.py
[2023-08-03T18:03:01.389+0000] {processor.py:836} INFO - DAG(s) dict_keys(['tutorial']) retrieved from /home/airflow/.local/lib/python3.7/site-packages/airflow/example_dags/tutorial.py
[2023-08-03T18:03:01.460+0000] {logging_mixin.py:150} INFO - [2023-08-03T18:03:01.460+0000] {dag.py:2742} INFO - Sync 1 DAGs
[2023-08-03T18:03:01.485+0000] {logging_mixin.py:150} INFO - [2023-08-03T18:03:01.485+0000] {dag.py:3508} INFO - Setting next_dagrun for tutorial to 2023-08-02T18:03:01.485419+00:00, run_after=2023-08-03T18:03:01.485419+00:00
[2023-08-03T18:03:01.499+0000] {processor.py:179} INFO - Processing /home/airflow/.local/lib/python3.7/site-packages/airflow/example_dags/tutorial.py took 0.125 seconds
[2023-08-03T19:44:22.922+0000] {processor.py:157} INFO - Started process (PID=3421) to work on /home/airflow/.local/lib/python3.7/site-packages/airflow/example_dags/tutorial.py
[2023-08-03T19:44:22.924+0000] {processor.py:826} INFO - Processing file /home/airflow/.local/lib/python3.7/site-packages/airflow/example_dags/tutorial.py for tasks to queue
[2023-08-03T19:44:22.925+0000] {logging_mixin.py:150} INFO - [2023-08-03T19:44:22.925+0000] {dagbag.py:541} INFO - Filling up the DagBag from /home/airflow/.local/lib/python3.7/site-packages/airflow/example_dags/tutorial.py
[2023-08-03T19:44:22.932+0000] {processor.py:836} INFO - DAG(s) dict_keys(['tutorial']) retrieved from /home/airflow/.local/lib/python3.7/site-packages/airflow/example_dags/tutorial.py
[2023-08-03T19:44:22.955+0000] {logging_mixin.py:150} INFO - [2023-08-03T19:44:22.955+0000] {dag.py:2742} INFO - Sync 1 DAGs
[2023-08-03T19:44:23.013+0000] {logging_mixin.py:150} INFO - [2023-08-03T19:44:23.013+0000] {dag.py:3508} INFO - Setting next_dagrun for tutorial to 2023-08-02T19:44:23.013004+00:00, run_after=2023-08-03T19:44:23.013004+00:00
[2023-08-03T19:44:23.028+0000] {processor.py:179} INFO - Processing /home/airflow/.local/lib/python3.7/site-packages/airflow/example_dags/tutorial.py took 0.110 seconds
[2023-08-03T21:07:13.352+0000] {processor.py:157} INFO - Started process (PID=3478) to work on /home/airflow/.local/lib/python3.7/site-packages/airflow/example_dags/tutorial.py
[2023-08-03T21:07:13.354+0000] {processor.py:826} INFO - Processing file /home/airflow/.local/lib/python3.7/site-packages/airflow/example_dags/tutorial.py for tasks to queue
[2023-08-03T21:07:13.356+0000] {logging_mixin.py:150} INFO - [2023-08-03T21:07:13.356+0000] {dagbag.py:541} INFO - Filling up the DagBag from /home/airflow/.local/lib/python3.7/site-packages/airflow/example_dags/tutorial.py
[2023-08-03T21:07:13.364+0000] {processor.py:836} INFO - DAG(s) dict_keys(['tutorial']) retrieved from /home/airflow/.local/lib/python3.7/site-packages/airflow/example_dags/tutorial.py
[2023-08-03T21:07:13.391+0000] {logging_mixin.py:150} INFO - [2023-08-03T21:07:13.391+0000] {dag.py:2742} INFO - Sync 1 DAGs
[2023-08-03T21:07:13.411+0000] {logging_mixin.py:150} INFO - [2023-08-03T21:07:13.410+0000] {dag.py:3508} INFO - Setting next_dagrun for tutorial to 2023-08-02T21:07:13.410650+00:00, run_after=2023-08-03T21:07:13.410650+00:00
[2023-08-03T21:07:13.428+0000] {processor.py:179} INFO - Processing /home/airflow/.local/lib/python3.7/site-packages/airflow/example_dags/tutorial.py took 0.082 seconds
[2023-08-03T22:46:10.480+0000] {processor.py:157} INFO - Started process (PID=3535) to work on /home/airflow/.local/lib/python3.7/site-packages/airflow/example_dags/tutorial.py
[2023-08-03T22:46:10.482+0000] {processor.py:826} INFO - Processing file /home/airflow/.local/lib/python3.7/site-packages/airflow/example_dags/tutorial.py for tasks to queue
[2023-08-03T22:46:10.484+0000] {logging_mixin.py:150} INFO - [2023-08-03T22:46:10.483+0000] {dagbag.py:541} INFO - Filling up the DagBag from /home/airflow/.local/lib/python3.7/site-packages/airflow/example_dags/tutorial.py
[2023-08-03T22:46:10.495+0000] {processor.py:836} INFO - DAG(s) dict_keys(['tutorial']) retrieved from /home/airflow/.local/lib/python3.7/site-packages/airflow/example_dags/tutorial.py
[2023-08-03T22:46:10.517+0000] {logging_mixin.py:150} INFO - [2023-08-03T22:46:10.517+0000] {dag.py:2742} INFO - Sync 1 DAGs
[2023-08-03T22:46:10.535+0000] {logging_mixin.py:150} INFO - [2023-08-03T22:46:10.535+0000] {dag.py:3508} INFO - Setting next_dagrun for tutorial to 2023-08-02T22:46:10.535377+00:00, run_after=2023-08-03T22:46:10.535377+00:00
[2023-08-03T22:46:10.548+0000] {processor.py:179} INFO - Processing /home/airflow/.local/lib/python3.7/site-packages/airflow/example_dags/tutorial.py took 0.071 seconds
[2023-08-03T23:58:31.091+0000] {processor.py:157} INFO - Started process (PID=3591) to work on /home/airflow/.local/lib/python3.7/site-packages/airflow/example_dags/tutorial.py
[2023-08-03T23:58:31.094+0000] {processor.py:826} INFO - Processing file /home/airflow/.local/lib/python3.7/site-packages/airflow/example_dags/tutorial.py for tasks to queue
[2023-08-03T23:58:31.097+0000] {logging_mixin.py:150} INFO - [2023-08-03T23:58:31.096+0000] {dagbag.py:541} INFO - Filling up the DagBag from /home/airflow/.local/lib/python3.7/site-packages/airflow/example_dags/tutorial.py
[2023-08-03T23:58:31.106+0000] {processor.py:836} INFO - DAG(s) dict_keys(['tutorial']) retrieved from /home/airflow/.local/lib/python3.7/site-packages/airflow/example_dags/tutorial.py
[2023-08-03T23:58:31.135+0000] {logging_mixin.py:150} INFO - [2023-08-03T23:58:31.135+0000] {dag.py:2742} INFO - Sync 1 DAGs
[2023-08-03T23:58:31.163+0000] {logging_mixin.py:150} INFO - [2023-08-03T23:58:31.163+0000] {dag.py:3508} INFO - Setting next_dagrun for tutorial to 2023-08-02T23:58:31.162781+00:00, run_after=2023-08-03T23:58:31.162781+00:00
[2023-08-03T23:58:31.244+0000] {processor.py:179} INFO - Processing /home/airflow/.local/lib/python3.7/site-packages/airflow/example_dags/tutorial.py took 0.157 seconds
[2023-08-03T23:59:01.367+0000] {processor.py:157} INFO - Started process (PID=3648) to work on /home/airflow/.local/lib/python3.7/site-packages/airflow/example_dags/tutorial.py
[2023-08-03T23:59:01.371+0000] {processor.py:826} INFO - Processing file /home/airflow/.local/lib/python3.7/site-packages/airflow/example_dags/tutorial.py for tasks to queue
[2023-08-03T23:59:01.373+0000] {logging_mixin.py:150} INFO - [2023-08-03T23:59:01.373+0000] {dagbag.py:541} INFO - Filling up the DagBag from /home/airflow/.local/lib/python3.7/site-packages/airflow/example_dags/tutorial.py
[2023-08-03T23:59:01.380+0000] {processor.py:836} INFO - DAG(s) dict_keys(['tutorial']) retrieved from /home/airflow/.local/lib/python3.7/site-packages/airflow/example_dags/tutorial.py
[2023-08-03T23:59:01.402+0000] {logging_mixin.py:150} INFO - [2023-08-03T23:59:01.402+0000] {dag.py:2742} INFO - Sync 1 DAGs
[2023-08-03T23:59:01.421+0000] {logging_mixin.py:150} INFO - [2023-08-03T23:59:01.420+0000] {dag.py:3508} INFO - Setting next_dagrun for tutorial to 2023-08-02T23:59:01.420555+00:00, run_after=2023-08-03T23:59:01.420555+00:00
[2023-08-03T23:59:01.435+0000] {processor.py:179} INFO - Processing /home/airflow/.local/lib/python3.7/site-packages/airflow/example_dags/tutorial.py took 0.071 seconds
[2023-08-03T23:59:32.491+0000] {processor.py:157} INFO - Started process (PID=3706) to work on /home/airflow/.local/lib/python3.7/site-packages/airflow/example_dags/tutorial.py
[2023-08-03T23:59:32.494+0000] {processor.py:826} INFO - Processing file /home/airflow/.local/lib/python3.7/site-packages/airflow/example_dags/tutorial.py for tasks to queue
[2023-08-03T23:59:32.495+0000] {logging_mixin.py:150} INFO - [2023-08-03T23:59:32.495+0000] {dagbag.py:541} INFO - Filling up the DagBag from /home/airflow/.local/lib/python3.7/site-packages/airflow/example_dags/tutorial.py
[2023-08-03T23:59:32.503+0000] {processor.py:836} INFO - DAG(s) dict_keys(['tutorial']) retrieved from /home/airflow/.local/lib/python3.7/site-packages/airflow/example_dags/tutorial.py
[2023-08-03T23:59:32.527+0000] {logging_mixin.py:150} INFO - [2023-08-03T23:59:32.527+0000] {dag.py:2742} INFO - Sync 1 DAGs
[2023-08-03T23:59:32.546+0000] {logging_mixin.py:150} INFO - [2023-08-03T23:59:32.545+0000] {dag.py:3508} INFO - Setting next_dagrun for tutorial to 2023-08-02T23:59:32.545716+00:00, run_after=2023-08-03T23:59:32.545716+00:00
[2023-08-03T23:59:32.559+0000] {processor.py:179} INFO - Processing /home/airflow/.local/lib/python3.7/site-packages/airflow/example_dags/tutorial.py took 0.073 seconds
