[2023-08-02T10:37:01.320+0000] {processor.py:157} INFO - Started process (PID=36) to work on /home/airflow/.local/lib/python3.7/site-packages/airflow/example_dags/example_external_task_marker_dag.py
[2023-08-02T10:37:01.325+0000] {processor.py:826} INFO - Processing file /home/airflow/.local/lib/python3.7/site-packages/airflow/example_dags/example_external_task_marker_dag.py for tasks to queue
[2023-08-02T10:37:01.328+0000] {logging_mixin.py:150} INFO - [2023-08-02T10:37:01.327+0000] {dagbag.py:541} INFO - Filling up the DagBag from /home/airflow/.local/lib/python3.7/site-packages/airflow/example_dags/example_external_task_marker_dag.py
[2023-08-02T10:37:01.352+0000] {processor.py:836} INFO - DAG(s) dict_keys(['example_external_task_marker_parent', 'example_external_task_marker_child']) retrieved from /home/airflow/.local/lib/python3.7/site-packages/airflow/example_dags/example_external_task_marker_dag.py
[2023-08-02T10:37:01.380+0000] {logging_mixin.py:150} INFO - [2023-08-02T10:37:01.380+0000] {dag.py:2742} INFO - Sync 2 DAGs
[2023-08-02T10:37:01.413+0000] {logging_mixin.py:150} INFO - [2023-08-02T10:37:01.413+0000] {dag.py:3508} INFO - Setting next_dagrun for example_external_task_marker_child to None, run_after=None
[2023-08-02T10:37:01.418+0000] {logging_mixin.py:150} INFO - [2023-08-02T10:37:01.417+0000] {dag.py:3508} INFO - Setting next_dagrun for example_external_task_marker_parent to None, run_after=None
[2023-08-02T10:37:01.439+0000] {processor.py:179} INFO - Processing /home/airflow/.local/lib/python3.7/site-packages/airflow/example_dags/example_external_task_marker_dag.py took 0.132 seconds
[2023-08-02T10:37:31.868+0000] {processor.py:157} INFO - Started process (PID=93) to work on /home/airflow/.local/lib/python3.7/site-packages/airflow/example_dags/example_external_task_marker_dag.py
[2023-08-02T10:37:31.870+0000] {processor.py:826} INFO - Processing file /home/airflow/.local/lib/python3.7/site-packages/airflow/example_dags/example_external_task_marker_dag.py for tasks to queue
[2023-08-02T10:37:31.871+0000] {logging_mixin.py:150} INFO - [2023-08-02T10:37:31.871+0000] {dagbag.py:541} INFO - Filling up the DagBag from /home/airflow/.local/lib/python3.7/site-packages/airflow/example_dags/example_external_task_marker_dag.py
[2023-08-02T10:37:31.878+0000] {processor.py:836} INFO - DAG(s) dict_keys(['example_external_task_marker_child', 'example_external_task_marker_parent']) retrieved from /home/airflow/.local/lib/python3.7/site-packages/airflow/example_dags/example_external_task_marker_dag.py
[2023-08-02T10:37:31.906+0000] {logging_mixin.py:150} INFO - [2023-08-02T10:37:31.906+0000] {dag.py:2742} INFO - Sync 2 DAGs
[2023-08-02T10:37:31.929+0000] {logging_mixin.py:150} INFO - [2023-08-02T10:37:31.929+0000] {dag.py:3508} INFO - Setting next_dagrun for example_external_task_marker_child to None, run_after=None
[2023-08-02T10:37:31.934+0000] {logging_mixin.py:150} INFO - [2023-08-02T10:37:31.934+0000] {dag.py:3508} INFO - Setting next_dagrun for example_external_task_marker_parent to None, run_after=None
[2023-08-02T10:37:31.947+0000] {processor.py:179} INFO - Processing /home/airflow/.local/lib/python3.7/site-packages/airflow/example_dags/example_external_task_marker_dag.py took 0.082 seconds
[2023-08-02T10:38:02.105+0000] {processor.py:157} INFO - Started process (PID=150) to work on /home/airflow/.local/lib/python3.7/site-packages/airflow/example_dags/example_external_task_marker_dag.py
[2023-08-02T10:38:02.106+0000] {processor.py:826} INFO - Processing file /home/airflow/.local/lib/python3.7/site-packages/airflow/example_dags/example_external_task_marker_dag.py for tasks to queue
[2023-08-02T10:38:02.108+0000] {logging_mixin.py:150} INFO - [2023-08-02T10:38:02.107+0000] {dagbag.py:541} INFO - Filling up the DagBag from /home/airflow/.local/lib/python3.7/site-packages/airflow/example_dags/example_external_task_marker_dag.py
[2023-08-02T10:38:02.113+0000] {processor.py:836} INFO - DAG(s) dict_keys(['example_external_task_marker_parent', 'example_external_task_marker_child']) retrieved from /home/airflow/.local/lib/python3.7/site-packages/airflow/example_dags/example_external_task_marker_dag.py
[2023-08-02T10:38:02.152+0000] {logging_mixin.py:150} INFO - [2023-08-02T10:38:02.152+0000] {dag.py:2742} INFO - Sync 2 DAGs
[2023-08-02T10:38:02.172+0000] {logging_mixin.py:150} INFO - [2023-08-02T10:38:02.172+0000] {dag.py:3508} INFO - Setting next_dagrun for example_external_task_marker_child to None, run_after=None
[2023-08-02T10:38:02.175+0000] {logging_mixin.py:150} INFO - [2023-08-02T10:38:02.175+0000] {dag.py:3508} INFO - Setting next_dagrun for example_external_task_marker_parent to None, run_after=None
[2023-08-02T10:38:02.189+0000] {processor.py:179} INFO - Processing /home/airflow/.local/lib/python3.7/site-packages/airflow/example_dags/example_external_task_marker_dag.py took 0.088 seconds
[2023-08-02T10:38:32.745+0000] {processor.py:157} INFO - Started process (PID=207) to work on /home/airflow/.local/lib/python3.7/site-packages/airflow/example_dags/example_external_task_marker_dag.py
[2023-08-02T10:38:32.752+0000] {processor.py:826} INFO - Processing file /home/airflow/.local/lib/python3.7/site-packages/airflow/example_dags/example_external_task_marker_dag.py for tasks to queue
[2023-08-02T10:38:32.753+0000] {logging_mixin.py:150} INFO - [2023-08-02T10:38:32.753+0000] {dagbag.py:541} INFO - Filling up the DagBag from /home/airflow/.local/lib/python3.7/site-packages/airflow/example_dags/example_external_task_marker_dag.py
[2023-08-02T10:38:32.758+0000] {processor.py:836} INFO - DAG(s) dict_keys(['example_external_task_marker_child', 'example_external_task_marker_parent']) retrieved from /home/airflow/.local/lib/python3.7/site-packages/airflow/example_dags/example_external_task_marker_dag.py
[2023-08-02T10:38:32.783+0000] {logging_mixin.py:150} INFO - [2023-08-02T10:38:32.783+0000] {dag.py:2742} INFO - Sync 2 DAGs
[2023-08-02T10:38:32.803+0000] {logging_mixin.py:150} INFO - [2023-08-02T10:38:32.803+0000] {dag.py:3508} INFO - Setting next_dagrun for example_external_task_marker_child to None, run_after=None
[2023-08-02T10:38:32.806+0000] {logging_mixin.py:150} INFO - [2023-08-02T10:38:32.806+0000] {dag.py:3508} INFO - Setting next_dagrun for example_external_task_marker_parent to None, run_after=None
[2023-08-02T10:38:32.817+0000] {processor.py:179} INFO - Processing /home/airflow/.local/lib/python3.7/site-packages/airflow/example_dags/example_external_task_marker_dag.py took 0.075 seconds
[2023-08-02T10:39:03.142+0000] {processor.py:157} INFO - Started process (PID=264) to work on /home/airflow/.local/lib/python3.7/site-packages/airflow/example_dags/example_external_task_marker_dag.py
[2023-08-02T10:39:03.153+0000] {processor.py:826} INFO - Processing file /home/airflow/.local/lib/python3.7/site-packages/airflow/example_dags/example_external_task_marker_dag.py for tasks to queue
[2023-08-02T10:39:03.155+0000] {logging_mixin.py:150} INFO - [2023-08-02T10:39:03.154+0000] {dagbag.py:541} INFO - Filling up the DagBag from /home/airflow/.local/lib/python3.7/site-packages/airflow/example_dags/example_external_task_marker_dag.py
[2023-08-02T10:39:03.160+0000] {processor.py:836} INFO - DAG(s) dict_keys(['example_external_task_marker_parent', 'example_external_task_marker_child']) retrieved from /home/airflow/.local/lib/python3.7/site-packages/airflow/example_dags/example_external_task_marker_dag.py
[2023-08-02T10:39:03.190+0000] {logging_mixin.py:150} INFO - [2023-08-02T10:39:03.190+0000] {dag.py:2742} INFO - Sync 2 DAGs
[2023-08-02T10:39:03.216+0000] {logging_mixin.py:150} INFO - [2023-08-02T10:39:03.216+0000] {dag.py:3508} INFO - Setting next_dagrun for example_external_task_marker_child to None, run_after=None
[2023-08-02T10:39:03.221+0000] {logging_mixin.py:150} INFO - [2023-08-02T10:39:03.221+0000] {dag.py:3508} INFO - Setting next_dagrun for example_external_task_marker_parent to None, run_after=None
[2023-08-02T10:39:03.244+0000] {processor.py:179} INFO - Processing /home/airflow/.local/lib/python3.7/site-packages/airflow/example_dags/example_external_task_marker_dag.py took 0.106 seconds
[2023-08-02T10:39:33.413+0000] {processor.py:157} INFO - Started process (PID=321) to work on /home/airflow/.local/lib/python3.7/site-packages/airflow/example_dags/example_external_task_marker_dag.py
[2023-08-02T10:39:33.416+0000] {processor.py:826} INFO - Processing file /home/airflow/.local/lib/python3.7/site-packages/airflow/example_dags/example_external_task_marker_dag.py for tasks to queue
[2023-08-02T10:39:33.418+0000] {logging_mixin.py:150} INFO - [2023-08-02T10:39:33.418+0000] {dagbag.py:541} INFO - Filling up the DagBag from /home/airflow/.local/lib/python3.7/site-packages/airflow/example_dags/example_external_task_marker_dag.py
[2023-08-02T10:39:33.423+0000] {processor.py:836} INFO - DAG(s) dict_keys(['example_external_task_marker_child', 'example_external_task_marker_parent']) retrieved from /home/airflow/.local/lib/python3.7/site-packages/airflow/example_dags/example_external_task_marker_dag.py
[2023-08-02T10:39:33.450+0000] {logging_mixin.py:150} INFO - [2023-08-02T10:39:33.450+0000] {dag.py:2742} INFO - Sync 2 DAGs
[2023-08-02T10:39:33.507+0000] {logging_mixin.py:150} INFO - [2023-08-02T10:39:33.507+0000] {dag.py:3508} INFO - Setting next_dagrun for example_external_task_marker_child to None, run_after=None
[2023-08-02T10:39:33.511+0000] {logging_mixin.py:150} INFO - [2023-08-02T10:39:33.511+0000] {dag.py:3508} INFO - Setting next_dagrun for example_external_task_marker_parent to None, run_after=None
[2023-08-02T10:39:33.524+0000] {processor.py:179} INFO - Processing /home/airflow/.local/lib/python3.7/site-packages/airflow/example_dags/example_external_task_marker_dag.py took 0.114 seconds
[2023-08-02T10:40:03.755+0000] {processor.py:157} INFO - Started process (PID=377) to work on /home/airflow/.local/lib/python3.7/site-packages/airflow/example_dags/example_external_task_marker_dag.py
[2023-08-02T10:40:03.757+0000] {processor.py:826} INFO - Processing file /home/airflow/.local/lib/python3.7/site-packages/airflow/example_dags/example_external_task_marker_dag.py for tasks to queue
[2023-08-02T10:40:03.758+0000] {logging_mixin.py:150} INFO - [2023-08-02T10:40:03.758+0000] {dagbag.py:541} INFO - Filling up the DagBag from /home/airflow/.local/lib/python3.7/site-packages/airflow/example_dags/example_external_task_marker_dag.py
[2023-08-02T10:40:03.764+0000] {processor.py:836} INFO - DAG(s) dict_keys(['example_external_task_marker_child', 'example_external_task_marker_parent']) retrieved from /home/airflow/.local/lib/python3.7/site-packages/airflow/example_dags/example_external_task_marker_dag.py
[2023-08-02T10:40:03.789+0000] {logging_mixin.py:150} INFO - [2023-08-02T10:40:03.789+0000] {dag.py:2742} INFO - Sync 2 DAGs
[2023-08-02T10:40:03.808+0000] {logging_mixin.py:150} INFO - [2023-08-02T10:40:03.808+0000] {dag.py:3508} INFO - Setting next_dagrun for example_external_task_marker_child to None, run_after=None
[2023-08-02T10:40:03.811+0000] {logging_mixin.py:150} INFO - [2023-08-02T10:40:03.811+0000] {dag.py:3508} INFO - Setting next_dagrun for example_external_task_marker_parent to None, run_after=None
[2023-08-02T10:40:03.824+0000] {processor.py:179} INFO - Processing /home/airflow/.local/lib/python3.7/site-packages/airflow/example_dags/example_external_task_marker_dag.py took 0.072 seconds
[2023-08-02T10:40:34.238+0000] {processor.py:157} INFO - Started process (PID=434) to work on /home/airflow/.local/lib/python3.7/site-packages/airflow/example_dags/example_external_task_marker_dag.py
[2023-08-02T10:40:34.255+0000] {processor.py:826} INFO - Processing file /home/airflow/.local/lib/python3.7/site-packages/airflow/example_dags/example_external_task_marker_dag.py for tasks to queue
[2023-08-02T10:40:34.292+0000] {logging_mixin.py:150} INFO - [2023-08-02T10:40:34.291+0000] {dagbag.py:541} INFO - Filling up the DagBag from /home/airflow/.local/lib/python3.7/site-packages/airflow/example_dags/example_external_task_marker_dag.py
[2023-08-02T10:40:34.303+0000] {processor.py:836} INFO - DAG(s) dict_keys(['example_external_task_marker_parent', 'example_external_task_marker_child']) retrieved from /home/airflow/.local/lib/python3.7/site-packages/airflow/example_dags/example_external_task_marker_dag.py
[2023-08-02T10:40:34.351+0000] {logging_mixin.py:150} INFO - [2023-08-02T10:40:34.351+0000] {dag.py:2742} INFO - Sync 2 DAGs
[2023-08-02T10:40:34.372+0000] {logging_mixin.py:150} INFO - [2023-08-02T10:40:34.372+0000] {dag.py:3508} INFO - Setting next_dagrun for example_external_task_marker_child to None, run_after=None
[2023-08-02T10:40:34.377+0000] {logging_mixin.py:150} INFO - [2023-08-02T10:40:34.377+0000] {dag.py:3508} INFO - Setting next_dagrun for example_external_task_marker_parent to None, run_after=None
[2023-08-02T10:40:34.425+0000] {processor.py:179} INFO - Processing /home/airflow/.local/lib/python3.7/site-packages/airflow/example_dags/example_external_task_marker_dag.py took 0.190 seconds
[2023-08-02T10:41:04.817+0000] {processor.py:157} INFO - Started process (PID=491) to work on /home/airflow/.local/lib/python3.7/site-packages/airflow/example_dags/example_external_task_marker_dag.py
[2023-08-02T10:41:04.819+0000] {processor.py:826} INFO - Processing file /home/airflow/.local/lib/python3.7/site-packages/airflow/example_dags/example_external_task_marker_dag.py for tasks to queue
[2023-08-02T10:41:04.821+0000] {logging_mixin.py:150} INFO - [2023-08-02T10:41:04.821+0000] {dagbag.py:541} INFO - Filling up the DagBag from /home/airflow/.local/lib/python3.7/site-packages/airflow/example_dags/example_external_task_marker_dag.py
[2023-08-02T10:41:04.827+0000] {processor.py:836} INFO - DAG(s) dict_keys(['example_external_task_marker_parent', 'example_external_task_marker_child']) retrieved from /home/airflow/.local/lib/python3.7/site-packages/airflow/example_dags/example_external_task_marker_dag.py
[2023-08-02T10:41:04.858+0000] {logging_mixin.py:150} INFO - [2023-08-02T10:41:04.858+0000] {dag.py:2742} INFO - Sync 2 DAGs
[2023-08-02T10:41:04.899+0000] {logging_mixin.py:150} INFO - [2023-08-02T10:41:04.899+0000] {dag.py:3508} INFO - Setting next_dagrun for example_external_task_marker_child to None, run_after=None
[2023-08-02T10:41:04.908+0000] {logging_mixin.py:150} INFO - [2023-08-02T10:41:04.908+0000] {dag.py:3508} INFO - Setting next_dagrun for example_external_task_marker_parent to None, run_after=None
[2023-08-02T10:41:04.928+0000] {processor.py:179} INFO - Processing /home/airflow/.local/lib/python3.7/site-packages/airflow/example_dags/example_external_task_marker_dag.py took 0.114 seconds
[2023-08-02T10:41:35.327+0000] {processor.py:157} INFO - Started process (PID=548) to work on /home/airflow/.local/lib/python3.7/site-packages/airflow/example_dags/example_external_task_marker_dag.py
[2023-08-02T10:41:35.329+0000] {processor.py:826} INFO - Processing file /home/airflow/.local/lib/python3.7/site-packages/airflow/example_dags/example_external_task_marker_dag.py for tasks to queue
[2023-08-02T10:41:35.330+0000] {logging_mixin.py:150} INFO - [2023-08-02T10:41:35.330+0000] {dagbag.py:541} INFO - Filling up the DagBag from /home/airflow/.local/lib/python3.7/site-packages/airflow/example_dags/example_external_task_marker_dag.py
[2023-08-02T10:41:35.336+0000] {processor.py:836} INFO - DAG(s) dict_keys(['example_external_task_marker_child', 'example_external_task_marker_parent']) retrieved from /home/airflow/.local/lib/python3.7/site-packages/airflow/example_dags/example_external_task_marker_dag.py
[2023-08-02T10:41:35.360+0000] {logging_mixin.py:150} INFO - [2023-08-02T10:41:35.360+0000] {dag.py:2742} INFO - Sync 2 DAGs
[2023-08-02T10:41:35.379+0000] {logging_mixin.py:150} INFO - [2023-08-02T10:41:35.379+0000] {dag.py:3508} INFO - Setting next_dagrun for example_external_task_marker_child to None, run_after=None
[2023-08-02T10:41:35.382+0000] {logging_mixin.py:150} INFO - [2023-08-02T10:41:35.382+0000] {dag.py:3508} INFO - Setting next_dagrun for example_external_task_marker_parent to None, run_after=None
[2023-08-02T10:41:35.461+0000] {processor.py:179} INFO - Processing /home/airflow/.local/lib/python3.7/site-packages/airflow/example_dags/example_external_task_marker_dag.py took 0.137 seconds
[2023-08-02T10:42:05.943+0000] {processor.py:157} INFO - Started process (PID=605) to work on /home/airflow/.local/lib/python3.7/site-packages/airflow/example_dags/example_external_task_marker_dag.py
[2023-08-02T10:42:05.946+0000] {processor.py:826} INFO - Processing file /home/airflow/.local/lib/python3.7/site-packages/airflow/example_dags/example_external_task_marker_dag.py for tasks to queue
[2023-08-02T10:42:05.947+0000] {logging_mixin.py:150} INFO - [2023-08-02T10:42:05.947+0000] {dagbag.py:541} INFO - Filling up the DagBag from /home/airflow/.local/lib/python3.7/site-packages/airflow/example_dags/example_external_task_marker_dag.py
[2023-08-02T10:42:05.953+0000] {processor.py:836} INFO - DAG(s) dict_keys(['example_external_task_marker_parent', 'example_external_task_marker_child']) retrieved from /home/airflow/.local/lib/python3.7/site-packages/airflow/example_dags/example_external_task_marker_dag.py
[2023-08-02T10:42:05.982+0000] {logging_mixin.py:150} INFO - [2023-08-02T10:42:05.982+0000] {dag.py:2742} INFO - Sync 2 DAGs
[2023-08-02T10:42:06.043+0000] {logging_mixin.py:150} INFO - [2023-08-02T10:42:06.043+0000] {dag.py:3508} INFO - Setting next_dagrun for example_external_task_marker_child to None, run_after=None
[2023-08-02T10:42:06.047+0000] {logging_mixin.py:150} INFO - [2023-08-02T10:42:06.047+0000] {dag.py:3508} INFO - Setting next_dagrun for example_external_task_marker_parent to None, run_after=None
[2023-08-02T10:42:06.059+0000] {processor.py:179} INFO - Processing /home/airflow/.local/lib/python3.7/site-packages/airflow/example_dags/example_external_task_marker_dag.py took 0.119 seconds
[2023-08-02T10:42:36.620+0000] {processor.py:157} INFO - Started process (PID=661) to work on /home/airflow/.local/lib/python3.7/site-packages/airflow/example_dags/example_external_task_marker_dag.py
[2023-08-02T10:42:36.623+0000] {processor.py:826} INFO - Processing file /home/airflow/.local/lib/python3.7/site-packages/airflow/example_dags/example_external_task_marker_dag.py for tasks to queue
[2023-08-02T10:42:36.624+0000] {logging_mixin.py:150} INFO - [2023-08-02T10:42:36.624+0000] {dagbag.py:541} INFO - Filling up the DagBag from /home/airflow/.local/lib/python3.7/site-packages/airflow/example_dags/example_external_task_marker_dag.py
[2023-08-02T10:42:36.631+0000] {processor.py:836} INFO - DAG(s) dict_keys(['example_external_task_marker_child', 'example_external_task_marker_parent']) retrieved from /home/airflow/.local/lib/python3.7/site-packages/airflow/example_dags/example_external_task_marker_dag.py
[2023-08-02T10:42:36.658+0000] {logging_mixin.py:150} INFO - [2023-08-02T10:42:36.658+0000] {dag.py:2742} INFO - Sync 2 DAGs
[2023-08-02T10:42:36.675+0000] {logging_mixin.py:150} INFO - [2023-08-02T10:42:36.675+0000] {dag.py:3508} INFO - Setting next_dagrun for example_external_task_marker_child to None, run_after=None
[2023-08-02T10:42:36.678+0000] {logging_mixin.py:150} INFO - [2023-08-02T10:42:36.678+0000] {dag.py:3508} INFO - Setting next_dagrun for example_external_task_marker_parent to None, run_after=None
[2023-08-02T10:42:36.689+0000] {processor.py:179} INFO - Processing /home/airflow/.local/lib/python3.7/site-packages/airflow/example_dags/example_external_task_marker_dag.py took 0.072 seconds
[2023-08-02T10:43:07.121+0000] {processor.py:157} INFO - Started process (PID=718) to work on /home/airflow/.local/lib/python3.7/site-packages/airflow/example_dags/example_external_task_marker_dag.py
[2023-08-02T10:43:07.123+0000] {processor.py:826} INFO - Processing file /home/airflow/.local/lib/python3.7/site-packages/airflow/example_dags/example_external_task_marker_dag.py for tasks to queue
[2023-08-02T10:43:07.124+0000] {logging_mixin.py:150} INFO - [2023-08-02T10:43:07.124+0000] {dagbag.py:541} INFO - Filling up the DagBag from /home/airflow/.local/lib/python3.7/site-packages/airflow/example_dags/example_external_task_marker_dag.py
[2023-08-02T10:43:07.131+0000] {processor.py:836} INFO - DAG(s) dict_keys(['example_external_task_marker_child', 'example_external_task_marker_parent']) retrieved from /home/airflow/.local/lib/python3.7/site-packages/airflow/example_dags/example_external_task_marker_dag.py
[2023-08-02T10:43:07.156+0000] {logging_mixin.py:150} INFO - [2023-08-02T10:43:07.156+0000] {dag.py:2742} INFO - Sync 2 DAGs
[2023-08-02T10:43:07.177+0000] {logging_mixin.py:150} INFO - [2023-08-02T10:43:07.177+0000] {dag.py:3508} INFO - Setting next_dagrun for example_external_task_marker_child to None, run_after=None
[2023-08-02T10:43:07.181+0000] {logging_mixin.py:150} INFO - [2023-08-02T10:43:07.181+0000] {dag.py:3508} INFO - Setting next_dagrun for example_external_task_marker_parent to None, run_after=None
[2023-08-02T10:43:07.197+0000] {processor.py:179} INFO - Processing /home/airflow/.local/lib/python3.7/site-packages/airflow/example_dags/example_external_task_marker_dag.py took 0.079 seconds
[2023-08-02T10:43:37.607+0000] {processor.py:157} INFO - Started process (PID=775) to work on /home/airflow/.local/lib/python3.7/site-packages/airflow/example_dags/example_external_task_marker_dag.py
[2023-08-02T10:43:37.618+0000] {processor.py:826} INFO - Processing file /home/airflow/.local/lib/python3.7/site-packages/airflow/example_dags/example_external_task_marker_dag.py for tasks to queue
[2023-08-02T10:43:37.620+0000] {logging_mixin.py:150} INFO - [2023-08-02T10:43:37.620+0000] {dagbag.py:541} INFO - Filling up the DagBag from /home/airflow/.local/lib/python3.7/site-packages/airflow/example_dags/example_external_task_marker_dag.py
[2023-08-02T10:43:37.625+0000] {processor.py:836} INFO - DAG(s) dict_keys(['example_external_task_marker_parent', 'example_external_task_marker_child']) retrieved from /home/airflow/.local/lib/python3.7/site-packages/airflow/example_dags/example_external_task_marker_dag.py
[2023-08-02T10:43:37.653+0000] {logging_mixin.py:150} INFO - [2023-08-02T10:43:37.653+0000] {dag.py:2742} INFO - Sync 2 DAGs
[2023-08-02T10:43:37.678+0000] {logging_mixin.py:150} INFO - [2023-08-02T10:43:37.678+0000] {dag.py:3508} INFO - Setting next_dagrun for example_external_task_marker_child to None, run_after=None
[2023-08-02T10:43:37.683+0000] {logging_mixin.py:150} INFO - [2023-08-02T10:43:37.683+0000] {dag.py:3508} INFO - Setting next_dagrun for example_external_task_marker_parent to None, run_after=None
[2023-08-02T10:43:37.700+0000] {processor.py:179} INFO - Processing /home/airflow/.local/lib/python3.7/site-packages/airflow/example_dags/example_external_task_marker_dag.py took 0.096 seconds
[2023-08-02T10:44:07.754+0000] {processor.py:157} INFO - Started process (PID=831) to work on /home/airflow/.local/lib/python3.7/site-packages/airflow/example_dags/example_external_task_marker_dag.py
[2023-08-02T10:44:07.756+0000] {processor.py:826} INFO - Processing file /home/airflow/.local/lib/python3.7/site-packages/airflow/example_dags/example_external_task_marker_dag.py for tasks to queue
[2023-08-02T10:44:07.757+0000] {logging_mixin.py:150} INFO - [2023-08-02T10:44:07.757+0000] {dagbag.py:541} INFO - Filling up the DagBag from /home/airflow/.local/lib/python3.7/site-packages/airflow/example_dags/example_external_task_marker_dag.py
[2023-08-02T10:44:07.762+0000] {processor.py:836} INFO - DAG(s) dict_keys(['example_external_task_marker_parent', 'example_external_task_marker_child']) retrieved from /home/airflow/.local/lib/python3.7/site-packages/airflow/example_dags/example_external_task_marker_dag.py
[2023-08-02T10:44:07.786+0000] {logging_mixin.py:150} INFO - [2023-08-02T10:44:07.786+0000] {dag.py:2742} INFO - Sync 2 DAGs
[2023-08-02T10:44:07.812+0000] {logging_mixin.py:150} INFO - [2023-08-02T10:44:07.812+0000] {dag.py:3508} INFO - Setting next_dagrun for example_external_task_marker_child to None, run_after=None
[2023-08-02T10:44:07.815+0000] {logging_mixin.py:150} INFO - [2023-08-02T10:44:07.815+0000] {dag.py:3508} INFO - Setting next_dagrun for example_external_task_marker_parent to None, run_after=None
[2023-08-02T10:44:07.828+0000] {processor.py:179} INFO - Processing /home/airflow/.local/lib/python3.7/site-packages/airflow/example_dags/example_external_task_marker_dag.py took 0.078 seconds
[2023-08-02T10:44:38.113+0000] {processor.py:157} INFO - Started process (PID=888) to work on /home/airflow/.local/lib/python3.7/site-packages/airflow/example_dags/example_external_task_marker_dag.py
[2023-08-02T10:44:38.115+0000] {processor.py:826} INFO - Processing file /home/airflow/.local/lib/python3.7/site-packages/airflow/example_dags/example_external_task_marker_dag.py for tasks to queue
[2023-08-02T10:44:38.117+0000] {logging_mixin.py:150} INFO - [2023-08-02T10:44:38.116+0000] {dagbag.py:541} INFO - Filling up the DagBag from /home/airflow/.local/lib/python3.7/site-packages/airflow/example_dags/example_external_task_marker_dag.py
[2023-08-02T10:44:38.122+0000] {processor.py:836} INFO - DAG(s) dict_keys(['example_external_task_marker_parent', 'example_external_task_marker_child']) retrieved from /home/airflow/.local/lib/python3.7/site-packages/airflow/example_dags/example_external_task_marker_dag.py
[2023-08-02T10:44:38.165+0000] {logging_mixin.py:150} INFO - [2023-08-02T10:44:38.165+0000] {dag.py:2742} INFO - Sync 2 DAGs
[2023-08-02T10:44:38.188+0000] {logging_mixin.py:150} INFO - [2023-08-02T10:44:38.188+0000] {dag.py:3508} INFO - Setting next_dagrun for example_external_task_marker_child to None, run_after=None
[2023-08-02T10:44:38.191+0000] {logging_mixin.py:150} INFO - [2023-08-02T10:44:38.191+0000] {dag.py:3508} INFO - Setting next_dagrun for example_external_task_marker_parent to None, run_after=None
[2023-08-02T10:44:38.203+0000] {processor.py:179} INFO - Processing /home/airflow/.local/lib/python3.7/site-packages/airflow/example_dags/example_external_task_marker_dag.py took 0.093 seconds
[2023-08-02T10:45:08.345+0000] {processor.py:157} INFO - Started process (PID=945) to work on /home/airflow/.local/lib/python3.7/site-packages/airflow/example_dags/example_external_task_marker_dag.py
[2023-08-02T10:45:08.347+0000] {processor.py:826} INFO - Processing file /home/airflow/.local/lib/python3.7/site-packages/airflow/example_dags/example_external_task_marker_dag.py for tasks to queue
[2023-08-02T10:45:08.349+0000] {logging_mixin.py:150} INFO - [2023-08-02T10:45:08.348+0000] {dagbag.py:541} INFO - Filling up the DagBag from /home/airflow/.local/lib/python3.7/site-packages/airflow/example_dags/example_external_task_marker_dag.py
[2023-08-02T10:45:08.354+0000] {processor.py:836} INFO - DAG(s) dict_keys(['example_external_task_marker_parent', 'example_external_task_marker_child']) retrieved from /home/airflow/.local/lib/python3.7/site-packages/airflow/example_dags/example_external_task_marker_dag.py
[2023-08-02T10:45:08.379+0000] {logging_mixin.py:150} INFO - [2023-08-02T10:45:08.379+0000] {dag.py:2742} INFO - Sync 2 DAGs
[2023-08-02T10:45:08.439+0000] {logging_mixin.py:150} INFO - [2023-08-02T10:45:08.439+0000] {dag.py:3508} INFO - Setting next_dagrun for example_external_task_marker_child to None, run_after=None
[2023-08-02T10:45:08.443+0000] {logging_mixin.py:150} INFO - [2023-08-02T10:45:08.442+0000] {dag.py:3508} INFO - Setting next_dagrun for example_external_task_marker_parent to None, run_after=None
[2023-08-02T10:45:08.455+0000] {processor.py:179} INFO - Processing /home/airflow/.local/lib/python3.7/site-packages/airflow/example_dags/example_external_task_marker_dag.py took 0.112 seconds
[2023-08-02T10:45:38.793+0000] {processor.py:157} INFO - Started process (PID=1002) to work on /home/airflow/.local/lib/python3.7/site-packages/airflow/example_dags/example_external_task_marker_dag.py
[2023-08-02T10:45:38.795+0000] {processor.py:826} INFO - Processing file /home/airflow/.local/lib/python3.7/site-packages/airflow/example_dags/example_external_task_marker_dag.py for tasks to queue
[2023-08-02T10:45:38.797+0000] {logging_mixin.py:150} INFO - [2023-08-02T10:45:38.796+0000] {dagbag.py:541} INFO - Filling up the DagBag from /home/airflow/.local/lib/python3.7/site-packages/airflow/example_dags/example_external_task_marker_dag.py
[2023-08-02T10:45:38.804+0000] {processor.py:836} INFO - DAG(s) dict_keys(['example_external_task_marker_parent', 'example_external_task_marker_child']) retrieved from /home/airflow/.local/lib/python3.7/site-packages/airflow/example_dags/example_external_task_marker_dag.py
[2023-08-02T10:45:38.837+0000] {logging_mixin.py:150} INFO - [2023-08-02T10:45:38.837+0000] {dag.py:2742} INFO - Sync 2 DAGs
[2023-08-02T10:45:38.863+0000] {logging_mixin.py:150} INFO - [2023-08-02T10:45:38.863+0000] {dag.py:3508} INFO - Setting next_dagrun for example_external_task_marker_child to None, run_after=None
[2023-08-02T10:45:38.867+0000] {logging_mixin.py:150} INFO - [2023-08-02T10:45:38.867+0000] {dag.py:3508} INFO - Setting next_dagrun for example_external_task_marker_parent to None, run_after=None
[2023-08-02T10:45:38.879+0000] {processor.py:179} INFO - Processing /home/airflow/.local/lib/python3.7/site-packages/airflow/example_dags/example_external_task_marker_dag.py took 0.090 seconds
[2023-08-02T10:46:09.039+0000] {processor.py:157} INFO - Started process (PID=1059) to work on /home/airflow/.local/lib/python3.7/site-packages/airflow/example_dags/example_external_task_marker_dag.py
[2023-08-02T10:46:09.042+0000] {processor.py:826} INFO - Processing file /home/airflow/.local/lib/python3.7/site-packages/airflow/example_dags/example_external_task_marker_dag.py for tasks to queue
[2023-08-02T10:46:09.044+0000] {logging_mixin.py:150} INFO - [2023-08-02T10:46:09.043+0000] {dagbag.py:541} INFO - Filling up the DagBag from /home/airflow/.local/lib/python3.7/site-packages/airflow/example_dags/example_external_task_marker_dag.py
[2023-08-02T10:46:09.050+0000] {processor.py:836} INFO - DAG(s) dict_keys(['example_external_task_marker_child', 'example_external_task_marker_parent']) retrieved from /home/airflow/.local/lib/python3.7/site-packages/airflow/example_dags/example_external_task_marker_dag.py
[2023-08-02T10:46:09.085+0000] {logging_mixin.py:150} INFO - [2023-08-02T10:46:09.085+0000] {dag.py:2742} INFO - Sync 2 DAGs
[2023-08-02T10:46:09.111+0000] {logging_mixin.py:150} INFO - [2023-08-02T10:46:09.111+0000] {dag.py:3508} INFO - Setting next_dagrun for example_external_task_marker_child to None, run_after=None
[2023-08-02T10:46:09.115+0000] {logging_mixin.py:150} INFO - [2023-08-02T10:46:09.115+0000] {dag.py:3508} INFO - Setting next_dagrun for example_external_task_marker_parent to None, run_after=None
[2023-08-02T10:46:09.130+0000] {processor.py:179} INFO - Processing /home/airflow/.local/lib/python3.7/site-packages/airflow/example_dags/example_external_task_marker_dag.py took 0.095 seconds
[2023-08-02T10:46:39.583+0000] {processor.py:157} INFO - Started process (PID=1116) to work on /home/airflow/.local/lib/python3.7/site-packages/airflow/example_dags/example_external_task_marker_dag.py
[2023-08-02T10:46:39.584+0000] {processor.py:826} INFO - Processing file /home/airflow/.local/lib/python3.7/site-packages/airflow/example_dags/example_external_task_marker_dag.py for tasks to queue
[2023-08-02T10:46:39.586+0000] {logging_mixin.py:150} INFO - [2023-08-02T10:46:39.585+0000] {dagbag.py:541} INFO - Filling up the DagBag from /home/airflow/.local/lib/python3.7/site-packages/airflow/example_dags/example_external_task_marker_dag.py
[2023-08-02T10:46:39.591+0000] {processor.py:836} INFO - DAG(s) dict_keys(['example_external_task_marker_child', 'example_external_task_marker_parent']) retrieved from /home/airflow/.local/lib/python3.7/site-packages/airflow/example_dags/example_external_task_marker_dag.py
[2023-08-02T10:46:39.617+0000] {logging_mixin.py:150} INFO - [2023-08-02T10:46:39.617+0000] {dag.py:2742} INFO - Sync 2 DAGs
[2023-08-02T10:46:39.643+0000] {logging_mixin.py:150} INFO - [2023-08-02T10:46:39.643+0000] {dag.py:3508} INFO - Setting next_dagrun for example_external_task_marker_child to None, run_after=None
[2023-08-02T10:46:39.647+0000] {logging_mixin.py:150} INFO - [2023-08-02T10:46:39.647+0000] {dag.py:3508} INFO - Setting next_dagrun for example_external_task_marker_parent to None, run_after=None
[2023-08-02T10:46:39.659+0000] {processor.py:179} INFO - Processing /home/airflow/.local/lib/python3.7/site-packages/airflow/example_dags/example_external_task_marker_dag.py took 0.080 seconds
[2023-08-02T10:47:10.260+0000] {processor.py:157} INFO - Started process (PID=1173) to work on /home/airflow/.local/lib/python3.7/site-packages/airflow/example_dags/example_external_task_marker_dag.py
[2023-08-02T10:47:10.264+0000] {processor.py:826} INFO - Processing file /home/airflow/.local/lib/python3.7/site-packages/airflow/example_dags/example_external_task_marker_dag.py for tasks to queue
[2023-08-02T10:47:10.266+0000] {logging_mixin.py:150} INFO - [2023-08-02T10:47:10.265+0000] {dagbag.py:541} INFO - Filling up the DagBag from /home/airflow/.local/lib/python3.7/site-packages/airflow/example_dags/example_external_task_marker_dag.py
[2023-08-02T10:47:10.271+0000] {processor.py:836} INFO - DAG(s) dict_keys(['example_external_task_marker_parent', 'example_external_task_marker_child']) retrieved from /home/airflow/.local/lib/python3.7/site-packages/airflow/example_dags/example_external_task_marker_dag.py
[2023-08-02T10:47:10.296+0000] {logging_mixin.py:150} INFO - [2023-08-02T10:47:10.296+0000] {dag.py:2742} INFO - Sync 2 DAGs
[2023-08-02T10:47:10.316+0000] {logging_mixin.py:150} INFO - [2023-08-02T10:47:10.316+0000] {dag.py:3508} INFO - Setting next_dagrun for example_external_task_marker_child to None, run_after=None
[2023-08-02T10:47:10.320+0000] {logging_mixin.py:150} INFO - [2023-08-02T10:47:10.320+0000] {dag.py:3508} INFO - Setting next_dagrun for example_external_task_marker_parent to None, run_after=None
[2023-08-02T10:47:10.331+0000] {processor.py:179} INFO - Processing /home/airflow/.local/lib/python3.7/site-packages/airflow/example_dags/example_external_task_marker_dag.py took 0.074 seconds
[2023-08-02T10:47:40.539+0000] {processor.py:157} INFO - Started process (PID=1230) to work on /home/airflow/.local/lib/python3.7/site-packages/airflow/example_dags/example_external_task_marker_dag.py
[2023-08-02T10:47:40.543+0000] {processor.py:826} INFO - Processing file /home/airflow/.local/lib/python3.7/site-packages/airflow/example_dags/example_external_task_marker_dag.py for tasks to queue
[2023-08-02T10:47:40.545+0000] {logging_mixin.py:150} INFO - [2023-08-02T10:47:40.545+0000] {dagbag.py:541} INFO - Filling up the DagBag from /home/airflow/.local/lib/python3.7/site-packages/airflow/example_dags/example_external_task_marker_dag.py
[2023-08-02T10:47:40.557+0000] {processor.py:836} INFO - DAG(s) dict_keys(['example_external_task_marker_child', 'example_external_task_marker_parent']) retrieved from /home/airflow/.local/lib/python3.7/site-packages/airflow/example_dags/example_external_task_marker_dag.py
[2023-08-02T10:47:40.588+0000] {logging_mixin.py:150} INFO - [2023-08-02T10:47:40.588+0000] {dag.py:2742} INFO - Sync 2 DAGs
[2023-08-02T10:47:40.609+0000] {logging_mixin.py:150} INFO - [2023-08-02T10:47:40.609+0000] {dag.py:3508} INFO - Setting next_dagrun for example_external_task_marker_child to None, run_after=None
[2023-08-02T10:47:40.613+0000] {logging_mixin.py:150} INFO - [2023-08-02T10:47:40.613+0000] {dag.py:3508} INFO - Setting next_dagrun for example_external_task_marker_parent to None, run_after=None
[2023-08-02T10:47:40.626+0000] {processor.py:179} INFO - Processing /home/airflow/.local/lib/python3.7/site-packages/airflow/example_dags/example_external_task_marker_dag.py took 0.097 seconds
[2023-08-02T10:48:10.911+0000] {processor.py:157} INFO - Started process (PID=1287) to work on /home/airflow/.local/lib/python3.7/site-packages/airflow/example_dags/example_external_task_marker_dag.py
[2023-08-02T10:48:10.913+0000] {processor.py:826} INFO - Processing file /home/airflow/.local/lib/python3.7/site-packages/airflow/example_dags/example_external_task_marker_dag.py for tasks to queue
[2023-08-02T10:48:10.914+0000] {logging_mixin.py:150} INFO - [2023-08-02T10:48:10.914+0000] {dagbag.py:541} INFO - Filling up the DagBag from /home/airflow/.local/lib/python3.7/site-packages/airflow/example_dags/example_external_task_marker_dag.py
[2023-08-02T10:48:10.919+0000] {processor.py:836} INFO - DAG(s) dict_keys(['example_external_task_marker_parent', 'example_external_task_marker_child']) retrieved from /home/airflow/.local/lib/python3.7/site-packages/airflow/example_dags/example_external_task_marker_dag.py
[2023-08-02T10:48:10.944+0000] {logging_mixin.py:150} INFO - [2023-08-02T10:48:10.944+0000] {dag.py:2742} INFO - Sync 2 DAGs
[2023-08-02T10:48:10.966+0000] {logging_mixin.py:150} INFO - [2023-08-02T10:48:10.966+0000] {dag.py:3508} INFO - Setting next_dagrun for example_external_task_marker_child to None, run_after=None
[2023-08-02T10:48:10.981+0000] {logging_mixin.py:150} INFO - [2023-08-02T10:48:10.981+0000] {dag.py:3508} INFO - Setting next_dagrun for example_external_task_marker_parent to None, run_after=None
[2023-08-02T10:48:10.996+0000] {processor.py:179} INFO - Processing /home/airflow/.local/lib/python3.7/site-packages/airflow/example_dags/example_external_task_marker_dag.py took 0.087 seconds
[2023-08-02T10:48:41.151+0000] {processor.py:157} INFO - Started process (PID=1344) to work on /home/airflow/.local/lib/python3.7/site-packages/airflow/example_dags/example_external_task_marker_dag.py
[2023-08-02T10:48:41.162+0000] {processor.py:826} INFO - Processing file /home/airflow/.local/lib/python3.7/site-packages/airflow/example_dags/example_external_task_marker_dag.py for tasks to queue
[2023-08-02T10:48:41.164+0000] {logging_mixin.py:150} INFO - [2023-08-02T10:48:41.163+0000] {dagbag.py:541} INFO - Filling up the DagBag from /home/airflow/.local/lib/python3.7/site-packages/airflow/example_dags/example_external_task_marker_dag.py
[2023-08-02T10:48:41.169+0000] {processor.py:836} INFO - DAG(s) dict_keys(['example_external_task_marker_parent', 'example_external_task_marker_child']) retrieved from /home/airflow/.local/lib/python3.7/site-packages/airflow/example_dags/example_external_task_marker_dag.py
[2023-08-02T10:48:41.195+0000] {logging_mixin.py:150} INFO - [2023-08-02T10:48:41.194+0000] {dag.py:2742} INFO - Sync 2 DAGs
[2023-08-02T10:48:41.214+0000] {logging_mixin.py:150} INFO - [2023-08-02T10:48:41.214+0000] {dag.py:3508} INFO - Setting next_dagrun for example_external_task_marker_child to None, run_after=None
[2023-08-02T10:48:41.217+0000] {logging_mixin.py:150} INFO - [2023-08-02T10:48:41.217+0000] {dag.py:3508} INFO - Setting next_dagrun for example_external_task_marker_parent to None, run_after=None
[2023-08-02T10:48:41.230+0000] {processor.py:179} INFO - Processing /home/airflow/.local/lib/python3.7/site-packages/airflow/example_dags/example_external_task_marker_dag.py took 0.082 seconds
[2023-08-02T10:49:11.518+0000] {processor.py:157} INFO - Started process (PID=1401) to work on /home/airflow/.local/lib/python3.7/site-packages/airflow/example_dags/example_external_task_marker_dag.py
[2023-08-02T10:49:11.520+0000] {processor.py:826} INFO - Processing file /home/airflow/.local/lib/python3.7/site-packages/airflow/example_dags/example_external_task_marker_dag.py for tasks to queue
[2023-08-02T10:49:11.522+0000] {logging_mixin.py:150} INFO - [2023-08-02T10:49:11.522+0000] {dagbag.py:541} INFO - Filling up the DagBag from /home/airflow/.local/lib/python3.7/site-packages/airflow/example_dags/example_external_task_marker_dag.py
[2023-08-02T10:49:11.530+0000] {processor.py:836} INFO - DAG(s) dict_keys(['example_external_task_marker_child', 'example_external_task_marker_parent']) retrieved from /home/airflow/.local/lib/python3.7/site-packages/airflow/example_dags/example_external_task_marker_dag.py
[2023-08-02T10:49:11.556+0000] {logging_mixin.py:150} INFO - [2023-08-02T10:49:11.556+0000] {dag.py:2742} INFO - Sync 2 DAGs
[2023-08-02T10:49:11.579+0000] {logging_mixin.py:150} INFO - [2023-08-02T10:49:11.578+0000] {dag.py:3508} INFO - Setting next_dagrun for example_external_task_marker_child to None, run_after=None
[2023-08-02T10:49:11.581+0000] {logging_mixin.py:150} INFO - [2023-08-02T10:49:11.581+0000] {dag.py:3508} INFO - Setting next_dagrun for example_external_task_marker_parent to None, run_after=None
[2023-08-02T10:49:11.593+0000] {processor.py:179} INFO - Processing /home/airflow/.local/lib/python3.7/site-packages/airflow/example_dags/example_external_task_marker_dag.py took 0.078 seconds
[2023-08-02T10:49:41.814+0000] {processor.py:157} INFO - Started process (PID=1458) to work on /home/airflow/.local/lib/python3.7/site-packages/airflow/example_dags/example_external_task_marker_dag.py
[2023-08-02T10:49:41.816+0000] {processor.py:826} INFO - Processing file /home/airflow/.local/lib/python3.7/site-packages/airflow/example_dags/example_external_task_marker_dag.py for tasks to queue
[2023-08-02T10:49:41.818+0000] {logging_mixin.py:150} INFO - [2023-08-02T10:49:41.817+0000] {dagbag.py:541} INFO - Filling up the DagBag from /home/airflow/.local/lib/python3.7/site-packages/airflow/example_dags/example_external_task_marker_dag.py
[2023-08-02T10:49:41.823+0000] {processor.py:836} INFO - DAG(s) dict_keys(['example_external_task_marker_child', 'example_external_task_marker_parent']) retrieved from /home/airflow/.local/lib/python3.7/site-packages/airflow/example_dags/example_external_task_marker_dag.py
[2023-08-02T10:49:41.846+0000] {logging_mixin.py:150} INFO - [2023-08-02T10:49:41.845+0000] {dag.py:2742} INFO - Sync 2 DAGs
[2023-08-02T10:49:41.864+0000] {logging_mixin.py:150} INFO - [2023-08-02T10:49:41.864+0000] {dag.py:3508} INFO - Setting next_dagrun for example_external_task_marker_child to None, run_after=None
[2023-08-02T10:49:41.869+0000] {logging_mixin.py:150} INFO - [2023-08-02T10:49:41.869+0000] {dag.py:3508} INFO - Setting next_dagrun for example_external_task_marker_parent to None, run_after=None
[2023-08-02T10:49:41.882+0000] {processor.py:179} INFO - Processing /home/airflow/.local/lib/python3.7/site-packages/airflow/example_dags/example_external_task_marker_dag.py took 0.074 seconds
[2023-08-02T10:50:12.145+0000] {processor.py:157} INFO - Started process (PID=1515) to work on /home/airflow/.local/lib/python3.7/site-packages/airflow/example_dags/example_external_task_marker_dag.py
[2023-08-02T10:50:12.147+0000] {processor.py:826} INFO - Processing file /home/airflow/.local/lib/python3.7/site-packages/airflow/example_dags/example_external_task_marker_dag.py for tasks to queue
[2023-08-02T10:50:12.148+0000] {logging_mixin.py:150} INFO - [2023-08-02T10:50:12.148+0000] {dagbag.py:541} INFO - Filling up the DagBag from /home/airflow/.local/lib/python3.7/site-packages/airflow/example_dags/example_external_task_marker_dag.py
[2023-08-02T10:50:12.157+0000] {processor.py:836} INFO - DAG(s) dict_keys(['example_external_task_marker_parent', 'example_external_task_marker_child']) retrieved from /home/airflow/.local/lib/python3.7/site-packages/airflow/example_dags/example_external_task_marker_dag.py
[2023-08-02T10:50:12.186+0000] {logging_mixin.py:150} INFO - [2023-08-02T10:50:12.186+0000] {dag.py:2742} INFO - Sync 2 DAGs
[2023-08-02T10:50:12.211+0000] {logging_mixin.py:150} INFO - [2023-08-02T10:50:12.211+0000] {dag.py:3508} INFO - Setting next_dagrun for example_external_task_marker_child to None, run_after=None
[2023-08-02T10:50:12.214+0000] {logging_mixin.py:150} INFO - [2023-08-02T10:50:12.214+0000] {dag.py:3508} INFO - Setting next_dagrun for example_external_task_marker_parent to None, run_after=None
[2023-08-02T10:50:12.226+0000] {processor.py:179} INFO - Processing /home/airflow/.local/lib/python3.7/site-packages/airflow/example_dags/example_external_task_marker_dag.py took 0.084 seconds
[2023-08-02T10:50:42.726+0000] {processor.py:157} INFO - Started process (PID=1572) to work on /home/airflow/.local/lib/python3.7/site-packages/airflow/example_dags/example_external_task_marker_dag.py
[2023-08-02T10:50:42.728+0000] {processor.py:826} INFO - Processing file /home/airflow/.local/lib/python3.7/site-packages/airflow/example_dags/example_external_task_marker_dag.py for tasks to queue
[2023-08-02T10:50:42.730+0000] {logging_mixin.py:150} INFO - [2023-08-02T10:50:42.729+0000] {dagbag.py:541} INFO - Filling up the DagBag from /home/airflow/.local/lib/python3.7/site-packages/airflow/example_dags/example_external_task_marker_dag.py
[2023-08-02T10:50:42.736+0000] {processor.py:836} INFO - DAG(s) dict_keys(['example_external_task_marker_child', 'example_external_task_marker_parent']) retrieved from /home/airflow/.local/lib/python3.7/site-packages/airflow/example_dags/example_external_task_marker_dag.py
[2023-08-02T10:50:42.763+0000] {logging_mixin.py:150} INFO - [2023-08-02T10:50:42.763+0000] {dag.py:2742} INFO - Sync 2 DAGs
[2023-08-02T10:50:42.787+0000] {logging_mixin.py:150} INFO - [2023-08-02T10:50:42.787+0000] {dag.py:3508} INFO - Setting next_dagrun for example_external_task_marker_child to None, run_after=None
[2023-08-02T10:50:42.836+0000] {logging_mixin.py:150} INFO - [2023-08-02T10:50:42.836+0000] {dag.py:3508} INFO - Setting next_dagrun for example_external_task_marker_parent to None, run_after=None
[2023-08-02T10:50:42.849+0000] {processor.py:179} INFO - Processing /home/airflow/.local/lib/python3.7/site-packages/airflow/example_dags/example_external_task_marker_dag.py took 0.127 seconds
[2023-08-02T10:51:12.975+0000] {processor.py:157} INFO - Started process (PID=1629) to work on /home/airflow/.local/lib/python3.7/site-packages/airflow/example_dags/example_external_task_marker_dag.py
[2023-08-02T10:51:12.977+0000] {processor.py:826} INFO - Processing file /home/airflow/.local/lib/python3.7/site-packages/airflow/example_dags/example_external_task_marker_dag.py for tasks to queue
[2023-08-02T10:51:12.978+0000] {logging_mixin.py:150} INFO - [2023-08-02T10:51:12.978+0000] {dagbag.py:541} INFO - Filling up the DagBag from /home/airflow/.local/lib/python3.7/site-packages/airflow/example_dags/example_external_task_marker_dag.py
[2023-08-02T10:51:12.984+0000] {processor.py:836} INFO - DAG(s) dict_keys(['example_external_task_marker_child', 'example_external_task_marker_parent']) retrieved from /home/airflow/.local/lib/python3.7/site-packages/airflow/example_dags/example_external_task_marker_dag.py
[2023-08-02T10:51:13.009+0000] {logging_mixin.py:150} INFO - [2023-08-02T10:51:13.009+0000] {dag.py:2742} INFO - Sync 2 DAGs
[2023-08-02T10:51:13.068+0000] {logging_mixin.py:150} INFO - [2023-08-02T10:51:13.068+0000] {dag.py:3508} INFO - Setting next_dagrun for example_external_task_marker_child to None, run_after=None
[2023-08-02T10:51:13.073+0000] {logging_mixin.py:150} INFO - [2023-08-02T10:51:13.073+0000] {dag.py:3508} INFO - Setting next_dagrun for example_external_task_marker_parent to None, run_after=None
[2023-08-02T10:51:13.101+0000] {processor.py:179} INFO - Processing /home/airflow/.local/lib/python3.7/site-packages/airflow/example_dags/example_external_task_marker_dag.py took 0.129 seconds
[2023-08-02T10:51:43.420+0000] {processor.py:157} INFO - Started process (PID=1686) to work on /home/airflow/.local/lib/python3.7/site-packages/airflow/example_dags/example_external_task_marker_dag.py
[2023-08-02T10:51:43.422+0000] {processor.py:826} INFO - Processing file /home/airflow/.local/lib/python3.7/site-packages/airflow/example_dags/example_external_task_marker_dag.py for tasks to queue
[2023-08-02T10:51:43.423+0000] {logging_mixin.py:150} INFO - [2023-08-02T10:51:43.423+0000] {dagbag.py:541} INFO - Filling up the DagBag from /home/airflow/.local/lib/python3.7/site-packages/airflow/example_dags/example_external_task_marker_dag.py
[2023-08-02T10:51:43.429+0000] {processor.py:836} INFO - DAG(s) dict_keys(['example_external_task_marker_child', 'example_external_task_marker_parent']) retrieved from /home/airflow/.local/lib/python3.7/site-packages/airflow/example_dags/example_external_task_marker_dag.py
[2023-08-02T10:51:43.457+0000] {logging_mixin.py:150} INFO - [2023-08-02T10:51:43.457+0000] {dag.py:2742} INFO - Sync 2 DAGs
[2023-08-02T10:51:43.475+0000] {logging_mixin.py:150} INFO - [2023-08-02T10:51:43.475+0000] {dag.py:3508} INFO - Setting next_dagrun for example_external_task_marker_child to None, run_after=None
[2023-08-02T10:51:43.533+0000] {logging_mixin.py:150} INFO - [2023-08-02T10:51:43.533+0000] {dag.py:3508} INFO - Setting next_dagrun for example_external_task_marker_parent to None, run_after=None
[2023-08-02T10:51:43.545+0000] {processor.py:179} INFO - Processing /home/airflow/.local/lib/python3.7/site-packages/airflow/example_dags/example_external_task_marker_dag.py took 0.128 seconds
[2023-08-02T10:52:13.835+0000] {processor.py:157} INFO - Started process (PID=1743) to work on /home/airflow/.local/lib/python3.7/site-packages/airflow/example_dags/example_external_task_marker_dag.py
[2023-08-02T10:52:13.837+0000] {processor.py:826} INFO - Processing file /home/airflow/.local/lib/python3.7/site-packages/airflow/example_dags/example_external_task_marker_dag.py for tasks to queue
[2023-08-02T10:52:13.839+0000] {logging_mixin.py:150} INFO - [2023-08-02T10:52:13.839+0000] {dagbag.py:541} INFO - Filling up the DagBag from /home/airflow/.local/lib/python3.7/site-packages/airflow/example_dags/example_external_task_marker_dag.py
[2023-08-02T10:52:13.845+0000] {processor.py:836} INFO - DAG(s) dict_keys(['example_external_task_marker_parent', 'example_external_task_marker_child']) retrieved from /home/airflow/.local/lib/python3.7/site-packages/airflow/example_dags/example_external_task_marker_dag.py
[2023-08-02T10:52:13.869+0000] {logging_mixin.py:150} INFO - [2023-08-02T10:52:13.869+0000] {dag.py:2742} INFO - Sync 2 DAGs
[2023-08-02T10:52:13.888+0000] {logging_mixin.py:150} INFO - [2023-08-02T10:52:13.888+0000] {dag.py:3508} INFO - Setting next_dagrun for example_external_task_marker_child to None, run_after=None
[2023-08-02T10:52:13.891+0000] {logging_mixin.py:150} INFO - [2023-08-02T10:52:13.891+0000] {dag.py:3508} INFO - Setting next_dagrun for example_external_task_marker_parent to None, run_after=None
[2023-08-02T10:52:13.903+0000] {processor.py:179} INFO - Processing /home/airflow/.local/lib/python3.7/site-packages/airflow/example_dags/example_external_task_marker_dag.py took 0.071 seconds
[2023-08-02T10:52:43.968+0000] {processor.py:157} INFO - Started process (PID=1801) to work on /home/airflow/.local/lib/python3.7/site-packages/airflow/example_dags/example_external_task_marker_dag.py
[2023-08-02T10:52:43.970+0000] {processor.py:826} INFO - Processing file /home/airflow/.local/lib/python3.7/site-packages/airflow/example_dags/example_external_task_marker_dag.py for tasks to queue
[2023-08-02T10:52:43.971+0000] {logging_mixin.py:150} INFO - [2023-08-02T10:52:43.971+0000] {dagbag.py:541} INFO - Filling up the DagBag from /home/airflow/.local/lib/python3.7/site-packages/airflow/example_dags/example_external_task_marker_dag.py
[2023-08-02T10:52:43.976+0000] {processor.py:836} INFO - DAG(s) dict_keys(['example_external_task_marker_child', 'example_external_task_marker_parent']) retrieved from /home/airflow/.local/lib/python3.7/site-packages/airflow/example_dags/example_external_task_marker_dag.py
[2023-08-02T10:52:44.007+0000] {logging_mixin.py:150} INFO - [2023-08-02T10:52:44.007+0000] {dag.py:2742} INFO - Sync 2 DAGs
[2023-08-02T10:52:44.062+0000] {logging_mixin.py:150} INFO - [2023-08-02T10:52:44.062+0000] {dag.py:3508} INFO - Setting next_dagrun for example_external_task_marker_child to None, run_after=None
[2023-08-02T10:52:44.065+0000] {logging_mixin.py:150} INFO - [2023-08-02T10:52:44.065+0000] {dag.py:3508} INFO - Setting next_dagrun for example_external_task_marker_parent to None, run_after=None
[2023-08-02T10:52:44.076+0000] {processor.py:179} INFO - Processing /home/airflow/.local/lib/python3.7/site-packages/airflow/example_dags/example_external_task_marker_dag.py took 0.112 seconds
[2023-08-02T10:53:14.240+0000] {processor.py:157} INFO - Started process (PID=1858) to work on /home/airflow/.local/lib/python3.7/site-packages/airflow/example_dags/example_external_task_marker_dag.py
[2023-08-02T10:53:14.242+0000] {processor.py:826} INFO - Processing file /home/airflow/.local/lib/python3.7/site-packages/airflow/example_dags/example_external_task_marker_dag.py for tasks to queue
[2023-08-02T10:53:14.243+0000] {logging_mixin.py:150} INFO - [2023-08-02T10:53:14.243+0000] {dagbag.py:541} INFO - Filling up the DagBag from /home/airflow/.local/lib/python3.7/site-packages/airflow/example_dags/example_external_task_marker_dag.py
[2023-08-02T10:53:14.249+0000] {processor.py:836} INFO - DAG(s) dict_keys(['example_external_task_marker_child', 'example_external_task_marker_parent']) retrieved from /home/airflow/.local/lib/python3.7/site-packages/airflow/example_dags/example_external_task_marker_dag.py
[2023-08-02T10:53:14.278+0000] {logging_mixin.py:150} INFO - [2023-08-02T10:53:14.278+0000] {dag.py:2742} INFO - Sync 2 DAGs
[2023-08-02T10:53:14.302+0000] {logging_mixin.py:150} INFO - [2023-08-02T10:53:14.302+0000] {dag.py:3508} INFO - Setting next_dagrun for example_external_task_marker_child to None, run_after=None
[2023-08-02T10:53:14.306+0000] {logging_mixin.py:150} INFO - [2023-08-02T10:53:14.306+0000] {dag.py:3508} INFO - Setting next_dagrun for example_external_task_marker_parent to None, run_after=None
[2023-08-02T10:53:14.318+0000] {processor.py:179} INFO - Processing /home/airflow/.local/lib/python3.7/site-packages/airflow/example_dags/example_external_task_marker_dag.py took 0.081 seconds
[2023-08-02T10:53:44.609+0000] {processor.py:157} INFO - Started process (PID=1915) to work on /home/airflow/.local/lib/python3.7/site-packages/airflow/example_dags/example_external_task_marker_dag.py
[2023-08-02T10:53:44.611+0000] {processor.py:826} INFO - Processing file /home/airflow/.local/lib/python3.7/site-packages/airflow/example_dags/example_external_task_marker_dag.py for tasks to queue
[2023-08-02T10:53:44.612+0000] {logging_mixin.py:150} INFO - [2023-08-02T10:53:44.612+0000] {dagbag.py:541} INFO - Filling up the DagBag from /home/airflow/.local/lib/python3.7/site-packages/airflow/example_dags/example_external_task_marker_dag.py
[2023-08-02T10:53:44.617+0000] {processor.py:836} INFO - DAG(s) dict_keys(['example_external_task_marker_parent', 'example_external_task_marker_child']) retrieved from /home/airflow/.local/lib/python3.7/site-packages/airflow/example_dags/example_external_task_marker_dag.py
[2023-08-02T10:53:44.640+0000] {logging_mixin.py:150} INFO - [2023-08-02T10:53:44.640+0000] {dag.py:2742} INFO - Sync 2 DAGs
[2023-08-02T10:53:44.658+0000] {logging_mixin.py:150} INFO - [2023-08-02T10:53:44.658+0000] {dag.py:3508} INFO - Setting next_dagrun for example_external_task_marker_child to None, run_after=None
[2023-08-02T10:53:44.662+0000] {logging_mixin.py:150} INFO - [2023-08-02T10:53:44.662+0000] {dag.py:3508} INFO - Setting next_dagrun for example_external_task_marker_parent to None, run_after=None
[2023-08-02T10:53:44.675+0000] {processor.py:179} INFO - Processing /home/airflow/.local/lib/python3.7/site-packages/airflow/example_dags/example_external_task_marker_dag.py took 0.069 seconds
[2023-08-02T10:54:14.852+0000] {processor.py:157} INFO - Started process (PID=1973) to work on /home/airflow/.local/lib/python3.7/site-packages/airflow/example_dags/example_external_task_marker_dag.py
[2023-08-02T10:54:14.854+0000] {processor.py:826} INFO - Processing file /home/airflow/.local/lib/python3.7/site-packages/airflow/example_dags/example_external_task_marker_dag.py for tasks to queue
[2023-08-02T10:54:14.855+0000] {logging_mixin.py:150} INFO - [2023-08-02T10:54:14.855+0000] {dagbag.py:541} INFO - Filling up the DagBag from /home/airflow/.local/lib/python3.7/site-packages/airflow/example_dags/example_external_task_marker_dag.py
[2023-08-02T10:54:14.861+0000] {processor.py:836} INFO - DAG(s) dict_keys(['example_external_task_marker_child', 'example_external_task_marker_parent']) retrieved from /home/airflow/.local/lib/python3.7/site-packages/airflow/example_dags/example_external_task_marker_dag.py
[2023-08-02T10:54:14.888+0000] {logging_mixin.py:150} INFO - [2023-08-02T10:54:14.888+0000] {dag.py:2742} INFO - Sync 2 DAGs
[2023-08-02T10:54:14.913+0000] {logging_mixin.py:150} INFO - [2023-08-02T10:54:14.913+0000] {dag.py:3508} INFO - Setting next_dagrun for example_external_task_marker_child to None, run_after=None
[2023-08-02T10:54:14.916+0000] {logging_mixin.py:150} INFO - [2023-08-02T10:54:14.916+0000] {dag.py:3508} INFO - Setting next_dagrun for example_external_task_marker_parent to None, run_after=None
[2023-08-02T10:54:14.931+0000] {processor.py:179} INFO - Processing /home/airflow/.local/lib/python3.7/site-packages/airflow/example_dags/example_external_task_marker_dag.py took 0.083 seconds
[2023-08-02T10:54:45.148+0000] {processor.py:157} INFO - Started process (PID=2031) to work on /home/airflow/.local/lib/python3.7/site-packages/airflow/example_dags/example_external_task_marker_dag.py
[2023-08-02T10:54:45.150+0000] {processor.py:826} INFO - Processing file /home/airflow/.local/lib/python3.7/site-packages/airflow/example_dags/example_external_task_marker_dag.py for tasks to queue
[2023-08-02T10:54:45.206+0000] {logging_mixin.py:150} INFO - [2023-08-02T10:54:45.206+0000] {dagbag.py:541} INFO - Filling up the DagBag from /home/airflow/.local/lib/python3.7/site-packages/airflow/example_dags/example_external_task_marker_dag.py
[2023-08-02T10:54:45.212+0000] {processor.py:836} INFO - DAG(s) dict_keys(['example_external_task_marker_parent', 'example_external_task_marker_child']) retrieved from /home/airflow/.local/lib/python3.7/site-packages/airflow/example_dags/example_external_task_marker_dag.py
[2023-08-02T10:54:45.239+0000] {logging_mixin.py:150} INFO - [2023-08-02T10:54:45.239+0000] {dag.py:2742} INFO - Sync 2 DAGs
[2023-08-02T10:54:45.261+0000] {logging_mixin.py:150} INFO - [2023-08-02T10:54:45.261+0000] {dag.py:3508} INFO - Setting next_dagrun for example_external_task_marker_child to None, run_after=None
[2023-08-02T10:54:45.266+0000] {logging_mixin.py:150} INFO - [2023-08-02T10:54:45.265+0000] {dag.py:3508} INFO - Setting next_dagrun for example_external_task_marker_parent to None, run_after=None
[2023-08-02T10:54:45.278+0000] {processor.py:179} INFO - Processing /home/airflow/.local/lib/python3.7/site-packages/airflow/example_dags/example_external_task_marker_dag.py took 0.133 seconds
[2023-08-02T10:55:15.537+0000] {processor.py:157} INFO - Started process (PID=2088) to work on /home/airflow/.local/lib/python3.7/site-packages/airflow/example_dags/example_external_task_marker_dag.py
[2023-08-02T10:55:15.540+0000] {processor.py:826} INFO - Processing file /home/airflow/.local/lib/python3.7/site-packages/airflow/example_dags/example_external_task_marker_dag.py for tasks to queue
[2023-08-02T10:55:15.543+0000] {logging_mixin.py:150} INFO - [2023-08-02T10:55:15.543+0000] {dagbag.py:541} INFO - Filling up the DagBag from /home/airflow/.local/lib/python3.7/site-packages/airflow/example_dags/example_external_task_marker_dag.py
[2023-08-02T10:55:15.554+0000] {processor.py:836} INFO - DAG(s) dict_keys(['example_external_task_marker_child', 'example_external_task_marker_parent']) retrieved from /home/airflow/.local/lib/python3.7/site-packages/airflow/example_dags/example_external_task_marker_dag.py
[2023-08-02T10:55:15.598+0000] {logging_mixin.py:150} INFO - [2023-08-02T10:55:15.597+0000] {dag.py:2742} INFO - Sync 2 DAGs
[2023-08-02T10:55:15.632+0000] {logging_mixin.py:150} INFO - [2023-08-02T10:55:15.632+0000] {dag.py:3508} INFO - Setting next_dagrun for example_external_task_marker_child to None, run_after=None
[2023-08-02T10:55:15.638+0000] {logging_mixin.py:150} INFO - [2023-08-02T10:55:15.638+0000] {dag.py:3508} INFO - Setting next_dagrun for example_external_task_marker_parent to None, run_after=None
[2023-08-02T10:55:15.655+0000] {processor.py:179} INFO - Processing /home/airflow/.local/lib/python3.7/site-packages/airflow/example_dags/example_external_task_marker_dag.py took 0.122 seconds
[2023-08-02T12:19:16.808+0000] {processor.py:157} INFO - Started process (PID=2145) to work on /home/airflow/.local/lib/python3.7/site-packages/airflow/example_dags/example_external_task_marker_dag.py
[2023-08-02T12:19:16.813+0000] {processor.py:826} INFO - Processing file /home/airflow/.local/lib/python3.7/site-packages/airflow/example_dags/example_external_task_marker_dag.py for tasks to queue
[2023-08-02T12:19:16.816+0000] {logging_mixin.py:150} INFO - [2023-08-02T12:19:16.815+0000] {dagbag.py:541} INFO - Filling up the DagBag from /home/airflow/.local/lib/python3.7/site-packages/airflow/example_dags/example_external_task_marker_dag.py
[2023-08-02T12:19:16.843+0000] {processor.py:836} INFO - DAG(s) dict_keys(['example_external_task_marker_parent', 'example_external_task_marker_child']) retrieved from /home/airflow/.local/lib/python3.7/site-packages/airflow/example_dags/example_external_task_marker_dag.py
[2023-08-02T12:19:16.958+0000] {logging_mixin.py:150} INFO - [2023-08-02T12:19:16.958+0000] {dag.py:2742} INFO - Sync 2 DAGs
[2023-08-02T12:19:17.091+0000] {logging_mixin.py:150} INFO - [2023-08-02T12:19:17.091+0000] {dag.py:3508} INFO - Setting next_dagrun for example_external_task_marker_child to None, run_after=None
[2023-08-02T12:19:17.108+0000] {logging_mixin.py:150} INFO - [2023-08-02T12:19:17.108+0000] {dag.py:3508} INFO - Setting next_dagrun for example_external_task_marker_parent to None, run_after=None
[2023-08-02T12:19:17.206+0000] {processor.py:179} INFO - Processing /home/airflow/.local/lib/python3.7/site-packages/airflow/example_dags/example_external_task_marker_dag.py took 0.413 seconds
[2023-08-02T13:26:10.928+0000] {processor.py:157} INFO - Started process (PID=2202) to work on /home/airflow/.local/lib/python3.7/site-packages/airflow/example_dags/example_external_task_marker_dag.py
[2023-08-02T13:26:10.943+0000] {processor.py:826} INFO - Processing file /home/airflow/.local/lib/python3.7/site-packages/airflow/example_dags/example_external_task_marker_dag.py for tasks to queue
[2023-08-02T13:26:10.955+0000] {logging_mixin.py:150} INFO - [2023-08-02T13:26:10.955+0000] {dagbag.py:541} INFO - Filling up the DagBag from /home/airflow/.local/lib/python3.7/site-packages/airflow/example_dags/example_external_task_marker_dag.py
[2023-08-02T13:26:11.027+0000] {processor.py:836} INFO - DAG(s) dict_keys(['example_external_task_marker_child', 'example_external_task_marker_parent']) retrieved from /home/airflow/.local/lib/python3.7/site-packages/airflow/example_dags/example_external_task_marker_dag.py
[2023-08-02T13:26:11.126+0000] {logging_mixin.py:150} INFO - [2023-08-02T13:26:11.126+0000] {dag.py:2742} INFO - Sync 2 DAGs
[2023-08-02T13:26:11.227+0000] {logging_mixin.py:150} INFO - [2023-08-02T13:26:11.227+0000] {dag.py:3508} INFO - Setting next_dagrun for example_external_task_marker_child to None, run_after=None
[2023-08-02T13:26:11.235+0000] {logging_mixin.py:150} INFO - [2023-08-02T13:26:11.234+0000] {dag.py:3508} INFO - Setting next_dagrun for example_external_task_marker_parent to None, run_after=None
[2023-08-02T13:26:11.254+0000] {processor.py:179} INFO - Processing /home/airflow/.local/lib/python3.7/site-packages/airflow/example_dags/example_external_task_marker_dag.py took 0.370 seconds
[2023-08-02T14:49:09.538+0000] {processor.py:157} INFO - Started process (PID=2260) to work on /home/airflow/.local/lib/python3.7/site-packages/airflow/example_dags/example_external_task_marker_dag.py
[2023-08-02T14:49:09.608+0000] {processor.py:826} INFO - Processing file /home/airflow/.local/lib/python3.7/site-packages/airflow/example_dags/example_external_task_marker_dag.py for tasks to queue
[2023-08-02T14:49:09.613+0000] {logging_mixin.py:150} INFO - [2023-08-02T14:49:09.612+0000] {dagbag.py:541} INFO - Filling up the DagBag from /home/airflow/.local/lib/python3.7/site-packages/airflow/example_dags/example_external_task_marker_dag.py
[2023-08-02T14:49:09.637+0000] {processor.py:836} INFO - DAG(s) dict_keys(['example_external_task_marker_parent', 'example_external_task_marker_child']) retrieved from /home/airflow/.local/lib/python3.7/site-packages/airflow/example_dags/example_external_task_marker_dag.py
[2023-08-02T14:49:09.810+0000] {logging_mixin.py:150} INFO - [2023-08-02T14:49:09.810+0000] {dag.py:2742} INFO - Sync 2 DAGs
[2023-08-02T14:49:09.865+0000] {logging_mixin.py:150} INFO - [2023-08-02T14:49:09.865+0000] {dag.py:3508} INFO - Setting next_dagrun for example_external_task_marker_child to None, run_after=None
[2023-08-02T14:49:09.883+0000] {logging_mixin.py:150} INFO - [2023-08-02T14:49:09.883+0000] {dag.py:3508} INFO - Setting next_dagrun for example_external_task_marker_parent to None, run_after=None
[2023-08-02T14:49:09.907+0000] {processor.py:179} INFO - Processing /home/airflow/.local/lib/python3.7/site-packages/airflow/example_dags/example_external_task_marker_dag.py took 0.378 seconds
[2023-08-02T15:54:26.233+0000] {processor.py:157} INFO - Started process (PID=2316) to work on /home/airflow/.local/lib/python3.7/site-packages/airflow/example_dags/example_external_task_marker_dag.py
[2023-08-02T15:54:26.235+0000] {processor.py:826} INFO - Processing file /home/airflow/.local/lib/python3.7/site-packages/airflow/example_dags/example_external_task_marker_dag.py for tasks to queue
[2023-08-02T15:54:26.238+0000] {logging_mixin.py:150} INFO - [2023-08-02T15:54:26.238+0000] {dagbag.py:541} INFO - Filling up the DagBag from /home/airflow/.local/lib/python3.7/site-packages/airflow/example_dags/example_external_task_marker_dag.py
[2023-08-02T15:54:26.244+0000] {processor.py:836} INFO - DAG(s) dict_keys(['example_external_task_marker_parent', 'example_external_task_marker_child']) retrieved from /home/airflow/.local/lib/python3.7/site-packages/airflow/example_dags/example_external_task_marker_dag.py
[2023-08-02T15:54:26.271+0000] {logging_mixin.py:150} INFO - [2023-08-02T15:54:26.271+0000] {dag.py:2742} INFO - Sync 2 DAGs
[2023-08-02T15:54:26.297+0000] {logging_mixin.py:150} INFO - [2023-08-02T15:54:26.297+0000] {dag.py:3508} INFO - Setting next_dagrun for example_external_task_marker_child to None, run_after=None
[2023-08-02T15:54:26.303+0000] {logging_mixin.py:150} INFO - [2023-08-02T15:54:26.303+0000] {dag.py:3508} INFO - Setting next_dagrun for example_external_task_marker_parent to None, run_after=None
[2023-08-02T15:54:26.345+0000] {processor.py:179} INFO - Processing /home/airflow/.local/lib/python3.7/site-packages/airflow/example_dags/example_external_task_marker_dag.py took 0.115 seconds
[2023-08-02T16:26:50.610+0000] {processor.py:157} INFO - Started process (PID=2373) to work on /home/airflow/.local/lib/python3.7/site-packages/airflow/example_dags/example_external_task_marker_dag.py
[2023-08-02T16:26:50.635+0000] {processor.py:826} INFO - Processing file /home/airflow/.local/lib/python3.7/site-packages/airflow/example_dags/example_external_task_marker_dag.py for tasks to queue
[2023-08-02T16:26:50.641+0000] {logging_mixin.py:150} INFO - [2023-08-02T16:26:50.640+0000] {dagbag.py:541} INFO - Filling up the DagBag from /home/airflow/.local/lib/python3.7/site-packages/airflow/example_dags/example_external_task_marker_dag.py
[2023-08-02T16:26:50.652+0000] {processor.py:836} INFO - DAG(s) dict_keys(['example_external_task_marker_parent', 'example_external_task_marker_child']) retrieved from /home/airflow/.local/lib/python3.7/site-packages/airflow/example_dags/example_external_task_marker_dag.py
[2023-08-02T16:26:50.689+0000] {logging_mixin.py:150} INFO - [2023-08-02T16:26:50.688+0000] {dag.py:2742} INFO - Sync 2 DAGs
[2023-08-02T16:26:50.733+0000] {logging_mixin.py:150} INFO - [2023-08-02T16:26:50.733+0000] {dag.py:3508} INFO - Setting next_dagrun for example_external_task_marker_child to None, run_after=None
[2023-08-02T16:26:50.741+0000] {logging_mixin.py:150} INFO - [2023-08-02T16:26:50.741+0000] {dag.py:3508} INFO - Setting next_dagrun for example_external_task_marker_parent to None, run_after=None
[2023-08-02T16:26:50.768+0000] {processor.py:179} INFO - Processing /home/airflow/.local/lib/python3.7/site-packages/airflow/example_dags/example_external_task_marker_dag.py took 0.162 seconds
[2023-08-02T17:14:35.067+0000] {processor.py:157} INFO - Started process (PID=2431) to work on /home/airflow/.local/lib/python3.7/site-packages/airflow/example_dags/example_external_task_marker_dag.py
[2023-08-02T17:14:35.069+0000] {processor.py:826} INFO - Processing file /home/airflow/.local/lib/python3.7/site-packages/airflow/example_dags/example_external_task_marker_dag.py for tasks to queue
[2023-08-02T17:14:35.071+0000] {logging_mixin.py:150} INFO - [2023-08-02T17:14:35.070+0000] {dagbag.py:541} INFO - Filling up the DagBag from /home/airflow/.local/lib/python3.7/site-packages/airflow/example_dags/example_external_task_marker_dag.py
[2023-08-02T17:14:35.079+0000] {processor.py:836} INFO - DAG(s) dict_keys(['example_external_task_marker_child', 'example_external_task_marker_parent']) retrieved from /home/airflow/.local/lib/python3.7/site-packages/airflow/example_dags/example_external_task_marker_dag.py
[2023-08-02T17:14:35.424+0000] {logging_mixin.py:150} INFO - [2023-08-02T17:14:35.424+0000] {dag.py:2742} INFO - Sync 2 DAGs
[2023-08-02T17:14:35.448+0000] {logging_mixin.py:150} INFO - [2023-08-02T17:14:35.448+0000] {dag.py:3508} INFO - Setting next_dagrun for example_external_task_marker_child to None, run_after=None
[2023-08-02T17:14:35.520+0000] {logging_mixin.py:150} INFO - [2023-08-02T17:14:35.520+0000] {dag.py:3508} INFO - Setting next_dagrun for example_external_task_marker_parent to None, run_after=None
[2023-08-02T17:14:35.552+0000] {processor.py:179} INFO - Processing /home/airflow/.local/lib/python3.7/site-packages/airflow/example_dags/example_external_task_marker_dag.py took 0.489 seconds
[2023-08-02T18:59:08.658+0000] {processor.py:157} INFO - Started process (PID=2488) to work on /home/airflow/.local/lib/python3.7/site-packages/airflow/example_dags/example_external_task_marker_dag.py
[2023-08-02T18:59:08.664+0000] {processor.py:826} INFO - Processing file /home/airflow/.local/lib/python3.7/site-packages/airflow/example_dags/example_external_task_marker_dag.py for tasks to queue
[2023-08-02T18:59:08.666+0000] {logging_mixin.py:150} INFO - [2023-08-02T18:59:08.665+0000] {dagbag.py:541} INFO - Filling up the DagBag from /home/airflow/.local/lib/python3.7/site-packages/airflow/example_dags/example_external_task_marker_dag.py
[2023-08-02T18:59:08.700+0000] {processor.py:836} INFO - DAG(s) dict_keys(['example_external_task_marker_parent', 'example_external_task_marker_child']) retrieved from /home/airflow/.local/lib/python3.7/site-packages/airflow/example_dags/example_external_task_marker_dag.py
[2023-08-02T18:59:08.782+0000] {logging_mixin.py:150} INFO - [2023-08-02T18:59:08.782+0000] {dag.py:2742} INFO - Sync 2 DAGs
[2023-08-02T18:59:08.890+0000] {logging_mixin.py:150} INFO - [2023-08-02T18:59:08.889+0000] {dag.py:3508} INFO - Setting next_dagrun for example_external_task_marker_child to None, run_after=None
[2023-08-02T18:59:08.900+0000] {logging_mixin.py:150} INFO - [2023-08-02T18:59:08.899+0000] {dag.py:3508} INFO - Setting next_dagrun for example_external_task_marker_parent to None, run_after=None
[2023-08-02T18:59:08.925+0000] {processor.py:179} INFO - Processing /home/airflow/.local/lib/python3.7/site-packages/airflow/example_dags/example_external_task_marker_dag.py took 0.274 seconds
[2023-08-02T20:21:31.277+0000] {processor.py:157} INFO - Started process (PID=2546) to work on /home/airflow/.local/lib/python3.7/site-packages/airflow/example_dags/example_external_task_marker_dag.py
[2023-08-02T20:21:31.279+0000] {processor.py:826} INFO - Processing file /home/airflow/.local/lib/python3.7/site-packages/airflow/example_dags/example_external_task_marker_dag.py for tasks to queue
[2023-08-02T20:21:31.281+0000] {logging_mixin.py:150} INFO - [2023-08-02T20:21:31.281+0000] {dagbag.py:541} INFO - Filling up the DagBag from /home/airflow/.local/lib/python3.7/site-packages/airflow/example_dags/example_external_task_marker_dag.py
[2023-08-02T20:21:31.287+0000] {processor.py:836} INFO - DAG(s) dict_keys(['example_external_task_marker_parent', 'example_external_task_marker_child']) retrieved from /home/airflow/.local/lib/python3.7/site-packages/airflow/example_dags/example_external_task_marker_dag.py
[2023-08-02T20:21:31.363+0000] {logging_mixin.py:150} INFO - [2023-08-02T20:21:31.363+0000] {dag.py:2742} INFO - Sync 2 DAGs
[2023-08-02T20:21:31.384+0000] {logging_mixin.py:150} INFO - [2023-08-02T20:21:31.383+0000] {dag.py:3508} INFO - Setting next_dagrun for example_external_task_marker_child to None, run_after=None
[2023-08-02T20:21:31.388+0000] {logging_mixin.py:150} INFO - [2023-08-02T20:21:31.387+0000] {dag.py:3508} INFO - Setting next_dagrun for example_external_task_marker_parent to None, run_after=None
[2023-08-02T20:21:31.404+0000] {processor.py:179} INFO - Processing /home/airflow/.local/lib/python3.7/site-packages/airflow/example_dags/example_external_task_marker_dag.py took 0.130 seconds
[2023-08-02T22:03:27.274+0000] {processor.py:157} INFO - Started process (PID=2603) to work on /home/airflow/.local/lib/python3.7/site-packages/airflow/example_dags/example_external_task_marker_dag.py
[2023-08-02T22:03:27.285+0000] {processor.py:826} INFO - Processing file /home/airflow/.local/lib/python3.7/site-packages/airflow/example_dags/example_external_task_marker_dag.py for tasks to queue
[2023-08-02T22:03:27.289+0000] {logging_mixin.py:150} INFO - [2023-08-02T22:03:27.289+0000] {dagbag.py:541} INFO - Filling up the DagBag from /home/airflow/.local/lib/python3.7/site-packages/airflow/example_dags/example_external_task_marker_dag.py
[2023-08-02T22:03:27.309+0000] {processor.py:836} INFO - DAG(s) dict_keys(['example_external_task_marker_parent', 'example_external_task_marker_child']) retrieved from /home/airflow/.local/lib/python3.7/site-packages/airflow/example_dags/example_external_task_marker_dag.py
[2023-08-02T22:03:27.409+0000] {logging_mixin.py:150} INFO - [2023-08-02T22:03:27.409+0000] {dag.py:2742} INFO - Sync 2 DAGs
[2023-08-02T22:03:27.451+0000] {logging_mixin.py:150} INFO - [2023-08-02T22:03:27.451+0000] {dag.py:3508} INFO - Setting next_dagrun for example_external_task_marker_child to None, run_after=None
[2023-08-02T22:03:27.458+0000] {logging_mixin.py:150} INFO - [2023-08-02T22:03:27.458+0000] {dag.py:3508} INFO - Setting next_dagrun for example_external_task_marker_parent to None, run_after=None
[2023-08-02T22:03:27.492+0000] {processor.py:179} INFO - Processing /home/airflow/.local/lib/python3.7/site-packages/airflow/example_dags/example_external_task_marker_dag.py took 0.224 seconds
[2023-08-02T23:27:13.380+0000] {processor.py:157} INFO - Started process (PID=2660) to work on /home/airflow/.local/lib/python3.7/site-packages/airflow/example_dags/example_external_task_marker_dag.py
[2023-08-02T23:27:13.390+0000] {processor.py:826} INFO - Processing file /home/airflow/.local/lib/python3.7/site-packages/airflow/example_dags/example_external_task_marker_dag.py for tasks to queue
[2023-08-02T23:27:13.407+0000] {logging_mixin.py:150} INFO - [2023-08-02T23:27:13.407+0000] {dagbag.py:541} INFO - Filling up the DagBag from /home/airflow/.local/lib/python3.7/site-packages/airflow/example_dags/example_external_task_marker_dag.py
[2023-08-02T23:27:13.416+0000] {processor.py:836} INFO - DAG(s) dict_keys(['example_external_task_marker_child', 'example_external_task_marker_parent']) retrieved from /home/airflow/.local/lib/python3.7/site-packages/airflow/example_dags/example_external_task_marker_dag.py
[2023-08-02T23:27:13.446+0000] {logging_mixin.py:150} INFO - [2023-08-02T23:27:13.446+0000] {dag.py:2742} INFO - Sync 2 DAGs
[2023-08-02T23:27:13.465+0000] {logging_mixin.py:150} INFO - [2023-08-02T23:27:13.465+0000] {dag.py:3508} INFO - Setting next_dagrun for example_external_task_marker_child to None, run_after=None
[2023-08-02T23:27:13.537+0000] {logging_mixin.py:150} INFO - [2023-08-02T23:27:13.536+0000] {dag.py:3508} INFO - Setting next_dagrun for example_external_task_marker_parent to None, run_after=None
[2023-08-02T23:27:13.607+0000] {processor.py:179} INFO - Processing /home/airflow/.local/lib/python3.7/site-packages/airflow/example_dags/example_external_task_marker_dag.py took 0.230 seconds
