[2023-08-02T10:37:01.084+0000] {processor.py:157} INFO - Started process (PID=34) to work on /home/airflow/.local/lib/python3.7/site-packages/airflow/example_dags/example_dynamic_task_mapping_with_no_taskflow_operators.py
[2023-08-02T10:37:01.088+0000] {processor.py:826} INFO - Processing file /home/airflow/.local/lib/python3.7/site-packages/airflow/example_dags/example_dynamic_task_mapping_with_no_taskflow_operators.py for tasks to queue
[2023-08-02T10:37:01.091+0000] {logging_mixin.py:150} INFO - [2023-08-02T10:37:01.091+0000] {dagbag.py:541} INFO - Filling up the DagBag from /home/airflow/.local/lib/python3.7/site-packages/airflow/example_dags/example_dynamic_task_mapping_with_no_taskflow_operators.py
[2023-08-02T10:37:01.115+0000] {processor.py:836} INFO - DAG(s) dict_keys(['example_dynamic_task_mapping_with_no_taskflow_operators']) retrieved from /home/airflow/.local/lib/python3.7/site-packages/airflow/example_dags/example_dynamic_task_mapping_with_no_taskflow_operators.py
[2023-08-02T10:37:01.147+0000] {logging_mixin.py:150} INFO - [2023-08-02T10:37:01.147+0000] {dag.py:2742} INFO - Sync 1 DAGs
[2023-08-02T10:37:01.190+0000] {logging_mixin.py:150} INFO - [2023-08-02T10:37:01.189+0000] {dag.py:3508} INFO - Setting next_dagrun for example_dynamic_task_mapping_with_no_taskflow_operators to 2023-08-01T10:37:01.189181+00:00, run_after=2023-08-02T10:37:01.189181+00:00
[2023-08-02T10:37:01.220+0000] {processor.py:179} INFO - Processing /home/airflow/.local/lib/python3.7/site-packages/airflow/example_dags/example_dynamic_task_mapping_with_no_taskflow_operators.py took 0.149 seconds
[2023-08-02T10:37:31.752+0000] {processor.py:157} INFO - Started process (PID=91) to work on /home/airflow/.local/lib/python3.7/site-packages/airflow/example_dags/example_dynamic_task_mapping_with_no_taskflow_operators.py
[2023-08-02T10:37:31.754+0000] {processor.py:826} INFO - Processing file /home/airflow/.local/lib/python3.7/site-packages/airflow/example_dags/example_dynamic_task_mapping_with_no_taskflow_operators.py for tasks to queue
[2023-08-02T10:37:31.755+0000] {logging_mixin.py:150} INFO - [2023-08-02T10:37:31.755+0000] {dagbag.py:541} INFO - Filling up the DagBag from /home/airflow/.local/lib/python3.7/site-packages/airflow/example_dags/example_dynamic_task_mapping_with_no_taskflow_operators.py
[2023-08-02T10:37:31.763+0000] {processor.py:836} INFO - DAG(s) dict_keys(['example_dynamic_task_mapping_with_no_taskflow_operators']) retrieved from /home/airflow/.local/lib/python3.7/site-packages/airflow/example_dags/example_dynamic_task_mapping_with_no_taskflow_operators.py
[2023-08-02T10:37:31.795+0000] {logging_mixin.py:150} INFO - [2023-08-02T10:37:31.795+0000] {dag.py:2742} INFO - Sync 1 DAGs
[2023-08-02T10:37:31.816+0000] {logging_mixin.py:150} INFO - [2023-08-02T10:37:31.816+0000] {dag.py:3508} INFO - Setting next_dagrun for example_dynamic_task_mapping_with_no_taskflow_operators to 2023-08-01T10:37:31.816331+00:00, run_after=2023-08-02T10:37:31.816331+00:00
[2023-08-02T10:37:31.833+0000] {processor.py:179} INFO - Processing /home/airflow/.local/lib/python3.7/site-packages/airflow/example_dags/example_dynamic_task_mapping_with_no_taskflow_operators.py took 0.084 seconds
[2023-08-02T10:38:01.946+0000] {processor.py:157} INFO - Started process (PID=148) to work on /home/airflow/.local/lib/python3.7/site-packages/airflow/example_dags/example_dynamic_task_mapping_with_no_taskflow_operators.py
[2023-08-02T10:38:01.948+0000] {processor.py:826} INFO - Processing file /home/airflow/.local/lib/python3.7/site-packages/airflow/example_dags/example_dynamic_task_mapping_with_no_taskflow_operators.py for tasks to queue
[2023-08-02T10:38:02.005+0000] {logging_mixin.py:150} INFO - [2023-08-02T10:38:02.005+0000] {dagbag.py:541} INFO - Filling up the DagBag from /home/airflow/.local/lib/python3.7/site-packages/airflow/example_dags/example_dynamic_task_mapping_with_no_taskflow_operators.py
[2023-08-02T10:38:02.012+0000] {processor.py:836} INFO - DAG(s) dict_keys(['example_dynamic_task_mapping_with_no_taskflow_operators']) retrieved from /home/airflow/.local/lib/python3.7/site-packages/airflow/example_dags/example_dynamic_task_mapping_with_no_taskflow_operators.py
[2023-08-02T10:38:02.035+0000] {logging_mixin.py:150} INFO - [2023-08-02T10:38:02.035+0000] {dag.py:2742} INFO - Sync 1 DAGs
[2023-08-02T10:38:02.054+0000] {logging_mixin.py:150} INFO - [2023-08-02T10:38:02.054+0000] {dag.py:3508} INFO - Setting next_dagrun for example_dynamic_task_mapping_with_no_taskflow_operators to 2023-08-01T10:38:02.054001+00:00, run_after=2023-08-02T10:38:02.054001+00:00
[2023-08-02T10:38:02.072+0000] {processor.py:179} INFO - Processing /home/airflow/.local/lib/python3.7/site-packages/airflow/example_dags/example_dynamic_task_mapping_with_no_taskflow_operators.py took 0.129 seconds
[2023-08-02T10:38:32.545+0000] {processor.py:157} INFO - Started process (PID=205) to work on /home/airflow/.local/lib/python3.7/site-packages/airflow/example_dags/example_dynamic_task_mapping_with_no_taskflow_operators.py
[2023-08-02T10:38:32.548+0000] {processor.py:826} INFO - Processing file /home/airflow/.local/lib/python3.7/site-packages/airflow/example_dags/example_dynamic_task_mapping_with_no_taskflow_operators.py for tasks to queue
[2023-08-02T10:38:32.549+0000] {logging_mixin.py:150} INFO - [2023-08-02T10:38:32.549+0000] {dagbag.py:541} INFO - Filling up the DagBag from /home/airflow/.local/lib/python3.7/site-packages/airflow/example_dags/example_dynamic_task_mapping_with_no_taskflow_operators.py
[2023-08-02T10:38:32.557+0000] {processor.py:836} INFO - DAG(s) dict_keys(['example_dynamic_task_mapping_with_no_taskflow_operators']) retrieved from /home/airflow/.local/lib/python3.7/site-packages/airflow/example_dags/example_dynamic_task_mapping_with_no_taskflow_operators.py
[2023-08-02T10:38:32.674+0000] {logging_mixin.py:150} INFO - [2023-08-02T10:38:32.674+0000] {dag.py:2742} INFO - Sync 1 DAGs
[2023-08-02T10:38:32.697+0000] {logging_mixin.py:150} INFO - [2023-08-02T10:38:32.697+0000] {dag.py:3508} INFO - Setting next_dagrun for example_dynamic_task_mapping_with_no_taskflow_operators to 2023-08-01T10:38:32.696878+00:00, run_after=2023-08-02T10:38:32.696878+00:00
[2023-08-02T10:38:32.719+0000] {processor.py:179} INFO - Processing /home/airflow/.local/lib/python3.7/site-packages/airflow/example_dags/example_dynamic_task_mapping_with_no_taskflow_operators.py took 0.177 seconds
[2023-08-02T10:39:03.002+0000] {processor.py:157} INFO - Started process (PID=262) to work on /home/airflow/.local/lib/python3.7/site-packages/airflow/example_dags/example_dynamic_task_mapping_with_no_taskflow_operators.py
[2023-08-02T10:39:03.004+0000] {processor.py:826} INFO - Processing file /home/airflow/.local/lib/python3.7/site-packages/airflow/example_dags/example_dynamic_task_mapping_with_no_taskflow_operators.py for tasks to queue
[2023-08-02T10:39:03.005+0000] {logging_mixin.py:150} INFO - [2023-08-02T10:39:03.004+0000] {dagbag.py:541} INFO - Filling up the DagBag from /home/airflow/.local/lib/python3.7/site-packages/airflow/example_dags/example_dynamic_task_mapping_with_no_taskflow_operators.py
[2023-08-02T10:39:03.011+0000] {processor.py:836} INFO - DAG(s) dict_keys(['example_dynamic_task_mapping_with_no_taskflow_operators']) retrieved from /home/airflow/.local/lib/python3.7/site-packages/airflow/example_dags/example_dynamic_task_mapping_with_no_taskflow_operators.py
[2023-08-02T10:39:03.033+0000] {logging_mixin.py:150} INFO - [2023-08-02T10:39:03.033+0000] {dag.py:2742} INFO - Sync 1 DAGs
[2023-08-02T10:39:03.054+0000] {logging_mixin.py:150} INFO - [2023-08-02T10:39:03.054+0000] {dag.py:3508} INFO - Setting next_dagrun for example_dynamic_task_mapping_with_no_taskflow_operators to 2023-08-01T10:39:03.053972+00:00, run_after=2023-08-02T10:39:03.053972+00:00
[2023-08-02T10:39:03.112+0000] {processor.py:179} INFO - Processing /home/airflow/.local/lib/python3.7/site-packages/airflow/example_dags/example_dynamic_task_mapping_with_no_taskflow_operators.py took 0.113 seconds
[2023-08-02T10:39:33.317+0000] {processor.py:157} INFO - Started process (PID=319) to work on /home/airflow/.local/lib/python3.7/site-packages/airflow/example_dags/example_dynamic_task_mapping_with_no_taskflow_operators.py
[2023-08-02T10:39:33.320+0000] {processor.py:826} INFO - Processing file /home/airflow/.local/lib/python3.7/site-packages/airflow/example_dags/example_dynamic_task_mapping_with_no_taskflow_operators.py for tasks to queue
[2023-08-02T10:39:33.321+0000] {logging_mixin.py:150} INFO - [2023-08-02T10:39:33.321+0000] {dagbag.py:541} INFO - Filling up the DagBag from /home/airflow/.local/lib/python3.7/site-packages/airflow/example_dags/example_dynamic_task_mapping_with_no_taskflow_operators.py
[2023-08-02T10:39:33.329+0000] {processor.py:836} INFO - DAG(s) dict_keys(['example_dynamic_task_mapping_with_no_taskflow_operators']) retrieved from /home/airflow/.local/lib/python3.7/site-packages/airflow/example_dags/example_dynamic_task_mapping_with_no_taskflow_operators.py
[2023-08-02T10:39:33.351+0000] {logging_mixin.py:150} INFO - [2023-08-02T10:39:33.350+0000] {dag.py:2742} INFO - Sync 1 DAGs
[2023-08-02T10:39:33.371+0000] {logging_mixin.py:150} INFO - [2023-08-02T10:39:33.370+0000] {dag.py:3508} INFO - Setting next_dagrun for example_dynamic_task_mapping_with_no_taskflow_operators to 2023-08-01T10:39:33.370683+00:00, run_after=2023-08-02T10:39:33.370683+00:00
[2023-08-02T10:39:33.385+0000] {processor.py:179} INFO - Processing /home/airflow/.local/lib/python3.7/site-packages/airflow/example_dags/example_dynamic_task_mapping_with_no_taskflow_operators.py took 0.071 seconds
[2023-08-02T10:40:03.651+0000] {processor.py:157} INFO - Started process (PID=375) to work on /home/airflow/.local/lib/python3.7/site-packages/airflow/example_dags/example_dynamic_task_mapping_with_no_taskflow_operators.py
[2023-08-02T10:40:03.653+0000] {processor.py:826} INFO - Processing file /home/airflow/.local/lib/python3.7/site-packages/airflow/example_dags/example_dynamic_task_mapping_with_no_taskflow_operators.py for tasks to queue
[2023-08-02T10:40:03.654+0000] {logging_mixin.py:150} INFO - [2023-08-02T10:40:03.654+0000] {dagbag.py:541} INFO - Filling up the DagBag from /home/airflow/.local/lib/python3.7/site-packages/airflow/example_dags/example_dynamic_task_mapping_with_no_taskflow_operators.py
[2023-08-02T10:40:03.661+0000] {processor.py:836} INFO - DAG(s) dict_keys(['example_dynamic_task_mapping_with_no_taskflow_operators']) retrieved from /home/airflow/.local/lib/python3.7/site-packages/airflow/example_dags/example_dynamic_task_mapping_with_no_taskflow_operators.py
[2023-08-02T10:40:03.690+0000] {logging_mixin.py:150} INFO - [2023-08-02T10:40:03.690+0000] {dag.py:2742} INFO - Sync 1 DAGs
[2023-08-02T10:40:03.713+0000] {logging_mixin.py:150} INFO - [2023-08-02T10:40:03.713+0000] {dag.py:3508} INFO - Setting next_dagrun for example_dynamic_task_mapping_with_no_taskflow_operators to 2023-08-01T10:40:03.713449+00:00, run_after=2023-08-02T10:40:03.713449+00:00
[2023-08-02T10:40:03.726+0000] {processor.py:179} INFO - Processing /home/airflow/.local/lib/python3.7/site-packages/airflow/example_dags/example_dynamic_task_mapping_with_no_taskflow_operators.py took 0.081 seconds
[2023-08-02T10:40:34.111+0000] {processor.py:157} INFO - Started process (PID=432) to work on /home/airflow/.local/lib/python3.7/site-packages/airflow/example_dags/example_dynamic_task_mapping_with_no_taskflow_operators.py
[2023-08-02T10:40:34.113+0000] {processor.py:826} INFO - Processing file /home/airflow/.local/lib/python3.7/site-packages/airflow/example_dags/example_dynamic_task_mapping_with_no_taskflow_operators.py for tasks to queue
[2023-08-02T10:40:34.115+0000] {logging_mixin.py:150} INFO - [2023-08-02T10:40:34.114+0000] {dagbag.py:541} INFO - Filling up the DagBag from /home/airflow/.local/lib/python3.7/site-packages/airflow/example_dags/example_dynamic_task_mapping_with_no_taskflow_operators.py
[2023-08-02T10:40:34.122+0000] {processor.py:836} INFO - DAG(s) dict_keys(['example_dynamic_task_mapping_with_no_taskflow_operators']) retrieved from /home/airflow/.local/lib/python3.7/site-packages/airflow/example_dags/example_dynamic_task_mapping_with_no_taskflow_operators.py
[2023-08-02T10:40:34.155+0000] {logging_mixin.py:150} INFO - [2023-08-02T10:40:34.155+0000] {dag.py:2742} INFO - Sync 1 DAGs
[2023-08-02T10:40:34.179+0000] {logging_mixin.py:150} INFO - [2023-08-02T10:40:34.179+0000] {dag.py:3508} INFO - Setting next_dagrun for example_dynamic_task_mapping_with_no_taskflow_operators to 2023-08-01T10:40:34.179345+00:00, run_after=2023-08-02T10:40:34.179345+00:00
[2023-08-02T10:40:34.196+0000] {processor.py:179} INFO - Processing /home/airflow/.local/lib/python3.7/site-packages/airflow/example_dags/example_dynamic_task_mapping_with_no_taskflow_operators.py took 0.088 seconds
[2023-08-02T10:41:04.626+0000] {processor.py:157} INFO - Started process (PID=489) to work on /home/airflow/.local/lib/python3.7/site-packages/airflow/example_dags/example_dynamic_task_mapping_with_no_taskflow_operators.py
[2023-08-02T10:41:04.637+0000] {processor.py:826} INFO - Processing file /home/airflow/.local/lib/python3.7/site-packages/airflow/example_dags/example_dynamic_task_mapping_with_no_taskflow_operators.py for tasks to queue
[2023-08-02T10:41:04.639+0000] {logging_mixin.py:150} INFO - [2023-08-02T10:41:04.639+0000] {dagbag.py:541} INFO - Filling up the DagBag from /home/airflow/.local/lib/python3.7/site-packages/airflow/example_dags/example_dynamic_task_mapping_with_no_taskflow_operators.py
[2023-08-02T10:41:04.649+0000] {processor.py:836} INFO - DAG(s) dict_keys(['example_dynamic_task_mapping_with_no_taskflow_operators']) retrieved from /home/airflow/.local/lib/python3.7/site-packages/airflow/example_dags/example_dynamic_task_mapping_with_no_taskflow_operators.py
[2023-08-02T10:41:04.675+0000] {logging_mixin.py:150} INFO - [2023-08-02T10:41:04.675+0000] {dag.py:2742} INFO - Sync 1 DAGs
[2023-08-02T10:41:04.710+0000] {logging_mixin.py:150} INFO - [2023-08-02T10:41:04.710+0000] {dag.py:3508} INFO - Setting next_dagrun for example_dynamic_task_mapping_with_no_taskflow_operators to 2023-08-01T10:41:04.710191+00:00, run_after=2023-08-02T10:41:04.710191+00:00
[2023-08-02T10:41:04.728+0000] {processor.py:179} INFO - Processing /home/airflow/.local/lib/python3.7/site-packages/airflow/example_dags/example_dynamic_task_mapping_with_no_taskflow_operators.py took 0.105 seconds
[2023-08-02T10:41:35.223+0000] {processor.py:157} INFO - Started process (PID=546) to work on /home/airflow/.local/lib/python3.7/site-packages/airflow/example_dags/example_dynamic_task_mapping_with_no_taskflow_operators.py
[2023-08-02T10:41:35.225+0000] {processor.py:826} INFO - Processing file /home/airflow/.local/lib/python3.7/site-packages/airflow/example_dags/example_dynamic_task_mapping_with_no_taskflow_operators.py for tasks to queue
[2023-08-02T10:41:35.226+0000] {logging_mixin.py:150} INFO - [2023-08-02T10:41:35.226+0000] {dagbag.py:541} INFO - Filling up the DagBag from /home/airflow/.local/lib/python3.7/site-packages/airflow/example_dags/example_dynamic_task_mapping_with_no_taskflow_operators.py
[2023-08-02T10:41:35.233+0000] {processor.py:836} INFO - DAG(s) dict_keys(['example_dynamic_task_mapping_with_no_taskflow_operators']) retrieved from /home/airflow/.local/lib/python3.7/site-packages/airflow/example_dags/example_dynamic_task_mapping_with_no_taskflow_operators.py
[2023-08-02T10:41:35.255+0000] {logging_mixin.py:150} INFO - [2023-08-02T10:41:35.254+0000] {dag.py:2742} INFO - Sync 1 DAGs
[2023-08-02T10:41:35.279+0000] {logging_mixin.py:150} INFO - [2023-08-02T10:41:35.279+0000] {dag.py:3508} INFO - Setting next_dagrun for example_dynamic_task_mapping_with_no_taskflow_operators to 2023-08-01T10:41:35.279305+00:00, run_after=2023-08-02T10:41:35.279305+00:00
[2023-08-02T10:41:35.299+0000] {processor.py:179} INFO - Processing /home/airflow/.local/lib/python3.7/site-packages/airflow/example_dags/example_dynamic_task_mapping_with_no_taskflow_operators.py took 0.079 seconds
[2023-08-02T10:42:05.842+0000] {processor.py:157} INFO - Started process (PID=603) to work on /home/airflow/.local/lib/python3.7/site-packages/airflow/example_dags/example_dynamic_task_mapping_with_no_taskflow_operators.py
[2023-08-02T10:42:05.844+0000] {processor.py:826} INFO - Processing file /home/airflow/.local/lib/python3.7/site-packages/airflow/example_dags/example_dynamic_task_mapping_with_no_taskflow_operators.py for tasks to queue
[2023-08-02T10:42:05.846+0000] {logging_mixin.py:150} INFO - [2023-08-02T10:42:05.846+0000] {dagbag.py:541} INFO - Filling up the DagBag from /home/airflow/.local/lib/python3.7/site-packages/airflow/example_dags/example_dynamic_task_mapping_with_no_taskflow_operators.py
[2023-08-02T10:42:05.853+0000] {processor.py:836} INFO - DAG(s) dict_keys(['example_dynamic_task_mapping_with_no_taskflow_operators']) retrieved from /home/airflow/.local/lib/python3.7/site-packages/airflow/example_dags/example_dynamic_task_mapping_with_no_taskflow_operators.py
[2023-08-02T10:42:05.875+0000] {logging_mixin.py:150} INFO - [2023-08-02T10:42:05.875+0000] {dag.py:2742} INFO - Sync 1 DAGs
[2023-08-02T10:42:05.895+0000] {logging_mixin.py:150} INFO - [2023-08-02T10:42:05.895+0000] {dag.py:3508} INFO - Setting next_dagrun for example_dynamic_task_mapping_with_no_taskflow_operators to 2023-08-01T10:42:05.895199+00:00, run_after=2023-08-02T10:42:05.895199+00:00
[2023-08-02T10:42:05.910+0000] {processor.py:179} INFO - Processing /home/airflow/.local/lib/python3.7/site-packages/airflow/example_dags/example_dynamic_task_mapping_with_no_taskflow_operators.py took 0.071 seconds
[2023-08-02T10:42:36.485+0000] {processor.py:157} INFO - Started process (PID=659) to work on /home/airflow/.local/lib/python3.7/site-packages/airflow/example_dags/example_dynamic_task_mapping_with_no_taskflow_operators.py
[2023-08-02T10:42:36.487+0000] {processor.py:826} INFO - Processing file /home/airflow/.local/lib/python3.7/site-packages/airflow/example_dags/example_dynamic_task_mapping_with_no_taskflow_operators.py for tasks to queue
[2023-08-02T10:42:36.488+0000] {logging_mixin.py:150} INFO - [2023-08-02T10:42:36.488+0000] {dagbag.py:541} INFO - Filling up the DagBag from /home/airflow/.local/lib/python3.7/site-packages/airflow/example_dags/example_dynamic_task_mapping_with_no_taskflow_operators.py
[2023-08-02T10:42:36.494+0000] {processor.py:836} INFO - DAG(s) dict_keys(['example_dynamic_task_mapping_with_no_taskflow_operators']) retrieved from /home/airflow/.local/lib/python3.7/site-packages/airflow/example_dags/example_dynamic_task_mapping_with_no_taskflow_operators.py
[2023-08-02T10:42:36.522+0000] {logging_mixin.py:150} INFO - [2023-08-02T10:42:36.522+0000] {dag.py:2742} INFO - Sync 1 DAGs
[2023-08-02T10:42:36.542+0000] {logging_mixin.py:150} INFO - [2023-08-02T10:42:36.542+0000] {dag.py:3508} INFO - Setting next_dagrun for example_dynamic_task_mapping_with_no_taskflow_operators to 2023-08-01T10:42:36.542442+00:00, run_after=2023-08-02T10:42:36.542442+00:00
[2023-08-02T10:42:36.587+0000] {processor.py:179} INFO - Processing /home/airflow/.local/lib/python3.7/site-packages/airflow/example_dags/example_dynamic_task_mapping_with_no_taskflow_operators.py took 0.105 seconds
[2023-08-02T10:43:07.021+0000] {processor.py:157} INFO - Started process (PID=716) to work on /home/airflow/.local/lib/python3.7/site-packages/airflow/example_dags/example_dynamic_task_mapping_with_no_taskflow_operators.py
[2023-08-02T10:43:07.023+0000] {processor.py:826} INFO - Processing file /home/airflow/.local/lib/python3.7/site-packages/airflow/example_dags/example_dynamic_task_mapping_with_no_taskflow_operators.py for tasks to queue
[2023-08-02T10:43:07.033+0000] {logging_mixin.py:150} INFO - [2023-08-02T10:43:07.033+0000] {dagbag.py:541} INFO - Filling up the DagBag from /home/airflow/.local/lib/python3.7/site-packages/airflow/example_dags/example_dynamic_task_mapping_with_no_taskflow_operators.py
[2023-08-02T10:43:07.040+0000] {processor.py:836} INFO - DAG(s) dict_keys(['example_dynamic_task_mapping_with_no_taskflow_operators']) retrieved from /home/airflow/.local/lib/python3.7/site-packages/airflow/example_dags/example_dynamic_task_mapping_with_no_taskflow_operators.py
[2023-08-02T10:43:07.061+0000] {logging_mixin.py:150} INFO - [2023-08-02T10:43:07.061+0000] {dag.py:2742} INFO - Sync 1 DAGs
[2023-08-02T10:43:07.080+0000] {logging_mixin.py:150} INFO - [2023-08-02T10:43:07.080+0000] {dag.py:3508} INFO - Setting next_dagrun for example_dynamic_task_mapping_with_no_taskflow_operators to 2023-08-01T10:43:07.080172+00:00, run_after=2023-08-02T10:43:07.080172+00:00
[2023-08-02T10:43:07.094+0000] {processor.py:179} INFO - Processing /home/airflow/.local/lib/python3.7/site-packages/airflow/example_dags/example_dynamic_task_mapping_with_no_taskflow_operators.py took 0.077 seconds
[2023-08-02T10:43:37.432+0000] {processor.py:157} INFO - Started process (PID=773) to work on /home/airflow/.local/lib/python3.7/site-packages/airflow/example_dags/example_dynamic_task_mapping_with_no_taskflow_operators.py
[2023-08-02T10:43:37.434+0000] {processor.py:826} INFO - Processing file /home/airflow/.local/lib/python3.7/site-packages/airflow/example_dags/example_dynamic_task_mapping_with_no_taskflow_operators.py for tasks to queue
[2023-08-02T10:43:37.435+0000] {logging_mixin.py:150} INFO - [2023-08-02T10:43:37.435+0000] {dagbag.py:541} INFO - Filling up the DagBag from /home/airflow/.local/lib/python3.7/site-packages/airflow/example_dags/example_dynamic_task_mapping_with_no_taskflow_operators.py
[2023-08-02T10:43:37.499+0000] {processor.py:836} INFO - DAG(s) dict_keys(['example_dynamic_task_mapping_with_no_taskflow_operators']) retrieved from /home/airflow/.local/lib/python3.7/site-packages/airflow/example_dags/example_dynamic_task_mapping_with_no_taskflow_operators.py
[2023-08-02T10:43:37.522+0000] {logging_mixin.py:150} INFO - [2023-08-02T10:43:37.522+0000] {dag.py:2742} INFO - Sync 1 DAGs
[2023-08-02T10:43:37.544+0000] {logging_mixin.py:150} INFO - [2023-08-02T10:43:37.544+0000] {dag.py:3508} INFO - Setting next_dagrun for example_dynamic_task_mapping_with_no_taskflow_operators to 2023-08-01T10:43:37.543952+00:00, run_after=2023-08-02T10:43:37.543952+00:00
[2023-08-02T10:43:37.562+0000] {processor.py:179} INFO - Processing /home/airflow/.local/lib/python3.7/site-packages/airflow/example_dags/example_dynamic_task_mapping_with_no_taskflow_operators.py took 0.133 seconds
[2023-08-02T10:44:07.668+0000] {processor.py:157} INFO - Started process (PID=829) to work on /home/airflow/.local/lib/python3.7/site-packages/airflow/example_dags/example_dynamic_task_mapping_with_no_taskflow_operators.py
[2023-08-02T10:44:07.670+0000] {processor.py:826} INFO - Processing file /home/airflow/.local/lib/python3.7/site-packages/airflow/example_dags/example_dynamic_task_mapping_with_no_taskflow_operators.py for tasks to queue
[2023-08-02T10:44:07.671+0000] {logging_mixin.py:150} INFO - [2023-08-02T10:44:07.671+0000] {dagbag.py:541} INFO - Filling up the DagBag from /home/airflow/.local/lib/python3.7/site-packages/airflow/example_dags/example_dynamic_task_mapping_with_no_taskflow_operators.py
[2023-08-02T10:44:07.677+0000] {processor.py:836} INFO - DAG(s) dict_keys(['example_dynamic_task_mapping_with_no_taskflow_operators']) retrieved from /home/airflow/.local/lib/python3.7/site-packages/airflow/example_dags/example_dynamic_task_mapping_with_no_taskflow_operators.py
[2023-08-02T10:44:07.697+0000] {logging_mixin.py:150} INFO - [2023-08-02T10:44:07.697+0000] {dag.py:2742} INFO - Sync 1 DAGs
[2023-08-02T10:44:07.712+0000] {logging_mixin.py:150} INFO - [2023-08-02T10:44:07.712+0000] {dag.py:3508} INFO - Setting next_dagrun for example_dynamic_task_mapping_with_no_taskflow_operators to 2023-08-01T10:44:07.712530+00:00, run_after=2023-08-02T10:44:07.712530+00:00
[2023-08-02T10:44:07.723+0000] {processor.py:179} INFO - Processing /home/airflow/.local/lib/python3.7/site-packages/airflow/example_dags/example_dynamic_task_mapping_with_no_taskflow_operators.py took 0.058 seconds
[2023-08-02T10:44:38.013+0000] {processor.py:157} INFO - Started process (PID=886) to work on /home/airflow/.local/lib/python3.7/site-packages/airflow/example_dags/example_dynamic_task_mapping_with_no_taskflow_operators.py
[2023-08-02T10:44:38.016+0000] {processor.py:826} INFO - Processing file /home/airflow/.local/lib/python3.7/site-packages/airflow/example_dags/example_dynamic_task_mapping_with_no_taskflow_operators.py for tasks to queue
[2023-08-02T10:44:38.017+0000] {logging_mixin.py:150} INFO - [2023-08-02T10:44:38.017+0000] {dagbag.py:541} INFO - Filling up the DagBag from /home/airflow/.local/lib/python3.7/site-packages/airflow/example_dags/example_dynamic_task_mapping_with_no_taskflow_operators.py
[2023-08-02T10:44:38.025+0000] {processor.py:836} INFO - DAG(s) dict_keys(['example_dynamic_task_mapping_with_no_taskflow_operators']) retrieved from /home/airflow/.local/lib/python3.7/site-packages/airflow/example_dags/example_dynamic_task_mapping_with_no_taskflow_operators.py
[2023-08-02T10:44:38.053+0000] {logging_mixin.py:150} INFO - [2023-08-02T10:44:38.052+0000] {dag.py:2742} INFO - Sync 1 DAGs
[2023-08-02T10:44:38.071+0000] {logging_mixin.py:150} INFO - [2023-08-02T10:44:38.070+0000] {dag.py:3508} INFO - Setting next_dagrun for example_dynamic_task_mapping_with_no_taskflow_operators to 2023-08-01T10:44:38.070744+00:00, run_after=2023-08-02T10:44:38.070744+00:00
[2023-08-02T10:44:38.085+0000] {processor.py:179} INFO - Processing /home/airflow/.local/lib/python3.7/site-packages/airflow/example_dags/example_dynamic_task_mapping_with_no_taskflow_operators.py took 0.075 seconds
[2023-08-02T10:45:08.192+0000] {processor.py:157} INFO - Started process (PID=943) to work on /home/airflow/.local/lib/python3.7/site-packages/airflow/example_dags/example_dynamic_task_mapping_with_no_taskflow_operators.py
[2023-08-02T10:45:08.204+0000] {processor.py:826} INFO - Processing file /home/airflow/.local/lib/python3.7/site-packages/airflow/example_dags/example_dynamic_task_mapping_with_no_taskflow_operators.py for tasks to queue
[2023-08-02T10:45:08.240+0000] {logging_mixin.py:150} INFO - [2023-08-02T10:45:08.239+0000] {dagbag.py:541} INFO - Filling up the DagBag from /home/airflow/.local/lib/python3.7/site-packages/airflow/example_dags/example_dynamic_task_mapping_with_no_taskflow_operators.py
[2023-08-02T10:45:08.250+0000] {processor.py:836} INFO - DAG(s) dict_keys(['example_dynamic_task_mapping_with_no_taskflow_operators']) retrieved from /home/airflow/.local/lib/python3.7/site-packages/airflow/example_dags/example_dynamic_task_mapping_with_no_taskflow_operators.py
[2023-08-02T10:45:08.285+0000] {logging_mixin.py:150} INFO - [2023-08-02T10:45:08.285+0000] {dag.py:2742} INFO - Sync 1 DAGs
[2023-08-02T10:45:08.305+0000] {logging_mixin.py:150} INFO - [2023-08-02T10:45:08.305+0000] {dag.py:3508} INFO - Setting next_dagrun for example_dynamic_task_mapping_with_no_taskflow_operators to 2023-08-01T10:45:08.304954+00:00, run_after=2023-08-02T10:45:08.304954+00:00
[2023-08-02T10:45:08.318+0000] {processor.py:179} INFO - Processing /home/airflow/.local/lib/python3.7/site-packages/airflow/example_dags/example_dynamic_task_mapping_with_no_taskflow_operators.py took 0.130 seconds
[2023-08-02T10:45:38.684+0000] {processor.py:157} INFO - Started process (PID=1000) to work on /home/airflow/.local/lib/python3.7/site-packages/airflow/example_dags/example_dynamic_task_mapping_with_no_taskflow_operators.py
[2023-08-02T10:45:38.686+0000] {processor.py:826} INFO - Processing file /home/airflow/.local/lib/python3.7/site-packages/airflow/example_dags/example_dynamic_task_mapping_with_no_taskflow_operators.py for tasks to queue
[2023-08-02T10:45:38.687+0000] {logging_mixin.py:150} INFO - [2023-08-02T10:45:38.687+0000] {dagbag.py:541} INFO - Filling up the DagBag from /home/airflow/.local/lib/python3.7/site-packages/airflow/example_dags/example_dynamic_task_mapping_with_no_taskflow_operators.py
[2023-08-02T10:45:38.694+0000] {processor.py:836} INFO - DAG(s) dict_keys(['example_dynamic_task_mapping_with_no_taskflow_operators']) retrieved from /home/airflow/.local/lib/python3.7/site-packages/airflow/example_dags/example_dynamic_task_mapping_with_no_taskflow_operators.py
[2023-08-02T10:45:38.718+0000] {logging_mixin.py:150} INFO - [2023-08-02T10:45:38.718+0000] {dag.py:2742} INFO - Sync 1 DAGs
[2023-08-02T10:45:38.741+0000] {logging_mixin.py:150} INFO - [2023-08-02T10:45:38.741+0000] {dag.py:3508} INFO - Setting next_dagrun for example_dynamic_task_mapping_with_no_taskflow_operators to 2023-08-01T10:45:38.740860+00:00, run_after=2023-08-02T10:45:38.740860+00:00
[2023-08-02T10:45:38.754+0000] {processor.py:179} INFO - Processing /home/airflow/.local/lib/python3.7/site-packages/airflow/example_dags/example_dynamic_task_mapping_with_no_taskflow_operators.py took 0.074 seconds
[2023-08-02T10:46:08.926+0000] {processor.py:157} INFO - Started process (PID=1057) to work on /home/airflow/.local/lib/python3.7/site-packages/airflow/example_dags/example_dynamic_task_mapping_with_no_taskflow_operators.py
[2023-08-02T10:46:08.928+0000] {processor.py:826} INFO - Processing file /home/airflow/.local/lib/python3.7/site-packages/airflow/example_dags/example_dynamic_task_mapping_with_no_taskflow_operators.py for tasks to queue
[2023-08-02T10:46:08.930+0000] {logging_mixin.py:150} INFO - [2023-08-02T10:46:08.929+0000] {dagbag.py:541} INFO - Filling up the DagBag from /home/airflow/.local/lib/python3.7/site-packages/airflow/example_dags/example_dynamic_task_mapping_with_no_taskflow_operators.py
[2023-08-02T10:46:08.938+0000] {processor.py:836} INFO - DAG(s) dict_keys(['example_dynamic_task_mapping_with_no_taskflow_operators']) retrieved from /home/airflow/.local/lib/python3.7/site-packages/airflow/example_dags/example_dynamic_task_mapping_with_no_taskflow_operators.py
[2023-08-02T10:46:08.965+0000] {logging_mixin.py:150} INFO - [2023-08-02T10:46:08.965+0000] {dag.py:2742} INFO - Sync 1 DAGs
[2023-08-02T10:46:08.988+0000] {logging_mixin.py:150} INFO - [2023-08-02T10:46:08.988+0000] {dag.py:3508} INFO - Setting next_dagrun for example_dynamic_task_mapping_with_no_taskflow_operators to 2023-08-01T10:46:08.988185+00:00, run_after=2023-08-02T10:46:08.988185+00:00
[2023-08-02T10:46:09.003+0000] {processor.py:179} INFO - Processing /home/airflow/.local/lib/python3.7/site-packages/airflow/example_dags/example_dynamic_task_mapping_with_no_taskflow_operators.py took 0.082 seconds
[2023-08-02T10:46:39.479+0000] {processor.py:157} INFO - Started process (PID=1114) to work on /home/airflow/.local/lib/python3.7/site-packages/airflow/example_dags/example_dynamic_task_mapping_with_no_taskflow_operators.py
[2023-08-02T10:46:39.481+0000] {processor.py:826} INFO - Processing file /home/airflow/.local/lib/python3.7/site-packages/airflow/example_dags/example_dynamic_task_mapping_with_no_taskflow_operators.py for tasks to queue
[2023-08-02T10:46:39.483+0000] {logging_mixin.py:150} INFO - [2023-08-02T10:46:39.483+0000] {dagbag.py:541} INFO - Filling up the DagBag from /home/airflow/.local/lib/python3.7/site-packages/airflow/example_dags/example_dynamic_task_mapping_with_no_taskflow_operators.py
[2023-08-02T10:46:39.490+0000] {processor.py:836} INFO - DAG(s) dict_keys(['example_dynamic_task_mapping_with_no_taskflow_operators']) retrieved from /home/airflow/.local/lib/python3.7/site-packages/airflow/example_dags/example_dynamic_task_mapping_with_no_taskflow_operators.py
[2023-08-02T10:46:39.515+0000] {logging_mixin.py:150} INFO - [2023-08-02T10:46:39.515+0000] {dag.py:2742} INFO - Sync 1 DAGs
[2023-08-02T10:46:39.534+0000] {logging_mixin.py:150} INFO - [2023-08-02T10:46:39.534+0000] {dag.py:3508} INFO - Setting next_dagrun for example_dynamic_task_mapping_with_no_taskflow_operators to 2023-08-01T10:46:39.534166+00:00, run_after=2023-08-02T10:46:39.534166+00:00
[2023-08-02T10:46:39.548+0000] {processor.py:179} INFO - Processing /home/airflow/.local/lib/python3.7/site-packages/airflow/example_dags/example_dynamic_task_mapping_with_no_taskflow_operators.py took 0.072 seconds
[2023-08-02T10:47:10.157+0000] {processor.py:157} INFO - Started process (PID=1171) to work on /home/airflow/.local/lib/python3.7/site-packages/airflow/example_dags/example_dynamic_task_mapping_with_no_taskflow_operators.py
[2023-08-02T10:47:10.161+0000] {processor.py:826} INFO - Processing file /home/airflow/.local/lib/python3.7/site-packages/airflow/example_dags/example_dynamic_task_mapping_with_no_taskflow_operators.py for tasks to queue
[2023-08-02T10:47:10.162+0000] {logging_mixin.py:150} INFO - [2023-08-02T10:47:10.162+0000] {dagbag.py:541} INFO - Filling up the DagBag from /home/airflow/.local/lib/python3.7/site-packages/airflow/example_dags/example_dynamic_task_mapping_with_no_taskflow_operators.py
[2023-08-02T10:47:10.170+0000] {processor.py:836} INFO - DAG(s) dict_keys(['example_dynamic_task_mapping_with_no_taskflow_operators']) retrieved from /home/airflow/.local/lib/python3.7/site-packages/airflow/example_dags/example_dynamic_task_mapping_with_no_taskflow_operators.py
[2023-08-02T10:47:10.193+0000] {logging_mixin.py:150} INFO - [2023-08-02T10:47:10.193+0000] {dag.py:2742} INFO - Sync 1 DAGs
[2023-08-02T10:47:10.212+0000] {logging_mixin.py:150} INFO - [2023-08-02T10:47:10.212+0000] {dag.py:3508} INFO - Setting next_dagrun for example_dynamic_task_mapping_with_no_taskflow_operators to 2023-08-01T10:47:10.212333+00:00, run_after=2023-08-02T10:47:10.212333+00:00
[2023-08-02T10:47:10.226+0000] {processor.py:179} INFO - Processing /home/airflow/.local/lib/python3.7/site-packages/airflow/example_dags/example_dynamic_task_mapping_with_no_taskflow_operators.py took 0.072 seconds
[2023-08-02T10:47:40.421+0000] {processor.py:157} INFO - Started process (PID=1228) to work on /home/airflow/.local/lib/python3.7/site-packages/airflow/example_dags/example_dynamic_task_mapping_with_no_taskflow_operators.py
[2023-08-02T10:47:40.428+0000] {processor.py:826} INFO - Processing file /home/airflow/.local/lib/python3.7/site-packages/airflow/example_dags/example_dynamic_task_mapping_with_no_taskflow_operators.py for tasks to queue
[2023-08-02T10:47:40.429+0000] {logging_mixin.py:150} INFO - [2023-08-02T10:47:40.429+0000] {dagbag.py:541} INFO - Filling up the DagBag from /home/airflow/.local/lib/python3.7/site-packages/airflow/example_dags/example_dynamic_task_mapping_with_no_taskflow_operators.py
[2023-08-02T10:47:40.437+0000] {processor.py:836} INFO - DAG(s) dict_keys(['example_dynamic_task_mapping_with_no_taskflow_operators']) retrieved from /home/airflow/.local/lib/python3.7/site-packages/airflow/example_dags/example_dynamic_task_mapping_with_no_taskflow_operators.py
[2023-08-02T10:47:40.461+0000] {logging_mixin.py:150} INFO - [2023-08-02T10:47:40.460+0000] {dag.py:2742} INFO - Sync 1 DAGs
[2023-08-02T10:47:40.485+0000] {logging_mixin.py:150} INFO - [2023-08-02T10:47:40.485+0000] {dag.py:3508} INFO - Setting next_dagrun for example_dynamic_task_mapping_with_no_taskflow_operators to 2023-08-01T10:47:40.484893+00:00, run_after=2023-08-02T10:47:40.484893+00:00
[2023-08-02T10:47:40.499+0000] {processor.py:179} INFO - Processing /home/airflow/.local/lib/python3.7/site-packages/airflow/example_dags/example_dynamic_task_mapping_with_no_taskflow_operators.py took 0.082 seconds
[2023-08-02T10:48:10.768+0000] {processor.py:157} INFO - Started process (PID=1285) to work on /home/airflow/.local/lib/python3.7/site-packages/airflow/example_dags/example_dynamic_task_mapping_with_no_taskflow_operators.py
[2023-08-02T10:48:10.770+0000] {processor.py:826} INFO - Processing file /home/airflow/.local/lib/python3.7/site-packages/airflow/example_dags/example_dynamic_task_mapping_with_no_taskflow_operators.py for tasks to queue
[2023-08-02T10:48:10.771+0000] {logging_mixin.py:150} INFO - [2023-08-02T10:48:10.771+0000] {dagbag.py:541} INFO - Filling up the DagBag from /home/airflow/.local/lib/python3.7/site-packages/airflow/example_dags/example_dynamic_task_mapping_with_no_taskflow_operators.py
[2023-08-02T10:48:10.778+0000] {processor.py:836} INFO - DAG(s) dict_keys(['example_dynamic_task_mapping_with_no_taskflow_operators']) retrieved from /home/airflow/.local/lib/python3.7/site-packages/airflow/example_dags/example_dynamic_task_mapping_with_no_taskflow_operators.py
[2023-08-02T10:48:10.803+0000] {logging_mixin.py:150} INFO - [2023-08-02T10:48:10.803+0000] {dag.py:2742} INFO - Sync 1 DAGs
[2023-08-02T10:48:10.866+0000] {logging_mixin.py:150} INFO - [2023-08-02T10:48:10.865+0000] {dag.py:3508} INFO - Setting next_dagrun for example_dynamic_task_mapping_with_no_taskflow_operators to 2023-08-01T10:48:10.865682+00:00, run_after=2023-08-02T10:48:10.865682+00:00
[2023-08-02T10:48:10.878+0000] {processor.py:179} INFO - Processing /home/airflow/.local/lib/python3.7/site-packages/airflow/example_dags/example_dynamic_task_mapping_with_no_taskflow_operators.py took 0.113 seconds
[2023-08-02T10:48:41.010+0000] {processor.py:157} INFO - Started process (PID=1342) to work on /home/airflow/.local/lib/python3.7/site-packages/airflow/example_dags/example_dynamic_task_mapping_with_no_taskflow_operators.py
[2023-08-02T10:48:41.012+0000] {processor.py:826} INFO - Processing file /home/airflow/.local/lib/python3.7/site-packages/airflow/example_dags/example_dynamic_task_mapping_with_no_taskflow_operators.py for tasks to queue
[2023-08-02T10:48:41.015+0000] {logging_mixin.py:150} INFO - [2023-08-02T10:48:41.015+0000] {dagbag.py:541} INFO - Filling up the DagBag from /home/airflow/.local/lib/python3.7/site-packages/airflow/example_dags/example_dynamic_task_mapping_with_no_taskflow_operators.py
[2023-08-02T10:48:41.022+0000] {processor.py:836} INFO - DAG(s) dict_keys(['example_dynamic_task_mapping_with_no_taskflow_operators']) retrieved from /home/airflow/.local/lib/python3.7/site-packages/airflow/example_dags/example_dynamic_task_mapping_with_no_taskflow_operators.py
[2023-08-02T10:48:41.045+0000] {logging_mixin.py:150} INFO - [2023-08-02T10:48:41.045+0000] {dag.py:2742} INFO - Sync 1 DAGs
[2023-08-02T10:48:41.065+0000] {logging_mixin.py:150} INFO - [2023-08-02T10:48:41.064+0000] {dag.py:3508} INFO - Setting next_dagrun for example_dynamic_task_mapping_with_no_taskflow_operators to 2023-08-01T10:48:41.064675+00:00, run_after=2023-08-02T10:48:41.064675+00:00
[2023-08-02T10:48:41.124+0000] {processor.py:179} INFO - Processing /home/airflow/.local/lib/python3.7/site-packages/airflow/example_dags/example_dynamic_task_mapping_with_no_taskflow_operators.py took 0.117 seconds
[2023-08-02T10:49:11.422+0000] {processor.py:157} INFO - Started process (PID=1399) to work on /home/airflow/.local/lib/python3.7/site-packages/airflow/example_dags/example_dynamic_task_mapping_with_no_taskflow_operators.py
[2023-08-02T10:49:11.426+0000] {processor.py:826} INFO - Processing file /home/airflow/.local/lib/python3.7/site-packages/airflow/example_dags/example_dynamic_task_mapping_with_no_taskflow_operators.py for tasks to queue
[2023-08-02T10:49:11.427+0000] {logging_mixin.py:150} INFO - [2023-08-02T10:49:11.427+0000] {dagbag.py:541} INFO - Filling up the DagBag from /home/airflow/.local/lib/python3.7/site-packages/airflow/example_dags/example_dynamic_task_mapping_with_no_taskflow_operators.py
[2023-08-02T10:49:11.434+0000] {processor.py:836} INFO - DAG(s) dict_keys(['example_dynamic_task_mapping_with_no_taskflow_operators']) retrieved from /home/airflow/.local/lib/python3.7/site-packages/airflow/example_dags/example_dynamic_task_mapping_with_no_taskflow_operators.py
[2023-08-02T10:49:11.456+0000] {logging_mixin.py:150} INFO - [2023-08-02T10:49:11.455+0000] {dag.py:2742} INFO - Sync 1 DAGs
[2023-08-02T10:49:11.474+0000] {logging_mixin.py:150} INFO - [2023-08-02T10:49:11.474+0000] {dag.py:3508} INFO - Setting next_dagrun for example_dynamic_task_mapping_with_no_taskflow_operators to 2023-08-01T10:49:11.474351+00:00, run_after=2023-08-02T10:49:11.474351+00:00
[2023-08-02T10:49:11.487+0000] {processor.py:179} INFO - Processing /home/airflow/.local/lib/python3.7/site-packages/airflow/example_dags/example_dynamic_task_mapping_with_no_taskflow_operators.py took 0.067 seconds
[2023-08-02T10:49:41.695+0000] {processor.py:157} INFO - Started process (PID=1456) to work on /home/airflow/.local/lib/python3.7/site-packages/airflow/example_dags/example_dynamic_task_mapping_with_no_taskflow_operators.py
[2023-08-02T10:49:41.697+0000] {processor.py:826} INFO - Processing file /home/airflow/.local/lib/python3.7/site-packages/airflow/example_dags/example_dynamic_task_mapping_with_no_taskflow_operators.py for tasks to queue
[2023-08-02T10:49:41.698+0000] {logging_mixin.py:150} INFO - [2023-08-02T10:49:41.698+0000] {dagbag.py:541} INFO - Filling up the DagBag from /home/airflow/.local/lib/python3.7/site-packages/airflow/example_dags/example_dynamic_task_mapping_with_no_taskflow_operators.py
[2023-08-02T10:49:41.705+0000] {processor.py:836} INFO - DAG(s) dict_keys(['example_dynamic_task_mapping_with_no_taskflow_operators']) retrieved from /home/airflow/.local/lib/python3.7/site-packages/airflow/example_dags/example_dynamic_task_mapping_with_no_taskflow_operators.py
[2023-08-02T10:49:41.740+0000] {logging_mixin.py:150} INFO - [2023-08-02T10:49:41.740+0000] {dag.py:2742} INFO - Sync 1 DAGs
[2023-08-02T10:49:41.759+0000] {logging_mixin.py:150} INFO - [2023-08-02T10:49:41.759+0000] {dag.py:3508} INFO - Setting next_dagrun for example_dynamic_task_mapping_with_no_taskflow_operators to 2023-08-01T10:49:41.759133+00:00, run_after=2023-08-02T10:49:41.759133+00:00
[2023-08-02T10:49:41.776+0000] {processor.py:179} INFO - Processing /home/airflow/.local/lib/python3.7/site-packages/airflow/example_dags/example_dynamic_task_mapping_with_no_taskflow_operators.py took 0.084 seconds
[2023-08-02T10:50:12.045+0000] {processor.py:157} INFO - Started process (PID=1513) to work on /home/airflow/.local/lib/python3.7/site-packages/airflow/example_dags/example_dynamic_task_mapping_with_no_taskflow_operators.py
[2023-08-02T10:50:12.049+0000] {processor.py:826} INFO - Processing file /home/airflow/.local/lib/python3.7/site-packages/airflow/example_dags/example_dynamic_task_mapping_with_no_taskflow_operators.py for tasks to queue
[2023-08-02T10:50:12.051+0000] {logging_mixin.py:150} INFO - [2023-08-02T10:50:12.050+0000] {dagbag.py:541} INFO - Filling up the DagBag from /home/airflow/.local/lib/python3.7/site-packages/airflow/example_dags/example_dynamic_task_mapping_with_no_taskflow_operators.py
[2023-08-02T10:50:12.058+0000] {processor.py:836} INFO - DAG(s) dict_keys(['example_dynamic_task_mapping_with_no_taskflow_operators']) retrieved from /home/airflow/.local/lib/python3.7/site-packages/airflow/example_dags/example_dynamic_task_mapping_with_no_taskflow_operators.py
[2023-08-02T10:50:12.081+0000] {logging_mixin.py:150} INFO - [2023-08-02T10:50:12.081+0000] {dag.py:2742} INFO - Sync 1 DAGs
[2023-08-02T10:50:12.100+0000] {logging_mixin.py:150} INFO - [2023-08-02T10:50:12.100+0000] {dag.py:3508} INFO - Setting next_dagrun for example_dynamic_task_mapping_with_no_taskflow_operators to 2023-08-01T10:50:12.100066+00:00, run_after=2023-08-02T10:50:12.100066+00:00
[2023-08-02T10:50:12.113+0000] {processor.py:179} INFO - Processing /home/airflow/.local/lib/python3.7/site-packages/airflow/example_dags/example_dynamic_task_mapping_with_no_taskflow_operators.py took 0.071 seconds
[2023-08-02T10:50:42.624+0000] {processor.py:157} INFO - Started process (PID=1570) to work on /home/airflow/.local/lib/python3.7/site-packages/airflow/example_dags/example_dynamic_task_mapping_with_no_taskflow_operators.py
[2023-08-02T10:50:42.626+0000] {processor.py:826} INFO - Processing file /home/airflow/.local/lib/python3.7/site-packages/airflow/example_dags/example_dynamic_task_mapping_with_no_taskflow_operators.py for tasks to queue
[2023-08-02T10:50:42.628+0000] {logging_mixin.py:150} INFO - [2023-08-02T10:50:42.627+0000] {dagbag.py:541} INFO - Filling up the DagBag from /home/airflow/.local/lib/python3.7/site-packages/airflow/example_dags/example_dynamic_task_mapping_with_no_taskflow_operators.py
[2023-08-02T10:50:42.635+0000] {processor.py:836} INFO - DAG(s) dict_keys(['example_dynamic_task_mapping_with_no_taskflow_operators']) retrieved from /home/airflow/.local/lib/python3.7/site-packages/airflow/example_dags/example_dynamic_task_mapping_with_no_taskflow_operators.py
[2023-08-02T10:50:42.658+0000] {logging_mixin.py:150} INFO - [2023-08-02T10:50:42.658+0000] {dag.py:2742} INFO - Sync 1 DAGs
[2023-08-02T10:50:42.682+0000] {logging_mixin.py:150} INFO - [2023-08-02T10:50:42.682+0000] {dag.py:3508} INFO - Setting next_dagrun for example_dynamic_task_mapping_with_no_taskflow_operators to 2023-08-01T10:50:42.681682+00:00, run_after=2023-08-02T10:50:42.681682+00:00
[2023-08-02T10:50:42.695+0000] {processor.py:179} INFO - Processing /home/airflow/.local/lib/python3.7/site-packages/airflow/example_dags/example_dynamic_task_mapping_with_no_taskflow_operators.py took 0.074 seconds
[2023-08-02T10:51:12.859+0000] {processor.py:157} INFO - Started process (PID=1627) to work on /home/airflow/.local/lib/python3.7/site-packages/airflow/example_dags/example_dynamic_task_mapping_with_no_taskflow_operators.py
[2023-08-02T10:51:12.861+0000] {processor.py:826} INFO - Processing file /home/airflow/.local/lib/python3.7/site-packages/airflow/example_dags/example_dynamic_task_mapping_with_no_taskflow_operators.py for tasks to queue
[2023-08-02T10:51:12.863+0000] {logging_mixin.py:150} INFO - [2023-08-02T10:51:12.862+0000] {dagbag.py:541} INFO - Filling up the DagBag from /home/airflow/.local/lib/python3.7/site-packages/airflow/example_dags/example_dynamic_task_mapping_with_no_taskflow_operators.py
[2023-08-02T10:51:12.869+0000] {processor.py:836} INFO - DAG(s) dict_keys(['example_dynamic_task_mapping_with_no_taskflow_operators']) retrieved from /home/airflow/.local/lib/python3.7/site-packages/airflow/example_dags/example_dynamic_task_mapping_with_no_taskflow_operators.py
[2023-08-02T10:51:12.891+0000] {logging_mixin.py:150} INFO - [2023-08-02T10:51:12.891+0000] {dag.py:2742} INFO - Sync 1 DAGs
[2023-08-02T10:51:12.919+0000] {logging_mixin.py:150} INFO - [2023-08-02T10:51:12.919+0000] {dag.py:3508} INFO - Setting next_dagrun for example_dynamic_task_mapping_with_no_taskflow_operators to 2023-08-01T10:51:12.919575+00:00, run_after=2023-08-02T10:51:12.919575+00:00
[2023-08-02T10:51:12.945+0000] {processor.py:179} INFO - Processing /home/airflow/.local/lib/python3.7/site-packages/airflow/example_dags/example_dynamic_task_mapping_with_no_taskflow_operators.py took 0.089 seconds
[2023-08-02T10:51:43.326+0000] {processor.py:157} INFO - Started process (PID=1684) to work on /home/airflow/.local/lib/python3.7/site-packages/airflow/example_dags/example_dynamic_task_mapping_with_no_taskflow_operators.py
[2023-08-02T10:51:43.329+0000] {processor.py:826} INFO - Processing file /home/airflow/.local/lib/python3.7/site-packages/airflow/example_dags/example_dynamic_task_mapping_with_no_taskflow_operators.py for tasks to queue
[2023-08-02T10:51:43.330+0000] {logging_mixin.py:150} INFO - [2023-08-02T10:51:43.330+0000] {dagbag.py:541} INFO - Filling up the DagBag from /home/airflow/.local/lib/python3.7/site-packages/airflow/example_dags/example_dynamic_task_mapping_with_no_taskflow_operators.py
[2023-08-02T10:51:43.337+0000] {processor.py:836} INFO - DAG(s) dict_keys(['example_dynamic_task_mapping_with_no_taskflow_operators']) retrieved from /home/airflow/.local/lib/python3.7/site-packages/airflow/example_dags/example_dynamic_task_mapping_with_no_taskflow_operators.py
[2023-08-02T10:51:43.358+0000] {logging_mixin.py:150} INFO - [2023-08-02T10:51:43.358+0000] {dag.py:2742} INFO - Sync 1 DAGs
[2023-08-02T10:51:43.377+0000] {logging_mixin.py:150} INFO - [2023-08-02T10:51:43.377+0000] {dag.py:3508} INFO - Setting next_dagrun for example_dynamic_task_mapping_with_no_taskflow_operators to 2023-08-01T10:51:43.377492+00:00, run_after=2023-08-02T10:51:43.377492+00:00
[2023-08-02T10:51:43.391+0000] {processor.py:179} INFO - Processing /home/airflow/.local/lib/python3.7/site-packages/airflow/example_dags/example_dynamic_task_mapping_with_no_taskflow_operators.py took 0.067 seconds
[2023-08-02T10:52:13.734+0000] {processor.py:157} INFO - Started process (PID=1741) to work on /home/airflow/.local/lib/python3.7/site-packages/airflow/example_dags/example_dynamic_task_mapping_with_no_taskflow_operators.py
[2023-08-02T10:52:13.736+0000] {processor.py:826} INFO - Processing file /home/airflow/.local/lib/python3.7/site-packages/airflow/example_dags/example_dynamic_task_mapping_with_no_taskflow_operators.py for tasks to queue
[2023-08-02T10:52:13.738+0000] {logging_mixin.py:150} INFO - [2023-08-02T10:52:13.737+0000] {dagbag.py:541} INFO - Filling up the DagBag from /home/airflow/.local/lib/python3.7/site-packages/airflow/example_dags/example_dynamic_task_mapping_with_no_taskflow_operators.py
[2023-08-02T10:52:13.744+0000] {processor.py:836} INFO - DAG(s) dict_keys(['example_dynamic_task_mapping_with_no_taskflow_operators']) retrieved from /home/airflow/.local/lib/python3.7/site-packages/airflow/example_dags/example_dynamic_task_mapping_with_no_taskflow_operators.py
[2023-08-02T10:52:13.774+0000] {logging_mixin.py:150} INFO - [2023-08-02T10:52:13.774+0000] {dag.py:2742} INFO - Sync 1 DAGs
[2023-08-02T10:52:13.795+0000] {logging_mixin.py:150} INFO - [2023-08-02T10:52:13.795+0000] {dag.py:3508} INFO - Setting next_dagrun for example_dynamic_task_mapping_with_no_taskflow_operators to 2023-08-01T10:52:13.794863+00:00, run_after=2023-08-02T10:52:13.794863+00:00
[2023-08-02T10:52:13.808+0000] {processor.py:179} INFO - Processing /home/airflow/.local/lib/python3.7/site-packages/airflow/example_dags/example_dynamic_task_mapping_with_no_taskflow_operators.py took 0.077 seconds
[2023-08-02T10:52:43.869+0000] {processor.py:157} INFO - Started process (PID=1799) to work on /home/airflow/.local/lib/python3.7/site-packages/airflow/example_dags/example_dynamic_task_mapping_with_no_taskflow_operators.py
[2023-08-02T10:52:43.871+0000] {processor.py:826} INFO - Processing file /home/airflow/.local/lib/python3.7/site-packages/airflow/example_dags/example_dynamic_task_mapping_with_no_taskflow_operators.py for tasks to queue
[2023-08-02T10:52:43.873+0000] {logging_mixin.py:150} INFO - [2023-08-02T10:52:43.872+0000] {dagbag.py:541} INFO - Filling up the DagBag from /home/airflow/.local/lib/python3.7/site-packages/airflow/example_dags/example_dynamic_task_mapping_with_no_taskflow_operators.py
[2023-08-02T10:52:43.878+0000] {processor.py:836} INFO - DAG(s) dict_keys(['example_dynamic_task_mapping_with_no_taskflow_operators']) retrieved from /home/airflow/.local/lib/python3.7/site-packages/airflow/example_dags/example_dynamic_task_mapping_with_no_taskflow_operators.py
[2023-08-02T10:52:43.901+0000] {logging_mixin.py:150} INFO - [2023-08-02T10:52:43.901+0000] {dag.py:2742} INFO - Sync 1 DAGs
[2023-08-02T10:52:43.925+0000] {logging_mixin.py:150} INFO - [2023-08-02T10:52:43.925+0000] {dag.py:3508} INFO - Setting next_dagrun for example_dynamic_task_mapping_with_no_taskflow_operators to 2023-08-01T10:52:43.925426+00:00, run_after=2023-08-02T10:52:43.925426+00:00
[2023-08-02T10:52:43.938+0000] {processor.py:179} INFO - Processing /home/airflow/.local/lib/python3.7/site-packages/airflow/example_dags/example_dynamic_task_mapping_with_no_taskflow_operators.py took 0.072 seconds
[2023-08-02T10:53:14.140+0000] {processor.py:157} INFO - Started process (PID=1856) to work on /home/airflow/.local/lib/python3.7/site-packages/airflow/example_dags/example_dynamic_task_mapping_with_no_taskflow_operators.py
[2023-08-02T10:53:14.142+0000] {processor.py:826} INFO - Processing file /home/airflow/.local/lib/python3.7/site-packages/airflow/example_dags/example_dynamic_task_mapping_with_no_taskflow_operators.py for tasks to queue
[2023-08-02T10:53:14.143+0000] {logging_mixin.py:150} INFO - [2023-08-02T10:53:14.143+0000] {dagbag.py:541} INFO - Filling up the DagBag from /home/airflow/.local/lib/python3.7/site-packages/airflow/example_dags/example_dynamic_task_mapping_with_no_taskflow_operators.py
[2023-08-02T10:53:14.150+0000] {processor.py:836} INFO - DAG(s) dict_keys(['example_dynamic_task_mapping_with_no_taskflow_operators']) retrieved from /home/airflow/.local/lib/python3.7/site-packages/airflow/example_dags/example_dynamic_task_mapping_with_no_taskflow_operators.py
[2023-08-02T10:53:14.173+0000] {logging_mixin.py:150} INFO - [2023-08-02T10:53:14.173+0000] {dag.py:2742} INFO - Sync 1 DAGs
[2023-08-02T10:53:14.194+0000] {logging_mixin.py:150} INFO - [2023-08-02T10:53:14.194+0000] {dag.py:3508} INFO - Setting next_dagrun for example_dynamic_task_mapping_with_no_taskflow_operators to 2023-08-01T10:53:14.193947+00:00, run_after=2023-08-02T10:53:14.193947+00:00
[2023-08-02T10:53:14.209+0000] {processor.py:179} INFO - Processing /home/airflow/.local/lib/python3.7/site-packages/airflow/example_dags/example_dynamic_task_mapping_with_no_taskflow_operators.py took 0.073 seconds
[2023-08-02T10:53:44.514+0000] {processor.py:157} INFO - Started process (PID=1913) to work on /home/airflow/.local/lib/python3.7/site-packages/airflow/example_dags/example_dynamic_task_mapping_with_no_taskflow_operators.py
[2023-08-02T10:53:44.517+0000] {processor.py:826} INFO - Processing file /home/airflow/.local/lib/python3.7/site-packages/airflow/example_dags/example_dynamic_task_mapping_with_no_taskflow_operators.py for tasks to queue
[2023-08-02T10:53:44.518+0000] {logging_mixin.py:150} INFO - [2023-08-02T10:53:44.518+0000] {dagbag.py:541} INFO - Filling up the DagBag from /home/airflow/.local/lib/python3.7/site-packages/airflow/example_dags/example_dynamic_task_mapping_with_no_taskflow_operators.py
[2023-08-02T10:53:44.524+0000] {processor.py:836} INFO - DAG(s) dict_keys(['example_dynamic_task_mapping_with_no_taskflow_operators']) retrieved from /home/airflow/.local/lib/python3.7/site-packages/airflow/example_dags/example_dynamic_task_mapping_with_no_taskflow_operators.py
[2023-08-02T10:53:44.545+0000] {logging_mixin.py:150} INFO - [2023-08-02T10:53:44.545+0000] {dag.py:2742} INFO - Sync 1 DAGs
[2023-08-02T10:53:44.564+0000] {logging_mixin.py:150} INFO - [2023-08-02T10:53:44.564+0000] {dag.py:3508} INFO - Setting next_dagrun for example_dynamic_task_mapping_with_no_taskflow_operators to 2023-08-01T10:53:44.564305+00:00, run_after=2023-08-02T10:53:44.564305+00:00
[2023-08-02T10:53:44.578+0000] {processor.py:179} INFO - Processing /home/airflow/.local/lib/python3.7/site-packages/airflow/example_dags/example_dynamic_task_mapping_with_no_taskflow_operators.py took 0.067 seconds
[2023-08-02T10:54:14.733+0000] {processor.py:157} INFO - Started process (PID=1971) to work on /home/airflow/.local/lib/python3.7/site-packages/airflow/example_dags/example_dynamic_task_mapping_with_no_taskflow_operators.py
[2023-08-02T10:54:14.736+0000] {processor.py:826} INFO - Processing file /home/airflow/.local/lib/python3.7/site-packages/airflow/example_dags/example_dynamic_task_mapping_with_no_taskflow_operators.py for tasks to queue
[2023-08-02T10:54:14.737+0000] {logging_mixin.py:150} INFO - [2023-08-02T10:54:14.737+0000] {dagbag.py:541} INFO - Filling up the DagBag from /home/airflow/.local/lib/python3.7/site-packages/airflow/example_dags/example_dynamic_task_mapping_with_no_taskflow_operators.py
[2023-08-02T10:54:14.746+0000] {processor.py:836} INFO - DAG(s) dict_keys(['example_dynamic_task_mapping_with_no_taskflow_operators']) retrieved from /home/airflow/.local/lib/python3.7/site-packages/airflow/example_dags/example_dynamic_task_mapping_with_no_taskflow_operators.py
[2023-08-02T10:54:14.774+0000] {logging_mixin.py:150} INFO - [2023-08-02T10:54:14.774+0000] {dag.py:2742} INFO - Sync 1 DAGs
[2023-08-02T10:54:14.796+0000] {logging_mixin.py:150} INFO - [2023-08-02T10:54:14.795+0000] {dag.py:3508} INFO - Setting next_dagrun for example_dynamic_task_mapping_with_no_taskflow_operators to 2023-08-01T10:54:14.795706+00:00, run_after=2023-08-02T10:54:14.795706+00:00
[2023-08-02T10:54:14.818+0000] {processor.py:179} INFO - Processing /home/airflow/.local/lib/python3.7/site-packages/airflow/example_dags/example_dynamic_task_mapping_with_no_taskflow_operators.py took 0.088 seconds
[2023-08-02T10:54:45.057+0000] {processor.py:157} INFO - Started process (PID=2029) to work on /home/airflow/.local/lib/python3.7/site-packages/airflow/example_dags/example_dynamic_task_mapping_with_no_taskflow_operators.py
[2023-08-02T10:54:45.058+0000] {processor.py:826} INFO - Processing file /home/airflow/.local/lib/python3.7/site-packages/airflow/example_dags/example_dynamic_task_mapping_with_no_taskflow_operators.py for tasks to queue
[2023-08-02T10:54:45.060+0000] {logging_mixin.py:150} INFO - [2023-08-02T10:54:45.059+0000] {dagbag.py:541} INFO - Filling up the DagBag from /home/airflow/.local/lib/python3.7/site-packages/airflow/example_dags/example_dynamic_task_mapping_with_no_taskflow_operators.py
[2023-08-02T10:54:45.066+0000] {processor.py:836} INFO - DAG(s) dict_keys(['example_dynamic_task_mapping_with_no_taskflow_operators']) retrieved from /home/airflow/.local/lib/python3.7/site-packages/airflow/example_dags/example_dynamic_task_mapping_with_no_taskflow_operators.py
[2023-08-02T10:54:45.087+0000] {logging_mixin.py:150} INFO - [2023-08-02T10:54:45.087+0000] {dag.py:2742} INFO - Sync 1 DAGs
[2023-08-02T10:54:45.109+0000] {logging_mixin.py:150} INFO - [2023-08-02T10:54:45.109+0000] {dag.py:3508} INFO - Setting next_dagrun for example_dynamic_task_mapping_with_no_taskflow_operators to 2023-08-01T10:54:45.108903+00:00, run_after=2023-08-02T10:54:45.108903+00:00
[2023-08-02T10:54:45.122+0000] {processor.py:179} INFO - Processing /home/airflow/.local/lib/python3.7/site-packages/airflow/example_dags/example_dynamic_task_mapping_with_no_taskflow_operators.py took 0.069 seconds
[2023-08-02T10:55:15.407+0000] {processor.py:157} INFO - Started process (PID=2086) to work on /home/airflow/.local/lib/python3.7/site-packages/airflow/example_dags/example_dynamic_task_mapping_with_no_taskflow_operators.py
[2023-08-02T10:55:15.409+0000] {processor.py:826} INFO - Processing file /home/airflow/.local/lib/python3.7/site-packages/airflow/example_dags/example_dynamic_task_mapping_with_no_taskflow_operators.py for tasks to queue
[2023-08-02T10:55:15.413+0000] {logging_mixin.py:150} INFO - [2023-08-02T10:55:15.413+0000] {dagbag.py:541} INFO - Filling up the DagBag from /home/airflow/.local/lib/python3.7/site-packages/airflow/example_dags/example_dynamic_task_mapping_with_no_taskflow_operators.py
[2023-08-02T10:55:15.420+0000] {processor.py:836} INFO - DAG(s) dict_keys(['example_dynamic_task_mapping_with_no_taskflow_operators']) retrieved from /home/airflow/.local/lib/python3.7/site-packages/airflow/example_dags/example_dynamic_task_mapping_with_no_taskflow_operators.py
[2023-08-02T10:55:15.444+0000] {logging_mixin.py:150} INFO - [2023-08-02T10:55:15.444+0000] {dag.py:2742} INFO - Sync 1 DAGs
[2023-08-02T10:55:15.467+0000] {logging_mixin.py:150} INFO - [2023-08-02T10:55:15.467+0000] {dag.py:3508} INFO - Setting next_dagrun for example_dynamic_task_mapping_with_no_taskflow_operators to 2023-08-01T10:55:15.466938+00:00, run_after=2023-08-02T10:55:15.466938+00:00
[2023-08-02T10:55:15.488+0000] {processor.py:179} INFO - Processing /home/airflow/.local/lib/python3.7/site-packages/airflow/example_dags/example_dynamic_task_mapping_with_no_taskflow_operators.py took 0.084 seconds
[2023-08-02T12:19:16.516+0000] {processor.py:157} INFO - Started process (PID=2143) to work on /home/airflow/.local/lib/python3.7/site-packages/airflow/example_dags/example_dynamic_task_mapping_with_no_taskflow_operators.py
[2023-08-02T12:19:16.518+0000] {processor.py:826} INFO - Processing file /home/airflow/.local/lib/python3.7/site-packages/airflow/example_dags/example_dynamic_task_mapping_with_no_taskflow_operators.py for tasks to queue
[2023-08-02T12:19:16.519+0000] {logging_mixin.py:150} INFO - [2023-08-02T12:19:16.519+0000] {dagbag.py:541} INFO - Filling up the DagBag from /home/airflow/.local/lib/python3.7/site-packages/airflow/example_dags/example_dynamic_task_mapping_with_no_taskflow_operators.py
[2023-08-02T12:19:16.525+0000] {processor.py:836} INFO - DAG(s) dict_keys(['example_dynamic_task_mapping_with_no_taskflow_operators']) retrieved from /home/airflow/.local/lib/python3.7/site-packages/airflow/example_dags/example_dynamic_task_mapping_with_no_taskflow_operators.py
[2023-08-02T12:19:16.555+0000] {logging_mixin.py:150} INFO - [2023-08-02T12:19:16.555+0000] {dag.py:2742} INFO - Sync 1 DAGs
[2023-08-02T12:19:16.592+0000] {logging_mixin.py:150} INFO - [2023-08-02T12:19:16.591+0000] {dag.py:3508} INFO - Setting next_dagrun for example_dynamic_task_mapping_with_no_taskflow_operators to 2023-08-01T12:19:16.591296+00:00, run_after=2023-08-02T12:19:16.591296+00:00
[2023-08-02T12:19:16.696+0000] {processor.py:179} INFO - Processing /home/airflow/.local/lib/python3.7/site-packages/airflow/example_dags/example_dynamic_task_mapping_with_no_taskflow_operators.py took 0.183 seconds
[2023-08-02T13:26:10.538+0000] {processor.py:157} INFO - Started process (PID=2200) to work on /home/airflow/.local/lib/python3.7/site-packages/airflow/example_dags/example_dynamic_task_mapping_with_no_taskflow_operators.py
[2023-08-02T13:26:10.541+0000] {processor.py:826} INFO - Processing file /home/airflow/.local/lib/python3.7/site-packages/airflow/example_dags/example_dynamic_task_mapping_with_no_taskflow_operators.py for tasks to queue
[2023-08-02T13:26:10.552+0000] {logging_mixin.py:150} INFO - [2023-08-02T13:26:10.552+0000] {dagbag.py:541} INFO - Filling up the DagBag from /home/airflow/.local/lib/python3.7/site-packages/airflow/example_dags/example_dynamic_task_mapping_with_no_taskflow_operators.py
[2023-08-02T13:26:10.576+0000] {processor.py:836} INFO - DAG(s) dict_keys(['example_dynamic_task_mapping_with_no_taskflow_operators']) retrieved from /home/airflow/.local/lib/python3.7/site-packages/airflow/example_dags/example_dynamic_task_mapping_with_no_taskflow_operators.py
[2023-08-02T13:26:10.637+0000] {logging_mixin.py:150} INFO - [2023-08-02T13:26:10.637+0000] {dag.py:2742} INFO - Sync 1 DAGs
[2023-08-02T13:26:10.714+0000] {logging_mixin.py:150} INFO - [2023-08-02T13:26:10.713+0000] {dag.py:3508} INFO - Setting next_dagrun for example_dynamic_task_mapping_with_no_taskflow_operators to 2023-08-01T13:26:10.712870+00:00, run_after=2023-08-02T13:26:10.712870+00:00
[2023-08-02T13:26:10.766+0000] {processor.py:179} INFO - Processing /home/airflow/.local/lib/python3.7/site-packages/airflow/example_dags/example_dynamic_task_mapping_with_no_taskflow_operators.py took 0.243 seconds
[2023-08-02T14:49:09.273+0000] {processor.py:157} INFO - Started process (PID=2258) to work on /home/airflow/.local/lib/python3.7/site-packages/airflow/example_dags/example_dynamic_task_mapping_with_no_taskflow_operators.py
[2023-08-02T14:49:09.278+0000] {processor.py:826} INFO - Processing file /home/airflow/.local/lib/python3.7/site-packages/airflow/example_dags/example_dynamic_task_mapping_with_no_taskflow_operators.py for tasks to queue
[2023-08-02T14:49:09.280+0000] {logging_mixin.py:150} INFO - [2023-08-02T14:49:09.280+0000] {dagbag.py:541} INFO - Filling up the DagBag from /home/airflow/.local/lib/python3.7/site-packages/airflow/example_dags/example_dynamic_task_mapping_with_no_taskflow_operators.py
[2023-08-02T14:49:09.313+0000] {processor.py:836} INFO - DAG(s) dict_keys(['example_dynamic_task_mapping_with_no_taskflow_operators']) retrieved from /home/airflow/.local/lib/python3.7/site-packages/airflow/example_dags/example_dynamic_task_mapping_with_no_taskflow_operators.py
[2023-08-02T14:49:09.386+0000] {logging_mixin.py:150} INFO - [2023-08-02T14:49:09.385+0000] {dag.py:2742} INFO - Sync 1 DAGs
[2023-08-02T14:49:09.438+0000] {logging_mixin.py:150} INFO - [2023-08-02T14:49:09.437+0000] {dag.py:3508} INFO - Setting next_dagrun for example_dynamic_task_mapping_with_no_taskflow_operators to 2023-08-01T14:49:09.437652+00:00, run_after=2023-08-02T14:49:09.437652+00:00
[2023-08-02T14:49:09.477+0000] {processor.py:179} INFO - Processing /home/airflow/.local/lib/python3.7/site-packages/airflow/example_dags/example_dynamic_task_mapping_with_no_taskflow_operators.py took 0.219 seconds
[2023-08-02T15:54:26.088+0000] {processor.py:157} INFO - Started process (PID=2314) to work on /home/airflow/.local/lib/python3.7/site-packages/airflow/example_dags/example_dynamic_task_mapping_with_no_taskflow_operators.py
[2023-08-02T15:54:26.091+0000] {processor.py:826} INFO - Processing file /home/airflow/.local/lib/python3.7/site-packages/airflow/example_dags/example_dynamic_task_mapping_with_no_taskflow_operators.py for tasks to queue
[2023-08-02T15:54:26.092+0000] {logging_mixin.py:150} INFO - [2023-08-02T15:54:26.092+0000] {dagbag.py:541} INFO - Filling up the DagBag from /home/airflow/.local/lib/python3.7/site-packages/airflow/example_dags/example_dynamic_task_mapping_with_no_taskflow_operators.py
[2023-08-02T15:54:26.104+0000] {processor.py:836} INFO - DAG(s) dict_keys(['example_dynamic_task_mapping_with_no_taskflow_operators']) retrieved from /home/airflow/.local/lib/python3.7/site-packages/airflow/example_dags/example_dynamic_task_mapping_with_no_taskflow_operators.py
[2023-08-02T15:54:26.128+0000] {logging_mixin.py:150} INFO - [2023-08-02T15:54:26.128+0000] {dag.py:2742} INFO - Sync 1 DAGs
[2023-08-02T15:54:26.150+0000] {logging_mixin.py:150} INFO - [2023-08-02T15:54:26.150+0000] {dag.py:3508} INFO - Setting next_dagrun for example_dynamic_task_mapping_with_no_taskflow_operators to 2023-08-01T15:54:26.150191+00:00, run_after=2023-08-02T15:54:26.150191+00:00
[2023-08-02T15:54:26.174+0000] {processor.py:179} INFO - Processing /home/airflow/.local/lib/python3.7/site-packages/airflow/example_dags/example_dynamic_task_mapping_with_no_taskflow_operators.py took 0.089 seconds
[2023-08-02T16:26:50.370+0000] {processor.py:157} INFO - Started process (PID=2371) to work on /home/airflow/.local/lib/python3.7/site-packages/airflow/example_dags/example_dynamic_task_mapping_with_no_taskflow_operators.py
[2023-08-02T16:26:50.387+0000] {processor.py:826} INFO - Processing file /home/airflow/.local/lib/python3.7/site-packages/airflow/example_dags/example_dynamic_task_mapping_with_no_taskflow_operators.py for tasks to queue
[2023-08-02T16:26:50.392+0000] {logging_mixin.py:150} INFO - [2023-08-02T16:26:50.391+0000] {dagbag.py:541} INFO - Filling up the DagBag from /home/airflow/.local/lib/python3.7/site-packages/airflow/example_dags/example_dynamic_task_mapping_with_no_taskflow_operators.py
[2023-08-02T16:26:50.406+0000] {processor.py:836} INFO - DAG(s) dict_keys(['example_dynamic_task_mapping_with_no_taskflow_operators']) retrieved from /home/airflow/.local/lib/python3.7/site-packages/airflow/example_dags/example_dynamic_task_mapping_with_no_taskflow_operators.py
[2023-08-02T16:26:50.462+0000] {logging_mixin.py:150} INFO - [2023-08-02T16:26:50.462+0000] {dag.py:2742} INFO - Sync 1 DAGs
[2023-08-02T16:26:50.525+0000] {logging_mixin.py:150} INFO - [2023-08-02T16:26:50.524+0000] {dag.py:3508} INFO - Setting next_dagrun for example_dynamic_task_mapping_with_no_taskflow_operators to 2023-08-01T16:26:50.523399+00:00, run_after=2023-08-02T16:26:50.523399+00:00
[2023-08-02T16:26:50.557+0000] {processor.py:179} INFO - Processing /home/airflow/.local/lib/python3.7/site-packages/airflow/example_dags/example_dynamic_task_mapping_with_no_taskflow_operators.py took 0.192 seconds
[2023-08-02T17:14:34.941+0000] {processor.py:157} INFO - Started process (PID=2429) to work on /home/airflow/.local/lib/python3.7/site-packages/airflow/example_dags/example_dynamic_task_mapping_with_no_taskflow_operators.py
[2023-08-02T17:14:34.944+0000] {processor.py:826} INFO - Processing file /home/airflow/.local/lib/python3.7/site-packages/airflow/example_dags/example_dynamic_task_mapping_with_no_taskflow_operators.py for tasks to queue
[2023-08-02T17:14:34.947+0000] {logging_mixin.py:150} INFO - [2023-08-02T17:14:34.946+0000] {dagbag.py:541} INFO - Filling up the DagBag from /home/airflow/.local/lib/python3.7/site-packages/airflow/example_dags/example_dynamic_task_mapping_with_no_taskflow_operators.py
[2023-08-02T17:14:34.971+0000] {processor.py:836} INFO - DAG(s) dict_keys(['example_dynamic_task_mapping_with_no_taskflow_operators']) retrieved from /home/airflow/.local/lib/python3.7/site-packages/airflow/example_dags/example_dynamic_task_mapping_with_no_taskflow_operators.py
[2023-08-02T17:14:34.997+0000] {logging_mixin.py:150} INFO - [2023-08-02T17:14:34.997+0000] {dag.py:2742} INFO - Sync 1 DAGs
[2023-08-02T17:14:35.018+0000] {logging_mixin.py:150} INFO - [2023-08-02T17:14:35.018+0000] {dag.py:3508} INFO - Setting next_dagrun for example_dynamic_task_mapping_with_no_taskflow_operators to 2023-08-01T17:14:35.018314+00:00, run_after=2023-08-02T17:14:35.018314+00:00
[2023-08-02T17:14:35.033+0000] {processor.py:179} INFO - Processing /home/airflow/.local/lib/python3.7/site-packages/airflow/example_dags/example_dynamic_task_mapping_with_no_taskflow_operators.py took 0.095 seconds
[2023-08-02T18:59:08.474+0000] {processor.py:157} INFO - Started process (PID=2486) to work on /home/airflow/.local/lib/python3.7/site-packages/airflow/example_dags/example_dynamic_task_mapping_with_no_taskflow_operators.py
[2023-08-02T18:59:08.476+0000] {processor.py:826} INFO - Processing file /home/airflow/.local/lib/python3.7/site-packages/airflow/example_dags/example_dynamic_task_mapping_with_no_taskflow_operators.py for tasks to queue
[2023-08-02T18:59:08.477+0000] {logging_mixin.py:150} INFO - [2023-08-02T18:59:08.477+0000] {dagbag.py:541} INFO - Filling up the DagBag from /home/airflow/.local/lib/python3.7/site-packages/airflow/example_dags/example_dynamic_task_mapping_with_no_taskflow_operators.py
[2023-08-02T18:59:08.492+0000] {processor.py:836} INFO - DAG(s) dict_keys(['example_dynamic_task_mapping_with_no_taskflow_operators']) retrieved from /home/airflow/.local/lib/python3.7/site-packages/airflow/example_dags/example_dynamic_task_mapping_with_no_taskflow_operators.py
[2023-08-02T18:59:08.518+0000] {logging_mixin.py:150} INFO - [2023-08-02T18:59:08.518+0000] {dag.py:2742} INFO - Sync 1 DAGs
[2023-08-02T18:59:08.553+0000] {logging_mixin.py:150} INFO - [2023-08-02T18:59:08.553+0000] {dag.py:3508} INFO - Setting next_dagrun for example_dynamic_task_mapping_with_no_taskflow_operators to 2023-08-01T18:59:08.552591+00:00, run_after=2023-08-02T18:59:08.552591+00:00
[2023-08-02T18:59:08.578+0000] {processor.py:179} INFO - Processing /home/airflow/.local/lib/python3.7/site-packages/airflow/example_dags/example_dynamic_task_mapping_with_no_taskflow_operators.py took 0.107 seconds
[2023-08-02T20:21:31.142+0000] {processor.py:157} INFO - Started process (PID=2544) to work on /home/airflow/.local/lib/python3.7/site-packages/airflow/example_dags/example_dynamic_task_mapping_with_no_taskflow_operators.py
[2023-08-02T20:21:31.146+0000] {processor.py:826} INFO - Processing file /home/airflow/.local/lib/python3.7/site-packages/airflow/example_dags/example_dynamic_task_mapping_with_no_taskflow_operators.py for tasks to queue
[2023-08-02T20:21:31.147+0000] {logging_mixin.py:150} INFO - [2023-08-02T20:21:31.147+0000] {dagbag.py:541} INFO - Filling up the DagBag from /home/airflow/.local/lib/python3.7/site-packages/airflow/example_dags/example_dynamic_task_mapping_with_no_taskflow_operators.py
[2023-08-02T20:21:31.157+0000] {processor.py:836} INFO - DAG(s) dict_keys(['example_dynamic_task_mapping_with_no_taskflow_operators']) retrieved from /home/airflow/.local/lib/python3.7/site-packages/airflow/example_dags/example_dynamic_task_mapping_with_no_taskflow_operators.py
[2023-08-02T20:21:31.183+0000] {logging_mixin.py:150} INFO - [2023-08-02T20:21:31.183+0000] {dag.py:2742} INFO - Sync 1 DAGs
[2023-08-02T20:21:31.204+0000] {logging_mixin.py:150} INFO - [2023-08-02T20:21:31.204+0000] {dag.py:3508} INFO - Setting next_dagrun for example_dynamic_task_mapping_with_no_taskflow_operators to 2023-08-01T20:21:31.204506+00:00, run_after=2023-08-02T20:21:31.204506+00:00
[2023-08-02T20:21:31.225+0000] {processor.py:179} INFO - Processing /home/airflow/.local/lib/python3.7/site-packages/airflow/example_dags/example_dynamic_task_mapping_with_no_taskflow_operators.py took 0.087 seconds
[2023-08-02T22:03:26.930+0000] {processor.py:157} INFO - Started process (PID=2601) to work on /home/airflow/.local/lib/python3.7/site-packages/airflow/example_dags/example_dynamic_task_mapping_with_no_taskflow_operators.py
[2023-08-02T22:03:26.936+0000] {processor.py:826} INFO - Processing file /home/airflow/.local/lib/python3.7/site-packages/airflow/example_dags/example_dynamic_task_mapping_with_no_taskflow_operators.py for tasks to queue
[2023-08-02T22:03:26.942+0000] {logging_mixin.py:150} INFO - [2023-08-02T22:03:26.940+0000] {dagbag.py:541} INFO - Filling up the DagBag from /home/airflow/.local/lib/python3.7/site-packages/airflow/example_dags/example_dynamic_task_mapping_with_no_taskflow_operators.py
[2023-08-02T22:03:26.976+0000] {processor.py:836} INFO - DAG(s) dict_keys(['example_dynamic_task_mapping_with_no_taskflow_operators']) retrieved from /home/airflow/.local/lib/python3.7/site-packages/airflow/example_dags/example_dynamic_task_mapping_with_no_taskflow_operators.py
[2023-08-02T22:03:27.045+0000] {logging_mixin.py:150} INFO - [2023-08-02T22:03:27.045+0000] {dag.py:2742} INFO - Sync 1 DAGs
[2023-08-02T22:03:27.107+0000] {logging_mixin.py:150} INFO - [2023-08-02T22:03:27.107+0000] {dag.py:3508} INFO - Setting next_dagrun for example_dynamic_task_mapping_with_no_taskflow_operators to 2023-08-01T22:03:27.106451+00:00, run_after=2023-08-02T22:03:27.106451+00:00
[2023-08-02T22:03:27.135+0000] {processor.py:179} INFO - Processing /home/airflow/.local/lib/python3.7/site-packages/airflow/example_dags/example_dynamic_task_mapping_with_no_taskflow_operators.py took 0.219 seconds
[2023-08-02T23:27:13.227+0000] {processor.py:157} INFO - Started process (PID=2658) to work on /home/airflow/.local/lib/python3.7/site-packages/airflow/example_dags/example_dynamic_task_mapping_with_no_taskflow_operators.py
[2023-08-02T23:27:13.231+0000] {processor.py:826} INFO - Processing file /home/airflow/.local/lib/python3.7/site-packages/airflow/example_dags/example_dynamic_task_mapping_with_no_taskflow_operators.py for tasks to queue
[2023-08-02T23:27:13.236+0000] {logging_mixin.py:150} INFO - [2023-08-02T23:27:13.235+0000] {dagbag.py:541} INFO - Filling up the DagBag from /home/airflow/.local/lib/python3.7/site-packages/airflow/example_dags/example_dynamic_task_mapping_with_no_taskflow_operators.py
[2023-08-02T23:27:13.245+0000] {processor.py:836} INFO - DAG(s) dict_keys(['example_dynamic_task_mapping_with_no_taskflow_operators']) retrieved from /home/airflow/.local/lib/python3.7/site-packages/airflow/example_dags/example_dynamic_task_mapping_with_no_taskflow_operators.py
[2023-08-02T23:27:13.270+0000] {logging_mixin.py:150} INFO - [2023-08-02T23:27:13.270+0000] {dag.py:2742} INFO - Sync 1 DAGs
[2023-08-02T23:27:13.312+0000] {logging_mixin.py:150} INFO - [2023-08-02T23:27:13.312+0000] {dag.py:3508} INFO - Setting next_dagrun for example_dynamic_task_mapping_with_no_taskflow_operators to 2023-08-01T23:27:13.312092+00:00, run_after=2023-08-02T23:27:13.312092+00:00
[2023-08-02T23:27:13.344+0000] {processor.py:179} INFO - Processing /home/airflow/.local/lib/python3.7/site-packages/airflow/example_dags/example_dynamic_task_mapping_with_no_taskflow_operators.py took 0.119 seconds
