[2023-08-02T10:37:01.165+0000] {processor.py:157} INFO - Started process (PID=35) to work on /home/airflow/.local/lib/python3.7/site-packages/airflow/example_dags/example_xcomargs.py
[2023-08-02T10:37:01.172+0000] {processor.py:826} INFO - Processing file /home/airflow/.local/lib/python3.7/site-packages/airflow/example_dags/example_xcomargs.py for tasks to queue
[2023-08-02T10:37:01.177+0000] {logging_mixin.py:150} INFO - [2023-08-02T10:37:01.176+0000] {dagbag.py:541} INFO - Filling up the DagBag from /home/airflow/.local/lib/python3.7/site-packages/airflow/example_dags/example_xcomargs.py
[2023-08-02T10:37:01.212+0000] {processor.py:836} INFO - DAG(s) dict_keys(['example_xcom_args', 'example_xcom_args_with_operators']) retrieved from /home/airflow/.local/lib/python3.7/site-packages/airflow/example_dags/example_xcomargs.py
[2023-08-02T10:37:01.262+0000] {logging_mixin.py:150} INFO - [2023-08-02T10:37:01.262+0000] {dag.py:2742} INFO - Sync 2 DAGs
[2023-08-02T10:37:01.326+0000] {logging_mixin.py:150} INFO - [2023-08-02T10:37:01.326+0000] {dag.py:3508} INFO - Setting next_dagrun for example_xcom_args to None, run_after=None
[2023-08-02T10:37:01.336+0000] {logging_mixin.py:150} INFO - [2023-08-02T10:37:01.336+0000] {dag.py:3508} INFO - Setting next_dagrun for example_xcom_args_with_operators to None, run_after=None
[2023-08-02T10:37:01.372+0000] {processor.py:179} INFO - Processing /home/airflow/.local/lib/python3.7/site-packages/airflow/example_dags/example_xcomargs.py took 0.216 seconds
[2023-08-02T10:37:31.802+0000] {processor.py:157} INFO - Started process (PID=92) to work on /home/airflow/.local/lib/python3.7/site-packages/airflow/example_dags/example_xcomargs.py
[2023-08-02T10:37:31.804+0000] {processor.py:826} INFO - Processing file /home/airflow/.local/lib/python3.7/site-packages/airflow/example_dags/example_xcomargs.py for tasks to queue
[2023-08-02T10:37:31.813+0000] {logging_mixin.py:150} INFO - [2023-08-02T10:37:31.811+0000] {dagbag.py:541} INFO - Filling up the DagBag from /home/airflow/.local/lib/python3.7/site-packages/airflow/example_dags/example_xcomargs.py
[2023-08-02T10:37:31.821+0000] {processor.py:836} INFO - DAG(s) dict_keys(['example_xcom_args_with_operators', 'example_xcom_args']) retrieved from /home/airflow/.local/lib/python3.7/site-packages/airflow/example_dags/example_xcomargs.py
[2023-08-02T10:37:31.850+0000] {logging_mixin.py:150} INFO - [2023-08-02T10:37:31.850+0000] {dag.py:2742} INFO - Sync 2 DAGs
[2023-08-02T10:37:31.871+0000] {logging_mixin.py:150} INFO - [2023-08-02T10:37:31.871+0000] {dag.py:3508} INFO - Setting next_dagrun for example_xcom_args to None, run_after=None
[2023-08-02T10:37:31.874+0000] {logging_mixin.py:150} INFO - [2023-08-02T10:37:31.874+0000] {dag.py:3508} INFO - Setting next_dagrun for example_xcom_args_with_operators to None, run_after=None
[2023-08-02T10:37:31.890+0000] {processor.py:179} INFO - Processing /home/airflow/.local/lib/python3.7/site-packages/airflow/example_dags/example_xcomargs.py took 0.091 seconds
[2023-08-02T10:38:02.046+0000] {processor.py:157} INFO - Started process (PID=149) to work on /home/airflow/.local/lib/python3.7/site-packages/airflow/example_dags/example_xcomargs.py
[2023-08-02T10:38:02.060+0000] {processor.py:826} INFO - Processing file /home/airflow/.local/lib/python3.7/site-packages/airflow/example_dags/example_xcomargs.py for tasks to queue
[2023-08-02T10:38:02.062+0000] {logging_mixin.py:150} INFO - [2023-08-02T10:38:02.061+0000] {dagbag.py:541} INFO - Filling up the DagBag from /home/airflow/.local/lib/python3.7/site-packages/airflow/example_dags/example_xcomargs.py
[2023-08-02T10:38:02.069+0000] {processor.py:836} INFO - DAG(s) dict_keys(['example_xcom_args', 'example_xcom_args_with_operators']) retrieved from /home/airflow/.local/lib/python3.7/site-packages/airflow/example_dags/example_xcomargs.py
[2023-08-02T10:38:02.097+0000] {logging_mixin.py:150} INFO - [2023-08-02T10:38:02.097+0000] {dag.py:2742} INFO - Sync 2 DAGs
[2023-08-02T10:38:02.119+0000] {logging_mixin.py:150} INFO - [2023-08-02T10:38:02.119+0000] {dag.py:3508} INFO - Setting next_dagrun for example_xcom_args to None, run_after=None
[2023-08-02T10:38:02.131+0000] {logging_mixin.py:150} INFO - [2023-08-02T10:38:02.131+0000] {dag.py:3508} INFO - Setting next_dagrun for example_xcom_args_with_operators to None, run_after=None
[2023-08-02T10:38:02.160+0000] {processor.py:179} INFO - Processing /home/airflow/.local/lib/python3.7/site-packages/airflow/example_dags/example_xcomargs.py took 0.117 seconds
[2023-08-02T10:38:32.684+0000] {processor.py:157} INFO - Started process (PID=206) to work on /home/airflow/.local/lib/python3.7/site-packages/airflow/example_dags/example_xcomargs.py
[2023-08-02T10:38:32.686+0000] {processor.py:826} INFO - Processing file /home/airflow/.local/lib/python3.7/site-packages/airflow/example_dags/example_xcomargs.py for tasks to queue
[2023-08-02T10:38:32.687+0000] {logging_mixin.py:150} INFO - [2023-08-02T10:38:32.687+0000] {dagbag.py:541} INFO - Filling up the DagBag from /home/airflow/.local/lib/python3.7/site-packages/airflow/example_dags/example_xcomargs.py
[2023-08-02T10:38:32.694+0000] {processor.py:836} INFO - DAG(s) dict_keys(['example_xcom_args', 'example_xcom_args_with_operators']) retrieved from /home/airflow/.local/lib/python3.7/site-packages/airflow/example_dags/example_xcomargs.py
[2023-08-02T10:38:32.730+0000] {logging_mixin.py:150} INFO - [2023-08-02T10:38:32.730+0000] {dag.py:2742} INFO - Sync 2 DAGs
[2023-08-02T10:38:32.750+0000] {logging_mixin.py:150} INFO - [2023-08-02T10:38:32.750+0000] {dag.py:3508} INFO - Setting next_dagrun for example_xcom_args to None, run_after=None
[2023-08-02T10:38:32.754+0000] {logging_mixin.py:150} INFO - [2023-08-02T10:38:32.754+0000] {dag.py:3508} INFO - Setting next_dagrun for example_xcom_args_with_operators to None, run_after=None
[2023-08-02T10:38:32.766+0000] {processor.py:179} INFO - Processing /home/airflow/.local/lib/python3.7/site-packages/airflow/example_dags/example_xcomargs.py took 0.085 seconds
[2023-08-02T10:39:03.102+0000] {processor.py:157} INFO - Started process (PID=263) to work on /home/airflow/.local/lib/python3.7/site-packages/airflow/example_dags/example_xcomargs.py
[2023-08-02T10:39:03.105+0000] {processor.py:826} INFO - Processing file /home/airflow/.local/lib/python3.7/site-packages/airflow/example_dags/example_xcomargs.py for tasks to queue
[2023-08-02T10:39:03.106+0000] {logging_mixin.py:150} INFO - [2023-08-02T10:39:03.106+0000] {dagbag.py:541} INFO - Filling up the DagBag from /home/airflow/.local/lib/python3.7/site-packages/airflow/example_dags/example_xcomargs.py
[2023-08-02T10:39:03.114+0000] {processor.py:836} INFO - DAG(s) dict_keys(['example_xcom_args_with_operators', 'example_xcom_args']) retrieved from /home/airflow/.local/lib/python3.7/site-packages/airflow/example_dags/example_xcomargs.py
[2023-08-02T10:39:03.140+0000] {logging_mixin.py:150} INFO - [2023-08-02T10:39:03.140+0000] {dag.py:2742} INFO - Sync 2 DAGs
[2023-08-02T10:39:03.171+0000] {logging_mixin.py:150} INFO - [2023-08-02T10:39:03.171+0000] {dag.py:3508} INFO - Setting next_dagrun for example_xcom_args to None, run_after=None
[2023-08-02T10:39:03.177+0000] {logging_mixin.py:150} INFO - [2023-08-02T10:39:03.177+0000] {dag.py:3508} INFO - Setting next_dagrun for example_xcom_args_with_operators to None, run_after=None
[2023-08-02T10:39:03.200+0000] {processor.py:179} INFO - Processing /home/airflow/.local/lib/python3.7/site-packages/airflow/example_dags/example_xcomargs.py took 0.101 seconds
[2023-08-02T10:39:33.369+0000] {processor.py:157} INFO - Started process (PID=320) to work on /home/airflow/.local/lib/python3.7/site-packages/airflow/example_dags/example_xcomargs.py
[2023-08-02T10:39:33.375+0000] {processor.py:826} INFO - Processing file /home/airflow/.local/lib/python3.7/site-packages/airflow/example_dags/example_xcomargs.py for tasks to queue
[2023-08-02T10:39:33.377+0000] {logging_mixin.py:150} INFO - [2023-08-02T10:39:33.376+0000] {dagbag.py:541} INFO - Filling up the DagBag from /home/airflow/.local/lib/python3.7/site-packages/airflow/example_dags/example_xcomargs.py
[2023-08-02T10:39:33.384+0000] {processor.py:836} INFO - DAG(s) dict_keys(['example_xcom_args_with_operators', 'example_xcom_args']) retrieved from /home/airflow/.local/lib/python3.7/site-packages/airflow/example_dags/example_xcomargs.py
[2023-08-02T10:39:33.412+0000] {logging_mixin.py:150} INFO - [2023-08-02T10:39:33.411+0000] {dag.py:2742} INFO - Sync 2 DAGs
[2023-08-02T10:39:33.430+0000] {logging_mixin.py:150} INFO - [2023-08-02T10:39:33.429+0000] {dag.py:3508} INFO - Setting next_dagrun for example_xcom_args to None, run_after=None
[2023-08-02T10:39:33.434+0000] {logging_mixin.py:150} INFO - [2023-08-02T10:39:33.434+0000] {dag.py:3508} INFO - Setting next_dagrun for example_xcom_args_with_operators to None, run_after=None
[2023-08-02T10:39:33.499+0000] {processor.py:179} INFO - Processing /home/airflow/.local/lib/python3.7/site-packages/airflow/example_dags/example_xcomargs.py took 0.133 seconds
[2023-08-02T10:40:03.700+0000] {processor.py:157} INFO - Started process (PID=376) to work on /home/airflow/.local/lib/python3.7/site-packages/airflow/example_dags/example_xcomargs.py
[2023-08-02T10:40:03.702+0000] {processor.py:826} INFO - Processing file /home/airflow/.local/lib/python3.7/site-packages/airflow/example_dags/example_xcomargs.py for tasks to queue
[2023-08-02T10:40:03.703+0000] {logging_mixin.py:150} INFO - [2023-08-02T10:40:03.702+0000] {dagbag.py:541} INFO - Filling up the DagBag from /home/airflow/.local/lib/python3.7/site-packages/airflow/example_dags/example_xcomargs.py
[2023-08-02T10:40:03.710+0000] {processor.py:836} INFO - DAG(s) dict_keys(['example_xcom_args', 'example_xcom_args_with_operators']) retrieved from /home/airflow/.local/lib/python3.7/site-packages/airflow/example_dags/example_xcomargs.py
[2023-08-02T10:40:03.735+0000] {logging_mixin.py:150} INFO - [2023-08-02T10:40:03.735+0000] {dag.py:2742} INFO - Sync 2 DAGs
[2023-08-02T10:40:03.756+0000] {logging_mixin.py:150} INFO - [2023-08-02T10:40:03.756+0000] {dag.py:3508} INFO - Setting next_dagrun for example_xcom_args to None, run_after=None
[2023-08-02T10:40:03.760+0000] {logging_mixin.py:150} INFO - [2023-08-02T10:40:03.760+0000] {dag.py:3508} INFO - Setting next_dagrun for example_xcom_args_with_operators to None, run_after=None
[2023-08-02T10:40:03.773+0000] {processor.py:179} INFO - Processing /home/airflow/.local/lib/python3.7/site-packages/airflow/example_dags/example_xcomargs.py took 0.076 seconds
[2023-08-02T10:40:34.148+0000] {processor.py:157} INFO - Started process (PID=433) to work on /home/airflow/.local/lib/python3.7/site-packages/airflow/example_dags/example_xcomargs.py
[2023-08-02T10:40:34.150+0000] {processor.py:826} INFO - Processing file /home/airflow/.local/lib/python3.7/site-packages/airflow/example_dags/example_xcomargs.py for tasks to queue
[2023-08-02T10:40:34.152+0000] {logging_mixin.py:150} INFO - [2023-08-02T10:40:34.151+0000] {dagbag.py:541} INFO - Filling up the DagBag from /home/airflow/.local/lib/python3.7/site-packages/airflow/example_dags/example_xcomargs.py
[2023-08-02T10:40:34.159+0000] {processor.py:836} INFO - DAG(s) dict_keys(['example_xcom_args_with_operators', 'example_xcom_args']) retrieved from /home/airflow/.local/lib/python3.7/site-packages/airflow/example_dags/example_xcomargs.py
[2023-08-02T10:40:34.184+0000] {logging_mixin.py:150} INFO - [2023-08-02T10:40:34.184+0000] {dag.py:2742} INFO - Sync 2 DAGs
[2023-08-02T10:40:34.204+0000] {logging_mixin.py:150} INFO - [2023-08-02T10:40:34.204+0000] {dag.py:3508} INFO - Setting next_dagrun for example_xcom_args to None, run_after=None
[2023-08-02T10:40:34.210+0000] {logging_mixin.py:150} INFO - [2023-08-02T10:40:34.210+0000] {dag.py:3508} INFO - Setting next_dagrun for example_xcom_args_with_operators to None, run_after=None
[2023-08-02T10:40:34.231+0000] {processor.py:179} INFO - Processing /home/airflow/.local/lib/python3.7/site-packages/airflow/example_dags/example_xcomargs.py took 0.086 seconds
[2023-08-02T10:41:04.714+0000] {processor.py:157} INFO - Started process (PID=490) to work on /home/airflow/.local/lib/python3.7/site-packages/airflow/example_dags/example_xcomargs.py
[2023-08-02T10:41:04.716+0000] {processor.py:826} INFO - Processing file /home/airflow/.local/lib/python3.7/site-packages/airflow/example_dags/example_xcomargs.py for tasks to queue
[2023-08-02T10:41:04.719+0000] {logging_mixin.py:150} INFO - [2023-08-02T10:41:04.719+0000] {dagbag.py:541} INFO - Filling up the DagBag from /home/airflow/.local/lib/python3.7/site-packages/airflow/example_dags/example_xcomargs.py
[2023-08-02T10:41:04.729+0000] {processor.py:836} INFO - DAG(s) dict_keys(['example_xcom_args_with_operators', 'example_xcom_args']) retrieved from /home/airflow/.local/lib/python3.7/site-packages/airflow/example_dags/example_xcomargs.py
[2023-08-02T10:41:04.757+0000] {logging_mixin.py:150} INFO - [2023-08-02T10:41:04.757+0000] {dag.py:2742} INFO - Sync 2 DAGs
[2023-08-02T10:41:04.827+0000] {logging_mixin.py:150} INFO - [2023-08-02T10:41:04.827+0000] {dag.py:3508} INFO - Setting next_dagrun for example_xcom_args to None, run_after=None
[2023-08-02T10:41:04.831+0000] {logging_mixin.py:150} INFO - [2023-08-02T10:41:04.831+0000] {dag.py:3508} INFO - Setting next_dagrun for example_xcom_args_with_operators to None, run_after=None
[2023-08-02T10:41:04.845+0000] {processor.py:179} INFO - Processing /home/airflow/.local/lib/python3.7/site-packages/airflow/example_dags/example_xcomargs.py took 0.135 seconds
[2023-08-02T10:41:35.276+0000] {processor.py:157} INFO - Started process (PID=547) to work on /home/airflow/.local/lib/python3.7/site-packages/airflow/example_dags/example_xcomargs.py
[2023-08-02T10:41:35.287+0000] {processor.py:826} INFO - Processing file /home/airflow/.local/lib/python3.7/site-packages/airflow/example_dags/example_xcomargs.py for tasks to queue
[2023-08-02T10:41:35.288+0000] {logging_mixin.py:150} INFO - [2023-08-02T10:41:35.288+0000] {dagbag.py:541} INFO - Filling up the DagBag from /home/airflow/.local/lib/python3.7/site-packages/airflow/example_dags/example_xcomargs.py
[2023-08-02T10:41:35.295+0000] {processor.py:836} INFO - DAG(s) dict_keys(['example_xcom_args_with_operators', 'example_xcom_args']) retrieved from /home/airflow/.local/lib/python3.7/site-packages/airflow/example_dags/example_xcomargs.py
[2023-08-02T10:41:35.324+0000] {logging_mixin.py:150} INFO - [2023-08-02T10:41:35.324+0000] {dag.py:2742} INFO - Sync 2 DAGs
[2023-08-02T10:41:35.344+0000] {logging_mixin.py:150} INFO - [2023-08-02T10:41:35.344+0000] {dag.py:3508} INFO - Setting next_dagrun for example_xcom_args to None, run_after=None
[2023-08-02T10:41:35.347+0000] {logging_mixin.py:150} INFO - [2023-08-02T10:41:35.347+0000] {dag.py:3508} INFO - Setting next_dagrun for example_xcom_args_with_operators to None, run_after=None
[2023-08-02T10:41:35.358+0000] {processor.py:179} INFO - Processing /home/airflow/.local/lib/python3.7/site-packages/airflow/example_dags/example_xcomargs.py took 0.085 seconds
[2023-08-02T10:42:05.887+0000] {processor.py:157} INFO - Started process (PID=604) to work on /home/airflow/.local/lib/python3.7/site-packages/airflow/example_dags/example_xcomargs.py
[2023-08-02T10:42:05.889+0000] {processor.py:826} INFO - Processing file /home/airflow/.local/lib/python3.7/site-packages/airflow/example_dags/example_xcomargs.py for tasks to queue
[2023-08-02T10:42:05.891+0000] {logging_mixin.py:150} INFO - [2023-08-02T10:42:05.890+0000] {dagbag.py:541} INFO - Filling up the DagBag from /home/airflow/.local/lib/python3.7/site-packages/airflow/example_dags/example_xcomargs.py
[2023-08-02T10:42:05.899+0000] {processor.py:836} INFO - DAG(s) dict_keys(['example_xcom_args', 'example_xcom_args_with_operators']) retrieved from /home/airflow/.local/lib/python3.7/site-packages/airflow/example_dags/example_xcomargs.py
[2023-08-02T10:42:05.924+0000] {logging_mixin.py:150} INFO - [2023-08-02T10:42:05.924+0000] {dag.py:2742} INFO - Sync 2 DAGs
[2023-08-02T10:42:05.944+0000] {logging_mixin.py:150} INFO - [2023-08-02T10:42:05.944+0000] {dag.py:3508} INFO - Setting next_dagrun for example_xcom_args to None, run_after=None
[2023-08-02T10:42:05.948+0000] {logging_mixin.py:150} INFO - [2023-08-02T10:42:05.948+0000] {dag.py:3508} INFO - Setting next_dagrun for example_xcom_args_with_operators to None, run_after=None
[2023-08-02T10:42:05.959+0000] {processor.py:179} INFO - Processing /home/airflow/.local/lib/python3.7/site-packages/airflow/example_dags/example_xcomargs.py took 0.076 seconds
[2023-08-02T10:42:36.523+0000] {processor.py:157} INFO - Started process (PID=660) to work on /home/airflow/.local/lib/python3.7/site-packages/airflow/example_dags/example_xcomargs.py
[2023-08-02T10:42:36.525+0000] {processor.py:826} INFO - Processing file /home/airflow/.local/lib/python3.7/site-packages/airflow/example_dags/example_xcomargs.py for tasks to queue
[2023-08-02T10:42:36.526+0000] {logging_mixin.py:150} INFO - [2023-08-02T10:42:36.526+0000] {dagbag.py:541} INFO - Filling up the DagBag from /home/airflow/.local/lib/python3.7/site-packages/airflow/example_dags/example_xcomargs.py
[2023-08-02T10:42:36.534+0000] {processor.py:836} INFO - DAG(s) dict_keys(['example_xcom_args', 'example_xcom_args_with_operators']) retrieved from /home/airflow/.local/lib/python3.7/site-packages/airflow/example_dags/example_xcomargs.py
[2023-08-02T10:42:36.559+0000] {logging_mixin.py:150} INFO - [2023-08-02T10:42:36.559+0000] {dag.py:2742} INFO - Sync 2 DAGs
[2023-08-02T10:42:36.599+0000] {logging_mixin.py:150} INFO - [2023-08-02T10:42:36.599+0000] {dag.py:3508} INFO - Setting next_dagrun for example_xcom_args to None, run_after=None
[2023-08-02T10:42:36.602+0000] {logging_mixin.py:150} INFO - [2023-08-02T10:42:36.602+0000] {dag.py:3508} INFO - Setting next_dagrun for example_xcom_args_with_operators to None, run_after=None
[2023-08-02T10:42:36.615+0000] {processor.py:179} INFO - Processing /home/airflow/.local/lib/python3.7/site-packages/airflow/example_dags/example_xcomargs.py took 0.095 seconds
[2023-08-02T10:43:07.085+0000] {processor.py:157} INFO - Started process (PID=717) to work on /home/airflow/.local/lib/python3.7/site-packages/airflow/example_dags/example_xcomargs.py
[2023-08-02T10:43:07.087+0000] {processor.py:826} INFO - Processing file /home/airflow/.local/lib/python3.7/site-packages/airflow/example_dags/example_xcomargs.py for tasks to queue
[2023-08-02T10:43:07.088+0000] {logging_mixin.py:150} INFO - [2023-08-02T10:43:07.088+0000] {dagbag.py:541} INFO - Filling up the DagBag from /home/airflow/.local/lib/python3.7/site-packages/airflow/example_dags/example_xcomargs.py
[2023-08-02T10:43:07.096+0000] {processor.py:836} INFO - DAG(s) dict_keys(['example_xcom_args_with_operators', 'example_xcom_args']) retrieved from /home/airflow/.local/lib/python3.7/site-packages/airflow/example_dags/example_xcomargs.py
[2023-08-02T10:43:07.123+0000] {logging_mixin.py:150} INFO - [2023-08-02T10:43:07.122+0000] {dag.py:2742} INFO - Sync 2 DAGs
[2023-08-02T10:43:07.141+0000] {logging_mixin.py:150} INFO - [2023-08-02T10:43:07.141+0000] {dag.py:3508} INFO - Setting next_dagrun for example_xcom_args to None, run_after=None
[2023-08-02T10:43:07.144+0000] {logging_mixin.py:150} INFO - [2023-08-02T10:43:07.144+0000] {dag.py:3508} INFO - Setting next_dagrun for example_xcom_args_with_operators to None, run_after=None
[2023-08-02T10:43:07.159+0000] {processor.py:179} INFO - Processing /home/airflow/.local/lib/python3.7/site-packages/airflow/example_dags/example_xcomargs.py took 0.076 seconds
[2023-08-02T10:43:37.541+0000] {processor.py:157} INFO - Started process (PID=774) to work on /home/airflow/.local/lib/python3.7/site-packages/airflow/example_dags/example_xcomargs.py
[2023-08-02T10:43:37.545+0000] {processor.py:826} INFO - Processing file /home/airflow/.local/lib/python3.7/site-packages/airflow/example_dags/example_xcomargs.py for tasks to queue
[2023-08-02T10:43:37.547+0000] {logging_mixin.py:150} INFO - [2023-08-02T10:43:37.547+0000] {dagbag.py:541} INFO - Filling up the DagBag from /home/airflow/.local/lib/python3.7/site-packages/airflow/example_dags/example_xcomargs.py
[2023-08-02T10:43:37.572+0000] {processor.py:836} INFO - DAG(s) dict_keys(['example_xcom_args_with_operators', 'example_xcom_args']) retrieved from /home/airflow/.local/lib/python3.7/site-packages/airflow/example_dags/example_xcomargs.py
[2023-08-02T10:43:37.616+0000] {logging_mixin.py:150} INFO - [2023-08-02T10:43:37.616+0000] {dag.py:2742} INFO - Sync 2 DAGs
[2023-08-02T10:43:37.638+0000] {logging_mixin.py:150} INFO - [2023-08-02T10:43:37.638+0000] {dag.py:3508} INFO - Setting next_dagrun for example_xcom_args to None, run_after=None
[2023-08-02T10:43:37.641+0000] {logging_mixin.py:150} INFO - [2023-08-02T10:43:37.641+0000] {dag.py:3508} INFO - Setting next_dagrun for example_xcom_args_with_operators to None, run_after=None
[2023-08-02T10:43:37.655+0000] {processor.py:179} INFO - Processing /home/airflow/.local/lib/python3.7/site-packages/airflow/example_dags/example_xcomargs.py took 0.117 seconds
[2023-08-02T10:44:07.749+0000] {processor.py:157} INFO - Started process (PID=830) to work on /home/airflow/.local/lib/python3.7/site-packages/airflow/example_dags/example_xcomargs.py
[2023-08-02T10:44:07.752+0000] {processor.py:826} INFO - Processing file /home/airflow/.local/lib/python3.7/site-packages/airflow/example_dags/example_xcomargs.py for tasks to queue
[2023-08-02T10:44:07.754+0000] {logging_mixin.py:150} INFO - [2023-08-02T10:44:07.753+0000] {dagbag.py:541} INFO - Filling up the DagBag from /home/airflow/.local/lib/python3.7/site-packages/airflow/example_dags/example_xcomargs.py
[2023-08-02T10:44:07.761+0000] {processor.py:836} INFO - DAG(s) dict_keys(['example_xcom_args_with_operators', 'example_xcom_args']) retrieved from /home/airflow/.local/lib/python3.7/site-packages/airflow/example_dags/example_xcomargs.py
[2023-08-02T10:44:07.785+0000] {logging_mixin.py:150} INFO - [2023-08-02T10:44:07.785+0000] {dag.py:2742} INFO - Sync 2 DAGs
[2023-08-02T10:44:07.803+0000] {logging_mixin.py:150} INFO - [2023-08-02T10:44:07.803+0000] {dag.py:3508} INFO - Setting next_dagrun for example_xcom_args to None, run_after=None
[2023-08-02T10:44:07.807+0000] {logging_mixin.py:150} INFO - [2023-08-02T10:44:07.807+0000] {dag.py:3508} INFO - Setting next_dagrun for example_xcom_args_with_operators to None, run_after=None
[2023-08-02T10:44:07.819+0000] {processor.py:179} INFO - Processing /home/airflow/.local/lib/python3.7/site-packages/airflow/example_dags/example_xcomargs.py took 0.073 seconds
[2023-08-02T10:44:38.058+0000] {processor.py:157} INFO - Started process (PID=887) to work on /home/airflow/.local/lib/python3.7/site-packages/airflow/example_dags/example_xcomargs.py
[2023-08-02T10:44:38.061+0000] {processor.py:826} INFO - Processing file /home/airflow/.local/lib/python3.7/site-packages/airflow/example_dags/example_xcomargs.py for tasks to queue
[2023-08-02T10:44:38.066+0000] {logging_mixin.py:150} INFO - [2023-08-02T10:44:38.066+0000] {dagbag.py:541} INFO - Filling up the DagBag from /home/airflow/.local/lib/python3.7/site-packages/airflow/example_dags/example_xcomargs.py
[2023-08-02T10:44:38.074+0000] {processor.py:836} INFO - DAG(s) dict_keys(['example_xcom_args', 'example_xcom_args_with_operators']) retrieved from /home/airflow/.local/lib/python3.7/site-packages/airflow/example_dags/example_xcomargs.py
[2023-08-02T10:44:38.099+0000] {logging_mixin.py:150} INFO - [2023-08-02T10:44:38.099+0000] {dag.py:2742} INFO - Sync 2 DAGs
[2023-08-02T10:44:38.120+0000] {logging_mixin.py:150} INFO - [2023-08-02T10:44:38.120+0000] {dag.py:3508} INFO - Setting next_dagrun for example_xcom_args to None, run_after=None
[2023-08-02T10:44:38.123+0000] {logging_mixin.py:150} INFO - [2023-08-02T10:44:38.123+0000] {dag.py:3508} INFO - Setting next_dagrun for example_xcom_args_with_operators to None, run_after=None
[2023-08-02T10:44:38.151+0000] {processor.py:179} INFO - Processing /home/airflow/.local/lib/python3.7/site-packages/airflow/example_dags/example_xcomargs.py took 0.096 seconds
[2023-08-02T10:45:08.293+0000] {processor.py:157} INFO - Started process (PID=944) to work on /home/airflow/.local/lib/python3.7/site-packages/airflow/example_dags/example_xcomargs.py
[2023-08-02T10:45:08.295+0000] {processor.py:826} INFO - Processing file /home/airflow/.local/lib/python3.7/site-packages/airflow/example_dags/example_xcomargs.py for tasks to queue
[2023-08-02T10:45:08.297+0000] {logging_mixin.py:150} INFO - [2023-08-02T10:45:08.297+0000] {dagbag.py:541} INFO - Filling up the DagBag from /home/airflow/.local/lib/python3.7/site-packages/airflow/example_dags/example_xcomargs.py
[2023-08-02T10:45:08.305+0000] {processor.py:836} INFO - DAG(s) dict_keys(['example_xcom_args_with_operators', 'example_xcom_args']) retrieved from /home/airflow/.local/lib/python3.7/site-packages/airflow/example_dags/example_xcomargs.py
[2023-08-02T10:45:08.330+0000] {logging_mixin.py:150} INFO - [2023-08-02T10:45:08.330+0000] {dag.py:2742} INFO - Sync 2 DAGs
[2023-08-02T10:45:08.355+0000] {logging_mixin.py:150} INFO - [2023-08-02T10:45:08.355+0000] {dag.py:3508} INFO - Setting next_dagrun for example_xcom_args to None, run_after=None
[2023-08-02T10:45:08.425+0000] {logging_mixin.py:150} INFO - [2023-08-02T10:45:08.425+0000] {dag.py:3508} INFO - Setting next_dagrun for example_xcom_args_with_operators to None, run_after=None
[2023-08-02T10:45:08.451+0000] {processor.py:179} INFO - Processing /home/airflow/.local/lib/python3.7/site-packages/airflow/example_dags/example_xcomargs.py took 0.161 seconds
[2023-08-02T10:45:38.730+0000] {processor.py:157} INFO - Started process (PID=1001) to work on /home/airflow/.local/lib/python3.7/site-packages/airflow/example_dags/example_xcomargs.py
[2023-08-02T10:45:38.732+0000] {processor.py:826} INFO - Processing file /home/airflow/.local/lib/python3.7/site-packages/airflow/example_dags/example_xcomargs.py for tasks to queue
[2023-08-02T10:45:38.738+0000] {logging_mixin.py:150} INFO - [2023-08-02T10:45:38.738+0000] {dagbag.py:541} INFO - Filling up the DagBag from /home/airflow/.local/lib/python3.7/site-packages/airflow/example_dags/example_xcomargs.py
[2023-08-02T10:45:38.745+0000] {processor.py:836} INFO - DAG(s) dict_keys(['example_xcom_args_with_operators', 'example_xcom_args']) retrieved from /home/airflow/.local/lib/python3.7/site-packages/airflow/example_dags/example_xcomargs.py
[2023-08-02T10:45:38.771+0000] {logging_mixin.py:150} INFO - [2023-08-02T10:45:38.771+0000] {dag.py:2742} INFO - Sync 2 DAGs
[2023-08-02T10:45:38.791+0000] {logging_mixin.py:150} INFO - [2023-08-02T10:45:38.790+0000] {dag.py:3508} INFO - Setting next_dagrun for example_xcom_args to None, run_after=None
[2023-08-02T10:45:38.794+0000] {logging_mixin.py:150} INFO - [2023-08-02T10:45:38.794+0000] {dag.py:3508} INFO - Setting next_dagrun for example_xcom_args_with_operators to None, run_after=None
[2023-08-02T10:45:38.808+0000] {processor.py:179} INFO - Processing /home/airflow/.local/lib/python3.7/site-packages/airflow/example_dags/example_xcomargs.py took 0.081 seconds
[2023-08-02T10:46:08.990+0000] {processor.py:157} INFO - Started process (PID=1058) to work on /home/airflow/.local/lib/python3.7/site-packages/airflow/example_dags/example_xcomargs.py
[2023-08-02T10:46:08.992+0000] {processor.py:826} INFO - Processing file /home/airflow/.local/lib/python3.7/site-packages/airflow/example_dags/example_xcomargs.py for tasks to queue
[2023-08-02T10:46:08.993+0000] {logging_mixin.py:150} INFO - [2023-08-02T10:46:08.993+0000] {dagbag.py:541} INFO - Filling up the DagBag from /home/airflow/.local/lib/python3.7/site-packages/airflow/example_dags/example_xcomargs.py
[2023-08-02T10:46:09.001+0000] {processor.py:836} INFO - DAG(s) dict_keys(['example_xcom_args_with_operators', 'example_xcom_args']) retrieved from /home/airflow/.local/lib/python3.7/site-packages/airflow/example_dags/example_xcomargs.py
[2023-08-02T10:46:09.036+0000] {logging_mixin.py:150} INFO - [2023-08-02T10:46:09.035+0000] {dag.py:2742} INFO - Sync 2 DAGs
[2023-08-02T10:46:09.058+0000] {logging_mixin.py:150} INFO - [2023-08-02T10:46:09.058+0000] {dag.py:3508} INFO - Setting next_dagrun for example_xcom_args to None, run_after=None
[2023-08-02T10:46:09.065+0000] {logging_mixin.py:150} INFO - [2023-08-02T10:46:09.065+0000] {dag.py:3508} INFO - Setting next_dagrun for example_xcom_args_with_operators to None, run_after=None
[2023-08-02T10:46:09.080+0000] {processor.py:179} INFO - Processing /home/airflow/.local/lib/python3.7/site-packages/airflow/example_dags/example_xcomargs.py took 0.094 seconds
[2023-08-02T10:46:39.518+0000] {processor.py:157} INFO - Started process (PID=1115) to work on /home/airflow/.local/lib/python3.7/site-packages/airflow/example_dags/example_xcomargs.py
[2023-08-02T10:46:39.520+0000] {processor.py:826} INFO - Processing file /home/airflow/.local/lib/python3.7/site-packages/airflow/example_dags/example_xcomargs.py for tasks to queue
[2023-08-02T10:46:39.533+0000] {logging_mixin.py:150} INFO - [2023-08-02T10:46:39.532+0000] {dagbag.py:541} INFO - Filling up the DagBag from /home/airflow/.local/lib/python3.7/site-packages/airflow/example_dags/example_xcomargs.py
[2023-08-02T10:46:39.540+0000] {processor.py:836} INFO - DAG(s) dict_keys(['example_xcom_args_with_operators', 'example_xcom_args']) retrieved from /home/airflow/.local/lib/python3.7/site-packages/airflow/example_dags/example_xcomargs.py
[2023-08-02T10:46:39.567+0000] {logging_mixin.py:150} INFO - [2023-08-02T10:46:39.567+0000] {dag.py:2742} INFO - Sync 2 DAGs
[2023-08-02T10:46:39.588+0000] {logging_mixin.py:150} INFO - [2023-08-02T10:46:39.588+0000] {dag.py:3508} INFO - Setting next_dagrun for example_xcom_args to None, run_after=None
[2023-08-02T10:46:39.591+0000] {logging_mixin.py:150} INFO - [2023-08-02T10:46:39.591+0000] {dag.py:3508} INFO - Setting next_dagrun for example_xcom_args_with_operators to None, run_after=None
[2023-08-02T10:46:39.603+0000] {processor.py:179} INFO - Processing /home/airflow/.local/lib/python3.7/site-packages/airflow/example_dags/example_xcomargs.py took 0.088 seconds
[2023-08-02T10:47:10.197+0000] {processor.py:157} INFO - Started process (PID=1172) to work on /home/airflow/.local/lib/python3.7/site-packages/airflow/example_dags/example_xcomargs.py
[2023-08-02T10:47:10.199+0000] {processor.py:826} INFO - Processing file /home/airflow/.local/lib/python3.7/site-packages/airflow/example_dags/example_xcomargs.py for tasks to queue
[2023-08-02T10:47:10.201+0000] {logging_mixin.py:150} INFO - [2023-08-02T10:47:10.201+0000] {dagbag.py:541} INFO - Filling up the DagBag from /home/airflow/.local/lib/python3.7/site-packages/airflow/example_dags/example_xcomargs.py
[2023-08-02T10:47:10.208+0000] {processor.py:836} INFO - DAG(s) dict_keys(['example_xcom_args_with_operators', 'example_xcom_args']) retrieved from /home/airflow/.local/lib/python3.7/site-packages/airflow/example_dags/example_xcomargs.py
[2023-08-02T10:47:10.235+0000] {logging_mixin.py:150} INFO - [2023-08-02T10:47:10.235+0000] {dag.py:2742} INFO - Sync 2 DAGs
[2023-08-02T10:47:10.255+0000] {logging_mixin.py:150} INFO - [2023-08-02T10:47:10.255+0000] {dag.py:3508} INFO - Setting next_dagrun for example_xcom_args to None, run_after=None
[2023-08-02T10:47:10.264+0000] {logging_mixin.py:150} INFO - [2023-08-02T10:47:10.263+0000] {dag.py:3508} INFO - Setting next_dagrun for example_xcom_args_with_operators to None, run_after=None
[2023-08-02T10:47:10.275+0000] {processor.py:179} INFO - Processing /home/airflow/.local/lib/python3.7/site-packages/airflow/example_dags/example_xcomargs.py took 0.082 seconds
[2023-08-02T10:47:40.479+0000] {processor.py:157} INFO - Started process (PID=1229) to work on /home/airflow/.local/lib/python3.7/site-packages/airflow/example_dags/example_xcomargs.py
[2023-08-02T10:47:40.481+0000] {processor.py:826} INFO - Processing file /home/airflow/.local/lib/python3.7/site-packages/airflow/example_dags/example_xcomargs.py for tasks to queue
[2023-08-02T10:47:40.483+0000] {logging_mixin.py:150} INFO - [2023-08-02T10:47:40.482+0000] {dagbag.py:541} INFO - Filling up the DagBag from /home/airflow/.local/lib/python3.7/site-packages/airflow/example_dags/example_xcomargs.py
[2023-08-02T10:47:40.491+0000] {processor.py:836} INFO - DAG(s) dict_keys(['example_xcom_args', 'example_xcom_args_with_operators']) retrieved from /home/airflow/.local/lib/python3.7/site-packages/airflow/example_dags/example_xcomargs.py
[2023-08-02T10:47:40.523+0000] {logging_mixin.py:150} INFO - [2023-08-02T10:47:40.523+0000] {dag.py:2742} INFO - Sync 2 DAGs
[2023-08-02T10:47:40.562+0000] {logging_mixin.py:150} INFO - [2023-08-02T10:47:40.562+0000] {dag.py:3508} INFO - Setting next_dagrun for example_xcom_args to None, run_after=None
[2023-08-02T10:47:40.567+0000] {logging_mixin.py:150} INFO - [2023-08-02T10:47:40.567+0000] {dag.py:3508} INFO - Setting next_dagrun for example_xcom_args_with_operators to None, run_after=None
[2023-08-02T10:47:40.581+0000] {processor.py:179} INFO - Processing /home/airflow/.local/lib/python3.7/site-packages/airflow/example_dags/example_xcomargs.py took 0.106 seconds
[2023-08-02T10:48:10.856+0000] {processor.py:157} INFO - Started process (PID=1286) to work on /home/airflow/.local/lib/python3.7/site-packages/airflow/example_dags/example_xcomargs.py
[2023-08-02T10:48:10.858+0000] {processor.py:826} INFO - Processing file /home/airflow/.local/lib/python3.7/site-packages/airflow/example_dags/example_xcomargs.py for tasks to queue
[2023-08-02T10:48:10.860+0000] {logging_mixin.py:150} INFO - [2023-08-02T10:48:10.859+0000] {dagbag.py:541} INFO - Filling up the DagBag from /home/airflow/.local/lib/python3.7/site-packages/airflow/example_dags/example_xcomargs.py
[2023-08-02T10:48:10.866+0000] {processor.py:836} INFO - DAG(s) dict_keys(['example_xcom_args', 'example_xcom_args_with_operators']) retrieved from /home/airflow/.local/lib/python3.7/site-packages/airflow/example_dags/example_xcomargs.py
[2023-08-02T10:48:10.893+0000] {logging_mixin.py:150} INFO - [2023-08-02T10:48:10.893+0000] {dag.py:2742} INFO - Sync 2 DAGs
[2023-08-02T10:48:10.925+0000] {logging_mixin.py:150} INFO - [2023-08-02T10:48:10.925+0000] {dag.py:3508} INFO - Setting next_dagrun for example_xcom_args to None, run_after=None
[2023-08-02T10:48:10.932+0000] {logging_mixin.py:150} INFO - [2023-08-02T10:48:10.932+0000] {dag.py:3508} INFO - Setting next_dagrun for example_xcom_args_with_operators to None, run_after=None
[2023-08-02T10:48:10.944+0000] {processor.py:179} INFO - Processing /home/airflow/.local/lib/python3.7/site-packages/airflow/example_dags/example_xcomargs.py took 0.091 seconds
[2023-08-02T10:48:41.116+0000] {processor.py:157} INFO - Started process (PID=1343) to work on /home/airflow/.local/lib/python3.7/site-packages/airflow/example_dags/example_xcomargs.py
[2023-08-02T10:48:41.118+0000] {processor.py:826} INFO - Processing file /home/airflow/.local/lib/python3.7/site-packages/airflow/example_dags/example_xcomargs.py for tasks to queue
[2023-08-02T10:48:41.120+0000] {logging_mixin.py:150} INFO - [2023-08-02T10:48:41.119+0000] {dagbag.py:541} INFO - Filling up the DagBag from /home/airflow/.local/lib/python3.7/site-packages/airflow/example_dags/example_xcomargs.py
[2023-08-02T10:48:41.126+0000] {processor.py:836} INFO - DAG(s) dict_keys(['example_xcom_args', 'example_xcom_args_with_operators']) retrieved from /home/airflow/.local/lib/python3.7/site-packages/airflow/example_dags/example_xcomargs.py
[2023-08-02T10:48:41.153+0000] {logging_mixin.py:150} INFO - [2023-08-02T10:48:41.152+0000] {dag.py:2742} INFO - Sync 2 DAGs
[2023-08-02T10:48:41.179+0000] {logging_mixin.py:150} INFO - [2023-08-02T10:48:41.179+0000] {dag.py:3508} INFO - Setting next_dagrun for example_xcom_args to None, run_after=None
[2023-08-02T10:48:41.182+0000] {logging_mixin.py:150} INFO - [2023-08-02T10:48:41.182+0000] {dag.py:3508} INFO - Setting next_dagrun for example_xcom_args_with_operators to None, run_after=None
[2023-08-02T10:48:41.194+0000] {processor.py:179} INFO - Processing /home/airflow/.local/lib/python3.7/site-packages/airflow/example_dags/example_xcomargs.py took 0.080 seconds
[2023-08-02T10:49:11.463+0000] {processor.py:157} INFO - Started process (PID=1400) to work on /home/airflow/.local/lib/python3.7/site-packages/airflow/example_dags/example_xcomargs.py
[2023-08-02T10:49:11.465+0000] {processor.py:826} INFO - Processing file /home/airflow/.local/lib/python3.7/site-packages/airflow/example_dags/example_xcomargs.py for tasks to queue
[2023-08-02T10:49:11.466+0000] {logging_mixin.py:150} INFO - [2023-08-02T10:49:11.465+0000] {dagbag.py:541} INFO - Filling up the DagBag from /home/airflow/.local/lib/python3.7/site-packages/airflow/example_dags/example_xcomargs.py
[2023-08-02T10:49:11.473+0000] {processor.py:836} INFO - DAG(s) dict_keys(['example_xcom_args', 'example_xcom_args_with_operators']) retrieved from /home/airflow/.local/lib/python3.7/site-packages/airflow/example_dags/example_xcomargs.py
[2023-08-02T10:49:11.498+0000] {logging_mixin.py:150} INFO - [2023-08-02T10:49:11.498+0000] {dag.py:2742} INFO - Sync 2 DAGs
[2023-08-02T10:49:11.522+0000] {logging_mixin.py:150} INFO - [2023-08-02T10:49:11.522+0000] {dag.py:3508} INFO - Setting next_dagrun for example_xcom_args to None, run_after=None
[2023-08-02T10:49:11.528+0000] {logging_mixin.py:150} INFO - [2023-08-02T10:49:11.528+0000] {dag.py:3508} INFO - Setting next_dagrun for example_xcom_args_with_operators to None, run_after=None
[2023-08-02T10:49:11.539+0000] {processor.py:179} INFO - Processing /home/airflow/.local/lib/python3.7/site-packages/airflow/example_dags/example_xcomargs.py took 0.080 seconds
[2023-08-02T10:49:41.781+0000] {processor.py:157} INFO - Started process (PID=1457) to work on /home/airflow/.local/lib/python3.7/site-packages/airflow/example_dags/example_xcomargs.py
[2023-08-02T10:49:41.783+0000] {processor.py:826} INFO - Processing file /home/airflow/.local/lib/python3.7/site-packages/airflow/example_dags/example_xcomargs.py for tasks to queue
[2023-08-02T10:49:41.785+0000] {logging_mixin.py:150} INFO - [2023-08-02T10:49:41.784+0000] {dagbag.py:541} INFO - Filling up the DagBag from /home/airflow/.local/lib/python3.7/site-packages/airflow/example_dags/example_xcomargs.py
[2023-08-02T10:49:41.792+0000] {processor.py:836} INFO - DAG(s) dict_keys(['example_xcom_args', 'example_xcom_args_with_operators']) retrieved from /home/airflow/.local/lib/python3.7/site-packages/airflow/example_dags/example_xcomargs.py
[2023-08-02T10:49:41.820+0000] {logging_mixin.py:150} INFO - [2023-08-02T10:49:41.820+0000] {dag.py:2742} INFO - Sync 2 DAGs
[2023-08-02T10:49:41.837+0000] {logging_mixin.py:150} INFO - [2023-08-02T10:49:41.837+0000] {dag.py:3508} INFO - Setting next_dagrun for example_xcom_args to None, run_after=None
[2023-08-02T10:49:41.846+0000] {logging_mixin.py:150} INFO - [2023-08-02T10:49:41.846+0000] {dag.py:3508} INFO - Setting next_dagrun for example_xcom_args_with_operators to None, run_after=None
[2023-08-02T10:49:41.857+0000] {processor.py:179} INFO - Processing /home/airflow/.local/lib/python3.7/site-packages/airflow/example_dags/example_xcomargs.py took 0.082 seconds
[2023-08-02T10:50:12.087+0000] {processor.py:157} INFO - Started process (PID=1514) to work on /home/airflow/.local/lib/python3.7/site-packages/airflow/example_dags/example_xcomargs.py
[2023-08-02T10:50:12.089+0000] {processor.py:826} INFO - Processing file /home/airflow/.local/lib/python3.7/site-packages/airflow/example_dags/example_xcomargs.py for tasks to queue
[2023-08-02T10:50:12.091+0000] {logging_mixin.py:150} INFO - [2023-08-02T10:50:12.091+0000] {dagbag.py:541} INFO - Filling up the DagBag from /home/airflow/.local/lib/python3.7/site-packages/airflow/example_dags/example_xcomargs.py
[2023-08-02T10:50:12.098+0000] {processor.py:836} INFO - DAG(s) dict_keys(['example_xcom_args', 'example_xcom_args_with_operators']) retrieved from /home/airflow/.local/lib/python3.7/site-packages/airflow/example_dags/example_xcomargs.py
[2023-08-02T10:50:12.125+0000] {logging_mixin.py:150} INFO - [2023-08-02T10:50:12.124+0000] {dag.py:2742} INFO - Sync 2 DAGs
[2023-08-02T10:50:12.145+0000] {logging_mixin.py:150} INFO - [2023-08-02T10:50:12.145+0000] {dag.py:3508} INFO - Setting next_dagrun for example_xcom_args to None, run_after=None
[2023-08-02T10:50:12.150+0000] {logging_mixin.py:150} INFO - [2023-08-02T10:50:12.150+0000] {dag.py:3508} INFO - Setting next_dagrun for example_xcom_args_with_operators to None, run_after=None
[2023-08-02T10:50:12.166+0000] {processor.py:179} INFO - Processing /home/airflow/.local/lib/python3.7/site-packages/airflow/example_dags/example_xcomargs.py took 0.082 seconds
[2023-08-02T10:50:42.666+0000] {processor.py:157} INFO - Started process (PID=1571) to work on /home/airflow/.local/lib/python3.7/site-packages/airflow/example_dags/example_xcomargs.py
[2023-08-02T10:50:42.669+0000] {processor.py:826} INFO - Processing file /home/airflow/.local/lib/python3.7/site-packages/airflow/example_dags/example_xcomargs.py for tasks to queue
[2023-08-02T10:50:42.672+0000] {logging_mixin.py:150} INFO - [2023-08-02T10:50:42.672+0000] {dagbag.py:541} INFO - Filling up the DagBag from /home/airflow/.local/lib/python3.7/site-packages/airflow/example_dags/example_xcomargs.py
[2023-08-02T10:50:42.680+0000] {processor.py:836} INFO - DAG(s) dict_keys(['example_xcom_args_with_operators', 'example_xcom_args']) retrieved from /home/airflow/.local/lib/python3.7/site-packages/airflow/example_dags/example_xcomargs.py
[2023-08-02T10:50:42.706+0000] {logging_mixin.py:150} INFO - [2023-08-02T10:50:42.706+0000] {dag.py:2742} INFO - Sync 2 DAGs
[2023-08-02T10:50:42.727+0000] {logging_mixin.py:150} INFO - [2023-08-02T10:50:42.726+0000] {dag.py:3508} INFO - Setting next_dagrun for example_xcom_args to None, run_after=None
[2023-08-02T10:50:42.730+0000] {logging_mixin.py:150} INFO - [2023-08-02T10:50:42.730+0000] {dag.py:3508} INFO - Setting next_dagrun for example_xcom_args_with_operators to None, run_after=None
[2023-08-02T10:50:42.741+0000] {processor.py:179} INFO - Processing /home/airflow/.local/lib/python3.7/site-packages/airflow/example_dags/example_xcomargs.py took 0.078 seconds
[2023-08-02T10:51:12.905+0000] {processor.py:157} INFO - Started process (PID=1628) to work on /home/airflow/.local/lib/python3.7/site-packages/airflow/example_dags/example_xcomargs.py
[2023-08-02T10:51:12.909+0000] {processor.py:826} INFO - Processing file /home/airflow/.local/lib/python3.7/site-packages/airflow/example_dags/example_xcomargs.py for tasks to queue
[2023-08-02T10:51:12.913+0000] {logging_mixin.py:150} INFO - [2023-08-02T10:51:12.913+0000] {dagbag.py:541} INFO - Filling up the DagBag from /home/airflow/.local/lib/python3.7/site-packages/airflow/example_dags/example_xcomargs.py
[2023-08-02T10:51:12.921+0000] {processor.py:836} INFO - DAG(s) dict_keys(['example_xcom_args_with_operators', 'example_xcom_args']) retrieved from /home/airflow/.local/lib/python3.7/site-packages/airflow/example_dags/example_xcomargs.py
[2023-08-02T10:51:12.956+0000] {logging_mixin.py:150} INFO - [2023-08-02T10:51:12.956+0000] {dag.py:2742} INFO - Sync 2 DAGs
[2023-08-02T10:51:12.975+0000] {logging_mixin.py:150} INFO - [2023-08-02T10:51:12.975+0000] {dag.py:3508} INFO - Setting next_dagrun for example_xcom_args to None, run_after=None
[2023-08-02T10:51:12.979+0000] {logging_mixin.py:150} INFO - [2023-08-02T10:51:12.979+0000] {dag.py:3508} INFO - Setting next_dagrun for example_xcom_args_with_operators to None, run_after=None
[2023-08-02T10:51:12.990+0000] {processor.py:179} INFO - Processing /home/airflow/.local/lib/python3.7/site-packages/airflow/example_dags/example_xcomargs.py took 0.088 seconds
[2023-08-02T10:51:43.370+0000] {processor.py:157} INFO - Started process (PID=1685) to work on /home/airflow/.local/lib/python3.7/site-packages/airflow/example_dags/example_xcomargs.py
[2023-08-02T10:51:43.372+0000] {processor.py:826} INFO - Processing file /home/airflow/.local/lib/python3.7/site-packages/airflow/example_dags/example_xcomargs.py for tasks to queue
[2023-08-02T10:51:43.375+0000] {logging_mixin.py:150} INFO - [2023-08-02T10:51:43.374+0000] {dagbag.py:541} INFO - Filling up the DagBag from /home/airflow/.local/lib/python3.7/site-packages/airflow/example_dags/example_xcomargs.py
[2023-08-02T10:51:43.382+0000] {processor.py:836} INFO - DAG(s) dict_keys(['example_xcom_args', 'example_xcom_args_with_operators']) retrieved from /home/airflow/.local/lib/python3.7/site-packages/airflow/example_dags/example_xcomargs.py
[2023-08-02T10:51:43.406+0000] {logging_mixin.py:150} INFO - [2023-08-02T10:51:43.406+0000] {dag.py:2742} INFO - Sync 2 DAGs
[2023-08-02T10:51:43.425+0000] {logging_mixin.py:150} INFO - [2023-08-02T10:51:43.425+0000] {dag.py:3508} INFO - Setting next_dagrun for example_xcom_args to None, run_after=None
[2023-08-02T10:51:43.428+0000] {logging_mixin.py:150} INFO - [2023-08-02T10:51:43.428+0000] {dag.py:3508} INFO - Setting next_dagrun for example_xcom_args_with_operators to None, run_after=None
[2023-08-02T10:51:43.444+0000] {processor.py:179} INFO - Processing /home/airflow/.local/lib/python3.7/site-packages/airflow/example_dags/example_xcomargs.py took 0.078 seconds
[2023-08-02T10:52:13.773+0000] {processor.py:157} INFO - Started process (PID=1742) to work on /home/airflow/.local/lib/python3.7/site-packages/airflow/example_dags/example_xcomargs.py
[2023-08-02T10:52:13.775+0000] {processor.py:826} INFO - Processing file /home/airflow/.local/lib/python3.7/site-packages/airflow/example_dags/example_xcomargs.py for tasks to queue
[2023-08-02T10:52:13.782+0000] {logging_mixin.py:150} INFO - [2023-08-02T10:52:13.782+0000] {dagbag.py:541} INFO - Filling up the DagBag from /home/airflow/.local/lib/python3.7/site-packages/airflow/example_dags/example_xcomargs.py
[2023-08-02T10:52:13.789+0000] {processor.py:836} INFO - DAG(s) dict_keys(['example_xcom_args', 'example_xcom_args_with_operators']) retrieved from /home/airflow/.local/lib/python3.7/site-packages/airflow/example_dags/example_xcomargs.py
[2023-08-02T10:52:13.817+0000] {logging_mixin.py:150} INFO - [2023-08-02T10:52:13.817+0000] {dag.py:2742} INFO - Sync 2 DAGs
[2023-08-02T10:52:13.838+0000] {logging_mixin.py:150} INFO - [2023-08-02T10:52:13.838+0000] {dag.py:3508} INFO - Setting next_dagrun for example_xcom_args to None, run_after=None
[2023-08-02T10:52:13.841+0000] {logging_mixin.py:150} INFO - [2023-08-02T10:52:13.841+0000] {dag.py:3508} INFO - Setting next_dagrun for example_xcom_args_with_operators to None, run_after=None
[2023-08-02T10:52:13.852+0000] {processor.py:179} INFO - Processing /home/airflow/.local/lib/python3.7/site-packages/airflow/example_dags/example_xcomargs.py took 0.082 seconds
[2023-08-02T10:52:43.911+0000] {processor.py:157} INFO - Started process (PID=1800) to work on /home/airflow/.local/lib/python3.7/site-packages/airflow/example_dags/example_xcomargs.py
[2023-08-02T10:52:43.913+0000] {processor.py:826} INFO - Processing file /home/airflow/.local/lib/python3.7/site-packages/airflow/example_dags/example_xcomargs.py for tasks to queue
[2023-08-02T10:52:43.916+0000] {logging_mixin.py:150} INFO - [2023-08-02T10:52:43.916+0000] {dagbag.py:541} INFO - Filling up the DagBag from /home/airflow/.local/lib/python3.7/site-packages/airflow/example_dags/example_xcomargs.py
[2023-08-02T10:52:43.923+0000] {processor.py:836} INFO - DAG(s) dict_keys(['example_xcom_args_with_operators', 'example_xcom_args']) retrieved from /home/airflow/.local/lib/python3.7/site-packages/airflow/example_dags/example_xcomargs.py
[2023-08-02T10:52:43.948+0000] {logging_mixin.py:150} INFO - [2023-08-02T10:52:43.948+0000] {dag.py:2742} INFO - Sync 2 DAGs
[2023-08-02T10:52:43.968+0000] {logging_mixin.py:150} INFO - [2023-08-02T10:52:43.967+0000] {dag.py:3508} INFO - Setting next_dagrun for example_xcom_args to None, run_after=None
[2023-08-02T10:52:43.971+0000] {logging_mixin.py:150} INFO - [2023-08-02T10:52:43.971+0000] {dag.py:3508} INFO - Setting next_dagrun for example_xcom_args_with_operators to None, run_after=None
[2023-08-02T10:52:43.982+0000] {processor.py:179} INFO - Processing /home/airflow/.local/lib/python3.7/site-packages/airflow/example_dags/example_xcomargs.py took 0.075 seconds
[2023-08-02T10:53:14.194+0000] {processor.py:157} INFO - Started process (PID=1857) to work on /home/airflow/.local/lib/python3.7/site-packages/airflow/example_dags/example_xcomargs.py
[2023-08-02T10:53:14.196+0000] {processor.py:826} INFO - Processing file /home/airflow/.local/lib/python3.7/site-packages/airflow/example_dags/example_xcomargs.py for tasks to queue
[2023-08-02T10:53:14.197+0000] {logging_mixin.py:150} INFO - [2023-08-02T10:53:14.197+0000] {dagbag.py:541} INFO - Filling up the DagBag from /home/airflow/.local/lib/python3.7/site-packages/airflow/example_dags/example_xcomargs.py
[2023-08-02T10:53:14.205+0000] {processor.py:836} INFO - DAG(s) dict_keys(['example_xcom_args', 'example_xcom_args_with_operators']) retrieved from /home/airflow/.local/lib/python3.7/site-packages/airflow/example_dags/example_xcomargs.py
[2023-08-02T10:53:14.234+0000] {logging_mixin.py:150} INFO - [2023-08-02T10:53:14.234+0000] {dag.py:2742} INFO - Sync 2 DAGs
[2023-08-02T10:53:14.252+0000] {logging_mixin.py:150} INFO - [2023-08-02T10:53:14.252+0000] {dag.py:3508} INFO - Setting next_dagrun for example_xcom_args to None, run_after=None
[2023-08-02T10:53:14.256+0000] {logging_mixin.py:150} INFO - [2023-08-02T10:53:14.256+0000] {dag.py:3508} INFO - Setting next_dagrun for example_xcom_args_with_operators to None, run_after=None
[2023-08-02T10:53:14.267+0000] {processor.py:179} INFO - Processing /home/airflow/.local/lib/python3.7/site-packages/airflow/example_dags/example_xcomargs.py took 0.077 seconds
[2023-08-02T10:53:44.580+0000] {processor.py:157} INFO - Started process (PID=1914) to work on /home/airflow/.local/lib/python3.7/site-packages/airflow/example_dags/example_xcomargs.py
[2023-08-02T10:53:44.581+0000] {processor.py:826} INFO - Processing file /home/airflow/.local/lib/python3.7/site-packages/airflow/example_dags/example_xcomargs.py for tasks to queue
[2023-08-02T10:53:44.583+0000] {logging_mixin.py:150} INFO - [2023-08-02T10:53:44.583+0000] {dagbag.py:541} INFO - Filling up the DagBag from /home/airflow/.local/lib/python3.7/site-packages/airflow/example_dags/example_xcomargs.py
[2023-08-02T10:53:44.591+0000] {processor.py:836} INFO - DAG(s) dict_keys(['example_xcom_args', 'example_xcom_args_with_operators']) retrieved from /home/airflow/.local/lib/python3.7/site-packages/airflow/example_dags/example_xcomargs.py
[2023-08-02T10:53:44.617+0000] {logging_mixin.py:150} INFO - [2023-08-02T10:53:44.616+0000] {dag.py:2742} INFO - Sync 2 DAGs
[2023-08-02T10:53:44.634+0000] {logging_mixin.py:150} INFO - [2023-08-02T10:53:44.634+0000] {dag.py:3508} INFO - Setting next_dagrun for example_xcom_args to None, run_after=None
[2023-08-02T10:53:44.637+0000] {logging_mixin.py:150} INFO - [2023-08-02T10:53:44.637+0000] {dag.py:3508} INFO - Setting next_dagrun for example_xcom_args_with_operators to None, run_after=None
[2023-08-02T10:53:44.649+0000] {processor.py:179} INFO - Processing /home/airflow/.local/lib/python3.7/site-packages/airflow/example_dags/example_xcomargs.py took 0.072 seconds
[2023-08-02T10:54:14.793+0000] {processor.py:157} INFO - Started process (PID=1972) to work on /home/airflow/.local/lib/python3.7/site-packages/airflow/example_dags/example_xcomargs.py
[2023-08-02T10:54:14.805+0000] {processor.py:826} INFO - Processing file /home/airflow/.local/lib/python3.7/site-packages/airflow/example_dags/example_xcomargs.py for tasks to queue
[2023-08-02T10:54:14.806+0000] {logging_mixin.py:150} INFO - [2023-08-02T10:54:14.806+0000] {dagbag.py:541} INFO - Filling up the DagBag from /home/airflow/.local/lib/python3.7/site-packages/airflow/example_dags/example_xcomargs.py
[2023-08-02T10:54:14.814+0000] {processor.py:836} INFO - DAG(s) dict_keys(['example_xcom_args_with_operators', 'example_xcom_args']) retrieved from /home/airflow/.local/lib/python3.7/site-packages/airflow/example_dags/example_xcomargs.py
[2023-08-02T10:54:14.842+0000] {logging_mixin.py:150} INFO - [2023-08-02T10:54:14.842+0000] {dag.py:2742} INFO - Sync 2 DAGs
[2023-08-02T10:54:14.871+0000] {logging_mixin.py:150} INFO - [2023-08-02T10:54:14.870+0000] {dag.py:3508} INFO - Setting next_dagrun for example_xcom_args to None, run_after=None
[2023-08-02T10:54:14.874+0000] {logging_mixin.py:150} INFO - [2023-08-02T10:54:14.873+0000] {dag.py:3508} INFO - Setting next_dagrun for example_xcom_args_with_operators to None, run_after=None
[2023-08-02T10:54:14.886+0000] {processor.py:179} INFO - Processing /home/airflow/.local/lib/python3.7/site-packages/airflow/example_dags/example_xcomargs.py took 0.096 seconds
[2023-08-02T10:54:45.096+0000] {processor.py:157} INFO - Started process (PID=2030) to work on /home/airflow/.local/lib/python3.7/site-packages/airflow/example_dags/example_xcomargs.py
[2023-08-02T10:54:45.098+0000] {processor.py:826} INFO - Processing file /home/airflow/.local/lib/python3.7/site-packages/airflow/example_dags/example_xcomargs.py for tasks to queue
[2023-08-02T10:54:45.100+0000] {logging_mixin.py:150} INFO - [2023-08-02T10:54:45.100+0000] {dagbag.py:541} INFO - Filling up the DagBag from /home/airflow/.local/lib/python3.7/site-packages/airflow/example_dags/example_xcomargs.py
[2023-08-02T10:54:45.107+0000] {processor.py:836} INFO - DAG(s) dict_keys(['example_xcom_args', 'example_xcom_args_with_operators']) retrieved from /home/airflow/.local/lib/python3.7/site-packages/airflow/example_dags/example_xcomargs.py
[2023-08-02T10:54:45.131+0000] {logging_mixin.py:150} INFO - [2023-08-02T10:54:45.131+0000] {dag.py:2742} INFO - Sync 2 DAGs
[2023-08-02T10:54:45.151+0000] {logging_mixin.py:150} INFO - [2023-08-02T10:54:45.151+0000] {dag.py:3508} INFO - Setting next_dagrun for example_xcom_args to None, run_after=None
[2023-08-02T10:54:45.209+0000] {logging_mixin.py:150} INFO - [2023-08-02T10:54:45.209+0000] {dag.py:3508} INFO - Setting next_dagrun for example_xcom_args_with_operators to None, run_after=None
[2023-08-02T10:54:45.221+0000] {processor.py:179} INFO - Processing /home/airflow/.local/lib/python3.7/site-packages/airflow/example_dags/example_xcomargs.py took 0.128 seconds
[2023-08-02T10:55:15.472+0000] {processor.py:157} INFO - Started process (PID=2087) to work on /home/airflow/.local/lib/python3.7/site-packages/airflow/example_dags/example_xcomargs.py
[2023-08-02T10:55:15.476+0000] {processor.py:826} INFO - Processing file /home/airflow/.local/lib/python3.7/site-packages/airflow/example_dags/example_xcomargs.py for tasks to queue
[2023-08-02T10:55:15.478+0000] {logging_mixin.py:150} INFO - [2023-08-02T10:55:15.478+0000] {dagbag.py:541} INFO - Filling up the DagBag from /home/airflow/.local/lib/python3.7/site-packages/airflow/example_dags/example_xcomargs.py
[2023-08-02T10:55:15.488+0000] {processor.py:836} INFO - DAG(s) dict_keys(['example_xcom_args_with_operators', 'example_xcom_args']) retrieved from /home/airflow/.local/lib/python3.7/site-packages/airflow/example_dags/example_xcomargs.py
[2023-08-02T10:55:15.533+0000] {logging_mixin.py:150} INFO - [2023-08-02T10:55:15.533+0000] {dag.py:2742} INFO - Sync 2 DAGs
[2023-08-02T10:55:15.561+0000] {logging_mixin.py:150} INFO - [2023-08-02T10:55:15.561+0000] {dag.py:3508} INFO - Setting next_dagrun for example_xcom_args to None, run_after=None
[2023-08-02T10:55:15.567+0000] {logging_mixin.py:150} INFO - [2023-08-02T10:55:15.567+0000] {dag.py:3508} INFO - Setting next_dagrun for example_xcom_args_with_operators to None, run_after=None
[2023-08-02T10:55:15.592+0000] {processor.py:179} INFO - Processing /home/airflow/.local/lib/python3.7/site-packages/airflow/example_dags/example_xcomargs.py took 0.123 seconds
[2023-08-02T12:19:16.636+0000] {processor.py:157} INFO - Started process (PID=2144) to work on /home/airflow/.local/lib/python3.7/site-packages/airflow/example_dags/example_xcomargs.py
[2023-08-02T12:19:16.643+0000] {processor.py:826} INFO - Processing file /home/airflow/.local/lib/python3.7/site-packages/airflow/example_dags/example_xcomargs.py for tasks to queue
[2023-08-02T12:19:16.646+0000] {logging_mixin.py:150} INFO - [2023-08-02T12:19:16.645+0000] {dagbag.py:541} INFO - Filling up the DagBag from /home/airflow/.local/lib/python3.7/site-packages/airflow/example_dags/example_xcomargs.py
[2023-08-02T12:19:16.663+0000] {processor.py:836} INFO - DAG(s) dict_keys(['example_xcom_args', 'example_xcom_args_with_operators']) retrieved from /home/airflow/.local/lib/python3.7/site-packages/airflow/example_dags/example_xcomargs.py
[2023-08-02T12:19:16.757+0000] {logging_mixin.py:150} INFO - [2023-08-02T12:19:16.757+0000] {dag.py:2742} INFO - Sync 2 DAGs
[2023-08-02T12:19:16.838+0000] {logging_mixin.py:150} INFO - [2023-08-02T12:19:16.838+0000] {dag.py:3508} INFO - Setting next_dagrun for example_xcom_args to None, run_after=None
[2023-08-02T12:19:16.847+0000] {logging_mixin.py:150} INFO - [2023-08-02T12:19:16.847+0000] {dag.py:3508} INFO - Setting next_dagrun for example_xcom_args_with_operators to None, run_after=None
[2023-08-02T12:19:16.888+0000] {processor.py:179} INFO - Processing /home/airflow/.local/lib/python3.7/site-packages/airflow/example_dags/example_xcomargs.py took 0.274 seconds
[2023-08-02T13:26:10.670+0000] {processor.py:157} INFO - Started process (PID=2201) to work on /home/airflow/.local/lib/python3.7/site-packages/airflow/example_dags/example_xcomargs.py
[2023-08-02T13:26:10.676+0000] {processor.py:826} INFO - Processing file /home/airflow/.local/lib/python3.7/site-packages/airflow/example_dags/example_xcomargs.py for tasks to queue
[2023-08-02T13:26:10.680+0000] {logging_mixin.py:150} INFO - [2023-08-02T13:26:10.679+0000] {dagbag.py:541} INFO - Filling up the DagBag from /home/airflow/.local/lib/python3.7/site-packages/airflow/example_dags/example_xcomargs.py
[2023-08-02T13:26:10.712+0000] {processor.py:836} INFO - DAG(s) dict_keys(['example_xcom_args_with_operators', 'example_xcom_args']) retrieved from /home/airflow/.local/lib/python3.7/site-packages/airflow/example_dags/example_xcomargs.py
[2023-08-02T13:26:10.798+0000] {logging_mixin.py:150} INFO - [2023-08-02T13:26:10.797+0000] {dag.py:2742} INFO - Sync 2 DAGs
[2023-08-02T13:26:10.854+0000] {logging_mixin.py:150} INFO - [2023-08-02T13:26:10.854+0000] {dag.py:3508} INFO - Setting next_dagrun for example_xcom_args to None, run_after=None
[2023-08-02T13:26:10.868+0000] {logging_mixin.py:150} INFO - [2023-08-02T13:26:10.868+0000] {dag.py:3508} INFO - Setting next_dagrun for example_xcom_args_with_operators to None, run_after=None
[2023-08-02T13:26:10.996+0000] {processor.py:179} INFO - Processing /home/airflow/.local/lib/python3.7/site-packages/airflow/example_dags/example_xcomargs.py took 0.339 seconds
[2023-08-02T14:49:09.431+0000] {processor.py:157} INFO - Started process (PID=2259) to work on /home/airflow/.local/lib/python3.7/site-packages/airflow/example_dags/example_xcomargs.py
[2023-08-02T14:49:09.434+0000] {processor.py:826} INFO - Processing file /home/airflow/.local/lib/python3.7/site-packages/airflow/example_dags/example_xcomargs.py for tasks to queue
[2023-08-02T14:49:09.437+0000] {logging_mixin.py:150} INFO - [2023-08-02T14:49:09.436+0000] {dagbag.py:541} INFO - Filling up the DagBag from /home/airflow/.local/lib/python3.7/site-packages/airflow/example_dags/example_xcomargs.py
[2023-08-02T14:49:09.464+0000] {processor.py:836} INFO - DAG(s) dict_keys(['example_xcom_args_with_operators', 'example_xcom_args']) retrieved from /home/airflow/.local/lib/python3.7/site-packages/airflow/example_dags/example_xcomargs.py
[2023-08-02T14:49:09.537+0000] {logging_mixin.py:150} INFO - [2023-08-02T14:49:09.537+0000] {dag.py:2742} INFO - Sync 2 DAGs
[2023-08-02T14:49:09.661+0000] {logging_mixin.py:150} INFO - [2023-08-02T14:49:09.661+0000] {dag.py:3508} INFO - Setting next_dagrun for example_xcom_args to None, run_after=None
[2023-08-02T14:49:09.669+0000] {logging_mixin.py:150} INFO - [2023-08-02T14:49:09.669+0000] {dag.py:3508} INFO - Setting next_dagrun for example_xcom_args_with_operators to None, run_after=None
[2023-08-02T14:49:09.758+0000] {processor.py:179} INFO - Processing /home/airflow/.local/lib/python3.7/site-packages/airflow/example_dags/example_xcomargs.py took 0.334 seconds
[2023-08-02T15:54:26.165+0000] {processor.py:157} INFO - Started process (PID=2315) to work on /home/airflow/.local/lib/python3.7/site-packages/airflow/example_dags/example_xcomargs.py
[2023-08-02T15:54:26.167+0000] {processor.py:826} INFO - Processing file /home/airflow/.local/lib/python3.7/site-packages/airflow/example_dags/example_xcomargs.py for tasks to queue
[2023-08-02T15:54:26.174+0000] {logging_mixin.py:150} INFO - [2023-08-02T15:54:26.174+0000] {dagbag.py:541} INFO - Filling up the DagBag from /home/airflow/.local/lib/python3.7/site-packages/airflow/example_dags/example_xcomargs.py
[2023-08-02T15:54:26.188+0000] {processor.py:836} INFO - DAG(s) dict_keys(['example_xcom_args', 'example_xcom_args_with_operators']) retrieved from /home/airflow/.local/lib/python3.7/site-packages/airflow/example_dags/example_xcomargs.py
[2023-08-02T15:54:26.245+0000] {logging_mixin.py:150} INFO - [2023-08-02T15:54:26.245+0000] {dag.py:2742} INFO - Sync 2 DAGs
[2023-08-02T15:54:26.264+0000] {logging_mixin.py:150} INFO - [2023-08-02T15:54:26.264+0000] {dag.py:3508} INFO - Setting next_dagrun for example_xcom_args to None, run_after=None
[2023-08-02T15:54:26.268+0000] {logging_mixin.py:150} INFO - [2023-08-02T15:54:26.268+0000] {dag.py:3508} INFO - Setting next_dagrun for example_xcom_args_with_operators to None, run_after=None
[2023-08-02T15:54:26.327+0000] {processor.py:179} INFO - Processing /home/airflow/.local/lib/python3.7/site-packages/airflow/example_dags/example_xcomargs.py took 0.166 seconds
[2023-08-02T16:26:50.459+0000] {processor.py:157} INFO - Started process (PID=2372) to work on /home/airflow/.local/lib/python3.7/site-packages/airflow/example_dags/example_xcomargs.py
[2023-08-02T16:26:50.463+0000] {processor.py:826} INFO - Processing file /home/airflow/.local/lib/python3.7/site-packages/airflow/example_dags/example_xcomargs.py for tasks to queue
[2023-08-02T16:26:50.466+0000] {logging_mixin.py:150} INFO - [2023-08-02T16:26:50.465+0000] {dagbag.py:541} INFO - Filling up the DagBag from /home/airflow/.local/lib/python3.7/site-packages/airflow/example_dags/example_xcomargs.py
[2023-08-02T16:26:50.506+0000] {processor.py:836} INFO - DAG(s) dict_keys(['example_xcom_args_with_operators', 'example_xcom_args']) retrieved from /home/airflow/.local/lib/python3.7/site-packages/airflow/example_dags/example_xcomargs.py
[2023-08-02T16:26:50.567+0000] {logging_mixin.py:150} INFO - [2023-08-02T16:26:50.567+0000] {dag.py:2742} INFO - Sync 2 DAGs
[2023-08-02T16:26:50.598+0000] {logging_mixin.py:150} INFO - [2023-08-02T16:26:50.598+0000] {dag.py:3508} INFO - Setting next_dagrun for example_xcom_args to None, run_after=None
[2023-08-02T16:26:50.607+0000] {logging_mixin.py:150} INFO - [2023-08-02T16:26:50.606+0000] {dag.py:3508} INFO - Setting next_dagrun for example_xcom_args_with_operators to None, run_after=None
[2023-08-02T16:26:50.619+0000] {processor.py:179} INFO - Processing /home/airflow/.local/lib/python3.7/site-packages/airflow/example_dags/example_xcomargs.py took 0.167 seconds
[2023-08-02T17:14:35.011+0000] {processor.py:157} INFO - Started process (PID=2430) to work on /home/airflow/.local/lib/python3.7/site-packages/airflow/example_dags/example_xcomargs.py
[2023-08-02T17:14:35.013+0000] {processor.py:826} INFO - Processing file /home/airflow/.local/lib/python3.7/site-packages/airflow/example_dags/example_xcomargs.py for tasks to queue
[2023-08-02T17:14:35.014+0000] {logging_mixin.py:150} INFO - [2023-08-02T17:14:35.014+0000] {dagbag.py:541} INFO - Filling up the DagBag from /home/airflow/.local/lib/python3.7/site-packages/airflow/example_dags/example_xcomargs.py
[2023-08-02T17:14:35.023+0000] {processor.py:836} INFO - DAG(s) dict_keys(['example_xcom_args_with_operators', 'example_xcom_args']) retrieved from /home/airflow/.local/lib/python3.7/site-packages/airflow/example_dags/example_xcomargs.py
[2023-08-02T17:14:35.050+0000] {logging_mixin.py:150} INFO - [2023-08-02T17:14:35.050+0000] {dag.py:2742} INFO - Sync 2 DAGs
[2023-08-02T17:14:35.073+0000] {logging_mixin.py:150} INFO - [2023-08-02T17:14:35.073+0000] {dag.py:3508} INFO - Setting next_dagrun for example_xcom_args to None, run_after=None
[2023-08-02T17:14:35.077+0000] {logging_mixin.py:150} INFO - [2023-08-02T17:14:35.077+0000] {dag.py:3508} INFO - Setting next_dagrun for example_xcom_args_with_operators to None, run_after=None
[2023-08-02T17:14:35.098+0000] {processor.py:179} INFO - Processing /home/airflow/.local/lib/python3.7/site-packages/airflow/example_dags/example_xcomargs.py took 0.090 seconds
[2023-08-02T18:59:08.545+0000] {processor.py:157} INFO - Started process (PID=2487) to work on /home/airflow/.local/lib/python3.7/site-packages/airflow/example_dags/example_xcomargs.py
[2023-08-02T18:59:08.551+0000] {processor.py:826} INFO - Processing file /home/airflow/.local/lib/python3.7/site-packages/airflow/example_dags/example_xcomargs.py for tasks to queue
[2023-08-02T18:59:08.556+0000] {logging_mixin.py:150} INFO - [2023-08-02T18:59:08.555+0000] {dagbag.py:541} INFO - Filling up the DagBag from /home/airflow/.local/lib/python3.7/site-packages/airflow/example_dags/example_xcomargs.py
[2023-08-02T18:59:08.583+0000] {processor.py:836} INFO - DAG(s) dict_keys(['example_xcom_args_with_operators', 'example_xcom_args']) retrieved from /home/airflow/.local/lib/python3.7/site-packages/airflow/example_dags/example_xcomargs.py
[2023-08-02T18:59:08.660+0000] {logging_mixin.py:150} INFO - [2023-08-02T18:59:08.659+0000] {dag.py:2742} INFO - Sync 2 DAGs
[2023-08-02T18:59:08.717+0000] {logging_mixin.py:150} INFO - [2023-08-02T18:59:08.717+0000] {dag.py:3508} INFO - Setting next_dagrun for example_xcom_args to None, run_after=None
[2023-08-02T18:59:08.724+0000] {logging_mixin.py:150} INFO - [2023-08-02T18:59:08.723+0000] {dag.py:3508} INFO - Setting next_dagrun for example_xcom_args_with_operators to None, run_after=None
[2023-08-02T18:59:08.742+0000] {processor.py:179} INFO - Processing /home/airflow/.local/lib/python3.7/site-packages/airflow/example_dags/example_xcomargs.py took 0.201 seconds
[2023-08-02T20:21:31.223+0000] {processor.py:157} INFO - Started process (PID=2545) to work on /home/airflow/.local/lib/python3.7/site-packages/airflow/example_dags/example_xcomargs.py
[2023-08-02T20:21:31.226+0000] {processor.py:826} INFO - Processing file /home/airflow/.local/lib/python3.7/site-packages/airflow/example_dags/example_xcomargs.py for tasks to queue
[2023-08-02T20:21:31.227+0000] {logging_mixin.py:150} INFO - [2023-08-02T20:21:31.227+0000] {dagbag.py:541} INFO - Filling up the DagBag from /home/airflow/.local/lib/python3.7/site-packages/airflow/example_dags/example_xcomargs.py
[2023-08-02T20:21:31.239+0000] {processor.py:836} INFO - DAG(s) dict_keys(['example_xcom_args', 'example_xcom_args_with_operators']) retrieved from /home/airflow/.local/lib/python3.7/site-packages/airflow/example_dags/example_xcomargs.py
[2023-08-02T20:21:31.282+0000] {logging_mixin.py:150} INFO - [2023-08-02T20:21:31.282+0000] {dag.py:2742} INFO - Sync 2 DAGs
[2023-08-02T20:21:31.354+0000] {logging_mixin.py:150} INFO - [2023-08-02T20:21:31.354+0000] {dag.py:3508} INFO - Setting next_dagrun for example_xcom_args to None, run_after=None
[2023-08-02T20:21:31.358+0000] {logging_mixin.py:150} INFO - [2023-08-02T20:21:31.358+0000] {dag.py:3508} INFO - Setting next_dagrun for example_xcom_args_with_operators to None, run_after=None
[2023-08-02T20:21:31.371+0000] {processor.py:179} INFO - Processing /home/airflow/.local/lib/python3.7/site-packages/airflow/example_dags/example_xcomargs.py took 0.152 seconds
[2023-08-02T22:03:27.116+0000] {processor.py:157} INFO - Started process (PID=2602) to work on /home/airflow/.local/lib/python3.7/site-packages/airflow/example_dags/example_xcomargs.py
[2023-08-02T22:03:27.121+0000] {processor.py:826} INFO - Processing file /home/airflow/.local/lib/python3.7/site-packages/airflow/example_dags/example_xcomargs.py for tasks to queue
[2023-08-02T22:03:27.208+0000] {logging_mixin.py:150} INFO - [2023-08-02T22:03:27.207+0000] {dagbag.py:541} INFO - Filling up the DagBag from /home/airflow/.local/lib/python3.7/site-packages/airflow/example_dags/example_xcomargs.py
[2023-08-02T22:03:27.238+0000] {processor.py:836} INFO - DAG(s) dict_keys(['example_xcom_args', 'example_xcom_args_with_operators']) retrieved from /home/airflow/.local/lib/python3.7/site-packages/airflow/example_dags/example_xcomargs.py
[2023-08-02T22:03:27.317+0000] {logging_mixin.py:150} INFO - [2023-08-02T22:03:27.317+0000] {dag.py:2742} INFO - Sync 2 DAGs
[2023-08-02T22:03:27.393+0000] {logging_mixin.py:150} INFO - [2023-08-02T22:03:27.393+0000] {dag.py:3508} INFO - Setting next_dagrun for example_xcom_args to None, run_after=None
[2023-08-02T22:03:27.398+0000] {logging_mixin.py:150} INFO - [2023-08-02T22:03:27.398+0000] {dag.py:3508} INFO - Setting next_dagrun for example_xcom_args_with_operators to None, run_after=None
[2023-08-02T22:03:27.424+0000] {processor.py:179} INFO - Processing /home/airflow/.local/lib/python3.7/site-packages/airflow/example_dags/example_xcomargs.py took 0.319 seconds
[2023-08-02T23:27:13.293+0000] {processor.py:157} INFO - Started process (PID=2659) to work on /home/airflow/.local/lib/python3.7/site-packages/airflow/example_dags/example_xcomargs.py
[2023-08-02T23:27:13.297+0000] {processor.py:826} INFO - Processing file /home/airflow/.local/lib/python3.7/site-packages/airflow/example_dags/example_xcomargs.py for tasks to queue
[2023-08-02T23:27:13.315+0000] {logging_mixin.py:150} INFO - [2023-08-02T23:27:13.315+0000] {dagbag.py:541} INFO - Filling up the DagBag from /home/airflow/.local/lib/python3.7/site-packages/airflow/example_dags/example_xcomargs.py
[2023-08-02T23:27:13.345+0000] {processor.py:836} INFO - DAG(s) dict_keys(['example_xcom_args_with_operators', 'example_xcom_args']) retrieved from /home/airflow/.local/lib/python3.7/site-packages/airflow/example_dags/example_xcomargs.py
[2023-08-02T23:27:13.379+0000] {logging_mixin.py:150} INFO - [2023-08-02T23:27:13.379+0000] {dag.py:2742} INFO - Sync 2 DAGs
[2023-08-02T23:27:13.405+0000] {logging_mixin.py:150} INFO - [2023-08-02T23:27:13.405+0000] {dag.py:3508} INFO - Setting next_dagrun for example_xcom_args to None, run_after=None
[2023-08-02T23:27:13.410+0000] {logging_mixin.py:150} INFO - [2023-08-02T23:27:13.409+0000] {dag.py:3508} INFO - Setting next_dagrun for example_xcom_args_with_operators to None, run_after=None
[2023-08-02T23:27:13.422+0000] {processor.py:179} INFO - Processing /home/airflow/.local/lib/python3.7/site-packages/airflow/example_dags/example_xcomargs.py took 0.132 seconds
