[2023-08-02T10:37:05.313+0000] {processor.py:157} INFO - Started process (PID=66) to work on /home/airflow/.local/lib/python3.7/site-packages/airflow/example_dags/example_short_circuit_decorator.py
[2023-08-02T10:37:05.316+0000] {processor.py:826} INFO - Processing file /home/airflow/.local/lib/python3.7/site-packages/airflow/example_dags/example_short_circuit_decorator.py for tasks to queue
[2023-08-02T10:37:05.318+0000] {logging_mixin.py:150} INFO - [2023-08-02T10:37:05.317+0000] {dagbag.py:541} INFO - Filling up the DagBag from /home/airflow/.local/lib/python3.7/site-packages/airflow/example_dags/example_short_circuit_decorator.py
[2023-08-02T10:37:05.333+0000] {processor.py:836} INFO - DAG(s) dict_keys(['example_short_circuit_decorator']) retrieved from /home/airflow/.local/lib/python3.7/site-packages/airflow/example_dags/example_short_circuit_decorator.py
[2023-08-02T10:37:05.374+0000] {logging_mixin.py:150} INFO - [2023-08-02T10:37:05.374+0000] {dag.py:2742} INFO - Sync 1 DAGs
[2023-08-02T10:37:05.441+0000] {logging_mixin.py:150} INFO - [2023-08-02T10:37:05.441+0000] {dag.py:3508} INFO - Setting next_dagrun for example_short_circuit_decorator to 2023-08-01T10:37:05.440686+00:00, run_after=2023-08-02T10:37:05.440686+00:00
[2023-08-02T10:37:05.471+0000] {processor.py:179} INFO - Processing /home/airflow/.local/lib/python3.7/site-packages/airflow/example_dags/example_short_circuit_decorator.py took 0.161 seconds
[2023-08-02T10:37:36.033+0000] {processor.py:157} INFO - Started process (PID=123) to work on /home/airflow/.local/lib/python3.7/site-packages/airflow/example_dags/example_short_circuit_decorator.py
[2023-08-02T10:37:36.036+0000] {processor.py:826} INFO - Processing file /home/airflow/.local/lib/python3.7/site-packages/airflow/example_dags/example_short_circuit_decorator.py for tasks to queue
[2023-08-02T10:37:36.037+0000] {logging_mixin.py:150} INFO - [2023-08-02T10:37:36.037+0000] {dagbag.py:541} INFO - Filling up the DagBag from /home/airflow/.local/lib/python3.7/site-packages/airflow/example_dags/example_short_circuit_decorator.py
[2023-08-02T10:37:36.046+0000] {processor.py:836} INFO - DAG(s) dict_keys(['example_short_circuit_decorator']) retrieved from /home/airflow/.local/lib/python3.7/site-packages/airflow/example_dags/example_short_circuit_decorator.py
[2023-08-02T10:37:36.072+0000] {logging_mixin.py:150} INFO - [2023-08-02T10:37:36.072+0000] {dag.py:2742} INFO - Sync 1 DAGs
[2023-08-02T10:37:36.089+0000] {logging_mixin.py:150} INFO - [2023-08-02T10:37:36.089+0000] {dag.py:3508} INFO - Setting next_dagrun for example_short_circuit_decorator to 2023-08-01T10:37:36.089378+00:00, run_after=2023-08-02T10:37:36.089378+00:00
[2023-08-02T10:37:36.105+0000] {processor.py:179} INFO - Processing /home/airflow/.local/lib/python3.7/site-packages/airflow/example_dags/example_short_circuit_decorator.py took 0.075 seconds
[2023-08-02T10:38:06.373+0000] {processor.py:157} INFO - Started process (PID=180) to work on /home/airflow/.local/lib/python3.7/site-packages/airflow/example_dags/example_short_circuit_decorator.py
[2023-08-02T10:38:06.375+0000] {processor.py:826} INFO - Processing file /home/airflow/.local/lib/python3.7/site-packages/airflow/example_dags/example_short_circuit_decorator.py for tasks to queue
[2023-08-02T10:38:06.376+0000] {logging_mixin.py:150} INFO - [2023-08-02T10:38:06.376+0000] {dagbag.py:541} INFO - Filling up the DagBag from /home/airflow/.local/lib/python3.7/site-packages/airflow/example_dags/example_short_circuit_decorator.py
[2023-08-02T10:38:06.384+0000] {processor.py:836} INFO - DAG(s) dict_keys(['example_short_circuit_decorator']) retrieved from /home/airflow/.local/lib/python3.7/site-packages/airflow/example_dags/example_short_circuit_decorator.py
[2023-08-02T10:38:06.407+0000] {logging_mixin.py:150} INFO - [2023-08-02T10:38:06.407+0000] {dag.py:2742} INFO - Sync 1 DAGs
[2023-08-02T10:38:06.424+0000] {logging_mixin.py:150} INFO - [2023-08-02T10:38:06.424+0000] {dag.py:3508} INFO - Setting next_dagrun for example_short_circuit_decorator to 2023-08-01T10:38:06.424381+00:00, run_after=2023-08-02T10:38:06.424381+00:00
[2023-08-02T10:38:06.441+0000] {processor.py:179} INFO - Processing /home/airflow/.local/lib/python3.7/site-packages/airflow/example_dags/example_short_circuit_decorator.py took 0.072 seconds
[2023-08-02T10:38:36.795+0000] {processor.py:157} INFO - Started process (PID=237) to work on /home/airflow/.local/lib/python3.7/site-packages/airflow/example_dags/example_short_circuit_decorator.py
[2023-08-02T10:38:36.797+0000] {processor.py:826} INFO - Processing file /home/airflow/.local/lib/python3.7/site-packages/airflow/example_dags/example_short_circuit_decorator.py for tasks to queue
[2023-08-02T10:38:36.799+0000] {logging_mixin.py:150} INFO - [2023-08-02T10:38:36.799+0000] {dagbag.py:541} INFO - Filling up the DagBag from /home/airflow/.local/lib/python3.7/site-packages/airflow/example_dags/example_short_circuit_decorator.py
[2023-08-02T10:38:36.808+0000] {processor.py:836} INFO - DAG(s) dict_keys(['example_short_circuit_decorator']) retrieved from /home/airflow/.local/lib/python3.7/site-packages/airflow/example_dags/example_short_circuit_decorator.py
[2023-08-02T10:38:36.831+0000] {logging_mixin.py:150} INFO - [2023-08-02T10:38:36.831+0000] {dag.py:2742} INFO - Sync 1 DAGs
[2023-08-02T10:38:36.849+0000] {logging_mixin.py:150} INFO - [2023-08-02T10:38:36.849+0000] {dag.py:3508} INFO - Setting next_dagrun for example_short_circuit_decorator to 2023-08-01T10:38:36.848887+00:00, run_after=2023-08-02T10:38:36.848887+00:00
[2023-08-02T10:38:36.862+0000] {processor.py:179} INFO - Processing /home/airflow/.local/lib/python3.7/site-packages/airflow/example_dags/example_short_circuit_decorator.py took 0.070 seconds
[2023-08-02T10:39:07.162+0000] {processor.py:157} INFO - Started process (PID=294) to work on /home/airflow/.local/lib/python3.7/site-packages/airflow/example_dags/example_short_circuit_decorator.py
[2023-08-02T10:39:07.164+0000] {processor.py:826} INFO - Processing file /home/airflow/.local/lib/python3.7/site-packages/airflow/example_dags/example_short_circuit_decorator.py for tasks to queue
[2023-08-02T10:39:07.166+0000] {logging_mixin.py:150} INFO - [2023-08-02T10:39:07.166+0000] {dagbag.py:541} INFO - Filling up the DagBag from /home/airflow/.local/lib/python3.7/site-packages/airflow/example_dags/example_short_circuit_decorator.py
[2023-08-02T10:39:07.183+0000] {processor.py:836} INFO - DAG(s) dict_keys(['example_short_circuit_decorator']) retrieved from /home/airflow/.local/lib/python3.7/site-packages/airflow/example_dags/example_short_circuit_decorator.py
[2023-08-02T10:39:07.207+0000] {logging_mixin.py:150} INFO - [2023-08-02T10:39:07.207+0000] {dag.py:2742} INFO - Sync 1 DAGs
[2023-08-02T10:39:07.230+0000] {logging_mixin.py:150} INFO - [2023-08-02T10:39:07.230+0000] {dag.py:3508} INFO - Setting next_dagrun for example_short_circuit_decorator to 2023-08-01T10:39:07.230076+00:00, run_after=2023-08-02T10:39:07.230076+00:00
[2023-08-02T10:39:07.245+0000] {processor.py:179} INFO - Processing /home/airflow/.local/lib/python3.7/site-packages/airflow/example_dags/example_short_circuit_decorator.py took 0.086 seconds
[2023-08-02T10:39:37.559+0000] {processor.py:157} INFO - Started process (PID=351) to work on /home/airflow/.local/lib/python3.7/site-packages/airflow/example_dags/example_short_circuit_decorator.py
[2023-08-02T10:39:37.562+0000] {processor.py:826} INFO - Processing file /home/airflow/.local/lib/python3.7/site-packages/airflow/example_dags/example_short_circuit_decorator.py for tasks to queue
[2023-08-02T10:39:37.573+0000] {logging_mixin.py:150} INFO - [2023-08-02T10:39:37.572+0000] {dagbag.py:541} INFO - Filling up the DagBag from /home/airflow/.local/lib/python3.7/site-packages/airflow/example_dags/example_short_circuit_decorator.py
[2023-08-02T10:39:37.581+0000] {processor.py:836} INFO - DAG(s) dict_keys(['example_short_circuit_decorator']) retrieved from /home/airflow/.local/lib/python3.7/site-packages/airflow/example_dags/example_short_circuit_decorator.py
[2023-08-02T10:39:37.604+0000] {logging_mixin.py:150} INFO - [2023-08-02T10:39:37.604+0000] {dag.py:2742} INFO - Sync 1 DAGs
[2023-08-02T10:39:37.623+0000] {logging_mixin.py:150} INFO - [2023-08-02T10:39:37.623+0000] {dag.py:3508} INFO - Setting next_dagrun for example_short_circuit_decorator to 2023-08-01T10:39:37.623268+00:00, run_after=2023-08-02T10:39:37.623268+00:00
[2023-08-02T10:39:37.637+0000] {processor.py:179} INFO - Processing /home/airflow/.local/lib/python3.7/site-packages/airflow/example_dags/example_short_circuit_decorator.py took 0.081 seconds
[2023-08-02T10:40:08.004+0000] {processor.py:157} INFO - Started process (PID=407) to work on /home/airflow/.local/lib/python3.7/site-packages/airflow/example_dags/example_short_circuit_decorator.py
[2023-08-02T10:40:08.007+0000] {processor.py:826} INFO - Processing file /home/airflow/.local/lib/python3.7/site-packages/airflow/example_dags/example_short_circuit_decorator.py for tasks to queue
[2023-08-02T10:40:08.009+0000] {logging_mixin.py:150} INFO - [2023-08-02T10:40:08.008+0000] {dagbag.py:541} INFO - Filling up the DagBag from /home/airflow/.local/lib/python3.7/site-packages/airflow/example_dags/example_short_circuit_decorator.py
[2023-08-02T10:40:08.031+0000] {processor.py:836} INFO - DAG(s) dict_keys(['example_short_circuit_decorator']) retrieved from /home/airflow/.local/lib/python3.7/site-packages/airflow/example_dags/example_short_circuit_decorator.py
[2023-08-02T10:40:08.062+0000] {logging_mixin.py:150} INFO - [2023-08-02T10:40:08.062+0000] {dag.py:2742} INFO - Sync 1 DAGs
[2023-08-02T10:40:08.080+0000] {logging_mixin.py:150} INFO - [2023-08-02T10:40:08.080+0000] {dag.py:3508} INFO - Setting next_dagrun for example_short_circuit_decorator to 2023-08-01T10:40:08.080588+00:00, run_after=2023-08-02T10:40:08.080588+00:00
[2023-08-02T10:40:08.097+0000] {processor.py:179} INFO - Processing /home/airflow/.local/lib/python3.7/site-packages/airflow/example_dags/example_short_circuit_decorator.py took 0.097 seconds
[2023-08-02T10:40:38.535+0000] {processor.py:157} INFO - Started process (PID=464) to work on /home/airflow/.local/lib/python3.7/site-packages/airflow/example_dags/example_short_circuit_decorator.py
[2023-08-02T10:40:38.537+0000] {processor.py:826} INFO - Processing file /home/airflow/.local/lib/python3.7/site-packages/airflow/example_dags/example_short_circuit_decorator.py for tasks to queue
[2023-08-02T10:40:38.544+0000] {logging_mixin.py:150} INFO - [2023-08-02T10:40:38.544+0000] {dagbag.py:541} INFO - Filling up the DagBag from /home/airflow/.local/lib/python3.7/site-packages/airflow/example_dags/example_short_circuit_decorator.py
[2023-08-02T10:40:38.571+0000] {processor.py:836} INFO - DAG(s) dict_keys(['example_short_circuit_decorator']) retrieved from /home/airflow/.local/lib/python3.7/site-packages/airflow/example_dags/example_short_circuit_decorator.py
[2023-08-02T10:40:38.603+0000] {logging_mixin.py:150} INFO - [2023-08-02T10:40:38.603+0000] {dag.py:2742} INFO - Sync 1 DAGs
[2023-08-02T10:40:38.624+0000] {logging_mixin.py:150} INFO - [2023-08-02T10:40:38.624+0000] {dag.py:3508} INFO - Setting next_dagrun for example_short_circuit_decorator to 2023-08-01T10:40:38.624159+00:00, run_after=2023-08-02T10:40:38.624159+00:00
[2023-08-02T10:40:38.689+0000] {processor.py:179} INFO - Processing /home/airflow/.local/lib/python3.7/site-packages/airflow/example_dags/example_short_circuit_decorator.py took 0.158 seconds
[2023-08-02T10:41:09.109+0000] {processor.py:157} INFO - Started process (PID=521) to work on /home/airflow/.local/lib/python3.7/site-packages/airflow/example_dags/example_short_circuit_decorator.py
[2023-08-02T10:41:09.111+0000] {processor.py:826} INFO - Processing file /home/airflow/.local/lib/python3.7/site-packages/airflow/example_dags/example_short_circuit_decorator.py for tasks to queue
[2023-08-02T10:41:09.112+0000] {logging_mixin.py:150} INFO - [2023-08-02T10:41:09.112+0000] {dagbag.py:541} INFO - Filling up the DagBag from /home/airflow/.local/lib/python3.7/site-packages/airflow/example_dags/example_short_circuit_decorator.py
[2023-08-02T10:41:09.120+0000] {processor.py:836} INFO - DAG(s) dict_keys(['example_short_circuit_decorator']) retrieved from /home/airflow/.local/lib/python3.7/site-packages/airflow/example_dags/example_short_circuit_decorator.py
[2023-08-02T10:41:09.146+0000] {logging_mixin.py:150} INFO - [2023-08-02T10:41:09.146+0000] {dag.py:2742} INFO - Sync 1 DAGs
[2023-08-02T10:41:09.167+0000] {logging_mixin.py:150} INFO - [2023-08-02T10:41:09.166+0000] {dag.py:3508} INFO - Setting next_dagrun for example_short_circuit_decorator to 2023-08-01T10:41:09.166674+00:00, run_after=2023-08-02T10:41:09.166674+00:00
[2023-08-02T10:41:09.181+0000] {processor.py:179} INFO - Processing /home/airflow/.local/lib/python3.7/site-packages/airflow/example_dags/example_short_circuit_decorator.py took 0.076 seconds
[2023-08-02T10:41:39.726+0000] {processor.py:157} INFO - Started process (PID=578) to work on /home/airflow/.local/lib/python3.7/site-packages/airflow/example_dags/example_short_circuit_decorator.py
[2023-08-02T10:41:39.729+0000] {processor.py:826} INFO - Processing file /home/airflow/.local/lib/python3.7/site-packages/airflow/example_dags/example_short_circuit_decorator.py for tasks to queue
[2023-08-02T10:41:39.730+0000] {logging_mixin.py:150} INFO - [2023-08-02T10:41:39.730+0000] {dagbag.py:541} INFO - Filling up the DagBag from /home/airflow/.local/lib/python3.7/site-packages/airflow/example_dags/example_short_circuit_decorator.py
[2023-08-02T10:41:39.738+0000] {processor.py:836} INFO - DAG(s) dict_keys(['example_short_circuit_decorator']) retrieved from /home/airflow/.local/lib/python3.7/site-packages/airflow/example_dags/example_short_circuit_decorator.py
[2023-08-02T10:41:39.763+0000] {logging_mixin.py:150} INFO - [2023-08-02T10:41:39.763+0000] {dag.py:2742} INFO - Sync 1 DAGs
[2023-08-02T10:41:39.783+0000] {logging_mixin.py:150} INFO - [2023-08-02T10:41:39.783+0000] {dag.py:3508} INFO - Setting next_dagrun for example_short_circuit_decorator to 2023-08-01T10:41:39.783304+00:00, run_after=2023-08-02T10:41:39.783304+00:00
[2023-08-02T10:41:39.799+0000] {processor.py:179} INFO - Processing /home/airflow/.local/lib/python3.7/site-packages/airflow/example_dags/example_short_circuit_decorator.py took 0.075 seconds
[2023-08-02T10:42:10.335+0000] {processor.py:157} INFO - Started process (PID=635) to work on /home/airflow/.local/lib/python3.7/site-packages/airflow/example_dags/example_short_circuit_decorator.py
[2023-08-02T10:42:10.337+0000] {processor.py:826} INFO - Processing file /home/airflow/.local/lib/python3.7/site-packages/airflow/example_dags/example_short_circuit_decorator.py for tasks to queue
[2023-08-02T10:42:10.339+0000] {logging_mixin.py:150} INFO - [2023-08-02T10:42:10.338+0000] {dagbag.py:541} INFO - Filling up the DagBag from /home/airflow/.local/lib/python3.7/site-packages/airflow/example_dags/example_short_circuit_decorator.py
[2023-08-02T10:42:10.348+0000] {processor.py:836} INFO - DAG(s) dict_keys(['example_short_circuit_decorator']) retrieved from /home/airflow/.local/lib/python3.7/site-packages/airflow/example_dags/example_short_circuit_decorator.py
[2023-08-02T10:42:10.373+0000] {logging_mixin.py:150} INFO - [2023-08-02T10:42:10.373+0000] {dag.py:2742} INFO - Sync 1 DAGs
[2023-08-02T10:42:10.392+0000] {logging_mixin.py:150} INFO - [2023-08-02T10:42:10.392+0000] {dag.py:3508} INFO - Setting next_dagrun for example_short_circuit_decorator to 2023-08-01T10:42:10.391788+00:00, run_after=2023-08-02T10:42:10.391788+00:00
[2023-08-02T10:42:10.409+0000] {processor.py:179} INFO - Processing /home/airflow/.local/lib/python3.7/site-packages/airflow/example_dags/example_short_circuit_decorator.py took 0.077 seconds
[2023-08-02T10:42:40.840+0000] {processor.py:157} INFO - Started process (PID=691) to work on /home/airflow/.local/lib/python3.7/site-packages/airflow/example_dags/example_short_circuit_decorator.py
[2023-08-02T10:42:40.843+0000] {processor.py:826} INFO - Processing file /home/airflow/.local/lib/python3.7/site-packages/airflow/example_dags/example_short_circuit_decorator.py for tasks to queue
[2023-08-02T10:42:40.856+0000] {logging_mixin.py:150} INFO - [2023-08-02T10:42:40.856+0000] {dagbag.py:541} INFO - Filling up the DagBag from /home/airflow/.local/lib/python3.7/site-packages/airflow/example_dags/example_short_circuit_decorator.py
[2023-08-02T10:42:40.867+0000] {processor.py:836} INFO - DAG(s) dict_keys(['example_short_circuit_decorator']) retrieved from /home/airflow/.local/lib/python3.7/site-packages/airflow/example_dags/example_short_circuit_decorator.py
[2023-08-02T10:42:40.892+0000] {logging_mixin.py:150} INFO - [2023-08-02T10:42:40.892+0000] {dag.py:2742} INFO - Sync 1 DAGs
[2023-08-02T10:42:40.912+0000] {logging_mixin.py:150} INFO - [2023-08-02T10:42:40.912+0000] {dag.py:3508} INFO - Setting next_dagrun for example_short_circuit_decorator to 2023-08-01T10:42:40.912509+00:00, run_after=2023-08-02T10:42:40.912509+00:00
[2023-08-02T10:42:40.927+0000] {processor.py:179} INFO - Processing /home/airflow/.local/lib/python3.7/site-packages/airflow/example_dags/example_short_circuit_decorator.py took 0.090 seconds
[2023-08-02T10:43:11.346+0000] {processor.py:157} INFO - Started process (PID=748) to work on /home/airflow/.local/lib/python3.7/site-packages/airflow/example_dags/example_short_circuit_decorator.py
[2023-08-02T10:43:11.348+0000] {processor.py:826} INFO - Processing file /home/airflow/.local/lib/python3.7/site-packages/airflow/example_dags/example_short_circuit_decorator.py for tasks to queue
[2023-08-02T10:43:11.350+0000] {logging_mixin.py:150} INFO - [2023-08-02T10:43:11.349+0000] {dagbag.py:541} INFO - Filling up the DagBag from /home/airflow/.local/lib/python3.7/site-packages/airflow/example_dags/example_short_circuit_decorator.py
[2023-08-02T10:43:11.359+0000] {processor.py:836} INFO - DAG(s) dict_keys(['example_short_circuit_decorator']) retrieved from /home/airflow/.local/lib/python3.7/site-packages/airflow/example_dags/example_short_circuit_decorator.py
[2023-08-02T10:43:11.390+0000] {logging_mixin.py:150} INFO - [2023-08-02T10:43:11.390+0000] {dag.py:2742} INFO - Sync 1 DAGs
[2023-08-02T10:43:11.409+0000] {logging_mixin.py:150} INFO - [2023-08-02T10:43:11.409+0000] {dag.py:3508} INFO - Setting next_dagrun for example_short_circuit_decorator to 2023-08-01T10:43:11.409554+00:00, run_after=2023-08-02T10:43:11.409554+00:00
[2023-08-02T10:43:11.428+0000] {processor.py:179} INFO - Processing /home/airflow/.local/lib/python3.7/site-packages/airflow/example_dags/example_short_circuit_decorator.py took 0.086 seconds
[2023-08-02T10:43:41.580+0000] {processor.py:157} INFO - Started process (PID=805) to work on /home/airflow/.local/lib/python3.7/site-packages/airflow/example_dags/example_short_circuit_decorator.py
[2023-08-02T10:43:41.581+0000] {processor.py:826} INFO - Processing file /home/airflow/.local/lib/python3.7/site-packages/airflow/example_dags/example_short_circuit_decorator.py for tasks to queue
[2023-08-02T10:43:41.584+0000] {logging_mixin.py:150} INFO - [2023-08-02T10:43:41.584+0000] {dagbag.py:541} INFO - Filling up the DagBag from /home/airflow/.local/lib/python3.7/site-packages/airflow/example_dags/example_short_circuit_decorator.py
[2023-08-02T10:43:41.592+0000] {processor.py:836} INFO - DAG(s) dict_keys(['example_short_circuit_decorator']) retrieved from /home/airflow/.local/lib/python3.7/site-packages/airflow/example_dags/example_short_circuit_decorator.py
[2023-08-02T10:43:41.614+0000] {logging_mixin.py:150} INFO - [2023-08-02T10:43:41.614+0000] {dag.py:2742} INFO - Sync 1 DAGs
[2023-08-02T10:43:41.630+0000] {logging_mixin.py:150} INFO - [2023-08-02T10:43:41.630+0000] {dag.py:3508} INFO - Setting next_dagrun for example_short_circuit_decorator to 2023-08-01T10:43:41.630643+00:00, run_after=2023-08-02T10:43:41.630643+00:00
[2023-08-02T10:43:41.644+0000] {processor.py:179} INFO - Processing /home/airflow/.local/lib/python3.7/site-packages/airflow/example_dags/example_short_circuit_decorator.py took 0.068 seconds
[2023-08-02T10:44:11.939+0000] {processor.py:157} INFO - Started process (PID=861) to work on /home/airflow/.local/lib/python3.7/site-packages/airflow/example_dags/example_short_circuit_decorator.py
[2023-08-02T10:44:11.953+0000] {processor.py:826} INFO - Processing file /home/airflow/.local/lib/python3.7/site-packages/airflow/example_dags/example_short_circuit_decorator.py for tasks to queue
[2023-08-02T10:44:11.955+0000] {logging_mixin.py:150} INFO - [2023-08-02T10:44:11.955+0000] {dagbag.py:541} INFO - Filling up the DagBag from /home/airflow/.local/lib/python3.7/site-packages/airflow/example_dags/example_short_circuit_decorator.py
[2023-08-02T10:44:11.965+0000] {processor.py:836} INFO - DAG(s) dict_keys(['example_short_circuit_decorator']) retrieved from /home/airflow/.local/lib/python3.7/site-packages/airflow/example_dags/example_short_circuit_decorator.py
[2023-08-02T10:44:11.990+0000] {logging_mixin.py:150} INFO - [2023-08-02T10:44:11.990+0000] {dag.py:2742} INFO - Sync 1 DAGs
[2023-08-02T10:44:12.013+0000] {logging_mixin.py:150} INFO - [2023-08-02T10:44:12.013+0000] {dag.py:3508} INFO - Setting next_dagrun for example_short_circuit_decorator to 2023-08-01T10:44:12.013156+00:00, run_after=2023-08-02T10:44:12.013156+00:00
[2023-08-02T10:44:12.028+0000] {processor.py:179} INFO - Processing /home/airflow/.local/lib/python3.7/site-packages/airflow/example_dags/example_short_circuit_decorator.py took 0.092 seconds
[2023-08-02T10:44:42.717+0000] {processor.py:157} INFO - Started process (PID=918) to work on /home/airflow/.local/lib/python3.7/site-packages/airflow/example_dags/example_short_circuit_decorator.py
[2023-08-02T10:44:42.719+0000] {processor.py:826} INFO - Processing file /home/airflow/.local/lib/python3.7/site-packages/airflow/example_dags/example_short_circuit_decorator.py for tasks to queue
[2023-08-02T10:44:42.721+0000] {logging_mixin.py:150} INFO - [2023-08-02T10:44:42.721+0000] {dagbag.py:541} INFO - Filling up the DagBag from /home/airflow/.local/lib/python3.7/site-packages/airflow/example_dags/example_short_circuit_decorator.py
[2023-08-02T10:44:42.730+0000] {processor.py:836} INFO - DAG(s) dict_keys(['example_short_circuit_decorator']) retrieved from /home/airflow/.local/lib/python3.7/site-packages/airflow/example_dags/example_short_circuit_decorator.py
[2023-08-02T10:44:42.755+0000] {logging_mixin.py:150} INFO - [2023-08-02T10:44:42.755+0000] {dag.py:2742} INFO - Sync 1 DAGs
[2023-08-02T10:44:42.774+0000] {logging_mixin.py:150} INFO - [2023-08-02T10:44:42.774+0000] {dag.py:3508} INFO - Setting next_dagrun for example_short_circuit_decorator to 2023-08-01T10:44:42.773777+00:00, run_after=2023-08-02T10:44:42.773777+00:00
[2023-08-02T10:44:42.788+0000] {processor.py:179} INFO - Processing /home/airflow/.local/lib/python3.7/site-packages/airflow/example_dags/example_short_circuit_decorator.py took 0.075 seconds
[2023-08-02T10:45:13.653+0000] {processor.py:157} INFO - Started process (PID=975) to work on /home/airflow/.local/lib/python3.7/site-packages/airflow/example_dags/example_short_circuit_decorator.py
[2023-08-02T10:45:13.655+0000] {processor.py:826} INFO - Processing file /home/airflow/.local/lib/python3.7/site-packages/airflow/example_dags/example_short_circuit_decorator.py for tasks to queue
[2023-08-02T10:45:13.664+0000] {logging_mixin.py:150} INFO - [2023-08-02T10:45:13.663+0000] {dagbag.py:541} INFO - Filling up the DagBag from /home/airflow/.local/lib/python3.7/site-packages/airflow/example_dags/example_short_circuit_decorator.py
[2023-08-02T10:45:13.671+0000] {processor.py:836} INFO - DAG(s) dict_keys(['example_short_circuit_decorator']) retrieved from /home/airflow/.local/lib/python3.7/site-packages/airflow/example_dags/example_short_circuit_decorator.py
[2023-08-02T10:45:13.694+0000] {logging_mixin.py:150} INFO - [2023-08-02T10:45:13.694+0000] {dag.py:2742} INFO - Sync 1 DAGs
[2023-08-02T10:45:13.713+0000] {logging_mixin.py:150} INFO - [2023-08-02T10:45:13.713+0000] {dag.py:3508} INFO - Setting next_dagrun for example_short_circuit_decorator to 2023-08-01T10:45:13.713055+00:00, run_after=2023-08-02T10:45:13.713055+00:00
[2023-08-02T10:45:13.733+0000] {processor.py:179} INFO - Processing /home/airflow/.local/lib/python3.7/site-packages/airflow/example_dags/example_short_circuit_decorator.py took 0.083 seconds
[2023-08-02T10:45:43.962+0000] {processor.py:157} INFO - Started process (PID=1032) to work on /home/airflow/.local/lib/python3.7/site-packages/airflow/example_dags/example_short_circuit_decorator.py
[2023-08-02T10:45:43.966+0000] {processor.py:826} INFO - Processing file /home/airflow/.local/lib/python3.7/site-packages/airflow/example_dags/example_short_circuit_decorator.py for tasks to queue
[2023-08-02T10:45:43.968+0000] {logging_mixin.py:150} INFO - [2023-08-02T10:45:43.968+0000] {dagbag.py:541} INFO - Filling up the DagBag from /home/airflow/.local/lib/python3.7/site-packages/airflow/example_dags/example_short_circuit_decorator.py
[2023-08-02T10:45:43.977+0000] {processor.py:836} INFO - DAG(s) dict_keys(['example_short_circuit_decorator']) retrieved from /home/airflow/.local/lib/python3.7/site-packages/airflow/example_dags/example_short_circuit_decorator.py
[2023-08-02T10:45:44.000+0000] {logging_mixin.py:150} INFO - [2023-08-02T10:45:43.999+0000] {dag.py:2742} INFO - Sync 1 DAGs
[2023-08-02T10:45:44.020+0000] {logging_mixin.py:150} INFO - [2023-08-02T10:45:44.020+0000] {dag.py:3508} INFO - Setting next_dagrun for example_short_circuit_decorator to 2023-08-01T10:45:44.020393+00:00, run_after=2023-08-02T10:45:44.020393+00:00
[2023-08-02T10:45:44.034+0000] {processor.py:179} INFO - Processing /home/airflow/.local/lib/python3.7/site-packages/airflow/example_dags/example_short_circuit_decorator.py took 0.075 seconds
[2023-08-02T10:46:14.350+0000] {processor.py:157} INFO - Started process (PID=1089) to work on /home/airflow/.local/lib/python3.7/site-packages/airflow/example_dags/example_short_circuit_decorator.py
[2023-08-02T10:46:14.352+0000] {processor.py:826} INFO - Processing file /home/airflow/.local/lib/python3.7/site-packages/airflow/example_dags/example_short_circuit_decorator.py for tasks to queue
[2023-08-02T10:46:14.354+0000] {logging_mixin.py:150} INFO - [2023-08-02T10:46:14.353+0000] {dagbag.py:541} INFO - Filling up the DagBag from /home/airflow/.local/lib/python3.7/site-packages/airflow/example_dags/example_short_circuit_decorator.py
[2023-08-02T10:46:14.362+0000] {processor.py:836} INFO - DAG(s) dict_keys(['example_short_circuit_decorator']) retrieved from /home/airflow/.local/lib/python3.7/site-packages/airflow/example_dags/example_short_circuit_decorator.py
[2023-08-02T10:46:14.384+0000] {logging_mixin.py:150} INFO - [2023-08-02T10:46:14.384+0000] {dag.py:2742} INFO - Sync 1 DAGs
[2023-08-02T10:46:14.402+0000] {logging_mixin.py:150} INFO - [2023-08-02T10:46:14.402+0000] {dag.py:3508} INFO - Setting next_dagrun for example_short_circuit_decorator to 2023-08-01T10:46:14.402404+00:00, run_after=2023-08-02T10:46:14.402404+00:00
[2023-08-02T10:46:14.416+0000] {processor.py:179} INFO - Processing /home/airflow/.local/lib/python3.7/site-packages/airflow/example_dags/example_short_circuit_decorator.py took 0.069 seconds
[2023-08-02T10:46:45.062+0000] {processor.py:157} INFO - Started process (PID=1146) to work on /home/airflow/.local/lib/python3.7/site-packages/airflow/example_dags/example_short_circuit_decorator.py
[2023-08-02T10:46:45.064+0000] {processor.py:826} INFO - Processing file /home/airflow/.local/lib/python3.7/site-packages/airflow/example_dags/example_short_circuit_decorator.py for tasks to queue
[2023-08-02T10:46:45.066+0000] {logging_mixin.py:150} INFO - [2023-08-02T10:46:45.066+0000] {dagbag.py:541} INFO - Filling up the DagBag from /home/airflow/.local/lib/python3.7/site-packages/airflow/example_dags/example_short_circuit_decorator.py
[2023-08-02T10:46:45.075+0000] {processor.py:836} INFO - DAG(s) dict_keys(['example_short_circuit_decorator']) retrieved from /home/airflow/.local/lib/python3.7/site-packages/airflow/example_dags/example_short_circuit_decorator.py
[2023-08-02T10:46:45.099+0000] {logging_mixin.py:150} INFO - [2023-08-02T10:46:45.099+0000] {dag.py:2742} INFO - Sync 1 DAGs
[2023-08-02T10:46:45.148+0000] {logging_mixin.py:150} INFO - [2023-08-02T10:46:45.148+0000] {dag.py:3508} INFO - Setting next_dagrun for example_short_circuit_decorator to 2023-08-01T10:46:45.148060+00:00, run_after=2023-08-02T10:46:45.148060+00:00
[2023-08-02T10:46:45.164+0000] {processor.py:179} INFO - Processing /home/airflow/.local/lib/python3.7/site-packages/airflow/example_dags/example_short_circuit_decorator.py took 0.106 seconds
[2023-08-02T10:47:15.363+0000] {processor.py:157} INFO - Started process (PID=1203) to work on /home/airflow/.local/lib/python3.7/site-packages/airflow/example_dags/example_short_circuit_decorator.py
[2023-08-02T10:47:15.365+0000] {processor.py:826} INFO - Processing file /home/airflow/.local/lib/python3.7/site-packages/airflow/example_dags/example_short_circuit_decorator.py for tasks to queue
[2023-08-02T10:47:15.375+0000] {logging_mixin.py:150} INFO - [2023-08-02T10:47:15.375+0000] {dagbag.py:541} INFO - Filling up the DagBag from /home/airflow/.local/lib/python3.7/site-packages/airflow/example_dags/example_short_circuit_decorator.py
[2023-08-02T10:47:15.383+0000] {processor.py:836} INFO - DAG(s) dict_keys(['example_short_circuit_decorator']) retrieved from /home/airflow/.local/lib/python3.7/site-packages/airflow/example_dags/example_short_circuit_decorator.py
[2023-08-02T10:47:15.406+0000] {logging_mixin.py:150} INFO - [2023-08-02T10:47:15.406+0000] {dag.py:2742} INFO - Sync 1 DAGs
[2023-08-02T10:47:15.423+0000] {logging_mixin.py:150} INFO - [2023-08-02T10:47:15.423+0000] {dag.py:3508} INFO - Setting next_dagrun for example_short_circuit_decorator to 2023-08-01T10:47:15.423415+00:00, run_after=2023-08-02T10:47:15.423415+00:00
[2023-08-02T10:47:15.436+0000] {processor.py:179} INFO - Processing /home/airflow/.local/lib/python3.7/site-packages/airflow/example_dags/example_short_circuit_decorator.py took 0.076 seconds
[2023-08-02T10:47:45.733+0000] {processor.py:157} INFO - Started process (PID=1260) to work on /home/airflow/.local/lib/python3.7/site-packages/airflow/example_dags/example_short_circuit_decorator.py
[2023-08-02T10:47:45.735+0000] {processor.py:826} INFO - Processing file /home/airflow/.local/lib/python3.7/site-packages/airflow/example_dags/example_short_circuit_decorator.py for tasks to queue
[2023-08-02T10:47:45.737+0000] {logging_mixin.py:150} INFO - [2023-08-02T10:47:45.736+0000] {dagbag.py:541} INFO - Filling up the DagBag from /home/airflow/.local/lib/python3.7/site-packages/airflow/example_dags/example_short_circuit_decorator.py
[2023-08-02T10:47:45.745+0000] {processor.py:836} INFO - DAG(s) dict_keys(['example_short_circuit_decorator']) retrieved from /home/airflow/.local/lib/python3.7/site-packages/airflow/example_dags/example_short_circuit_decorator.py
[2023-08-02T10:47:45.769+0000] {logging_mixin.py:150} INFO - [2023-08-02T10:47:45.769+0000] {dag.py:2742} INFO - Sync 1 DAGs
[2023-08-02T10:47:45.841+0000] {logging_mixin.py:150} INFO - [2023-08-02T10:47:45.840+0000] {dag.py:3508} INFO - Setting next_dagrun for example_short_circuit_decorator to 2023-08-01T10:47:45.840706+00:00, run_after=2023-08-02T10:47:45.840706+00:00
[2023-08-02T10:47:45.856+0000] {processor.py:179} INFO - Processing /home/airflow/.local/lib/python3.7/site-packages/airflow/example_dags/example_short_circuit_decorator.py took 0.126 seconds
[2023-08-02T10:48:16.010+0000] {processor.py:157} INFO - Started process (PID=1317) to work on /home/airflow/.local/lib/python3.7/site-packages/airflow/example_dags/example_short_circuit_decorator.py
[2023-08-02T10:48:16.013+0000] {processor.py:826} INFO - Processing file /home/airflow/.local/lib/python3.7/site-packages/airflow/example_dags/example_short_circuit_decorator.py for tasks to queue
[2023-08-02T10:48:16.015+0000] {logging_mixin.py:150} INFO - [2023-08-02T10:48:16.014+0000] {dagbag.py:541} INFO - Filling up the DagBag from /home/airflow/.local/lib/python3.7/site-packages/airflow/example_dags/example_short_circuit_decorator.py
[2023-08-02T10:48:16.025+0000] {processor.py:836} INFO - DAG(s) dict_keys(['example_short_circuit_decorator']) retrieved from /home/airflow/.local/lib/python3.7/site-packages/airflow/example_dags/example_short_circuit_decorator.py
[2023-08-02T10:48:16.051+0000] {logging_mixin.py:150} INFO - [2023-08-02T10:48:16.051+0000] {dag.py:2742} INFO - Sync 1 DAGs
[2023-08-02T10:48:16.071+0000] {logging_mixin.py:150} INFO - [2023-08-02T10:48:16.071+0000] {dag.py:3508} INFO - Setting next_dagrun for example_short_circuit_decorator to 2023-08-01T10:48:16.071395+00:00, run_after=2023-08-02T10:48:16.071395+00:00
[2023-08-02T10:48:16.136+0000] {processor.py:179} INFO - Processing /home/airflow/.local/lib/python3.7/site-packages/airflow/example_dags/example_short_circuit_decorator.py took 0.131 seconds
[2023-08-02T10:48:46.295+0000] {processor.py:157} INFO - Started process (PID=1374) to work on /home/airflow/.local/lib/python3.7/site-packages/airflow/example_dags/example_short_circuit_decorator.py
[2023-08-02T10:48:46.297+0000] {processor.py:826} INFO - Processing file /home/airflow/.local/lib/python3.7/site-packages/airflow/example_dags/example_short_circuit_decorator.py for tasks to queue
[2023-08-02T10:48:46.300+0000] {logging_mixin.py:150} INFO - [2023-08-02T10:48:46.300+0000] {dagbag.py:541} INFO - Filling up the DagBag from /home/airflow/.local/lib/python3.7/site-packages/airflow/example_dags/example_short_circuit_decorator.py
[2023-08-02T10:48:46.308+0000] {processor.py:836} INFO - DAG(s) dict_keys(['example_short_circuit_decorator']) retrieved from /home/airflow/.local/lib/python3.7/site-packages/airflow/example_dags/example_short_circuit_decorator.py
[2023-08-02T10:48:46.331+0000] {logging_mixin.py:150} INFO - [2023-08-02T10:48:46.331+0000] {dag.py:2742} INFO - Sync 1 DAGs
[2023-08-02T10:48:46.349+0000] {logging_mixin.py:150} INFO - [2023-08-02T10:48:46.349+0000] {dag.py:3508} INFO - Setting next_dagrun for example_short_circuit_decorator to 2023-08-01T10:48:46.348886+00:00, run_after=2023-08-02T10:48:46.348886+00:00
[2023-08-02T10:48:46.374+0000] {processor.py:179} INFO - Processing /home/airflow/.local/lib/python3.7/site-packages/airflow/example_dags/example_short_circuit_decorator.py took 0.081 seconds
[2023-08-02T10:49:16.605+0000] {processor.py:157} INFO - Started process (PID=1431) to work on /home/airflow/.local/lib/python3.7/site-packages/airflow/example_dags/example_short_circuit_decorator.py
[2023-08-02T10:49:16.607+0000] {processor.py:826} INFO - Processing file /home/airflow/.local/lib/python3.7/site-packages/airflow/example_dags/example_short_circuit_decorator.py for tasks to queue
[2023-08-02T10:49:16.608+0000] {logging_mixin.py:150} INFO - [2023-08-02T10:49:16.608+0000] {dagbag.py:541} INFO - Filling up the DagBag from /home/airflow/.local/lib/python3.7/site-packages/airflow/example_dags/example_short_circuit_decorator.py
[2023-08-02T10:49:16.624+0000] {processor.py:836} INFO - DAG(s) dict_keys(['example_short_circuit_decorator']) retrieved from /home/airflow/.local/lib/python3.7/site-packages/airflow/example_dags/example_short_circuit_decorator.py
[2023-08-02T10:49:16.648+0000] {logging_mixin.py:150} INFO - [2023-08-02T10:49:16.648+0000] {dag.py:2742} INFO - Sync 1 DAGs
[2023-08-02T10:49:16.666+0000] {logging_mixin.py:150} INFO - [2023-08-02T10:49:16.666+0000] {dag.py:3508} INFO - Setting next_dagrun for example_short_circuit_decorator to 2023-08-01T10:49:16.666642+00:00, run_after=2023-08-02T10:49:16.666642+00:00
[2023-08-02T10:49:16.679+0000] {processor.py:179} INFO - Processing /home/airflow/.local/lib/python3.7/site-packages/airflow/example_dags/example_short_circuit_decorator.py took 0.078 seconds
[2023-08-02T10:49:46.854+0000] {processor.py:157} INFO - Started process (PID=1488) to work on /home/airflow/.local/lib/python3.7/site-packages/airflow/example_dags/example_short_circuit_decorator.py
[2023-08-02T10:49:46.856+0000] {processor.py:826} INFO - Processing file /home/airflow/.local/lib/python3.7/site-packages/airflow/example_dags/example_short_circuit_decorator.py for tasks to queue
[2023-08-02T10:49:46.858+0000] {logging_mixin.py:150} INFO - [2023-08-02T10:49:46.857+0000] {dagbag.py:541} INFO - Filling up the DagBag from /home/airflow/.local/lib/python3.7/site-packages/airflow/example_dags/example_short_circuit_decorator.py
[2023-08-02T10:49:46.867+0000] {processor.py:836} INFO - DAG(s) dict_keys(['example_short_circuit_decorator']) retrieved from /home/airflow/.local/lib/python3.7/site-packages/airflow/example_dags/example_short_circuit_decorator.py
[2023-08-02T10:49:46.890+0000] {logging_mixin.py:150} INFO - [2023-08-02T10:49:46.890+0000] {dag.py:2742} INFO - Sync 1 DAGs
[2023-08-02T10:49:46.908+0000] {logging_mixin.py:150} INFO - [2023-08-02T10:49:46.908+0000] {dag.py:3508} INFO - Setting next_dagrun for example_short_circuit_decorator to 2023-08-01T10:49:46.908140+00:00, run_after=2023-08-02T10:49:46.908140+00:00
[2023-08-02T10:49:46.930+0000] {processor.py:179} INFO - Processing /home/airflow/.local/lib/python3.7/site-packages/airflow/example_dags/example_short_circuit_decorator.py took 0.079 seconds
[2023-08-02T10:50:17.580+0000] {processor.py:157} INFO - Started process (PID=1544) to work on /home/airflow/.local/lib/python3.7/site-packages/airflow/example_dags/example_short_circuit_decorator.py
[2023-08-02T10:50:17.586+0000] {processor.py:826} INFO - Processing file /home/airflow/.local/lib/python3.7/site-packages/airflow/example_dags/example_short_circuit_decorator.py for tasks to queue
[2023-08-02T10:50:17.590+0000] {logging_mixin.py:150} INFO - [2023-08-02T10:50:17.589+0000] {dagbag.py:541} INFO - Filling up the DagBag from /home/airflow/.local/lib/python3.7/site-packages/airflow/example_dags/example_short_circuit_decorator.py
[2023-08-02T10:50:17.611+0000] {processor.py:836} INFO - DAG(s) dict_keys(['example_short_circuit_decorator']) retrieved from /home/airflow/.local/lib/python3.7/site-packages/airflow/example_dags/example_short_circuit_decorator.py
[2023-08-02T10:50:17.656+0000] {logging_mixin.py:150} INFO - [2023-08-02T10:50:17.656+0000] {dag.py:2742} INFO - Sync 1 DAGs
[2023-08-02T10:50:17.686+0000] {logging_mixin.py:150} INFO - [2023-08-02T10:50:17.686+0000] {dag.py:3508} INFO - Setting next_dagrun for example_short_circuit_decorator to 2023-08-01T10:50:17.685938+00:00, run_after=2023-08-02T10:50:17.685938+00:00
[2023-08-02T10:50:17.719+0000] {processor.py:179} INFO - Processing /home/airflow/.local/lib/python3.7/site-packages/airflow/example_dags/example_short_circuit_decorator.py took 0.149 seconds
[2023-08-02T10:50:48.078+0000] {processor.py:157} INFO - Started process (PID=1601) to work on /home/airflow/.local/lib/python3.7/site-packages/airflow/example_dags/example_short_circuit_decorator.py
[2023-08-02T10:50:48.081+0000] {processor.py:826} INFO - Processing file /home/airflow/.local/lib/python3.7/site-packages/airflow/example_dags/example_short_circuit_decorator.py for tasks to queue
[2023-08-02T10:50:48.084+0000] {logging_mixin.py:150} INFO - [2023-08-02T10:50:48.083+0000] {dagbag.py:541} INFO - Filling up the DagBag from /home/airflow/.local/lib/python3.7/site-packages/airflow/example_dags/example_short_circuit_decorator.py
[2023-08-02T10:50:48.104+0000] {processor.py:836} INFO - DAG(s) dict_keys(['example_short_circuit_decorator']) retrieved from /home/airflow/.local/lib/python3.7/site-packages/airflow/example_dags/example_short_circuit_decorator.py
[2023-08-02T10:50:48.130+0000] {logging_mixin.py:150} INFO - [2023-08-02T10:50:48.130+0000] {dag.py:2742} INFO - Sync 1 DAGs
[2023-08-02T10:50:48.168+0000] {logging_mixin.py:150} INFO - [2023-08-02T10:50:48.168+0000] {dag.py:3508} INFO - Setting next_dagrun for example_short_circuit_decorator to 2023-08-01T10:50:48.167878+00:00, run_after=2023-08-02T10:50:48.167878+00:00
[2023-08-02T10:50:48.202+0000] {processor.py:179} INFO - Processing /home/airflow/.local/lib/python3.7/site-packages/airflow/example_dags/example_short_circuit_decorator.py took 0.127 seconds
[2023-08-02T10:51:19.119+0000] {processor.py:157} INFO - Started process (PID=1658) to work on /home/airflow/.local/lib/python3.7/site-packages/airflow/example_dags/example_short_circuit_decorator.py
[2023-08-02T10:51:19.128+0000] {processor.py:826} INFO - Processing file /home/airflow/.local/lib/python3.7/site-packages/airflow/example_dags/example_short_circuit_decorator.py for tasks to queue
[2023-08-02T10:51:19.130+0000] {logging_mixin.py:150} INFO - [2023-08-02T10:51:19.130+0000] {dagbag.py:541} INFO - Filling up the DagBag from /home/airflow/.local/lib/python3.7/site-packages/airflow/example_dags/example_short_circuit_decorator.py
[2023-08-02T10:51:19.141+0000] {processor.py:836} INFO - DAG(s) dict_keys(['example_short_circuit_decorator']) retrieved from /home/airflow/.local/lib/python3.7/site-packages/airflow/example_dags/example_short_circuit_decorator.py
[2023-08-02T10:51:19.167+0000] {logging_mixin.py:150} INFO - [2023-08-02T10:51:19.166+0000] {dag.py:2742} INFO - Sync 1 DAGs
[2023-08-02T10:51:19.187+0000] {logging_mixin.py:150} INFO - [2023-08-02T10:51:19.187+0000] {dag.py:3508} INFO - Setting next_dagrun for example_short_circuit_decorator to 2023-08-01T10:51:19.186736+00:00, run_after=2023-08-02T10:51:19.186736+00:00
[2023-08-02T10:51:19.204+0000] {processor.py:179} INFO - Processing /home/airflow/.local/lib/python3.7/site-packages/airflow/example_dags/example_short_circuit_decorator.py took 0.088 seconds
[2023-08-02T10:51:49.359+0000] {processor.py:157} INFO - Started process (PID=1715) to work on /home/airflow/.local/lib/python3.7/site-packages/airflow/example_dags/example_short_circuit_decorator.py
[2023-08-02T10:51:49.362+0000] {processor.py:826} INFO - Processing file /home/airflow/.local/lib/python3.7/site-packages/airflow/example_dags/example_short_circuit_decorator.py for tasks to queue
[2023-08-02T10:51:49.363+0000] {logging_mixin.py:150} INFO - [2023-08-02T10:51:49.363+0000] {dagbag.py:541} INFO - Filling up the DagBag from /home/airflow/.local/lib/python3.7/site-packages/airflow/example_dags/example_short_circuit_decorator.py
[2023-08-02T10:51:49.372+0000] {processor.py:836} INFO - DAG(s) dict_keys(['example_short_circuit_decorator']) retrieved from /home/airflow/.local/lib/python3.7/site-packages/airflow/example_dags/example_short_circuit_decorator.py
[2023-08-02T10:51:49.395+0000] {logging_mixin.py:150} INFO - [2023-08-02T10:51:49.395+0000] {dag.py:2742} INFO - Sync 1 DAGs
[2023-08-02T10:51:49.452+0000] {logging_mixin.py:150} INFO - [2023-08-02T10:51:49.452+0000] {dag.py:3508} INFO - Setting next_dagrun for example_short_circuit_decorator to 2023-08-01T10:51:49.452231+00:00, run_after=2023-08-02T10:51:49.452231+00:00
[2023-08-02T10:51:49.469+0000] {processor.py:179} INFO - Processing /home/airflow/.local/lib/python3.7/site-packages/airflow/example_dags/example_short_circuit_decorator.py took 0.112 seconds
[2023-08-02T10:52:19.671+0000] {processor.py:157} INFO - Started process (PID=1772) to work on /home/airflow/.local/lib/python3.7/site-packages/airflow/example_dags/example_short_circuit_decorator.py
[2023-08-02T10:52:19.679+0000] {processor.py:826} INFO - Processing file /home/airflow/.local/lib/python3.7/site-packages/airflow/example_dags/example_short_circuit_decorator.py for tasks to queue
[2023-08-02T10:52:19.680+0000] {logging_mixin.py:150} INFO - [2023-08-02T10:52:19.680+0000] {dagbag.py:541} INFO - Filling up the DagBag from /home/airflow/.local/lib/python3.7/site-packages/airflow/example_dags/example_short_circuit_decorator.py
[2023-08-02T10:52:19.688+0000] {processor.py:836} INFO - DAG(s) dict_keys(['example_short_circuit_decorator']) retrieved from /home/airflow/.local/lib/python3.7/site-packages/airflow/example_dags/example_short_circuit_decorator.py
[2023-08-02T10:52:19.710+0000] {logging_mixin.py:150} INFO - [2023-08-02T10:52:19.710+0000] {dag.py:2742} INFO - Sync 1 DAGs
[2023-08-02T10:52:19.727+0000] {logging_mixin.py:150} INFO - [2023-08-02T10:52:19.727+0000] {dag.py:3508} INFO - Setting next_dagrun for example_short_circuit_decorator to 2023-08-01T10:52:19.727632+00:00, run_after=2023-08-02T10:52:19.727632+00:00
[2023-08-02T10:52:19.740+0000] {processor.py:179} INFO - Processing /home/airflow/.local/lib/python3.7/site-packages/airflow/example_dags/example_short_circuit_decorator.py took 0.072 seconds
[2023-08-02T10:52:49.831+0000] {processor.py:157} INFO - Started process (PID=1830) to work on /home/airflow/.local/lib/python3.7/site-packages/airflow/example_dags/example_short_circuit_decorator.py
[2023-08-02T10:52:49.890+0000] {processor.py:826} INFO - Processing file /home/airflow/.local/lib/python3.7/site-packages/airflow/example_dags/example_short_circuit_decorator.py for tasks to queue
[2023-08-02T10:52:49.891+0000] {logging_mixin.py:150} INFO - [2023-08-02T10:52:49.891+0000] {dagbag.py:541} INFO - Filling up the DagBag from /home/airflow/.local/lib/python3.7/site-packages/airflow/example_dags/example_short_circuit_decorator.py
[2023-08-02T10:52:49.901+0000] {processor.py:836} INFO - DAG(s) dict_keys(['example_short_circuit_decorator']) retrieved from /home/airflow/.local/lib/python3.7/site-packages/airflow/example_dags/example_short_circuit_decorator.py
[2023-08-02T10:52:49.924+0000] {logging_mixin.py:150} INFO - [2023-08-02T10:52:49.923+0000] {dag.py:2742} INFO - Sync 1 DAGs
[2023-08-02T10:52:49.942+0000] {logging_mixin.py:150} INFO - [2023-08-02T10:52:49.941+0000] {dag.py:3508} INFO - Setting next_dagrun for example_short_circuit_decorator to 2023-08-01T10:52:49.941631+00:00, run_after=2023-08-02T10:52:49.941631+00:00
[2023-08-02T10:52:49.970+0000] {processor.py:179} INFO - Processing /home/airflow/.local/lib/python3.7/site-packages/airflow/example_dags/example_short_circuit_decorator.py took 0.142 seconds
[2023-08-02T10:53:20.272+0000] {processor.py:157} INFO - Started process (PID=1887) to work on /home/airflow/.local/lib/python3.7/site-packages/airflow/example_dags/example_short_circuit_decorator.py
[2023-08-02T10:53:20.273+0000] {processor.py:826} INFO - Processing file /home/airflow/.local/lib/python3.7/site-packages/airflow/example_dags/example_short_circuit_decorator.py for tasks to queue
[2023-08-02T10:53:20.277+0000] {logging_mixin.py:150} INFO - [2023-08-02T10:53:20.277+0000] {dagbag.py:541} INFO - Filling up the DagBag from /home/airflow/.local/lib/python3.7/site-packages/airflow/example_dags/example_short_circuit_decorator.py
[2023-08-02T10:53:20.286+0000] {processor.py:836} INFO - DAG(s) dict_keys(['example_short_circuit_decorator']) retrieved from /home/airflow/.local/lib/python3.7/site-packages/airflow/example_dags/example_short_circuit_decorator.py
[2023-08-02T10:53:20.311+0000] {logging_mixin.py:150} INFO - [2023-08-02T10:53:20.310+0000] {dag.py:2742} INFO - Sync 1 DAGs
[2023-08-02T10:53:20.330+0000] {logging_mixin.py:150} INFO - [2023-08-02T10:53:20.330+0000] {dag.py:3508} INFO - Setting next_dagrun for example_short_circuit_decorator to 2023-08-01T10:53:20.330266+00:00, run_after=2023-08-02T10:53:20.330266+00:00
[2023-08-02T10:53:20.396+0000] {processor.py:179} INFO - Processing /home/airflow/.local/lib/python3.7/site-packages/airflow/example_dags/example_short_circuit_decorator.py took 0.127 seconds
[2023-08-02T10:53:50.571+0000] {processor.py:157} INFO - Started process (PID=1944) to work on /home/airflow/.local/lib/python3.7/site-packages/airflow/example_dags/example_short_circuit_decorator.py
[2023-08-02T10:53:50.573+0000] {processor.py:826} INFO - Processing file /home/airflow/.local/lib/python3.7/site-packages/airflow/example_dags/example_short_circuit_decorator.py for tasks to queue
[2023-08-02T10:53:50.574+0000] {logging_mixin.py:150} INFO - [2023-08-02T10:53:50.574+0000] {dagbag.py:541} INFO - Filling up the DagBag from /home/airflow/.local/lib/python3.7/site-packages/airflow/example_dags/example_short_circuit_decorator.py
[2023-08-02T10:53:50.583+0000] {processor.py:836} INFO - DAG(s) dict_keys(['example_short_circuit_decorator']) retrieved from /home/airflow/.local/lib/python3.7/site-packages/airflow/example_dags/example_short_circuit_decorator.py
[2023-08-02T10:53:50.605+0000] {logging_mixin.py:150} INFO - [2023-08-02T10:53:50.605+0000] {dag.py:2742} INFO - Sync 1 DAGs
[2023-08-02T10:53:50.623+0000] {logging_mixin.py:150} INFO - [2023-08-02T10:53:50.623+0000] {dag.py:3508} INFO - Setting next_dagrun for example_short_circuit_decorator to 2023-08-01T10:53:50.622993+00:00, run_after=2023-08-02T10:53:50.622993+00:00
[2023-08-02T10:53:50.635+0000] {processor.py:179} INFO - Processing /home/airflow/.local/lib/python3.7/site-packages/airflow/example_dags/example_short_circuit_decorator.py took 0.067 seconds
[2023-08-02T10:54:20.776+0000] {processor.py:157} INFO - Started process (PID=2002) to work on /home/airflow/.local/lib/python3.7/site-packages/airflow/example_dags/example_short_circuit_decorator.py
[2023-08-02T10:54:20.785+0000] {processor.py:826} INFO - Processing file /home/airflow/.local/lib/python3.7/site-packages/airflow/example_dags/example_short_circuit_decorator.py for tasks to queue
[2023-08-02T10:54:20.786+0000] {logging_mixin.py:150} INFO - [2023-08-02T10:54:20.786+0000] {dagbag.py:541} INFO - Filling up the DagBag from /home/airflow/.local/lib/python3.7/site-packages/airflow/example_dags/example_short_circuit_decorator.py
[2023-08-02T10:54:20.795+0000] {processor.py:836} INFO - DAG(s) dict_keys(['example_short_circuit_decorator']) retrieved from /home/airflow/.local/lib/python3.7/site-packages/airflow/example_dags/example_short_circuit_decorator.py
[2023-08-02T10:54:20.817+0000] {logging_mixin.py:150} INFO - [2023-08-02T10:54:20.817+0000] {dag.py:2742} INFO - Sync 1 DAGs
[2023-08-02T10:54:20.835+0000] {logging_mixin.py:150} INFO - [2023-08-02T10:54:20.835+0000] {dag.py:3508} INFO - Setting next_dagrun for example_short_circuit_decorator to 2023-08-01T10:54:20.835384+00:00, run_after=2023-08-02T10:54:20.835384+00:00
[2023-08-02T10:54:20.851+0000] {processor.py:179} INFO - Processing /home/airflow/.local/lib/python3.7/site-packages/airflow/example_dags/example_short_circuit_decorator.py took 0.078 seconds
[2023-08-02T10:54:50.943+0000] {processor.py:157} INFO - Started process (PID=2060) to work on /home/airflow/.local/lib/python3.7/site-packages/airflow/example_dags/example_short_circuit_decorator.py
[2023-08-02T10:54:50.945+0000] {processor.py:826} INFO - Processing file /home/airflow/.local/lib/python3.7/site-packages/airflow/example_dags/example_short_circuit_decorator.py for tasks to queue
[2023-08-02T10:54:50.947+0000] {logging_mixin.py:150} INFO - [2023-08-02T10:54:50.947+0000] {dagbag.py:541} INFO - Filling up the DagBag from /home/airflow/.local/lib/python3.7/site-packages/airflow/example_dags/example_short_circuit_decorator.py
[2023-08-02T10:54:50.955+0000] {processor.py:836} INFO - DAG(s) dict_keys(['example_short_circuit_decorator']) retrieved from /home/airflow/.local/lib/python3.7/site-packages/airflow/example_dags/example_short_circuit_decorator.py
[2023-08-02T10:54:50.979+0000] {logging_mixin.py:150} INFO - [2023-08-02T10:54:50.978+0000] {dag.py:2742} INFO - Sync 1 DAGs
[2023-08-02T10:54:50.996+0000] {logging_mixin.py:150} INFO - [2023-08-02T10:54:50.996+0000] {dag.py:3508} INFO - Setting next_dagrun for example_short_circuit_decorator to 2023-08-01T10:54:50.995898+00:00, run_after=2023-08-02T10:54:50.995898+00:00
[2023-08-02T10:54:51.008+0000] {processor.py:179} INFO - Processing /home/airflow/.local/lib/python3.7/site-packages/airflow/example_dags/example_short_circuit_decorator.py took 0.068 seconds
[2023-08-02T10:55:21.731+0000] {processor.py:157} INFO - Started process (PID=2117) to work on /home/airflow/.local/lib/python3.7/site-packages/airflow/example_dags/example_short_circuit_decorator.py
[2023-08-02T10:55:21.733+0000] {processor.py:826} INFO - Processing file /home/airflow/.local/lib/python3.7/site-packages/airflow/example_dags/example_short_circuit_decorator.py for tasks to queue
[2023-08-02T10:55:21.734+0000] {logging_mixin.py:150} INFO - [2023-08-02T10:55:21.734+0000] {dagbag.py:541} INFO - Filling up the DagBag from /home/airflow/.local/lib/python3.7/site-packages/airflow/example_dags/example_short_circuit_decorator.py
[2023-08-02T10:55:21.743+0000] {processor.py:836} INFO - DAG(s) dict_keys(['example_short_circuit_decorator']) retrieved from /home/airflow/.local/lib/python3.7/site-packages/airflow/example_dags/example_short_circuit_decorator.py
[2023-08-02T10:55:21.768+0000] {logging_mixin.py:150} INFO - [2023-08-02T10:55:21.767+0000] {dag.py:2742} INFO - Sync 1 DAGs
[2023-08-02T10:55:21.841+0000] {logging_mixin.py:150} INFO - [2023-08-02T10:55:21.841+0000] {dag.py:3508} INFO - Setting next_dagrun for example_short_circuit_decorator to 2023-08-01T10:55:21.841592+00:00, run_after=2023-08-02T10:55:21.841592+00:00
[2023-08-02T10:55:21.855+0000] {processor.py:179} INFO - Processing /home/airflow/.local/lib/python3.7/site-packages/airflow/example_dags/example_short_circuit_decorator.py took 0.128 seconds
[2023-08-02T12:19:21.097+0000] {processor.py:157} INFO - Started process (PID=2175) to work on /home/airflow/.local/lib/python3.7/site-packages/airflow/example_dags/example_short_circuit_decorator.py
[2023-08-02T12:19:21.099+0000] {processor.py:826} INFO - Processing file /home/airflow/.local/lib/python3.7/site-packages/airflow/example_dags/example_short_circuit_decorator.py for tasks to queue
[2023-08-02T12:19:21.100+0000] {logging_mixin.py:150} INFO - [2023-08-02T12:19:21.100+0000] {dagbag.py:541} INFO - Filling up the DagBag from /home/airflow/.local/lib/python3.7/site-packages/airflow/example_dags/example_short_circuit_decorator.py
[2023-08-02T12:19:21.111+0000] {processor.py:836} INFO - DAG(s) dict_keys(['example_short_circuit_decorator']) retrieved from /home/airflow/.local/lib/python3.7/site-packages/airflow/example_dags/example_short_circuit_decorator.py
[2023-08-02T12:19:21.143+0000] {logging_mixin.py:150} INFO - [2023-08-02T12:19:21.142+0000] {dag.py:2742} INFO - Sync 1 DAGs
[2023-08-02T12:19:21.164+0000] {logging_mixin.py:150} INFO - [2023-08-02T12:19:21.163+0000] {dag.py:3508} INFO - Setting next_dagrun for example_short_circuit_decorator to 2023-08-01T12:19:21.163442+00:00, run_after=2023-08-02T12:19:21.163442+00:00
[2023-08-02T12:19:21.183+0000] {processor.py:179} INFO - Processing /home/airflow/.local/lib/python3.7/site-packages/airflow/example_dags/example_short_circuit_decorator.py took 0.090 seconds
[2023-08-02T13:26:13.561+0000] {processor.py:157} INFO - Started process (PID=2232) to work on /home/airflow/.local/lib/python3.7/site-packages/airflow/example_dags/example_short_circuit_decorator.py
[2023-08-02T13:26:13.563+0000] {processor.py:826} INFO - Processing file /home/airflow/.local/lib/python3.7/site-packages/airflow/example_dags/example_short_circuit_decorator.py for tasks to queue
[2023-08-02T13:26:13.564+0000] {logging_mixin.py:150} INFO - [2023-08-02T13:26:13.563+0000] {dagbag.py:541} INFO - Filling up the DagBag from /home/airflow/.local/lib/python3.7/site-packages/airflow/example_dags/example_short_circuit_decorator.py
[2023-08-02T13:26:13.572+0000] {processor.py:836} INFO - DAG(s) dict_keys(['example_short_circuit_decorator']) retrieved from /home/airflow/.local/lib/python3.7/site-packages/airflow/example_dags/example_short_circuit_decorator.py
[2023-08-02T13:26:13.597+0000] {logging_mixin.py:150} INFO - [2023-08-02T13:26:13.597+0000] {dag.py:2742} INFO - Sync 1 DAGs
[2023-08-02T13:26:13.615+0000] {logging_mixin.py:150} INFO - [2023-08-02T13:26:13.615+0000] {dag.py:3508} INFO - Setting next_dagrun for example_short_circuit_decorator to 2023-08-01T13:26:13.615158+00:00, run_after=2023-08-02T13:26:13.615158+00:00
[2023-08-02T13:26:13.629+0000] {processor.py:179} INFO - Processing /home/airflow/.local/lib/python3.7/site-packages/airflow/example_dags/example_short_circuit_decorator.py took 0.072 seconds
[2023-08-02T14:49:12.699+0000] {processor.py:157} INFO - Started process (PID=2290) to work on /home/airflow/.local/lib/python3.7/site-packages/airflow/example_dags/example_short_circuit_decorator.py
[2023-08-02T14:49:12.709+0000] {processor.py:826} INFO - Processing file /home/airflow/.local/lib/python3.7/site-packages/airflow/example_dags/example_short_circuit_decorator.py for tasks to queue
[2023-08-02T14:49:12.711+0000] {logging_mixin.py:150} INFO - [2023-08-02T14:49:12.711+0000] {dagbag.py:541} INFO - Filling up the DagBag from /home/airflow/.local/lib/python3.7/site-packages/airflow/example_dags/example_short_circuit_decorator.py
[2023-08-02T14:49:12.719+0000] {processor.py:836} INFO - DAG(s) dict_keys(['example_short_circuit_decorator']) retrieved from /home/airflow/.local/lib/python3.7/site-packages/airflow/example_dags/example_short_circuit_decorator.py
[2023-08-02T14:49:12.742+0000] {logging_mixin.py:150} INFO - [2023-08-02T14:49:12.742+0000] {dag.py:2742} INFO - Sync 1 DAGs
[2023-08-02T14:49:12.760+0000] {logging_mixin.py:150} INFO - [2023-08-02T14:49:12.760+0000] {dag.py:3508} INFO - Setting next_dagrun for example_short_circuit_decorator to 2023-08-01T14:49:12.760120+00:00, run_after=2023-08-02T14:49:12.760120+00:00
[2023-08-02T14:49:12.777+0000] {processor.py:179} INFO - Processing /home/airflow/.local/lib/python3.7/site-packages/airflow/example_dags/example_short_circuit_decorator.py took 0.081 seconds
[2023-08-02T15:54:29.317+0000] {processor.py:157} INFO - Started process (PID=2346) to work on /home/airflow/.local/lib/python3.7/site-packages/airflow/example_dags/example_short_circuit_decorator.py
[2023-08-02T15:54:29.319+0000] {processor.py:826} INFO - Processing file /home/airflow/.local/lib/python3.7/site-packages/airflow/example_dags/example_short_circuit_decorator.py for tasks to queue
[2023-08-02T15:54:29.320+0000] {logging_mixin.py:150} INFO - [2023-08-02T15:54:29.320+0000] {dagbag.py:541} INFO - Filling up the DagBag from /home/airflow/.local/lib/python3.7/site-packages/airflow/example_dags/example_short_circuit_decorator.py
[2023-08-02T15:54:29.387+0000] {processor.py:836} INFO - DAG(s) dict_keys(['example_short_circuit_decorator']) retrieved from /home/airflow/.local/lib/python3.7/site-packages/airflow/example_dags/example_short_circuit_decorator.py
[2023-08-02T15:54:29.414+0000] {logging_mixin.py:150} INFO - [2023-08-02T15:54:29.414+0000] {dag.py:2742} INFO - Sync 1 DAGs
[2023-08-02T15:54:29.446+0000] {logging_mixin.py:150} INFO - [2023-08-02T15:54:29.446+0000] {dag.py:3508} INFO - Setting next_dagrun for example_short_circuit_decorator to 2023-08-01T15:54:29.446490+00:00, run_after=2023-08-02T15:54:29.446490+00:00
[2023-08-02T15:54:29.476+0000] {processor.py:179} INFO - Processing /home/airflow/.local/lib/python3.7/site-packages/airflow/example_dags/example_short_circuit_decorator.py took 0.163 seconds
[2023-08-02T16:26:54.268+0000] {processor.py:157} INFO - Started process (PID=2403) to work on /home/airflow/.local/lib/python3.7/site-packages/airflow/example_dags/example_short_circuit_decorator.py
[2023-08-02T16:26:54.271+0000] {processor.py:826} INFO - Processing file /home/airflow/.local/lib/python3.7/site-packages/airflow/example_dags/example_short_circuit_decorator.py for tasks to queue
[2023-08-02T16:26:54.274+0000] {logging_mixin.py:150} INFO - [2023-08-02T16:26:54.273+0000] {dagbag.py:541} INFO - Filling up the DagBag from /home/airflow/.local/lib/python3.7/site-packages/airflow/example_dags/example_short_circuit_decorator.py
[2023-08-02T16:26:54.284+0000] {processor.py:836} INFO - DAG(s) dict_keys(['example_short_circuit_decorator']) retrieved from /home/airflow/.local/lib/python3.7/site-packages/airflow/example_dags/example_short_circuit_decorator.py
[2023-08-02T16:26:54.319+0000] {logging_mixin.py:150} INFO - [2023-08-02T16:26:54.319+0000] {dag.py:2742} INFO - Sync 1 DAGs
[2023-08-02T16:26:54.345+0000] {logging_mixin.py:150} INFO - [2023-08-02T16:26:54.345+0000] {dag.py:3508} INFO - Setting next_dagrun for example_short_circuit_decorator to 2023-08-01T16:26:54.345419+00:00, run_after=2023-08-02T16:26:54.345419+00:00
[2023-08-02T16:26:54.364+0000] {processor.py:179} INFO - Processing /home/airflow/.local/lib/python3.7/site-packages/airflow/example_dags/example_short_circuit_decorator.py took 0.099 seconds
[2023-08-02T17:14:38.452+0000] {processor.py:157} INFO - Started process (PID=2461) to work on /home/airflow/.local/lib/python3.7/site-packages/airflow/example_dags/example_short_circuit_decorator.py
[2023-08-02T17:14:38.463+0000] {processor.py:826} INFO - Processing file /home/airflow/.local/lib/python3.7/site-packages/airflow/example_dags/example_short_circuit_decorator.py for tasks to queue
[2023-08-02T17:14:38.465+0000] {logging_mixin.py:150} INFO - [2023-08-02T17:14:38.465+0000] {dagbag.py:541} INFO - Filling up the DagBag from /home/airflow/.local/lib/python3.7/site-packages/airflow/example_dags/example_short_circuit_decorator.py
[2023-08-02T17:14:38.474+0000] {processor.py:836} INFO - DAG(s) dict_keys(['example_short_circuit_decorator']) retrieved from /home/airflow/.local/lib/python3.7/site-packages/airflow/example_dags/example_short_circuit_decorator.py
[2023-08-02T17:14:38.497+0000] {logging_mixin.py:150} INFO - [2023-08-02T17:14:38.497+0000] {dag.py:2742} INFO - Sync 1 DAGs
[2023-08-02T17:14:38.516+0000] {logging_mixin.py:150} INFO - [2023-08-02T17:14:38.516+0000] {dag.py:3508} INFO - Setting next_dagrun for example_short_circuit_decorator to 2023-08-01T17:14:38.516235+00:00, run_after=2023-08-02T17:14:38.516235+00:00
[2023-08-02T17:14:38.529+0000] {processor.py:179} INFO - Processing /home/airflow/.local/lib/python3.7/site-packages/airflow/example_dags/example_short_circuit_decorator.py took 0.080 seconds
[2023-08-02T18:59:11.587+0000] {processor.py:157} INFO - Started process (PID=2518) to work on /home/airflow/.local/lib/python3.7/site-packages/airflow/example_dags/example_short_circuit_decorator.py
[2023-08-02T18:59:11.589+0000] {processor.py:826} INFO - Processing file /home/airflow/.local/lib/python3.7/site-packages/airflow/example_dags/example_short_circuit_decorator.py for tasks to queue
[2023-08-02T18:59:11.590+0000] {logging_mixin.py:150} INFO - [2023-08-02T18:59:11.590+0000] {dagbag.py:541} INFO - Filling up the DagBag from /home/airflow/.local/lib/python3.7/site-packages/airflow/example_dags/example_short_circuit_decorator.py
[2023-08-02T18:59:11.599+0000] {processor.py:836} INFO - DAG(s) dict_keys(['example_short_circuit_decorator']) retrieved from /home/airflow/.local/lib/python3.7/site-packages/airflow/example_dags/example_short_circuit_decorator.py
[2023-08-02T18:59:11.624+0000] {logging_mixin.py:150} INFO - [2023-08-02T18:59:11.624+0000] {dag.py:2742} INFO - Sync 1 DAGs
[2023-08-02T18:59:11.648+0000] {logging_mixin.py:150} INFO - [2023-08-02T18:59:11.648+0000] {dag.py:3508} INFO - Setting next_dagrun for example_short_circuit_decorator to 2023-08-01T18:59:11.648427+00:00, run_after=2023-08-02T18:59:11.648427+00:00
[2023-08-02T18:59:11.718+0000] {processor.py:179} INFO - Processing /home/airflow/.local/lib/python3.7/site-packages/airflow/example_dags/example_short_circuit_decorator.py took 0.134 seconds
[2023-08-02T20:21:34.578+0000] {processor.py:157} INFO - Started process (PID=2576) to work on /home/airflow/.local/lib/python3.7/site-packages/airflow/example_dags/example_short_circuit_decorator.py
[2023-08-02T20:21:34.580+0000] {processor.py:826} INFO - Processing file /home/airflow/.local/lib/python3.7/site-packages/airflow/example_dags/example_short_circuit_decorator.py for tasks to queue
[2023-08-02T20:21:34.582+0000] {logging_mixin.py:150} INFO - [2023-08-02T20:21:34.582+0000] {dagbag.py:541} INFO - Filling up the DagBag from /home/airflow/.local/lib/python3.7/site-packages/airflow/example_dags/example_short_circuit_decorator.py
[2023-08-02T20:21:34.591+0000] {processor.py:836} INFO - DAG(s) dict_keys(['example_short_circuit_decorator']) retrieved from /home/airflow/.local/lib/python3.7/site-packages/airflow/example_dags/example_short_circuit_decorator.py
[2023-08-02T20:21:34.618+0000] {logging_mixin.py:150} INFO - [2023-08-02T20:21:34.618+0000] {dag.py:2742} INFO - Sync 1 DAGs
[2023-08-02T20:21:34.639+0000] {logging_mixin.py:150} INFO - [2023-08-02T20:21:34.639+0000] {dag.py:3508} INFO - Setting next_dagrun for example_short_circuit_decorator to 2023-08-01T20:21:34.638793+00:00, run_after=2023-08-02T20:21:34.638793+00:00
[2023-08-02T20:21:34.658+0000] {processor.py:179} INFO - Processing /home/airflow/.local/lib/python3.7/site-packages/airflow/example_dags/example_short_circuit_decorator.py took 0.083 seconds
[2023-08-02T22:03:30.380+0000] {processor.py:157} INFO - Started process (PID=2633) to work on /home/airflow/.local/lib/python3.7/site-packages/airflow/example_dags/example_short_circuit_decorator.py
[2023-08-02T22:03:30.382+0000] {processor.py:826} INFO - Processing file /home/airflow/.local/lib/python3.7/site-packages/airflow/example_dags/example_short_circuit_decorator.py for tasks to queue
[2023-08-02T22:03:30.383+0000] {logging_mixin.py:150} INFO - [2023-08-02T22:03:30.383+0000] {dagbag.py:541} INFO - Filling up the DagBag from /home/airflow/.local/lib/python3.7/site-packages/airflow/example_dags/example_short_circuit_decorator.py
[2023-08-02T22:03:30.394+0000] {processor.py:836} INFO - DAG(s) dict_keys(['example_short_circuit_decorator']) retrieved from /home/airflow/.local/lib/python3.7/site-packages/airflow/example_dags/example_short_circuit_decorator.py
[2023-08-02T22:03:30.422+0000] {logging_mixin.py:150} INFO - [2023-08-02T22:03:30.422+0000] {dag.py:2742} INFO - Sync 1 DAGs
[2023-08-02T22:03:30.451+0000] {logging_mixin.py:150} INFO - [2023-08-02T22:03:30.451+0000] {dag.py:3508} INFO - Setting next_dagrun for example_short_circuit_decorator to 2023-08-01T22:03:30.451113+00:00, run_after=2023-08-02T22:03:30.451113+00:00
[2023-08-02T22:03:30.475+0000] {processor.py:179} INFO - Processing /home/airflow/.local/lib/python3.7/site-packages/airflow/example_dags/example_short_circuit_decorator.py took 0.098 seconds
[2023-08-02T23:27:16.372+0000] {processor.py:157} INFO - Started process (PID=2690) to work on /home/airflow/.local/lib/python3.7/site-packages/airflow/example_dags/example_short_circuit_decorator.py
[2023-08-02T23:27:16.374+0000] {processor.py:826} INFO - Processing file /home/airflow/.local/lib/python3.7/site-packages/airflow/example_dags/example_short_circuit_decorator.py for tasks to queue
[2023-08-02T23:27:16.375+0000] {logging_mixin.py:150} INFO - [2023-08-02T23:27:16.375+0000] {dagbag.py:541} INFO - Filling up the DagBag from /home/airflow/.local/lib/python3.7/site-packages/airflow/example_dags/example_short_circuit_decorator.py
[2023-08-02T23:27:16.383+0000] {processor.py:836} INFO - DAG(s) dict_keys(['example_short_circuit_decorator']) retrieved from /home/airflow/.local/lib/python3.7/site-packages/airflow/example_dags/example_short_circuit_decorator.py
[2023-08-02T23:27:16.408+0000] {logging_mixin.py:150} INFO - [2023-08-02T23:27:16.408+0000] {dag.py:2742} INFO - Sync 1 DAGs
[2023-08-02T23:27:16.427+0000] {logging_mixin.py:150} INFO - [2023-08-02T23:27:16.427+0000] {dag.py:3508} INFO - Setting next_dagrun for example_short_circuit_decorator to 2023-08-01T23:27:16.427041+00:00, run_after=2023-08-02T23:27:16.427041+00:00
[2023-08-02T23:27:16.440+0000] {processor.py:179} INFO - Processing /home/airflow/.local/lib/python3.7/site-packages/airflow/example_dags/example_short_circuit_decorator.py took 0.071 seconds
