[2023-08-02T10:37:03.283+0000] {processor.py:157} INFO - Started process (PID=52) to work on /home/airflow/.local/lib/python3.7/site-packages/airflow/example_dags/example_branch_labels.py
[2023-08-02T10:37:03.289+0000] {processor.py:826} INFO - Processing file /home/airflow/.local/lib/python3.7/site-packages/airflow/example_dags/example_branch_labels.py for tasks to queue
[2023-08-02T10:37:03.293+0000] {logging_mixin.py:150} INFO - [2023-08-02T10:37:03.293+0000] {dagbag.py:541} INFO - Filling up the DagBag from /home/airflow/.local/lib/python3.7/site-packages/airflow/example_dags/example_branch_labels.py
[2023-08-02T10:37:03.324+0000] {processor.py:836} INFO - DAG(s) dict_keys(['example_branch_labels']) retrieved from /home/airflow/.local/lib/python3.7/site-packages/airflow/example_dags/example_branch_labels.py
[2023-08-02T10:37:03.349+0000] {logging_mixin.py:150} INFO - [2023-08-02T10:37:03.349+0000] {dag.py:2742} INFO - Sync 1 DAGs
[2023-08-02T10:37:03.511+0000] {logging_mixin.py:150} INFO - [2023-08-02T10:37:03.511+0000] {dag.py:3508} INFO - Setting next_dagrun for example_branch_labels to 2023-08-01T00:00:00+00:00, run_after=2023-08-02T00:00:00+00:00
[2023-08-02T10:37:03.556+0000] {processor.py:179} INFO - Processing /home/airflow/.local/lib/python3.7/site-packages/airflow/example_dags/example_branch_labels.py took 0.277 seconds
[2023-08-02T10:37:33.936+0000] {processor.py:157} INFO - Started process (PID=109) to work on /home/airflow/.local/lib/python3.7/site-packages/airflow/example_dags/example_branch_labels.py
[2023-08-02T10:37:33.939+0000] {processor.py:826} INFO - Processing file /home/airflow/.local/lib/python3.7/site-packages/airflow/example_dags/example_branch_labels.py for tasks to queue
[2023-08-02T10:37:33.942+0000] {logging_mixin.py:150} INFO - [2023-08-02T10:37:33.941+0000] {dagbag.py:541} INFO - Filling up the DagBag from /home/airflow/.local/lib/python3.7/site-packages/airflow/example_dags/example_branch_labels.py
[2023-08-02T10:37:33.953+0000] {processor.py:836} INFO - DAG(s) dict_keys(['example_branch_labels']) retrieved from /home/airflow/.local/lib/python3.7/site-packages/airflow/example_dags/example_branch_labels.py
[2023-08-02T10:37:33.980+0000] {logging_mixin.py:150} INFO - [2023-08-02T10:37:33.980+0000] {dag.py:2742} INFO - Sync 1 DAGs
[2023-08-02T10:37:34.003+0000] {logging_mixin.py:150} INFO - [2023-08-02T10:37:34.003+0000] {dag.py:3508} INFO - Setting next_dagrun for example_branch_labels to 2023-08-01T00:00:00+00:00, run_after=2023-08-02T00:00:00+00:00
[2023-08-02T10:37:34.015+0000] {processor.py:179} INFO - Processing /home/airflow/.local/lib/python3.7/site-packages/airflow/example_dags/example_branch_labels.py took 0.083 seconds
[2023-08-02T10:38:04.125+0000] {processor.py:157} INFO - Started process (PID=165) to work on /home/airflow/.local/lib/python3.7/site-packages/airflow/example_dags/example_branch_labels.py
[2023-08-02T10:38:04.127+0000] {processor.py:826} INFO - Processing file /home/airflow/.local/lib/python3.7/site-packages/airflow/example_dags/example_branch_labels.py for tasks to queue
[2023-08-02T10:38:04.128+0000] {logging_mixin.py:150} INFO - [2023-08-02T10:38:04.128+0000] {dagbag.py:541} INFO - Filling up the DagBag from /home/airflow/.local/lib/python3.7/site-packages/airflow/example_dags/example_branch_labels.py
[2023-08-02T10:38:04.134+0000] {processor.py:836} INFO - DAG(s) dict_keys(['example_branch_labels']) retrieved from /home/airflow/.local/lib/python3.7/site-packages/airflow/example_dags/example_branch_labels.py
[2023-08-02T10:38:04.156+0000] {logging_mixin.py:150} INFO - [2023-08-02T10:38:04.156+0000] {dag.py:2742} INFO - Sync 1 DAGs
[2023-08-02T10:38:04.172+0000] {logging_mixin.py:150} INFO - [2023-08-02T10:38:04.172+0000] {dag.py:3508} INFO - Setting next_dagrun for example_branch_labels to 2023-08-01T00:00:00+00:00, run_after=2023-08-02T00:00:00+00:00
[2023-08-02T10:38:04.182+0000] {processor.py:179} INFO - Processing /home/airflow/.local/lib/python3.7/site-packages/airflow/example_dags/example_branch_labels.py took 0.060 seconds
[2023-08-02T10:38:34.778+0000] {processor.py:157} INFO - Started process (PID=223) to work on /home/airflow/.local/lib/python3.7/site-packages/airflow/example_dags/example_branch_labels.py
[2023-08-02T10:38:34.784+0000] {processor.py:826} INFO - Processing file /home/airflow/.local/lib/python3.7/site-packages/airflow/example_dags/example_branch_labels.py for tasks to queue
[2023-08-02T10:38:34.785+0000] {logging_mixin.py:150} INFO - [2023-08-02T10:38:34.785+0000] {dagbag.py:541} INFO - Filling up the DagBag from /home/airflow/.local/lib/python3.7/site-packages/airflow/example_dags/example_branch_labels.py
[2023-08-02T10:38:34.792+0000] {processor.py:836} INFO - DAG(s) dict_keys(['example_branch_labels']) retrieved from /home/airflow/.local/lib/python3.7/site-packages/airflow/example_dags/example_branch_labels.py
[2023-08-02T10:38:34.814+0000] {logging_mixin.py:150} INFO - [2023-08-02T10:38:34.814+0000] {dag.py:2742} INFO - Sync 1 DAGs
[2023-08-02T10:38:34.831+0000] {logging_mixin.py:150} INFO - [2023-08-02T10:38:34.831+0000] {dag.py:3508} INFO - Setting next_dagrun for example_branch_labels to 2023-08-01T00:00:00+00:00, run_after=2023-08-02T00:00:00+00:00
[2023-08-02T10:38:34.844+0000] {processor.py:179} INFO - Processing /home/airflow/.local/lib/python3.7/site-packages/airflow/example_dags/example_branch_labels.py took 0.069 seconds
[2023-08-02T10:39:05.188+0000] {processor.py:157} INFO - Started process (PID=280) to work on /home/airflow/.local/lib/python3.7/site-packages/airflow/example_dags/example_branch_labels.py
[2023-08-02T10:39:05.191+0000] {processor.py:826} INFO - Processing file /home/airflow/.local/lib/python3.7/site-packages/airflow/example_dags/example_branch_labels.py for tasks to queue
[2023-08-02T10:39:05.192+0000] {logging_mixin.py:150} INFO - [2023-08-02T10:39:05.192+0000] {dagbag.py:541} INFO - Filling up the DagBag from /home/airflow/.local/lib/python3.7/site-packages/airflow/example_dags/example_branch_labels.py
[2023-08-02T10:39:05.200+0000] {processor.py:836} INFO - DAG(s) dict_keys(['example_branch_labels']) retrieved from /home/airflow/.local/lib/python3.7/site-packages/airflow/example_dags/example_branch_labels.py
[2023-08-02T10:39:05.234+0000] {logging_mixin.py:150} INFO - [2023-08-02T10:39:05.234+0000] {dag.py:2742} INFO - Sync 1 DAGs
[2023-08-02T10:39:05.255+0000] {logging_mixin.py:150} INFO - [2023-08-02T10:39:05.255+0000] {dag.py:3508} INFO - Setting next_dagrun for example_branch_labels to 2023-08-01T00:00:00+00:00, run_after=2023-08-02T00:00:00+00:00
[2023-08-02T10:39:05.269+0000] {processor.py:179} INFO - Processing /home/airflow/.local/lib/python3.7/site-packages/airflow/example_dags/example_branch_labels.py took 0.084 seconds
[2023-08-02T10:39:35.530+0000] {processor.py:157} INFO - Started process (PID=337) to work on /home/airflow/.local/lib/python3.7/site-packages/airflow/example_dags/example_branch_labels.py
[2023-08-02T10:39:35.532+0000] {processor.py:826} INFO - Processing file /home/airflow/.local/lib/python3.7/site-packages/airflow/example_dags/example_branch_labels.py for tasks to queue
[2023-08-02T10:39:35.534+0000] {logging_mixin.py:150} INFO - [2023-08-02T10:39:35.533+0000] {dagbag.py:541} INFO - Filling up the DagBag from /home/airflow/.local/lib/python3.7/site-packages/airflow/example_dags/example_branch_labels.py
[2023-08-02T10:39:35.540+0000] {processor.py:836} INFO - DAG(s) dict_keys(['example_branch_labels']) retrieved from /home/airflow/.local/lib/python3.7/site-packages/airflow/example_dags/example_branch_labels.py
[2023-08-02T10:39:35.577+0000] {logging_mixin.py:150} INFO - [2023-08-02T10:39:35.576+0000] {dag.py:2742} INFO - Sync 1 DAGs
[2023-08-02T10:39:35.603+0000] {logging_mixin.py:150} INFO - [2023-08-02T10:39:35.603+0000] {dag.py:3508} INFO - Setting next_dagrun for example_branch_labels to 2023-08-01T00:00:00+00:00, run_after=2023-08-02T00:00:00+00:00
[2023-08-02T10:39:35.616+0000] {processor.py:179} INFO - Processing /home/airflow/.local/lib/python3.7/site-packages/airflow/example_dags/example_branch_labels.py took 0.089 seconds
[2023-08-02T10:40:05.887+0000] {processor.py:157} INFO - Started process (PID=393) to work on /home/airflow/.local/lib/python3.7/site-packages/airflow/example_dags/example_branch_labels.py
[2023-08-02T10:40:05.890+0000] {processor.py:826} INFO - Processing file /home/airflow/.local/lib/python3.7/site-packages/airflow/example_dags/example_branch_labels.py for tasks to queue
[2023-08-02T10:40:05.892+0000] {logging_mixin.py:150} INFO - [2023-08-02T10:40:05.892+0000] {dagbag.py:541} INFO - Filling up the DagBag from /home/airflow/.local/lib/python3.7/site-packages/airflow/example_dags/example_branch_labels.py
[2023-08-02T10:40:05.901+0000] {processor.py:836} INFO - DAG(s) dict_keys(['example_branch_labels']) retrieved from /home/airflow/.local/lib/python3.7/site-packages/airflow/example_dags/example_branch_labels.py
[2023-08-02T10:40:05.932+0000] {logging_mixin.py:150} INFO - [2023-08-02T10:40:05.932+0000] {dag.py:2742} INFO - Sync 1 DAGs
[2023-08-02T10:40:06.009+0000] {logging_mixin.py:150} INFO - [2023-08-02T10:40:06.008+0000] {dag.py:3508} INFO - Setting next_dagrun for example_branch_labels to 2023-08-01T00:00:00+00:00, run_after=2023-08-02T00:00:00+00:00
[2023-08-02T10:40:06.029+0000] {processor.py:179} INFO - Processing /home/airflow/.local/lib/python3.7/site-packages/airflow/example_dags/example_branch_labels.py took 0.146 seconds
[2023-08-02T10:40:36.473+0000] {processor.py:157} INFO - Started process (PID=450) to work on /home/airflow/.local/lib/python3.7/site-packages/airflow/example_dags/example_branch_labels.py
[2023-08-02T10:40:36.475+0000] {processor.py:826} INFO - Processing file /home/airflow/.local/lib/python3.7/site-packages/airflow/example_dags/example_branch_labels.py for tasks to queue
[2023-08-02T10:40:36.476+0000] {logging_mixin.py:150} INFO - [2023-08-02T10:40:36.476+0000] {dagbag.py:541} INFO - Filling up the DagBag from /home/airflow/.local/lib/python3.7/site-packages/airflow/example_dags/example_branch_labels.py
[2023-08-02T10:40:36.483+0000] {processor.py:836} INFO - DAG(s) dict_keys(['example_branch_labels']) retrieved from /home/airflow/.local/lib/python3.7/site-packages/airflow/example_dags/example_branch_labels.py
[2023-08-02T10:40:36.511+0000] {logging_mixin.py:150} INFO - [2023-08-02T10:40:36.511+0000] {dag.py:2742} INFO - Sync 1 DAGs
[2023-08-02T10:40:36.532+0000] {logging_mixin.py:150} INFO - [2023-08-02T10:40:36.532+0000] {dag.py:3508} INFO - Setting next_dagrun for example_branch_labels to 2023-08-01T00:00:00+00:00, run_after=2023-08-02T00:00:00+00:00
[2023-08-02T10:40:36.544+0000] {processor.py:179} INFO - Processing /home/airflow/.local/lib/python3.7/site-packages/airflow/example_dags/example_branch_labels.py took 0.074 seconds
[2023-08-02T10:41:07.236+0000] {processor.py:157} INFO - Started process (PID=507) to work on /home/airflow/.local/lib/python3.7/site-packages/airflow/example_dags/example_branch_labels.py
[2023-08-02T10:41:07.239+0000] {processor.py:826} INFO - Processing file /home/airflow/.local/lib/python3.7/site-packages/airflow/example_dags/example_branch_labels.py for tasks to queue
[2023-08-02T10:41:07.241+0000] {logging_mixin.py:150} INFO - [2023-08-02T10:41:07.241+0000] {dagbag.py:541} INFO - Filling up the DagBag from /home/airflow/.local/lib/python3.7/site-packages/airflow/example_dags/example_branch_labels.py
[2023-08-02T10:41:07.248+0000] {processor.py:836} INFO - DAG(s) dict_keys(['example_branch_labels']) retrieved from /home/airflow/.local/lib/python3.7/site-packages/airflow/example_dags/example_branch_labels.py
[2023-08-02T10:41:07.273+0000] {logging_mixin.py:150} INFO - [2023-08-02T10:41:07.272+0000] {dag.py:2742} INFO - Sync 1 DAGs
[2023-08-02T10:41:07.293+0000] {logging_mixin.py:150} INFO - [2023-08-02T10:41:07.293+0000] {dag.py:3508} INFO - Setting next_dagrun for example_branch_labels to 2023-08-01T00:00:00+00:00, run_after=2023-08-02T00:00:00+00:00
[2023-08-02T10:41:07.307+0000] {processor.py:179} INFO - Processing /home/airflow/.local/lib/python3.7/site-packages/airflow/example_dags/example_branch_labels.py took 0.075 seconds
[2023-08-02T10:41:37.741+0000] {processor.py:157} INFO - Started process (PID=564) to work on /home/airflow/.local/lib/python3.7/site-packages/airflow/example_dags/example_branch_labels.py
[2023-08-02T10:41:37.746+0000] {processor.py:826} INFO - Processing file /home/airflow/.local/lib/python3.7/site-packages/airflow/example_dags/example_branch_labels.py for tasks to queue
[2023-08-02T10:41:37.747+0000] {logging_mixin.py:150} INFO - [2023-08-02T10:41:37.747+0000] {dagbag.py:541} INFO - Filling up the DagBag from /home/airflow/.local/lib/python3.7/site-packages/airflow/example_dags/example_branch_labels.py
[2023-08-02T10:41:37.754+0000] {processor.py:836} INFO - DAG(s) dict_keys(['example_branch_labels']) retrieved from /home/airflow/.local/lib/python3.7/site-packages/airflow/example_dags/example_branch_labels.py
[2023-08-02T10:41:37.781+0000] {logging_mixin.py:150} INFO - [2023-08-02T10:41:37.781+0000] {dag.py:2742} INFO - Sync 1 DAGs
[2023-08-02T10:41:37.810+0000] {logging_mixin.py:150} INFO - [2023-08-02T10:41:37.810+0000] {dag.py:3508} INFO - Setting next_dagrun for example_branch_labels to 2023-08-01T00:00:00+00:00, run_after=2023-08-02T00:00:00+00:00
[2023-08-02T10:41:37.835+0000] {processor.py:179} INFO - Processing /home/airflow/.local/lib/python3.7/site-packages/airflow/example_dags/example_branch_labels.py took 0.098 seconds
[2023-08-02T10:42:08.208+0000] {processor.py:157} INFO - Started process (PID=621) to work on /home/airflow/.local/lib/python3.7/site-packages/airflow/example_dags/example_branch_labels.py
[2023-08-02T10:42:08.218+0000] {processor.py:826} INFO - Processing file /home/airflow/.local/lib/python3.7/site-packages/airflow/example_dags/example_branch_labels.py for tasks to queue
[2023-08-02T10:42:08.220+0000] {logging_mixin.py:150} INFO - [2023-08-02T10:42:08.220+0000] {dagbag.py:541} INFO - Filling up the DagBag from /home/airflow/.local/lib/python3.7/site-packages/airflow/example_dags/example_branch_labels.py
[2023-08-02T10:42:08.227+0000] {processor.py:836} INFO - DAG(s) dict_keys(['example_branch_labels']) retrieved from /home/airflow/.local/lib/python3.7/site-packages/airflow/example_dags/example_branch_labels.py
[2023-08-02T10:42:08.252+0000] {logging_mixin.py:150} INFO - [2023-08-02T10:42:08.252+0000] {dag.py:2742} INFO - Sync 1 DAGs
[2023-08-02T10:42:08.277+0000] {logging_mixin.py:150} INFO - [2023-08-02T10:42:08.277+0000] {dag.py:3508} INFO - Setting next_dagrun for example_branch_labels to 2023-08-01T00:00:00+00:00, run_after=2023-08-02T00:00:00+00:00
[2023-08-02T10:42:08.328+0000] {processor.py:179} INFO - Processing /home/airflow/.local/lib/python3.7/site-packages/airflow/example_dags/example_branch_labels.py took 0.125 seconds
[2023-08-02T10:42:38.764+0000] {processor.py:157} INFO - Started process (PID=677) to work on /home/airflow/.local/lib/python3.7/site-packages/airflow/example_dags/example_branch_labels.py
[2023-08-02T10:42:38.766+0000] {processor.py:826} INFO - Processing file /home/airflow/.local/lib/python3.7/site-packages/airflow/example_dags/example_branch_labels.py for tasks to queue
[2023-08-02T10:42:38.768+0000] {logging_mixin.py:150} INFO - [2023-08-02T10:42:38.767+0000] {dagbag.py:541} INFO - Filling up the DagBag from /home/airflow/.local/lib/python3.7/site-packages/airflow/example_dags/example_branch_labels.py
[2023-08-02T10:42:38.774+0000] {processor.py:836} INFO - DAG(s) dict_keys(['example_branch_labels']) retrieved from /home/airflow/.local/lib/python3.7/site-packages/airflow/example_dags/example_branch_labels.py
[2023-08-02T10:42:38.798+0000] {logging_mixin.py:150} INFO - [2023-08-02T10:42:38.798+0000] {dag.py:2742} INFO - Sync 1 DAGs
[2023-08-02T10:42:38.818+0000] {logging_mixin.py:150} INFO - [2023-08-02T10:42:38.817+0000] {dag.py:3508} INFO - Setting next_dagrun for example_branch_labels to 2023-08-01T00:00:00+00:00, run_after=2023-08-02T00:00:00+00:00
[2023-08-02T10:42:38.830+0000] {processor.py:179} INFO - Processing /home/airflow/.local/lib/python3.7/site-packages/airflow/example_dags/example_branch_labels.py took 0.069 seconds
[2023-08-02T10:43:09.200+0000] {processor.py:157} INFO - Started process (PID=734) to work on /home/airflow/.local/lib/python3.7/site-packages/airflow/example_dags/example_branch_labels.py
[2023-08-02T10:43:09.203+0000] {processor.py:826} INFO - Processing file /home/airflow/.local/lib/python3.7/site-packages/airflow/example_dags/example_branch_labels.py for tasks to queue
[2023-08-02T10:43:09.206+0000] {logging_mixin.py:150} INFO - [2023-08-02T10:43:09.206+0000] {dagbag.py:541} INFO - Filling up the DagBag from /home/airflow/.local/lib/python3.7/site-packages/airflow/example_dags/example_branch_labels.py
[2023-08-02T10:43:09.212+0000] {processor.py:836} INFO - DAG(s) dict_keys(['example_branch_labels']) retrieved from /home/airflow/.local/lib/python3.7/site-packages/airflow/example_dags/example_branch_labels.py
[2023-08-02T10:43:09.233+0000] {logging_mixin.py:150} INFO - [2023-08-02T10:43:09.233+0000] {dag.py:2742} INFO - Sync 1 DAGs
[2023-08-02T10:43:09.249+0000] {logging_mixin.py:150} INFO - [2023-08-02T10:43:09.249+0000] {dag.py:3508} INFO - Setting next_dagrun for example_branch_labels to 2023-08-01T00:00:00+00:00, run_after=2023-08-02T00:00:00+00:00
[2023-08-02T10:43:09.261+0000] {processor.py:179} INFO - Processing /home/airflow/.local/lib/python3.7/site-packages/airflow/example_dags/example_branch_labels.py took 0.064 seconds
[2023-08-02T10:43:39.623+0000] {processor.py:157} INFO - Started process (PID=791) to work on /home/airflow/.local/lib/python3.7/site-packages/airflow/example_dags/example_branch_labels.py
[2023-08-02T10:43:39.625+0000] {processor.py:826} INFO - Processing file /home/airflow/.local/lib/python3.7/site-packages/airflow/example_dags/example_branch_labels.py for tasks to queue
[2023-08-02T10:43:39.626+0000] {logging_mixin.py:150} INFO - [2023-08-02T10:43:39.626+0000] {dagbag.py:541} INFO - Filling up the DagBag from /home/airflow/.local/lib/python3.7/site-packages/airflow/example_dags/example_branch_labels.py
[2023-08-02T10:43:39.633+0000] {processor.py:836} INFO - DAG(s) dict_keys(['example_branch_labels']) retrieved from /home/airflow/.local/lib/python3.7/site-packages/airflow/example_dags/example_branch_labels.py
[2023-08-02T10:43:39.656+0000] {logging_mixin.py:150} INFO - [2023-08-02T10:43:39.656+0000] {dag.py:2742} INFO - Sync 1 DAGs
[2023-08-02T10:43:39.685+0000] {logging_mixin.py:150} INFO - [2023-08-02T10:43:39.685+0000] {dag.py:3508} INFO - Setting next_dagrun for example_branch_labels to 2023-08-01T00:00:00+00:00, run_after=2023-08-02T00:00:00+00:00
[2023-08-02T10:43:39.705+0000] {processor.py:179} INFO - Processing /home/airflow/.local/lib/python3.7/site-packages/airflow/example_dags/example_branch_labels.py took 0.085 seconds
[2023-08-02T10:44:09.878+0000] {processor.py:157} INFO - Started process (PID=847) to work on /home/airflow/.local/lib/python3.7/site-packages/airflow/example_dags/example_branch_labels.py
[2023-08-02T10:44:09.881+0000] {processor.py:826} INFO - Processing file /home/airflow/.local/lib/python3.7/site-packages/airflow/example_dags/example_branch_labels.py for tasks to queue
[2023-08-02T10:44:09.882+0000] {logging_mixin.py:150} INFO - [2023-08-02T10:44:09.882+0000] {dagbag.py:541} INFO - Filling up the DagBag from /home/airflow/.local/lib/python3.7/site-packages/airflow/example_dags/example_branch_labels.py
[2023-08-02T10:44:09.890+0000] {processor.py:836} INFO - DAG(s) dict_keys(['example_branch_labels']) retrieved from /home/airflow/.local/lib/python3.7/site-packages/airflow/example_dags/example_branch_labels.py
[2023-08-02T10:44:09.916+0000] {logging_mixin.py:150} INFO - [2023-08-02T10:44:09.916+0000] {dag.py:2742} INFO - Sync 1 DAGs
[2023-08-02T10:44:09.940+0000] {logging_mixin.py:150} INFO - [2023-08-02T10:44:09.940+0000] {dag.py:3508} INFO - Setting next_dagrun for example_branch_labels to 2023-08-01T00:00:00+00:00, run_after=2023-08-02T00:00:00+00:00
[2023-08-02T10:44:09.960+0000] {processor.py:179} INFO - Processing /home/airflow/.local/lib/python3.7/site-packages/airflow/example_dags/example_branch_labels.py took 0.086 seconds
[2023-08-02T10:44:40.553+0000] {processor.py:157} INFO - Started process (PID=904) to work on /home/airflow/.local/lib/python3.7/site-packages/airflow/example_dags/example_branch_labels.py
[2023-08-02T10:44:40.560+0000] {processor.py:826} INFO - Processing file /home/airflow/.local/lib/python3.7/site-packages/airflow/example_dags/example_branch_labels.py for tasks to queue
[2023-08-02T10:44:40.562+0000] {logging_mixin.py:150} INFO - [2023-08-02T10:44:40.561+0000] {dagbag.py:541} INFO - Filling up the DagBag from /home/airflow/.local/lib/python3.7/site-packages/airflow/example_dags/example_branch_labels.py
[2023-08-02T10:44:40.568+0000] {processor.py:836} INFO - DAG(s) dict_keys(['example_branch_labels']) retrieved from /home/airflow/.local/lib/python3.7/site-packages/airflow/example_dags/example_branch_labels.py
[2023-08-02T10:44:40.596+0000] {logging_mixin.py:150} INFO - [2023-08-02T10:44:40.595+0000] {dag.py:2742} INFO - Sync 1 DAGs
[2023-08-02T10:44:40.615+0000] {logging_mixin.py:150} INFO - [2023-08-02T10:44:40.615+0000] {dag.py:3508} INFO - Setting next_dagrun for example_branch_labels to 2023-08-01T00:00:00+00:00, run_after=2023-08-02T00:00:00+00:00
[2023-08-02T10:44:40.628+0000] {processor.py:179} INFO - Processing /home/airflow/.local/lib/python3.7/site-packages/airflow/example_dags/example_branch_labels.py took 0.079 seconds
[2023-08-02T10:45:11.553+0000] {processor.py:157} INFO - Started process (PID=961) to work on /home/airflow/.local/lib/python3.7/site-packages/airflow/example_dags/example_branch_labels.py
[2023-08-02T10:45:11.562+0000] {processor.py:826} INFO - Processing file /home/airflow/.local/lib/python3.7/site-packages/airflow/example_dags/example_branch_labels.py for tasks to queue
[2023-08-02T10:45:11.564+0000] {logging_mixin.py:150} INFO - [2023-08-02T10:45:11.563+0000] {dagbag.py:541} INFO - Filling up the DagBag from /home/airflow/.local/lib/python3.7/site-packages/airflow/example_dags/example_branch_labels.py
[2023-08-02T10:45:11.571+0000] {processor.py:836} INFO - DAG(s) dict_keys(['example_branch_labels']) retrieved from /home/airflow/.local/lib/python3.7/site-packages/airflow/example_dags/example_branch_labels.py
[2023-08-02T10:45:11.594+0000] {logging_mixin.py:150} INFO - [2023-08-02T10:45:11.594+0000] {dag.py:2742} INFO - Sync 1 DAGs
[2023-08-02T10:45:11.612+0000] {logging_mixin.py:150} INFO - [2023-08-02T10:45:11.612+0000] {dag.py:3508} INFO - Setting next_dagrun for example_branch_labels to 2023-08-01T00:00:00+00:00, run_after=2023-08-02T00:00:00+00:00
[2023-08-02T10:45:11.625+0000] {processor.py:179} INFO - Processing /home/airflow/.local/lib/python3.7/site-packages/airflow/example_dags/example_branch_labels.py took 0.075 seconds
[2023-08-02T10:45:41.935+0000] {processor.py:157} INFO - Started process (PID=1018) to work on /home/airflow/.local/lib/python3.7/site-packages/airflow/example_dags/example_branch_labels.py
[2023-08-02T10:45:41.937+0000] {processor.py:826} INFO - Processing file /home/airflow/.local/lib/python3.7/site-packages/airflow/example_dags/example_branch_labels.py for tasks to queue
[2023-08-02T10:45:41.997+0000] {logging_mixin.py:150} INFO - [2023-08-02T10:45:41.997+0000] {dagbag.py:541} INFO - Filling up the DagBag from /home/airflow/.local/lib/python3.7/site-packages/airflow/example_dags/example_branch_labels.py
[2023-08-02T10:45:42.004+0000] {processor.py:836} INFO - DAG(s) dict_keys(['example_branch_labels']) retrieved from /home/airflow/.local/lib/python3.7/site-packages/airflow/example_dags/example_branch_labels.py
[2023-08-02T10:45:42.027+0000] {logging_mixin.py:150} INFO - [2023-08-02T10:45:42.027+0000] {dag.py:2742} INFO - Sync 1 DAGs
[2023-08-02T10:45:42.047+0000] {logging_mixin.py:150} INFO - [2023-08-02T10:45:42.046+0000] {dag.py:3508} INFO - Setting next_dagrun for example_branch_labels to 2023-08-01T00:00:00+00:00, run_after=2023-08-02T00:00:00+00:00
[2023-08-02T10:45:42.058+0000] {processor.py:179} INFO - Processing /home/airflow/.local/lib/python3.7/site-packages/airflow/example_dags/example_branch_labels.py took 0.126 seconds
[2023-08-02T10:46:12.353+0000] {processor.py:157} INFO - Started process (PID=1075) to work on /home/airflow/.local/lib/python3.7/site-packages/airflow/example_dags/example_branch_labels.py
[2023-08-02T10:46:12.365+0000] {processor.py:826} INFO - Processing file /home/airflow/.local/lib/python3.7/site-packages/airflow/example_dags/example_branch_labels.py for tasks to queue
[2023-08-02T10:46:12.368+0000] {logging_mixin.py:150} INFO - [2023-08-02T10:46:12.368+0000] {dagbag.py:541} INFO - Filling up the DagBag from /home/airflow/.local/lib/python3.7/site-packages/airflow/example_dags/example_branch_labels.py
[2023-08-02T10:46:12.378+0000] {processor.py:836} INFO - DAG(s) dict_keys(['example_branch_labels']) retrieved from /home/airflow/.local/lib/python3.7/site-packages/airflow/example_dags/example_branch_labels.py
[2023-08-02T10:46:12.402+0000] {logging_mixin.py:150} INFO - [2023-08-02T10:46:12.402+0000] {dag.py:2742} INFO - Sync 1 DAGs
[2023-08-02T10:46:12.423+0000] {logging_mixin.py:150} INFO - [2023-08-02T10:46:12.423+0000] {dag.py:3508} INFO - Setting next_dagrun for example_branch_labels to 2023-08-01T00:00:00+00:00, run_after=2023-08-02T00:00:00+00:00
[2023-08-02T10:46:12.436+0000] {processor.py:179} INFO - Processing /home/airflow/.local/lib/python3.7/site-packages/airflow/example_dags/example_branch_labels.py took 0.087 seconds
[2023-08-02T10:46:42.928+0000] {processor.py:157} INFO - Started process (PID=1132) to work on /home/airflow/.local/lib/python3.7/site-packages/airflow/example_dags/example_branch_labels.py
[2023-08-02T10:46:42.929+0000] {processor.py:826} INFO - Processing file /home/airflow/.local/lib/python3.7/site-packages/airflow/example_dags/example_branch_labels.py for tasks to queue
[2023-08-02T10:46:42.930+0000] {logging_mixin.py:150} INFO - [2023-08-02T10:46:42.930+0000] {dagbag.py:541} INFO - Filling up the DagBag from /home/airflow/.local/lib/python3.7/site-packages/airflow/example_dags/example_branch_labels.py
[2023-08-02T10:46:42.937+0000] {processor.py:836} INFO - DAG(s) dict_keys(['example_branch_labels']) retrieved from /home/airflow/.local/lib/python3.7/site-packages/airflow/example_dags/example_branch_labels.py
[2023-08-02T10:46:42.956+0000] {logging_mixin.py:150} INFO - [2023-08-02T10:46:42.956+0000] {dag.py:2742} INFO - Sync 1 DAGs
[2023-08-02T10:46:42.976+0000] {logging_mixin.py:150} INFO - [2023-08-02T10:46:42.976+0000] {dag.py:3508} INFO - Setting next_dagrun for example_branch_labels to 2023-08-01T00:00:00+00:00, run_after=2023-08-02T00:00:00+00:00
[2023-08-02T10:46:43.027+0000] {processor.py:179} INFO - Processing /home/airflow/.local/lib/python3.7/site-packages/airflow/example_dags/example_branch_labels.py took 0.102 seconds
[2023-08-02T10:47:13.425+0000] {processor.py:157} INFO - Started process (PID=1189) to work on /home/airflow/.local/lib/python3.7/site-packages/airflow/example_dags/example_branch_labels.py
[2023-08-02T10:47:13.427+0000] {processor.py:826} INFO - Processing file /home/airflow/.local/lib/python3.7/site-packages/airflow/example_dags/example_branch_labels.py for tasks to queue
[2023-08-02T10:47:13.428+0000] {logging_mixin.py:150} INFO - [2023-08-02T10:47:13.428+0000] {dagbag.py:541} INFO - Filling up the DagBag from /home/airflow/.local/lib/python3.7/site-packages/airflow/example_dags/example_branch_labels.py
[2023-08-02T10:47:13.435+0000] {processor.py:836} INFO - DAG(s) dict_keys(['example_branch_labels']) retrieved from /home/airflow/.local/lib/python3.7/site-packages/airflow/example_dags/example_branch_labels.py
[2023-08-02T10:47:13.464+0000] {logging_mixin.py:150} INFO - [2023-08-02T10:47:13.464+0000] {dag.py:2742} INFO - Sync 1 DAGs
[2023-08-02T10:47:13.483+0000] {logging_mixin.py:150} INFO - [2023-08-02T10:47:13.483+0000] {dag.py:3508} INFO - Setting next_dagrun for example_branch_labels to 2023-08-01T00:00:00+00:00, run_after=2023-08-02T00:00:00+00:00
[2023-08-02T10:47:13.498+0000] {processor.py:179} INFO - Processing /home/airflow/.local/lib/python3.7/site-packages/airflow/example_dags/example_branch_labels.py took 0.077 seconds
[2023-08-02T10:47:43.702+0000] {processor.py:157} INFO - Started process (PID=1246) to work on /home/airflow/.local/lib/python3.7/site-packages/airflow/example_dags/example_branch_labels.py
[2023-08-02T10:47:43.704+0000] {processor.py:826} INFO - Processing file /home/airflow/.local/lib/python3.7/site-packages/airflow/example_dags/example_branch_labels.py for tasks to queue
[2023-08-02T10:47:43.723+0000] {logging_mixin.py:150} INFO - [2023-08-02T10:47:43.723+0000] {dagbag.py:541} INFO - Filling up the DagBag from /home/airflow/.local/lib/python3.7/site-packages/airflow/example_dags/example_branch_labels.py
[2023-08-02T10:47:43.734+0000] {processor.py:836} INFO - DAG(s) dict_keys(['example_branch_labels']) retrieved from /home/airflow/.local/lib/python3.7/site-packages/airflow/example_dags/example_branch_labels.py
[2023-08-02T10:47:43.771+0000] {logging_mixin.py:150} INFO - [2023-08-02T10:47:43.771+0000] {dag.py:2742} INFO - Sync 1 DAGs
[2023-08-02T10:47:43.793+0000] {logging_mixin.py:150} INFO - [2023-08-02T10:47:43.793+0000] {dag.py:3508} INFO - Setting next_dagrun for example_branch_labels to 2023-08-01T00:00:00+00:00, run_after=2023-08-02T00:00:00+00:00
[2023-08-02T10:47:43.842+0000] {processor.py:179} INFO - Processing /home/airflow/.local/lib/python3.7/site-packages/airflow/example_dags/example_branch_labels.py took 0.144 seconds
[2023-08-02T10:48:13.901+0000] {processor.py:157} INFO - Started process (PID=1303) to work on /home/airflow/.local/lib/python3.7/site-packages/airflow/example_dags/example_branch_labels.py
[2023-08-02T10:48:13.905+0000] {processor.py:826} INFO - Processing file /home/airflow/.local/lib/python3.7/site-packages/airflow/example_dags/example_branch_labels.py for tasks to queue
[2023-08-02T10:48:13.906+0000] {logging_mixin.py:150} INFO - [2023-08-02T10:48:13.906+0000] {dagbag.py:541} INFO - Filling up the DagBag from /home/airflow/.local/lib/python3.7/site-packages/airflow/example_dags/example_branch_labels.py
[2023-08-02T10:48:13.913+0000] {processor.py:836} INFO - DAG(s) dict_keys(['example_branch_labels']) retrieved from /home/airflow/.local/lib/python3.7/site-packages/airflow/example_dags/example_branch_labels.py
[2023-08-02T10:48:13.935+0000] {logging_mixin.py:150} INFO - [2023-08-02T10:48:13.935+0000] {dag.py:2742} INFO - Sync 1 DAGs
[2023-08-02T10:48:13.960+0000] {logging_mixin.py:150} INFO - [2023-08-02T10:48:13.959+0000] {dag.py:3508} INFO - Setting next_dagrun for example_branch_labels to 2023-08-01T00:00:00+00:00, run_after=2023-08-02T00:00:00+00:00
[2023-08-02T10:48:13.981+0000] {processor.py:179} INFO - Processing /home/airflow/.local/lib/python3.7/site-packages/airflow/example_dags/example_branch_labels.py took 0.083 seconds
[2023-08-02T10:48:44.082+0000] {processor.py:157} INFO - Started process (PID=1360) to work on /home/airflow/.local/lib/python3.7/site-packages/airflow/example_dags/example_branch_labels.py
[2023-08-02T10:48:44.109+0000] {processor.py:826} INFO - Processing file /home/airflow/.local/lib/python3.7/site-packages/airflow/example_dags/example_branch_labels.py for tasks to queue
[2023-08-02T10:48:44.110+0000] {logging_mixin.py:150} INFO - [2023-08-02T10:48:44.110+0000] {dagbag.py:541} INFO - Filling up the DagBag from /home/airflow/.local/lib/python3.7/site-packages/airflow/example_dags/example_branch_labels.py
[2023-08-02T10:48:44.118+0000] {processor.py:836} INFO - DAG(s) dict_keys(['example_branch_labels']) retrieved from /home/airflow/.local/lib/python3.7/site-packages/airflow/example_dags/example_branch_labels.py
[2023-08-02T10:48:44.141+0000] {logging_mixin.py:150} INFO - [2023-08-02T10:48:44.141+0000] {dag.py:2742} INFO - Sync 1 DAGs
[2023-08-02T10:48:44.159+0000] {logging_mixin.py:150} INFO - [2023-08-02T10:48:44.159+0000] {dag.py:3508} INFO - Setting next_dagrun for example_branch_labels to 2023-08-01T00:00:00+00:00, run_after=2023-08-02T00:00:00+00:00
[2023-08-02T10:48:44.171+0000] {processor.py:179} INFO - Processing /home/airflow/.local/lib/python3.7/site-packages/airflow/example_dags/example_branch_labels.py took 0.093 seconds
[2023-08-02T10:49:14.473+0000] {processor.py:157} INFO - Started process (PID=1417) to work on /home/airflow/.local/lib/python3.7/site-packages/airflow/example_dags/example_branch_labels.py
[2023-08-02T10:49:14.476+0000] {processor.py:826} INFO - Processing file /home/airflow/.local/lib/python3.7/site-packages/airflow/example_dags/example_branch_labels.py for tasks to queue
[2023-08-02T10:49:14.479+0000] {logging_mixin.py:150} INFO - [2023-08-02T10:49:14.478+0000] {dagbag.py:541} INFO - Filling up the DagBag from /home/airflow/.local/lib/python3.7/site-packages/airflow/example_dags/example_branch_labels.py
[2023-08-02T10:49:14.488+0000] {processor.py:836} INFO - DAG(s) dict_keys(['example_branch_labels']) retrieved from /home/airflow/.local/lib/python3.7/site-packages/airflow/example_dags/example_branch_labels.py
[2023-08-02T10:49:14.523+0000] {logging_mixin.py:150} INFO - [2023-08-02T10:49:14.523+0000] {dag.py:2742} INFO - Sync 1 DAGs
[2023-08-02T10:49:14.550+0000] {logging_mixin.py:150} INFO - [2023-08-02T10:49:14.550+0000] {dag.py:3508} INFO - Setting next_dagrun for example_branch_labels to 2023-08-01T00:00:00+00:00, run_after=2023-08-02T00:00:00+00:00
[2023-08-02T10:49:14.566+0000] {processor.py:179} INFO - Processing /home/airflow/.local/lib/python3.7/site-packages/airflow/example_dags/example_branch_labels.py took 0.096 seconds
[2023-08-02T10:49:44.715+0000] {processor.py:157} INFO - Started process (PID=1473) to work on /home/airflow/.local/lib/python3.7/site-packages/airflow/example_dags/example_branch_labels.py
[2023-08-02T10:49:44.717+0000] {processor.py:826} INFO - Processing file /home/airflow/.local/lib/python3.7/site-packages/airflow/example_dags/example_branch_labels.py for tasks to queue
[2023-08-02T10:49:44.718+0000] {logging_mixin.py:150} INFO - [2023-08-02T10:49:44.718+0000] {dagbag.py:541} INFO - Filling up the DagBag from /home/airflow/.local/lib/python3.7/site-packages/airflow/example_dags/example_branch_labels.py
[2023-08-02T10:49:44.725+0000] {processor.py:836} INFO - DAG(s) dict_keys(['example_branch_labels']) retrieved from /home/airflow/.local/lib/python3.7/site-packages/airflow/example_dags/example_branch_labels.py
[2023-08-02T10:49:44.754+0000] {logging_mixin.py:150} INFO - [2023-08-02T10:49:44.753+0000] {dag.py:2742} INFO - Sync 1 DAGs
[2023-08-02T10:49:44.783+0000] {logging_mixin.py:150} INFO - [2023-08-02T10:49:44.783+0000] {dag.py:3508} INFO - Setting next_dagrun for example_branch_labels to 2023-08-01T00:00:00+00:00, run_after=2023-08-02T00:00:00+00:00
[2023-08-02T10:49:44.795+0000] {processor.py:179} INFO - Processing /home/airflow/.local/lib/python3.7/site-packages/airflow/example_dags/example_branch_labels.py took 0.083 seconds
[2023-08-02T10:50:15.479+0000] {processor.py:157} INFO - Started process (PID=1530) to work on /home/airflow/.local/lib/python3.7/site-packages/airflow/example_dags/example_branch_labels.py
[2023-08-02T10:50:15.483+0000] {processor.py:826} INFO - Processing file /home/airflow/.local/lib/python3.7/site-packages/airflow/example_dags/example_branch_labels.py for tasks to queue
[2023-08-02T10:50:15.488+0000] {logging_mixin.py:150} INFO - [2023-08-02T10:50:15.487+0000] {dagbag.py:541} INFO - Filling up the DagBag from /home/airflow/.local/lib/python3.7/site-packages/airflow/example_dags/example_branch_labels.py
[2023-08-02T10:50:15.504+0000] {processor.py:836} INFO - DAG(s) dict_keys(['example_branch_labels']) retrieved from /home/airflow/.local/lib/python3.7/site-packages/airflow/example_dags/example_branch_labels.py
[2023-08-02T10:50:15.556+0000] {logging_mixin.py:150} INFO - [2023-08-02T10:50:15.556+0000] {dag.py:2742} INFO - Sync 1 DAGs
[2023-08-02T10:50:15.598+0000] {logging_mixin.py:150} INFO - [2023-08-02T10:50:15.598+0000] {dag.py:3508} INFO - Setting next_dagrun for example_branch_labels to 2023-08-01T00:00:00+00:00, run_after=2023-08-02T00:00:00+00:00
[2023-08-02T10:50:15.645+0000] {processor.py:179} INFO - Processing /home/airflow/.local/lib/python3.7/site-packages/airflow/example_dags/example_branch_labels.py took 0.178 seconds
[2023-08-02T10:50:45.741+0000] {processor.py:157} INFO - Started process (PID=1587) to work on /home/airflow/.local/lib/python3.7/site-packages/airflow/example_dags/example_branch_labels.py
[2023-08-02T10:50:45.743+0000] {processor.py:826} INFO - Processing file /home/airflow/.local/lib/python3.7/site-packages/airflow/example_dags/example_branch_labels.py for tasks to queue
[2023-08-02T10:50:45.754+0000] {logging_mixin.py:150} INFO - [2023-08-02T10:50:45.754+0000] {dagbag.py:541} INFO - Filling up the DagBag from /home/airflow/.local/lib/python3.7/site-packages/airflow/example_dags/example_branch_labels.py
[2023-08-02T10:50:45.762+0000] {processor.py:836} INFO - DAG(s) dict_keys(['example_branch_labels']) retrieved from /home/airflow/.local/lib/python3.7/site-packages/airflow/example_dags/example_branch_labels.py
[2023-08-02T10:50:45.786+0000] {logging_mixin.py:150} INFO - [2023-08-02T10:50:45.786+0000] {dag.py:2742} INFO - Sync 1 DAGs
[2023-08-02T10:50:45.807+0000] {logging_mixin.py:150} INFO - [2023-08-02T10:50:45.807+0000] {dag.py:3508} INFO - Setting next_dagrun for example_branch_labels to 2023-08-01T00:00:00+00:00, run_after=2023-08-02T00:00:00+00:00
[2023-08-02T10:50:45.820+0000] {processor.py:179} INFO - Processing /home/airflow/.local/lib/python3.7/site-packages/airflow/example_dags/example_branch_labels.py took 0.082 seconds
[2023-08-02T10:51:15.970+0000] {processor.py:157} INFO - Started process (PID=1644) to work on /home/airflow/.local/lib/python3.7/site-packages/airflow/example_dags/example_branch_labels.py
[2023-08-02T10:51:15.971+0000] {processor.py:826} INFO - Processing file /home/airflow/.local/lib/python3.7/site-packages/airflow/example_dags/example_branch_labels.py for tasks to queue
[2023-08-02T10:51:15.985+0000] {logging_mixin.py:150} INFO - [2023-08-02T10:51:15.984+0000] {dagbag.py:541} INFO - Filling up the DagBag from /home/airflow/.local/lib/python3.7/site-packages/airflow/example_dags/example_branch_labels.py
[2023-08-02T10:51:15.991+0000] {processor.py:836} INFO - DAG(s) dict_keys(['example_branch_labels']) retrieved from /home/airflow/.local/lib/python3.7/site-packages/airflow/example_dags/example_branch_labels.py
[2023-08-02T10:51:16.013+0000] {logging_mixin.py:150} INFO - [2023-08-02T10:51:16.012+0000] {dag.py:2742} INFO - Sync 1 DAGs
[2023-08-02T10:51:16.029+0000] {logging_mixin.py:150} INFO - [2023-08-02T10:51:16.029+0000] {dag.py:3508} INFO - Setting next_dagrun for example_branch_labels to 2023-08-01T00:00:00+00:00, run_after=2023-08-02T00:00:00+00:00
[2023-08-02T10:51:16.041+0000] {processor.py:179} INFO - Processing /home/airflow/.local/lib/python3.7/site-packages/airflow/example_dags/example_branch_labels.py took 0.074 seconds
[2023-08-02T10:51:46.380+0000] {processor.py:157} INFO - Started process (PID=1701) to work on /home/airflow/.local/lib/python3.7/site-packages/airflow/example_dags/example_branch_labels.py
[2023-08-02T10:51:46.382+0000] {processor.py:826} INFO - Processing file /home/airflow/.local/lib/python3.7/site-packages/airflow/example_dags/example_branch_labels.py for tasks to queue
[2023-08-02T10:51:46.384+0000] {logging_mixin.py:150} INFO - [2023-08-02T10:51:46.383+0000] {dagbag.py:541} INFO - Filling up the DagBag from /home/airflow/.local/lib/python3.7/site-packages/airflow/example_dags/example_branch_labels.py
[2023-08-02T10:51:46.391+0000] {processor.py:836} INFO - DAG(s) dict_keys(['example_branch_labels']) retrieved from /home/airflow/.local/lib/python3.7/site-packages/airflow/example_dags/example_branch_labels.py
[2023-08-02T10:51:46.410+0000] {logging_mixin.py:150} INFO - [2023-08-02T10:51:46.410+0000] {dag.py:2742} INFO - Sync 1 DAGs
[2023-08-02T10:51:46.429+0000] {logging_mixin.py:150} INFO - [2023-08-02T10:51:46.429+0000] {dag.py:3508} INFO - Setting next_dagrun for example_branch_labels to 2023-08-01T00:00:00+00:00, run_after=2023-08-02T00:00:00+00:00
[2023-08-02T10:51:46.456+0000] {processor.py:179} INFO - Processing /home/airflow/.local/lib/python3.7/site-packages/airflow/example_dags/example_branch_labels.py took 0.079 seconds
[2023-08-02T10:52:16.706+0000] {processor.py:157} INFO - Started process (PID=1758) to work on /home/airflow/.local/lib/python3.7/site-packages/airflow/example_dags/example_branch_labels.py
[2023-08-02T10:52:16.707+0000] {processor.py:826} INFO - Processing file /home/airflow/.local/lib/python3.7/site-packages/airflow/example_dags/example_branch_labels.py for tasks to queue
[2023-08-02T10:52:16.712+0000] {logging_mixin.py:150} INFO - [2023-08-02T10:52:16.711+0000] {dagbag.py:541} INFO - Filling up the DagBag from /home/airflow/.local/lib/python3.7/site-packages/airflow/example_dags/example_branch_labels.py
[2023-08-02T10:52:16.718+0000] {processor.py:836} INFO - DAG(s) dict_keys(['example_branch_labels']) retrieved from /home/airflow/.local/lib/python3.7/site-packages/airflow/example_dags/example_branch_labels.py
[2023-08-02T10:52:16.740+0000] {logging_mixin.py:150} INFO - [2023-08-02T10:52:16.739+0000] {dag.py:2742} INFO - Sync 1 DAGs
[2023-08-02T10:52:16.757+0000] {logging_mixin.py:150} INFO - [2023-08-02T10:52:16.757+0000] {dag.py:3508} INFO - Setting next_dagrun for example_branch_labels to 2023-08-01T00:00:00+00:00, run_after=2023-08-02T00:00:00+00:00
[2023-08-02T10:52:16.768+0000] {processor.py:179} INFO - Processing /home/airflow/.local/lib/python3.7/site-packages/airflow/example_dags/example_branch_labels.py took 0.065 seconds
[2023-08-02T10:52:46.947+0000] {processor.py:157} INFO - Started process (PID=1816) to work on /home/airflow/.local/lib/python3.7/site-packages/airflow/example_dags/example_branch_labels.py
[2023-08-02T10:52:46.959+0000] {processor.py:826} INFO - Processing file /home/airflow/.local/lib/python3.7/site-packages/airflow/example_dags/example_branch_labels.py for tasks to queue
[2023-08-02T10:52:46.961+0000] {logging_mixin.py:150} INFO - [2023-08-02T10:52:46.961+0000] {dagbag.py:541} INFO - Filling up the DagBag from /home/airflow/.local/lib/python3.7/site-packages/airflow/example_dags/example_branch_labels.py
[2023-08-02T10:52:46.968+0000] {processor.py:836} INFO - DAG(s) dict_keys(['example_branch_labels']) retrieved from /home/airflow/.local/lib/python3.7/site-packages/airflow/example_dags/example_branch_labels.py
[2023-08-02T10:52:46.990+0000] {logging_mixin.py:150} INFO - [2023-08-02T10:52:46.990+0000] {dag.py:2742} INFO - Sync 1 DAGs
[2023-08-02T10:52:47.009+0000] {logging_mixin.py:150} INFO - [2023-08-02T10:52:47.009+0000] {dag.py:3508} INFO - Setting next_dagrun for example_branch_labels to 2023-08-01T00:00:00+00:00, run_after=2023-08-02T00:00:00+00:00
[2023-08-02T10:52:47.021+0000] {processor.py:179} INFO - Processing /home/airflow/.local/lib/python3.7/site-packages/airflow/example_dags/example_branch_labels.py took 0.078 seconds
[2023-08-02T10:53:17.147+0000] {processor.py:157} INFO - Started process (PID=1873) to work on /home/airflow/.local/lib/python3.7/site-packages/airflow/example_dags/example_branch_labels.py
[2023-08-02T10:53:17.148+0000] {processor.py:826} INFO - Processing file /home/airflow/.local/lib/python3.7/site-packages/airflow/example_dags/example_branch_labels.py for tasks to queue
[2023-08-02T10:53:17.150+0000] {logging_mixin.py:150} INFO - [2023-08-02T10:53:17.149+0000] {dagbag.py:541} INFO - Filling up the DagBag from /home/airflow/.local/lib/python3.7/site-packages/airflow/example_dags/example_branch_labels.py
[2023-08-02T10:53:17.156+0000] {processor.py:836} INFO - DAG(s) dict_keys(['example_branch_labels']) retrieved from /home/airflow/.local/lib/python3.7/site-packages/airflow/example_dags/example_branch_labels.py
[2023-08-02T10:53:17.232+0000] {logging_mixin.py:150} INFO - [2023-08-02T10:53:17.232+0000] {dag.py:2742} INFO - Sync 1 DAGs
[2023-08-02T10:53:17.251+0000] {logging_mixin.py:150} INFO - [2023-08-02T10:53:17.251+0000] {dag.py:3508} INFO - Setting next_dagrun for example_branch_labels to 2023-08-01T00:00:00+00:00, run_after=2023-08-02T00:00:00+00:00
[2023-08-02T10:53:17.262+0000] {processor.py:179} INFO - Processing /home/airflow/.local/lib/python3.7/site-packages/airflow/example_dags/example_branch_labels.py took 0.118 seconds
[2023-08-02T10:53:47.476+0000] {processor.py:157} INFO - Started process (PID=1930) to work on /home/airflow/.local/lib/python3.7/site-packages/airflow/example_dags/example_branch_labels.py
[2023-08-02T10:53:47.477+0000] {processor.py:826} INFO - Processing file /home/airflow/.local/lib/python3.7/site-packages/airflow/example_dags/example_branch_labels.py for tasks to queue
[2023-08-02T10:53:47.482+0000] {logging_mixin.py:150} INFO - [2023-08-02T10:53:47.481+0000] {dagbag.py:541} INFO - Filling up the DagBag from /home/airflow/.local/lib/python3.7/site-packages/airflow/example_dags/example_branch_labels.py
[2023-08-02T10:53:47.487+0000] {processor.py:836} INFO - DAG(s) dict_keys(['example_branch_labels']) retrieved from /home/airflow/.local/lib/python3.7/site-packages/airflow/example_dags/example_branch_labels.py
[2023-08-02T10:53:47.510+0000] {logging_mixin.py:150} INFO - [2023-08-02T10:53:47.510+0000] {dag.py:2742} INFO - Sync 1 DAGs
[2023-08-02T10:53:47.530+0000] {logging_mixin.py:150} INFO - [2023-08-02T10:53:47.530+0000] {dag.py:3508} INFO - Setting next_dagrun for example_branch_labels to 2023-08-01T00:00:00+00:00, run_after=2023-08-02T00:00:00+00:00
[2023-08-02T10:53:47.542+0000] {processor.py:179} INFO - Processing /home/airflow/.local/lib/python3.7/site-packages/airflow/example_dags/example_branch_labels.py took 0.070 seconds
[2023-08-02T10:54:17.818+0000] {processor.py:157} INFO - Started process (PID=1988) to work on /home/airflow/.local/lib/python3.7/site-packages/airflow/example_dags/example_branch_labels.py
[2023-08-02T10:54:17.821+0000] {processor.py:826} INFO - Processing file /home/airflow/.local/lib/python3.7/site-packages/airflow/example_dags/example_branch_labels.py for tasks to queue
[2023-08-02T10:54:17.822+0000] {logging_mixin.py:150} INFO - [2023-08-02T10:54:17.822+0000] {dagbag.py:541} INFO - Filling up the DagBag from /home/airflow/.local/lib/python3.7/site-packages/airflow/example_dags/example_branch_labels.py
[2023-08-02T10:54:17.829+0000] {processor.py:836} INFO - DAG(s) dict_keys(['example_branch_labels']) retrieved from /home/airflow/.local/lib/python3.7/site-packages/airflow/example_dags/example_branch_labels.py
[2023-08-02T10:54:17.853+0000] {logging_mixin.py:150} INFO - [2023-08-02T10:54:17.853+0000] {dag.py:2742} INFO - Sync 1 DAGs
[2023-08-02T10:54:17.871+0000] {logging_mixin.py:150} INFO - [2023-08-02T10:54:17.871+0000] {dag.py:3508} INFO - Setting next_dagrun for example_branch_labels to 2023-08-01T00:00:00+00:00, run_after=2023-08-02T00:00:00+00:00
[2023-08-02T10:54:17.886+0000] {processor.py:179} INFO - Processing /home/airflow/.local/lib/python3.7/site-packages/airflow/example_dags/example_branch_labels.py took 0.072 seconds
[2023-08-02T10:54:48.075+0000] {processor.py:157} INFO - Started process (PID=2046) to work on /home/airflow/.local/lib/python3.7/site-packages/airflow/example_dags/example_branch_labels.py
[2023-08-02T10:54:48.077+0000] {processor.py:826} INFO - Processing file /home/airflow/.local/lib/python3.7/site-packages/airflow/example_dags/example_branch_labels.py for tasks to queue
[2023-08-02T10:54:48.079+0000] {logging_mixin.py:150} INFO - [2023-08-02T10:54:48.078+0000] {dagbag.py:541} INFO - Filling up the DagBag from /home/airflow/.local/lib/python3.7/site-packages/airflow/example_dags/example_branch_labels.py
[2023-08-02T10:54:48.085+0000] {processor.py:836} INFO - DAG(s) dict_keys(['example_branch_labels']) retrieved from /home/airflow/.local/lib/python3.7/site-packages/airflow/example_dags/example_branch_labels.py
[2023-08-02T10:54:48.107+0000] {logging_mixin.py:150} INFO - [2023-08-02T10:54:48.107+0000] {dag.py:2742} INFO - Sync 1 DAGs
[2023-08-02T10:54:48.126+0000] {logging_mixin.py:150} INFO - [2023-08-02T10:54:48.126+0000] {dag.py:3508} INFO - Setting next_dagrun for example_branch_labels to 2023-08-01T00:00:00+00:00, run_after=2023-08-02T00:00:00+00:00
[2023-08-02T10:54:48.152+0000] {processor.py:179} INFO - Processing /home/airflow/.local/lib/python3.7/site-packages/airflow/example_dags/example_branch_labels.py took 0.080 seconds
[2023-08-02T10:55:18.533+0000] {processor.py:157} INFO - Started process (PID=2103) to work on /home/airflow/.local/lib/python3.7/site-packages/airflow/example_dags/example_branch_labels.py
[2023-08-02T10:55:18.535+0000] {processor.py:826} INFO - Processing file /home/airflow/.local/lib/python3.7/site-packages/airflow/example_dags/example_branch_labels.py for tasks to queue
[2023-08-02T10:55:18.537+0000] {logging_mixin.py:150} INFO - [2023-08-02T10:55:18.537+0000] {dagbag.py:541} INFO - Filling up the DagBag from /home/airflow/.local/lib/python3.7/site-packages/airflow/example_dags/example_branch_labels.py
[2023-08-02T10:55:18.544+0000] {processor.py:836} INFO - DAG(s) dict_keys(['example_branch_labels']) retrieved from /home/airflow/.local/lib/python3.7/site-packages/airflow/example_dags/example_branch_labels.py
[2023-08-02T10:55:18.615+0000] {logging_mixin.py:150} INFO - [2023-08-02T10:55:18.615+0000] {dag.py:2742} INFO - Sync 1 DAGs
[2023-08-02T10:55:18.632+0000] {logging_mixin.py:150} INFO - [2023-08-02T10:55:18.632+0000] {dag.py:3508} INFO - Setting next_dagrun for example_branch_labels to 2023-08-01T00:00:00+00:00, run_after=2023-08-02T00:00:00+00:00
[2023-08-02T10:55:18.643+0000] {processor.py:179} INFO - Processing /home/airflow/.local/lib/python3.7/site-packages/airflow/example_dags/example_branch_labels.py took 0.114 seconds
[2023-08-02T12:19:19.474+0000] {processor.py:157} INFO - Started process (PID=2161) to work on /home/airflow/.local/lib/python3.7/site-packages/airflow/example_dags/example_branch_labels.py
[2023-08-02T12:19:19.477+0000] {processor.py:826} INFO - Processing file /home/airflow/.local/lib/python3.7/site-packages/airflow/example_dags/example_branch_labels.py for tasks to queue
[2023-08-02T12:19:19.487+0000] {logging_mixin.py:150} INFO - [2023-08-02T12:19:19.486+0000] {dagbag.py:541} INFO - Filling up the DagBag from /home/airflow/.local/lib/python3.7/site-packages/airflow/example_dags/example_branch_labels.py
[2023-08-02T12:19:19.498+0000] {processor.py:836} INFO - DAG(s) dict_keys(['example_branch_labels']) retrieved from /home/airflow/.local/lib/python3.7/site-packages/airflow/example_dags/example_branch_labels.py
[2023-08-02T12:19:19.525+0000] {logging_mixin.py:150} INFO - [2023-08-02T12:19:19.525+0000] {dag.py:2742} INFO - Sync 1 DAGs
[2023-08-02T12:19:19.551+0000] {logging_mixin.py:150} INFO - [2023-08-02T12:19:19.550+0000] {dag.py:3508} INFO - Setting next_dagrun for example_branch_labels to 2023-08-01T00:00:00+00:00, run_after=2023-08-02T00:00:00+00:00
[2023-08-02T12:19:19.574+0000] {processor.py:179} INFO - Processing /home/airflow/.local/lib/python3.7/site-packages/airflow/example_dags/example_branch_labels.py took 0.106 seconds
[2023-08-02T13:26:12.425+0000] {processor.py:157} INFO - Started process (PID=2218) to work on /home/airflow/.local/lib/python3.7/site-packages/airflow/example_dags/example_branch_labels.py
[2023-08-02T13:26:12.426+0000] {processor.py:826} INFO - Processing file /home/airflow/.local/lib/python3.7/site-packages/airflow/example_dags/example_branch_labels.py for tasks to queue
[2023-08-02T13:26:12.428+0000] {logging_mixin.py:150} INFO - [2023-08-02T13:26:12.427+0000] {dagbag.py:541} INFO - Filling up the DagBag from /home/airflow/.local/lib/python3.7/site-packages/airflow/example_dags/example_branch_labels.py
[2023-08-02T13:26:12.434+0000] {processor.py:836} INFO - DAG(s) dict_keys(['example_branch_labels']) retrieved from /home/airflow/.local/lib/python3.7/site-packages/airflow/example_dags/example_branch_labels.py
[2023-08-02T13:26:12.459+0000] {logging_mixin.py:150} INFO - [2023-08-02T13:26:12.459+0000] {dag.py:2742} INFO - Sync 1 DAGs
[2023-08-02T13:26:12.479+0000] {logging_mixin.py:150} INFO - [2023-08-02T13:26:12.479+0000] {dag.py:3508} INFO - Setting next_dagrun for example_branch_labels to 2023-08-01T00:00:00+00:00, run_after=2023-08-02T00:00:00+00:00
[2023-08-02T13:26:12.493+0000] {processor.py:179} INFO - Processing /home/airflow/.local/lib/python3.7/site-packages/airflow/example_dags/example_branch_labels.py took 0.071 seconds
[2023-08-02T14:49:11.590+0000] {processor.py:157} INFO - Started process (PID=2276) to work on /home/airflow/.local/lib/python3.7/site-packages/airflow/example_dags/example_branch_labels.py
[2023-08-02T14:49:11.594+0000] {processor.py:826} INFO - Processing file /home/airflow/.local/lib/python3.7/site-packages/airflow/example_dags/example_branch_labels.py for tasks to queue
[2023-08-02T14:49:11.601+0000] {logging_mixin.py:150} INFO - [2023-08-02T14:49:11.601+0000] {dagbag.py:541} INFO - Filling up the DagBag from /home/airflow/.local/lib/python3.7/site-packages/airflow/example_dags/example_branch_labels.py
[2023-08-02T14:49:11.610+0000] {processor.py:836} INFO - DAG(s) dict_keys(['example_branch_labels']) retrieved from /home/airflow/.local/lib/python3.7/site-packages/airflow/example_dags/example_branch_labels.py
[2023-08-02T14:49:11.661+0000] {logging_mixin.py:150} INFO - [2023-08-02T14:49:11.661+0000] {dag.py:2742} INFO - Sync 1 DAGs
[2023-08-02T14:49:11.688+0000] {logging_mixin.py:150} INFO - [2023-08-02T14:49:11.688+0000] {dag.py:3508} INFO - Setting next_dagrun for example_branch_labels to 2023-08-01T00:00:00+00:00, run_after=2023-08-02T00:00:00+00:00
[2023-08-02T14:49:11.713+0000] {processor.py:179} INFO - Processing /home/airflow/.local/lib/python3.7/site-packages/airflow/example_dags/example_branch_labels.py took 0.130 seconds
[2023-08-02T15:54:28.247+0000] {processor.py:157} INFO - Started process (PID=2332) to work on /home/airflow/.local/lib/python3.7/site-packages/airflow/example_dags/example_branch_labels.py
[2023-08-02T15:54:28.250+0000] {processor.py:826} INFO - Processing file /home/airflow/.local/lib/python3.7/site-packages/airflow/example_dags/example_branch_labels.py for tasks to queue
[2023-08-02T15:54:28.252+0000] {logging_mixin.py:150} INFO - [2023-08-02T15:54:28.251+0000] {dagbag.py:541} INFO - Filling up the DagBag from /home/airflow/.local/lib/python3.7/site-packages/airflow/example_dags/example_branch_labels.py
[2023-08-02T15:54:28.263+0000] {processor.py:836} INFO - DAG(s) dict_keys(['example_branch_labels']) retrieved from /home/airflow/.local/lib/python3.7/site-packages/airflow/example_dags/example_branch_labels.py
[2023-08-02T15:54:28.289+0000] {logging_mixin.py:150} INFO - [2023-08-02T15:54:28.289+0000] {dag.py:2742} INFO - Sync 1 DAGs
[2023-08-02T15:54:28.354+0000] {logging_mixin.py:150} INFO - [2023-08-02T15:54:28.353+0000] {dag.py:3508} INFO - Setting next_dagrun for example_branch_labels to 2023-08-01T00:00:00+00:00, run_after=2023-08-02T00:00:00+00:00
[2023-08-02T15:54:28.378+0000] {processor.py:179} INFO - Processing /home/airflow/.local/lib/python3.7/site-packages/airflow/example_dags/example_branch_labels.py took 0.133 seconds
[2023-08-02T16:26:52.085+0000] {processor.py:157} INFO - Started process (PID=2389) to work on /home/airflow/.local/lib/python3.7/site-packages/airflow/example_dags/example_branch_labels.py
[2023-08-02T16:26:52.086+0000] {processor.py:826} INFO - Processing file /home/airflow/.local/lib/python3.7/site-packages/airflow/example_dags/example_branch_labels.py for tasks to queue
[2023-08-02T16:26:52.088+0000] {logging_mixin.py:150} INFO - [2023-08-02T16:26:52.088+0000] {dagbag.py:541} INFO - Filling up the DagBag from /home/airflow/.local/lib/python3.7/site-packages/airflow/example_dags/example_branch_labels.py
[2023-08-02T16:26:52.095+0000] {processor.py:836} INFO - DAG(s) dict_keys(['example_branch_labels']) retrieved from /home/airflow/.local/lib/python3.7/site-packages/airflow/example_dags/example_branch_labels.py
[2023-08-02T16:26:52.125+0000] {logging_mixin.py:150} INFO - [2023-08-02T16:26:52.125+0000] {dag.py:2742} INFO - Sync 1 DAGs
[2023-08-02T16:26:52.146+0000] {logging_mixin.py:150} INFO - [2023-08-02T16:26:52.146+0000] {dag.py:3508} INFO - Setting next_dagrun for example_branch_labels to 2023-08-01T00:00:00+00:00, run_after=2023-08-02T00:00:00+00:00
[2023-08-02T16:26:52.203+0000] {processor.py:179} INFO - Processing /home/airflow/.local/lib/python3.7/site-packages/airflow/example_dags/example_branch_labels.py took 0.121 seconds
[2023-08-02T17:14:37.481+0000] {processor.py:157} INFO - Started process (PID=2447) to work on /home/airflow/.local/lib/python3.7/site-packages/airflow/example_dags/example_branch_labels.py
[2023-08-02T17:14:37.483+0000] {processor.py:826} INFO - Processing file /home/airflow/.local/lib/python3.7/site-packages/airflow/example_dags/example_branch_labels.py for tasks to queue
[2023-08-02T17:14:37.485+0000] {logging_mixin.py:150} INFO - [2023-08-02T17:14:37.485+0000] {dagbag.py:541} INFO - Filling up the DagBag from /home/airflow/.local/lib/python3.7/site-packages/airflow/example_dags/example_branch_labels.py
[2023-08-02T17:14:37.492+0000] {processor.py:836} INFO - DAG(s) dict_keys(['example_branch_labels']) retrieved from /home/airflow/.local/lib/python3.7/site-packages/airflow/example_dags/example_branch_labels.py
[2023-08-02T17:14:37.520+0000] {logging_mixin.py:150} INFO - [2023-08-02T17:14:37.520+0000] {dag.py:2742} INFO - Sync 1 DAGs
[2023-08-02T17:14:37.541+0000] {logging_mixin.py:150} INFO - [2023-08-02T17:14:37.541+0000] {dag.py:3508} INFO - Setting next_dagrun for example_branch_labels to 2023-08-01T00:00:00+00:00, run_after=2023-08-02T00:00:00+00:00
[2023-08-02T17:14:37.554+0000] {processor.py:179} INFO - Processing /home/airflow/.local/lib/python3.7/site-packages/airflow/example_dags/example_branch_labels.py took 0.076 seconds
[2023-08-02T18:59:10.607+0000] {processor.py:157} INFO - Started process (PID=2504) to work on /home/airflow/.local/lib/python3.7/site-packages/airflow/example_dags/example_branch_labels.py
[2023-08-02T18:59:10.609+0000] {processor.py:826} INFO - Processing file /home/airflow/.local/lib/python3.7/site-packages/airflow/example_dags/example_branch_labels.py for tasks to queue
[2023-08-02T18:59:10.611+0000] {logging_mixin.py:150} INFO - [2023-08-02T18:59:10.611+0000] {dagbag.py:541} INFO - Filling up the DagBag from /home/airflow/.local/lib/python3.7/site-packages/airflow/example_dags/example_branch_labels.py
[2023-08-02T18:59:10.618+0000] {processor.py:836} INFO - DAG(s) dict_keys(['example_branch_labels']) retrieved from /home/airflow/.local/lib/python3.7/site-packages/airflow/example_dags/example_branch_labels.py
[2023-08-02T18:59:10.701+0000] {logging_mixin.py:150} INFO - [2023-08-02T18:59:10.701+0000] {dag.py:2742} INFO - Sync 1 DAGs
[2023-08-02T18:59:10.721+0000] {logging_mixin.py:150} INFO - [2023-08-02T18:59:10.721+0000] {dag.py:3508} INFO - Setting next_dagrun for example_branch_labels to 2023-08-01T00:00:00+00:00, run_after=2023-08-02T00:00:00+00:00
[2023-08-02T18:59:10.733+0000] {processor.py:179} INFO - Processing /home/airflow/.local/lib/python3.7/site-packages/airflow/example_dags/example_branch_labels.py took 0.129 seconds
[2023-08-02T20:21:33.562+0000] {processor.py:157} INFO - Started process (PID=2562) to work on /home/airflow/.local/lib/python3.7/site-packages/airflow/example_dags/example_branch_labels.py
[2023-08-02T20:21:33.569+0000] {processor.py:826} INFO - Processing file /home/airflow/.local/lib/python3.7/site-packages/airflow/example_dags/example_branch_labels.py for tasks to queue
[2023-08-02T20:21:33.571+0000] {logging_mixin.py:150} INFO - [2023-08-02T20:21:33.571+0000] {dagbag.py:541} INFO - Filling up the DagBag from /home/airflow/.local/lib/python3.7/site-packages/airflow/example_dags/example_branch_labels.py
[2023-08-02T20:21:33.580+0000] {processor.py:836} INFO - DAG(s) dict_keys(['example_branch_labels']) retrieved from /home/airflow/.local/lib/python3.7/site-packages/airflow/example_dags/example_branch_labels.py
[2023-08-02T20:21:33.613+0000] {logging_mixin.py:150} INFO - [2023-08-02T20:21:33.613+0000] {dag.py:2742} INFO - Sync 1 DAGs
[2023-08-02T20:21:33.632+0000] {logging_mixin.py:150} INFO - [2023-08-02T20:21:33.632+0000] {dag.py:3508} INFO - Setting next_dagrun for example_branch_labels to 2023-08-01T00:00:00+00:00, run_after=2023-08-02T00:00:00+00:00
[2023-08-02T20:21:33.648+0000] {processor.py:179} INFO - Processing /home/airflow/.local/lib/python3.7/site-packages/airflow/example_dags/example_branch_labels.py took 0.091 seconds
[2023-08-02T22:03:28.903+0000] {processor.py:157} INFO - Started process (PID=2619) to work on /home/airflow/.local/lib/python3.7/site-packages/airflow/example_dags/example_branch_labels.py
[2023-08-02T22:03:28.909+0000] {processor.py:826} INFO - Processing file /home/airflow/.local/lib/python3.7/site-packages/airflow/example_dags/example_branch_labels.py for tasks to queue
[2023-08-02T22:03:28.910+0000] {logging_mixin.py:150} INFO - [2023-08-02T22:03:28.910+0000] {dagbag.py:541} INFO - Filling up the DagBag from /home/airflow/.local/lib/python3.7/site-packages/airflow/example_dags/example_branch_labels.py
[2023-08-02T22:03:28.918+0000] {processor.py:836} INFO - DAG(s) dict_keys(['example_branch_labels']) retrieved from /home/airflow/.local/lib/python3.7/site-packages/airflow/example_dags/example_branch_labels.py
[2023-08-02T22:03:28.943+0000] {logging_mixin.py:150} INFO - [2023-08-02T22:03:28.942+0000] {dag.py:2742} INFO - Sync 1 DAGs
[2023-08-02T22:03:28.962+0000] {logging_mixin.py:150} INFO - [2023-08-02T22:03:28.962+0000] {dag.py:3508} INFO - Setting next_dagrun for example_branch_labels to 2023-08-01T00:00:00+00:00, run_after=2023-08-02T00:00:00+00:00
[2023-08-02T22:03:28.975+0000] {processor.py:179} INFO - Processing /home/airflow/.local/lib/python3.7/site-packages/airflow/example_dags/example_branch_labels.py took 0.076 seconds
[2023-08-02T23:27:15.396+0000] {processor.py:157} INFO - Started process (PID=2676) to work on /home/airflow/.local/lib/python3.7/site-packages/airflow/example_dags/example_branch_labels.py
[2023-08-02T23:27:15.399+0000] {processor.py:826} INFO - Processing file /home/airflow/.local/lib/python3.7/site-packages/airflow/example_dags/example_branch_labels.py for tasks to queue
[2023-08-02T23:27:15.401+0000] {logging_mixin.py:150} INFO - [2023-08-02T23:27:15.400+0000] {dagbag.py:541} INFO - Filling up the DagBag from /home/airflow/.local/lib/python3.7/site-packages/airflow/example_dags/example_branch_labels.py
[2023-08-02T23:27:15.407+0000] {processor.py:836} INFO - DAG(s) dict_keys(['example_branch_labels']) retrieved from /home/airflow/.local/lib/python3.7/site-packages/airflow/example_dags/example_branch_labels.py
[2023-08-02T23:27:15.430+0000] {logging_mixin.py:150} INFO - [2023-08-02T23:27:15.430+0000] {dag.py:2742} INFO - Sync 1 DAGs
[2023-08-02T23:27:15.449+0000] {logging_mixin.py:150} INFO - [2023-08-02T23:27:15.449+0000] {dag.py:3508} INFO - Setting next_dagrun for example_branch_labels to 2023-08-01T00:00:00+00:00, run_after=2023-08-02T00:00:00+00:00
[2023-08-02T23:27:15.465+0000] {processor.py:179} INFO - Processing /home/airflow/.local/lib/python3.7/site-packages/airflow/example_dags/example_branch_labels.py took 0.072 seconds
