[2023-08-02T10:37:05.589+0000] {processor.py:157} INFO - Started process (PID=68) to work on /home/airflow/.local/lib/python3.7/site-packages/airflow/example_dags/example_task_group.py
[2023-08-02T10:37:05.593+0000] {processor.py:826} INFO - Processing file /home/airflow/.local/lib/python3.7/site-packages/airflow/example_dags/example_task_group.py for tasks to queue
[2023-08-02T10:37:05.596+0000] {logging_mixin.py:150} INFO - [2023-08-02T10:37:05.596+0000] {dagbag.py:541} INFO - Filling up the DagBag from /home/airflow/.local/lib/python3.7/site-packages/airflow/example_dags/example_task_group.py
[2023-08-02T10:37:05.619+0000] {processor.py:836} INFO - DAG(s) dict_keys(['example_task_group']) retrieved from /home/airflow/.local/lib/python3.7/site-packages/airflow/example_dags/example_task_group.py
[2023-08-02T10:37:05.646+0000] {logging_mixin.py:150} INFO - [2023-08-02T10:37:05.645+0000] {dag.py:2742} INFO - Sync 1 DAGs
[2023-08-02T10:37:05.682+0000] {logging_mixin.py:150} INFO - [2023-08-02T10:37:05.682+0000] {dag.py:3508} INFO - Setting next_dagrun for example_task_group to 2023-08-01T10:37:05.682607+00:00, run_after=2023-08-02T10:37:05.682607+00:00
[2023-08-02T10:37:05.731+0000] {processor.py:179} INFO - Processing /home/airflow/.local/lib/python3.7/site-packages/airflow/example_dags/example_task_group.py took 0.156 seconds
[2023-08-02T10:37:36.181+0000] {processor.py:157} INFO - Started process (PID=125) to work on /home/airflow/.local/lib/python3.7/site-packages/airflow/example_dags/example_task_group.py
[2023-08-02T10:37:36.183+0000] {processor.py:826} INFO - Processing file /home/airflow/.local/lib/python3.7/site-packages/airflow/example_dags/example_task_group.py for tasks to queue
[2023-08-02T10:37:36.207+0000] {logging_mixin.py:150} INFO - [2023-08-02T10:37:36.207+0000] {dagbag.py:541} INFO - Filling up the DagBag from /home/airflow/.local/lib/python3.7/site-packages/airflow/example_dags/example_task_group.py
[2023-08-02T10:37:36.216+0000] {processor.py:836} INFO - DAG(s) dict_keys(['example_task_group']) retrieved from /home/airflow/.local/lib/python3.7/site-packages/airflow/example_dags/example_task_group.py
[2023-08-02T10:37:36.242+0000] {logging_mixin.py:150} INFO - [2023-08-02T10:37:36.242+0000] {dag.py:2742} INFO - Sync 1 DAGs
[2023-08-02T10:37:36.261+0000] {logging_mixin.py:150} INFO - [2023-08-02T10:37:36.260+0000] {dag.py:3508} INFO - Setting next_dagrun for example_task_group to 2023-08-01T10:37:36.260648+00:00, run_after=2023-08-02T10:37:36.260648+00:00
[2023-08-02T10:37:36.274+0000] {processor.py:179} INFO - Processing /home/airflow/.local/lib/python3.7/site-packages/airflow/example_dags/example_task_group.py took 0.098 seconds
[2023-08-02T10:38:06.470+0000] {processor.py:157} INFO - Started process (PID=182) to work on /home/airflow/.local/lib/python3.7/site-packages/airflow/example_dags/example_task_group.py
[2023-08-02T10:38:06.472+0000] {processor.py:826} INFO - Processing file /home/airflow/.local/lib/python3.7/site-packages/airflow/example_dags/example_task_group.py for tasks to queue
[2023-08-02T10:38:06.473+0000] {logging_mixin.py:150} INFO - [2023-08-02T10:38:06.473+0000] {dagbag.py:541} INFO - Filling up the DagBag from /home/airflow/.local/lib/python3.7/site-packages/airflow/example_dags/example_task_group.py
[2023-08-02T10:38:06.481+0000] {processor.py:836} INFO - DAG(s) dict_keys(['example_task_group']) retrieved from /home/airflow/.local/lib/python3.7/site-packages/airflow/example_dags/example_task_group.py
[2023-08-02T10:38:06.502+0000] {logging_mixin.py:150} INFO - [2023-08-02T10:38:06.502+0000] {dag.py:2742} INFO - Sync 1 DAGs
[2023-08-02T10:38:06.569+0000] {logging_mixin.py:150} INFO - [2023-08-02T10:38:06.568+0000] {dag.py:3508} INFO - Setting next_dagrun for example_task_group to 2023-08-01T10:38:06.568482+00:00, run_after=2023-08-02T10:38:06.568482+00:00
[2023-08-02T10:38:06.595+0000] {processor.py:179} INFO - Processing /home/airflow/.local/lib/python3.7/site-packages/airflow/example_dags/example_task_group.py took 0.129 seconds
[2023-08-02T10:38:36.894+0000] {processor.py:157} INFO - Started process (PID=239) to work on /home/airflow/.local/lib/python3.7/site-packages/airflow/example_dags/example_task_group.py
[2023-08-02T10:38:36.899+0000] {processor.py:826} INFO - Processing file /home/airflow/.local/lib/python3.7/site-packages/airflow/example_dags/example_task_group.py for tasks to queue
[2023-08-02T10:38:36.903+0000] {logging_mixin.py:150} INFO - [2023-08-02T10:38:36.902+0000] {dagbag.py:541} INFO - Filling up the DagBag from /home/airflow/.local/lib/python3.7/site-packages/airflow/example_dags/example_task_group.py
[2023-08-02T10:38:36.920+0000] {processor.py:836} INFO - DAG(s) dict_keys(['example_task_group']) retrieved from /home/airflow/.local/lib/python3.7/site-packages/airflow/example_dags/example_task_group.py
[2023-08-02T10:38:36.965+0000] {logging_mixin.py:150} INFO - [2023-08-02T10:38:36.965+0000] {dag.py:2742} INFO - Sync 1 DAGs
[2023-08-02T10:38:36.996+0000] {logging_mixin.py:150} INFO - [2023-08-02T10:38:36.996+0000] {dag.py:3508} INFO - Setting next_dagrun for example_task_group to 2023-08-01T10:38:36.995739+00:00, run_after=2023-08-02T10:38:36.995739+00:00
[2023-08-02T10:38:37.016+0000] {processor.py:179} INFO - Processing /home/airflow/.local/lib/python3.7/site-packages/airflow/example_dags/example_task_group.py took 0.126 seconds
[2023-08-02T10:39:07.279+0000] {processor.py:157} INFO - Started process (PID=296) to work on /home/airflow/.local/lib/python3.7/site-packages/airflow/example_dags/example_task_group.py
[2023-08-02T10:39:07.282+0000] {processor.py:826} INFO - Processing file /home/airflow/.local/lib/python3.7/site-packages/airflow/example_dags/example_task_group.py for tasks to queue
[2023-08-02T10:39:07.284+0000] {logging_mixin.py:150} INFO - [2023-08-02T10:39:07.284+0000] {dagbag.py:541} INFO - Filling up the DagBag from /home/airflow/.local/lib/python3.7/site-packages/airflow/example_dags/example_task_group.py
[2023-08-02T10:39:07.291+0000] {processor.py:836} INFO - DAG(s) dict_keys(['example_task_group']) retrieved from /home/airflow/.local/lib/python3.7/site-packages/airflow/example_dags/example_task_group.py
[2023-08-02T10:39:07.317+0000] {logging_mixin.py:150} INFO - [2023-08-02T10:39:07.317+0000] {dag.py:2742} INFO - Sync 1 DAGs
[2023-08-02T10:39:07.334+0000] {logging_mixin.py:150} INFO - [2023-08-02T10:39:07.334+0000] {dag.py:3508} INFO - Setting next_dagrun for example_task_group to 2023-08-01T10:39:07.334382+00:00, run_after=2023-08-02T10:39:07.334382+00:00
[2023-08-02T10:39:07.347+0000] {processor.py:179} INFO - Processing /home/airflow/.local/lib/python3.7/site-packages/airflow/example_dags/example_task_group.py took 0.071 seconds
[2023-08-02T10:39:37.705+0000] {processor.py:157} INFO - Started process (PID=353) to work on /home/airflow/.local/lib/python3.7/site-packages/airflow/example_dags/example_task_group.py
[2023-08-02T10:39:37.707+0000] {processor.py:826} INFO - Processing file /home/airflow/.local/lib/python3.7/site-packages/airflow/example_dags/example_task_group.py for tasks to queue
[2023-08-02T10:39:37.712+0000] {logging_mixin.py:150} INFO - [2023-08-02T10:39:37.711+0000] {dagbag.py:541} INFO - Filling up the DagBag from /home/airflow/.local/lib/python3.7/site-packages/airflow/example_dags/example_task_group.py
[2023-08-02T10:39:37.723+0000] {processor.py:836} INFO - DAG(s) dict_keys(['example_task_group']) retrieved from /home/airflow/.local/lib/python3.7/site-packages/airflow/example_dags/example_task_group.py
[2023-08-02T10:39:37.749+0000] {logging_mixin.py:150} INFO - [2023-08-02T10:39:37.749+0000] {dag.py:2742} INFO - Sync 1 DAGs
[2023-08-02T10:39:37.774+0000] {logging_mixin.py:150} INFO - [2023-08-02T10:39:37.774+0000] {dag.py:3508} INFO - Setting next_dagrun for example_task_group to 2023-08-01T10:39:37.774460+00:00, run_after=2023-08-02T10:39:37.774460+00:00
[2023-08-02T10:39:37.789+0000] {processor.py:179} INFO - Processing /home/airflow/.local/lib/python3.7/site-packages/airflow/example_dags/example_task_group.py took 0.087 seconds
[2023-08-02T10:40:08.124+0000] {processor.py:157} INFO - Started process (PID=409) to work on /home/airflow/.local/lib/python3.7/site-packages/airflow/example_dags/example_task_group.py
[2023-08-02T10:40:08.127+0000] {processor.py:826} INFO - Processing file /home/airflow/.local/lib/python3.7/site-packages/airflow/example_dags/example_task_group.py for tasks to queue
[2023-08-02T10:40:08.133+0000] {logging_mixin.py:150} INFO - [2023-08-02T10:40:08.133+0000] {dagbag.py:541} INFO - Filling up the DagBag from /home/airflow/.local/lib/python3.7/site-packages/airflow/example_dags/example_task_group.py
[2023-08-02T10:40:08.140+0000] {processor.py:836} INFO - DAG(s) dict_keys(['example_task_group']) retrieved from /home/airflow/.local/lib/python3.7/site-packages/airflow/example_dags/example_task_group.py
[2023-08-02T10:40:08.163+0000] {logging_mixin.py:150} INFO - [2023-08-02T10:40:08.163+0000] {dag.py:2742} INFO - Sync 1 DAGs
[2023-08-02T10:40:08.181+0000] {logging_mixin.py:150} INFO - [2023-08-02T10:40:08.181+0000] {dag.py:3508} INFO - Setting next_dagrun for example_task_group to 2023-08-01T10:40:08.181221+00:00, run_after=2023-08-02T10:40:08.181221+00:00
[2023-08-02T10:40:08.194+0000] {processor.py:179} INFO - Processing /home/airflow/.local/lib/python3.7/site-packages/airflow/example_dags/example_task_group.py took 0.073 seconds
[2023-08-02T10:40:38.716+0000] {processor.py:157} INFO - Started process (PID=466) to work on /home/airflow/.local/lib/python3.7/site-packages/airflow/example_dags/example_task_group.py
[2023-08-02T10:40:38.718+0000] {processor.py:826} INFO - Processing file /home/airflow/.local/lib/python3.7/site-packages/airflow/example_dags/example_task_group.py for tasks to queue
[2023-08-02T10:40:38.720+0000] {logging_mixin.py:150} INFO - [2023-08-02T10:40:38.719+0000] {dagbag.py:541} INFO - Filling up the DagBag from /home/airflow/.local/lib/python3.7/site-packages/airflow/example_dags/example_task_group.py
[2023-08-02T10:40:38.726+0000] {processor.py:836} INFO - DAG(s) dict_keys(['example_task_group']) retrieved from /home/airflow/.local/lib/python3.7/site-packages/airflow/example_dags/example_task_group.py
[2023-08-02T10:40:38.764+0000] {logging_mixin.py:150} INFO - [2023-08-02T10:40:38.763+0000] {dag.py:2742} INFO - Sync 1 DAGs
[2023-08-02T10:40:38.782+0000] {logging_mixin.py:150} INFO - [2023-08-02T10:40:38.782+0000] {dag.py:3508} INFO - Setting next_dagrun for example_task_group to 2023-08-01T10:40:38.781887+00:00, run_after=2023-08-02T10:40:38.781887+00:00
[2023-08-02T10:40:38.802+0000] {processor.py:179} INFO - Processing /home/airflow/.local/lib/python3.7/site-packages/airflow/example_dags/example_task_group.py took 0.089 seconds
[2023-08-02T10:41:09.212+0000] {processor.py:157} INFO - Started process (PID=523) to work on /home/airflow/.local/lib/python3.7/site-packages/airflow/example_dags/example_task_group.py
[2023-08-02T10:41:09.214+0000] {processor.py:826} INFO - Processing file /home/airflow/.local/lib/python3.7/site-packages/airflow/example_dags/example_task_group.py for tasks to queue
[2023-08-02T10:41:09.215+0000] {logging_mixin.py:150} INFO - [2023-08-02T10:41:09.215+0000] {dagbag.py:541} INFO - Filling up the DagBag from /home/airflow/.local/lib/python3.7/site-packages/airflow/example_dags/example_task_group.py
[2023-08-02T10:41:09.222+0000] {processor.py:836} INFO - DAG(s) dict_keys(['example_task_group']) retrieved from /home/airflow/.local/lib/python3.7/site-packages/airflow/example_dags/example_task_group.py
[2023-08-02T10:41:09.245+0000] {logging_mixin.py:150} INFO - [2023-08-02T10:41:09.244+0000] {dag.py:2742} INFO - Sync 1 DAGs
[2023-08-02T10:41:09.263+0000] {logging_mixin.py:150} INFO - [2023-08-02T10:41:09.263+0000] {dag.py:3508} INFO - Setting next_dagrun for example_task_group to 2023-08-01T10:41:09.262837+00:00, run_after=2023-08-02T10:41:09.262837+00:00
[2023-08-02T10:41:09.327+0000] {processor.py:179} INFO - Processing /home/airflow/.local/lib/python3.7/site-packages/airflow/example_dags/example_task_group.py took 0.118 seconds
[2023-08-02T10:41:39.830+0000] {processor.py:157} INFO - Started process (PID=580) to work on /home/airflow/.local/lib/python3.7/site-packages/airflow/example_dags/example_task_group.py
[2023-08-02T10:41:39.833+0000] {processor.py:826} INFO - Processing file /home/airflow/.local/lib/python3.7/site-packages/airflow/example_dags/example_task_group.py for tasks to queue
[2023-08-02T10:41:39.834+0000] {logging_mixin.py:150} INFO - [2023-08-02T10:41:39.834+0000] {dagbag.py:541} INFO - Filling up the DagBag from /home/airflow/.local/lib/python3.7/site-packages/airflow/example_dags/example_task_group.py
[2023-08-02T10:41:39.841+0000] {processor.py:836} INFO - DAG(s) dict_keys(['example_task_group']) retrieved from /home/airflow/.local/lib/python3.7/site-packages/airflow/example_dags/example_task_group.py
[2023-08-02T10:41:39.863+0000] {logging_mixin.py:150} INFO - [2023-08-02T10:41:39.863+0000] {dag.py:2742} INFO - Sync 1 DAGs
[2023-08-02T10:41:39.935+0000] {logging_mixin.py:150} INFO - [2023-08-02T10:41:39.935+0000] {dag.py:3508} INFO - Setting next_dagrun for example_task_group to 2023-08-01T10:41:39.935497+00:00, run_after=2023-08-02T10:41:39.935497+00:00
[2023-08-02T10:41:39.951+0000] {processor.py:179} INFO - Processing /home/airflow/.local/lib/python3.7/site-packages/airflow/example_dags/example_task_group.py took 0.124 seconds
[2023-08-02T10:42:10.465+0000] {processor.py:157} INFO - Started process (PID=637) to work on /home/airflow/.local/lib/python3.7/site-packages/airflow/example_dags/example_task_group.py
[2023-08-02T10:42:10.468+0000] {processor.py:826} INFO - Processing file /home/airflow/.local/lib/python3.7/site-packages/airflow/example_dags/example_task_group.py for tasks to queue
[2023-08-02T10:42:10.469+0000] {logging_mixin.py:150} INFO - [2023-08-02T10:42:10.468+0000] {dagbag.py:541} INFO - Filling up the DagBag from /home/airflow/.local/lib/python3.7/site-packages/airflow/example_dags/example_task_group.py
[2023-08-02T10:42:10.477+0000] {processor.py:836} INFO - DAG(s) dict_keys(['example_task_group']) retrieved from /home/airflow/.local/lib/python3.7/site-packages/airflow/example_dags/example_task_group.py
[2023-08-02T10:42:10.502+0000] {logging_mixin.py:150} INFO - [2023-08-02T10:42:10.502+0000] {dag.py:2742} INFO - Sync 1 DAGs
[2023-08-02T10:42:10.521+0000] {logging_mixin.py:150} INFO - [2023-08-02T10:42:10.521+0000] {dag.py:3508} INFO - Setting next_dagrun for example_task_group to 2023-08-01T10:42:10.521504+00:00, run_after=2023-08-02T10:42:10.521504+00:00
[2023-08-02T10:42:10.537+0000] {processor.py:179} INFO - Processing /home/airflow/.local/lib/python3.7/site-packages/airflow/example_dags/example_task_group.py took 0.075 seconds
[2023-08-02T10:42:40.962+0000] {processor.py:157} INFO - Started process (PID=693) to work on /home/airflow/.local/lib/python3.7/site-packages/airflow/example_dags/example_task_group.py
[2023-08-02T10:42:40.964+0000] {processor.py:826} INFO - Processing file /home/airflow/.local/lib/python3.7/site-packages/airflow/example_dags/example_task_group.py for tasks to queue
[2023-08-02T10:42:40.971+0000] {logging_mixin.py:150} INFO - [2023-08-02T10:42:40.970+0000] {dagbag.py:541} INFO - Filling up the DagBag from /home/airflow/.local/lib/python3.7/site-packages/airflow/example_dags/example_task_group.py
[2023-08-02T10:42:40.979+0000] {processor.py:836} INFO - DAG(s) dict_keys(['example_task_group']) retrieved from /home/airflow/.local/lib/python3.7/site-packages/airflow/example_dags/example_task_group.py
[2023-08-02T10:42:41.002+0000] {logging_mixin.py:150} INFO - [2023-08-02T10:42:41.002+0000] {dag.py:2742} INFO - Sync 1 DAGs
[2023-08-02T10:42:41.023+0000] {logging_mixin.py:150} INFO - [2023-08-02T10:42:41.023+0000] {dag.py:3508} INFO - Setting next_dagrun for example_task_group to 2023-08-01T10:42:41.022954+00:00, run_after=2023-08-02T10:42:41.022954+00:00
[2023-08-02T10:42:41.037+0000] {processor.py:179} INFO - Processing /home/airflow/.local/lib/python3.7/site-packages/airflow/example_dags/example_task_group.py took 0.078 seconds
[2023-08-02T10:43:11.459+0000] {processor.py:157} INFO - Started process (PID=750) to work on /home/airflow/.local/lib/python3.7/site-packages/airflow/example_dags/example_task_group.py
[2023-08-02T10:43:11.461+0000] {processor.py:826} INFO - Processing file /home/airflow/.local/lib/python3.7/site-packages/airflow/example_dags/example_task_group.py for tasks to queue
[2023-08-02T10:43:11.471+0000] {logging_mixin.py:150} INFO - [2023-08-02T10:43:11.471+0000] {dagbag.py:541} INFO - Filling up the DagBag from /home/airflow/.local/lib/python3.7/site-packages/airflow/example_dags/example_task_group.py
[2023-08-02T10:43:11.479+0000] {processor.py:836} INFO - DAG(s) dict_keys(['example_task_group']) retrieved from /home/airflow/.local/lib/python3.7/site-packages/airflow/example_dags/example_task_group.py
[2023-08-02T10:43:11.511+0000] {logging_mixin.py:150} INFO - [2023-08-02T10:43:11.511+0000] {dag.py:2742} INFO - Sync 1 DAGs
[2023-08-02T10:43:11.538+0000] {logging_mixin.py:150} INFO - [2023-08-02T10:43:11.538+0000] {dag.py:3508} INFO - Setting next_dagrun for example_task_group to 2023-08-01T10:43:11.538139+00:00, run_after=2023-08-02T10:43:11.538139+00:00
[2023-08-02T10:43:11.555+0000] {processor.py:179} INFO - Processing /home/airflow/.local/lib/python3.7/site-packages/airflow/example_dags/example_task_group.py took 0.100 seconds
[2023-08-02T10:43:41.677+0000] {processor.py:157} INFO - Started process (PID=807) to work on /home/airflow/.local/lib/python3.7/site-packages/airflow/example_dags/example_task_group.py
[2023-08-02T10:43:41.679+0000] {processor.py:826} INFO - Processing file /home/airflow/.local/lib/python3.7/site-packages/airflow/example_dags/example_task_group.py for tasks to queue
[2023-08-02T10:43:41.681+0000] {logging_mixin.py:150} INFO - [2023-08-02T10:43:41.681+0000] {dagbag.py:541} INFO - Filling up the DagBag from /home/airflow/.local/lib/python3.7/site-packages/airflow/example_dags/example_task_group.py
[2023-08-02T10:43:41.689+0000] {processor.py:836} INFO - DAG(s) dict_keys(['example_task_group']) retrieved from /home/airflow/.local/lib/python3.7/site-packages/airflow/example_dags/example_task_group.py
[2023-08-02T10:43:41.711+0000] {logging_mixin.py:150} INFO - [2023-08-02T10:43:41.711+0000] {dag.py:2742} INFO - Sync 1 DAGs
[2023-08-02T10:43:41.730+0000] {logging_mixin.py:150} INFO - [2023-08-02T10:43:41.730+0000] {dag.py:3508} INFO - Setting next_dagrun for example_task_group to 2023-08-01T10:43:41.730129+00:00, run_after=2023-08-02T10:43:41.730129+00:00
[2023-08-02T10:43:41.745+0000] {processor.py:179} INFO - Processing /home/airflow/.local/lib/python3.7/site-packages/airflow/example_dags/example_task_group.py took 0.071 seconds
[2023-08-02T10:44:12.061+0000] {processor.py:157} INFO - Started process (PID=863) to work on /home/airflow/.local/lib/python3.7/site-packages/airflow/example_dags/example_task_group.py
[2023-08-02T10:44:12.064+0000] {processor.py:826} INFO - Processing file /home/airflow/.local/lib/python3.7/site-packages/airflow/example_dags/example_task_group.py for tasks to queue
[2023-08-02T10:44:12.066+0000] {logging_mixin.py:150} INFO - [2023-08-02T10:44:12.065+0000] {dagbag.py:541} INFO - Filling up the DagBag from /home/airflow/.local/lib/python3.7/site-packages/airflow/example_dags/example_task_group.py
[2023-08-02T10:44:12.073+0000] {processor.py:836} INFO - DAG(s) dict_keys(['example_task_group']) retrieved from /home/airflow/.local/lib/python3.7/site-packages/airflow/example_dags/example_task_group.py
[2023-08-02T10:44:12.098+0000] {logging_mixin.py:150} INFO - [2023-08-02T10:44:12.098+0000] {dag.py:2742} INFO - Sync 1 DAGs
[2023-08-02T10:44:12.119+0000] {logging_mixin.py:150} INFO - [2023-08-02T10:44:12.119+0000] {dag.py:3508} INFO - Setting next_dagrun for example_task_group to 2023-08-01T10:44:12.119170+00:00, run_after=2023-08-02T10:44:12.119170+00:00
[2023-08-02T10:44:12.137+0000] {processor.py:179} INFO - Processing /home/airflow/.local/lib/python3.7/site-packages/airflow/example_dags/example_task_group.py took 0.079 seconds
[2023-08-02T10:44:42.814+0000] {processor.py:157} INFO - Started process (PID=920) to work on /home/airflow/.local/lib/python3.7/site-packages/airflow/example_dags/example_task_group.py
[2023-08-02T10:44:42.819+0000] {processor.py:826} INFO - Processing file /home/airflow/.local/lib/python3.7/site-packages/airflow/example_dags/example_task_group.py for tasks to queue
[2023-08-02T10:44:42.821+0000] {logging_mixin.py:150} INFO - [2023-08-02T10:44:42.821+0000] {dagbag.py:541} INFO - Filling up the DagBag from /home/airflow/.local/lib/python3.7/site-packages/airflow/example_dags/example_task_group.py
[2023-08-02T10:44:42.828+0000] {processor.py:836} INFO - DAG(s) dict_keys(['example_task_group']) retrieved from /home/airflow/.local/lib/python3.7/site-packages/airflow/example_dags/example_task_group.py
[2023-08-02T10:44:42.853+0000] {logging_mixin.py:150} INFO - [2023-08-02T10:44:42.852+0000] {dag.py:2742} INFO - Sync 1 DAGs
[2023-08-02T10:44:42.873+0000] {logging_mixin.py:150} INFO - [2023-08-02T10:44:42.872+0000] {dag.py:3508} INFO - Setting next_dagrun for example_task_group to 2023-08-01T10:44:42.872765+00:00, run_after=2023-08-02T10:44:42.872765+00:00
[2023-08-02T10:44:42.886+0000] {processor.py:179} INFO - Processing /home/airflow/.local/lib/python3.7/site-packages/airflow/example_dags/example_task_group.py took 0.074 seconds
[2023-08-02T10:45:13.762+0000] {processor.py:157} INFO - Started process (PID=977) to work on /home/airflow/.local/lib/python3.7/site-packages/airflow/example_dags/example_task_group.py
[2023-08-02T10:45:13.764+0000] {processor.py:826} INFO - Processing file /home/airflow/.local/lib/python3.7/site-packages/airflow/example_dags/example_task_group.py for tasks to queue
[2023-08-02T10:45:13.765+0000] {logging_mixin.py:150} INFO - [2023-08-02T10:45:13.765+0000] {dagbag.py:541} INFO - Filling up the DagBag from /home/airflow/.local/lib/python3.7/site-packages/airflow/example_dags/example_task_group.py
[2023-08-02T10:45:13.772+0000] {processor.py:836} INFO - DAG(s) dict_keys(['example_task_group']) retrieved from /home/airflow/.local/lib/python3.7/site-packages/airflow/example_dags/example_task_group.py
[2023-08-02T10:45:13.793+0000] {logging_mixin.py:150} INFO - [2023-08-02T10:45:13.793+0000] {dag.py:2742} INFO - Sync 1 DAGs
[2023-08-02T10:45:13.812+0000] {logging_mixin.py:150} INFO - [2023-08-02T10:45:13.812+0000] {dag.py:3508} INFO - Setting next_dagrun for example_task_group to 2023-08-01T10:45:13.811995+00:00, run_after=2023-08-02T10:45:13.811995+00:00
[2023-08-02T10:45:13.826+0000] {processor.py:179} INFO - Processing /home/airflow/.local/lib/python3.7/site-packages/airflow/example_dags/example_task_group.py took 0.067 seconds
[2023-08-02T10:45:44.074+0000] {processor.py:157} INFO - Started process (PID=1034) to work on /home/airflow/.local/lib/python3.7/site-packages/airflow/example_dags/example_task_group.py
[2023-08-02T10:45:44.076+0000] {processor.py:826} INFO - Processing file /home/airflow/.local/lib/python3.7/site-packages/airflow/example_dags/example_task_group.py for tasks to queue
[2023-08-02T10:45:44.077+0000] {logging_mixin.py:150} INFO - [2023-08-02T10:45:44.077+0000] {dagbag.py:541} INFO - Filling up the DagBag from /home/airflow/.local/lib/python3.7/site-packages/airflow/example_dags/example_task_group.py
[2023-08-02T10:45:44.084+0000] {processor.py:836} INFO - DAG(s) dict_keys(['example_task_group']) retrieved from /home/airflow/.local/lib/python3.7/site-packages/airflow/example_dags/example_task_group.py
[2023-08-02T10:45:44.112+0000] {logging_mixin.py:150} INFO - [2023-08-02T10:45:44.112+0000] {dag.py:2742} INFO - Sync 1 DAGs
[2023-08-02T10:45:44.135+0000] {logging_mixin.py:150} INFO - [2023-08-02T10:45:44.135+0000] {dag.py:3508} INFO - Setting next_dagrun for example_task_group to 2023-08-01T10:45:44.135121+00:00, run_after=2023-08-02T10:45:44.135121+00:00
[2023-08-02T10:45:44.150+0000] {processor.py:179} INFO - Processing /home/airflow/.local/lib/python3.7/site-packages/airflow/example_dags/example_task_group.py took 0.080 seconds
[2023-08-02T10:46:14.543+0000] {processor.py:157} INFO - Started process (PID=1091) to work on /home/airflow/.local/lib/python3.7/site-packages/airflow/example_dags/example_task_group.py
[2023-08-02T10:46:14.545+0000] {processor.py:826} INFO - Processing file /home/airflow/.local/lib/python3.7/site-packages/airflow/example_dags/example_task_group.py for tasks to queue
[2023-08-02T10:46:14.547+0000] {logging_mixin.py:150} INFO - [2023-08-02T10:46:14.547+0000] {dagbag.py:541} INFO - Filling up the DagBag from /home/airflow/.local/lib/python3.7/site-packages/airflow/example_dags/example_task_group.py
[2023-08-02T10:46:14.555+0000] {processor.py:836} INFO - DAG(s) dict_keys(['example_task_group']) retrieved from /home/airflow/.local/lib/python3.7/site-packages/airflow/example_dags/example_task_group.py
[2023-08-02T10:46:14.577+0000] {logging_mixin.py:150} INFO - [2023-08-02T10:46:14.577+0000] {dag.py:2742} INFO - Sync 1 DAGs
[2023-08-02T10:46:14.596+0000] {logging_mixin.py:150} INFO - [2023-08-02T10:46:14.596+0000] {dag.py:3508} INFO - Setting next_dagrun for example_task_group to 2023-08-01T10:46:14.595893+00:00, run_after=2023-08-02T10:46:14.595893+00:00
[2023-08-02T10:46:14.609+0000] {processor.py:179} INFO - Processing /home/airflow/.local/lib/python3.7/site-packages/airflow/example_dags/example_task_group.py took 0.070 seconds
[2023-08-02T10:46:45.251+0000] {processor.py:157} INFO - Started process (PID=1148) to work on /home/airflow/.local/lib/python3.7/site-packages/airflow/example_dags/example_task_group.py
[2023-08-02T10:46:45.261+0000] {processor.py:826} INFO - Processing file /home/airflow/.local/lib/python3.7/site-packages/airflow/example_dags/example_task_group.py for tasks to queue
[2023-08-02T10:46:45.263+0000] {logging_mixin.py:150} INFO - [2023-08-02T10:46:45.262+0000] {dagbag.py:541} INFO - Filling up the DagBag from /home/airflow/.local/lib/python3.7/site-packages/airflow/example_dags/example_task_group.py
[2023-08-02T10:46:45.270+0000] {processor.py:836} INFO - DAG(s) dict_keys(['example_task_group']) retrieved from /home/airflow/.local/lib/python3.7/site-packages/airflow/example_dags/example_task_group.py
[2023-08-02T10:46:45.292+0000] {logging_mixin.py:150} INFO - [2023-08-02T10:46:45.292+0000] {dag.py:2742} INFO - Sync 1 DAGs
[2023-08-02T10:46:45.312+0000] {logging_mixin.py:150} INFO - [2023-08-02T10:46:45.312+0000] {dag.py:3508} INFO - Setting next_dagrun for example_task_group to 2023-08-01T10:46:45.312000+00:00, run_after=2023-08-02T10:46:45.312000+00:00
[2023-08-02T10:46:45.339+0000] {processor.py:179} INFO - Processing /home/airflow/.local/lib/python3.7/site-packages/airflow/example_dags/example_task_group.py took 0.092 seconds
[2023-08-02T10:47:15.488+0000] {processor.py:157} INFO - Started process (PID=1205) to work on /home/airflow/.local/lib/python3.7/site-packages/airflow/example_dags/example_task_group.py
[2023-08-02T10:47:15.491+0000] {processor.py:826} INFO - Processing file /home/airflow/.local/lib/python3.7/site-packages/airflow/example_dags/example_task_group.py for tasks to queue
[2023-08-02T10:47:15.492+0000] {logging_mixin.py:150} INFO - [2023-08-02T10:47:15.492+0000] {dagbag.py:541} INFO - Filling up the DagBag from /home/airflow/.local/lib/python3.7/site-packages/airflow/example_dags/example_task_group.py
[2023-08-02T10:47:15.500+0000] {processor.py:836} INFO - DAG(s) dict_keys(['example_task_group']) retrieved from /home/airflow/.local/lib/python3.7/site-packages/airflow/example_dags/example_task_group.py
[2023-08-02T10:47:15.522+0000] {logging_mixin.py:150} INFO - [2023-08-02T10:47:15.521+0000] {dag.py:2742} INFO - Sync 1 DAGs
[2023-08-02T10:47:15.541+0000] {logging_mixin.py:150} INFO - [2023-08-02T10:47:15.541+0000] {dag.py:3508} INFO - Setting next_dagrun for example_task_group to 2023-08-01T10:47:15.541333+00:00, run_after=2023-08-02T10:47:15.541333+00:00
[2023-08-02T10:47:15.558+0000] {processor.py:179} INFO - Processing /home/airflow/.local/lib/python3.7/site-packages/airflow/example_dags/example_task_group.py took 0.073 seconds
[2023-08-02T10:47:45.890+0000] {processor.py:157} INFO - Started process (PID=1262) to work on /home/airflow/.local/lib/python3.7/site-packages/airflow/example_dags/example_task_group.py
[2023-08-02T10:47:45.891+0000] {processor.py:826} INFO - Processing file /home/airflow/.local/lib/python3.7/site-packages/airflow/example_dags/example_task_group.py for tasks to queue
[2023-08-02T10:47:45.901+0000] {logging_mixin.py:150} INFO - [2023-08-02T10:47:45.900+0000] {dagbag.py:541} INFO - Filling up the DagBag from /home/airflow/.local/lib/python3.7/site-packages/airflow/example_dags/example_task_group.py
[2023-08-02T10:47:45.908+0000] {processor.py:836} INFO - DAG(s) dict_keys(['example_task_group']) retrieved from /home/airflow/.local/lib/python3.7/site-packages/airflow/example_dags/example_task_group.py
[2023-08-02T10:47:45.929+0000] {logging_mixin.py:150} INFO - [2023-08-02T10:47:45.929+0000] {dag.py:2742} INFO - Sync 1 DAGs
[2023-08-02T10:47:45.947+0000] {logging_mixin.py:150} INFO - [2023-08-02T10:47:45.947+0000] {dag.py:3508} INFO - Setting next_dagrun for example_task_group to 2023-08-01T10:47:45.947436+00:00, run_after=2023-08-02T10:47:45.947436+00:00
[2023-08-02T10:47:45.960+0000] {processor.py:179} INFO - Processing /home/airflow/.local/lib/python3.7/site-packages/airflow/example_dags/example_task_group.py took 0.074 seconds
[2023-08-02T10:48:16.163+0000] {processor.py:157} INFO - Started process (PID=1319) to work on /home/airflow/.local/lib/python3.7/site-packages/airflow/example_dags/example_task_group.py
[2023-08-02T10:48:16.165+0000] {processor.py:826} INFO - Processing file /home/airflow/.local/lib/python3.7/site-packages/airflow/example_dags/example_task_group.py for tasks to queue
[2023-08-02T10:48:16.167+0000] {logging_mixin.py:150} INFO - [2023-08-02T10:48:16.166+0000] {dagbag.py:541} INFO - Filling up the DagBag from /home/airflow/.local/lib/python3.7/site-packages/airflow/example_dags/example_task_group.py
[2023-08-02T10:48:16.189+0000] {processor.py:836} INFO - DAG(s) dict_keys(['example_task_group']) retrieved from /home/airflow/.local/lib/python3.7/site-packages/airflow/example_dags/example_task_group.py
[2023-08-02T10:48:16.217+0000] {logging_mixin.py:150} INFO - [2023-08-02T10:48:16.217+0000] {dag.py:2742} INFO - Sync 1 DAGs
[2023-08-02T10:48:16.238+0000] {logging_mixin.py:150} INFO - [2023-08-02T10:48:16.238+0000] {dag.py:3508} INFO - Setting next_dagrun for example_task_group to 2023-08-01T10:48:16.238340+00:00, run_after=2023-08-02T10:48:16.238340+00:00
[2023-08-02T10:48:16.253+0000] {processor.py:179} INFO - Processing /home/airflow/.local/lib/python3.7/site-packages/airflow/example_dags/example_task_group.py took 0.093 seconds
[2023-08-02T10:48:46.403+0000] {processor.py:157} INFO - Started process (PID=1376) to work on /home/airflow/.local/lib/python3.7/site-packages/airflow/example_dags/example_task_group.py
[2023-08-02T10:48:46.405+0000] {processor.py:826} INFO - Processing file /home/airflow/.local/lib/python3.7/site-packages/airflow/example_dags/example_task_group.py for tasks to queue
[2023-08-02T10:48:46.407+0000] {logging_mixin.py:150} INFO - [2023-08-02T10:48:46.406+0000] {dagbag.py:541} INFO - Filling up the DagBag from /home/airflow/.local/lib/python3.7/site-packages/airflow/example_dags/example_task_group.py
[2023-08-02T10:48:46.415+0000] {processor.py:836} INFO - DAG(s) dict_keys(['example_task_group']) retrieved from /home/airflow/.local/lib/python3.7/site-packages/airflow/example_dags/example_task_group.py
[2023-08-02T10:48:46.437+0000] {logging_mixin.py:150} INFO - [2023-08-02T10:48:46.437+0000] {dag.py:2742} INFO - Sync 1 DAGs
[2023-08-02T10:48:46.458+0000] {logging_mixin.py:150} INFO - [2023-08-02T10:48:46.458+0000] {dag.py:3508} INFO - Setting next_dagrun for example_task_group to 2023-08-01T10:48:46.457996+00:00, run_after=2023-08-02T10:48:46.457996+00:00
[2023-08-02T10:48:46.495+0000] {processor.py:179} INFO - Processing /home/airflow/.local/lib/python3.7/site-packages/airflow/example_dags/example_task_group.py took 0.095 seconds
[2023-08-02T10:49:16.737+0000] {processor.py:157} INFO - Started process (PID=1433) to work on /home/airflow/.local/lib/python3.7/site-packages/airflow/example_dags/example_task_group.py
[2023-08-02T10:49:16.739+0000] {processor.py:826} INFO - Processing file /home/airflow/.local/lib/python3.7/site-packages/airflow/example_dags/example_task_group.py for tasks to queue
[2023-08-02T10:49:16.740+0000] {logging_mixin.py:150} INFO - [2023-08-02T10:49:16.740+0000] {dagbag.py:541} INFO - Filling up the DagBag from /home/airflow/.local/lib/python3.7/site-packages/airflow/example_dags/example_task_group.py
[2023-08-02T10:49:16.750+0000] {processor.py:836} INFO - DAG(s) dict_keys(['example_task_group']) retrieved from /home/airflow/.local/lib/python3.7/site-packages/airflow/example_dags/example_task_group.py
[2023-08-02T10:49:16.772+0000] {logging_mixin.py:150} INFO - [2023-08-02T10:49:16.772+0000] {dag.py:2742} INFO - Sync 1 DAGs
[2023-08-02T10:49:16.791+0000] {logging_mixin.py:150} INFO - [2023-08-02T10:49:16.791+0000] {dag.py:3508} INFO - Setting next_dagrun for example_task_group to 2023-08-01T10:49:16.791593+00:00, run_after=2023-08-02T10:49:16.791593+00:00
[2023-08-02T10:49:16.808+0000] {processor.py:179} INFO - Processing /home/airflow/.local/lib/python3.7/site-packages/airflow/example_dags/example_task_group.py took 0.074 seconds
[2023-08-02T10:49:47.111+0000] {processor.py:157} INFO - Started process (PID=1490) to work on /home/airflow/.local/lib/python3.7/site-packages/airflow/example_dags/example_task_group.py
[2023-08-02T10:49:47.123+0000] {processor.py:826} INFO - Processing file /home/airflow/.local/lib/python3.7/site-packages/airflow/example_dags/example_task_group.py for tasks to queue
[2023-08-02T10:49:47.130+0000] {logging_mixin.py:150} INFO - [2023-08-02T10:49:47.129+0000] {dagbag.py:541} INFO - Filling up the DagBag from /home/airflow/.local/lib/python3.7/site-packages/airflow/example_dags/example_task_group.py
[2023-08-02T10:49:47.138+0000] {processor.py:836} INFO - DAG(s) dict_keys(['example_task_group']) retrieved from /home/airflow/.local/lib/python3.7/site-packages/airflow/example_dags/example_task_group.py
[2023-08-02T10:49:47.165+0000] {logging_mixin.py:150} INFO - [2023-08-02T10:49:47.165+0000] {dag.py:2742} INFO - Sync 1 DAGs
[2023-08-02T10:49:47.193+0000] {logging_mixin.py:150} INFO - [2023-08-02T10:49:47.193+0000] {dag.py:3508} INFO - Setting next_dagrun for example_task_group to 2023-08-01T10:49:47.192187+00:00, run_after=2023-08-02T10:49:47.192187+00:00
[2023-08-02T10:49:47.242+0000] {processor.py:179} INFO - Processing /home/airflow/.local/lib/python3.7/site-packages/airflow/example_dags/example_task_group.py took 0.135 seconds
[2023-08-02T10:50:17.812+0000] {processor.py:157} INFO - Started process (PID=1547) to work on /home/airflow/.local/lib/python3.7/site-packages/airflow/example_dags/example_task_group.py
[2023-08-02T10:50:17.815+0000] {processor.py:826} INFO - Processing file /home/airflow/.local/lib/python3.7/site-packages/airflow/example_dags/example_task_group.py for tasks to queue
[2023-08-02T10:50:17.817+0000] {logging_mixin.py:150} INFO - [2023-08-02T10:50:17.817+0000] {dagbag.py:541} INFO - Filling up the DagBag from /home/airflow/.local/lib/python3.7/site-packages/airflow/example_dags/example_task_group.py
[2023-08-02T10:50:17.828+0000] {processor.py:836} INFO - DAG(s) dict_keys(['example_task_group']) retrieved from /home/airflow/.local/lib/python3.7/site-packages/airflow/example_dags/example_task_group.py
[2023-08-02T10:50:17.858+0000] {logging_mixin.py:150} INFO - [2023-08-02T10:50:17.857+0000] {dag.py:2742} INFO - Sync 1 DAGs
[2023-08-02T10:50:17.881+0000] {logging_mixin.py:150} INFO - [2023-08-02T10:50:17.881+0000] {dag.py:3508} INFO - Setting next_dagrun for example_task_group to 2023-08-01T10:50:17.881040+00:00, run_after=2023-08-02T10:50:17.881040+00:00
[2023-08-02T10:50:17.897+0000] {processor.py:179} INFO - Processing /home/airflow/.local/lib/python3.7/site-packages/airflow/example_dags/example_task_group.py took 0.092 seconds
[2023-08-02T10:50:48.241+0000] {processor.py:157} INFO - Started process (PID=1603) to work on /home/airflow/.local/lib/python3.7/site-packages/airflow/example_dags/example_task_group.py
[2023-08-02T10:50:48.243+0000] {processor.py:826} INFO - Processing file /home/airflow/.local/lib/python3.7/site-packages/airflow/example_dags/example_task_group.py for tasks to queue
[2023-08-02T10:50:48.245+0000] {logging_mixin.py:150} INFO - [2023-08-02T10:50:48.244+0000] {dagbag.py:541} INFO - Filling up the DagBag from /home/airflow/.local/lib/python3.7/site-packages/airflow/example_dags/example_task_group.py
[2023-08-02T10:50:48.260+0000] {processor.py:836} INFO - DAG(s) dict_keys(['example_task_group']) retrieved from /home/airflow/.local/lib/python3.7/site-packages/airflow/example_dags/example_task_group.py
[2023-08-02T10:50:48.288+0000] {logging_mixin.py:150} INFO - [2023-08-02T10:50:48.288+0000] {dag.py:2742} INFO - Sync 1 DAGs
[2023-08-02T10:50:48.308+0000] {logging_mixin.py:150} INFO - [2023-08-02T10:50:48.307+0000] {dag.py:3508} INFO - Setting next_dagrun for example_task_group to 2023-08-01T10:50:48.307669+00:00, run_after=2023-08-02T10:50:48.307669+00:00
[2023-08-02T10:50:48.323+0000] {processor.py:179} INFO - Processing /home/airflow/.local/lib/python3.7/site-packages/airflow/example_dags/example_task_group.py took 0.086 seconds
[2023-08-02T10:51:19.237+0000] {processor.py:157} INFO - Started process (PID=1660) to work on /home/airflow/.local/lib/python3.7/site-packages/airflow/example_dags/example_task_group.py
[2023-08-02T10:51:19.239+0000] {processor.py:826} INFO - Processing file /home/airflow/.local/lib/python3.7/site-packages/airflow/example_dags/example_task_group.py for tasks to queue
[2023-08-02T10:51:19.241+0000] {logging_mixin.py:150} INFO - [2023-08-02T10:51:19.240+0000] {dagbag.py:541} INFO - Filling up the DagBag from /home/airflow/.local/lib/python3.7/site-packages/airflow/example_dags/example_task_group.py
[2023-08-02T10:51:19.249+0000] {processor.py:836} INFO - DAG(s) dict_keys(['example_task_group']) retrieved from /home/airflow/.local/lib/python3.7/site-packages/airflow/example_dags/example_task_group.py
[2023-08-02T10:51:19.274+0000] {logging_mixin.py:150} INFO - [2023-08-02T10:51:19.274+0000] {dag.py:2742} INFO - Sync 1 DAGs
[2023-08-02T10:51:19.295+0000] {logging_mixin.py:150} INFO - [2023-08-02T10:51:19.295+0000] {dag.py:3508} INFO - Setting next_dagrun for example_task_group to 2023-08-01T10:51:19.294782+00:00, run_after=2023-08-02T10:51:19.294782+00:00
[2023-08-02T10:51:19.308+0000] {processor.py:179} INFO - Processing /home/airflow/.local/lib/python3.7/site-packages/airflow/example_dags/example_task_group.py took 0.074 seconds
[2023-08-02T10:51:49.499+0000] {processor.py:157} INFO - Started process (PID=1717) to work on /home/airflow/.local/lib/python3.7/site-packages/airflow/example_dags/example_task_group.py
[2023-08-02T10:51:49.509+0000] {processor.py:826} INFO - Processing file /home/airflow/.local/lib/python3.7/site-packages/airflow/example_dags/example_task_group.py for tasks to queue
[2023-08-02T10:51:49.511+0000] {logging_mixin.py:150} INFO - [2023-08-02T10:51:49.511+0000] {dagbag.py:541} INFO - Filling up the DagBag from /home/airflow/.local/lib/python3.7/site-packages/airflow/example_dags/example_task_group.py
[2023-08-02T10:51:49.518+0000] {processor.py:836} INFO - DAG(s) dict_keys(['example_task_group']) retrieved from /home/airflow/.local/lib/python3.7/site-packages/airflow/example_dags/example_task_group.py
[2023-08-02T10:51:49.540+0000] {logging_mixin.py:150} INFO - [2023-08-02T10:51:49.539+0000] {dag.py:2742} INFO - Sync 1 DAGs
[2023-08-02T10:51:49.558+0000] {logging_mixin.py:150} INFO - [2023-08-02T10:51:49.558+0000] {dag.py:3508} INFO - Setting next_dagrun for example_task_group to 2023-08-01T10:51:49.557933+00:00, run_after=2023-08-02T10:51:49.557933+00:00
[2023-08-02T10:51:49.574+0000] {processor.py:179} INFO - Processing /home/airflow/.local/lib/python3.7/site-packages/airflow/example_dags/example_task_group.py took 0.078 seconds
[2023-08-02T10:52:19.769+0000] {processor.py:157} INFO - Started process (PID=1774) to work on /home/airflow/.local/lib/python3.7/site-packages/airflow/example_dags/example_task_group.py
[2023-08-02T10:52:19.771+0000] {processor.py:826} INFO - Processing file /home/airflow/.local/lib/python3.7/site-packages/airflow/example_dags/example_task_group.py for tasks to queue
[2023-08-02T10:52:19.772+0000] {logging_mixin.py:150} INFO - [2023-08-02T10:52:19.772+0000] {dagbag.py:541} INFO - Filling up the DagBag from /home/airflow/.local/lib/python3.7/site-packages/airflow/example_dags/example_task_group.py
[2023-08-02T10:52:19.780+0000] {processor.py:836} INFO - DAG(s) dict_keys(['example_task_group']) retrieved from /home/airflow/.local/lib/python3.7/site-packages/airflow/example_dags/example_task_group.py
[2023-08-02T10:52:19.804+0000] {logging_mixin.py:150} INFO - [2023-08-02T10:52:19.804+0000] {dag.py:2742} INFO - Sync 1 DAGs
[2023-08-02T10:52:19.824+0000] {logging_mixin.py:150} INFO - [2023-08-02T10:52:19.824+0000] {dag.py:3508} INFO - Setting next_dagrun for example_task_group to 2023-08-01T10:52:19.824562+00:00, run_after=2023-08-02T10:52:19.824562+00:00
[2023-08-02T10:52:19.838+0000] {processor.py:179} INFO - Processing /home/airflow/.local/lib/python3.7/site-packages/airflow/example_dags/example_task_group.py took 0.072 seconds
[2023-08-02T10:52:49.998+0000] {processor.py:157} INFO - Started process (PID=1832) to work on /home/airflow/.local/lib/python3.7/site-packages/airflow/example_dags/example_task_group.py
[2023-08-02T10:52:50.000+0000] {processor.py:826} INFO - Processing file /home/airflow/.local/lib/python3.7/site-packages/airflow/example_dags/example_task_group.py for tasks to queue
[2023-08-02T10:52:50.001+0000] {logging_mixin.py:150} INFO - [2023-08-02T10:52:50.001+0000] {dagbag.py:541} INFO - Filling up the DagBag from /home/airflow/.local/lib/python3.7/site-packages/airflow/example_dags/example_task_group.py
[2023-08-02T10:52:50.017+0000] {processor.py:836} INFO - DAG(s) dict_keys(['example_task_group']) retrieved from /home/airflow/.local/lib/python3.7/site-packages/airflow/example_dags/example_task_group.py
[2023-08-02T10:52:50.038+0000] {logging_mixin.py:150} INFO - [2023-08-02T10:52:50.038+0000] {dag.py:2742} INFO - Sync 1 DAGs
[2023-08-02T10:52:50.057+0000] {logging_mixin.py:150} INFO - [2023-08-02T10:52:50.057+0000] {dag.py:3508} INFO - Setting next_dagrun for example_task_group to 2023-08-01T10:52:50.057298+00:00, run_after=2023-08-02T10:52:50.057298+00:00
[2023-08-02T10:52:50.073+0000] {processor.py:179} INFO - Processing /home/airflow/.local/lib/python3.7/site-packages/airflow/example_dags/example_task_group.py took 0.079 seconds
[2023-08-02T10:53:20.440+0000] {processor.py:157} INFO - Started process (PID=1889) to work on /home/airflow/.local/lib/python3.7/site-packages/airflow/example_dags/example_task_group.py
[2023-08-02T10:53:20.442+0000] {processor.py:826} INFO - Processing file /home/airflow/.local/lib/python3.7/site-packages/airflow/example_dags/example_task_group.py for tasks to queue
[2023-08-02T10:53:20.444+0000] {logging_mixin.py:150} INFO - [2023-08-02T10:53:20.443+0000] {dagbag.py:541} INFO - Filling up the DagBag from /home/airflow/.local/lib/python3.7/site-packages/airflow/example_dags/example_task_group.py
[2023-08-02T10:53:20.451+0000] {processor.py:836} INFO - DAG(s) dict_keys(['example_task_group']) retrieved from /home/airflow/.local/lib/python3.7/site-packages/airflow/example_dags/example_task_group.py
[2023-08-02T10:53:20.473+0000] {logging_mixin.py:150} INFO - [2023-08-02T10:53:20.473+0000] {dag.py:2742} INFO - Sync 1 DAGs
[2023-08-02T10:53:20.492+0000] {logging_mixin.py:150} INFO - [2023-08-02T10:53:20.492+0000] {dag.py:3508} INFO - Setting next_dagrun for example_task_group to 2023-08-01T10:53:20.491887+00:00, run_after=2023-08-02T10:53:20.491887+00:00
[2023-08-02T10:53:20.506+0000] {processor.py:179} INFO - Processing /home/airflow/.local/lib/python3.7/site-packages/airflow/example_dags/example_task_group.py took 0.070 seconds
[2023-08-02T10:53:50.721+0000] {processor.py:157} INFO - Started process (PID=1946) to work on /home/airflow/.local/lib/python3.7/site-packages/airflow/example_dags/example_task_group.py
[2023-08-02T10:53:50.723+0000] {processor.py:826} INFO - Processing file /home/airflow/.local/lib/python3.7/site-packages/airflow/example_dags/example_task_group.py for tasks to queue
[2023-08-02T10:53:50.724+0000] {logging_mixin.py:150} INFO - [2023-08-02T10:53:50.724+0000] {dagbag.py:541} INFO - Filling up the DagBag from /home/airflow/.local/lib/python3.7/site-packages/airflow/example_dags/example_task_group.py
[2023-08-02T10:53:50.732+0000] {processor.py:836} INFO - DAG(s) dict_keys(['example_task_group']) retrieved from /home/airflow/.local/lib/python3.7/site-packages/airflow/example_dags/example_task_group.py
[2023-08-02T10:53:50.751+0000] {logging_mixin.py:150} INFO - [2023-08-02T10:53:50.751+0000] {dag.py:2742} INFO - Sync 1 DAGs
[2023-08-02T10:53:50.768+0000] {logging_mixin.py:150} INFO - [2023-08-02T10:53:50.768+0000] {dag.py:3508} INFO - Setting next_dagrun for example_task_group to 2023-08-01T10:53:50.768186+00:00, run_after=2023-08-02T10:53:50.768186+00:00
[2023-08-02T10:53:50.783+0000] {processor.py:179} INFO - Processing /home/airflow/.local/lib/python3.7/site-packages/airflow/example_dags/example_task_group.py took 0.065 seconds
[2023-08-02T10:54:20.882+0000] {processor.py:157} INFO - Started process (PID=2004) to work on /home/airflow/.local/lib/python3.7/site-packages/airflow/example_dags/example_task_group.py
[2023-08-02T10:54:20.885+0000] {processor.py:826} INFO - Processing file /home/airflow/.local/lib/python3.7/site-packages/airflow/example_dags/example_task_group.py for tasks to queue
[2023-08-02T10:54:20.886+0000] {logging_mixin.py:150} INFO - [2023-08-02T10:54:20.886+0000] {dagbag.py:541} INFO - Filling up the DagBag from /home/airflow/.local/lib/python3.7/site-packages/airflow/example_dags/example_task_group.py
[2023-08-02T10:54:20.893+0000] {processor.py:836} INFO - DAG(s) dict_keys(['example_task_group']) retrieved from /home/airflow/.local/lib/python3.7/site-packages/airflow/example_dags/example_task_group.py
[2023-08-02T10:54:20.915+0000] {logging_mixin.py:150} INFO - [2023-08-02T10:54:20.915+0000] {dag.py:2742} INFO - Sync 1 DAGs
[2023-08-02T10:54:20.933+0000] {logging_mixin.py:150} INFO - [2023-08-02T10:54:20.933+0000] {dag.py:3508} INFO - Setting next_dagrun for example_task_group to 2023-08-01T10:54:20.932814+00:00, run_after=2023-08-02T10:54:20.932814+00:00
[2023-08-02T10:54:20.947+0000] {processor.py:179} INFO - Processing /home/airflow/.local/lib/python3.7/site-packages/airflow/example_dags/example_task_group.py took 0.068 seconds
[2023-08-02T10:54:51.149+0000] {processor.py:157} INFO - Started process (PID=2062) to work on /home/airflow/.local/lib/python3.7/site-packages/airflow/example_dags/example_task_group.py
[2023-08-02T10:54:51.151+0000] {processor.py:826} INFO - Processing file /home/airflow/.local/lib/python3.7/site-packages/airflow/example_dags/example_task_group.py for tasks to queue
[2023-08-02T10:54:51.153+0000] {logging_mixin.py:150} INFO - [2023-08-02T10:54:51.153+0000] {dagbag.py:541} INFO - Filling up the DagBag from /home/airflow/.local/lib/python3.7/site-packages/airflow/example_dags/example_task_group.py
[2023-08-02T10:54:51.162+0000] {processor.py:836} INFO - DAG(s) dict_keys(['example_task_group']) retrieved from /home/airflow/.local/lib/python3.7/site-packages/airflow/example_dags/example_task_group.py
[2023-08-02T10:54:51.191+0000] {logging_mixin.py:150} INFO - [2023-08-02T10:54:51.191+0000] {dag.py:2742} INFO - Sync 1 DAGs
[2023-08-02T10:54:51.218+0000] {logging_mixin.py:150} INFO - [2023-08-02T10:54:51.218+0000] {dag.py:3508} INFO - Setting next_dagrun for example_task_group to 2023-08-01T10:54:51.218046+00:00, run_after=2023-08-02T10:54:51.218046+00:00
[2023-08-02T10:54:51.234+0000] {processor.py:179} INFO - Processing /home/airflow/.local/lib/python3.7/site-packages/airflow/example_dags/example_task_group.py took 0.087 seconds
[2023-08-02T10:55:21.891+0000] {processor.py:157} INFO - Started process (PID=2119) to work on /home/airflow/.local/lib/python3.7/site-packages/airflow/example_dags/example_task_group.py
[2023-08-02T10:55:21.893+0000] {processor.py:826} INFO - Processing file /home/airflow/.local/lib/python3.7/site-packages/airflow/example_dags/example_task_group.py for tasks to queue
[2023-08-02T10:55:21.894+0000] {logging_mixin.py:150} INFO - [2023-08-02T10:55:21.894+0000] {dagbag.py:541} INFO - Filling up the DagBag from /home/airflow/.local/lib/python3.7/site-packages/airflow/example_dags/example_task_group.py
[2023-08-02T10:55:21.910+0000] {processor.py:836} INFO - DAG(s) dict_keys(['example_task_group']) retrieved from /home/airflow/.local/lib/python3.7/site-packages/airflow/example_dags/example_task_group.py
[2023-08-02T10:55:21.933+0000] {logging_mixin.py:150} INFO - [2023-08-02T10:55:21.933+0000] {dag.py:2742} INFO - Sync 1 DAGs
[2023-08-02T10:55:21.952+0000] {logging_mixin.py:150} INFO - [2023-08-02T10:55:21.952+0000] {dag.py:3508} INFO - Setting next_dagrun for example_task_group to 2023-08-01T10:55:21.951914+00:00, run_after=2023-08-02T10:55:21.951914+00:00
[2023-08-02T10:55:21.966+0000] {processor.py:179} INFO - Processing /home/airflow/.local/lib/python3.7/site-packages/airflow/example_dags/example_task_group.py took 0.078 seconds
[2023-08-02T12:19:21.219+0000] {processor.py:157} INFO - Started process (PID=2177) to work on /home/airflow/.local/lib/python3.7/site-packages/airflow/example_dags/example_task_group.py
[2023-08-02T12:19:21.221+0000] {processor.py:826} INFO - Processing file /home/airflow/.local/lib/python3.7/site-packages/airflow/example_dags/example_task_group.py for tasks to queue
[2023-08-02T12:19:21.223+0000] {logging_mixin.py:150} INFO - [2023-08-02T12:19:21.222+0000] {dagbag.py:541} INFO - Filling up the DagBag from /home/airflow/.local/lib/python3.7/site-packages/airflow/example_dags/example_task_group.py
[2023-08-02T12:19:21.230+0000] {processor.py:836} INFO - DAG(s) dict_keys(['example_task_group']) retrieved from /home/airflow/.local/lib/python3.7/site-packages/airflow/example_dags/example_task_group.py
[2023-08-02T12:19:21.259+0000] {logging_mixin.py:150} INFO - [2023-08-02T12:19:21.259+0000] {dag.py:2742} INFO - Sync 1 DAGs
[2023-08-02T12:19:21.324+0000] {logging_mixin.py:150} INFO - [2023-08-02T12:19:21.324+0000] {dag.py:3508} INFO - Setting next_dagrun for example_task_group to 2023-08-01T12:19:21.324172+00:00, run_after=2023-08-02T12:19:21.324172+00:00
[2023-08-02T12:19:21.340+0000] {processor.py:179} INFO - Processing /home/airflow/.local/lib/python3.7/site-packages/airflow/example_dags/example_task_group.py took 0.124 seconds
[2023-08-02T13:26:13.665+0000] {processor.py:157} INFO - Started process (PID=2234) to work on /home/airflow/.local/lib/python3.7/site-packages/airflow/example_dags/example_task_group.py
[2023-08-02T13:26:13.667+0000] {processor.py:826} INFO - Processing file /home/airflow/.local/lib/python3.7/site-packages/airflow/example_dags/example_task_group.py for tasks to queue
[2023-08-02T13:26:13.669+0000] {logging_mixin.py:150} INFO - [2023-08-02T13:26:13.669+0000] {dagbag.py:541} INFO - Filling up the DagBag from /home/airflow/.local/lib/python3.7/site-packages/airflow/example_dags/example_task_group.py
[2023-08-02T13:26:13.677+0000] {processor.py:836} INFO - DAG(s) dict_keys(['example_task_group']) retrieved from /home/airflow/.local/lib/python3.7/site-packages/airflow/example_dags/example_task_group.py
[2023-08-02T13:26:13.702+0000] {logging_mixin.py:150} INFO - [2023-08-02T13:26:13.701+0000] {dag.py:2742} INFO - Sync 1 DAGs
[2023-08-02T13:26:13.721+0000] {logging_mixin.py:150} INFO - [2023-08-02T13:26:13.721+0000] {dag.py:3508} INFO - Setting next_dagrun for example_task_group to 2023-08-01T13:26:13.721111+00:00, run_after=2023-08-02T13:26:13.721111+00:00
[2023-08-02T13:26:13.736+0000] {processor.py:179} INFO - Processing /home/airflow/.local/lib/python3.7/site-packages/airflow/example_dags/example_task_group.py took 0.074 seconds
[2023-08-02T14:49:12.907+0000] {processor.py:157} INFO - Started process (PID=2292) to work on /home/airflow/.local/lib/python3.7/site-packages/airflow/example_dags/example_task_group.py
[2023-08-02T14:49:12.910+0000] {processor.py:826} INFO - Processing file /home/airflow/.local/lib/python3.7/site-packages/airflow/example_dags/example_task_group.py for tasks to queue
[2023-08-02T14:49:12.911+0000] {logging_mixin.py:150} INFO - [2023-08-02T14:49:12.911+0000] {dagbag.py:541} INFO - Filling up the DagBag from /home/airflow/.local/lib/python3.7/site-packages/airflow/example_dags/example_task_group.py
[2023-08-02T14:49:12.918+0000] {processor.py:836} INFO - DAG(s) dict_keys(['example_task_group']) retrieved from /home/airflow/.local/lib/python3.7/site-packages/airflow/example_dags/example_task_group.py
[2023-08-02T14:49:12.941+0000] {logging_mixin.py:150} INFO - [2023-08-02T14:49:12.941+0000] {dag.py:2742} INFO - Sync 1 DAGs
[2023-08-02T14:49:12.958+0000] {logging_mixin.py:150} INFO - [2023-08-02T14:49:12.958+0000] {dag.py:3508} INFO - Setting next_dagrun for example_task_group to 2023-08-01T14:49:12.958401+00:00, run_after=2023-08-02T14:49:12.958401+00:00
[2023-08-02T14:49:12.972+0000] {processor.py:179} INFO - Processing /home/airflow/.local/lib/python3.7/site-packages/airflow/example_dags/example_task_group.py took 0.069 seconds
[2023-08-02T15:54:29.529+0000] {processor.py:157} INFO - Started process (PID=2348) to work on /home/airflow/.local/lib/python3.7/site-packages/airflow/example_dags/example_task_group.py
[2023-08-02T15:54:29.531+0000] {processor.py:826} INFO - Processing file /home/airflow/.local/lib/python3.7/site-packages/airflow/example_dags/example_task_group.py for tasks to queue
[2023-08-02T15:54:29.533+0000] {logging_mixin.py:150} INFO - [2023-08-02T15:54:29.533+0000] {dagbag.py:541} INFO - Filling up the DagBag from /home/airflow/.local/lib/python3.7/site-packages/airflow/example_dags/example_task_group.py
[2023-08-02T15:54:29.540+0000] {processor.py:836} INFO - DAG(s) dict_keys(['example_task_group']) retrieved from /home/airflow/.local/lib/python3.7/site-packages/airflow/example_dags/example_task_group.py
[2023-08-02T15:54:29.571+0000] {logging_mixin.py:150} INFO - [2023-08-02T15:54:29.571+0000] {dag.py:2742} INFO - Sync 1 DAGs
[2023-08-02T15:54:29.596+0000] {logging_mixin.py:150} INFO - [2023-08-02T15:54:29.596+0000] {dag.py:3508} INFO - Setting next_dagrun for example_task_group to 2023-08-01T15:54:29.595723+00:00, run_after=2023-08-02T15:54:29.595723+00:00
[2023-08-02T15:54:29.610+0000] {processor.py:179} INFO - Processing /home/airflow/.local/lib/python3.7/site-packages/airflow/example_dags/example_task_group.py took 0.086 seconds
[2023-08-02T16:26:54.457+0000] {processor.py:157} INFO - Started process (PID=2405) to work on /home/airflow/.local/lib/python3.7/site-packages/airflow/example_dags/example_task_group.py
[2023-08-02T16:26:54.460+0000] {processor.py:826} INFO - Processing file /home/airflow/.local/lib/python3.7/site-packages/airflow/example_dags/example_task_group.py for tasks to queue
[2023-08-02T16:26:54.463+0000] {logging_mixin.py:150} INFO - [2023-08-02T16:26:54.463+0000] {dagbag.py:541} INFO - Filling up the DagBag from /home/airflow/.local/lib/python3.7/site-packages/airflow/example_dags/example_task_group.py
[2023-08-02T16:26:54.476+0000] {processor.py:836} INFO - DAG(s) dict_keys(['example_task_group']) retrieved from /home/airflow/.local/lib/python3.7/site-packages/airflow/example_dags/example_task_group.py
[2023-08-02T16:26:54.511+0000] {logging_mixin.py:150} INFO - [2023-08-02T16:26:54.510+0000] {dag.py:2742} INFO - Sync 1 DAGs
[2023-08-02T16:26:54.548+0000] {logging_mixin.py:150} INFO - [2023-08-02T16:26:54.548+0000] {dag.py:3508} INFO - Setting next_dagrun for example_task_group to 2023-08-01T16:26:54.547769+00:00, run_after=2023-08-02T16:26:54.547769+00:00
[2023-08-02T16:26:54.573+0000] {processor.py:179} INFO - Processing /home/airflow/.local/lib/python3.7/site-packages/airflow/example_dags/example_task_group.py took 0.120 seconds
[2023-08-02T17:14:38.654+0000] {processor.py:157} INFO - Started process (PID=2463) to work on /home/airflow/.local/lib/python3.7/site-packages/airflow/example_dags/example_task_group.py
[2023-08-02T17:14:38.656+0000] {processor.py:826} INFO - Processing file /home/airflow/.local/lib/python3.7/site-packages/airflow/example_dags/example_task_group.py for tasks to queue
[2023-08-02T17:14:38.658+0000] {logging_mixin.py:150} INFO - [2023-08-02T17:14:38.657+0000] {dagbag.py:541} INFO - Filling up the DagBag from /home/airflow/.local/lib/python3.7/site-packages/airflow/example_dags/example_task_group.py
[2023-08-02T17:14:38.667+0000] {processor.py:836} INFO - DAG(s) dict_keys(['example_task_group']) retrieved from /home/airflow/.local/lib/python3.7/site-packages/airflow/example_dags/example_task_group.py
[2023-08-02T17:14:38.690+0000] {logging_mixin.py:150} INFO - [2023-08-02T17:14:38.690+0000] {dag.py:2742} INFO - Sync 1 DAGs
[2023-08-02T17:14:38.709+0000] {logging_mixin.py:150} INFO - [2023-08-02T17:14:38.709+0000] {dag.py:3508} INFO - Setting next_dagrun for example_task_group to 2023-08-01T17:14:38.709281+00:00, run_after=2023-08-02T17:14:38.709281+00:00
[2023-08-02T17:14:38.724+0000] {processor.py:179} INFO - Processing /home/airflow/.local/lib/python3.7/site-packages/airflow/example_dags/example_task_group.py took 0.073 seconds
[2023-08-02T18:59:11.760+0000] {processor.py:157} INFO - Started process (PID=2520) to work on /home/airflow/.local/lib/python3.7/site-packages/airflow/example_dags/example_task_group.py
[2023-08-02T18:59:11.762+0000] {processor.py:826} INFO - Processing file /home/airflow/.local/lib/python3.7/site-packages/airflow/example_dags/example_task_group.py for tasks to queue
[2023-08-02T18:59:11.764+0000] {logging_mixin.py:150} INFO - [2023-08-02T18:59:11.763+0000] {dagbag.py:541} INFO - Filling up the DagBag from /home/airflow/.local/lib/python3.7/site-packages/airflow/example_dags/example_task_group.py
[2023-08-02T18:59:11.771+0000] {processor.py:836} INFO - DAG(s) dict_keys(['example_task_group']) retrieved from /home/airflow/.local/lib/python3.7/site-packages/airflow/example_dags/example_task_group.py
[2023-08-02T18:59:11.793+0000] {logging_mixin.py:150} INFO - [2023-08-02T18:59:11.793+0000] {dag.py:2742} INFO - Sync 1 DAGs
[2023-08-02T18:59:11.825+0000] {logging_mixin.py:150} INFO - [2023-08-02T18:59:11.825+0000] {dag.py:3508} INFO - Setting next_dagrun for example_task_group to 2023-08-01T18:59:11.825405+00:00, run_after=2023-08-02T18:59:11.825405+00:00
[2023-08-02T18:59:11.840+0000] {processor.py:179} INFO - Processing /home/airflow/.local/lib/python3.7/site-packages/airflow/example_dags/example_task_group.py took 0.082 seconds
[2023-08-02T20:21:34.687+0000] {processor.py:157} INFO - Started process (PID=2578) to work on /home/airflow/.local/lib/python3.7/site-packages/airflow/example_dags/example_task_group.py
[2023-08-02T20:21:34.689+0000] {processor.py:826} INFO - Processing file /home/airflow/.local/lib/python3.7/site-packages/airflow/example_dags/example_task_group.py for tasks to queue
[2023-08-02T20:21:34.690+0000] {logging_mixin.py:150} INFO - [2023-08-02T20:21:34.690+0000] {dagbag.py:541} INFO - Filling up the DagBag from /home/airflow/.local/lib/python3.7/site-packages/airflow/example_dags/example_task_group.py
[2023-08-02T20:21:34.697+0000] {processor.py:836} INFO - DAG(s) dict_keys(['example_task_group']) retrieved from /home/airflow/.local/lib/python3.7/site-packages/airflow/example_dags/example_task_group.py
[2023-08-02T20:21:34.722+0000] {logging_mixin.py:150} INFO - [2023-08-02T20:21:34.721+0000] {dag.py:2742} INFO - Sync 1 DAGs
[2023-08-02T20:21:34.743+0000] {logging_mixin.py:150} INFO - [2023-08-02T20:21:34.742+0000] {dag.py:3508} INFO - Setting next_dagrun for example_task_group to 2023-08-01T20:21:34.742579+00:00, run_after=2023-08-02T20:21:34.742579+00:00
[2023-08-02T20:21:34.761+0000] {processor.py:179} INFO - Processing /home/airflow/.local/lib/python3.7/site-packages/airflow/example_dags/example_task_group.py took 0.077 seconds
[2023-08-02T22:03:30.523+0000] {processor.py:157} INFO - Started process (PID=2635) to work on /home/airflow/.local/lib/python3.7/site-packages/airflow/example_dags/example_task_group.py
[2023-08-02T22:03:30.526+0000] {processor.py:826} INFO - Processing file /home/airflow/.local/lib/python3.7/site-packages/airflow/example_dags/example_task_group.py for tasks to queue
[2023-08-02T22:03:30.527+0000] {logging_mixin.py:150} INFO - [2023-08-02T22:03:30.527+0000] {dagbag.py:541} INFO - Filling up the DagBag from /home/airflow/.local/lib/python3.7/site-packages/airflow/example_dags/example_task_group.py
[2023-08-02T22:03:30.537+0000] {processor.py:836} INFO - DAG(s) dict_keys(['example_task_group']) retrieved from /home/airflow/.local/lib/python3.7/site-packages/airflow/example_dags/example_task_group.py
[2023-08-02T22:03:30.565+0000] {logging_mixin.py:150} INFO - [2023-08-02T22:03:30.565+0000] {dag.py:2742} INFO - Sync 1 DAGs
[2023-08-02T22:03:30.588+0000] {logging_mixin.py:150} INFO - [2023-08-02T22:03:30.588+0000] {dag.py:3508} INFO - Setting next_dagrun for example_task_group to 2023-08-01T22:03:30.587990+00:00, run_after=2023-08-02T22:03:30.587990+00:00
[2023-08-02T22:03:30.605+0000] {processor.py:179} INFO - Processing /home/airflow/.local/lib/python3.7/site-packages/airflow/example_dags/example_task_group.py took 0.085 seconds
[2023-08-02T23:27:16.491+0000] {processor.py:157} INFO - Started process (PID=2692) to work on /home/airflow/.local/lib/python3.7/site-packages/airflow/example_dags/example_task_group.py
[2023-08-02T23:27:16.493+0000] {processor.py:826} INFO - Processing file /home/airflow/.local/lib/python3.7/site-packages/airflow/example_dags/example_task_group.py for tasks to queue
[2023-08-02T23:27:16.495+0000] {logging_mixin.py:150} INFO - [2023-08-02T23:27:16.495+0000] {dagbag.py:541} INFO - Filling up the DagBag from /home/airflow/.local/lib/python3.7/site-packages/airflow/example_dags/example_task_group.py
[2023-08-02T23:27:16.503+0000] {processor.py:836} INFO - DAG(s) dict_keys(['example_task_group']) retrieved from /home/airflow/.local/lib/python3.7/site-packages/airflow/example_dags/example_task_group.py
[2023-08-02T23:27:16.525+0000] {logging_mixin.py:150} INFO - [2023-08-02T23:27:16.525+0000] {dag.py:2742} INFO - Sync 1 DAGs
[2023-08-02T23:27:16.542+0000] {logging_mixin.py:150} INFO - [2023-08-02T23:27:16.542+0000] {dag.py:3508} INFO - Setting next_dagrun for example_task_group to 2023-08-01T23:27:16.542551+00:00, run_after=2023-08-02T23:27:16.542551+00:00
[2023-08-02T23:27:16.556+0000] {processor.py:179} INFO - Processing /home/airflow/.local/lib/python3.7/site-packages/airflow/example_dags/example_task_group.py took 0.068 seconds
