[2023-08-02T10:37:02.313+0000] {processor.py:157} INFO - Started process (PID=45) to work on /home/airflow/.local/lib/python3.7/site-packages/airflow/example_dags/example_branch_operator_decorator.py
[2023-08-02T10:37:02.321+0000] {processor.py:826} INFO - Processing file /home/airflow/.local/lib/python3.7/site-packages/airflow/example_dags/example_branch_operator_decorator.py for tasks to queue
[2023-08-02T10:37:02.323+0000] {logging_mixin.py:150} INFO - [2023-08-02T10:37:02.322+0000] {dagbag.py:541} INFO - Filling up the DagBag from /home/airflow/.local/lib/python3.7/site-packages/airflow/example_dags/example_branch_operator_decorator.py
[2023-08-02T10:37:02.335+0000] {processor.py:836} INFO - DAG(s) dict_keys(['example_branch_python_operator_decorator']) retrieved from /home/airflow/.local/lib/python3.7/site-packages/airflow/example_dags/example_branch_operator_decorator.py
[2023-08-02T10:37:02.351+0000] {logging_mixin.py:150} INFO - [2023-08-02T10:37:02.350+0000] {dag.py:2742} INFO - Sync 1 DAGs
[2023-08-02T10:37:02.386+0000] {logging_mixin.py:150} INFO - [2023-08-02T10:37:02.385+0000] {dag.py:3508} INFO - Setting next_dagrun for example_branch_python_operator_decorator to 2023-08-01T00:00:00+00:00, run_after=2023-08-02T00:00:00+00:00
[2023-08-02T10:37:02.405+0000] {processor.py:179} INFO - Processing /home/airflow/.local/lib/python3.7/site-packages/airflow/example_dags/example_branch_operator_decorator.py took 0.096 seconds
[2023-08-02T10:37:33.395+0000] {processor.py:157} INFO - Started process (PID=102) to work on /home/airflow/.local/lib/python3.7/site-packages/airflow/example_dags/example_branch_operator_decorator.py
[2023-08-02T10:37:33.399+0000] {processor.py:826} INFO - Processing file /home/airflow/.local/lib/python3.7/site-packages/airflow/example_dags/example_branch_operator_decorator.py for tasks to queue
[2023-08-02T10:37:33.401+0000] {logging_mixin.py:150} INFO - [2023-08-02T10:37:33.401+0000] {dagbag.py:541} INFO - Filling up the DagBag from /home/airflow/.local/lib/python3.7/site-packages/airflow/example_dags/example_branch_operator_decorator.py
[2023-08-02T10:37:33.412+0000] {processor.py:836} INFO - DAG(s) dict_keys(['example_branch_python_operator_decorator']) retrieved from /home/airflow/.local/lib/python3.7/site-packages/airflow/example_dags/example_branch_operator_decorator.py
[2023-08-02T10:37:33.449+0000] {logging_mixin.py:150} INFO - [2023-08-02T10:37:33.449+0000] {dag.py:2742} INFO - Sync 1 DAGs
[2023-08-02T10:37:33.470+0000] {logging_mixin.py:150} INFO - [2023-08-02T10:37:33.470+0000] {dag.py:3508} INFO - Setting next_dagrun for example_branch_python_operator_decorator to 2023-08-01T00:00:00+00:00, run_after=2023-08-02T00:00:00+00:00
[2023-08-02T10:37:33.483+0000] {processor.py:179} INFO - Processing /home/airflow/.local/lib/python3.7/site-packages/airflow/example_dags/example_branch_operator_decorator.py took 0.093 seconds
[2023-08-02T10:38:03.604+0000] {processor.py:157} INFO - Started process (PID=158) to work on /home/airflow/.local/lib/python3.7/site-packages/airflow/example_dags/example_branch_operator_decorator.py
[2023-08-02T10:38:03.609+0000] {processor.py:826} INFO - Processing file /home/airflow/.local/lib/python3.7/site-packages/airflow/example_dags/example_branch_operator_decorator.py for tasks to queue
[2023-08-02T10:38:03.611+0000] {logging_mixin.py:150} INFO - [2023-08-02T10:38:03.611+0000] {dagbag.py:541} INFO - Filling up the DagBag from /home/airflow/.local/lib/python3.7/site-packages/airflow/example_dags/example_branch_operator_decorator.py
[2023-08-02T10:38:03.624+0000] {processor.py:836} INFO - DAG(s) dict_keys(['example_branch_python_operator_decorator']) retrieved from /home/airflow/.local/lib/python3.7/site-packages/airflow/example_dags/example_branch_operator_decorator.py
[2023-08-02T10:38:03.648+0000] {logging_mixin.py:150} INFO - [2023-08-02T10:38:03.648+0000] {dag.py:2742} INFO - Sync 1 DAGs
[2023-08-02T10:38:03.664+0000] {logging_mixin.py:150} INFO - [2023-08-02T10:38:03.664+0000] {dag.py:3508} INFO - Setting next_dagrun for example_branch_python_operator_decorator to 2023-08-01T00:00:00+00:00, run_after=2023-08-02T00:00:00+00:00
[2023-08-02T10:38:03.677+0000] {processor.py:179} INFO - Processing /home/airflow/.local/lib/python3.7/site-packages/airflow/example_dags/example_branch_operator_decorator.py took 0.079 seconds
[2023-08-02T10:38:34.237+0000] {processor.py:157} INFO - Started process (PID=216) to work on /home/airflow/.local/lib/python3.7/site-packages/airflow/example_dags/example_branch_operator_decorator.py
[2023-08-02T10:38:34.240+0000] {processor.py:826} INFO - Processing file /home/airflow/.local/lib/python3.7/site-packages/airflow/example_dags/example_branch_operator_decorator.py for tasks to queue
[2023-08-02T10:38:34.248+0000] {logging_mixin.py:150} INFO - [2023-08-02T10:38:34.248+0000] {dagbag.py:541} INFO - Filling up the DagBag from /home/airflow/.local/lib/python3.7/site-packages/airflow/example_dags/example_branch_operator_decorator.py
[2023-08-02T10:38:34.257+0000] {processor.py:836} INFO - DAG(s) dict_keys(['example_branch_python_operator_decorator']) retrieved from /home/airflow/.local/lib/python3.7/site-packages/airflow/example_dags/example_branch_operator_decorator.py
[2023-08-02T10:38:34.279+0000] {logging_mixin.py:150} INFO - [2023-08-02T10:38:34.279+0000] {dag.py:2742} INFO - Sync 1 DAGs
[2023-08-02T10:38:34.296+0000] {logging_mixin.py:150} INFO - [2023-08-02T10:38:34.296+0000] {dag.py:3508} INFO - Setting next_dagrun for example_branch_python_operator_decorator to 2023-08-01T00:00:00+00:00, run_after=2023-08-02T00:00:00+00:00
[2023-08-02T10:38:34.310+0000] {processor.py:179} INFO - Processing /home/airflow/.local/lib/python3.7/site-packages/airflow/example_dags/example_branch_operator_decorator.py took 0.077 seconds
[2023-08-02T10:39:04.688+0000] {processor.py:157} INFO - Started process (PID=273) to work on /home/airflow/.local/lib/python3.7/site-packages/airflow/example_dags/example_branch_operator_decorator.py
[2023-08-02T10:39:04.691+0000] {processor.py:826} INFO - Processing file /home/airflow/.local/lib/python3.7/site-packages/airflow/example_dags/example_branch_operator_decorator.py for tasks to queue
[2023-08-02T10:39:04.701+0000] {logging_mixin.py:150} INFO - [2023-08-02T10:39:04.701+0000] {dagbag.py:541} INFO - Filling up the DagBag from /home/airflow/.local/lib/python3.7/site-packages/airflow/example_dags/example_branch_operator_decorator.py
[2023-08-02T10:39:04.711+0000] {processor.py:836} INFO - DAG(s) dict_keys(['example_branch_python_operator_decorator']) retrieved from /home/airflow/.local/lib/python3.7/site-packages/airflow/example_dags/example_branch_operator_decorator.py
[2023-08-02T10:39:04.734+0000] {logging_mixin.py:150} INFO - [2023-08-02T10:39:04.734+0000] {dag.py:2742} INFO - Sync 1 DAGs
[2023-08-02T10:39:04.753+0000] {logging_mixin.py:150} INFO - [2023-08-02T10:39:04.753+0000] {dag.py:3508} INFO - Setting next_dagrun for example_branch_python_operator_decorator to 2023-08-01T00:00:00+00:00, run_after=2023-08-02T00:00:00+00:00
[2023-08-02T10:39:04.767+0000] {processor.py:179} INFO - Processing /home/airflow/.local/lib/python3.7/site-packages/airflow/example_dags/example_branch_operator_decorator.py took 0.083 seconds
[2023-08-02T10:39:34.905+0000] {processor.py:157} INFO - Started process (PID=329) to work on /home/airflow/.local/lib/python3.7/site-packages/airflow/example_dags/example_branch_operator_decorator.py
[2023-08-02T10:39:34.908+0000] {processor.py:826} INFO - Processing file /home/airflow/.local/lib/python3.7/site-packages/airflow/example_dags/example_branch_operator_decorator.py for tasks to queue
[2023-08-02T10:39:34.911+0000] {logging_mixin.py:150} INFO - [2023-08-02T10:39:34.910+0000] {dagbag.py:541} INFO - Filling up the DagBag from /home/airflow/.local/lib/python3.7/site-packages/airflow/example_dags/example_branch_operator_decorator.py
[2023-08-02T10:39:34.923+0000] {processor.py:836} INFO - DAG(s) dict_keys(['example_branch_python_operator_decorator']) retrieved from /home/airflow/.local/lib/python3.7/site-packages/airflow/example_dags/example_branch_operator_decorator.py
[2023-08-02T10:39:34.947+0000] {logging_mixin.py:150} INFO - [2023-08-02T10:39:34.947+0000] {dag.py:2742} INFO - Sync 1 DAGs
[2023-08-02T10:39:34.967+0000] {logging_mixin.py:150} INFO - [2023-08-02T10:39:34.966+0000] {dag.py:3508} INFO - Setting next_dagrun for example_branch_python_operator_decorator to 2023-08-01T00:00:00+00:00, run_after=2023-08-02T00:00:00+00:00
[2023-08-02T10:39:34.990+0000] {processor.py:179} INFO - Processing /home/airflow/.local/lib/python3.7/site-packages/airflow/example_dags/example_branch_operator_decorator.py took 0.092 seconds
[2023-08-02T10:40:05.311+0000] {processor.py:157} INFO - Started process (PID=386) to work on /home/airflow/.local/lib/python3.7/site-packages/airflow/example_dags/example_branch_operator_decorator.py
[2023-08-02T10:40:05.313+0000] {processor.py:826} INFO - Processing file /home/airflow/.local/lib/python3.7/site-packages/airflow/example_dags/example_branch_operator_decorator.py for tasks to queue
[2023-08-02T10:40:05.315+0000] {logging_mixin.py:150} INFO - [2023-08-02T10:40:05.314+0000] {dagbag.py:541} INFO - Filling up the DagBag from /home/airflow/.local/lib/python3.7/site-packages/airflow/example_dags/example_branch_operator_decorator.py
[2023-08-02T10:40:05.325+0000] {processor.py:836} INFO - DAG(s) dict_keys(['example_branch_python_operator_decorator']) retrieved from /home/airflow/.local/lib/python3.7/site-packages/airflow/example_dags/example_branch_operator_decorator.py
[2023-08-02T10:40:05.350+0000] {logging_mixin.py:150} INFO - [2023-08-02T10:40:05.350+0000] {dag.py:2742} INFO - Sync 1 DAGs
[2023-08-02T10:40:05.369+0000] {logging_mixin.py:150} INFO - [2023-08-02T10:40:05.369+0000] {dag.py:3508} INFO - Setting next_dagrun for example_branch_python_operator_decorator to 2023-08-01T00:00:00+00:00, run_after=2023-08-02T00:00:00+00:00
[2023-08-02T10:40:05.439+0000] {processor.py:179} INFO - Processing /home/airflow/.local/lib/python3.7/site-packages/airflow/example_dags/example_branch_operator_decorator.py took 0.132 seconds
[2023-08-02T10:40:35.869+0000] {processor.py:157} INFO - Started process (PID=443) to work on /home/airflow/.local/lib/python3.7/site-packages/airflow/example_dags/example_branch_operator_decorator.py
[2023-08-02T10:40:35.871+0000] {processor.py:826} INFO - Processing file /home/airflow/.local/lib/python3.7/site-packages/airflow/example_dags/example_branch_operator_decorator.py for tasks to queue
[2023-08-02T10:40:35.874+0000] {logging_mixin.py:150} INFO - [2023-08-02T10:40:35.873+0000] {dagbag.py:541} INFO - Filling up the DagBag from /home/airflow/.local/lib/python3.7/site-packages/airflow/example_dags/example_branch_operator_decorator.py
[2023-08-02T10:40:35.885+0000] {processor.py:836} INFO - DAG(s) dict_keys(['example_branch_python_operator_decorator']) retrieved from /home/airflow/.local/lib/python3.7/site-packages/airflow/example_dags/example_branch_operator_decorator.py
[2023-08-02T10:40:35.922+0000] {logging_mixin.py:150} INFO - [2023-08-02T10:40:35.921+0000] {dag.py:2742} INFO - Sync 1 DAGs
[2023-08-02T10:40:35.942+0000] {logging_mixin.py:150} INFO - [2023-08-02T10:40:35.941+0000] {dag.py:3508} INFO - Setting next_dagrun for example_branch_python_operator_decorator to 2023-08-01T00:00:00+00:00, run_after=2023-08-02T00:00:00+00:00
[2023-08-02T10:40:35.955+0000] {processor.py:179} INFO - Processing /home/airflow/.local/lib/python3.7/site-packages/airflow/example_dags/example_branch_operator_decorator.py took 0.093 seconds
[2023-08-02T10:41:06.675+0000] {processor.py:157} INFO - Started process (PID=500) to work on /home/airflow/.local/lib/python3.7/site-packages/airflow/example_dags/example_branch_operator_decorator.py
[2023-08-02T10:41:06.677+0000] {processor.py:826} INFO - Processing file /home/airflow/.local/lib/python3.7/site-packages/airflow/example_dags/example_branch_operator_decorator.py for tasks to queue
[2023-08-02T10:41:06.679+0000] {logging_mixin.py:150} INFO - [2023-08-02T10:41:06.679+0000] {dagbag.py:541} INFO - Filling up the DagBag from /home/airflow/.local/lib/python3.7/site-packages/airflow/example_dags/example_branch_operator_decorator.py
[2023-08-02T10:41:06.689+0000] {processor.py:836} INFO - DAG(s) dict_keys(['example_branch_python_operator_decorator']) retrieved from /home/airflow/.local/lib/python3.7/site-packages/airflow/example_dags/example_branch_operator_decorator.py
[2023-08-02T10:41:06.714+0000] {logging_mixin.py:150} INFO - [2023-08-02T10:41:06.714+0000] {dag.py:2742} INFO - Sync 1 DAGs
[2023-08-02T10:41:06.739+0000] {logging_mixin.py:150} INFO - [2023-08-02T10:41:06.738+0000] {dag.py:3508} INFO - Setting next_dagrun for example_branch_python_operator_decorator to 2023-08-01T00:00:00+00:00, run_after=2023-08-02T00:00:00+00:00
[2023-08-02T10:41:06.752+0000] {processor.py:179} INFO - Processing /home/airflow/.local/lib/python3.7/site-packages/airflow/example_dags/example_branch_operator_decorator.py took 0.080 seconds
[2023-08-02T10:41:36.838+0000] {processor.py:157} INFO - Started process (PID=556) to work on /home/airflow/.local/lib/python3.7/site-packages/airflow/example_dags/example_branch_operator_decorator.py
[2023-08-02T10:41:36.853+0000] {processor.py:826} INFO - Processing file /home/airflow/.local/lib/python3.7/site-packages/airflow/example_dags/example_branch_operator_decorator.py for tasks to queue
[2023-08-02T10:41:36.855+0000] {logging_mixin.py:150} INFO - [2023-08-02T10:41:36.855+0000] {dagbag.py:541} INFO - Filling up the DagBag from /home/airflow/.local/lib/python3.7/site-packages/airflow/example_dags/example_branch_operator_decorator.py
[2023-08-02T10:41:36.864+0000] {processor.py:836} INFO - DAG(s) dict_keys(['example_branch_python_operator_decorator']) retrieved from /home/airflow/.local/lib/python3.7/site-packages/airflow/example_dags/example_branch_operator_decorator.py
[2023-08-02T10:41:36.897+0000] {logging_mixin.py:150} INFO - [2023-08-02T10:41:36.897+0000] {dag.py:2742} INFO - Sync 1 DAGs
[2023-08-02T10:41:36.916+0000] {logging_mixin.py:150} INFO - [2023-08-02T10:41:36.916+0000] {dag.py:3508} INFO - Setting next_dagrun for example_branch_python_operator_decorator to 2023-08-01T00:00:00+00:00, run_after=2023-08-02T00:00:00+00:00
[2023-08-02T10:41:36.931+0000] {processor.py:179} INFO - Processing /home/airflow/.local/lib/python3.7/site-packages/airflow/example_dags/example_branch_operator_decorator.py took 0.097 seconds
[2023-08-02T10:42:07.558+0000] {processor.py:157} INFO - Started process (PID=614) to work on /home/airflow/.local/lib/python3.7/site-packages/airflow/example_dags/example_branch_operator_decorator.py
[2023-08-02T10:42:07.570+0000] {processor.py:826} INFO - Processing file /home/airflow/.local/lib/python3.7/site-packages/airflow/example_dags/example_branch_operator_decorator.py for tasks to queue
[2023-08-02T10:42:07.580+0000] {logging_mixin.py:150} INFO - [2023-08-02T10:42:07.579+0000] {dagbag.py:541} INFO - Filling up the DagBag from /home/airflow/.local/lib/python3.7/site-packages/airflow/example_dags/example_branch_operator_decorator.py
[2023-08-02T10:42:07.594+0000] {processor.py:836} INFO - DAG(s) dict_keys(['example_branch_python_operator_decorator']) retrieved from /home/airflow/.local/lib/python3.7/site-packages/airflow/example_dags/example_branch_operator_decorator.py
[2023-08-02T10:42:07.624+0000] {logging_mixin.py:150} INFO - [2023-08-02T10:42:07.624+0000] {dag.py:2742} INFO - Sync 1 DAGs
[2023-08-02T10:42:07.653+0000] {logging_mixin.py:150} INFO - [2023-08-02T10:42:07.653+0000] {dag.py:3508} INFO - Setting next_dagrun for example_branch_python_operator_decorator to 2023-08-01T00:00:00+00:00, run_after=2023-08-02T00:00:00+00:00
[2023-08-02T10:42:07.676+0000] {processor.py:179} INFO - Processing /home/airflow/.local/lib/python3.7/site-packages/airflow/example_dags/example_branch_operator_decorator.py took 0.124 seconds
[2023-08-02T10:42:38.180+0000] {processor.py:157} INFO - Started process (PID=670) to work on /home/airflow/.local/lib/python3.7/site-packages/airflow/example_dags/example_branch_operator_decorator.py
[2023-08-02T10:42:38.182+0000] {processor.py:826} INFO - Processing file /home/airflow/.local/lib/python3.7/site-packages/airflow/example_dags/example_branch_operator_decorator.py for tasks to queue
[2023-08-02T10:42:38.189+0000] {logging_mixin.py:150} INFO - [2023-08-02T10:42:38.188+0000] {dagbag.py:541} INFO - Filling up the DagBag from /home/airflow/.local/lib/python3.7/site-packages/airflow/example_dags/example_branch_operator_decorator.py
[2023-08-02T10:42:38.203+0000] {processor.py:836} INFO - DAG(s) dict_keys(['example_branch_python_operator_decorator']) retrieved from /home/airflow/.local/lib/python3.7/site-packages/airflow/example_dags/example_branch_operator_decorator.py
[2023-08-02T10:42:38.251+0000] {logging_mixin.py:150} INFO - [2023-08-02T10:42:38.250+0000] {dag.py:2742} INFO - Sync 1 DAGs
[2023-08-02T10:42:38.284+0000] {logging_mixin.py:150} INFO - [2023-08-02T10:42:38.284+0000] {dag.py:3508} INFO - Setting next_dagrun for example_branch_python_operator_decorator to 2023-08-01T00:00:00+00:00, run_after=2023-08-02T00:00:00+00:00
[2023-08-02T10:42:38.302+0000] {processor.py:179} INFO - Processing /home/airflow/.local/lib/python3.7/site-packages/airflow/example_dags/example_branch_operator_decorator.py took 0.127 seconds
[2023-08-02T10:43:08.662+0000] {processor.py:157} INFO - Started process (PID=727) to work on /home/airflow/.local/lib/python3.7/site-packages/airflow/example_dags/example_branch_operator_decorator.py
[2023-08-02T10:43:08.664+0000] {processor.py:826} INFO - Processing file /home/airflow/.local/lib/python3.7/site-packages/airflow/example_dags/example_branch_operator_decorator.py for tasks to queue
[2023-08-02T10:43:08.666+0000] {logging_mixin.py:150} INFO - [2023-08-02T10:43:08.666+0000] {dagbag.py:541} INFO - Filling up the DagBag from /home/airflow/.local/lib/python3.7/site-packages/airflow/example_dags/example_branch_operator_decorator.py
[2023-08-02T10:43:08.680+0000] {processor.py:836} INFO - DAG(s) dict_keys(['example_branch_python_operator_decorator']) retrieved from /home/airflow/.local/lib/python3.7/site-packages/airflow/example_dags/example_branch_operator_decorator.py
[2023-08-02T10:43:08.704+0000] {logging_mixin.py:150} INFO - [2023-08-02T10:43:08.704+0000] {dag.py:2742} INFO - Sync 1 DAGs
[2023-08-02T10:43:08.724+0000] {logging_mixin.py:150} INFO - [2023-08-02T10:43:08.724+0000] {dag.py:3508} INFO - Setting next_dagrun for example_branch_python_operator_decorator to 2023-08-01T00:00:00+00:00, run_after=2023-08-02T00:00:00+00:00
[2023-08-02T10:43:08.738+0000] {processor.py:179} INFO - Processing /home/airflow/.local/lib/python3.7/site-packages/airflow/example_dags/example_branch_operator_decorator.py took 0.081 seconds
[2023-08-02T10:43:39.129+0000] {processor.py:157} INFO - Started process (PID=784) to work on /home/airflow/.local/lib/python3.7/site-packages/airflow/example_dags/example_branch_operator_decorator.py
[2023-08-02T10:43:39.132+0000] {processor.py:826} INFO - Processing file /home/airflow/.local/lib/python3.7/site-packages/airflow/example_dags/example_branch_operator_decorator.py for tasks to queue
[2023-08-02T10:43:39.134+0000] {logging_mixin.py:150} INFO - [2023-08-02T10:43:39.133+0000] {dagbag.py:541} INFO - Filling up the DagBag from /home/airflow/.local/lib/python3.7/site-packages/airflow/example_dags/example_branch_operator_decorator.py
[2023-08-02T10:43:39.145+0000] {processor.py:836} INFO - DAG(s) dict_keys(['example_branch_python_operator_decorator']) retrieved from /home/airflow/.local/lib/python3.7/site-packages/airflow/example_dags/example_branch_operator_decorator.py
[2023-08-02T10:43:39.169+0000] {logging_mixin.py:150} INFO - [2023-08-02T10:43:39.169+0000] {dag.py:2742} INFO - Sync 1 DAGs
[2023-08-02T10:43:39.188+0000] {logging_mixin.py:150} INFO - [2023-08-02T10:43:39.188+0000] {dag.py:3508} INFO - Setting next_dagrun for example_branch_python_operator_decorator to 2023-08-01T00:00:00+00:00, run_after=2023-08-02T00:00:00+00:00
[2023-08-02T10:43:39.203+0000] {processor.py:179} INFO - Processing /home/airflow/.local/lib/python3.7/site-packages/airflow/example_dags/example_branch_operator_decorator.py took 0.079 seconds
[2023-08-02T10:44:09.304+0000] {processor.py:157} INFO - Started process (PID=839) to work on /home/airflow/.local/lib/python3.7/site-packages/airflow/example_dags/example_branch_operator_decorator.py
[2023-08-02T10:44:09.309+0000] {processor.py:826} INFO - Processing file /home/airflow/.local/lib/python3.7/site-packages/airflow/example_dags/example_branch_operator_decorator.py for tasks to queue
[2023-08-02T10:44:09.312+0000] {logging_mixin.py:150} INFO - [2023-08-02T10:44:09.311+0000] {dagbag.py:541} INFO - Filling up the DagBag from /home/airflow/.local/lib/python3.7/site-packages/airflow/example_dags/example_branch_operator_decorator.py
[2023-08-02T10:44:09.327+0000] {processor.py:836} INFO - DAG(s) dict_keys(['example_branch_python_operator_decorator']) retrieved from /home/airflow/.local/lib/python3.7/site-packages/airflow/example_dags/example_branch_operator_decorator.py
[2023-08-02T10:44:09.357+0000] {logging_mixin.py:150} INFO - [2023-08-02T10:44:09.357+0000] {dag.py:2742} INFO - Sync 1 DAGs
[2023-08-02T10:44:09.376+0000] {logging_mixin.py:150} INFO - [2023-08-02T10:44:09.376+0000] {dag.py:3508} INFO - Setting next_dagrun for example_branch_python_operator_decorator to 2023-08-01T00:00:00+00:00, run_after=2023-08-02T00:00:00+00:00
[2023-08-02T10:44:09.388+0000] {processor.py:179} INFO - Processing /home/airflow/.local/lib/python3.7/site-packages/airflow/example_dags/example_branch_operator_decorator.py took 0.091 seconds
[2023-08-02T10:44:39.645+0000] {processor.py:157} INFO - Started process (PID=896) to work on /home/airflow/.local/lib/python3.7/site-packages/airflow/example_dags/example_branch_operator_decorator.py
[2023-08-02T10:44:39.723+0000] {processor.py:826} INFO - Processing file /home/airflow/.local/lib/python3.7/site-packages/airflow/example_dags/example_branch_operator_decorator.py for tasks to queue
[2023-08-02T10:44:39.728+0000] {logging_mixin.py:150} INFO - [2023-08-02T10:44:39.727+0000] {dagbag.py:541} INFO - Filling up the DagBag from /home/airflow/.local/lib/python3.7/site-packages/airflow/example_dags/example_branch_operator_decorator.py
[2023-08-02T10:44:39.750+0000] {processor.py:836} INFO - DAG(s) dict_keys(['example_branch_python_operator_decorator']) retrieved from /home/airflow/.local/lib/python3.7/site-packages/airflow/example_dags/example_branch_operator_decorator.py
[2023-08-02T10:44:39.785+0000] {logging_mixin.py:150} INFO - [2023-08-02T10:44:39.784+0000] {dag.py:2742} INFO - Sync 1 DAGs
[2023-08-02T10:44:39.849+0000] {logging_mixin.py:150} INFO - [2023-08-02T10:44:39.849+0000] {dag.py:3508} INFO - Setting next_dagrun for example_branch_python_operator_decorator to 2023-08-01T00:00:00+00:00, run_after=2023-08-02T00:00:00+00:00
[2023-08-02T10:44:39.904+0000] {processor.py:179} INFO - Processing /home/airflow/.local/lib/python3.7/site-packages/airflow/example_dags/example_branch_operator_decorator.py took 0.267 seconds
[2023-08-02T10:45:10.032+0000] {processor.py:157} INFO - Started process (PID=953) to work on /home/airflow/.local/lib/python3.7/site-packages/airflow/example_dags/example_branch_operator_decorator.py
[2023-08-02T10:45:10.038+0000] {processor.py:826} INFO - Processing file /home/airflow/.local/lib/python3.7/site-packages/airflow/example_dags/example_branch_operator_decorator.py for tasks to queue
[2023-08-02T10:45:10.042+0000] {logging_mixin.py:150} INFO - [2023-08-02T10:45:10.042+0000] {dagbag.py:541} INFO - Filling up the DagBag from /home/airflow/.local/lib/python3.7/site-packages/airflow/example_dags/example_branch_operator_decorator.py
[2023-08-02T10:45:10.054+0000] {processor.py:836} INFO - DAG(s) dict_keys(['example_branch_python_operator_decorator']) retrieved from /home/airflow/.local/lib/python3.7/site-packages/airflow/example_dags/example_branch_operator_decorator.py
[2023-08-02T10:45:10.079+0000] {logging_mixin.py:150} INFO - [2023-08-02T10:45:10.079+0000] {dag.py:2742} INFO - Sync 1 DAGs
[2023-08-02T10:45:10.098+0000] {logging_mixin.py:150} INFO - [2023-08-02T10:45:10.098+0000] {dag.py:3508} INFO - Setting next_dagrun for example_branch_python_operator_decorator to 2023-08-01T00:00:00+00:00, run_after=2023-08-02T00:00:00+00:00
[2023-08-02T10:45:10.112+0000] {processor.py:179} INFO - Processing /home/airflow/.local/lib/python3.7/site-packages/airflow/example_dags/example_branch_operator_decorator.py took 0.085 seconds
[2023-08-02T10:45:40.339+0000] {processor.py:157} INFO - Started process (PID=1010) to work on /home/airflow/.local/lib/python3.7/site-packages/airflow/example_dags/example_branch_operator_decorator.py
[2023-08-02T10:45:40.342+0000] {processor.py:826} INFO - Processing file /home/airflow/.local/lib/python3.7/site-packages/airflow/example_dags/example_branch_operator_decorator.py for tasks to queue
[2023-08-02T10:45:40.343+0000] {logging_mixin.py:150} INFO - [2023-08-02T10:45:40.343+0000] {dagbag.py:541} INFO - Filling up the DagBag from /home/airflow/.local/lib/python3.7/site-packages/airflow/example_dags/example_branch_operator_decorator.py
[2023-08-02T10:45:40.354+0000] {processor.py:836} INFO - DAG(s) dict_keys(['example_branch_python_operator_decorator']) retrieved from /home/airflow/.local/lib/python3.7/site-packages/airflow/example_dags/example_branch_operator_decorator.py
[2023-08-02T10:45:40.384+0000] {logging_mixin.py:150} INFO - [2023-08-02T10:45:40.384+0000] {dag.py:2742} INFO - Sync 1 DAGs
[2023-08-02T10:45:40.405+0000] {logging_mixin.py:150} INFO - [2023-08-02T10:45:40.405+0000] {dag.py:3508} INFO - Setting next_dagrun for example_branch_python_operator_decorator to 2023-08-01T00:00:00+00:00, run_after=2023-08-02T00:00:00+00:00
[2023-08-02T10:45:40.417+0000] {processor.py:179} INFO - Processing /home/airflow/.local/lib/python3.7/site-packages/airflow/example_dags/example_branch_operator_decorator.py took 0.084 seconds
[2023-08-02T10:46:10.643+0000] {processor.py:157} INFO - Started process (PID=1067) to work on /home/airflow/.local/lib/python3.7/site-packages/airflow/example_dags/example_branch_operator_decorator.py
[2023-08-02T10:46:10.663+0000] {processor.py:826} INFO - Processing file /home/airflow/.local/lib/python3.7/site-packages/airflow/example_dags/example_branch_operator_decorator.py for tasks to queue
[2023-08-02T10:46:10.666+0000] {logging_mixin.py:150} INFO - [2023-08-02T10:46:10.665+0000] {dagbag.py:541} INFO - Filling up the DagBag from /home/airflow/.local/lib/python3.7/site-packages/airflow/example_dags/example_branch_operator_decorator.py
[2023-08-02T10:46:10.678+0000] {processor.py:836} INFO - DAG(s) dict_keys(['example_branch_python_operator_decorator']) retrieved from /home/airflow/.local/lib/python3.7/site-packages/airflow/example_dags/example_branch_operator_decorator.py
[2023-08-02T10:46:10.701+0000] {logging_mixin.py:150} INFO - [2023-08-02T10:46:10.701+0000] {dag.py:2742} INFO - Sync 1 DAGs
[2023-08-02T10:46:10.721+0000] {logging_mixin.py:150} INFO - [2023-08-02T10:46:10.721+0000] {dag.py:3508} INFO - Setting next_dagrun for example_branch_python_operator_decorator to 2023-08-01T00:00:00+00:00, run_after=2023-08-02T00:00:00+00:00
[2023-08-02T10:46:10.743+0000] {processor.py:179} INFO - Processing /home/airflow/.local/lib/python3.7/site-packages/airflow/example_dags/example_branch_operator_decorator.py took 0.108 seconds
[2023-08-02T10:46:41.264+0000] {processor.py:157} INFO - Started process (PID=1124) to work on /home/airflow/.local/lib/python3.7/site-packages/airflow/example_dags/example_branch_operator_decorator.py
[2023-08-02T10:46:41.267+0000] {processor.py:826} INFO - Processing file /home/airflow/.local/lib/python3.7/site-packages/airflow/example_dags/example_branch_operator_decorator.py for tasks to queue
[2023-08-02T10:46:41.271+0000] {logging_mixin.py:150} INFO - [2023-08-02T10:46:41.271+0000] {dagbag.py:541} INFO - Filling up the DagBag from /home/airflow/.local/lib/python3.7/site-packages/airflow/example_dags/example_branch_operator_decorator.py
[2023-08-02T10:46:41.282+0000] {processor.py:836} INFO - DAG(s) dict_keys(['example_branch_python_operator_decorator']) retrieved from /home/airflow/.local/lib/python3.7/site-packages/airflow/example_dags/example_branch_operator_decorator.py
[2023-08-02T10:46:41.304+0000] {logging_mixin.py:150} INFO - [2023-08-02T10:46:41.304+0000] {dag.py:2742} INFO - Sync 1 DAGs
[2023-08-02T10:46:41.320+0000] {logging_mixin.py:150} INFO - [2023-08-02T10:46:41.320+0000] {dag.py:3508} INFO - Setting next_dagrun for example_branch_python_operator_decorator to 2023-08-01T00:00:00+00:00, run_after=2023-08-02T00:00:00+00:00
[2023-08-02T10:46:41.436+0000] {processor.py:179} INFO - Processing /home/airflow/.local/lib/python3.7/site-packages/airflow/example_dags/example_branch_operator_decorator.py took 0.178 seconds
[2023-08-02T10:47:11.776+0000] {processor.py:157} INFO - Started process (PID=1181) to work on /home/airflow/.local/lib/python3.7/site-packages/airflow/example_dags/example_branch_operator_decorator.py
[2023-08-02T10:47:11.795+0000] {processor.py:826} INFO - Processing file /home/airflow/.local/lib/python3.7/site-packages/airflow/example_dags/example_branch_operator_decorator.py for tasks to queue
[2023-08-02T10:47:11.797+0000] {logging_mixin.py:150} INFO - [2023-08-02T10:47:11.797+0000] {dagbag.py:541} INFO - Filling up the DagBag from /home/airflow/.local/lib/python3.7/site-packages/airflow/example_dags/example_branch_operator_decorator.py
[2023-08-02T10:47:11.807+0000] {processor.py:836} INFO - DAG(s) dict_keys(['example_branch_python_operator_decorator']) retrieved from /home/airflow/.local/lib/python3.7/site-packages/airflow/example_dags/example_branch_operator_decorator.py
[2023-08-02T10:47:11.828+0000] {logging_mixin.py:150} INFO - [2023-08-02T10:47:11.828+0000] {dag.py:2742} INFO - Sync 1 DAGs
[2023-08-02T10:47:11.846+0000] {logging_mixin.py:150} INFO - [2023-08-02T10:47:11.846+0000] {dag.py:3508} INFO - Setting next_dagrun for example_branch_python_operator_decorator to 2023-08-01T00:00:00+00:00, run_after=2023-08-02T00:00:00+00:00
[2023-08-02T10:47:11.867+0000] {processor.py:179} INFO - Processing /home/airflow/.local/lib/python3.7/site-packages/airflow/example_dags/example_branch_operator_decorator.py took 0.098 seconds
[2023-08-02T10:47:42.038+0000] {processor.py:157} INFO - Started process (PID=1238) to work on /home/airflow/.local/lib/python3.7/site-packages/airflow/example_dags/example_branch_operator_decorator.py
[2023-08-02T10:47:42.041+0000] {processor.py:826} INFO - Processing file /home/airflow/.local/lib/python3.7/site-packages/airflow/example_dags/example_branch_operator_decorator.py for tasks to queue
[2023-08-02T10:47:42.042+0000] {logging_mixin.py:150} INFO - [2023-08-02T10:47:42.042+0000] {dagbag.py:541} INFO - Filling up the DagBag from /home/airflow/.local/lib/python3.7/site-packages/airflow/example_dags/example_branch_operator_decorator.py
[2023-08-02T10:47:42.051+0000] {processor.py:836} INFO - DAG(s) dict_keys(['example_branch_python_operator_decorator']) retrieved from /home/airflow/.local/lib/python3.7/site-packages/airflow/example_dags/example_branch_operator_decorator.py
[2023-08-02T10:47:42.134+0000] {logging_mixin.py:150} INFO - [2023-08-02T10:47:42.134+0000] {dag.py:2742} INFO - Sync 1 DAGs
[2023-08-02T10:47:42.157+0000] {logging_mixin.py:150} INFO - [2023-08-02T10:47:42.157+0000] {dag.py:3508} INFO - Setting next_dagrun for example_branch_python_operator_decorator to 2023-08-01T00:00:00+00:00, run_after=2023-08-02T00:00:00+00:00
[2023-08-02T10:47:42.171+0000] {processor.py:179} INFO - Processing /home/airflow/.local/lib/python3.7/site-packages/airflow/example_dags/example_branch_operator_decorator.py took 0.136 seconds
[2023-08-02T10:48:12.432+0000] {processor.py:157} INFO - Started process (PID=1295) to work on /home/airflow/.local/lib/python3.7/site-packages/airflow/example_dags/example_branch_operator_decorator.py
[2023-08-02T10:48:12.448+0000] {processor.py:826} INFO - Processing file /home/airflow/.local/lib/python3.7/site-packages/airflow/example_dags/example_branch_operator_decorator.py for tasks to queue
[2023-08-02T10:48:12.449+0000] {logging_mixin.py:150} INFO - [2023-08-02T10:48:12.449+0000] {dagbag.py:541} INFO - Filling up the DagBag from /home/airflow/.local/lib/python3.7/site-packages/airflow/example_dags/example_branch_operator_decorator.py
[2023-08-02T10:48:12.458+0000] {processor.py:836} INFO - DAG(s) dict_keys(['example_branch_python_operator_decorator']) retrieved from /home/airflow/.local/lib/python3.7/site-packages/airflow/example_dags/example_branch_operator_decorator.py
[2023-08-02T10:48:12.484+0000] {logging_mixin.py:150} INFO - [2023-08-02T10:48:12.484+0000] {dag.py:2742} INFO - Sync 1 DAGs
[2023-08-02T10:48:12.502+0000] {logging_mixin.py:150} INFO - [2023-08-02T10:48:12.502+0000] {dag.py:3508} INFO - Setting next_dagrun for example_branch_python_operator_decorator to 2023-08-01T00:00:00+00:00, run_after=2023-08-02T00:00:00+00:00
[2023-08-02T10:48:12.520+0000] {processor.py:179} INFO - Processing /home/airflow/.local/lib/python3.7/site-packages/airflow/example_dags/example_branch_operator_decorator.py took 0.092 seconds
[2023-08-02T10:48:42.627+0000] {processor.py:157} INFO - Started process (PID=1352) to work on /home/airflow/.local/lib/python3.7/site-packages/airflow/example_dags/example_branch_operator_decorator.py
[2023-08-02T10:48:42.643+0000] {processor.py:826} INFO - Processing file /home/airflow/.local/lib/python3.7/site-packages/airflow/example_dags/example_branch_operator_decorator.py for tasks to queue
[2023-08-02T10:48:42.650+0000] {logging_mixin.py:150} INFO - [2023-08-02T10:48:42.650+0000] {dagbag.py:541} INFO - Filling up the DagBag from /home/airflow/.local/lib/python3.7/site-packages/airflow/example_dags/example_branch_operator_decorator.py
[2023-08-02T10:48:42.659+0000] {processor.py:836} INFO - DAG(s) dict_keys(['example_branch_python_operator_decorator']) retrieved from /home/airflow/.local/lib/python3.7/site-packages/airflow/example_dags/example_branch_operator_decorator.py
[2023-08-02T10:48:42.681+0000] {logging_mixin.py:150} INFO - [2023-08-02T10:48:42.681+0000] {dag.py:2742} INFO - Sync 1 DAGs
[2023-08-02T10:48:42.706+0000] {logging_mixin.py:150} INFO - [2023-08-02T10:48:42.706+0000] {dag.py:3508} INFO - Setting next_dagrun for example_branch_python_operator_decorator to 2023-08-01T00:00:00+00:00, run_after=2023-08-02T00:00:00+00:00
[2023-08-02T10:48:42.719+0000] {processor.py:179} INFO - Processing /home/airflow/.local/lib/python3.7/site-packages/airflow/example_dags/example_branch_operator_decorator.py took 0.095 seconds
[2023-08-02T10:49:12.997+0000] {processor.py:157} INFO - Started process (PID=1409) to work on /home/airflow/.local/lib/python3.7/site-packages/airflow/example_dags/example_branch_operator_decorator.py
[2023-08-02T10:49:13.000+0000] {processor.py:826} INFO - Processing file /home/airflow/.local/lib/python3.7/site-packages/airflow/example_dags/example_branch_operator_decorator.py for tasks to queue
[2023-08-02T10:49:13.002+0000] {logging_mixin.py:150} INFO - [2023-08-02T10:49:13.001+0000] {dagbag.py:541} INFO - Filling up the DagBag from /home/airflow/.local/lib/python3.7/site-packages/airflow/example_dags/example_branch_operator_decorator.py
[2023-08-02T10:49:13.014+0000] {processor.py:836} INFO - DAG(s) dict_keys(['example_branch_python_operator_decorator']) retrieved from /home/airflow/.local/lib/python3.7/site-packages/airflow/example_dags/example_branch_operator_decorator.py
[2023-08-02T10:49:13.098+0000] {logging_mixin.py:150} INFO - [2023-08-02T10:49:13.097+0000] {dag.py:2742} INFO - Sync 1 DAGs
[2023-08-02T10:49:13.118+0000] {logging_mixin.py:150} INFO - [2023-08-02T10:49:13.118+0000] {dag.py:3508} INFO - Setting next_dagrun for example_branch_python_operator_decorator to 2023-08-01T00:00:00+00:00, run_after=2023-08-02T00:00:00+00:00
[2023-08-02T10:49:13.133+0000] {processor.py:179} INFO - Processing /home/airflow/.local/lib/python3.7/site-packages/airflow/example_dags/example_branch_operator_decorator.py took 0.140 seconds
[2023-08-02T10:49:43.355+0000] {processor.py:157} INFO - Started process (PID=1466) to work on /home/airflow/.local/lib/python3.7/site-packages/airflow/example_dags/example_branch_operator_decorator.py
[2023-08-02T10:49:43.359+0000] {processor.py:826} INFO - Processing file /home/airflow/.local/lib/python3.7/site-packages/airflow/example_dags/example_branch_operator_decorator.py for tasks to queue
[2023-08-02T10:49:43.362+0000] {logging_mixin.py:150} INFO - [2023-08-02T10:49:43.361+0000] {dagbag.py:541} INFO - Filling up the DagBag from /home/airflow/.local/lib/python3.7/site-packages/airflow/example_dags/example_branch_operator_decorator.py
[2023-08-02T10:49:43.377+0000] {processor.py:836} INFO - DAG(s) dict_keys(['example_branch_python_operator_decorator']) retrieved from /home/airflow/.local/lib/python3.7/site-packages/airflow/example_dags/example_branch_operator_decorator.py
[2023-08-02T10:49:43.414+0000] {logging_mixin.py:150} INFO - [2023-08-02T10:49:43.414+0000] {dag.py:2742} INFO - Sync 1 DAGs
[2023-08-02T10:49:43.433+0000] {logging_mixin.py:150} INFO - [2023-08-02T10:49:43.433+0000] {dag.py:3508} INFO - Setting next_dagrun for example_branch_python_operator_decorator to 2023-08-01T00:00:00+00:00, run_after=2023-08-02T00:00:00+00:00
[2023-08-02T10:49:43.446+0000] {processor.py:179} INFO - Processing /home/airflow/.local/lib/python3.7/site-packages/airflow/example_dags/example_branch_operator_decorator.py took 0.097 seconds
[2023-08-02T10:50:13.643+0000] {processor.py:157} INFO - Started process (PID=1523) to work on /home/airflow/.local/lib/python3.7/site-packages/airflow/example_dags/example_branch_operator_decorator.py
[2023-08-02T10:50:13.663+0000] {processor.py:826} INFO - Processing file /home/airflow/.local/lib/python3.7/site-packages/airflow/example_dags/example_branch_operator_decorator.py for tasks to queue
[2023-08-02T10:50:13.676+0000] {logging_mixin.py:150} INFO - [2023-08-02T10:50:13.674+0000] {dagbag.py:541} INFO - Filling up the DagBag from /home/airflow/.local/lib/python3.7/site-packages/airflow/example_dags/example_branch_operator_decorator.py
[2023-08-02T10:50:13.710+0000] {processor.py:836} INFO - DAG(s) dict_keys(['example_branch_python_operator_decorator']) retrieved from /home/airflow/.local/lib/python3.7/site-packages/airflow/example_dags/example_branch_operator_decorator.py
[2023-08-02T10:50:13.752+0000] {logging_mixin.py:150} INFO - [2023-08-02T10:50:13.752+0000] {dag.py:2742} INFO - Sync 1 DAGs
[2023-08-02T10:50:13.834+0000] {logging_mixin.py:150} INFO - [2023-08-02T10:50:13.834+0000] {dag.py:3508} INFO - Setting next_dagrun for example_branch_python_operator_decorator to 2023-08-01T00:00:00+00:00, run_after=2023-08-02T00:00:00+00:00
[2023-08-02T10:50:13.885+0000] {processor.py:179} INFO - Processing /home/airflow/.local/lib/python3.7/site-packages/airflow/example_dags/example_branch_operator_decorator.py took 0.246 seconds
[2023-08-02T10:50:44.247+0000] {processor.py:157} INFO - Started process (PID=1580) to work on /home/airflow/.local/lib/python3.7/site-packages/airflow/example_dags/example_branch_operator_decorator.py
[2023-08-02T10:50:44.251+0000] {processor.py:826} INFO - Processing file /home/airflow/.local/lib/python3.7/site-packages/airflow/example_dags/example_branch_operator_decorator.py for tasks to queue
[2023-08-02T10:50:44.253+0000] {logging_mixin.py:150} INFO - [2023-08-02T10:50:44.253+0000] {dagbag.py:541} INFO - Filling up the DagBag from /home/airflow/.local/lib/python3.7/site-packages/airflow/example_dags/example_branch_operator_decorator.py
[2023-08-02T10:50:44.269+0000] {processor.py:836} INFO - DAG(s) dict_keys(['example_branch_python_operator_decorator']) retrieved from /home/airflow/.local/lib/python3.7/site-packages/airflow/example_dags/example_branch_operator_decorator.py
[2023-08-02T10:50:44.305+0000] {logging_mixin.py:150} INFO - [2023-08-02T10:50:44.305+0000] {dag.py:2742} INFO - Sync 1 DAGs
[2023-08-02T10:50:44.327+0000] {logging_mixin.py:150} INFO - [2023-08-02T10:50:44.327+0000] {dag.py:3508} INFO - Setting next_dagrun for example_branch_python_operator_decorator to 2023-08-01T00:00:00+00:00, run_after=2023-08-02T00:00:00+00:00
[2023-08-02T10:50:44.343+0000] {processor.py:179} INFO - Processing /home/airflow/.local/lib/python3.7/site-packages/airflow/example_dags/example_branch_operator_decorator.py took 0.102 seconds
[2023-08-02T10:51:14.540+0000] {processor.py:157} INFO - Started process (PID=1637) to work on /home/airflow/.local/lib/python3.7/site-packages/airflow/example_dags/example_branch_operator_decorator.py
[2023-08-02T10:51:14.563+0000] {processor.py:826} INFO - Processing file /home/airflow/.local/lib/python3.7/site-packages/airflow/example_dags/example_branch_operator_decorator.py for tasks to queue
[2023-08-02T10:51:14.566+0000] {logging_mixin.py:150} INFO - [2023-08-02T10:51:14.566+0000] {dagbag.py:541} INFO - Filling up the DagBag from /home/airflow/.local/lib/python3.7/site-packages/airflow/example_dags/example_branch_operator_decorator.py
[2023-08-02T10:51:14.576+0000] {processor.py:836} INFO - DAG(s) dict_keys(['example_branch_python_operator_decorator']) retrieved from /home/airflow/.local/lib/python3.7/site-packages/airflow/example_dags/example_branch_operator_decorator.py
[2023-08-02T10:51:14.598+0000] {logging_mixin.py:150} INFO - [2023-08-02T10:51:14.597+0000] {dag.py:2742} INFO - Sync 1 DAGs
[2023-08-02T10:51:14.616+0000] {logging_mixin.py:150} INFO - [2023-08-02T10:51:14.615+0000] {dag.py:3508} INFO - Setting next_dagrun for example_branch_python_operator_decorator to 2023-08-01T00:00:00+00:00, run_after=2023-08-02T00:00:00+00:00
[2023-08-02T10:51:14.641+0000] {processor.py:179} INFO - Processing /home/airflow/.local/lib/python3.7/site-packages/airflow/example_dags/example_branch_operator_decorator.py took 0.107 seconds
[2023-08-02T10:51:44.904+0000] {processor.py:157} INFO - Started process (PID=1694) to work on /home/airflow/.local/lib/python3.7/site-packages/airflow/example_dags/example_branch_operator_decorator.py
[2023-08-02T10:51:44.969+0000] {processor.py:826} INFO - Processing file /home/airflow/.local/lib/python3.7/site-packages/airflow/example_dags/example_branch_operator_decorator.py for tasks to queue
[2023-08-02T10:51:44.971+0000] {logging_mixin.py:150} INFO - [2023-08-02T10:51:44.970+0000] {dagbag.py:541} INFO - Filling up the DagBag from /home/airflow/.local/lib/python3.7/site-packages/airflow/example_dags/example_branch_operator_decorator.py
[2023-08-02T10:51:44.980+0000] {processor.py:836} INFO - DAG(s) dict_keys(['example_branch_python_operator_decorator']) retrieved from /home/airflow/.local/lib/python3.7/site-packages/airflow/example_dags/example_branch_operator_decorator.py
[2023-08-02T10:51:45.002+0000] {logging_mixin.py:150} INFO - [2023-08-02T10:51:45.002+0000] {dag.py:2742} INFO - Sync 1 DAGs
[2023-08-02T10:51:45.020+0000] {logging_mixin.py:150} INFO - [2023-08-02T10:51:45.020+0000] {dag.py:3508} INFO - Setting next_dagrun for example_branch_python_operator_decorator to 2023-08-01T00:00:00+00:00, run_after=2023-08-02T00:00:00+00:00
[2023-08-02T10:51:45.037+0000] {processor.py:179} INFO - Processing /home/airflow/.local/lib/python3.7/site-packages/airflow/example_dags/example_branch_operator_decorator.py took 0.138 seconds
[2023-08-02T10:52:15.321+0000] {processor.py:157} INFO - Started process (PID=1751) to work on /home/airflow/.local/lib/python3.7/site-packages/airflow/example_dags/example_branch_operator_decorator.py
[2023-08-02T10:52:15.325+0000] {processor.py:826} INFO - Processing file /home/airflow/.local/lib/python3.7/site-packages/airflow/example_dags/example_branch_operator_decorator.py for tasks to queue
[2023-08-02T10:52:15.328+0000] {logging_mixin.py:150} INFO - [2023-08-02T10:52:15.327+0000] {dagbag.py:541} INFO - Filling up the DagBag from /home/airflow/.local/lib/python3.7/site-packages/airflow/example_dags/example_branch_operator_decorator.py
[2023-08-02T10:52:15.344+0000] {processor.py:836} INFO - DAG(s) dict_keys(['example_branch_python_operator_decorator']) retrieved from /home/airflow/.local/lib/python3.7/site-packages/airflow/example_dags/example_branch_operator_decorator.py
[2023-08-02T10:52:15.369+0000] {logging_mixin.py:150} INFO - [2023-08-02T10:52:15.369+0000] {dag.py:2742} INFO - Sync 1 DAGs
[2023-08-02T10:52:15.387+0000] {logging_mixin.py:150} INFO - [2023-08-02T10:52:15.387+0000] {dag.py:3508} INFO - Setting next_dagrun for example_branch_python_operator_decorator to 2023-08-01T00:00:00+00:00, run_after=2023-08-02T00:00:00+00:00
[2023-08-02T10:52:15.399+0000] {processor.py:179} INFO - Processing /home/airflow/.local/lib/python3.7/site-packages/airflow/example_dags/example_branch_operator_decorator.py took 0.085 seconds
[2023-08-02T10:52:45.529+0000] {processor.py:157} INFO - Started process (PID=1809) to work on /home/airflow/.local/lib/python3.7/site-packages/airflow/example_dags/example_branch_operator_decorator.py
[2023-08-02T10:52:45.531+0000] {processor.py:826} INFO - Processing file /home/airflow/.local/lib/python3.7/site-packages/airflow/example_dags/example_branch_operator_decorator.py for tasks to queue
[2023-08-02T10:52:45.533+0000] {logging_mixin.py:150} INFO - [2023-08-02T10:52:45.533+0000] {dagbag.py:541} INFO - Filling up the DagBag from /home/airflow/.local/lib/python3.7/site-packages/airflow/example_dags/example_branch_operator_decorator.py
[2023-08-02T10:52:45.542+0000] {processor.py:836} INFO - DAG(s) dict_keys(['example_branch_python_operator_decorator']) retrieved from /home/airflow/.local/lib/python3.7/site-packages/airflow/example_dags/example_branch_operator_decorator.py
[2023-08-02T10:52:45.563+0000] {logging_mixin.py:150} INFO - [2023-08-02T10:52:45.563+0000] {dag.py:2742} INFO - Sync 1 DAGs
[2023-08-02T10:52:45.592+0000] {logging_mixin.py:150} INFO - [2023-08-02T10:52:45.592+0000] {dag.py:3508} INFO - Setting next_dagrun for example_branch_python_operator_decorator to 2023-08-01T00:00:00+00:00, run_after=2023-08-02T00:00:00+00:00
[2023-08-02T10:52:45.607+0000] {processor.py:179} INFO - Processing /home/airflow/.local/lib/python3.7/site-packages/airflow/example_dags/example_branch_operator_decorator.py took 0.082 seconds
[2023-08-02T10:53:15.742+0000] {processor.py:157} INFO - Started process (PID=1866) to work on /home/airflow/.local/lib/python3.7/site-packages/airflow/example_dags/example_branch_operator_decorator.py
[2023-08-02T10:53:15.746+0000] {processor.py:826} INFO - Processing file /home/airflow/.local/lib/python3.7/site-packages/airflow/example_dags/example_branch_operator_decorator.py for tasks to queue
[2023-08-02T10:53:15.748+0000] {logging_mixin.py:150} INFO - [2023-08-02T10:53:15.748+0000] {dagbag.py:541} INFO - Filling up the DagBag from /home/airflow/.local/lib/python3.7/site-packages/airflow/example_dags/example_branch_operator_decorator.py
[2023-08-02T10:53:15.761+0000] {processor.py:836} INFO - DAG(s) dict_keys(['example_branch_python_operator_decorator']) retrieved from /home/airflow/.local/lib/python3.7/site-packages/airflow/example_dags/example_branch_operator_decorator.py
[2023-08-02T10:53:15.842+0000] {logging_mixin.py:150} INFO - [2023-08-02T10:53:15.842+0000] {dag.py:2742} INFO - Sync 1 DAGs
[2023-08-02T10:53:15.859+0000] {logging_mixin.py:150} INFO - [2023-08-02T10:53:15.859+0000] {dag.py:3508} INFO - Setting next_dagrun for example_branch_python_operator_decorator to 2023-08-01T00:00:00+00:00, run_after=2023-08-02T00:00:00+00:00
[2023-08-02T10:53:15.871+0000] {processor.py:179} INFO - Processing /home/airflow/.local/lib/python3.7/site-packages/airflow/example_dags/example_branch_operator_decorator.py took 0.135 seconds
[2023-08-02T10:53:46.114+0000] {processor.py:157} INFO - Started process (PID=1923) to work on /home/airflow/.local/lib/python3.7/site-packages/airflow/example_dags/example_branch_operator_decorator.py
[2023-08-02T10:53:46.117+0000] {processor.py:826} INFO - Processing file /home/airflow/.local/lib/python3.7/site-packages/airflow/example_dags/example_branch_operator_decorator.py for tasks to queue
[2023-08-02T10:53:46.120+0000] {logging_mixin.py:150} INFO - [2023-08-02T10:53:46.119+0000] {dagbag.py:541} INFO - Filling up the DagBag from /home/airflow/.local/lib/python3.7/site-packages/airflow/example_dags/example_branch_operator_decorator.py
[2023-08-02T10:53:46.135+0000] {processor.py:836} INFO - DAG(s) dict_keys(['example_branch_python_operator_decorator']) retrieved from /home/airflow/.local/lib/python3.7/site-packages/airflow/example_dags/example_branch_operator_decorator.py
[2023-08-02T10:53:46.159+0000] {logging_mixin.py:150} INFO - [2023-08-02T10:53:46.159+0000] {dag.py:2742} INFO - Sync 1 DAGs
[2023-08-02T10:53:46.176+0000] {logging_mixin.py:150} INFO - [2023-08-02T10:53:46.176+0000] {dag.py:3508} INFO - Setting next_dagrun for example_branch_python_operator_decorator to 2023-08-01T00:00:00+00:00, run_after=2023-08-02T00:00:00+00:00
[2023-08-02T10:53:46.192+0000] {processor.py:179} INFO - Processing /home/airflow/.local/lib/python3.7/site-packages/airflow/example_dags/example_branch_operator_decorator.py took 0.084 seconds
[2023-08-02T10:54:16.409+0000] {processor.py:157} INFO - Started process (PID=1981) to work on /home/airflow/.local/lib/python3.7/site-packages/airflow/example_dags/example_branch_operator_decorator.py
[2023-08-02T10:54:16.412+0000] {processor.py:826} INFO - Processing file /home/airflow/.local/lib/python3.7/site-packages/airflow/example_dags/example_branch_operator_decorator.py for tasks to queue
[2023-08-02T10:54:16.414+0000] {logging_mixin.py:150} INFO - [2023-08-02T10:54:16.414+0000] {dagbag.py:541} INFO - Filling up the DagBag from /home/airflow/.local/lib/python3.7/site-packages/airflow/example_dags/example_branch_operator_decorator.py
[2023-08-02T10:54:16.426+0000] {processor.py:836} INFO - DAG(s) dict_keys(['example_branch_python_operator_decorator']) retrieved from /home/airflow/.local/lib/python3.7/site-packages/airflow/example_dags/example_branch_operator_decorator.py
[2023-08-02T10:54:16.450+0000] {logging_mixin.py:150} INFO - [2023-08-02T10:54:16.450+0000] {dag.py:2742} INFO - Sync 1 DAGs
[2023-08-02T10:54:16.468+0000] {logging_mixin.py:150} INFO - [2023-08-02T10:54:16.468+0000] {dag.py:3508} INFO - Setting next_dagrun for example_branch_python_operator_decorator to 2023-08-01T00:00:00+00:00, run_after=2023-08-02T00:00:00+00:00
[2023-08-02T10:54:16.482+0000] {processor.py:179} INFO - Processing /home/airflow/.local/lib/python3.7/site-packages/airflow/example_dags/example_branch_operator_decorator.py took 0.078 seconds
[2023-08-02T10:54:46.707+0000] {processor.py:157} INFO - Started process (PID=2039) to work on /home/airflow/.local/lib/python3.7/site-packages/airflow/example_dags/example_branch_operator_decorator.py
[2023-08-02T10:54:46.709+0000] {processor.py:826} INFO - Processing file /home/airflow/.local/lib/python3.7/site-packages/airflow/example_dags/example_branch_operator_decorator.py for tasks to queue
[2023-08-02T10:54:46.711+0000] {logging_mixin.py:150} INFO - [2023-08-02T10:54:46.711+0000] {dagbag.py:541} INFO - Filling up the DagBag from /home/airflow/.local/lib/python3.7/site-packages/airflow/example_dags/example_branch_operator_decorator.py
[2023-08-02T10:54:46.728+0000] {processor.py:836} INFO - DAG(s) dict_keys(['example_branch_python_operator_decorator']) retrieved from /home/airflow/.local/lib/python3.7/site-packages/airflow/example_dags/example_branch_operator_decorator.py
[2023-08-02T10:54:46.749+0000] {logging_mixin.py:150} INFO - [2023-08-02T10:54:46.749+0000] {dag.py:2742} INFO - Sync 1 DAGs
[2023-08-02T10:54:46.767+0000] {logging_mixin.py:150} INFO - [2023-08-02T10:54:46.767+0000] {dag.py:3508} INFO - Setting next_dagrun for example_branch_python_operator_decorator to 2023-08-01T00:00:00+00:00, run_after=2023-08-02T00:00:00+00:00
[2023-08-02T10:54:46.780+0000] {processor.py:179} INFO - Processing /home/airflow/.local/lib/python3.7/site-packages/airflow/example_dags/example_branch_operator_decorator.py took 0.077 seconds
[2023-08-02T10:55:17.133+0000] {processor.py:157} INFO - Started process (PID=2096) to work on /home/airflow/.local/lib/python3.7/site-packages/airflow/example_dags/example_branch_operator_decorator.py
[2023-08-02T10:55:17.137+0000] {processor.py:826} INFO - Processing file /home/airflow/.local/lib/python3.7/site-packages/airflow/example_dags/example_branch_operator_decorator.py for tasks to queue
[2023-08-02T10:55:17.139+0000] {logging_mixin.py:150} INFO - [2023-08-02T10:55:17.139+0000] {dagbag.py:541} INFO - Filling up the DagBag from /home/airflow/.local/lib/python3.7/site-packages/airflow/example_dags/example_branch_operator_decorator.py
[2023-08-02T10:55:17.204+0000] {processor.py:836} INFO - DAG(s) dict_keys(['example_branch_python_operator_decorator']) retrieved from /home/airflow/.local/lib/python3.7/site-packages/airflow/example_dags/example_branch_operator_decorator.py
[2023-08-02T10:55:17.225+0000] {logging_mixin.py:150} INFO - [2023-08-02T10:55:17.225+0000] {dag.py:2742} INFO - Sync 1 DAGs
[2023-08-02T10:55:17.243+0000] {logging_mixin.py:150} INFO - [2023-08-02T10:55:17.242+0000] {dag.py:3508} INFO - Setting next_dagrun for example_branch_python_operator_decorator to 2023-08-01T00:00:00+00:00, run_after=2023-08-02T00:00:00+00:00
[2023-08-02T10:55:17.259+0000] {processor.py:179} INFO - Processing /home/airflow/.local/lib/python3.7/site-packages/airflow/example_dags/example_branch_operator_decorator.py took 0.132 seconds
[2023-08-02T12:19:18.677+0000] {processor.py:157} INFO - Started process (PID=2154) to work on /home/airflow/.local/lib/python3.7/site-packages/airflow/example_dags/example_branch_operator_decorator.py
[2023-08-02T12:19:18.680+0000] {processor.py:826} INFO - Processing file /home/airflow/.local/lib/python3.7/site-packages/airflow/example_dags/example_branch_operator_decorator.py for tasks to queue
[2023-08-02T12:19:18.683+0000] {logging_mixin.py:150} INFO - [2023-08-02T12:19:18.683+0000] {dagbag.py:541} INFO - Filling up the DagBag from /home/airflow/.local/lib/python3.7/site-packages/airflow/example_dags/example_branch_operator_decorator.py
[2023-08-02T12:19:18.706+0000] {processor.py:836} INFO - DAG(s) dict_keys(['example_branch_python_operator_decorator']) retrieved from /home/airflow/.local/lib/python3.7/site-packages/airflow/example_dags/example_branch_operator_decorator.py
[2023-08-02T12:19:18.782+0000] {logging_mixin.py:150} INFO - [2023-08-02T12:19:18.782+0000] {dag.py:2742} INFO - Sync 1 DAGs
[2023-08-02T12:19:18.827+0000] {logging_mixin.py:150} INFO - [2023-08-02T12:19:18.826+0000] {dag.py:3508} INFO - Setting next_dagrun for example_branch_python_operator_decorator to 2023-08-01T00:00:00+00:00, run_after=2023-08-02T00:00:00+00:00
[2023-08-02T12:19:18.883+0000] {processor.py:179} INFO - Processing /home/airflow/.local/lib/python3.7/site-packages/airflow/example_dags/example_branch_operator_decorator.py took 0.211 seconds
[2023-08-02T13:26:11.857+0000] {processor.py:157} INFO - Started process (PID=2211) to work on /home/airflow/.local/lib/python3.7/site-packages/airflow/example_dags/example_branch_operator_decorator.py
[2023-08-02T13:26:11.869+0000] {processor.py:826} INFO - Processing file /home/airflow/.local/lib/python3.7/site-packages/airflow/example_dags/example_branch_operator_decorator.py for tasks to queue
[2023-08-02T13:26:11.871+0000] {logging_mixin.py:150} INFO - [2023-08-02T13:26:11.870+0000] {dagbag.py:541} INFO - Filling up the DagBag from /home/airflow/.local/lib/python3.7/site-packages/airflow/example_dags/example_branch_operator_decorator.py
[2023-08-02T13:26:11.882+0000] {processor.py:836} INFO - DAG(s) dict_keys(['example_branch_python_operator_decorator']) retrieved from /home/airflow/.local/lib/python3.7/site-packages/airflow/example_dags/example_branch_operator_decorator.py
[2023-08-02T13:26:11.910+0000] {logging_mixin.py:150} INFO - [2023-08-02T13:26:11.909+0000] {dag.py:2742} INFO - Sync 1 DAGs
[2023-08-02T13:26:11.930+0000] {logging_mixin.py:150} INFO - [2023-08-02T13:26:11.930+0000] {dag.py:3508} INFO - Setting next_dagrun for example_branch_python_operator_decorator to 2023-08-01T00:00:00+00:00, run_after=2023-08-02T00:00:00+00:00
[2023-08-02T13:26:11.947+0000] {processor.py:179} INFO - Processing /home/airflow/.local/lib/python3.7/site-packages/airflow/example_dags/example_branch_operator_decorator.py took 0.095 seconds
[2023-08-02T14:49:11.006+0000] {processor.py:157} INFO - Started process (PID=2269) to work on /home/airflow/.local/lib/python3.7/site-packages/airflow/example_dags/example_branch_operator_decorator.py
[2023-08-02T14:49:11.008+0000] {processor.py:826} INFO - Processing file /home/airflow/.local/lib/python3.7/site-packages/airflow/example_dags/example_branch_operator_decorator.py for tasks to queue
[2023-08-02T14:49:11.011+0000] {logging_mixin.py:150} INFO - [2023-08-02T14:49:11.010+0000] {dagbag.py:541} INFO - Filling up the DagBag from /home/airflow/.local/lib/python3.7/site-packages/airflow/example_dags/example_branch_operator_decorator.py
[2023-08-02T14:49:11.046+0000] {processor.py:836} INFO - DAG(s) dict_keys(['example_branch_python_operator_decorator']) retrieved from /home/airflow/.local/lib/python3.7/site-packages/airflow/example_dags/example_branch_operator_decorator.py
[2023-08-02T14:49:11.077+0000] {logging_mixin.py:150} INFO - [2023-08-02T14:49:11.077+0000] {dag.py:2742} INFO - Sync 1 DAGs
[2023-08-02T14:49:11.105+0000] {logging_mixin.py:150} INFO - [2023-08-02T14:49:11.105+0000] {dag.py:3508} INFO - Setting next_dagrun for example_branch_python_operator_decorator to 2023-08-01T00:00:00+00:00, run_after=2023-08-02T00:00:00+00:00
[2023-08-02T14:49:11.121+0000] {processor.py:179} INFO - Processing /home/airflow/.local/lib/python3.7/site-packages/airflow/example_dags/example_branch_operator_decorator.py took 0.119 seconds
[2023-08-02T15:54:27.637+0000] {processor.py:157} INFO - Started process (PID=2325) to work on /home/airflow/.local/lib/python3.7/site-packages/airflow/example_dags/example_branch_operator_decorator.py
[2023-08-02T15:54:27.644+0000] {processor.py:826} INFO - Processing file /home/airflow/.local/lib/python3.7/site-packages/airflow/example_dags/example_branch_operator_decorator.py for tasks to queue
[2023-08-02T15:54:27.646+0000] {logging_mixin.py:150} INFO - [2023-08-02T15:54:27.646+0000] {dagbag.py:541} INFO - Filling up the DagBag from /home/airflow/.local/lib/python3.7/site-packages/airflow/example_dags/example_branch_operator_decorator.py
[2023-08-02T15:54:27.657+0000] {processor.py:836} INFO - DAG(s) dict_keys(['example_branch_python_operator_decorator']) retrieved from /home/airflow/.local/lib/python3.7/site-packages/airflow/example_dags/example_branch_operator_decorator.py
[2023-08-02T15:54:27.684+0000] {logging_mixin.py:150} INFO - [2023-08-02T15:54:27.684+0000] {dag.py:2742} INFO - Sync 1 DAGs
[2023-08-02T15:54:27.706+0000] {logging_mixin.py:150} INFO - [2023-08-02T15:54:27.706+0000] {dag.py:3508} INFO - Setting next_dagrun for example_branch_python_operator_decorator to 2023-08-01T00:00:00+00:00, run_after=2023-08-02T00:00:00+00:00
[2023-08-02T15:54:27.721+0000] {processor.py:179} INFO - Processing /home/airflow/.local/lib/python3.7/site-packages/airflow/example_dags/example_branch_operator_decorator.py took 0.087 seconds
[2023-08-02T16:26:51.538+0000] {processor.py:157} INFO - Started process (PID=2382) to work on /home/airflow/.local/lib/python3.7/site-packages/airflow/example_dags/example_branch_operator_decorator.py
[2023-08-02T16:26:51.540+0000] {processor.py:826} INFO - Processing file /home/airflow/.local/lib/python3.7/site-packages/airflow/example_dags/example_branch_operator_decorator.py for tasks to queue
[2023-08-02T16:26:51.542+0000] {logging_mixin.py:150} INFO - [2023-08-02T16:26:51.541+0000] {dagbag.py:541} INFO - Filling up the DagBag from /home/airflow/.local/lib/python3.7/site-packages/airflow/example_dags/example_branch_operator_decorator.py
[2023-08-02T16:26:51.552+0000] {processor.py:836} INFO - DAG(s) dict_keys(['example_branch_python_operator_decorator']) retrieved from /home/airflow/.local/lib/python3.7/site-packages/airflow/example_dags/example_branch_operator_decorator.py
[2023-08-02T16:26:51.583+0000] {logging_mixin.py:150} INFO - [2023-08-02T16:26:51.583+0000] {dag.py:2742} INFO - Sync 1 DAGs
[2023-08-02T16:26:51.608+0000] {logging_mixin.py:150} INFO - [2023-08-02T16:26:51.607+0000] {dag.py:3508} INFO - Setting next_dagrun for example_branch_python_operator_decorator to 2023-08-01T00:00:00+00:00, run_after=2023-08-02T00:00:00+00:00
[2023-08-02T16:26:51.623+0000] {processor.py:179} INFO - Processing /home/airflow/.local/lib/python3.7/site-packages/airflow/example_dags/example_branch_operator_decorator.py took 0.089 seconds
[2023-08-02T17:14:36.874+0000] {processor.py:157} INFO - Started process (PID=2440) to work on /home/airflow/.local/lib/python3.7/site-packages/airflow/example_dags/example_branch_operator_decorator.py
[2023-08-02T17:14:36.877+0000] {processor.py:826} INFO - Processing file /home/airflow/.local/lib/python3.7/site-packages/airflow/example_dags/example_branch_operator_decorator.py for tasks to queue
[2023-08-02T17:14:36.880+0000] {logging_mixin.py:150} INFO - [2023-08-02T17:14:36.879+0000] {dagbag.py:541} INFO - Filling up the DagBag from /home/airflow/.local/lib/python3.7/site-packages/airflow/example_dags/example_branch_operator_decorator.py
[2023-08-02T17:14:36.896+0000] {processor.py:836} INFO - DAG(s) dict_keys(['example_branch_python_operator_decorator']) retrieved from /home/airflow/.local/lib/python3.7/site-packages/airflow/example_dags/example_branch_operator_decorator.py
[2023-08-02T17:14:36.923+0000] {logging_mixin.py:150} INFO - [2023-08-02T17:14:36.923+0000] {dag.py:2742} INFO - Sync 1 DAGs
[2023-08-02T17:14:36.946+0000] {logging_mixin.py:150} INFO - [2023-08-02T17:14:36.946+0000] {dag.py:3508} INFO - Setting next_dagrun for example_branch_python_operator_decorator to 2023-08-01T00:00:00+00:00, run_after=2023-08-02T00:00:00+00:00
[2023-08-02T17:14:36.962+0000] {processor.py:179} INFO - Processing /home/airflow/.local/lib/python3.7/site-packages/airflow/example_dags/example_branch_operator_decorator.py took 0.091 seconds
[2023-08-02T18:59:10.066+0000] {processor.py:157} INFO - Started process (PID=2497) to work on /home/airflow/.local/lib/python3.7/site-packages/airflow/example_dags/example_branch_operator_decorator.py
[2023-08-02T18:59:10.071+0000] {processor.py:826} INFO - Processing file /home/airflow/.local/lib/python3.7/site-packages/airflow/example_dags/example_branch_operator_decorator.py for tasks to queue
[2023-08-02T18:59:10.072+0000] {logging_mixin.py:150} INFO - [2023-08-02T18:59:10.072+0000] {dagbag.py:541} INFO - Filling up the DagBag from /home/airflow/.local/lib/python3.7/site-packages/airflow/example_dags/example_branch_operator_decorator.py
[2023-08-02T18:59:10.082+0000] {processor.py:836} INFO - DAG(s) dict_keys(['example_branch_python_operator_decorator']) retrieved from /home/airflow/.local/lib/python3.7/site-packages/airflow/example_dags/example_branch_operator_decorator.py
[2023-08-02T18:59:10.109+0000] {logging_mixin.py:150} INFO - [2023-08-02T18:59:10.109+0000] {dag.py:2742} INFO - Sync 1 DAGs
[2023-08-02T18:59:10.133+0000] {logging_mixin.py:150} INFO - [2023-08-02T18:59:10.132+0000] {dag.py:3508} INFO - Setting next_dagrun for example_branch_python_operator_decorator to 2023-08-01T00:00:00+00:00, run_after=2023-08-02T00:00:00+00:00
[2023-08-02T18:59:10.151+0000] {processor.py:179} INFO - Processing /home/airflow/.local/lib/python3.7/site-packages/airflow/example_dags/example_branch_operator_decorator.py took 0.089 seconds
[2023-08-02T20:21:32.901+0000] {processor.py:157} INFO - Started process (PID=2555) to work on /home/airflow/.local/lib/python3.7/site-packages/airflow/example_dags/example_branch_operator_decorator.py
[2023-08-02T20:21:32.909+0000] {processor.py:826} INFO - Processing file /home/airflow/.local/lib/python3.7/site-packages/airflow/example_dags/example_branch_operator_decorator.py for tasks to queue
[2023-08-02T20:21:32.910+0000] {logging_mixin.py:150} INFO - [2023-08-02T20:21:32.910+0000] {dagbag.py:541} INFO - Filling up the DagBag from /home/airflow/.local/lib/python3.7/site-packages/airflow/example_dags/example_branch_operator_decorator.py
[2023-08-02T20:21:32.921+0000] {processor.py:836} INFO - DAG(s) dict_keys(['example_branch_python_operator_decorator']) retrieved from /home/airflow/.local/lib/python3.7/site-packages/airflow/example_dags/example_branch_operator_decorator.py
[2023-08-02T20:21:32.946+0000] {logging_mixin.py:150} INFO - [2023-08-02T20:21:32.946+0000] {dag.py:2742} INFO - Sync 1 DAGs
[2023-08-02T20:21:32.967+0000] {logging_mixin.py:150} INFO - [2023-08-02T20:21:32.967+0000] {dag.py:3508} INFO - Setting next_dagrun for example_branch_python_operator_decorator to 2023-08-01T00:00:00+00:00, run_after=2023-08-02T00:00:00+00:00
[2023-08-02T20:21:32.980+0000] {processor.py:179} INFO - Processing /home/airflow/.local/lib/python3.7/site-packages/airflow/example_dags/example_branch_operator_decorator.py took 0.082 seconds
[2023-08-02T22:03:28.329+0000] {processor.py:157} INFO - Started process (PID=2612) to work on /home/airflow/.local/lib/python3.7/site-packages/airflow/example_dags/example_branch_operator_decorator.py
[2023-08-02T22:03:28.334+0000] {processor.py:826} INFO - Processing file /home/airflow/.local/lib/python3.7/site-packages/airflow/example_dags/example_branch_operator_decorator.py for tasks to queue
[2023-08-02T22:03:28.335+0000] {logging_mixin.py:150} INFO - [2023-08-02T22:03:28.335+0000] {dagbag.py:541} INFO - Filling up the DagBag from /home/airflow/.local/lib/python3.7/site-packages/airflow/example_dags/example_branch_operator_decorator.py
[2023-08-02T22:03:28.347+0000] {processor.py:836} INFO - DAG(s) dict_keys(['example_branch_python_operator_decorator']) retrieved from /home/airflow/.local/lib/python3.7/site-packages/airflow/example_dags/example_branch_operator_decorator.py
[2023-08-02T22:03:28.377+0000] {logging_mixin.py:150} INFO - [2023-08-02T22:03:28.377+0000] {dag.py:2742} INFO - Sync 1 DAGs
[2023-08-02T22:03:28.408+0000] {logging_mixin.py:150} INFO - [2023-08-02T22:03:28.408+0000] {dag.py:3508} INFO - Setting next_dagrun for example_branch_python_operator_decorator to 2023-08-01T00:00:00+00:00, run_after=2023-08-02T00:00:00+00:00
[2023-08-02T22:03:28.430+0000] {processor.py:179} INFO - Processing /home/airflow/.local/lib/python3.7/site-packages/airflow/example_dags/example_branch_operator_decorator.py took 0.104 seconds
[2023-08-02T23:27:14.857+0000] {processor.py:157} INFO - Started process (PID=2669) to work on /home/airflow/.local/lib/python3.7/site-packages/airflow/example_dags/example_branch_operator_decorator.py
[2023-08-02T23:27:14.859+0000] {processor.py:826} INFO - Processing file /home/airflow/.local/lib/python3.7/site-packages/airflow/example_dags/example_branch_operator_decorator.py for tasks to queue
[2023-08-02T23:27:14.869+0000] {logging_mixin.py:150} INFO - [2023-08-02T23:27:14.869+0000] {dagbag.py:541} INFO - Filling up the DagBag from /home/airflow/.local/lib/python3.7/site-packages/airflow/example_dags/example_branch_operator_decorator.py
[2023-08-02T23:27:14.879+0000] {processor.py:836} INFO - DAG(s) dict_keys(['example_branch_python_operator_decorator']) retrieved from /home/airflow/.local/lib/python3.7/site-packages/airflow/example_dags/example_branch_operator_decorator.py
[2023-08-02T23:27:14.905+0000] {logging_mixin.py:150} INFO - [2023-08-02T23:27:14.905+0000] {dag.py:2742} INFO - Sync 1 DAGs
[2023-08-02T23:27:14.926+0000] {logging_mixin.py:150} INFO - [2023-08-02T23:27:14.926+0000] {dag.py:3508} INFO - Setting next_dagrun for example_branch_python_operator_decorator to 2023-08-01T00:00:00+00:00, run_after=2023-08-02T00:00:00+00:00
[2023-08-02T23:27:14.941+0000] {processor.py:179} INFO - Processing /home/airflow/.local/lib/python3.7/site-packages/airflow/example_dags/example_branch_operator_decorator.py took 0.087 seconds
