[2023-08-02T10:37:03.048+0000] {processor.py:157} INFO - Started process (PID=50) to work on /home/airflow/.local/lib/python3.7/site-packages/airflow/example_dags/example_python_operator.py
[2023-08-02T10:37:03.050+0000] {processor.py:826} INFO - Processing file /home/airflow/.local/lib/python3.7/site-packages/airflow/example_dags/example_python_operator.py for tasks to queue
[2023-08-02T10:37:03.052+0000] {logging_mixin.py:150} INFO - [2023-08-02T10:37:03.052+0000] {dagbag.py:541} INFO - Filling up the DagBag from /home/airflow/.local/lib/python3.7/site-packages/airflow/example_dags/example_python_operator.py
[2023-08-02T10:37:03.072+0000] {processor.py:836} INFO - DAG(s) dict_keys(['example_python_operator']) retrieved from /home/airflow/.local/lib/python3.7/site-packages/airflow/example_dags/example_python_operator.py
[2023-08-02T10:37:03.098+0000] {logging_mixin.py:150} INFO - [2023-08-02T10:37:03.098+0000] {dag.py:2742} INFO - Sync 1 DAGs
[2023-08-02T10:37:03.157+0000] {logging_mixin.py:150} INFO - [2023-08-02T10:37:03.157+0000] {dag.py:3508} INFO - Setting next_dagrun for example_python_operator to None, run_after=None
[2023-08-02T10:37:03.213+0000] {processor.py:179} INFO - Processing /home/airflow/.local/lib/python3.7/site-packages/airflow/example_dags/example_python_operator.py took 0.170 seconds
[2023-08-02T10:37:33.842+0000] {processor.py:157} INFO - Started process (PID=107) to work on /home/airflow/.local/lib/python3.7/site-packages/airflow/example_dags/example_python_operator.py
[2023-08-02T10:37:33.844+0000] {processor.py:826} INFO - Processing file /home/airflow/.local/lib/python3.7/site-packages/airflow/example_dags/example_python_operator.py for tasks to queue
[2023-08-02T10:37:33.845+0000] {logging_mixin.py:150} INFO - [2023-08-02T10:37:33.845+0000] {dagbag.py:541} INFO - Filling up the DagBag from /home/airflow/.local/lib/python3.7/site-packages/airflow/example_dags/example_python_operator.py
[2023-08-02T10:37:33.854+0000] {processor.py:836} INFO - DAG(s) dict_keys(['example_python_operator']) retrieved from /home/airflow/.local/lib/python3.7/site-packages/airflow/example_dags/example_python_operator.py
[2023-08-02T10:37:34.021+0000] {logging_mixin.py:150} INFO - [2023-08-02T10:37:34.020+0000] {dag.py:2742} INFO - Sync 1 DAGs
[2023-08-02T10:37:34.045+0000] {logging_mixin.py:150} INFO - [2023-08-02T10:37:34.045+0000] {dag.py:3508} INFO - Setting next_dagrun for example_python_operator to None, run_after=None
[2023-08-02T10:37:34.062+0000] {processor.py:179} INFO - Processing /home/airflow/.local/lib/python3.7/site-packages/airflow/example_dags/example_python_operator.py took 0.223 seconds
[2023-08-02T10:38:04.211+0000] {processor.py:157} INFO - Started process (PID=166) to work on /home/airflow/.local/lib/python3.7/site-packages/airflow/example_dags/example_python_operator.py
[2023-08-02T10:38:04.214+0000] {processor.py:826} INFO - Processing file /home/airflow/.local/lib/python3.7/site-packages/airflow/example_dags/example_python_operator.py for tasks to queue
[2023-08-02T10:38:04.216+0000] {logging_mixin.py:150} INFO - [2023-08-02T10:38:04.215+0000] {dagbag.py:541} INFO - Filling up the DagBag from /home/airflow/.local/lib/python3.7/site-packages/airflow/example_dags/example_python_operator.py
[2023-08-02T10:38:04.226+0000] {processor.py:836} INFO - DAG(s) dict_keys(['example_python_operator']) retrieved from /home/airflow/.local/lib/python3.7/site-packages/airflow/example_dags/example_python_operator.py
[2023-08-02T10:38:04.250+0000] {logging_mixin.py:150} INFO - [2023-08-02T10:38:04.250+0000] {dag.py:2742} INFO - Sync 1 DAGs
[2023-08-02T10:38:04.267+0000] {logging_mixin.py:150} INFO - [2023-08-02T10:38:04.267+0000] {dag.py:3508} INFO - Setting next_dagrun for example_python_operator to None, run_after=None
[2023-08-02T10:38:04.280+0000] {processor.py:179} INFO - Processing /home/airflow/.local/lib/python3.7/site-packages/airflow/example_dags/example_python_operator.py took 0.072 seconds
[2023-08-02T10:38:34.693+0000] {processor.py:157} INFO - Started process (PID=222) to work on /home/airflow/.local/lib/python3.7/site-packages/airflow/example_dags/example_python_operator.py
[2023-08-02T10:38:34.695+0000] {processor.py:826} INFO - Processing file /home/airflow/.local/lib/python3.7/site-packages/airflow/example_dags/example_python_operator.py for tasks to queue
[2023-08-02T10:38:34.697+0000] {logging_mixin.py:150} INFO - [2023-08-02T10:38:34.696+0000] {dagbag.py:541} INFO - Filling up the DagBag from /home/airflow/.local/lib/python3.7/site-packages/airflow/example_dags/example_python_operator.py
[2023-08-02T10:38:34.704+0000] {processor.py:836} INFO - DAG(s) dict_keys(['example_python_operator']) retrieved from /home/airflow/.local/lib/python3.7/site-packages/airflow/example_dags/example_python_operator.py
[2023-08-02T10:38:34.727+0000] {logging_mixin.py:150} INFO - [2023-08-02T10:38:34.727+0000] {dag.py:2742} INFO - Sync 1 DAGs
[2023-08-02T10:38:34.743+0000] {logging_mixin.py:150} INFO - [2023-08-02T10:38:34.742+0000] {dag.py:3508} INFO - Setting next_dagrun for example_python_operator to None, run_after=None
[2023-08-02T10:38:34.754+0000] {processor.py:179} INFO - Processing /home/airflow/.local/lib/python3.7/site-packages/airflow/example_dags/example_python_operator.py took 0.064 seconds
[2023-08-02T10:39:05.137+0000] {processor.py:157} INFO - Started process (PID=278) to work on /home/airflow/.local/lib/python3.7/site-packages/airflow/example_dags/example_python_operator.py
[2023-08-02T10:39:05.139+0000] {processor.py:826} INFO - Processing file /home/airflow/.local/lib/python3.7/site-packages/airflow/example_dags/example_python_operator.py for tasks to queue
[2023-08-02T10:39:05.141+0000] {logging_mixin.py:150} INFO - [2023-08-02T10:39:05.141+0000] {dagbag.py:541} INFO - Filling up the DagBag from /home/airflow/.local/lib/python3.7/site-packages/airflow/example_dags/example_python_operator.py
[2023-08-02T10:39:05.149+0000] {processor.py:836} INFO - DAG(s) dict_keys(['example_python_operator']) retrieved from /home/airflow/.local/lib/python3.7/site-packages/airflow/example_dags/example_python_operator.py
[2023-08-02T10:39:05.173+0000] {logging_mixin.py:150} INFO - [2023-08-02T10:39:05.173+0000] {dag.py:2742} INFO - Sync 1 DAGs
[2023-08-02T10:39:05.198+0000] {logging_mixin.py:150} INFO - [2023-08-02T10:39:05.198+0000] {dag.py:3508} INFO - Setting next_dagrun for example_python_operator to None, run_after=None
[2023-08-02T10:39:05.212+0000] {processor.py:179} INFO - Processing /home/airflow/.local/lib/python3.7/site-packages/airflow/example_dags/example_python_operator.py took 0.077 seconds
[2023-08-02T10:39:35.429+0000] {processor.py:157} INFO - Started process (PID=335) to work on /home/airflow/.local/lib/python3.7/site-packages/airflow/example_dags/example_python_operator.py
[2023-08-02T10:39:35.431+0000] {processor.py:826} INFO - Processing file /home/airflow/.local/lib/python3.7/site-packages/airflow/example_dags/example_python_operator.py for tasks to queue
[2023-08-02T10:39:35.432+0000] {logging_mixin.py:150} INFO - [2023-08-02T10:39:35.432+0000] {dagbag.py:541} INFO - Filling up the DagBag from /home/airflow/.local/lib/python3.7/site-packages/airflow/example_dags/example_python_operator.py
[2023-08-02T10:39:35.441+0000] {processor.py:836} INFO - DAG(s) dict_keys(['example_python_operator']) retrieved from /home/airflow/.local/lib/python3.7/site-packages/airflow/example_dags/example_python_operator.py
[2023-08-02T10:39:35.517+0000] {logging_mixin.py:150} INFO - [2023-08-02T10:39:35.517+0000] {dag.py:2742} INFO - Sync 1 DAGs
[2023-08-02T10:39:35.539+0000] {logging_mixin.py:150} INFO - [2023-08-02T10:39:35.539+0000] {dag.py:3508} INFO - Setting next_dagrun for example_python_operator to None, run_after=None
[2023-08-02T10:39:35.554+0000] {processor.py:179} INFO - Processing /home/airflow/.local/lib/python3.7/site-packages/airflow/example_dags/example_python_operator.py took 0.129 seconds
[2023-08-02T10:40:05.757+0000] {processor.py:157} INFO - Started process (PID=391) to work on /home/airflow/.local/lib/python3.7/site-packages/airflow/example_dags/example_python_operator.py
[2023-08-02T10:40:05.765+0000] {processor.py:826} INFO - Processing file /home/airflow/.local/lib/python3.7/site-packages/airflow/example_dags/example_python_operator.py for tasks to queue
[2023-08-02T10:40:05.767+0000] {logging_mixin.py:150} INFO - [2023-08-02T10:40:05.767+0000] {dagbag.py:541} INFO - Filling up the DagBag from /home/airflow/.local/lib/python3.7/site-packages/airflow/example_dags/example_python_operator.py
[2023-08-02T10:40:05.779+0000] {processor.py:836} INFO - DAG(s) dict_keys(['example_python_operator']) retrieved from /home/airflow/.local/lib/python3.7/site-packages/airflow/example_dags/example_python_operator.py
[2023-08-02T10:40:05.821+0000] {logging_mixin.py:150} INFO - [2023-08-02T10:40:05.821+0000] {dag.py:2742} INFO - Sync 1 DAGs
[2023-08-02T10:40:05.849+0000] {logging_mixin.py:150} INFO - [2023-08-02T10:40:05.849+0000] {dag.py:3508} INFO - Setting next_dagrun for example_python_operator to None, run_after=None
[2023-08-02T10:40:05.873+0000] {processor.py:179} INFO - Processing /home/airflow/.local/lib/python3.7/site-packages/airflow/example_dags/example_python_operator.py took 0.120 seconds
[2023-08-02T10:40:36.397+0000] {processor.py:157} INFO - Started process (PID=448) to work on /home/airflow/.local/lib/python3.7/site-packages/airflow/example_dags/example_python_operator.py
[2023-08-02T10:40:36.401+0000] {processor.py:826} INFO - Processing file /home/airflow/.local/lib/python3.7/site-packages/airflow/example_dags/example_python_operator.py for tasks to queue
[2023-08-02T10:40:36.404+0000] {logging_mixin.py:150} INFO - [2023-08-02T10:40:36.403+0000] {dagbag.py:541} INFO - Filling up the DagBag from /home/airflow/.local/lib/python3.7/site-packages/airflow/example_dags/example_python_operator.py
[2023-08-02T10:40:36.418+0000] {processor.py:836} INFO - DAG(s) dict_keys(['example_python_operator']) retrieved from /home/airflow/.local/lib/python3.7/site-packages/airflow/example_dags/example_python_operator.py
[2023-08-02T10:40:36.445+0000] {logging_mixin.py:150} INFO - [2023-08-02T10:40:36.445+0000] {dag.py:2742} INFO - Sync 1 DAGs
[2023-08-02T10:40:36.465+0000] {logging_mixin.py:150} INFO - [2023-08-02T10:40:36.465+0000] {dag.py:3508} INFO - Setting next_dagrun for example_python_operator to None, run_after=None
[2023-08-02T10:40:36.480+0000] {processor.py:179} INFO - Processing /home/airflow/.local/lib/python3.7/site-packages/airflow/example_dags/example_python_operator.py took 0.087 seconds
[2023-08-02T10:41:07.128+0000] {processor.py:157} INFO - Started process (PID=505) to work on /home/airflow/.local/lib/python3.7/site-packages/airflow/example_dags/example_python_operator.py
[2023-08-02T10:41:07.130+0000] {processor.py:826} INFO - Processing file /home/airflow/.local/lib/python3.7/site-packages/airflow/example_dags/example_python_operator.py for tasks to queue
[2023-08-02T10:41:07.131+0000] {logging_mixin.py:150} INFO - [2023-08-02T10:41:07.130+0000] {dagbag.py:541} INFO - Filling up the DagBag from /home/airflow/.local/lib/python3.7/site-packages/airflow/example_dags/example_python_operator.py
[2023-08-02T10:41:07.138+0000] {processor.py:836} INFO - DAG(s) dict_keys(['example_python_operator']) retrieved from /home/airflow/.local/lib/python3.7/site-packages/airflow/example_dags/example_python_operator.py
[2023-08-02T10:41:07.161+0000] {logging_mixin.py:150} INFO - [2023-08-02T10:41:07.161+0000] {dag.py:2742} INFO - Sync 1 DAGs
[2023-08-02T10:41:07.179+0000] {logging_mixin.py:150} INFO - [2023-08-02T10:41:07.179+0000] {dag.py:3508} INFO - Setting next_dagrun for example_python_operator to None, run_after=None
[2023-08-02T10:41:07.194+0000] {processor.py:179} INFO - Processing /home/airflow/.local/lib/python3.7/site-packages/airflow/example_dags/example_python_operator.py took 0.069 seconds
[2023-08-02T10:41:37.664+0000] {processor.py:157} INFO - Started process (PID=562) to work on /home/airflow/.local/lib/python3.7/site-packages/airflow/example_dags/example_python_operator.py
[2023-08-02T10:41:37.666+0000] {processor.py:826} INFO - Processing file /home/airflow/.local/lib/python3.7/site-packages/airflow/example_dags/example_python_operator.py for tasks to queue
[2023-08-02T10:41:37.669+0000] {logging_mixin.py:150} INFO - [2023-08-02T10:41:37.669+0000] {dagbag.py:541} INFO - Filling up the DagBag from /home/airflow/.local/lib/python3.7/site-packages/airflow/example_dags/example_python_operator.py
[2023-08-02T10:41:37.691+0000] {processor.py:836} INFO - DAG(s) dict_keys(['example_python_operator']) retrieved from /home/airflow/.local/lib/python3.7/site-packages/airflow/example_dags/example_python_operator.py
[2023-08-02T10:41:37.720+0000] {logging_mixin.py:150} INFO - [2023-08-02T10:41:37.720+0000] {dag.py:2742} INFO - Sync 1 DAGs
[2023-08-02T10:41:37.741+0000] {logging_mixin.py:150} INFO - [2023-08-02T10:41:37.741+0000] {dag.py:3508} INFO - Setting next_dagrun for example_python_operator to None, run_after=None
[2023-08-02T10:41:37.760+0000] {processor.py:179} INFO - Processing /home/airflow/.local/lib/python3.7/site-packages/airflow/example_dags/example_python_operator.py took 0.099 seconds
[2023-08-02T10:42:08.039+0000] {processor.py:157} INFO - Started process (PID=619) to work on /home/airflow/.local/lib/python3.7/site-packages/airflow/example_dags/example_python_operator.py
[2023-08-02T10:42:08.093+0000] {processor.py:826} INFO - Processing file /home/airflow/.local/lib/python3.7/site-packages/airflow/example_dags/example_python_operator.py for tasks to queue
[2023-08-02T10:42:08.095+0000] {logging_mixin.py:150} INFO - [2023-08-02T10:42:08.095+0000] {dagbag.py:541} INFO - Filling up the DagBag from /home/airflow/.local/lib/python3.7/site-packages/airflow/example_dags/example_python_operator.py
[2023-08-02T10:42:08.104+0000] {processor.py:836} INFO - DAG(s) dict_keys(['example_python_operator']) retrieved from /home/airflow/.local/lib/python3.7/site-packages/airflow/example_dags/example_python_operator.py
[2023-08-02T10:42:08.129+0000] {logging_mixin.py:150} INFO - [2023-08-02T10:42:08.129+0000] {dag.py:2742} INFO - Sync 1 DAGs
[2023-08-02T10:42:08.147+0000] {logging_mixin.py:150} INFO - [2023-08-02T10:42:08.147+0000] {dag.py:3508} INFO - Setting next_dagrun for example_python_operator to None, run_after=None
[2023-08-02T10:42:08.160+0000] {processor.py:179} INFO - Processing /home/airflow/.local/lib/python3.7/site-packages/airflow/example_dags/example_python_operator.py took 0.125 seconds
[2023-08-02T10:42:38.702+0000] {processor.py:157} INFO - Started process (PID=675) to work on /home/airflow/.local/lib/python3.7/site-packages/airflow/example_dags/example_python_operator.py
[2023-08-02T10:42:38.703+0000] {processor.py:826} INFO - Processing file /home/airflow/.local/lib/python3.7/site-packages/airflow/example_dags/example_python_operator.py for tasks to queue
[2023-08-02T10:42:38.704+0000] {logging_mixin.py:150} INFO - [2023-08-02T10:42:38.704+0000] {dagbag.py:541} INFO - Filling up the DagBag from /home/airflow/.local/lib/python3.7/site-packages/airflow/example_dags/example_python_operator.py
[2023-08-02T10:42:38.713+0000] {processor.py:836} INFO - DAG(s) dict_keys(['example_python_operator']) retrieved from /home/airflow/.local/lib/python3.7/site-packages/airflow/example_dags/example_python_operator.py
[2023-08-02T10:42:38.737+0000] {logging_mixin.py:150} INFO - [2023-08-02T10:42:38.737+0000] {dag.py:2742} INFO - Sync 1 DAGs
[2023-08-02T10:42:38.762+0000] {logging_mixin.py:150} INFO - [2023-08-02T10:42:38.762+0000] {dag.py:3508} INFO - Setting next_dagrun for example_python_operator to None, run_after=None
[2023-08-02T10:42:38.775+0000] {processor.py:179} INFO - Processing /home/airflow/.local/lib/python3.7/site-packages/airflow/example_dags/example_python_operator.py took 0.076 seconds
[2023-08-02T10:43:09.099+0000] {processor.py:157} INFO - Started process (PID=732) to work on /home/airflow/.local/lib/python3.7/site-packages/airflow/example_dags/example_python_operator.py
[2023-08-02T10:43:09.102+0000] {processor.py:826} INFO - Processing file /home/airflow/.local/lib/python3.7/site-packages/airflow/example_dags/example_python_operator.py for tasks to queue
[2023-08-02T10:43:09.103+0000] {logging_mixin.py:150} INFO - [2023-08-02T10:43:09.103+0000] {dagbag.py:541} INFO - Filling up the DagBag from /home/airflow/.local/lib/python3.7/site-packages/airflow/example_dags/example_python_operator.py
[2023-08-02T10:43:09.113+0000] {processor.py:836} INFO - DAG(s) dict_keys(['example_python_operator']) retrieved from /home/airflow/.local/lib/python3.7/site-packages/airflow/example_dags/example_python_operator.py
[2023-08-02T10:43:09.140+0000] {logging_mixin.py:150} INFO - [2023-08-02T10:43:09.140+0000] {dag.py:2742} INFO - Sync 1 DAGs
[2023-08-02T10:43:09.159+0000] {logging_mixin.py:150} INFO - [2023-08-02T10:43:09.159+0000] {dag.py:3508} INFO - Setting next_dagrun for example_python_operator to None, run_after=None
[2023-08-02T10:43:09.174+0000] {processor.py:179} INFO - Processing /home/airflow/.local/lib/python3.7/site-packages/airflow/example_dags/example_python_operator.py took 0.078 seconds
[2023-08-02T10:43:39.568+0000] {processor.py:157} INFO - Started process (PID=789) to work on /home/airflow/.local/lib/python3.7/site-packages/airflow/example_dags/example_python_operator.py
[2023-08-02T10:43:39.570+0000] {processor.py:826} INFO - Processing file /home/airflow/.local/lib/python3.7/site-packages/airflow/example_dags/example_python_operator.py for tasks to queue
[2023-08-02T10:43:39.572+0000] {logging_mixin.py:150} INFO - [2023-08-02T10:43:39.571+0000] {dagbag.py:541} INFO - Filling up the DagBag from /home/airflow/.local/lib/python3.7/site-packages/airflow/example_dags/example_python_operator.py
[2023-08-02T10:43:39.587+0000] {processor.py:836} INFO - DAG(s) dict_keys(['example_python_operator']) retrieved from /home/airflow/.local/lib/python3.7/site-packages/airflow/example_dags/example_python_operator.py
[2023-08-02T10:43:39.610+0000] {logging_mixin.py:150} INFO - [2023-08-02T10:43:39.610+0000] {dag.py:2742} INFO - Sync 1 DAGs
[2023-08-02T10:43:39.628+0000] {logging_mixin.py:150} INFO - [2023-08-02T10:43:39.628+0000] {dag.py:3508} INFO - Setting next_dagrun for example_python_operator to None, run_after=None
[2023-08-02T10:43:39.641+0000] {processor.py:179} INFO - Processing /home/airflow/.local/lib/python3.7/site-packages/airflow/example_dags/example_python_operator.py took 0.075 seconds
[2023-08-02T10:44:09.781+0000] {processor.py:157} INFO - Started process (PID=846) to work on /home/airflow/.local/lib/python3.7/site-packages/airflow/example_dags/example_python_operator.py
[2023-08-02T10:44:09.783+0000] {processor.py:826} INFO - Processing file /home/airflow/.local/lib/python3.7/site-packages/airflow/example_dags/example_python_operator.py for tasks to queue
[2023-08-02T10:44:09.784+0000] {logging_mixin.py:150} INFO - [2023-08-02T10:44:09.784+0000] {dagbag.py:541} INFO - Filling up the DagBag from /home/airflow/.local/lib/python3.7/site-packages/airflow/example_dags/example_python_operator.py
[2023-08-02T10:44:09.793+0000] {processor.py:836} INFO - DAG(s) dict_keys(['example_python_operator']) retrieved from /home/airflow/.local/lib/python3.7/site-packages/airflow/example_dags/example_python_operator.py
[2023-08-02T10:44:09.816+0000] {logging_mixin.py:150} INFO - [2023-08-02T10:44:09.816+0000] {dag.py:2742} INFO - Sync 1 DAGs
[2023-08-02T10:44:09.890+0000] {logging_mixin.py:150} INFO - [2023-08-02T10:44:09.889+0000] {dag.py:3508} INFO - Setting next_dagrun for example_python_operator to None, run_after=None
[2023-08-02T10:44:09.906+0000] {processor.py:179} INFO - Processing /home/airflow/.local/lib/python3.7/site-packages/airflow/example_dags/example_python_operator.py took 0.129 seconds
[2023-08-02T10:44:40.445+0000] {processor.py:157} INFO - Started process (PID=902) to work on /home/airflow/.local/lib/python3.7/site-packages/airflow/example_dags/example_python_operator.py
[2023-08-02T10:44:40.446+0000] {processor.py:826} INFO - Processing file /home/airflow/.local/lib/python3.7/site-packages/airflow/example_dags/example_python_operator.py for tasks to queue
[2023-08-02T10:44:40.448+0000] {logging_mixin.py:150} INFO - [2023-08-02T10:44:40.447+0000] {dagbag.py:541} INFO - Filling up the DagBag from /home/airflow/.local/lib/python3.7/site-packages/airflow/example_dags/example_python_operator.py
[2023-08-02T10:44:40.456+0000] {processor.py:836} INFO - DAG(s) dict_keys(['example_python_operator']) retrieved from /home/airflow/.local/lib/python3.7/site-packages/airflow/example_dags/example_python_operator.py
[2023-08-02T10:44:40.486+0000] {logging_mixin.py:150} INFO - [2023-08-02T10:44:40.486+0000] {dag.py:2742} INFO - Sync 1 DAGs
[2023-08-02T10:44:40.502+0000] {logging_mixin.py:150} INFO - [2023-08-02T10:44:40.502+0000] {dag.py:3508} INFO - Setting next_dagrun for example_python_operator to None, run_after=None
[2023-08-02T10:44:40.514+0000] {processor.py:179} INFO - Processing /home/airflow/.local/lib/python3.7/site-packages/airflow/example_dags/example_python_operator.py took 0.072 seconds
[2023-08-02T10:45:11.475+0000] {processor.py:157} INFO - Started process (PID=959) to work on /home/airflow/.local/lib/python3.7/site-packages/airflow/example_dags/example_python_operator.py
[2023-08-02T10:45:11.477+0000] {processor.py:826} INFO - Processing file /home/airflow/.local/lib/python3.7/site-packages/airflow/example_dags/example_python_operator.py for tasks to queue
[2023-08-02T10:45:11.478+0000] {logging_mixin.py:150} INFO - [2023-08-02T10:45:11.478+0000] {dagbag.py:541} INFO - Filling up the DagBag from /home/airflow/.local/lib/python3.7/site-packages/airflow/example_dags/example_python_operator.py
[2023-08-02T10:45:11.487+0000] {processor.py:836} INFO - DAG(s) dict_keys(['example_python_operator']) retrieved from /home/airflow/.local/lib/python3.7/site-packages/airflow/example_dags/example_python_operator.py
[2023-08-02T10:45:11.520+0000] {logging_mixin.py:150} INFO - [2023-08-02T10:45:11.519+0000] {dag.py:2742} INFO - Sync 1 DAGs
[2023-08-02T10:45:11.539+0000] {logging_mixin.py:150} INFO - [2023-08-02T10:45:11.539+0000] {dag.py:3508} INFO - Setting next_dagrun for example_python_operator to None, run_after=None
[2023-08-02T10:45:11.554+0000] {processor.py:179} INFO - Processing /home/airflow/.local/lib/python3.7/site-packages/airflow/example_dags/example_python_operator.py took 0.081 seconds
[2023-08-02T10:45:41.795+0000] {processor.py:157} INFO - Started process (PID=1016) to work on /home/airflow/.local/lib/python3.7/site-packages/airflow/example_dags/example_python_operator.py
[2023-08-02T10:45:41.797+0000] {processor.py:826} INFO - Processing file /home/airflow/.local/lib/python3.7/site-packages/airflow/example_dags/example_python_operator.py for tasks to queue
[2023-08-02T10:45:41.801+0000] {logging_mixin.py:150} INFO - [2023-08-02T10:45:41.801+0000] {dagbag.py:541} INFO - Filling up the DagBag from /home/airflow/.local/lib/python3.7/site-packages/airflow/example_dags/example_python_operator.py
[2023-08-02T10:45:41.812+0000] {processor.py:836} INFO - DAG(s) dict_keys(['example_python_operator']) retrieved from /home/airflow/.local/lib/python3.7/site-packages/airflow/example_dags/example_python_operator.py
[2023-08-02T10:45:41.844+0000] {logging_mixin.py:150} INFO - [2023-08-02T10:45:41.843+0000] {dag.py:2742} INFO - Sync 1 DAGs
[2023-08-02T10:45:41.866+0000] {logging_mixin.py:150} INFO - [2023-08-02T10:45:41.866+0000] {dag.py:3508} INFO - Setting next_dagrun for example_python_operator to None, run_after=None
[2023-08-02T10:45:41.881+0000] {processor.py:179} INFO - Processing /home/airflow/.local/lib/python3.7/site-packages/airflow/example_dags/example_python_operator.py took 0.089 seconds
[2023-08-02T10:46:12.288+0000] {processor.py:157} INFO - Started process (PID=1073) to work on /home/airflow/.local/lib/python3.7/site-packages/airflow/example_dags/example_python_operator.py
[2023-08-02T10:46:12.290+0000] {processor.py:826} INFO - Processing file /home/airflow/.local/lib/python3.7/site-packages/airflow/example_dags/example_python_operator.py for tasks to queue
[2023-08-02T10:46:12.291+0000] {logging_mixin.py:150} INFO - [2023-08-02T10:46:12.291+0000] {dagbag.py:541} INFO - Filling up the DagBag from /home/airflow/.local/lib/python3.7/site-packages/airflow/example_dags/example_python_operator.py
[2023-08-02T10:46:12.301+0000] {processor.py:836} INFO - DAG(s) dict_keys(['example_python_operator']) retrieved from /home/airflow/.local/lib/python3.7/site-packages/airflow/example_dags/example_python_operator.py
[2023-08-02T10:46:12.327+0000] {logging_mixin.py:150} INFO - [2023-08-02T10:46:12.327+0000] {dag.py:2742} INFO - Sync 1 DAGs
[2023-08-02T10:46:12.349+0000] {logging_mixin.py:150} INFO - [2023-08-02T10:46:12.348+0000] {dag.py:3508} INFO - Setting next_dagrun for example_python_operator to None, run_after=None
[2023-08-02T10:46:12.362+0000] {processor.py:179} INFO - Processing /home/airflow/.local/lib/python3.7/site-packages/airflow/example_dags/example_python_operator.py took 0.077 seconds
[2023-08-02T10:46:42.763+0000] {processor.py:157} INFO - Started process (PID=1130) to work on /home/airflow/.local/lib/python3.7/site-packages/airflow/example_dags/example_python_operator.py
[2023-08-02T10:46:42.769+0000] {processor.py:826} INFO - Processing file /home/airflow/.local/lib/python3.7/site-packages/airflow/example_dags/example_python_operator.py for tasks to queue
[2023-08-02T10:46:42.770+0000] {logging_mixin.py:150} INFO - [2023-08-02T10:46:42.770+0000] {dagbag.py:541} INFO - Filling up the DagBag from /home/airflow/.local/lib/python3.7/site-packages/airflow/example_dags/example_python_operator.py
[2023-08-02T10:46:42.780+0000] {processor.py:836} INFO - DAG(s) dict_keys(['example_python_operator']) retrieved from /home/airflow/.local/lib/python3.7/site-packages/airflow/example_dags/example_python_operator.py
[2023-08-02T10:46:42.809+0000] {logging_mixin.py:150} INFO - [2023-08-02T10:46:42.809+0000] {dag.py:2742} INFO - Sync 1 DAGs
[2023-08-02T10:46:42.840+0000] {logging_mixin.py:150} INFO - [2023-08-02T10:46:42.839+0000] {dag.py:3508} INFO - Setting next_dagrun for example_python_operator to None, run_after=None
[2023-08-02T10:46:42.854+0000] {processor.py:179} INFO - Processing /home/airflow/.local/lib/python3.7/site-packages/airflow/example_dags/example_python_operator.py took 0.095 seconds
[2023-08-02T10:47:13.263+0000] {processor.py:157} INFO - Started process (PID=1187) to work on /home/airflow/.local/lib/python3.7/site-packages/airflow/example_dags/example_python_operator.py
[2023-08-02T10:47:13.264+0000] {processor.py:826} INFO - Processing file /home/airflow/.local/lib/python3.7/site-packages/airflow/example_dags/example_python_operator.py for tasks to queue
[2023-08-02T10:47:13.266+0000] {logging_mixin.py:150} INFO - [2023-08-02T10:47:13.265+0000] {dagbag.py:541} INFO - Filling up the DagBag from /home/airflow/.local/lib/python3.7/site-packages/airflow/example_dags/example_python_operator.py
[2023-08-02T10:47:13.274+0000] {processor.py:836} INFO - DAG(s) dict_keys(['example_python_operator']) retrieved from /home/airflow/.local/lib/python3.7/site-packages/airflow/example_dags/example_python_operator.py
[2023-08-02T10:47:13.299+0000] {logging_mixin.py:150} INFO - [2023-08-02T10:47:13.299+0000] {dag.py:2742} INFO - Sync 1 DAGs
[2023-08-02T10:47:13.316+0000] {logging_mixin.py:150} INFO - [2023-08-02T10:47:13.316+0000] {dag.py:3508} INFO - Setting next_dagrun for example_python_operator to None, run_after=None
[2023-08-02T10:47:13.332+0000] {processor.py:179} INFO - Processing /home/airflow/.local/lib/python3.7/site-packages/airflow/example_dags/example_python_operator.py took 0.072 seconds
[2023-08-02T10:47:43.548+0000] {processor.py:157} INFO - Started process (PID=1244) to work on /home/airflow/.local/lib/python3.7/site-packages/airflow/example_dags/example_python_operator.py
[2023-08-02T10:47:43.566+0000] {processor.py:826} INFO - Processing file /home/airflow/.local/lib/python3.7/site-packages/airflow/example_dags/example_python_operator.py for tasks to queue
[2023-08-02T10:47:43.585+0000] {logging_mixin.py:150} INFO - [2023-08-02T10:47:43.584+0000] {dagbag.py:541} INFO - Filling up the DagBag from /home/airflow/.local/lib/python3.7/site-packages/airflow/example_dags/example_python_operator.py
[2023-08-02T10:47:43.594+0000] {processor.py:836} INFO - DAG(s) dict_keys(['example_python_operator']) retrieved from /home/airflow/.local/lib/python3.7/site-packages/airflow/example_dags/example_python_operator.py
[2023-08-02T10:47:43.619+0000] {logging_mixin.py:150} INFO - [2023-08-02T10:47:43.619+0000] {dag.py:2742} INFO - Sync 1 DAGs
[2023-08-02T10:47:43.678+0000] {logging_mixin.py:150} INFO - [2023-08-02T10:47:43.678+0000] {dag.py:3508} INFO - Setting next_dagrun for example_python_operator to None, run_after=None
[2023-08-02T10:47:43.693+0000] {processor.py:179} INFO - Processing /home/airflow/.local/lib/python3.7/site-packages/airflow/example_dags/example_python_operator.py took 0.149 seconds
[2023-08-02T10:48:13.756+0000] {processor.py:157} INFO - Started process (PID=1301) to work on /home/airflow/.local/lib/python3.7/site-packages/airflow/example_dags/example_python_operator.py
[2023-08-02T10:48:13.758+0000] {processor.py:826} INFO - Processing file /home/airflow/.local/lib/python3.7/site-packages/airflow/example_dags/example_python_operator.py for tasks to queue
[2023-08-02T10:48:13.759+0000] {logging_mixin.py:150} INFO - [2023-08-02T10:48:13.759+0000] {dagbag.py:541} INFO - Filling up the DagBag from /home/airflow/.local/lib/python3.7/site-packages/airflow/example_dags/example_python_operator.py
[2023-08-02T10:48:13.768+0000] {processor.py:836} INFO - DAG(s) dict_keys(['example_python_operator']) retrieved from /home/airflow/.local/lib/python3.7/site-packages/airflow/example_dags/example_python_operator.py
[2023-08-02T10:48:13.793+0000] {logging_mixin.py:150} INFO - [2023-08-02T10:48:13.793+0000] {dag.py:2742} INFO - Sync 1 DAGs
[2023-08-02T10:48:13.813+0000] {logging_mixin.py:150} INFO - [2023-08-02T10:48:13.813+0000] {dag.py:3508} INFO - Setting next_dagrun for example_python_operator to None, run_after=None
[2023-08-02T10:48:13.827+0000] {processor.py:179} INFO - Processing /home/airflow/.local/lib/python3.7/site-packages/airflow/example_dags/example_python_operator.py took 0.075 seconds
[2023-08-02T10:48:43.911+0000] {processor.py:157} INFO - Started process (PID=1357) to work on /home/airflow/.local/lib/python3.7/site-packages/airflow/example_dags/example_python_operator.py
[2023-08-02T10:48:43.913+0000] {processor.py:826} INFO - Processing file /home/airflow/.local/lib/python3.7/site-packages/airflow/example_dags/example_python_operator.py for tasks to queue
[2023-08-02T10:48:43.914+0000] {logging_mixin.py:150} INFO - [2023-08-02T10:48:43.914+0000] {dagbag.py:541} INFO - Filling up the DagBag from /home/airflow/.local/lib/python3.7/site-packages/airflow/example_dags/example_python_operator.py
[2023-08-02T10:48:43.923+0000] {processor.py:836} INFO - DAG(s) dict_keys(['example_python_operator']) retrieved from /home/airflow/.local/lib/python3.7/site-packages/airflow/example_dags/example_python_operator.py
[2023-08-02T10:48:43.948+0000] {logging_mixin.py:150} INFO - [2023-08-02T10:48:43.948+0000] {dag.py:2742} INFO - Sync 1 DAGs
[2023-08-02T10:48:43.969+0000] {logging_mixin.py:150} INFO - [2023-08-02T10:48:43.969+0000] {dag.py:3508} INFO - Setting next_dagrun for example_python_operator to None, run_after=None
[2023-08-02T10:48:43.987+0000] {processor.py:179} INFO - Processing /home/airflow/.local/lib/python3.7/site-packages/airflow/example_dags/example_python_operator.py took 0.079 seconds
[2023-08-02T10:49:14.306+0000] {processor.py:157} INFO - Started process (PID=1414) to work on /home/airflow/.local/lib/python3.7/site-packages/airflow/example_dags/example_python_operator.py
[2023-08-02T10:49:14.308+0000] {processor.py:826} INFO - Processing file /home/airflow/.local/lib/python3.7/site-packages/airflow/example_dags/example_python_operator.py for tasks to queue
[2023-08-02T10:49:14.310+0000] {logging_mixin.py:150} INFO - [2023-08-02T10:49:14.310+0000] {dagbag.py:541} INFO - Filling up the DagBag from /home/airflow/.local/lib/python3.7/site-packages/airflow/example_dags/example_python_operator.py
[2023-08-02T10:49:14.319+0000] {processor.py:836} INFO - DAG(s) dict_keys(['example_python_operator']) retrieved from /home/airflow/.local/lib/python3.7/site-packages/airflow/example_dags/example_python_operator.py
[2023-08-02T10:49:14.355+0000] {logging_mixin.py:150} INFO - [2023-08-02T10:49:14.355+0000] {dag.py:2742} INFO - Sync 1 DAGs
[2023-08-02T10:49:14.377+0000] {logging_mixin.py:150} INFO - [2023-08-02T10:49:14.377+0000] {dag.py:3508} INFO - Setting next_dagrun for example_python_operator to None, run_after=None
[2023-08-02T10:49:14.395+0000] {processor.py:179} INFO - Processing /home/airflow/.local/lib/python3.7/site-packages/airflow/example_dags/example_python_operator.py took 0.092 seconds
[2023-08-02T10:49:44.643+0000] {processor.py:157} INFO - Started process (PID=1471) to work on /home/airflow/.local/lib/python3.7/site-packages/airflow/example_dags/example_python_operator.py
[2023-08-02T10:49:44.645+0000] {processor.py:826} INFO - Processing file /home/airflow/.local/lib/python3.7/site-packages/airflow/example_dags/example_python_operator.py for tasks to queue
[2023-08-02T10:49:44.646+0000] {logging_mixin.py:150} INFO - [2023-08-02T10:49:44.646+0000] {dagbag.py:541} INFO - Filling up the DagBag from /home/airflow/.local/lib/python3.7/site-packages/airflow/example_dags/example_python_operator.py
[2023-08-02T10:49:44.656+0000] {processor.py:836} INFO - DAG(s) dict_keys(['example_python_operator']) retrieved from /home/airflow/.local/lib/python3.7/site-packages/airflow/example_dags/example_python_operator.py
[2023-08-02T10:49:44.697+0000] {logging_mixin.py:150} INFO - [2023-08-02T10:49:44.697+0000] {dag.py:2742} INFO - Sync 1 DAGs
[2023-08-02T10:49:44.720+0000] {logging_mixin.py:150} INFO - [2023-08-02T10:49:44.720+0000] {dag.py:3508} INFO - Setting next_dagrun for example_python_operator to None, run_after=None
[2023-08-02T10:49:44.735+0000] {processor.py:179} INFO - Processing /home/airflow/.local/lib/python3.7/site-packages/airflow/example_dags/example_python_operator.py took 0.095 seconds
[2023-08-02T10:50:15.207+0000] {processor.py:157} INFO - Started process (PID=1528) to work on /home/airflow/.local/lib/python3.7/site-packages/airflow/example_dags/example_python_operator.py
[2023-08-02T10:50:15.288+0000] {processor.py:826} INFO - Processing file /home/airflow/.local/lib/python3.7/site-packages/airflow/example_dags/example_python_operator.py for tasks to queue
[2023-08-02T10:50:15.295+0000] {logging_mixin.py:150} INFO - [2023-08-02T10:50:15.294+0000] {dagbag.py:541} INFO - Filling up the DagBag from /home/airflow/.local/lib/python3.7/site-packages/airflow/example_dags/example_python_operator.py
[2023-08-02T10:50:15.324+0000] {processor.py:836} INFO - DAG(s) dict_keys(['example_python_operator']) retrieved from /home/airflow/.local/lib/python3.7/site-packages/airflow/example_dags/example_python_operator.py
[2023-08-02T10:50:15.371+0000] {logging_mixin.py:150} INFO - [2023-08-02T10:50:15.371+0000] {dag.py:2742} INFO - Sync 1 DAGs
[2023-08-02T10:50:15.416+0000] {logging_mixin.py:150} INFO - [2023-08-02T10:50:15.416+0000] {dag.py:3508} INFO - Setting next_dagrun for example_python_operator to None, run_after=None
[2023-08-02T10:50:15.457+0000] {processor.py:179} INFO - Processing /home/airflow/.local/lib/python3.7/site-packages/airflow/example_dags/example_python_operator.py took 0.269 seconds
[2023-08-02T10:50:45.557+0000] {processor.py:157} INFO - Started process (PID=1585) to work on /home/airflow/.local/lib/python3.7/site-packages/airflow/example_dags/example_python_operator.py
[2023-08-02T10:50:45.560+0000] {processor.py:826} INFO - Processing file /home/airflow/.local/lib/python3.7/site-packages/airflow/example_dags/example_python_operator.py for tasks to queue
[2023-08-02T10:50:45.561+0000] {logging_mixin.py:150} INFO - [2023-08-02T10:50:45.561+0000] {dagbag.py:541} INFO - Filling up the DagBag from /home/airflow/.local/lib/python3.7/site-packages/airflow/example_dags/example_python_operator.py
[2023-08-02T10:50:45.571+0000] {processor.py:836} INFO - DAG(s) dict_keys(['example_python_operator']) retrieved from /home/airflow/.local/lib/python3.7/site-packages/airflow/example_dags/example_python_operator.py
[2023-08-02T10:50:45.605+0000] {logging_mixin.py:150} INFO - [2023-08-02T10:50:45.605+0000] {dag.py:2742} INFO - Sync 1 DAGs
[2023-08-02T10:50:45.686+0000] {logging_mixin.py:150} INFO - [2023-08-02T10:50:45.686+0000] {dag.py:3508} INFO - Setting next_dagrun for example_python_operator to None, run_after=None
[2023-08-02T10:50:45.704+0000] {processor.py:179} INFO - Processing /home/airflow/.local/lib/python3.7/site-packages/airflow/example_dags/example_python_operator.py took 0.150 seconds
[2023-08-02T10:51:15.818+0000] {processor.py:157} INFO - Started process (PID=1642) to work on /home/airflow/.local/lib/python3.7/site-packages/airflow/example_dags/example_python_operator.py
[2023-08-02T10:51:15.820+0000] {processor.py:826} INFO - Processing file /home/airflow/.local/lib/python3.7/site-packages/airflow/example_dags/example_python_operator.py for tasks to queue
[2023-08-02T10:51:15.821+0000] {logging_mixin.py:150} INFO - [2023-08-02T10:51:15.821+0000] {dagbag.py:541} INFO - Filling up the DagBag from /home/airflow/.local/lib/python3.7/site-packages/airflow/example_dags/example_python_operator.py
[2023-08-02T10:51:15.829+0000] {processor.py:836} INFO - DAG(s) dict_keys(['example_python_operator']) retrieved from /home/airflow/.local/lib/python3.7/site-packages/airflow/example_dags/example_python_operator.py
[2023-08-02T10:51:15.860+0000] {logging_mixin.py:150} INFO - [2023-08-02T10:51:15.860+0000] {dag.py:2742} INFO - Sync 1 DAGs
[2023-08-02T10:51:15.890+0000] {logging_mixin.py:150} INFO - [2023-08-02T10:51:15.890+0000] {dag.py:3508} INFO - Setting next_dagrun for example_python_operator to None, run_after=None
[2023-08-02T10:51:15.943+0000] {processor.py:179} INFO - Processing /home/airflow/.local/lib/python3.7/site-packages/airflow/example_dags/example_python_operator.py took 0.128 seconds
[2023-08-02T10:51:46.229+0000] {processor.py:157} INFO - Started process (PID=1699) to work on /home/airflow/.local/lib/python3.7/site-packages/airflow/example_dags/example_python_operator.py
[2023-08-02T10:51:46.231+0000] {processor.py:826} INFO - Processing file /home/airflow/.local/lib/python3.7/site-packages/airflow/example_dags/example_python_operator.py for tasks to queue
[2023-08-02T10:51:46.232+0000] {logging_mixin.py:150} INFO - [2023-08-02T10:51:46.232+0000] {dagbag.py:541} INFO - Filling up the DagBag from /home/airflow/.local/lib/python3.7/site-packages/airflow/example_dags/example_python_operator.py
[2023-08-02T10:51:46.240+0000] {processor.py:836} INFO - DAG(s) dict_keys(['example_python_operator']) retrieved from /home/airflow/.local/lib/python3.7/site-packages/airflow/example_dags/example_python_operator.py
[2023-08-02T10:51:46.268+0000] {logging_mixin.py:150} INFO - [2023-08-02T10:51:46.268+0000] {dag.py:2742} INFO - Sync 1 DAGs
[2023-08-02T10:51:46.288+0000] {logging_mixin.py:150} INFO - [2023-08-02T10:51:46.288+0000] {dag.py:3508} INFO - Setting next_dagrun for example_python_operator to None, run_after=None
[2023-08-02T10:51:46.303+0000] {processor.py:179} INFO - Processing /home/airflow/.local/lib/python3.7/site-packages/airflow/example_dags/example_python_operator.py took 0.076 seconds
[2023-08-02T10:52:16.608+0000] {processor.py:157} INFO - Started process (PID=1756) to work on /home/airflow/.local/lib/python3.7/site-packages/airflow/example_dags/example_python_operator.py
[2023-08-02T10:52:16.610+0000] {processor.py:826} INFO - Processing file /home/airflow/.local/lib/python3.7/site-packages/airflow/example_dags/example_python_operator.py for tasks to queue
[2023-08-02T10:52:16.616+0000] {logging_mixin.py:150} INFO - [2023-08-02T10:52:16.616+0000] {dagbag.py:541} INFO - Filling up the DagBag from /home/airflow/.local/lib/python3.7/site-packages/airflow/example_dags/example_python_operator.py
[2023-08-02T10:52:16.625+0000] {processor.py:836} INFO - DAG(s) dict_keys(['example_python_operator']) retrieved from /home/airflow/.local/lib/python3.7/site-packages/airflow/example_dags/example_python_operator.py
[2023-08-02T10:52:16.650+0000] {logging_mixin.py:150} INFO - [2023-08-02T10:52:16.650+0000] {dag.py:2742} INFO - Sync 1 DAGs
[2023-08-02T10:52:16.670+0000] {logging_mixin.py:150} INFO - [2023-08-02T10:52:16.669+0000] {dag.py:3508} INFO - Setting next_dagrun for example_python_operator to None, run_after=None
[2023-08-02T10:52:16.684+0000] {processor.py:179} INFO - Processing /home/airflow/.local/lib/python3.7/site-packages/airflow/example_dags/example_python_operator.py took 0.080 seconds
[2023-08-02T10:52:46.755+0000] {processor.py:157} INFO - Started process (PID=1814) to work on /home/airflow/.local/lib/python3.7/site-packages/airflow/example_dags/example_python_operator.py
[2023-08-02T10:52:46.757+0000] {processor.py:826} INFO - Processing file /home/airflow/.local/lib/python3.7/site-packages/airflow/example_dags/example_python_operator.py for tasks to queue
[2023-08-02T10:52:46.759+0000] {logging_mixin.py:150} INFO - [2023-08-02T10:52:46.758+0000] {dagbag.py:541} INFO - Filling up the DagBag from /home/airflow/.local/lib/python3.7/site-packages/airflow/example_dags/example_python_operator.py
[2023-08-02T10:52:46.768+0000] {processor.py:836} INFO - DAG(s) dict_keys(['example_python_operator']) retrieved from /home/airflow/.local/lib/python3.7/site-packages/airflow/example_dags/example_python_operator.py
[2023-08-02T10:52:46.790+0000] {logging_mixin.py:150} INFO - [2023-08-02T10:52:46.790+0000] {dag.py:2742} INFO - Sync 1 DAGs
[2023-08-02T10:52:46.808+0000] {logging_mixin.py:150} INFO - [2023-08-02T10:52:46.808+0000] {dag.py:3508} INFO - Setting next_dagrun for example_python_operator to None, run_after=None
[2023-08-02T10:52:46.822+0000] {processor.py:179} INFO - Processing /home/airflow/.local/lib/python3.7/site-packages/airflow/example_dags/example_python_operator.py took 0.070 seconds
[2023-08-02T10:53:17.048+0000] {processor.py:157} INFO - Started process (PID=1871) to work on /home/airflow/.local/lib/python3.7/site-packages/airflow/example_dags/example_python_operator.py
[2023-08-02T10:53:17.050+0000] {processor.py:826} INFO - Processing file /home/airflow/.local/lib/python3.7/site-packages/airflow/example_dags/example_python_operator.py for tasks to queue
[2023-08-02T10:53:17.051+0000] {logging_mixin.py:150} INFO - [2023-08-02T10:53:17.051+0000] {dagbag.py:541} INFO - Filling up the DagBag from /home/airflow/.local/lib/python3.7/site-packages/airflow/example_dags/example_python_operator.py
[2023-08-02T10:53:17.060+0000] {processor.py:836} INFO - DAG(s) dict_keys(['example_python_operator']) retrieved from /home/airflow/.local/lib/python3.7/site-packages/airflow/example_dags/example_python_operator.py
[2023-08-02T10:53:17.085+0000] {logging_mixin.py:150} INFO - [2023-08-02T10:53:17.085+0000] {dag.py:2742} INFO - Sync 1 DAGs
[2023-08-02T10:53:17.106+0000] {logging_mixin.py:150} INFO - [2023-08-02T10:53:17.106+0000] {dag.py:3508} INFO - Setting next_dagrun for example_python_operator to None, run_after=None
[2023-08-02T10:53:17.120+0000] {processor.py:179} INFO - Processing /home/airflow/.local/lib/python3.7/site-packages/airflow/example_dags/example_python_operator.py took 0.075 seconds
[2023-08-02T10:53:47.373+0000] {processor.py:157} INFO - Started process (PID=1928) to work on /home/airflow/.local/lib/python3.7/site-packages/airflow/example_dags/example_python_operator.py
[2023-08-02T10:53:47.374+0000] {processor.py:826} INFO - Processing file /home/airflow/.local/lib/python3.7/site-packages/airflow/example_dags/example_python_operator.py for tasks to queue
[2023-08-02T10:53:47.376+0000] {logging_mixin.py:150} INFO - [2023-08-02T10:53:47.376+0000] {dagbag.py:541} INFO - Filling up the DagBag from /home/airflow/.local/lib/python3.7/site-packages/airflow/example_dags/example_python_operator.py
[2023-08-02T10:53:47.384+0000] {processor.py:836} INFO - DAG(s) dict_keys(['example_python_operator']) retrieved from /home/airflow/.local/lib/python3.7/site-packages/airflow/example_dags/example_python_operator.py
[2023-08-02T10:53:47.409+0000] {logging_mixin.py:150} INFO - [2023-08-02T10:53:47.408+0000] {dag.py:2742} INFO - Sync 1 DAGs
[2023-08-02T10:53:47.432+0000] {logging_mixin.py:150} INFO - [2023-08-02T10:53:47.432+0000] {dag.py:3508} INFO - Setting next_dagrun for example_python_operator to None, run_after=None
[2023-08-02T10:53:47.446+0000] {processor.py:179} INFO - Processing /home/airflow/.local/lib/python3.7/site-packages/airflow/example_dags/example_python_operator.py took 0.076 seconds
[2023-08-02T10:54:17.740+0000] {processor.py:157} INFO - Started process (PID=1986) to work on /home/airflow/.local/lib/python3.7/site-packages/airflow/example_dags/example_python_operator.py
[2023-08-02T10:54:17.742+0000] {processor.py:826} INFO - Processing file /home/airflow/.local/lib/python3.7/site-packages/airflow/example_dags/example_python_operator.py for tasks to queue
[2023-08-02T10:54:17.745+0000] {logging_mixin.py:150} INFO - [2023-08-02T10:54:17.744+0000] {dagbag.py:541} INFO - Filling up the DagBag from /home/airflow/.local/lib/python3.7/site-packages/airflow/example_dags/example_python_operator.py
[2023-08-02T10:54:17.754+0000] {processor.py:836} INFO - DAG(s) dict_keys(['example_python_operator']) retrieved from /home/airflow/.local/lib/python3.7/site-packages/airflow/example_dags/example_python_operator.py
[2023-08-02T10:54:17.779+0000] {logging_mixin.py:150} INFO - [2023-08-02T10:54:17.779+0000] {dag.py:2742} INFO - Sync 1 DAGs
[2023-08-02T10:54:17.797+0000] {logging_mixin.py:150} INFO - [2023-08-02T10:54:17.797+0000] {dag.py:3508} INFO - Setting next_dagrun for example_python_operator to None, run_after=None
[2023-08-02T10:54:17.814+0000] {processor.py:179} INFO - Processing /home/airflow/.local/lib/python3.7/site-packages/airflow/example_dags/example_python_operator.py took 0.078 seconds
[2023-08-02T10:54:48.050+0000] {processor.py:157} INFO - Started process (PID=2045) to work on /home/airflow/.local/lib/python3.7/site-packages/airflow/example_dags/example_python_operator.py
[2023-08-02T10:54:48.052+0000] {processor.py:826} INFO - Processing file /home/airflow/.local/lib/python3.7/site-packages/airflow/example_dags/example_python_operator.py for tasks to queue
[2023-08-02T10:54:48.054+0000] {logging_mixin.py:150} INFO - [2023-08-02T10:54:48.053+0000] {dagbag.py:541} INFO - Filling up the DagBag from /home/airflow/.local/lib/python3.7/site-packages/airflow/example_dags/example_python_operator.py
[2023-08-02T10:54:48.062+0000] {processor.py:836} INFO - DAG(s) dict_keys(['example_python_operator']) retrieved from /home/airflow/.local/lib/python3.7/site-packages/airflow/example_dags/example_python_operator.py
[2023-08-02T10:54:48.092+0000] {logging_mixin.py:150} INFO - [2023-08-02T10:54:48.092+0000] {dag.py:2742} INFO - Sync 1 DAGs
[2023-08-02T10:54:48.110+0000] {logging_mixin.py:150} INFO - [2023-08-02T10:54:48.110+0000] {dag.py:3508} INFO - Setting next_dagrun for example_python_operator to None, run_after=None
[2023-08-02T10:54:48.122+0000] {processor.py:179} INFO - Processing /home/airflow/.local/lib/python3.7/site-packages/airflow/example_dags/example_python_operator.py took 0.074 seconds
[2023-08-02T10:55:18.434+0000] {processor.py:157} INFO - Started process (PID=2101) to work on /home/airflow/.local/lib/python3.7/site-packages/airflow/example_dags/example_python_operator.py
[2023-08-02T10:55:18.436+0000] {processor.py:826} INFO - Processing file /home/airflow/.local/lib/python3.7/site-packages/airflow/example_dags/example_python_operator.py for tasks to queue
[2023-08-02T10:55:18.437+0000] {logging_mixin.py:150} INFO - [2023-08-02T10:55:18.437+0000] {dagbag.py:541} INFO - Filling up the DagBag from /home/airflow/.local/lib/python3.7/site-packages/airflow/example_dags/example_python_operator.py
[2023-08-02T10:55:18.447+0000] {processor.py:836} INFO - DAG(s) dict_keys(['example_python_operator']) retrieved from /home/airflow/.local/lib/python3.7/site-packages/airflow/example_dags/example_python_operator.py
[2023-08-02T10:55:18.472+0000] {logging_mixin.py:150} INFO - [2023-08-02T10:55:18.472+0000] {dag.py:2742} INFO - Sync 1 DAGs
[2023-08-02T10:55:18.491+0000] {logging_mixin.py:150} INFO - [2023-08-02T10:55:18.491+0000] {dag.py:3508} INFO - Setting next_dagrun for example_python_operator to None, run_after=None
[2023-08-02T10:55:18.504+0000] {processor.py:179} INFO - Processing /home/airflow/.local/lib/python3.7/site-packages/airflow/example_dags/example_python_operator.py took 0.073 seconds
[2023-08-02T12:19:19.349+0000] {processor.py:157} INFO - Started process (PID=2159) to work on /home/airflow/.local/lib/python3.7/site-packages/airflow/example_dags/example_python_operator.py
[2023-08-02T12:19:19.351+0000] {processor.py:826} INFO - Processing file /home/airflow/.local/lib/python3.7/site-packages/airflow/example_dags/example_python_operator.py for tasks to queue
[2023-08-02T12:19:19.353+0000] {logging_mixin.py:150} INFO - [2023-08-02T12:19:19.353+0000] {dagbag.py:541} INFO - Filling up the DagBag from /home/airflow/.local/lib/python3.7/site-packages/airflow/example_dags/example_python_operator.py
[2023-08-02T12:19:19.364+0000] {processor.py:836} INFO - DAG(s) dict_keys(['example_python_operator']) retrieved from /home/airflow/.local/lib/python3.7/site-packages/airflow/example_dags/example_python_operator.py
[2023-08-02T12:19:19.395+0000] {logging_mixin.py:150} INFO - [2023-08-02T12:19:19.395+0000] {dag.py:2742} INFO - Sync 1 DAGs
[2023-08-02T12:19:19.415+0000] {logging_mixin.py:150} INFO - [2023-08-02T12:19:19.415+0000] {dag.py:3508} INFO - Setting next_dagrun for example_python_operator to None, run_after=None
[2023-08-02T12:19:19.432+0000] {processor.py:179} INFO - Processing /home/airflow/.local/lib/python3.7/site-packages/airflow/example_dags/example_python_operator.py took 0.087 seconds
[2023-08-02T13:26:12.317+0000] {processor.py:157} INFO - Started process (PID=2216) to work on /home/airflow/.local/lib/python3.7/site-packages/airflow/example_dags/example_python_operator.py
[2023-08-02T13:26:12.319+0000] {processor.py:826} INFO - Processing file /home/airflow/.local/lib/python3.7/site-packages/airflow/example_dags/example_python_operator.py for tasks to queue
[2023-08-02T13:26:12.320+0000] {logging_mixin.py:150} INFO - [2023-08-02T13:26:12.320+0000] {dagbag.py:541} INFO - Filling up the DagBag from /home/airflow/.local/lib/python3.7/site-packages/airflow/example_dags/example_python_operator.py
[2023-08-02T13:26:12.328+0000] {processor.py:836} INFO - DAG(s) dict_keys(['example_python_operator']) retrieved from /home/airflow/.local/lib/python3.7/site-packages/airflow/example_dags/example_python_operator.py
[2023-08-02T13:26:12.352+0000] {logging_mixin.py:150} INFO - [2023-08-02T13:26:12.352+0000] {dag.py:2742} INFO - Sync 1 DAGs
[2023-08-02T13:26:12.370+0000] {logging_mixin.py:150} INFO - [2023-08-02T13:26:12.369+0000] {dag.py:3508} INFO - Setting next_dagrun for example_python_operator to None, run_after=None
[2023-08-02T13:26:12.381+0000] {processor.py:179} INFO - Processing /home/airflow/.local/lib/python3.7/site-packages/airflow/example_dags/example_python_operator.py took 0.067 seconds
[2023-08-02T14:49:11.415+0000] {processor.py:157} INFO - Started process (PID=2274) to work on /home/airflow/.local/lib/python3.7/site-packages/airflow/example_dags/example_python_operator.py
[2023-08-02T14:49:11.418+0000] {processor.py:826} INFO - Processing file /home/airflow/.local/lib/python3.7/site-packages/airflow/example_dags/example_python_operator.py for tasks to queue
[2023-08-02T14:49:11.420+0000] {logging_mixin.py:150} INFO - [2023-08-02T14:49:11.420+0000] {dagbag.py:541} INFO - Filling up the DagBag from /home/airflow/.local/lib/python3.7/site-packages/airflow/example_dags/example_python_operator.py
[2023-08-02T14:49:11.432+0000] {processor.py:836} INFO - DAG(s) dict_keys(['example_python_operator']) retrieved from /home/airflow/.local/lib/python3.7/site-packages/airflow/example_dags/example_python_operator.py
[2023-08-02T14:49:11.473+0000] {logging_mixin.py:150} INFO - [2023-08-02T14:49:11.473+0000] {dag.py:2742} INFO - Sync 1 DAGs
[2023-08-02T14:49:11.497+0000] {logging_mixin.py:150} INFO - [2023-08-02T14:49:11.496+0000] {dag.py:3508} INFO - Setting next_dagrun for example_python_operator to None, run_after=None
[2023-08-02T14:49:11.517+0000] {processor.py:179} INFO - Processing /home/airflow/.local/lib/python3.7/site-packages/airflow/example_dags/example_python_operator.py took 0.106 seconds
[2023-08-02T15:54:28.130+0000] {processor.py:157} INFO - Started process (PID=2330) to work on /home/airflow/.local/lib/python3.7/site-packages/airflow/example_dags/example_python_operator.py
[2023-08-02T15:54:28.134+0000] {processor.py:826} INFO - Processing file /home/airflow/.local/lib/python3.7/site-packages/airflow/example_dags/example_python_operator.py for tasks to queue
[2023-08-02T15:54:28.136+0000] {logging_mixin.py:150} INFO - [2023-08-02T15:54:28.135+0000] {dagbag.py:541} INFO - Filling up the DagBag from /home/airflow/.local/lib/python3.7/site-packages/airflow/example_dags/example_python_operator.py
[2023-08-02T15:54:28.145+0000] {processor.py:836} INFO - DAG(s) dict_keys(['example_python_operator']) retrieved from /home/airflow/.local/lib/python3.7/site-packages/airflow/example_dags/example_python_operator.py
[2023-08-02T15:54:28.181+0000] {logging_mixin.py:150} INFO - [2023-08-02T15:54:28.181+0000] {dag.py:2742} INFO - Sync 1 DAGs
[2023-08-02T15:54:28.203+0000] {logging_mixin.py:150} INFO - [2023-08-02T15:54:28.203+0000] {dag.py:3508} INFO - Setting next_dagrun for example_python_operator to None, run_after=None
[2023-08-02T15:54:28.220+0000] {processor.py:179} INFO - Processing /home/airflow/.local/lib/python3.7/site-packages/airflow/example_dags/example_python_operator.py took 0.092 seconds
[2023-08-02T16:26:52.014+0000] {processor.py:157} INFO - Started process (PID=2387) to work on /home/airflow/.local/lib/python3.7/site-packages/airflow/example_dags/example_python_operator.py
[2023-08-02T16:26:52.016+0000] {processor.py:826} INFO - Processing file /home/airflow/.local/lib/python3.7/site-packages/airflow/example_dags/example_python_operator.py for tasks to queue
[2023-08-02T16:26:52.018+0000] {logging_mixin.py:150} INFO - [2023-08-02T16:26:52.017+0000] {dagbag.py:541} INFO - Filling up the DagBag from /home/airflow/.local/lib/python3.7/site-packages/airflow/example_dags/example_python_operator.py
[2023-08-02T16:26:52.027+0000] {processor.py:836} INFO - DAG(s) dict_keys(['example_python_operator']) retrieved from /home/airflow/.local/lib/python3.7/site-packages/airflow/example_dags/example_python_operator.py
[2023-08-02T16:26:52.053+0000] {logging_mixin.py:150} INFO - [2023-08-02T16:26:52.053+0000] {dag.py:2742} INFO - Sync 1 DAGs
[2023-08-02T16:26:52.076+0000] {logging_mixin.py:150} INFO - [2023-08-02T16:26:52.075+0000] {dag.py:3508} INFO - Setting next_dagrun for example_python_operator to None, run_after=None
[2023-08-02T16:26:52.090+0000] {processor.py:179} INFO - Processing /home/airflow/.local/lib/python3.7/site-packages/airflow/example_dags/example_python_operator.py took 0.080 seconds
[2023-08-02T17:14:37.319+0000] {processor.py:157} INFO - Started process (PID=2445) to work on /home/airflow/.local/lib/python3.7/site-packages/airflow/example_dags/example_python_operator.py
[2023-08-02T17:14:37.321+0000] {processor.py:826} INFO - Processing file /home/airflow/.local/lib/python3.7/site-packages/airflow/example_dags/example_python_operator.py for tasks to queue
[2023-08-02T17:14:37.322+0000] {logging_mixin.py:150} INFO - [2023-08-02T17:14:37.322+0000] {dagbag.py:541} INFO - Filling up the DagBag from /home/airflow/.local/lib/python3.7/site-packages/airflow/example_dags/example_python_operator.py
[2023-08-02T17:14:37.331+0000] {processor.py:836} INFO - DAG(s) dict_keys(['example_python_operator']) retrieved from /home/airflow/.local/lib/python3.7/site-packages/airflow/example_dags/example_python_operator.py
[2023-08-02T17:14:37.408+0000] {logging_mixin.py:150} INFO - [2023-08-02T17:14:37.408+0000] {dag.py:2742} INFO - Sync 1 DAGs
[2023-08-02T17:14:37.425+0000] {logging_mixin.py:150} INFO - [2023-08-02T17:14:37.425+0000] {dag.py:3508} INFO - Setting next_dagrun for example_python_operator to None, run_after=None
[2023-08-02T17:14:37.438+0000] {processor.py:179} INFO - Processing /home/airflow/.local/lib/python3.7/site-packages/airflow/example_dags/example_python_operator.py took 0.121 seconds
[2023-08-02T18:59:10.504+0000] {processor.py:157} INFO - Started process (PID=2502) to work on /home/airflow/.local/lib/python3.7/site-packages/airflow/example_dags/example_python_operator.py
[2023-08-02T18:59:10.506+0000] {processor.py:826} INFO - Processing file /home/airflow/.local/lib/python3.7/site-packages/airflow/example_dags/example_python_operator.py for tasks to queue
[2023-08-02T18:59:10.509+0000] {logging_mixin.py:150} INFO - [2023-08-02T18:59:10.508+0000] {dagbag.py:541} INFO - Filling up the DagBag from /home/airflow/.local/lib/python3.7/site-packages/airflow/example_dags/example_python_operator.py
[2023-08-02T18:59:10.519+0000] {processor.py:836} INFO - DAG(s) dict_keys(['example_python_operator']) retrieved from /home/airflow/.local/lib/python3.7/site-packages/airflow/example_dags/example_python_operator.py
[2023-08-02T18:59:10.548+0000] {logging_mixin.py:150} INFO - [2023-08-02T18:59:10.548+0000] {dag.py:2742} INFO - Sync 1 DAGs
[2023-08-02T18:59:10.570+0000] {logging_mixin.py:150} INFO - [2023-08-02T18:59:10.569+0000] {dag.py:3508} INFO - Setting next_dagrun for example_python_operator to None, run_after=None
[2023-08-02T18:59:10.589+0000] {processor.py:179} INFO - Processing /home/airflow/.local/lib/python3.7/site-packages/airflow/example_dags/example_python_operator.py took 0.089 seconds
[2023-08-02T20:21:33.428+0000] {processor.py:157} INFO - Started process (PID=2560) to work on /home/airflow/.local/lib/python3.7/site-packages/airflow/example_dags/example_python_operator.py
[2023-08-02T20:21:33.430+0000] {processor.py:826} INFO - Processing file /home/airflow/.local/lib/python3.7/site-packages/airflow/example_dags/example_python_operator.py for tasks to queue
[2023-08-02T20:21:33.431+0000] {logging_mixin.py:150} INFO - [2023-08-02T20:21:33.431+0000] {dagbag.py:541} INFO - Filling up the DagBag from /home/airflow/.local/lib/python3.7/site-packages/airflow/example_dags/example_python_operator.py
[2023-08-02T20:21:33.442+0000] {processor.py:836} INFO - DAG(s) dict_keys(['example_python_operator']) retrieved from /home/airflow/.local/lib/python3.7/site-packages/airflow/example_dags/example_python_operator.py
[2023-08-02T20:21:33.466+0000] {logging_mixin.py:150} INFO - [2023-08-02T20:21:33.466+0000] {dag.py:2742} INFO - Sync 1 DAGs
[2023-08-02T20:21:33.483+0000] {logging_mixin.py:150} INFO - [2023-08-02T20:21:33.483+0000] {dag.py:3508} INFO - Setting next_dagrun for example_python_operator to None, run_after=None
[2023-08-02T20:21:33.514+0000] {processor.py:179} INFO - Processing /home/airflow/.local/lib/python3.7/site-packages/airflow/example_dags/example_python_operator.py took 0.089 seconds
[2023-08-02T22:03:28.805+0000] {processor.py:157} INFO - Started process (PID=2617) to work on /home/airflow/.local/lib/python3.7/site-packages/airflow/example_dags/example_python_operator.py
[2023-08-02T22:03:28.807+0000] {processor.py:826} INFO - Processing file /home/airflow/.local/lib/python3.7/site-packages/airflow/example_dags/example_python_operator.py for tasks to queue
[2023-08-02T22:03:28.809+0000] {logging_mixin.py:150} INFO - [2023-08-02T22:03:28.808+0000] {dagbag.py:541} INFO - Filling up the DagBag from /home/airflow/.local/lib/python3.7/site-packages/airflow/example_dags/example_python_operator.py
[2023-08-02T22:03:28.821+0000] {processor.py:836} INFO - DAG(s) dict_keys(['example_python_operator']) retrieved from /home/airflow/.local/lib/python3.7/site-packages/airflow/example_dags/example_python_operator.py
[2023-08-02T22:03:28.861+0000] {logging_mixin.py:150} INFO - [2023-08-02T22:03:28.861+0000] {dag.py:2742} INFO - Sync 1 DAGs
[2023-08-02T22:03:28.880+0000] {logging_mixin.py:150} INFO - [2023-08-02T22:03:28.880+0000] {dag.py:3508} INFO - Setting next_dagrun for example_python_operator to None, run_after=None
[2023-08-02T22:03:28.895+0000] {processor.py:179} INFO - Processing /home/airflow/.local/lib/python3.7/site-packages/airflow/example_dags/example_python_operator.py took 0.095 seconds
[2023-08-02T23:27:15.263+0000] {processor.py:157} INFO - Started process (PID=2674) to work on /home/airflow/.local/lib/python3.7/site-packages/airflow/example_dags/example_python_operator.py
[2023-08-02T23:27:15.265+0000] {processor.py:826} INFO - Processing file /home/airflow/.local/lib/python3.7/site-packages/airflow/example_dags/example_python_operator.py for tasks to queue
[2023-08-02T23:27:15.267+0000] {logging_mixin.py:150} INFO - [2023-08-02T23:27:15.267+0000] {dagbag.py:541} INFO - Filling up the DagBag from /home/airflow/.local/lib/python3.7/site-packages/airflow/example_dags/example_python_operator.py
[2023-08-02T23:27:15.279+0000] {processor.py:836} INFO - DAG(s) dict_keys(['example_python_operator']) retrieved from /home/airflow/.local/lib/python3.7/site-packages/airflow/example_dags/example_python_operator.py
[2023-08-02T23:27:15.351+0000] {logging_mixin.py:150} INFO - [2023-08-02T23:27:15.351+0000] {dag.py:2742} INFO - Sync 1 DAGs
[2023-08-02T23:27:15.370+0000] {logging_mixin.py:150} INFO - [2023-08-02T23:27:15.370+0000] {dag.py:3508} INFO - Setting next_dagrun for example_python_operator to None, run_after=None
[2023-08-02T23:27:15.384+0000] {processor.py:179} INFO - Processing /home/airflow/.local/lib/python3.7/site-packages/airflow/example_dags/example_python_operator.py took 0.125 seconds
