[2023-08-02T10:37:02.640+0000] {processor.py:157} INFO - Started process (PID=47) to work on /home/airflow/.local/lib/python3.7/site-packages/airflow/example_dags/example_latest_only_with_trigger.py
[2023-08-02T10:37:02.643+0000] {processor.py:826} INFO - Processing file /home/airflow/.local/lib/python3.7/site-packages/airflow/example_dags/example_latest_only_with_trigger.py for tasks to queue
[2023-08-02T10:37:02.645+0000] {logging_mixin.py:150} INFO - [2023-08-02T10:37:02.644+0000] {dagbag.py:541} INFO - Filling up the DagBag from /home/airflow/.local/lib/python3.7/site-packages/airflow/example_dags/example_latest_only_with_trigger.py
[2023-08-02T10:37:02.662+0000] {processor.py:836} INFO - DAG(s) dict_keys(['latest_only_with_trigger']) retrieved from /home/airflow/.local/lib/python3.7/site-packages/airflow/example_dags/example_latest_only_with_trigger.py
[2023-08-02T10:37:02.691+0000] {logging_mixin.py:150} INFO - [2023-08-02T10:37:02.691+0000] {dag.py:2742} INFO - Sync 1 DAGs
[2023-08-02T10:37:02.719+0000] {logging_mixin.py:150} INFO - [2023-08-02T10:37:02.719+0000] {dag.py:3508} INFO - Setting next_dagrun for latest_only_with_trigger to 2023-08-02T06:37:02.718582+00:00, run_after=2023-08-02T10:37:02.718582+00:00
[2023-08-02T10:37:02.739+0000] {processor.py:179} INFO - Processing /home/airflow/.local/lib/python3.7/site-packages/airflow/example_dags/example_latest_only_with_trigger.py took 0.103 seconds
[2023-08-02T10:37:33.671+0000] {processor.py:157} INFO - Started process (PID=104) to work on /home/airflow/.local/lib/python3.7/site-packages/airflow/example_dags/example_latest_only_with_trigger.py
[2023-08-02T10:37:33.673+0000] {processor.py:826} INFO - Processing file /home/airflow/.local/lib/python3.7/site-packages/airflow/example_dags/example_latest_only_with_trigger.py for tasks to queue
[2023-08-02T10:37:33.689+0000] {logging_mixin.py:150} INFO - [2023-08-02T10:37:33.688+0000] {dagbag.py:541} INFO - Filling up the DagBag from /home/airflow/.local/lib/python3.7/site-packages/airflow/example_dags/example_latest_only_with_trigger.py
[2023-08-02T10:37:33.696+0000] {processor.py:836} INFO - DAG(s) dict_keys(['latest_only_with_trigger']) retrieved from /home/airflow/.local/lib/python3.7/site-packages/airflow/example_dags/example_latest_only_with_trigger.py
[2023-08-02T10:37:33.718+0000] {logging_mixin.py:150} INFO - [2023-08-02T10:37:33.718+0000] {dag.py:2742} INFO - Sync 1 DAGs
[2023-08-02T10:37:33.736+0000] {logging_mixin.py:150} INFO - [2023-08-02T10:37:33.736+0000] {dag.py:3508} INFO - Setting next_dagrun for latest_only_with_trigger to 2023-08-02T06:37:33.736302+00:00, run_after=2023-08-02T10:37:33.736302+00:00
[2023-08-02T10:37:33.749+0000] {processor.py:179} INFO - Processing /home/airflow/.local/lib/python3.7/site-packages/airflow/example_dags/example_latest_only_with_trigger.py took 0.082 seconds
[2023-08-02T10:38:03.800+0000] {processor.py:157} INFO - Started process (PID=161) to work on /home/airflow/.local/lib/python3.7/site-packages/airflow/example_dags/example_latest_only_with_trigger.py
[2023-08-02T10:38:03.802+0000] {processor.py:826} INFO - Processing file /home/airflow/.local/lib/python3.7/site-packages/airflow/example_dags/example_latest_only_with_trigger.py for tasks to queue
[2023-08-02T10:38:03.804+0000] {logging_mixin.py:150} INFO - [2023-08-02T10:38:03.804+0000] {dagbag.py:541} INFO - Filling up the DagBag from /home/airflow/.local/lib/python3.7/site-packages/airflow/example_dags/example_latest_only_with_trigger.py
[2023-08-02T10:38:03.810+0000] {processor.py:836} INFO - DAG(s) dict_keys(['latest_only_with_trigger']) retrieved from /home/airflow/.local/lib/python3.7/site-packages/airflow/example_dags/example_latest_only_with_trigger.py
[2023-08-02T10:38:03.831+0000] {logging_mixin.py:150} INFO - [2023-08-02T10:38:03.831+0000] {dag.py:2742} INFO - Sync 1 DAGs
[2023-08-02T10:38:03.849+0000] {logging_mixin.py:150} INFO - [2023-08-02T10:38:03.848+0000] {dag.py:3508} INFO - Setting next_dagrun for latest_only_with_trigger to 2023-08-02T06:38:03.848668+00:00, run_after=2023-08-02T10:38:03.848668+00:00
[2023-08-02T10:38:03.863+0000] {processor.py:179} INFO - Processing /home/airflow/.local/lib/python3.7/site-packages/airflow/example_dags/example_latest_only_with_trigger.py took 0.066 seconds
[2023-08-02T10:38:34.427+0000] {processor.py:157} INFO - Started process (PID=218) to work on /home/airflow/.local/lib/python3.7/site-packages/airflow/example_dags/example_latest_only_with_trigger.py
[2023-08-02T10:38:34.429+0000] {processor.py:826} INFO - Processing file /home/airflow/.local/lib/python3.7/site-packages/airflow/example_dags/example_latest_only_with_trigger.py for tasks to queue
[2023-08-02T10:38:34.430+0000] {logging_mixin.py:150} INFO - [2023-08-02T10:38:34.430+0000] {dagbag.py:541} INFO - Filling up the DagBag from /home/airflow/.local/lib/python3.7/site-packages/airflow/example_dags/example_latest_only_with_trigger.py
[2023-08-02T10:38:34.435+0000] {processor.py:836} INFO - DAG(s) dict_keys(['latest_only_with_trigger']) retrieved from /home/airflow/.local/lib/python3.7/site-packages/airflow/example_dags/example_latest_only_with_trigger.py
[2023-08-02T10:38:34.457+0000] {logging_mixin.py:150} INFO - [2023-08-02T10:38:34.457+0000] {dag.py:2742} INFO - Sync 1 DAGs
[2023-08-02T10:38:34.481+0000] {logging_mixin.py:150} INFO - [2023-08-02T10:38:34.481+0000] {dag.py:3508} INFO - Setting next_dagrun for latest_only_with_trigger to 2023-08-02T06:38:34.481320+00:00, run_after=2023-08-02T10:38:34.481320+00:00
[2023-08-02T10:38:34.495+0000] {processor.py:179} INFO - Processing /home/airflow/.local/lib/python3.7/site-packages/airflow/example_dags/example_latest_only_with_trigger.py took 0.071 seconds
[2023-08-02T10:39:04.901+0000] {processor.py:157} INFO - Started process (PID=275) to work on /home/airflow/.local/lib/python3.7/site-packages/airflow/example_dags/example_latest_only_with_trigger.py
[2023-08-02T10:39:04.903+0000] {processor.py:826} INFO - Processing file /home/airflow/.local/lib/python3.7/site-packages/airflow/example_dags/example_latest_only_with_trigger.py for tasks to queue
[2023-08-02T10:39:04.905+0000] {logging_mixin.py:150} INFO - [2023-08-02T10:39:04.905+0000] {dagbag.py:541} INFO - Filling up the DagBag from /home/airflow/.local/lib/python3.7/site-packages/airflow/example_dags/example_latest_only_with_trigger.py
[2023-08-02T10:39:04.911+0000] {processor.py:836} INFO - DAG(s) dict_keys(['latest_only_with_trigger']) retrieved from /home/airflow/.local/lib/python3.7/site-packages/airflow/example_dags/example_latest_only_with_trigger.py
[2023-08-02T10:39:04.935+0000] {logging_mixin.py:150} INFO - [2023-08-02T10:39:04.935+0000] {dag.py:2742} INFO - Sync 1 DAGs
[2023-08-02T10:39:04.954+0000] {logging_mixin.py:150} INFO - [2023-08-02T10:39:04.954+0000] {dag.py:3508} INFO - Setting next_dagrun for latest_only_with_trigger to 2023-08-02T06:39:04.954482+00:00, run_after=2023-08-02T10:39:04.954482+00:00
[2023-08-02T10:39:04.967+0000] {processor.py:179} INFO - Processing /home/airflow/.local/lib/python3.7/site-packages/airflow/example_dags/example_latest_only_with_trigger.py took 0.069 seconds
[2023-08-02T10:39:35.127+0000] {processor.py:157} INFO - Started process (PID=332) to work on /home/airflow/.local/lib/python3.7/site-packages/airflow/example_dags/example_latest_only_with_trigger.py
[2023-08-02T10:39:35.131+0000] {processor.py:826} INFO - Processing file /home/airflow/.local/lib/python3.7/site-packages/airflow/example_dags/example_latest_only_with_trigger.py for tasks to queue
[2023-08-02T10:39:35.132+0000] {logging_mixin.py:150} INFO - [2023-08-02T10:39:35.132+0000] {dagbag.py:541} INFO - Filling up the DagBag from /home/airflow/.local/lib/python3.7/site-packages/airflow/example_dags/example_latest_only_with_trigger.py
[2023-08-02T10:39:35.139+0000] {processor.py:836} INFO - DAG(s) dict_keys(['latest_only_with_trigger']) retrieved from /home/airflow/.local/lib/python3.7/site-packages/airflow/example_dags/example_latest_only_with_trigger.py
[2023-08-02T10:39:35.160+0000] {logging_mixin.py:150} INFO - [2023-08-02T10:39:35.160+0000] {dag.py:2742} INFO - Sync 1 DAGs
[2023-08-02T10:39:35.177+0000] {logging_mixin.py:150} INFO - [2023-08-02T10:39:35.177+0000] {dag.py:3508} INFO - Setting next_dagrun for latest_only_with_trigger to 2023-08-02T06:39:35.177463+00:00, run_after=2023-08-02T10:39:35.177463+00:00
[2023-08-02T10:39:35.192+0000] {processor.py:179} INFO - Processing /home/airflow/.local/lib/python3.7/site-packages/airflow/example_dags/example_latest_only_with_trigger.py took 0.069 seconds
[2023-08-02T10:40:05.565+0000] {processor.py:157} INFO - Started process (PID=388) to work on /home/airflow/.local/lib/python3.7/site-packages/airflow/example_dags/example_latest_only_with_trigger.py
[2023-08-02T10:40:05.568+0000] {processor.py:826} INFO - Processing file /home/airflow/.local/lib/python3.7/site-packages/airflow/example_dags/example_latest_only_with_trigger.py for tasks to queue
[2023-08-02T10:40:05.569+0000] {logging_mixin.py:150} INFO - [2023-08-02T10:40:05.569+0000] {dagbag.py:541} INFO - Filling up the DagBag from /home/airflow/.local/lib/python3.7/site-packages/airflow/example_dags/example_latest_only_with_trigger.py
[2023-08-02T10:40:05.576+0000] {processor.py:836} INFO - DAG(s) dict_keys(['latest_only_with_trigger']) retrieved from /home/airflow/.local/lib/python3.7/site-packages/airflow/example_dags/example_latest_only_with_trigger.py
[2023-08-02T10:40:05.600+0000] {logging_mixin.py:150} INFO - [2023-08-02T10:40:05.599+0000] {dag.py:2742} INFO - Sync 1 DAGs
[2023-08-02T10:40:05.619+0000] {logging_mixin.py:150} INFO - [2023-08-02T10:40:05.619+0000] {dag.py:3508} INFO - Setting next_dagrun for latest_only_with_trigger to 2023-08-02T06:40:05.618912+00:00, run_after=2023-08-02T10:40:05.618912+00:00
[2023-08-02T10:40:05.633+0000] {processor.py:179} INFO - Processing /home/airflow/.local/lib/python3.7/site-packages/airflow/example_dags/example_latest_only_with_trigger.py took 0.072 seconds
[2023-08-02T10:40:36.171+0000] {processor.py:157} INFO - Started process (PID=445) to work on /home/airflow/.local/lib/python3.7/site-packages/airflow/example_dags/example_latest_only_with_trigger.py
[2023-08-02T10:40:36.174+0000] {processor.py:826} INFO - Processing file /home/airflow/.local/lib/python3.7/site-packages/airflow/example_dags/example_latest_only_with_trigger.py for tasks to queue
[2023-08-02T10:40:36.175+0000] {logging_mixin.py:150} INFO - [2023-08-02T10:40:36.175+0000] {dagbag.py:541} INFO - Filling up the DagBag from /home/airflow/.local/lib/python3.7/site-packages/airflow/example_dags/example_latest_only_with_trigger.py
[2023-08-02T10:40:36.182+0000] {processor.py:836} INFO - DAG(s) dict_keys(['latest_only_with_trigger']) retrieved from /home/airflow/.local/lib/python3.7/site-packages/airflow/example_dags/example_latest_only_with_trigger.py
[2023-08-02T10:40:36.207+0000] {logging_mixin.py:150} INFO - [2023-08-02T10:40:36.207+0000] {dag.py:2742} INFO - Sync 1 DAGs
[2023-08-02T10:40:36.249+0000] {logging_mixin.py:150} INFO - [2023-08-02T10:40:36.249+0000] {dag.py:3508} INFO - Setting next_dagrun for latest_only_with_trigger to 2023-08-02T06:40:36.248991+00:00, run_after=2023-08-02T10:40:36.248991+00:00
[2023-08-02T10:40:36.261+0000] {processor.py:179} INFO - Processing /home/airflow/.local/lib/python3.7/site-packages/airflow/example_dags/example_latest_only_with_trigger.py took 0.093 seconds
[2023-08-02T10:41:06.879+0000] {processor.py:157} INFO - Started process (PID=502) to work on /home/airflow/.local/lib/python3.7/site-packages/airflow/example_dags/example_latest_only_with_trigger.py
[2023-08-02T10:41:06.880+0000] {processor.py:826} INFO - Processing file /home/airflow/.local/lib/python3.7/site-packages/airflow/example_dags/example_latest_only_with_trigger.py for tasks to queue
[2023-08-02T10:41:06.882+0000] {logging_mixin.py:150} INFO - [2023-08-02T10:41:06.881+0000] {dagbag.py:541} INFO - Filling up the DagBag from /home/airflow/.local/lib/python3.7/site-packages/airflow/example_dags/example_latest_only_with_trigger.py
[2023-08-02T10:41:06.888+0000] {processor.py:836} INFO - DAG(s) dict_keys(['latest_only_with_trigger']) retrieved from /home/airflow/.local/lib/python3.7/site-packages/airflow/example_dags/example_latest_only_with_trigger.py
[2023-08-02T10:41:06.912+0000] {logging_mixin.py:150} INFO - [2023-08-02T10:41:06.912+0000] {dag.py:2742} INFO - Sync 1 DAGs
[2023-08-02T10:41:06.932+0000] {logging_mixin.py:150} INFO - [2023-08-02T10:41:06.932+0000] {dag.py:3508} INFO - Setting next_dagrun for latest_only_with_trigger to 2023-08-02T06:41:06.931772+00:00, run_after=2023-08-02T10:41:06.931772+00:00
[2023-08-02T10:41:06.946+0000] {processor.py:179} INFO - Processing /home/airflow/.local/lib/python3.7/site-packages/airflow/example_dags/example_latest_only_with_trigger.py took 0.071 seconds
[2023-08-02T10:41:37.063+0000] {processor.py:157} INFO - Started process (PID=559) to work on /home/airflow/.local/lib/python3.7/site-packages/airflow/example_dags/example_latest_only_with_trigger.py
[2023-08-02T10:41:37.066+0000] {processor.py:826} INFO - Processing file /home/airflow/.local/lib/python3.7/site-packages/airflow/example_dags/example_latest_only_with_trigger.py for tasks to queue
[2023-08-02T10:41:37.068+0000] {logging_mixin.py:150} INFO - [2023-08-02T10:41:37.068+0000] {dagbag.py:541} INFO - Filling up the DagBag from /home/airflow/.local/lib/python3.7/site-packages/airflow/example_dags/example_latest_only_with_trigger.py
[2023-08-02T10:41:37.079+0000] {processor.py:836} INFO - DAG(s) dict_keys(['latest_only_with_trigger']) retrieved from /home/airflow/.local/lib/python3.7/site-packages/airflow/example_dags/example_latest_only_with_trigger.py
[2023-08-02T10:41:37.130+0000] {logging_mixin.py:150} INFO - [2023-08-02T10:41:37.129+0000] {dag.py:2742} INFO - Sync 1 DAGs
[2023-08-02T10:41:37.178+0000] {logging_mixin.py:150} INFO - [2023-08-02T10:41:37.177+0000] {dag.py:3508} INFO - Setting next_dagrun for latest_only_with_trigger to 2023-08-02T06:41:37.175946+00:00, run_after=2023-08-02T10:41:37.175946+00:00
[2023-08-02T10:41:37.233+0000] {processor.py:179} INFO - Processing /home/airflow/.local/lib/python3.7/site-packages/airflow/example_dags/example_latest_only_with_trigger.py took 0.174 seconds
[2023-08-02T10:42:07.825+0000] {processor.py:157} INFO - Started process (PID=616) to work on /home/airflow/.local/lib/python3.7/site-packages/airflow/example_dags/example_latest_only_with_trigger.py
[2023-08-02T10:42:07.827+0000] {processor.py:826} INFO - Processing file /home/airflow/.local/lib/python3.7/site-packages/airflow/example_dags/example_latest_only_with_trigger.py for tasks to queue
[2023-08-02T10:42:07.828+0000] {logging_mixin.py:150} INFO - [2023-08-02T10:42:07.828+0000] {dagbag.py:541} INFO - Filling up the DagBag from /home/airflow/.local/lib/python3.7/site-packages/airflow/example_dags/example_latest_only_with_trigger.py
[2023-08-02T10:42:07.835+0000] {processor.py:836} INFO - DAG(s) dict_keys(['latest_only_with_trigger']) retrieved from /home/airflow/.local/lib/python3.7/site-packages/airflow/example_dags/example_latest_only_with_trigger.py
[2023-08-02T10:42:07.860+0000] {logging_mixin.py:150} INFO - [2023-08-02T10:42:07.860+0000] {dag.py:2742} INFO - Sync 1 DAGs
[2023-08-02T10:42:07.881+0000] {logging_mixin.py:150} INFO - [2023-08-02T10:42:07.881+0000] {dag.py:3508} INFO - Setting next_dagrun for latest_only_with_trigger to 2023-08-02T06:42:07.881328+00:00, run_after=2023-08-02T10:42:07.881328+00:00
[2023-08-02T10:42:07.896+0000] {processor.py:179} INFO - Processing /home/airflow/.local/lib/python3.7/site-packages/airflow/example_dags/example_latest_only_with_trigger.py took 0.075 seconds
[2023-08-02T10:42:38.473+0000] {processor.py:157} INFO - Started process (PID=672) to work on /home/airflow/.local/lib/python3.7/site-packages/airflow/example_dags/example_latest_only_with_trigger.py
[2023-08-02T10:42:38.475+0000] {processor.py:826} INFO - Processing file /home/airflow/.local/lib/python3.7/site-packages/airflow/example_dags/example_latest_only_with_trigger.py for tasks to queue
[2023-08-02T10:42:38.477+0000] {logging_mixin.py:150} INFO - [2023-08-02T10:42:38.476+0000] {dagbag.py:541} INFO - Filling up the DagBag from /home/airflow/.local/lib/python3.7/site-packages/airflow/example_dags/example_latest_only_with_trigger.py
[2023-08-02T10:42:38.483+0000] {processor.py:836} INFO - DAG(s) dict_keys(['latest_only_with_trigger']) retrieved from /home/airflow/.local/lib/python3.7/site-packages/airflow/example_dags/example_latest_only_with_trigger.py
[2023-08-02T10:42:38.512+0000] {logging_mixin.py:150} INFO - [2023-08-02T10:42:38.512+0000] {dag.py:2742} INFO - Sync 1 DAGs
[2023-08-02T10:42:38.546+0000] {logging_mixin.py:150} INFO - [2023-08-02T10:42:38.546+0000] {dag.py:3508} INFO - Setting next_dagrun for latest_only_with_trigger to 2023-08-02T06:42:38.546066+00:00, run_after=2023-08-02T10:42:38.546066+00:00
[2023-08-02T10:42:38.563+0000] {processor.py:179} INFO - Processing /home/airflow/.local/lib/python3.7/site-packages/airflow/example_dags/example_latest_only_with_trigger.py took 0.093 seconds
[2023-08-02T10:43:08.922+0000] {processor.py:157} INFO - Started process (PID=729) to work on /home/airflow/.local/lib/python3.7/site-packages/airflow/example_dags/example_latest_only_with_trigger.py
[2023-08-02T10:43:08.941+0000] {processor.py:826} INFO - Processing file /home/airflow/.local/lib/python3.7/site-packages/airflow/example_dags/example_latest_only_with_trigger.py for tasks to queue
[2023-08-02T10:43:08.943+0000] {logging_mixin.py:150} INFO - [2023-08-02T10:43:08.943+0000] {dagbag.py:541} INFO - Filling up the DagBag from /home/airflow/.local/lib/python3.7/site-packages/airflow/example_dags/example_latest_only_with_trigger.py
[2023-08-02T10:43:08.949+0000] {processor.py:836} INFO - DAG(s) dict_keys(['latest_only_with_trigger']) retrieved from /home/airflow/.local/lib/python3.7/site-packages/airflow/example_dags/example_latest_only_with_trigger.py
[2023-08-02T10:43:08.976+0000] {logging_mixin.py:150} INFO - [2023-08-02T10:43:08.976+0000] {dag.py:2742} INFO - Sync 1 DAGs
[2023-08-02T10:43:08.994+0000] {logging_mixin.py:150} INFO - [2023-08-02T10:43:08.994+0000] {dag.py:3508} INFO - Setting next_dagrun for latest_only_with_trigger to 2023-08-02T06:43:08.994304+00:00, run_after=2023-08-02T10:43:08.994304+00:00
[2023-08-02T10:43:09.007+0000] {processor.py:179} INFO - Processing /home/airflow/.local/lib/python3.7/site-packages/airflow/example_dags/example_latest_only_with_trigger.py took 0.089 seconds
[2023-08-02T10:43:39.327+0000] {processor.py:157} INFO - Started process (PID=786) to work on /home/airflow/.local/lib/python3.7/site-packages/airflow/example_dags/example_latest_only_with_trigger.py
[2023-08-02T10:43:39.329+0000] {processor.py:826} INFO - Processing file /home/airflow/.local/lib/python3.7/site-packages/airflow/example_dags/example_latest_only_with_trigger.py for tasks to queue
[2023-08-02T10:43:39.331+0000] {logging_mixin.py:150} INFO - [2023-08-02T10:43:39.331+0000] {dagbag.py:541} INFO - Filling up the DagBag from /home/airflow/.local/lib/python3.7/site-packages/airflow/example_dags/example_latest_only_with_trigger.py
[2023-08-02T10:43:39.337+0000] {processor.py:836} INFO - DAG(s) dict_keys(['latest_only_with_trigger']) retrieved from /home/airflow/.local/lib/python3.7/site-packages/airflow/example_dags/example_latest_only_with_trigger.py
[2023-08-02T10:43:39.362+0000] {logging_mixin.py:150} INFO - [2023-08-02T10:43:39.362+0000] {dag.py:2742} INFO - Sync 1 DAGs
[2023-08-02T10:43:39.384+0000] {logging_mixin.py:150} INFO - [2023-08-02T10:43:39.384+0000] {dag.py:3508} INFO - Setting next_dagrun for latest_only_with_trigger to 2023-08-02T06:43:39.384301+00:00, run_after=2023-08-02T10:43:39.384301+00:00
[2023-08-02T10:43:39.442+0000] {processor.py:179} INFO - Processing /home/airflow/.local/lib/python3.7/site-packages/airflow/example_dags/example_latest_only_with_trigger.py took 0.118 seconds
[2023-08-02T10:44:09.522+0000] {processor.py:157} INFO - Started process (PID=842) to work on /home/airflow/.local/lib/python3.7/site-packages/airflow/example_dags/example_latest_only_with_trigger.py
[2023-08-02T10:44:09.524+0000] {processor.py:826} INFO - Processing file /home/airflow/.local/lib/python3.7/site-packages/airflow/example_dags/example_latest_only_with_trigger.py for tasks to queue
[2023-08-02T10:44:09.525+0000] {logging_mixin.py:150} INFO - [2023-08-02T10:44:09.525+0000] {dagbag.py:541} INFO - Filling up the DagBag from /home/airflow/.local/lib/python3.7/site-packages/airflow/example_dags/example_latest_only_with_trigger.py
[2023-08-02T10:44:09.536+0000] {processor.py:836} INFO - DAG(s) dict_keys(['latest_only_with_trigger']) retrieved from /home/airflow/.local/lib/python3.7/site-packages/airflow/example_dags/example_latest_only_with_trigger.py
[2023-08-02T10:44:09.560+0000] {logging_mixin.py:150} INFO - [2023-08-02T10:44:09.560+0000] {dag.py:2742} INFO - Sync 1 DAGs
[2023-08-02T10:44:09.581+0000] {logging_mixin.py:150} INFO - [2023-08-02T10:44:09.581+0000] {dag.py:3508} INFO - Setting next_dagrun for latest_only_with_trigger to 2023-08-02T06:44:09.580918+00:00, run_after=2023-08-02T10:44:09.580918+00:00
[2023-08-02T10:44:09.596+0000] {processor.py:179} INFO - Processing /home/airflow/.local/lib/python3.7/site-packages/airflow/example_dags/example_latest_only_with_trigger.py took 0.076 seconds
[2023-08-02T10:44:39.987+0000] {processor.py:157} INFO - Started process (PID=898) to work on /home/airflow/.local/lib/python3.7/site-packages/airflow/example_dags/example_latest_only_with_trigger.py
[2023-08-02T10:44:39.990+0000] {processor.py:826} INFO - Processing file /home/airflow/.local/lib/python3.7/site-packages/airflow/example_dags/example_latest_only_with_trigger.py for tasks to queue
[2023-08-02T10:44:39.993+0000] {logging_mixin.py:150} INFO - [2023-08-02T10:44:39.992+0000] {dagbag.py:541} INFO - Filling up the DagBag from /home/airflow/.local/lib/python3.7/site-packages/airflow/example_dags/example_latest_only_with_trigger.py
[2023-08-02T10:44:40.010+0000] {processor.py:836} INFO - DAG(s) dict_keys(['latest_only_with_trigger']) retrieved from /home/airflow/.local/lib/python3.7/site-packages/airflow/example_dags/example_latest_only_with_trigger.py
[2023-08-02T10:44:40.044+0000] {logging_mixin.py:150} INFO - [2023-08-02T10:44:40.044+0000] {dag.py:2742} INFO - Sync 1 DAGs
[2023-08-02T10:44:40.068+0000] {logging_mixin.py:150} INFO - [2023-08-02T10:44:40.068+0000] {dag.py:3508} INFO - Setting next_dagrun for latest_only_with_trigger to 2023-08-02T06:44:40.068383+00:00, run_after=2023-08-02T10:44:40.068383+00:00
[2023-08-02T10:44:40.088+0000] {processor.py:179} INFO - Processing /home/airflow/.local/lib/python3.7/site-packages/airflow/example_dags/example_latest_only_with_trigger.py took 0.108 seconds
[2023-08-02T10:45:10.141+0000] {processor.py:157} INFO - Started process (PID=955) to work on /home/airflow/.local/lib/python3.7/site-packages/airflow/example_dags/example_latest_only_with_trigger.py
[2023-08-02T10:45:10.143+0000] {processor.py:826} INFO - Processing file /home/airflow/.local/lib/python3.7/site-packages/airflow/example_dags/example_latest_only_with_trigger.py for tasks to queue
[2023-08-02T10:45:10.144+0000] {logging_mixin.py:150} INFO - [2023-08-02T10:45:10.144+0000] {dagbag.py:541} INFO - Filling up the DagBag from /home/airflow/.local/lib/python3.7/site-packages/airflow/example_dags/example_latest_only_with_trigger.py
[2023-08-02T10:45:10.155+0000] {processor.py:836} INFO - DAG(s) dict_keys(['latest_only_with_trigger']) retrieved from /home/airflow/.local/lib/python3.7/site-packages/airflow/example_dags/example_latest_only_with_trigger.py
[2023-08-02T10:45:10.181+0000] {logging_mixin.py:150} INFO - [2023-08-02T10:45:10.180+0000] {dag.py:2742} INFO - Sync 1 DAGs
[2023-08-02T10:45:10.201+0000] {logging_mixin.py:150} INFO - [2023-08-02T10:45:10.201+0000] {dag.py:3508} INFO - Setting next_dagrun for latest_only_with_trigger to 2023-08-02T06:45:10.200689+00:00, run_after=2023-08-02T10:45:10.200689+00:00
[2023-08-02T10:45:10.214+0000] {processor.py:179} INFO - Processing /home/airflow/.local/lib/python3.7/site-packages/airflow/example_dags/example_latest_only_with_trigger.py took 0.076 seconds
[2023-08-02T10:45:40.502+0000] {processor.py:157} INFO - Started process (PID=1012) to work on /home/airflow/.local/lib/python3.7/site-packages/airflow/example_dags/example_latest_only_with_trigger.py
[2023-08-02T10:45:40.504+0000] {processor.py:826} INFO - Processing file /home/airflow/.local/lib/python3.7/site-packages/airflow/example_dags/example_latest_only_with_trigger.py for tasks to queue
[2023-08-02T10:45:40.506+0000] {logging_mixin.py:150} INFO - [2023-08-02T10:45:40.506+0000] {dagbag.py:541} INFO - Filling up the DagBag from /home/airflow/.local/lib/python3.7/site-packages/airflow/example_dags/example_latest_only_with_trigger.py
[2023-08-02T10:45:40.512+0000] {processor.py:836} INFO - DAG(s) dict_keys(['latest_only_with_trigger']) retrieved from /home/airflow/.local/lib/python3.7/site-packages/airflow/example_dags/example_latest_only_with_trigger.py
[2023-08-02T10:45:40.533+0000] {logging_mixin.py:150} INFO - [2023-08-02T10:45:40.533+0000] {dag.py:2742} INFO - Sync 1 DAGs
[2023-08-02T10:45:40.550+0000] {logging_mixin.py:150} INFO - [2023-08-02T10:45:40.549+0000] {dag.py:3508} INFO - Setting next_dagrun for latest_only_with_trigger to 2023-08-02T06:45:40.549716+00:00, run_after=2023-08-02T10:45:40.549716+00:00
[2023-08-02T10:45:40.562+0000] {processor.py:179} INFO - Processing /home/airflow/.local/lib/python3.7/site-packages/airflow/example_dags/example_latest_only_with_trigger.py took 0.063 seconds
[2023-08-02T10:46:10.770+0000] {processor.py:157} INFO - Started process (PID=1069) to work on /home/airflow/.local/lib/python3.7/site-packages/airflow/example_dags/example_latest_only_with_trigger.py
[2023-08-02T10:46:10.776+0000] {processor.py:826} INFO - Processing file /home/airflow/.local/lib/python3.7/site-packages/airflow/example_dags/example_latest_only_with_trigger.py for tasks to queue
[2023-08-02T10:46:10.778+0000] {logging_mixin.py:150} INFO - [2023-08-02T10:46:10.777+0000] {dagbag.py:541} INFO - Filling up the DagBag from /home/airflow/.local/lib/python3.7/site-packages/airflow/example_dags/example_latest_only_with_trigger.py
[2023-08-02T10:46:10.783+0000] {processor.py:836} INFO - DAG(s) dict_keys(['latest_only_with_trigger']) retrieved from /home/airflow/.local/lib/python3.7/site-packages/airflow/example_dags/example_latest_only_with_trigger.py
[2023-08-02T10:46:10.805+0000] {logging_mixin.py:150} INFO - [2023-08-02T10:46:10.805+0000] {dag.py:2742} INFO - Sync 1 DAGs
[2023-08-02T10:46:10.822+0000] {logging_mixin.py:150} INFO - [2023-08-02T10:46:10.821+0000] {dag.py:3508} INFO - Setting next_dagrun for latest_only_with_trigger to 2023-08-02T06:46:10.821706+00:00, run_after=2023-08-02T10:46:10.821706+00:00
[2023-08-02T10:46:10.834+0000] {processor.py:179} INFO - Processing /home/airflow/.local/lib/python3.7/site-packages/airflow/example_dags/example_latest_only_with_trigger.py took 0.068 seconds
[2023-08-02T10:46:41.449+0000] {processor.py:157} INFO - Started process (PID=1126) to work on /home/airflow/.local/lib/python3.7/site-packages/airflow/example_dags/example_latest_only_with_trigger.py
[2023-08-02T10:46:41.452+0000] {processor.py:826} INFO - Processing file /home/airflow/.local/lib/python3.7/site-packages/airflow/example_dags/example_latest_only_with_trigger.py for tasks to queue
[2023-08-02T10:46:41.453+0000] {logging_mixin.py:150} INFO - [2023-08-02T10:46:41.453+0000] {dagbag.py:541} INFO - Filling up the DagBag from /home/airflow/.local/lib/python3.7/site-packages/airflow/example_dags/example_latest_only_with_trigger.py
[2023-08-02T10:46:41.463+0000] {processor.py:836} INFO - DAG(s) dict_keys(['latest_only_with_trigger']) retrieved from /home/airflow/.local/lib/python3.7/site-packages/airflow/example_dags/example_latest_only_with_trigger.py
[2023-08-02T10:46:41.493+0000] {logging_mixin.py:150} INFO - [2023-08-02T10:46:41.493+0000] {dag.py:2742} INFO - Sync 1 DAGs
[2023-08-02T10:46:41.522+0000] {logging_mixin.py:150} INFO - [2023-08-02T10:46:41.522+0000] {dag.py:3508} INFO - Setting next_dagrun for latest_only_with_trigger to 2023-08-02T06:46:41.522373+00:00, run_after=2023-08-02T10:46:41.522373+00:00
[2023-08-02T10:46:41.551+0000] {processor.py:179} INFO - Processing /home/airflow/.local/lib/python3.7/site-packages/airflow/example_dags/example_latest_only_with_trigger.py took 0.106 seconds
[2023-08-02T10:47:11.891+0000] {processor.py:157} INFO - Started process (PID=1183) to work on /home/airflow/.local/lib/python3.7/site-packages/airflow/example_dags/example_latest_only_with_trigger.py
[2023-08-02T10:47:11.893+0000] {processor.py:826} INFO - Processing file /home/airflow/.local/lib/python3.7/site-packages/airflow/example_dags/example_latest_only_with_trigger.py for tasks to queue
[2023-08-02T10:47:11.895+0000] {logging_mixin.py:150} INFO - [2023-08-02T10:47:11.895+0000] {dagbag.py:541} INFO - Filling up the DagBag from /home/airflow/.local/lib/python3.7/site-packages/airflow/example_dags/example_latest_only_with_trigger.py
[2023-08-02T10:47:11.900+0000] {processor.py:836} INFO - DAG(s) dict_keys(['latest_only_with_trigger']) retrieved from /home/airflow/.local/lib/python3.7/site-packages/airflow/example_dags/example_latest_only_with_trigger.py
[2023-08-02T10:47:11.922+0000] {logging_mixin.py:150} INFO - [2023-08-02T10:47:11.922+0000] {dag.py:2742} INFO - Sync 1 DAGs
[2023-08-02T10:47:11.941+0000] {logging_mixin.py:150} INFO - [2023-08-02T10:47:11.941+0000] {dag.py:3508} INFO - Setting next_dagrun for latest_only_with_trigger to 2023-08-02T06:47:11.940813+00:00, run_after=2023-08-02T10:47:11.940813+00:00
[2023-08-02T10:47:11.955+0000] {processor.py:179} INFO - Processing /home/airflow/.local/lib/python3.7/site-packages/airflow/example_dags/example_latest_only_with_trigger.py took 0.066 seconds
[2023-08-02T10:47:42.219+0000] {processor.py:157} INFO - Started process (PID=1240) to work on /home/airflow/.local/lib/python3.7/site-packages/airflow/example_dags/example_latest_only_with_trigger.py
[2023-08-02T10:47:42.221+0000] {processor.py:826} INFO - Processing file /home/airflow/.local/lib/python3.7/site-packages/airflow/example_dags/example_latest_only_with_trigger.py for tasks to queue
[2023-08-02T10:47:42.235+0000] {logging_mixin.py:150} INFO - [2023-08-02T10:47:42.235+0000] {dagbag.py:541} INFO - Filling up the DagBag from /home/airflow/.local/lib/python3.7/site-packages/airflow/example_dags/example_latest_only_with_trigger.py
[2023-08-02T10:47:42.244+0000] {processor.py:836} INFO - DAG(s) dict_keys(['latest_only_with_trigger']) retrieved from /home/airflow/.local/lib/python3.7/site-packages/airflow/example_dags/example_latest_only_with_trigger.py
[2023-08-02T10:47:42.269+0000] {logging_mixin.py:150} INFO - [2023-08-02T10:47:42.269+0000] {dag.py:2742} INFO - Sync 1 DAGs
[2023-08-02T10:47:42.289+0000] {logging_mixin.py:150} INFO - [2023-08-02T10:47:42.289+0000] {dag.py:3508} INFO - Setting next_dagrun for latest_only_with_trigger to 2023-08-02T06:47:42.289398+00:00, run_after=2023-08-02T10:47:42.289398+00:00
[2023-08-02T10:47:42.305+0000] {processor.py:179} INFO - Processing /home/airflow/.local/lib/python3.7/site-packages/airflow/example_dags/example_latest_only_with_trigger.py took 0.089 seconds
[2023-08-02T10:48:12.555+0000] {processor.py:157} INFO - Started process (PID=1297) to work on /home/airflow/.local/lib/python3.7/site-packages/airflow/example_dags/example_latest_only_with_trigger.py
[2023-08-02T10:48:12.583+0000] {processor.py:826} INFO - Processing file /home/airflow/.local/lib/python3.7/site-packages/airflow/example_dags/example_latest_only_with_trigger.py for tasks to queue
[2023-08-02T10:48:12.586+0000] {logging_mixin.py:150} INFO - [2023-08-02T10:48:12.585+0000] {dagbag.py:541} INFO - Filling up the DagBag from /home/airflow/.local/lib/python3.7/site-packages/airflow/example_dags/example_latest_only_with_trigger.py
[2023-08-02T10:48:12.594+0000] {processor.py:836} INFO - DAG(s) dict_keys(['latest_only_with_trigger']) retrieved from /home/airflow/.local/lib/python3.7/site-packages/airflow/example_dags/example_latest_only_with_trigger.py
[2023-08-02T10:48:12.618+0000] {logging_mixin.py:150} INFO - [2023-08-02T10:48:12.617+0000] {dag.py:2742} INFO - Sync 1 DAGs
[2023-08-02T10:48:12.639+0000] {logging_mixin.py:150} INFO - [2023-08-02T10:48:12.639+0000] {dag.py:3508} INFO - Setting next_dagrun for latest_only_with_trigger to 2023-08-02T06:48:12.639213+00:00, run_after=2023-08-02T10:48:12.639213+00:00
[2023-08-02T10:48:12.654+0000] {processor.py:179} INFO - Processing /home/airflow/.local/lib/python3.7/site-packages/airflow/example_dags/example_latest_only_with_trigger.py took 0.103 seconds
[2023-08-02T10:48:42.744+0000] {processor.py:157} INFO - Started process (PID=1354) to work on /home/airflow/.local/lib/python3.7/site-packages/airflow/example_dags/example_latest_only_with_trigger.py
[2023-08-02T10:48:42.775+0000] {processor.py:826} INFO - Processing file /home/airflow/.local/lib/python3.7/site-packages/airflow/example_dags/example_latest_only_with_trigger.py for tasks to queue
[2023-08-02T10:48:42.778+0000] {logging_mixin.py:150} INFO - [2023-08-02T10:48:42.777+0000] {dagbag.py:541} INFO - Filling up the DagBag from /home/airflow/.local/lib/python3.7/site-packages/airflow/example_dags/example_latest_only_with_trigger.py
[2023-08-02T10:48:42.790+0000] {processor.py:836} INFO - DAG(s) dict_keys(['latest_only_with_trigger']) retrieved from /home/airflow/.local/lib/python3.7/site-packages/airflow/example_dags/example_latest_only_with_trigger.py
[2023-08-02T10:48:42.824+0000] {logging_mixin.py:150} INFO - [2023-08-02T10:48:42.824+0000] {dag.py:2742} INFO - Sync 1 DAGs
[2023-08-02T10:48:42.844+0000] {logging_mixin.py:150} INFO - [2023-08-02T10:48:42.844+0000] {dag.py:3508} INFO - Setting next_dagrun for latest_only_with_trigger to 2023-08-02T06:48:42.844149+00:00, run_after=2023-08-02T10:48:42.844149+00:00
[2023-08-02T10:48:42.859+0000] {processor.py:179} INFO - Processing /home/airflow/.local/lib/python3.7/site-packages/airflow/example_dags/example_latest_only_with_trigger.py took 0.118 seconds
[2023-08-02T10:49:13.178+0000] {processor.py:157} INFO - Started process (PID=1411) to work on /home/airflow/.local/lib/python3.7/site-packages/airflow/example_dags/example_latest_only_with_trigger.py
[2023-08-02T10:49:13.179+0000] {processor.py:826} INFO - Processing file /home/airflow/.local/lib/python3.7/site-packages/airflow/example_dags/example_latest_only_with_trigger.py for tasks to queue
[2023-08-02T10:49:13.181+0000] {logging_mixin.py:150} INFO - [2023-08-02T10:49:13.181+0000] {dagbag.py:541} INFO - Filling up the DagBag from /home/airflow/.local/lib/python3.7/site-packages/airflow/example_dags/example_latest_only_with_trigger.py
[2023-08-02T10:49:13.188+0000] {processor.py:836} INFO - DAG(s) dict_keys(['latest_only_with_trigger']) retrieved from /home/airflow/.local/lib/python3.7/site-packages/airflow/example_dags/example_latest_only_with_trigger.py
[2023-08-02T10:49:13.225+0000] {logging_mixin.py:150} INFO - [2023-08-02T10:49:13.225+0000] {dag.py:2742} INFO - Sync 1 DAGs
[2023-08-02T10:49:13.243+0000] {logging_mixin.py:150} INFO - [2023-08-02T10:49:13.243+0000] {dag.py:3508} INFO - Setting next_dagrun for latest_only_with_trigger to 2023-08-02T06:49:13.243183+00:00, run_after=2023-08-02T10:49:13.243183+00:00
[2023-08-02T10:49:13.256+0000] {processor.py:179} INFO - Processing /home/airflow/.local/lib/python3.7/site-packages/airflow/example_dags/example_latest_only_with_trigger.py took 0.081 seconds
[2023-08-02T10:49:43.472+0000] {processor.py:157} INFO - Started process (PID=1468) to work on /home/airflow/.local/lib/python3.7/site-packages/airflow/example_dags/example_latest_only_with_trigger.py
[2023-08-02T10:49:43.474+0000] {processor.py:826} INFO - Processing file /home/airflow/.local/lib/python3.7/site-packages/airflow/example_dags/example_latest_only_with_trigger.py for tasks to queue
[2023-08-02T10:49:43.477+0000] {logging_mixin.py:150} INFO - [2023-08-02T10:49:43.476+0000] {dagbag.py:541} INFO - Filling up the DagBag from /home/airflow/.local/lib/python3.7/site-packages/airflow/example_dags/example_latest_only_with_trigger.py
[2023-08-02T10:49:43.500+0000] {processor.py:836} INFO - DAG(s) dict_keys(['latest_only_with_trigger']) retrieved from /home/airflow/.local/lib/python3.7/site-packages/airflow/example_dags/example_latest_only_with_trigger.py
[2023-08-02T10:49:43.519+0000] {logging_mixin.py:150} INFO - [2023-08-02T10:49:43.519+0000] {dag.py:2742} INFO - Sync 1 DAGs
[2023-08-02T10:49:43.548+0000] {logging_mixin.py:150} INFO - [2023-08-02T10:49:43.548+0000] {dag.py:3508} INFO - Setting next_dagrun for latest_only_with_trigger to 2023-08-02T06:49:43.548509+00:00, run_after=2023-08-02T10:49:43.548509+00:00
[2023-08-02T10:49:43.563+0000] {processor.py:179} INFO - Processing /home/airflow/.local/lib/python3.7/site-packages/airflow/example_dags/example_latest_only_with_trigger.py took 0.094 seconds
[2023-08-02T10:50:13.919+0000] {processor.py:157} INFO - Started process (PID=1525) to work on /home/airflow/.local/lib/python3.7/site-packages/airflow/example_dags/example_latest_only_with_trigger.py
[2023-08-02T10:50:13.922+0000] {processor.py:826} INFO - Processing file /home/airflow/.local/lib/python3.7/site-packages/airflow/example_dags/example_latest_only_with_trigger.py for tasks to queue
[2023-08-02T10:50:13.924+0000] {logging_mixin.py:150} INFO - [2023-08-02T10:50:13.923+0000] {dagbag.py:541} INFO - Filling up the DagBag from /home/airflow/.local/lib/python3.7/site-packages/airflow/example_dags/example_latest_only_with_trigger.py
[2023-08-02T10:50:13.939+0000] {processor.py:836} INFO - DAG(s) dict_keys(['latest_only_with_trigger']) retrieved from /home/airflow/.local/lib/python3.7/site-packages/airflow/example_dags/example_latest_only_with_trigger.py
[2023-08-02T10:50:13.971+0000] {logging_mixin.py:150} INFO - [2023-08-02T10:50:13.971+0000] {dag.py:2742} INFO - Sync 1 DAGs
[2023-08-02T10:50:14.000+0000] {logging_mixin.py:150} INFO - [2023-08-02T10:50:14.000+0000] {dag.py:3508} INFO - Setting next_dagrun for latest_only_with_trigger to 2023-08-02T06:50:14.000287+00:00, run_after=2023-08-02T10:50:14.000287+00:00
[2023-08-02T10:50:14.027+0000] {processor.py:179} INFO - Processing /home/airflow/.local/lib/python3.7/site-packages/airflow/example_dags/example_latest_only_with_trigger.py took 0.113 seconds
[2023-08-02T10:50:44.407+0000] {processor.py:157} INFO - Started process (PID=1582) to work on /home/airflow/.local/lib/python3.7/site-packages/airflow/example_dags/example_latest_only_with_trigger.py
[2023-08-02T10:50:44.411+0000] {processor.py:826} INFO - Processing file /home/airflow/.local/lib/python3.7/site-packages/airflow/example_dags/example_latest_only_with_trigger.py for tasks to queue
[2023-08-02T10:50:44.418+0000] {logging_mixin.py:150} INFO - [2023-08-02T10:50:44.417+0000] {dagbag.py:541} INFO - Filling up the DagBag from /home/airflow/.local/lib/python3.7/site-packages/airflow/example_dags/example_latest_only_with_trigger.py
[2023-08-02T10:50:44.427+0000] {processor.py:836} INFO - DAG(s) dict_keys(['latest_only_with_trigger']) retrieved from /home/airflow/.local/lib/python3.7/site-packages/airflow/example_dags/example_latest_only_with_trigger.py
[2023-08-02T10:50:44.467+0000] {logging_mixin.py:150} INFO - [2023-08-02T10:50:44.466+0000] {dag.py:2742} INFO - Sync 1 DAGs
[2023-08-02T10:50:44.530+0000] {logging_mixin.py:150} INFO - [2023-08-02T10:50:44.530+0000] {dag.py:3508} INFO - Setting next_dagrun for latest_only_with_trigger to 2023-08-02T06:50:44.529823+00:00, run_after=2023-08-02T10:50:44.529823+00:00
[2023-08-02T10:50:44.556+0000] {processor.py:179} INFO - Processing /home/airflow/.local/lib/python3.7/site-packages/airflow/example_dags/example_latest_only_with_trigger.py took 0.153 seconds
[2023-08-02T10:51:14.660+0000] {processor.py:157} INFO - Started process (PID=1639) to work on /home/airflow/.local/lib/python3.7/site-packages/airflow/example_dags/example_latest_only_with_trigger.py
[2023-08-02T10:51:14.665+0000] {processor.py:826} INFO - Processing file /home/airflow/.local/lib/python3.7/site-packages/airflow/example_dags/example_latest_only_with_trigger.py for tasks to queue
[2023-08-02T10:51:14.666+0000] {logging_mixin.py:150} INFO - [2023-08-02T10:51:14.666+0000] {dagbag.py:541} INFO - Filling up the DagBag from /home/airflow/.local/lib/python3.7/site-packages/airflow/example_dags/example_latest_only_with_trigger.py
[2023-08-02T10:51:14.673+0000] {processor.py:836} INFO - DAG(s) dict_keys(['latest_only_with_trigger']) retrieved from /home/airflow/.local/lib/python3.7/site-packages/airflow/example_dags/example_latest_only_with_trigger.py
[2023-08-02T10:51:14.694+0000] {logging_mixin.py:150} INFO - [2023-08-02T10:51:14.694+0000] {dag.py:2742} INFO - Sync 1 DAGs
[2023-08-02T10:51:14.712+0000] {logging_mixin.py:150} INFO - [2023-08-02T10:51:14.712+0000] {dag.py:3508} INFO - Setting next_dagrun for latest_only_with_trigger to 2023-08-02T06:51:14.712427+00:00, run_after=2023-08-02T10:51:14.712427+00:00
[2023-08-02T10:51:14.725+0000] {processor.py:179} INFO - Processing /home/airflow/.local/lib/python3.7/site-packages/airflow/example_dags/example_latest_only_with_trigger.py took 0.068 seconds
[2023-08-02T10:51:45.072+0000] {processor.py:157} INFO - Started process (PID=1696) to work on /home/airflow/.local/lib/python3.7/site-packages/airflow/example_dags/example_latest_only_with_trigger.py
[2023-08-02T10:51:45.074+0000] {processor.py:826} INFO - Processing file /home/airflow/.local/lib/python3.7/site-packages/airflow/example_dags/example_latest_only_with_trigger.py for tasks to queue
[2023-08-02T10:51:45.075+0000] {logging_mixin.py:150} INFO - [2023-08-02T10:51:45.075+0000] {dagbag.py:541} INFO - Filling up the DagBag from /home/airflow/.local/lib/python3.7/site-packages/airflow/example_dags/example_latest_only_with_trigger.py
[2023-08-02T10:51:45.081+0000] {processor.py:836} INFO - DAG(s) dict_keys(['latest_only_with_trigger']) retrieved from /home/airflow/.local/lib/python3.7/site-packages/airflow/example_dags/example_latest_only_with_trigger.py
[2023-08-02T10:51:45.101+0000] {logging_mixin.py:150} INFO - [2023-08-02T10:51:45.101+0000] {dag.py:2742} INFO - Sync 1 DAGs
[2023-08-02T10:51:45.118+0000] {logging_mixin.py:150} INFO - [2023-08-02T10:51:45.117+0000] {dag.py:3508} INFO - Setting next_dagrun for latest_only_with_trigger to 2023-08-02T06:51:45.117738+00:00, run_after=2023-08-02T10:51:45.117738+00:00
[2023-08-02T10:51:45.129+0000] {processor.py:179} INFO - Processing /home/airflow/.local/lib/python3.7/site-packages/airflow/example_dags/example_latest_only_with_trigger.py took 0.060 seconds
[2023-08-02T10:52:15.425+0000] {processor.py:157} INFO - Started process (PID=1753) to work on /home/airflow/.local/lib/python3.7/site-packages/airflow/example_dags/example_latest_only_with_trigger.py
[2023-08-02T10:52:15.427+0000] {processor.py:826} INFO - Processing file /home/airflow/.local/lib/python3.7/site-packages/airflow/example_dags/example_latest_only_with_trigger.py for tasks to queue
[2023-08-02T10:52:15.430+0000] {logging_mixin.py:150} INFO - [2023-08-02T10:52:15.430+0000] {dagbag.py:541} INFO - Filling up the DagBag from /home/airflow/.local/lib/python3.7/site-packages/airflow/example_dags/example_latest_only_with_trigger.py
[2023-08-02T10:52:15.439+0000] {processor.py:836} INFO - DAG(s) dict_keys(['latest_only_with_trigger']) retrieved from /home/airflow/.local/lib/python3.7/site-packages/airflow/example_dags/example_latest_only_with_trigger.py
[2023-08-02T10:52:15.523+0000] {logging_mixin.py:150} INFO - [2023-08-02T10:52:15.522+0000] {dag.py:2742} INFO - Sync 1 DAGs
[2023-08-02T10:52:15.539+0000] {logging_mixin.py:150} INFO - [2023-08-02T10:52:15.539+0000] {dag.py:3508} INFO - Setting next_dagrun for latest_only_with_trigger to 2023-08-02T06:52:15.539463+00:00, run_after=2023-08-02T10:52:15.539463+00:00
[2023-08-02T10:52:15.551+0000] {processor.py:179} INFO - Processing /home/airflow/.local/lib/python3.7/site-packages/airflow/example_dags/example_latest_only_with_trigger.py took 0.129 seconds
[2023-08-02T10:52:45.627+0000] {processor.py:157} INFO - Started process (PID=1811) to work on /home/airflow/.local/lib/python3.7/site-packages/airflow/example_dags/example_latest_only_with_trigger.py
[2023-08-02T10:52:45.629+0000] {processor.py:826} INFO - Processing file /home/airflow/.local/lib/python3.7/site-packages/airflow/example_dags/example_latest_only_with_trigger.py for tasks to queue
[2023-08-02T10:52:45.630+0000] {logging_mixin.py:150} INFO - [2023-08-02T10:52:45.630+0000] {dagbag.py:541} INFO - Filling up the DagBag from /home/airflow/.local/lib/python3.7/site-packages/airflow/example_dags/example_latest_only_with_trigger.py
[2023-08-02T10:52:45.636+0000] {processor.py:836} INFO - DAG(s) dict_keys(['latest_only_with_trigger']) retrieved from /home/airflow/.local/lib/python3.7/site-packages/airflow/example_dags/example_latest_only_with_trigger.py
[2023-08-02T10:52:45.657+0000] {logging_mixin.py:150} INFO - [2023-08-02T10:52:45.657+0000] {dag.py:2742} INFO - Sync 1 DAGs
[2023-08-02T10:52:45.674+0000] {logging_mixin.py:150} INFO - [2023-08-02T10:52:45.674+0000] {dag.py:3508} INFO - Setting next_dagrun for latest_only_with_trigger to 2023-08-02T06:52:45.674324+00:00, run_after=2023-08-02T10:52:45.674324+00:00
[2023-08-02T10:52:45.687+0000] {processor.py:179} INFO - Processing /home/airflow/.local/lib/python3.7/site-packages/airflow/example_dags/example_latest_only_with_trigger.py took 0.063 seconds
[2023-08-02T10:53:15.897+0000] {processor.py:157} INFO - Started process (PID=1868) to work on /home/airflow/.local/lib/python3.7/site-packages/airflow/example_dags/example_latest_only_with_trigger.py
[2023-08-02T10:53:15.911+0000] {processor.py:826} INFO - Processing file /home/airflow/.local/lib/python3.7/site-packages/airflow/example_dags/example_latest_only_with_trigger.py for tasks to queue
[2023-08-02T10:53:15.912+0000] {logging_mixin.py:150} INFO - [2023-08-02T10:53:15.912+0000] {dagbag.py:541} INFO - Filling up the DagBag from /home/airflow/.local/lib/python3.7/site-packages/airflow/example_dags/example_latest_only_with_trigger.py
[2023-08-02T10:53:15.918+0000] {processor.py:836} INFO - DAG(s) dict_keys(['latest_only_with_trigger']) retrieved from /home/airflow/.local/lib/python3.7/site-packages/airflow/example_dags/example_latest_only_with_trigger.py
[2023-08-02T10:53:15.943+0000] {logging_mixin.py:150} INFO - [2023-08-02T10:53:15.942+0000] {dag.py:2742} INFO - Sync 1 DAGs
[2023-08-02T10:53:15.961+0000] {logging_mixin.py:150} INFO - [2023-08-02T10:53:15.961+0000] {dag.py:3508} INFO - Setting next_dagrun for latest_only_with_trigger to 2023-08-02T06:53:15.961234+00:00, run_after=2023-08-02T10:53:15.961234+00:00
[2023-08-02T10:53:15.976+0000] {processor.py:179} INFO - Processing /home/airflow/.local/lib/python3.7/site-packages/airflow/example_dags/example_latest_only_with_trigger.py took 0.082 seconds
[2023-08-02T10:53:46.217+0000] {processor.py:157} INFO - Started process (PID=1925) to work on /home/airflow/.local/lib/python3.7/site-packages/airflow/example_dags/example_latest_only_with_trigger.py
[2023-08-02T10:53:46.219+0000] {processor.py:826} INFO - Processing file /home/airflow/.local/lib/python3.7/site-packages/airflow/example_dags/example_latest_only_with_trigger.py for tasks to queue
[2023-08-02T10:53:46.221+0000] {logging_mixin.py:150} INFO - [2023-08-02T10:53:46.220+0000] {dagbag.py:541} INFO - Filling up the DagBag from /home/airflow/.local/lib/python3.7/site-packages/airflow/example_dags/example_latest_only_with_trigger.py
[2023-08-02T10:53:46.226+0000] {processor.py:836} INFO - DAG(s) dict_keys(['latest_only_with_trigger']) retrieved from /home/airflow/.local/lib/python3.7/site-packages/airflow/example_dags/example_latest_only_with_trigger.py
[2023-08-02T10:53:46.247+0000] {logging_mixin.py:150} INFO - [2023-08-02T10:53:46.247+0000] {dag.py:2742} INFO - Sync 1 DAGs
[2023-08-02T10:53:46.318+0000] {logging_mixin.py:150} INFO - [2023-08-02T10:53:46.318+0000] {dag.py:3508} INFO - Setting next_dagrun for latest_only_with_trigger to 2023-08-02T06:53:46.318172+00:00, run_after=2023-08-02T10:53:46.318172+00:00
[2023-08-02T10:53:46.329+0000] {processor.py:179} INFO - Processing /home/airflow/.local/lib/python3.7/site-packages/airflow/example_dags/example_latest_only_with_trigger.py took 0.115 seconds
[2023-08-02T10:54:16.513+0000] {processor.py:157} INFO - Started process (PID=1983) to work on /home/airflow/.local/lib/python3.7/site-packages/airflow/example_dags/example_latest_only_with_trigger.py
[2023-08-02T10:54:16.515+0000] {processor.py:826} INFO - Processing file /home/airflow/.local/lib/python3.7/site-packages/airflow/example_dags/example_latest_only_with_trigger.py for tasks to queue
[2023-08-02T10:54:16.519+0000] {logging_mixin.py:150} INFO - [2023-08-02T10:54:16.519+0000] {dagbag.py:541} INFO - Filling up the DagBag from /home/airflow/.local/lib/python3.7/site-packages/airflow/example_dags/example_latest_only_with_trigger.py
[2023-08-02T10:54:16.526+0000] {processor.py:836} INFO - DAG(s) dict_keys(['latest_only_with_trigger']) retrieved from /home/airflow/.local/lib/python3.7/site-packages/airflow/example_dags/example_latest_only_with_trigger.py
[2023-08-02T10:54:16.548+0000] {logging_mixin.py:150} INFO - [2023-08-02T10:54:16.548+0000] {dag.py:2742} INFO - Sync 1 DAGs
[2023-08-02T10:54:16.564+0000] {logging_mixin.py:150} INFO - [2023-08-02T10:54:16.563+0000] {dag.py:3508} INFO - Setting next_dagrun for latest_only_with_trigger to 2023-08-02T06:54:16.563737+00:00, run_after=2023-08-02T10:54:16.563737+00:00
[2023-08-02T10:54:16.575+0000] {processor.py:179} INFO - Processing /home/airflow/.local/lib/python3.7/site-packages/airflow/example_dags/example_latest_only_with_trigger.py took 0.065 seconds
[2023-08-02T10:54:46.803+0000] {processor.py:157} INFO - Started process (PID=2041) to work on /home/airflow/.local/lib/python3.7/site-packages/airflow/example_dags/example_latest_only_with_trigger.py
[2023-08-02T10:54:46.805+0000] {processor.py:826} INFO - Processing file /home/airflow/.local/lib/python3.7/site-packages/airflow/example_dags/example_latest_only_with_trigger.py for tasks to queue
[2023-08-02T10:54:46.812+0000] {logging_mixin.py:150} INFO - [2023-08-02T10:54:46.812+0000] {dagbag.py:541} INFO - Filling up the DagBag from /home/airflow/.local/lib/python3.7/site-packages/airflow/example_dags/example_latest_only_with_trigger.py
[2023-08-02T10:54:46.818+0000] {processor.py:836} INFO - DAG(s) dict_keys(['latest_only_with_trigger']) retrieved from /home/airflow/.local/lib/python3.7/site-packages/airflow/example_dags/example_latest_only_with_trigger.py
[2023-08-02T10:54:46.838+0000] {logging_mixin.py:150} INFO - [2023-08-02T10:54:46.838+0000] {dag.py:2742} INFO - Sync 1 DAGs
[2023-08-02T10:54:46.854+0000] {logging_mixin.py:150} INFO - [2023-08-02T10:54:46.854+0000] {dag.py:3508} INFO - Setting next_dagrun for latest_only_with_trigger to 2023-08-02T06:54:46.854504+00:00, run_after=2023-08-02T10:54:46.854504+00:00
[2023-08-02T10:54:46.866+0000] {processor.py:179} INFO - Processing /home/airflow/.local/lib/python3.7/site-packages/airflow/example_dags/example_latest_only_with_trigger.py took 0.066 seconds
[2023-08-02T10:55:17.290+0000] {processor.py:157} INFO - Started process (PID=2098) to work on /home/airflow/.local/lib/python3.7/site-packages/airflow/example_dags/example_latest_only_with_trigger.py
[2023-08-02T10:55:17.291+0000] {processor.py:826} INFO - Processing file /home/airflow/.local/lib/python3.7/site-packages/airflow/example_dags/example_latest_only_with_trigger.py for tasks to queue
[2023-08-02T10:55:17.292+0000] {logging_mixin.py:150} INFO - [2023-08-02T10:55:17.292+0000] {dagbag.py:541} INFO - Filling up the DagBag from /home/airflow/.local/lib/python3.7/site-packages/airflow/example_dags/example_latest_only_with_trigger.py
[2023-08-02T10:55:17.298+0000] {processor.py:836} INFO - DAG(s) dict_keys(['latest_only_with_trigger']) retrieved from /home/airflow/.local/lib/python3.7/site-packages/airflow/example_dags/example_latest_only_with_trigger.py
[2023-08-02T10:55:17.323+0000] {logging_mixin.py:150} INFO - [2023-08-02T10:55:17.323+0000] {dag.py:2742} INFO - Sync 1 DAGs
[2023-08-02T10:55:17.342+0000] {logging_mixin.py:150} INFO - [2023-08-02T10:55:17.342+0000] {dag.py:3508} INFO - Setting next_dagrun for latest_only_with_trigger to 2023-08-02T06:55:17.342382+00:00, run_after=2023-08-02T10:55:17.342382+00:00
[2023-08-02T10:55:17.362+0000] {processor.py:179} INFO - Processing /home/airflow/.local/lib/python3.7/site-packages/airflow/example_dags/example_latest_only_with_trigger.py took 0.075 seconds
[2023-08-02T12:19:18.937+0000] {processor.py:157} INFO - Started process (PID=2156) to work on /home/airflow/.local/lib/python3.7/site-packages/airflow/example_dags/example_latest_only_with_trigger.py
[2023-08-02T12:19:18.940+0000] {processor.py:826} INFO - Processing file /home/airflow/.local/lib/python3.7/site-packages/airflow/example_dags/example_latest_only_with_trigger.py for tasks to queue
[2023-08-02T12:19:18.944+0000] {logging_mixin.py:150} INFO - [2023-08-02T12:19:18.944+0000] {dagbag.py:541} INFO - Filling up the DagBag from /home/airflow/.local/lib/python3.7/site-packages/airflow/example_dags/example_latest_only_with_trigger.py
[2023-08-02T12:19:18.956+0000] {processor.py:836} INFO - DAG(s) dict_keys(['latest_only_with_trigger']) retrieved from /home/airflow/.local/lib/python3.7/site-packages/airflow/example_dags/example_latest_only_with_trigger.py
[2023-08-02T12:19:18.995+0000] {logging_mixin.py:150} INFO - [2023-08-02T12:19:18.995+0000] {dag.py:2742} INFO - Sync 1 DAGs
[2023-08-02T12:19:19.028+0000] {logging_mixin.py:150} INFO - [2023-08-02T12:19:19.028+0000] {dag.py:3508} INFO - Setting next_dagrun for latest_only_with_trigger to 2023-08-02T08:19:19.027849+00:00, run_after=2023-08-02T12:19:19.027849+00:00
[2023-08-02T12:19:19.101+0000] {processor.py:179} INFO - Processing /home/airflow/.local/lib/python3.7/site-packages/airflow/example_dags/example_latest_only_with_trigger.py took 0.169 seconds
[2023-08-02T13:26:12.020+0000] {processor.py:157} INFO - Started process (PID=2213) to work on /home/airflow/.local/lib/python3.7/site-packages/airflow/example_dags/example_latest_only_with_trigger.py
[2023-08-02T13:26:12.022+0000] {processor.py:826} INFO - Processing file /home/airflow/.local/lib/python3.7/site-packages/airflow/example_dags/example_latest_only_with_trigger.py for tasks to queue
[2023-08-02T13:26:12.024+0000] {logging_mixin.py:150} INFO - [2023-08-02T13:26:12.023+0000] {dagbag.py:541} INFO - Filling up the DagBag from /home/airflow/.local/lib/python3.7/site-packages/airflow/example_dags/example_latest_only_with_trigger.py
[2023-08-02T13:26:12.030+0000] {processor.py:836} INFO - DAG(s) dict_keys(['latest_only_with_trigger']) retrieved from /home/airflow/.local/lib/python3.7/site-packages/airflow/example_dags/example_latest_only_with_trigger.py
[2023-08-02T13:26:12.052+0000] {logging_mixin.py:150} INFO - [2023-08-02T13:26:12.052+0000] {dag.py:2742} INFO - Sync 1 DAGs
[2023-08-02T13:26:12.072+0000] {logging_mixin.py:150} INFO - [2023-08-02T13:26:12.072+0000] {dag.py:3508} INFO - Setting next_dagrun for latest_only_with_trigger to 2023-08-02T09:26:12.072252+00:00, run_after=2023-08-02T13:26:12.072252+00:00
[2023-08-02T13:26:12.086+0000] {processor.py:179} INFO - Processing /home/airflow/.local/lib/python3.7/site-packages/airflow/example_dags/example_latest_only_with_trigger.py took 0.069 seconds
[2023-08-02T14:49:11.188+0000] {processor.py:157} INFO - Started process (PID=2271) to work on /home/airflow/.local/lib/python3.7/site-packages/airflow/example_dags/example_latest_only_with_trigger.py
[2023-08-02T14:49:11.192+0000] {processor.py:826} INFO - Processing file /home/airflow/.local/lib/python3.7/site-packages/airflow/example_dags/example_latest_only_with_trigger.py for tasks to queue
[2023-08-02T14:49:11.193+0000] {logging_mixin.py:150} INFO - [2023-08-02T14:49:11.193+0000] {dagbag.py:541} INFO - Filling up the DagBag from /home/airflow/.local/lib/python3.7/site-packages/airflow/example_dags/example_latest_only_with_trigger.py
[2023-08-02T14:49:11.199+0000] {processor.py:836} INFO - DAG(s) dict_keys(['latest_only_with_trigger']) retrieved from /home/airflow/.local/lib/python3.7/site-packages/airflow/example_dags/example_latest_only_with_trigger.py
[2023-08-02T14:49:11.224+0000] {logging_mixin.py:150} INFO - [2023-08-02T14:49:11.224+0000] {dag.py:2742} INFO - Sync 1 DAGs
[2023-08-02T14:49:11.243+0000] {logging_mixin.py:150} INFO - [2023-08-02T14:49:11.243+0000] {dag.py:3508} INFO - Setting next_dagrun for latest_only_with_trigger to 2023-08-02T10:49:11.243238+00:00, run_after=2023-08-02T14:49:11.243238+00:00
[2023-08-02T14:49:11.261+0000] {processor.py:179} INFO - Processing /home/airflow/.local/lib/python3.7/site-packages/airflow/example_dags/example_latest_only_with_trigger.py took 0.077 seconds
[2023-08-02T15:54:27.942+0000] {processor.py:157} INFO - Started process (PID=2327) to work on /home/airflow/.local/lib/python3.7/site-packages/airflow/example_dags/example_latest_only_with_trigger.py
[2023-08-02T15:54:27.945+0000] {processor.py:826} INFO - Processing file /home/airflow/.local/lib/python3.7/site-packages/airflow/example_dags/example_latest_only_with_trigger.py for tasks to queue
[2023-08-02T15:54:27.947+0000] {logging_mixin.py:150} INFO - [2023-08-02T15:54:27.947+0000] {dagbag.py:541} INFO - Filling up the DagBag from /home/airflow/.local/lib/python3.7/site-packages/airflow/example_dags/example_latest_only_with_trigger.py
[2023-08-02T15:54:27.965+0000] {processor.py:836} INFO - DAG(s) dict_keys(['latest_only_with_trigger']) retrieved from /home/airflow/.local/lib/python3.7/site-packages/airflow/example_dags/example_latest_only_with_trigger.py
[2023-08-02T15:54:27.991+0000] {logging_mixin.py:150} INFO - [2023-08-02T15:54:27.991+0000] {dag.py:2742} INFO - Sync 1 DAGs
[2023-08-02T15:54:28.009+0000] {logging_mixin.py:150} INFO - [2023-08-02T15:54:28.009+0000] {dag.py:3508} INFO - Setting next_dagrun for latest_only_with_trigger to 2023-08-02T11:54:28.009227+00:00, run_after=2023-08-02T15:54:28.009227+00:00
[2023-08-02T15:54:28.023+0000] {processor.py:179} INFO - Processing /home/airflow/.local/lib/python3.7/site-packages/airflow/example_dags/example_latest_only_with_trigger.py took 0.084 seconds
[2023-08-02T16:26:51.808+0000] {processor.py:157} INFO - Started process (PID=2384) to work on /home/airflow/.local/lib/python3.7/site-packages/airflow/example_dags/example_latest_only_with_trigger.py
[2023-08-02T16:26:51.810+0000] {processor.py:826} INFO - Processing file /home/airflow/.local/lib/python3.7/site-packages/airflow/example_dags/example_latest_only_with_trigger.py for tasks to queue
[2023-08-02T16:26:51.812+0000] {logging_mixin.py:150} INFO - [2023-08-02T16:26:51.811+0000] {dagbag.py:541} INFO - Filling up the DagBag from /home/airflow/.local/lib/python3.7/site-packages/airflow/example_dags/example_latest_only_with_trigger.py
[2023-08-02T16:26:51.819+0000] {processor.py:836} INFO - DAG(s) dict_keys(['latest_only_with_trigger']) retrieved from /home/airflow/.local/lib/python3.7/site-packages/airflow/example_dags/example_latest_only_with_trigger.py
[2023-08-02T16:26:51.849+0000] {logging_mixin.py:150} INFO - [2023-08-02T16:26:51.848+0000] {dag.py:2742} INFO - Sync 1 DAGs
[2023-08-02T16:26:51.867+0000] {logging_mixin.py:150} INFO - [2023-08-02T16:26:51.867+0000] {dag.py:3508} INFO - Setting next_dagrun for latest_only_with_trigger to 2023-08-02T12:26:51.867380+00:00, run_after=2023-08-02T16:26:51.867380+00:00
[2023-08-02T16:26:51.880+0000] {processor.py:179} INFO - Processing /home/airflow/.local/lib/python3.7/site-packages/airflow/example_dags/example_latest_only_with_trigger.py took 0.075 seconds
[2023-08-02T17:14:37.122+0000] {processor.py:157} INFO - Started process (PID=2442) to work on /home/airflow/.local/lib/python3.7/site-packages/airflow/example_dags/example_latest_only_with_trigger.py
[2023-08-02T17:14:37.124+0000] {processor.py:826} INFO - Processing file /home/airflow/.local/lib/python3.7/site-packages/airflow/example_dags/example_latest_only_with_trigger.py for tasks to queue
[2023-08-02T17:14:37.125+0000] {logging_mixin.py:150} INFO - [2023-08-02T17:14:37.125+0000] {dagbag.py:541} INFO - Filling up the DagBag from /home/airflow/.local/lib/python3.7/site-packages/airflow/example_dags/example_latest_only_with_trigger.py
[2023-08-02T17:14:37.131+0000] {processor.py:836} INFO - DAG(s) dict_keys(['latest_only_with_trigger']) retrieved from /home/airflow/.local/lib/python3.7/site-packages/airflow/example_dags/example_latest_only_with_trigger.py
[2023-08-02T17:14:37.156+0000] {logging_mixin.py:150} INFO - [2023-08-02T17:14:37.156+0000] {dag.py:2742} INFO - Sync 1 DAGs
[2023-08-02T17:14:37.178+0000] {logging_mixin.py:150} INFO - [2023-08-02T17:14:37.178+0000] {dag.py:3508} INFO - Setting next_dagrun for latest_only_with_trigger to 2023-08-02T13:14:37.178586+00:00, run_after=2023-08-02T17:14:37.178586+00:00
[2023-08-02T17:14:37.192+0000] {processor.py:179} INFO - Processing /home/airflow/.local/lib/python3.7/site-packages/airflow/example_dags/example_latest_only_with_trigger.py took 0.072 seconds
[2023-08-02T18:59:10.303+0000] {processor.py:157} INFO - Started process (PID=2499) to work on /home/airflow/.local/lib/python3.7/site-packages/airflow/example_dags/example_latest_only_with_trigger.py
[2023-08-02T18:59:10.312+0000] {processor.py:826} INFO - Processing file /home/airflow/.local/lib/python3.7/site-packages/airflow/example_dags/example_latest_only_with_trigger.py for tasks to queue
[2023-08-02T18:59:10.314+0000] {logging_mixin.py:150} INFO - [2023-08-02T18:59:10.313+0000] {dagbag.py:541} INFO - Filling up the DagBag from /home/airflow/.local/lib/python3.7/site-packages/airflow/example_dags/example_latest_only_with_trigger.py
[2023-08-02T18:59:10.319+0000] {processor.py:836} INFO - DAG(s) dict_keys(['latest_only_with_trigger']) retrieved from /home/airflow/.local/lib/python3.7/site-packages/airflow/example_dags/example_latest_only_with_trigger.py
[2023-08-02T18:59:10.340+0000] {logging_mixin.py:150} INFO - [2023-08-02T18:59:10.340+0000] {dag.py:2742} INFO - Sync 1 DAGs
[2023-08-02T18:59:10.357+0000] {logging_mixin.py:150} INFO - [2023-08-02T18:59:10.357+0000] {dag.py:3508} INFO - Setting next_dagrun for latest_only_with_trigger to 2023-08-02T14:59:10.356938+00:00, run_after=2023-08-02T18:59:10.356938+00:00
[2023-08-02T18:59:10.369+0000] {processor.py:179} INFO - Processing /home/airflow/.local/lib/python3.7/site-packages/airflow/example_dags/example_latest_only_with_trigger.py took 0.070 seconds
[2023-08-02T20:21:33.126+0000] {processor.py:157} INFO - Started process (PID=2557) to work on /home/airflow/.local/lib/python3.7/site-packages/airflow/example_dags/example_latest_only_with_trigger.py
[2023-08-02T20:21:33.129+0000] {processor.py:826} INFO - Processing file /home/airflow/.local/lib/python3.7/site-packages/airflow/example_dags/example_latest_only_with_trigger.py for tasks to queue
[2023-08-02T20:21:33.132+0000] {logging_mixin.py:150} INFO - [2023-08-02T20:21:33.132+0000] {dagbag.py:541} INFO - Filling up the DagBag from /home/airflow/.local/lib/python3.7/site-packages/airflow/example_dags/example_latest_only_with_trigger.py
[2023-08-02T20:21:33.140+0000] {processor.py:836} INFO - DAG(s) dict_keys(['latest_only_with_trigger']) retrieved from /home/airflow/.local/lib/python3.7/site-packages/airflow/example_dags/example_latest_only_with_trigger.py
[2023-08-02T20:21:33.163+0000] {logging_mixin.py:150} INFO - [2023-08-02T20:21:33.163+0000] {dag.py:2742} INFO - Sync 1 DAGs
[2023-08-02T20:21:33.182+0000] {logging_mixin.py:150} INFO - [2023-08-02T20:21:33.182+0000] {dag.py:3508} INFO - Setting next_dagrun for latest_only_with_trigger to 2023-08-02T16:21:33.181975+00:00, run_after=2023-08-02T20:21:33.181975+00:00
[2023-08-02T20:21:33.200+0000] {processor.py:179} INFO - Processing /home/airflow/.local/lib/python3.7/site-packages/airflow/example_dags/example_latest_only_with_trigger.py took 0.077 seconds
[2023-08-02T22:03:28.585+0000] {processor.py:157} INFO - Started process (PID=2614) to work on /home/airflow/.local/lib/python3.7/site-packages/airflow/example_dags/example_latest_only_with_trigger.py
[2023-08-02T22:03:28.588+0000] {processor.py:826} INFO - Processing file /home/airflow/.local/lib/python3.7/site-packages/airflow/example_dags/example_latest_only_with_trigger.py for tasks to queue
[2023-08-02T22:03:28.592+0000] {logging_mixin.py:150} INFO - [2023-08-02T22:03:28.592+0000] {dagbag.py:541} INFO - Filling up the DagBag from /home/airflow/.local/lib/python3.7/site-packages/airflow/example_dags/example_latest_only_with_trigger.py
[2023-08-02T22:03:28.600+0000] {processor.py:836} INFO - DAG(s) dict_keys(['latest_only_with_trigger']) retrieved from /home/airflow/.local/lib/python3.7/site-packages/airflow/example_dags/example_latest_only_with_trigger.py
[2023-08-02T22:03:28.622+0000] {logging_mixin.py:150} INFO - [2023-08-02T22:03:28.622+0000] {dag.py:2742} INFO - Sync 1 DAGs
[2023-08-02T22:03:28.641+0000] {logging_mixin.py:150} INFO - [2023-08-02T22:03:28.641+0000] {dag.py:3508} INFO - Setting next_dagrun for latest_only_with_trigger to 2023-08-02T18:03:28.641425+00:00, run_after=2023-08-02T22:03:28.641425+00:00
[2023-08-02T22:03:28.655+0000] {processor.py:179} INFO - Processing /home/airflow/.local/lib/python3.7/site-packages/airflow/example_dags/example_latest_only_with_trigger.py took 0.074 seconds
[2023-08-02T23:27:15.083+0000] {processor.py:157} INFO - Started process (PID=2671) to work on /home/airflow/.local/lib/python3.7/site-packages/airflow/example_dags/example_latest_only_with_trigger.py
[2023-08-02T23:27:15.085+0000] {processor.py:826} INFO - Processing file /home/airflow/.local/lib/python3.7/site-packages/airflow/example_dags/example_latest_only_with_trigger.py for tasks to queue
[2023-08-02T23:27:15.087+0000] {logging_mixin.py:150} INFO - [2023-08-02T23:27:15.087+0000] {dagbag.py:541} INFO - Filling up the DagBag from /home/airflow/.local/lib/python3.7/site-packages/airflow/example_dags/example_latest_only_with_trigger.py
[2023-08-02T23:27:15.095+0000] {processor.py:836} INFO - DAG(s) dict_keys(['latest_only_with_trigger']) retrieved from /home/airflow/.local/lib/python3.7/site-packages/airflow/example_dags/example_latest_only_with_trigger.py
[2023-08-02T23:27:15.119+0000] {logging_mixin.py:150} INFO - [2023-08-02T23:27:15.119+0000] {dag.py:2742} INFO - Sync 1 DAGs
[2023-08-02T23:27:15.137+0000] {logging_mixin.py:150} INFO - [2023-08-02T23:27:15.137+0000] {dag.py:3508} INFO - Setting next_dagrun for latest_only_with_trigger to 2023-08-02T19:27:15.137099+00:00, run_after=2023-08-02T23:27:15.137099+00:00
[2023-08-02T23:27:15.151+0000] {processor.py:179} INFO - Processing /home/airflow/.local/lib/python3.7/site-packages/airflow/example_dags/example_latest_only_with_trigger.py took 0.071 seconds
