[2023-08-02T10:37:06.050+0000] {processor.py:157} INFO - Started process (PID=72) to work on /home/airflow/.local/lib/python3.7/site-packages/airflow/example_dags/example_short_circuit_operator.py
[2023-08-02T10:37:06.053+0000] {processor.py:826} INFO - Processing file /home/airflow/.local/lib/python3.7/site-packages/airflow/example_dags/example_short_circuit_operator.py for tasks to queue
[2023-08-02T10:37:06.056+0000] {logging_mixin.py:150} INFO - [2023-08-02T10:37:06.055+0000] {dagbag.py:541} INFO - Filling up the DagBag from /home/airflow/.local/lib/python3.7/site-packages/airflow/example_dags/example_short_circuit_operator.py
[2023-08-02T10:37:06.084+0000] {processor.py:836} INFO - DAG(s) dict_keys(['example_short_circuit_operator']) retrieved from /home/airflow/.local/lib/python3.7/site-packages/airflow/example_dags/example_short_circuit_operator.py
[2023-08-02T10:37:06.101+0000] {logging_mixin.py:150} INFO - [2023-08-02T10:37:06.101+0000] {dag.py:2742} INFO - Sync 1 DAGs
[2023-08-02T10:37:06.142+0000] {logging_mixin.py:150} INFO - [2023-08-02T10:37:06.142+0000] {dag.py:3508} INFO - Setting next_dagrun for example_short_circuit_operator to 2023-08-01T10:37:06.141861+00:00, run_after=2023-08-02T10:37:06.141861+00:00
[2023-08-02T10:37:06.213+0000] {processor.py:179} INFO - Processing /home/airflow/.local/lib/python3.7/site-packages/airflow/example_dags/example_short_circuit_operator.py took 0.172 seconds
[2023-08-02T10:37:36.401+0000] {processor.py:157} INFO - Started process (PID=129) to work on /home/airflow/.local/lib/python3.7/site-packages/airflow/example_dags/example_short_circuit_operator.py
[2023-08-02T10:37:36.403+0000] {processor.py:826} INFO - Processing file /home/airflow/.local/lib/python3.7/site-packages/airflow/example_dags/example_short_circuit_operator.py for tasks to queue
[2023-08-02T10:37:36.405+0000] {logging_mixin.py:150} INFO - [2023-08-02T10:37:36.404+0000] {dagbag.py:541} INFO - Filling up the DagBag from /home/airflow/.local/lib/python3.7/site-packages/airflow/example_dags/example_short_circuit_operator.py
[2023-08-02T10:37:36.412+0000] {processor.py:836} INFO - DAG(s) dict_keys(['example_short_circuit_operator']) retrieved from /home/airflow/.local/lib/python3.7/site-packages/airflow/example_dags/example_short_circuit_operator.py
[2023-08-02T10:37:36.434+0000] {logging_mixin.py:150} INFO - [2023-08-02T10:37:36.433+0000] {dag.py:2742} INFO - Sync 1 DAGs
[2023-08-02T10:37:36.451+0000] {logging_mixin.py:150} INFO - [2023-08-02T10:37:36.451+0000] {dag.py:3508} INFO - Setting next_dagrun for example_short_circuit_operator to 2023-08-01T10:37:36.451572+00:00, run_after=2023-08-02T10:37:36.451572+00:00
[2023-08-02T10:37:36.468+0000] {processor.py:179} INFO - Processing /home/airflow/.local/lib/python3.7/site-packages/airflow/example_dags/example_short_circuit_operator.py took 0.070 seconds
[2023-08-02T10:38:06.738+0000] {processor.py:157} INFO - Started process (PID=186) to work on /home/airflow/.local/lib/python3.7/site-packages/airflow/example_dags/example_short_circuit_operator.py
[2023-08-02T10:38:06.750+0000] {processor.py:826} INFO - Processing file /home/airflow/.local/lib/python3.7/site-packages/airflow/example_dags/example_short_circuit_operator.py for tasks to queue
[2023-08-02T10:38:06.752+0000] {logging_mixin.py:150} INFO - [2023-08-02T10:38:06.752+0000] {dagbag.py:541} INFO - Filling up the DagBag from /home/airflow/.local/lib/python3.7/site-packages/airflow/example_dags/example_short_circuit_operator.py
[2023-08-02T10:38:06.759+0000] {processor.py:836} INFO - DAG(s) dict_keys(['example_short_circuit_operator']) retrieved from /home/airflow/.local/lib/python3.7/site-packages/airflow/example_dags/example_short_circuit_operator.py
[2023-08-02T10:38:06.782+0000] {logging_mixin.py:150} INFO - [2023-08-02T10:38:06.782+0000] {dag.py:2742} INFO - Sync 1 DAGs
[2023-08-02T10:38:06.806+0000] {logging_mixin.py:150} INFO - [2023-08-02T10:38:06.806+0000] {dag.py:3508} INFO - Setting next_dagrun for example_short_circuit_operator to 2023-08-01T10:38:06.806482+00:00, run_after=2023-08-02T10:38:06.806482+00:00
[2023-08-02T10:38:06.864+0000] {processor.py:179} INFO - Processing /home/airflow/.local/lib/python3.7/site-packages/airflow/example_dags/example_short_circuit_operator.py took 0.129 seconds
[2023-08-02T10:38:37.280+0000] {processor.py:157} INFO - Started process (PID=243) to work on /home/airflow/.local/lib/python3.7/site-packages/airflow/example_dags/example_short_circuit_operator.py
[2023-08-02T10:38:37.282+0000] {processor.py:826} INFO - Processing file /home/airflow/.local/lib/python3.7/site-packages/airflow/example_dags/example_short_circuit_operator.py for tasks to queue
[2023-08-02T10:38:37.283+0000] {logging_mixin.py:150} INFO - [2023-08-02T10:38:37.283+0000] {dagbag.py:541} INFO - Filling up the DagBag from /home/airflow/.local/lib/python3.7/site-packages/airflow/example_dags/example_short_circuit_operator.py
[2023-08-02T10:38:37.290+0000] {processor.py:836} INFO - DAG(s) dict_keys(['example_short_circuit_operator']) retrieved from /home/airflow/.local/lib/python3.7/site-packages/airflow/example_dags/example_short_circuit_operator.py
[2023-08-02T10:38:37.313+0000] {logging_mixin.py:150} INFO - [2023-08-02T10:38:37.313+0000] {dag.py:2742} INFO - Sync 1 DAGs
[2023-08-02T10:38:37.330+0000] {logging_mixin.py:150} INFO - [2023-08-02T10:38:37.330+0000] {dag.py:3508} INFO - Setting next_dagrun for example_short_circuit_operator to 2023-08-01T10:38:37.330418+00:00, run_after=2023-08-02T10:38:37.330418+00:00
[2023-08-02T10:38:37.349+0000] {processor.py:179} INFO - Processing /home/airflow/.local/lib/python3.7/site-packages/airflow/example_dags/example_short_circuit_operator.py took 0.074 seconds
[2023-08-02T10:39:07.742+0000] {processor.py:157} INFO - Started process (PID=300) to work on /home/airflow/.local/lib/python3.7/site-packages/airflow/example_dags/example_short_circuit_operator.py
[2023-08-02T10:39:07.745+0000] {processor.py:826} INFO - Processing file /home/airflow/.local/lib/python3.7/site-packages/airflow/example_dags/example_short_circuit_operator.py for tasks to queue
[2023-08-02T10:39:07.747+0000] {logging_mixin.py:150} INFO - [2023-08-02T10:39:07.746+0000] {dagbag.py:541} INFO - Filling up the DagBag from /home/airflow/.local/lib/python3.7/site-packages/airflow/example_dags/example_short_circuit_operator.py
[2023-08-02T10:39:07.763+0000] {processor.py:836} INFO - DAG(s) dict_keys(['example_short_circuit_operator']) retrieved from /home/airflow/.local/lib/python3.7/site-packages/airflow/example_dags/example_short_circuit_operator.py
[2023-08-02T10:39:07.790+0000] {logging_mixin.py:150} INFO - [2023-08-02T10:39:07.790+0000] {dag.py:2742} INFO - Sync 1 DAGs
[2023-08-02T10:39:07.809+0000] {logging_mixin.py:150} INFO - [2023-08-02T10:39:07.809+0000] {dag.py:3508} INFO - Setting next_dagrun for example_short_circuit_operator to 2023-08-01T10:39:07.808964+00:00, run_after=2023-08-02T10:39:07.808964+00:00
[2023-08-02T10:39:07.825+0000] {processor.py:179} INFO - Processing /home/airflow/.local/lib/python3.7/site-packages/airflow/example_dags/example_short_circuit_operator.py took 0.086 seconds
[2023-08-02T10:39:37.973+0000] {processor.py:157} INFO - Started process (PID=357) to work on /home/airflow/.local/lib/python3.7/site-packages/airflow/example_dags/example_short_circuit_operator.py
[2023-08-02T10:39:37.975+0000] {processor.py:826} INFO - Processing file /home/airflow/.local/lib/python3.7/site-packages/airflow/example_dags/example_short_circuit_operator.py for tasks to queue
[2023-08-02T10:39:37.977+0000] {logging_mixin.py:150} INFO - [2023-08-02T10:39:37.977+0000] {dagbag.py:541} INFO - Filling up the DagBag from /home/airflow/.local/lib/python3.7/site-packages/airflow/example_dags/example_short_circuit_operator.py
[2023-08-02T10:39:37.984+0000] {processor.py:836} INFO - DAG(s) dict_keys(['example_short_circuit_operator']) retrieved from /home/airflow/.local/lib/python3.7/site-packages/airflow/example_dags/example_short_circuit_operator.py
[2023-08-02T10:39:38.016+0000] {logging_mixin.py:150} INFO - [2023-08-02T10:39:38.016+0000] {dag.py:2742} INFO - Sync 1 DAGs
[2023-08-02T10:39:38.034+0000] {logging_mixin.py:150} INFO - [2023-08-02T10:39:38.034+0000] {dag.py:3508} INFO - Setting next_dagrun for example_short_circuit_operator to 2023-08-01T10:39:38.034543+00:00, run_after=2023-08-02T10:39:38.034543+00:00
[2023-08-02T10:39:38.048+0000] {processor.py:179} INFO - Processing /home/airflow/.local/lib/python3.7/site-packages/airflow/example_dags/example_short_circuit_operator.py took 0.078 seconds
[2023-08-02T10:40:08.376+0000] {processor.py:157} INFO - Started process (PID=413) to work on /home/airflow/.local/lib/python3.7/site-packages/airflow/example_dags/example_short_circuit_operator.py
[2023-08-02T10:40:08.377+0000] {processor.py:826} INFO - Processing file /home/airflow/.local/lib/python3.7/site-packages/airflow/example_dags/example_short_circuit_operator.py for tasks to queue
[2023-08-02T10:40:08.378+0000] {logging_mixin.py:150} INFO - [2023-08-02T10:40:08.378+0000] {dagbag.py:541} INFO - Filling up the DagBag from /home/airflow/.local/lib/python3.7/site-packages/airflow/example_dags/example_short_circuit_operator.py
[2023-08-02T10:40:08.385+0000] {processor.py:836} INFO - DAG(s) dict_keys(['example_short_circuit_operator']) retrieved from /home/airflow/.local/lib/python3.7/site-packages/airflow/example_dags/example_short_circuit_operator.py
[2023-08-02T10:40:08.410+0000] {logging_mixin.py:150} INFO - [2023-08-02T10:40:08.410+0000] {dag.py:2742} INFO - Sync 1 DAGs
[2023-08-02T10:40:08.431+0000] {logging_mixin.py:150} INFO - [2023-08-02T10:40:08.431+0000] {dag.py:3508} INFO - Setting next_dagrun for example_short_circuit_operator to 2023-08-01T10:40:08.431198+00:00, run_after=2023-08-02T10:40:08.431198+00:00
[2023-08-02T10:40:08.452+0000] {processor.py:179} INFO - Processing /home/airflow/.local/lib/python3.7/site-packages/airflow/example_dags/example_short_circuit_operator.py took 0.079 seconds
[2023-08-02T10:40:38.938+0000] {processor.py:157} INFO - Started process (PID=470) to work on /home/airflow/.local/lib/python3.7/site-packages/airflow/example_dags/example_short_circuit_operator.py
[2023-08-02T10:40:38.941+0000] {processor.py:826} INFO - Processing file /home/airflow/.local/lib/python3.7/site-packages/airflow/example_dags/example_short_circuit_operator.py for tasks to queue
[2023-08-02T10:40:38.942+0000] {logging_mixin.py:150} INFO - [2023-08-02T10:40:38.942+0000] {dagbag.py:541} INFO - Filling up the DagBag from /home/airflow/.local/lib/python3.7/site-packages/airflow/example_dags/example_short_circuit_operator.py
[2023-08-02T10:40:38.950+0000] {processor.py:836} INFO - DAG(s) dict_keys(['example_short_circuit_operator']) retrieved from /home/airflow/.local/lib/python3.7/site-packages/airflow/example_dags/example_short_circuit_operator.py
[2023-08-02T10:40:38.975+0000] {logging_mixin.py:150} INFO - [2023-08-02T10:40:38.975+0000] {dag.py:2742} INFO - Sync 1 DAGs
[2023-08-02T10:40:38.992+0000] {logging_mixin.py:150} INFO - [2023-08-02T10:40:38.992+0000] {dag.py:3508} INFO - Setting next_dagrun for example_short_circuit_operator to 2023-08-01T10:40:38.992376+00:00, run_after=2023-08-02T10:40:38.992376+00:00
[2023-08-02T10:40:39.005+0000] {processor.py:179} INFO - Processing /home/airflow/.local/lib/python3.7/site-packages/airflow/example_dags/example_short_circuit_operator.py took 0.070 seconds
[2023-08-02T10:41:09.509+0000] {processor.py:157} INFO - Started process (PID=527) to work on /home/airflow/.local/lib/python3.7/site-packages/airflow/example_dags/example_short_circuit_operator.py
[2023-08-02T10:41:09.511+0000] {processor.py:826} INFO - Processing file /home/airflow/.local/lib/python3.7/site-packages/airflow/example_dags/example_short_circuit_operator.py for tasks to queue
[2023-08-02T10:41:09.512+0000] {logging_mixin.py:150} INFO - [2023-08-02T10:41:09.512+0000] {dagbag.py:541} INFO - Filling up the DagBag from /home/airflow/.local/lib/python3.7/site-packages/airflow/example_dags/example_short_circuit_operator.py
[2023-08-02T10:41:09.519+0000] {processor.py:836} INFO - DAG(s) dict_keys(['example_short_circuit_operator']) retrieved from /home/airflow/.local/lib/python3.7/site-packages/airflow/example_dags/example_short_circuit_operator.py
[2023-08-02T10:41:09.541+0000] {logging_mixin.py:150} INFO - [2023-08-02T10:41:09.541+0000] {dag.py:2742} INFO - Sync 1 DAGs
[2023-08-02T10:41:09.559+0000] {logging_mixin.py:150} INFO - [2023-08-02T10:41:09.559+0000] {dag.py:3508} INFO - Setting next_dagrun for example_short_circuit_operator to 2023-08-01T10:41:09.559406+00:00, run_after=2023-08-02T10:41:09.559406+00:00
[2023-08-02T10:41:09.574+0000] {processor.py:179} INFO - Processing /home/airflow/.local/lib/python3.7/site-packages/airflow/example_dags/example_short_circuit_operator.py took 0.069 seconds
[2023-08-02T10:41:40.110+0000] {processor.py:157} INFO - Started process (PID=584) to work on /home/airflow/.local/lib/python3.7/site-packages/airflow/example_dags/example_short_circuit_operator.py
[2023-08-02T10:41:40.112+0000] {processor.py:826} INFO - Processing file /home/airflow/.local/lib/python3.7/site-packages/airflow/example_dags/example_short_circuit_operator.py for tasks to queue
[2023-08-02T10:41:40.113+0000] {logging_mixin.py:150} INFO - [2023-08-02T10:41:40.113+0000] {dagbag.py:541} INFO - Filling up the DagBag from /home/airflow/.local/lib/python3.7/site-packages/airflow/example_dags/example_short_circuit_operator.py
[2023-08-02T10:41:40.121+0000] {processor.py:836} INFO - DAG(s) dict_keys(['example_short_circuit_operator']) retrieved from /home/airflow/.local/lib/python3.7/site-packages/airflow/example_dags/example_short_circuit_operator.py
[2023-08-02T10:41:40.143+0000] {logging_mixin.py:150} INFO - [2023-08-02T10:41:40.143+0000] {dag.py:2742} INFO - Sync 1 DAGs
[2023-08-02T10:41:40.162+0000] {logging_mixin.py:150} INFO - [2023-08-02T10:41:40.162+0000] {dag.py:3508} INFO - Setting next_dagrun for example_short_circuit_operator to 2023-08-01T10:41:40.161883+00:00, run_after=2023-08-02T10:41:40.161883+00:00
[2023-08-02T10:41:40.174+0000] {processor.py:179} INFO - Processing /home/airflow/.local/lib/python3.7/site-packages/airflow/example_dags/example_short_circuit_operator.py took 0.068 seconds
[2023-08-02T10:42:10.750+0000] {processor.py:157} INFO - Started process (PID=641) to work on /home/airflow/.local/lib/python3.7/site-packages/airflow/example_dags/example_short_circuit_operator.py
[2023-08-02T10:42:10.752+0000] {processor.py:826} INFO - Processing file /home/airflow/.local/lib/python3.7/site-packages/airflow/example_dags/example_short_circuit_operator.py for tasks to queue
[2023-08-02T10:42:10.753+0000] {logging_mixin.py:150} INFO - [2023-08-02T10:42:10.753+0000] {dagbag.py:541} INFO - Filling up the DagBag from /home/airflow/.local/lib/python3.7/site-packages/airflow/example_dags/example_short_circuit_operator.py
[2023-08-02T10:42:10.761+0000] {processor.py:836} INFO - DAG(s) dict_keys(['example_short_circuit_operator']) retrieved from /home/airflow/.local/lib/python3.7/site-packages/airflow/example_dags/example_short_circuit_operator.py
[2023-08-02T10:42:10.787+0000] {logging_mixin.py:150} INFO - [2023-08-02T10:42:10.787+0000] {dag.py:2742} INFO - Sync 1 DAGs
[2023-08-02T10:42:10.805+0000] {logging_mixin.py:150} INFO - [2023-08-02T10:42:10.804+0000] {dag.py:3508} INFO - Setting next_dagrun for example_short_circuit_operator to 2023-08-01T10:42:10.804723+00:00, run_after=2023-08-02T10:42:10.804723+00:00
[2023-08-02T10:42:10.821+0000] {processor.py:179} INFO - Processing /home/airflow/.local/lib/python3.7/site-packages/airflow/example_dags/example_short_circuit_operator.py took 0.075 seconds
[2023-08-02T10:42:41.179+0000] {processor.py:157} INFO - Started process (PID=697) to work on /home/airflow/.local/lib/python3.7/site-packages/airflow/example_dags/example_short_circuit_operator.py
[2023-08-02T10:42:41.182+0000] {processor.py:826} INFO - Processing file /home/airflow/.local/lib/python3.7/site-packages/airflow/example_dags/example_short_circuit_operator.py for tasks to queue
[2023-08-02T10:42:41.183+0000] {logging_mixin.py:150} INFO - [2023-08-02T10:42:41.183+0000] {dagbag.py:541} INFO - Filling up the DagBag from /home/airflow/.local/lib/python3.7/site-packages/airflow/example_dags/example_short_circuit_operator.py
[2023-08-02T10:42:41.191+0000] {processor.py:836} INFO - DAG(s) dict_keys(['example_short_circuit_operator']) retrieved from /home/airflow/.local/lib/python3.7/site-packages/airflow/example_dags/example_short_circuit_operator.py
[2023-08-02T10:42:41.215+0000] {logging_mixin.py:150} INFO - [2023-08-02T10:42:41.215+0000] {dag.py:2742} INFO - Sync 1 DAGs
[2023-08-02T10:42:41.303+0000] {logging_mixin.py:150} INFO - [2023-08-02T10:42:41.303+0000] {dag.py:3508} INFO - Setting next_dagrun for example_short_circuit_operator to 2023-08-01T10:42:41.303523+00:00, run_after=2023-08-02T10:42:41.303523+00:00
[2023-08-02T10:42:41.319+0000] {processor.py:179} INFO - Processing /home/airflow/.local/lib/python3.7/site-packages/airflow/example_dags/example_short_circuit_operator.py took 0.143 seconds
[2023-08-02T10:43:11.717+0000] {processor.py:157} INFO - Started process (PID=754) to work on /home/airflow/.local/lib/python3.7/site-packages/airflow/example_dags/example_short_circuit_operator.py
[2023-08-02T10:43:11.719+0000] {processor.py:826} INFO - Processing file /home/airflow/.local/lib/python3.7/site-packages/airflow/example_dags/example_short_circuit_operator.py for tasks to queue
[2023-08-02T10:43:11.721+0000] {logging_mixin.py:150} INFO - [2023-08-02T10:43:11.720+0000] {dagbag.py:541} INFO - Filling up the DagBag from /home/airflow/.local/lib/python3.7/site-packages/airflow/example_dags/example_short_circuit_operator.py
[2023-08-02T10:43:11.730+0000] {processor.py:836} INFO - DAG(s) dict_keys(['example_short_circuit_operator']) retrieved from /home/airflow/.local/lib/python3.7/site-packages/airflow/example_dags/example_short_circuit_operator.py
[2023-08-02T10:43:11.766+0000] {logging_mixin.py:150} INFO - [2023-08-02T10:43:11.766+0000] {dag.py:2742} INFO - Sync 1 DAGs
[2023-08-02T10:43:11.795+0000] {logging_mixin.py:150} INFO - [2023-08-02T10:43:11.795+0000] {dag.py:3508} INFO - Setting next_dagrun for example_short_circuit_operator to 2023-08-01T10:43:11.794851+00:00, run_after=2023-08-02T10:43:11.794851+00:00
[2023-08-02T10:43:11.812+0000] {processor.py:179} INFO - Processing /home/airflow/.local/lib/python3.7/site-packages/airflow/example_dags/example_short_circuit_operator.py took 0.096 seconds
[2023-08-02T10:43:41.946+0000] {processor.py:157} INFO - Started process (PID=811) to work on /home/airflow/.local/lib/python3.7/site-packages/airflow/example_dags/example_short_circuit_operator.py
[2023-08-02T10:43:41.948+0000] {processor.py:826} INFO - Processing file /home/airflow/.local/lib/python3.7/site-packages/airflow/example_dags/example_short_circuit_operator.py for tasks to queue
[2023-08-02T10:43:41.950+0000] {logging_mixin.py:150} INFO - [2023-08-02T10:43:41.949+0000] {dagbag.py:541} INFO - Filling up the DagBag from /home/airflow/.local/lib/python3.7/site-packages/airflow/example_dags/example_short_circuit_operator.py
[2023-08-02T10:43:41.957+0000] {processor.py:836} INFO - DAG(s) dict_keys(['example_short_circuit_operator']) retrieved from /home/airflow/.local/lib/python3.7/site-packages/airflow/example_dags/example_short_circuit_operator.py
[2023-08-02T10:43:41.979+0000] {logging_mixin.py:150} INFO - [2023-08-02T10:43:41.979+0000] {dag.py:2742} INFO - Sync 1 DAGs
[2023-08-02T10:43:41.997+0000] {logging_mixin.py:150} INFO - [2023-08-02T10:43:41.997+0000] {dag.py:3508} INFO - Setting next_dagrun for example_short_circuit_operator to 2023-08-01T10:43:41.997000+00:00, run_after=2023-08-02T10:43:41.997000+00:00
[2023-08-02T10:43:42.011+0000] {processor.py:179} INFO - Processing /home/airflow/.local/lib/python3.7/site-packages/airflow/example_dags/example_short_circuit_operator.py took 0.069 seconds
[2023-08-02T10:44:12.277+0000] {processor.py:157} INFO - Started process (PID=867) to work on /home/airflow/.local/lib/python3.7/site-packages/airflow/example_dags/example_short_circuit_operator.py
[2023-08-02T10:44:12.279+0000] {processor.py:826} INFO - Processing file /home/airflow/.local/lib/python3.7/site-packages/airflow/example_dags/example_short_circuit_operator.py for tasks to queue
[2023-08-02T10:44:12.280+0000] {logging_mixin.py:150} INFO - [2023-08-02T10:44:12.280+0000] {dagbag.py:541} INFO - Filling up the DagBag from /home/airflow/.local/lib/python3.7/site-packages/airflow/example_dags/example_short_circuit_operator.py
[2023-08-02T10:44:12.289+0000] {processor.py:836} INFO - DAG(s) dict_keys(['example_short_circuit_operator']) retrieved from /home/airflow/.local/lib/python3.7/site-packages/airflow/example_dags/example_short_circuit_operator.py
[2023-08-02T10:44:12.369+0000] {logging_mixin.py:150} INFO - [2023-08-02T10:44:12.369+0000] {dag.py:2742} INFO - Sync 1 DAGs
[2023-08-02T10:44:12.389+0000] {logging_mixin.py:150} INFO - [2023-08-02T10:44:12.389+0000] {dag.py:3508} INFO - Setting next_dagrun for example_short_circuit_operator to 2023-08-01T10:44:12.388883+00:00, run_after=2023-08-02T10:44:12.388883+00:00
[2023-08-02T10:44:12.404+0000] {processor.py:179} INFO - Processing /home/airflow/.local/lib/python3.7/site-packages/airflow/example_dags/example_short_circuit_operator.py took 0.130 seconds
[2023-08-02T10:44:43.060+0000] {processor.py:157} INFO - Started process (PID=924) to work on /home/airflow/.local/lib/python3.7/site-packages/airflow/example_dags/example_short_circuit_operator.py
[2023-08-02T10:44:43.062+0000] {processor.py:826} INFO - Processing file /home/airflow/.local/lib/python3.7/site-packages/airflow/example_dags/example_short_circuit_operator.py for tasks to queue
[2023-08-02T10:44:43.063+0000] {logging_mixin.py:150} INFO - [2023-08-02T10:44:43.063+0000] {dagbag.py:541} INFO - Filling up the DagBag from /home/airflow/.local/lib/python3.7/site-packages/airflow/example_dags/example_short_circuit_operator.py
[2023-08-02T10:44:43.074+0000] {processor.py:836} INFO - DAG(s) dict_keys(['example_short_circuit_operator']) retrieved from /home/airflow/.local/lib/python3.7/site-packages/airflow/example_dags/example_short_circuit_operator.py
[2023-08-02T10:44:43.097+0000] {logging_mixin.py:150} INFO - [2023-08-02T10:44:43.097+0000] {dag.py:2742} INFO - Sync 1 DAGs
[2023-08-02T10:44:43.117+0000] {logging_mixin.py:150} INFO - [2023-08-02T10:44:43.117+0000] {dag.py:3508} INFO - Setting next_dagrun for example_short_circuit_operator to 2023-08-01T10:44:43.116990+00:00, run_after=2023-08-02T10:44:43.116990+00:00
[2023-08-02T10:44:43.132+0000] {processor.py:179} INFO - Processing /home/airflow/.local/lib/python3.7/site-packages/airflow/example_dags/example_short_circuit_operator.py took 0.075 seconds
[2023-08-02T10:45:14.016+0000] {processor.py:157} INFO - Started process (PID=981) to work on /home/airflow/.local/lib/python3.7/site-packages/airflow/example_dags/example_short_circuit_operator.py
[2023-08-02T10:45:14.035+0000] {processor.py:826} INFO - Processing file /home/airflow/.local/lib/python3.7/site-packages/airflow/example_dags/example_short_circuit_operator.py for tasks to queue
[2023-08-02T10:45:14.036+0000] {logging_mixin.py:150} INFO - [2023-08-02T10:45:14.036+0000] {dagbag.py:541} INFO - Filling up the DagBag from /home/airflow/.local/lib/python3.7/site-packages/airflow/example_dags/example_short_circuit_operator.py
[2023-08-02T10:45:14.043+0000] {processor.py:836} INFO - DAG(s) dict_keys(['example_short_circuit_operator']) retrieved from /home/airflow/.local/lib/python3.7/site-packages/airflow/example_dags/example_short_circuit_operator.py
[2023-08-02T10:45:14.066+0000] {logging_mixin.py:150} INFO - [2023-08-02T10:45:14.066+0000] {dag.py:2742} INFO - Sync 1 DAGs
[2023-08-02T10:45:14.083+0000] {logging_mixin.py:150} INFO - [2023-08-02T10:45:14.083+0000] {dag.py:3508} INFO - Setting next_dagrun for example_short_circuit_operator to 2023-08-01T10:45:14.083390+00:00, run_after=2023-08-02T10:45:14.083390+00:00
[2023-08-02T10:45:14.096+0000] {processor.py:179} INFO - Processing /home/airflow/.local/lib/python3.7/site-packages/airflow/example_dags/example_short_circuit_operator.py took 0.084 seconds
[2023-08-02T10:45:44.284+0000] {processor.py:157} INFO - Started process (PID=1038) to work on /home/airflow/.local/lib/python3.7/site-packages/airflow/example_dags/example_short_circuit_operator.py
[2023-08-02T10:45:44.286+0000] {processor.py:826} INFO - Processing file /home/airflow/.local/lib/python3.7/site-packages/airflow/example_dags/example_short_circuit_operator.py for tasks to queue
[2023-08-02T10:45:44.290+0000] {logging_mixin.py:150} INFO - [2023-08-02T10:45:44.290+0000] {dagbag.py:541} INFO - Filling up the DagBag from /home/airflow/.local/lib/python3.7/site-packages/airflow/example_dags/example_short_circuit_operator.py
[2023-08-02T10:45:44.297+0000] {processor.py:836} INFO - DAG(s) dict_keys(['example_short_circuit_operator']) retrieved from /home/airflow/.local/lib/python3.7/site-packages/airflow/example_dags/example_short_circuit_operator.py
[2023-08-02T10:45:44.319+0000] {logging_mixin.py:150} INFO - [2023-08-02T10:45:44.319+0000] {dag.py:2742} INFO - Sync 1 DAGs
[2023-08-02T10:45:44.338+0000] {logging_mixin.py:150} INFO - [2023-08-02T10:45:44.338+0000] {dag.py:3508} INFO - Setting next_dagrun for example_short_circuit_operator to 2023-08-01T10:45:44.338462+00:00, run_after=2023-08-02T10:45:44.338462+00:00
[2023-08-02T10:45:44.354+0000] {processor.py:179} INFO - Processing /home/airflow/.local/lib/python3.7/site-packages/airflow/example_dags/example_short_circuit_operator.py took 0.073 seconds
[2023-08-02T10:46:14.785+0000] {processor.py:157} INFO - Started process (PID=1095) to work on /home/airflow/.local/lib/python3.7/site-packages/airflow/example_dags/example_short_circuit_operator.py
[2023-08-02T10:46:14.788+0000] {processor.py:826} INFO - Processing file /home/airflow/.local/lib/python3.7/site-packages/airflow/example_dags/example_short_circuit_operator.py for tasks to queue
[2023-08-02T10:46:14.789+0000] {logging_mixin.py:150} INFO - [2023-08-02T10:46:14.789+0000] {dagbag.py:541} INFO - Filling up the DagBag from /home/airflow/.local/lib/python3.7/site-packages/airflow/example_dags/example_short_circuit_operator.py
[2023-08-02T10:46:14.796+0000] {processor.py:836} INFO - DAG(s) dict_keys(['example_short_circuit_operator']) retrieved from /home/airflow/.local/lib/python3.7/site-packages/airflow/example_dags/example_short_circuit_operator.py
[2023-08-02T10:46:14.820+0000] {logging_mixin.py:150} INFO - [2023-08-02T10:46:14.819+0000] {dag.py:2742} INFO - Sync 1 DAGs
[2023-08-02T10:46:14.841+0000] {logging_mixin.py:150} INFO - [2023-08-02T10:46:14.841+0000] {dag.py:3508} INFO - Setting next_dagrun for example_short_circuit_operator to 2023-08-01T10:46:14.840964+00:00, run_after=2023-08-02T10:46:14.840964+00:00
[2023-08-02T10:46:14.865+0000] {processor.py:179} INFO - Processing /home/airflow/.local/lib/python3.7/site-packages/airflow/example_dags/example_short_circuit_operator.py took 0.083 seconds
[2023-08-02T10:46:45.496+0000] {processor.py:157} INFO - Started process (PID=1152) to work on /home/airflow/.local/lib/python3.7/site-packages/airflow/example_dags/example_short_circuit_operator.py
[2023-08-02T10:46:45.497+0000] {processor.py:826} INFO - Processing file /home/airflow/.local/lib/python3.7/site-packages/airflow/example_dags/example_short_circuit_operator.py for tasks to queue
[2023-08-02T10:46:45.498+0000] {logging_mixin.py:150} INFO - [2023-08-02T10:46:45.498+0000] {dagbag.py:541} INFO - Filling up the DagBag from /home/airflow/.local/lib/python3.7/site-packages/airflow/example_dags/example_short_circuit_operator.py
[2023-08-02T10:46:45.506+0000] {processor.py:836} INFO - DAG(s) dict_keys(['example_short_circuit_operator']) retrieved from /home/airflow/.local/lib/python3.7/site-packages/airflow/example_dags/example_short_circuit_operator.py
[2023-08-02T10:46:45.531+0000] {logging_mixin.py:150} INFO - [2023-08-02T10:46:45.531+0000] {dag.py:2742} INFO - Sync 1 DAGs
[2023-08-02T10:46:45.548+0000] {logging_mixin.py:150} INFO - [2023-08-02T10:46:45.548+0000] {dag.py:3508} INFO - Setting next_dagrun for example_short_circuit_operator to 2023-08-01T10:46:45.548601+00:00, run_after=2023-08-02T10:46:45.548601+00:00
[2023-08-02T10:46:45.563+0000] {processor.py:179} INFO - Processing /home/airflow/.local/lib/python3.7/site-packages/airflow/example_dags/example_short_circuit_operator.py took 0.071 seconds
[2023-08-02T10:47:15.748+0000] {processor.py:157} INFO - Started process (PID=1209) to work on /home/airflow/.local/lib/python3.7/site-packages/airflow/example_dags/example_short_circuit_operator.py
[2023-08-02T10:47:15.751+0000] {processor.py:826} INFO - Processing file /home/airflow/.local/lib/python3.7/site-packages/airflow/example_dags/example_short_circuit_operator.py for tasks to queue
[2023-08-02T10:47:15.752+0000] {logging_mixin.py:150} INFO - [2023-08-02T10:47:15.752+0000] {dagbag.py:541} INFO - Filling up the DagBag from /home/airflow/.local/lib/python3.7/site-packages/airflow/example_dags/example_short_circuit_operator.py
[2023-08-02T10:47:15.759+0000] {processor.py:836} INFO - DAG(s) dict_keys(['example_short_circuit_operator']) retrieved from /home/airflow/.local/lib/python3.7/site-packages/airflow/example_dags/example_short_circuit_operator.py
[2023-08-02T10:47:15.787+0000] {logging_mixin.py:150} INFO - [2023-08-02T10:47:15.787+0000] {dag.py:2742} INFO - Sync 1 DAGs
[2023-08-02T10:47:15.827+0000] {logging_mixin.py:150} INFO - [2023-08-02T10:47:15.827+0000] {dag.py:3508} INFO - Setting next_dagrun for example_short_circuit_operator to 2023-08-01T10:47:15.827366+00:00, run_after=2023-08-02T10:47:15.827366+00:00
[2023-08-02T10:47:15.843+0000] {processor.py:179} INFO - Processing /home/airflow/.local/lib/python3.7/site-packages/airflow/example_dags/example_short_circuit_operator.py took 0.098 seconds
[2023-08-02T10:47:46.236+0000] {processor.py:157} INFO - Started process (PID=1266) to work on /home/airflow/.local/lib/python3.7/site-packages/airflow/example_dags/example_short_circuit_operator.py
[2023-08-02T10:47:46.237+0000] {processor.py:826} INFO - Processing file /home/airflow/.local/lib/python3.7/site-packages/airflow/example_dags/example_short_circuit_operator.py for tasks to queue
[2023-08-02T10:47:46.238+0000] {logging_mixin.py:150} INFO - [2023-08-02T10:47:46.238+0000] {dagbag.py:541} INFO - Filling up the DagBag from /home/airflow/.local/lib/python3.7/site-packages/airflow/example_dags/example_short_circuit_operator.py
[2023-08-02T10:47:46.247+0000] {processor.py:836} INFO - DAG(s) dict_keys(['example_short_circuit_operator']) retrieved from /home/airflow/.local/lib/python3.7/site-packages/airflow/example_dags/example_short_circuit_operator.py
[2023-08-02T10:47:46.270+0000] {logging_mixin.py:150} INFO - [2023-08-02T10:47:46.270+0000] {dag.py:2742} INFO - Sync 1 DAGs
[2023-08-02T10:47:46.287+0000] {logging_mixin.py:150} INFO - [2023-08-02T10:47:46.287+0000] {dag.py:3508} INFO - Setting next_dagrun for example_short_circuit_operator to 2023-08-01T10:47:46.287375+00:00, run_after=2023-08-02T10:47:46.287375+00:00
[2023-08-02T10:47:46.299+0000] {processor.py:179} INFO - Processing /home/airflow/.local/lib/python3.7/site-packages/airflow/example_dags/example_short_circuit_operator.py took 0.068 seconds
[2023-08-02T10:48:16.380+0000] {processor.py:157} INFO - Started process (PID=1323) to work on /home/airflow/.local/lib/python3.7/site-packages/airflow/example_dags/example_short_circuit_operator.py
[2023-08-02T10:48:16.382+0000] {processor.py:826} INFO - Processing file /home/airflow/.local/lib/python3.7/site-packages/airflow/example_dags/example_short_circuit_operator.py for tasks to queue
[2023-08-02T10:48:16.383+0000] {logging_mixin.py:150} INFO - [2023-08-02T10:48:16.383+0000] {dagbag.py:541} INFO - Filling up the DagBag from /home/airflow/.local/lib/python3.7/site-packages/airflow/example_dags/example_short_circuit_operator.py
[2023-08-02T10:48:16.391+0000] {processor.py:836} INFO - DAG(s) dict_keys(['example_short_circuit_operator']) retrieved from /home/airflow/.local/lib/python3.7/site-packages/airflow/example_dags/example_short_circuit_operator.py
[2023-08-02T10:48:16.414+0000] {logging_mixin.py:150} INFO - [2023-08-02T10:48:16.414+0000] {dag.py:2742} INFO - Sync 1 DAGs
[2023-08-02T10:48:16.432+0000] {logging_mixin.py:150} INFO - [2023-08-02T10:48:16.432+0000] {dag.py:3508} INFO - Setting next_dagrun for example_short_circuit_operator to 2023-08-01T10:48:16.432271+00:00, run_after=2023-08-02T10:48:16.432271+00:00
[2023-08-02T10:48:16.446+0000] {processor.py:179} INFO - Processing /home/airflow/.local/lib/python3.7/site-packages/airflow/example_dags/example_short_circuit_operator.py took 0.069 seconds
[2023-08-02T10:48:46.866+0000] {processor.py:157} INFO - Started process (PID=1380) to work on /home/airflow/.local/lib/python3.7/site-packages/airflow/example_dags/example_short_circuit_operator.py
[2023-08-02T10:48:46.867+0000] {processor.py:826} INFO - Processing file /home/airflow/.local/lib/python3.7/site-packages/airflow/example_dags/example_short_circuit_operator.py for tasks to queue
[2023-08-02T10:48:46.868+0000] {logging_mixin.py:150} INFO - [2023-08-02T10:48:46.868+0000] {dagbag.py:541} INFO - Filling up the DagBag from /home/airflow/.local/lib/python3.7/site-packages/airflow/example_dags/example_short_circuit_operator.py
[2023-08-02T10:48:46.875+0000] {processor.py:836} INFO - DAG(s) dict_keys(['example_short_circuit_operator']) retrieved from /home/airflow/.local/lib/python3.7/site-packages/airflow/example_dags/example_short_circuit_operator.py
[2023-08-02T10:48:46.900+0000] {logging_mixin.py:150} INFO - [2023-08-02T10:48:46.900+0000] {dag.py:2742} INFO - Sync 1 DAGs
[2023-08-02T10:48:46.917+0000] {logging_mixin.py:150} INFO - [2023-08-02T10:48:46.917+0000] {dag.py:3508} INFO - Setting next_dagrun for example_short_circuit_operator to 2023-08-01T10:48:46.917642+00:00, run_after=2023-08-02T10:48:46.917642+00:00
[2023-08-02T10:48:46.931+0000] {processor.py:179} INFO - Processing /home/airflow/.local/lib/python3.7/site-packages/airflow/example_dags/example_short_circuit_operator.py took 0.068 seconds
[2023-08-02T10:49:17.107+0000] {processor.py:157} INFO - Started process (PID=1437) to work on /home/airflow/.local/lib/python3.7/site-packages/airflow/example_dags/example_short_circuit_operator.py
[2023-08-02T10:49:17.118+0000] {processor.py:826} INFO - Processing file /home/airflow/.local/lib/python3.7/site-packages/airflow/example_dags/example_short_circuit_operator.py for tasks to queue
[2023-08-02T10:49:17.120+0000] {logging_mixin.py:150} INFO - [2023-08-02T10:49:17.119+0000] {dagbag.py:541} INFO - Filling up the DagBag from /home/airflow/.local/lib/python3.7/site-packages/airflow/example_dags/example_short_circuit_operator.py
[2023-08-02T10:49:17.129+0000] {processor.py:836} INFO - DAG(s) dict_keys(['example_short_circuit_operator']) retrieved from /home/airflow/.local/lib/python3.7/site-packages/airflow/example_dags/example_short_circuit_operator.py
[2023-08-02T10:49:17.155+0000] {logging_mixin.py:150} INFO - [2023-08-02T10:49:17.155+0000] {dag.py:2742} INFO - Sync 1 DAGs
[2023-08-02T10:49:17.173+0000] {logging_mixin.py:150} INFO - [2023-08-02T10:49:17.173+0000] {dag.py:3508} INFO - Setting next_dagrun for example_short_circuit_operator to 2023-08-01T10:49:17.173397+00:00, run_after=2023-08-02T10:49:17.173397+00:00
[2023-08-02T10:49:17.187+0000] {processor.py:179} INFO - Processing /home/airflow/.local/lib/python3.7/site-packages/airflow/example_dags/example_short_circuit_operator.py took 0.084 seconds
[2023-08-02T10:49:47.392+0000] {processor.py:157} INFO - Started process (PID=1494) to work on /home/airflow/.local/lib/python3.7/site-packages/airflow/example_dags/example_short_circuit_operator.py
[2023-08-02T10:49:47.395+0000] {processor.py:826} INFO - Processing file /home/airflow/.local/lib/python3.7/site-packages/airflow/example_dags/example_short_circuit_operator.py for tasks to queue
[2023-08-02T10:49:47.397+0000] {logging_mixin.py:150} INFO - [2023-08-02T10:49:47.396+0000] {dagbag.py:541} INFO - Filling up the DagBag from /home/airflow/.local/lib/python3.7/site-packages/airflow/example_dags/example_short_circuit_operator.py
[2023-08-02T10:49:47.403+0000] {processor.py:836} INFO - DAG(s) dict_keys(['example_short_circuit_operator']) retrieved from /home/airflow/.local/lib/python3.7/site-packages/airflow/example_dags/example_short_circuit_operator.py
[2023-08-02T10:49:47.426+0000] {logging_mixin.py:150} INFO - [2023-08-02T10:49:47.426+0000] {dag.py:2742} INFO - Sync 1 DAGs
[2023-08-02T10:49:47.444+0000] {logging_mixin.py:150} INFO - [2023-08-02T10:49:47.444+0000] {dag.py:3508} INFO - Setting next_dagrun for example_short_circuit_operator to 2023-08-01T10:49:47.443899+00:00, run_after=2023-08-02T10:49:47.443899+00:00
[2023-08-02T10:49:47.458+0000] {processor.py:179} INFO - Processing /home/airflow/.local/lib/python3.7/site-packages/airflow/example_dags/example_short_circuit_operator.py took 0.069 seconds
[2023-08-02T10:50:18.291+0000] {processor.py:157} INFO - Started process (PID=1551) to work on /home/airflow/.local/lib/python3.7/site-packages/airflow/example_dags/example_short_circuit_operator.py
[2023-08-02T10:50:18.294+0000] {processor.py:826} INFO - Processing file /home/airflow/.local/lib/python3.7/site-packages/airflow/example_dags/example_short_circuit_operator.py for tasks to queue
[2023-08-02T10:50:18.299+0000] {logging_mixin.py:150} INFO - [2023-08-02T10:50:18.297+0000] {dagbag.py:541} INFO - Filling up the DagBag from /home/airflow/.local/lib/python3.7/site-packages/airflow/example_dags/example_short_circuit_operator.py
[2023-08-02T10:50:18.321+0000] {processor.py:836} INFO - DAG(s) dict_keys(['example_short_circuit_operator']) retrieved from /home/airflow/.local/lib/python3.7/site-packages/airflow/example_dags/example_short_circuit_operator.py
[2023-08-02T10:50:18.362+0000] {logging_mixin.py:150} INFO - [2023-08-02T10:50:18.362+0000] {dag.py:2742} INFO - Sync 1 DAGs
[2023-08-02T10:50:18.398+0000] {logging_mixin.py:150} INFO - [2023-08-02T10:50:18.398+0000] {dag.py:3508} INFO - Setting next_dagrun for example_short_circuit_operator to 2023-08-01T10:50:18.397535+00:00, run_after=2023-08-02T10:50:18.397535+00:00
[2023-08-02T10:50:18.432+0000] {processor.py:179} INFO - Processing /home/airflow/.local/lib/python3.7/site-packages/airflow/example_dags/example_short_circuit_operator.py took 0.147 seconds
[2023-08-02T10:50:48.715+0000] {processor.py:157} INFO - Started process (PID=1608) to work on /home/airflow/.local/lib/python3.7/site-packages/airflow/example_dags/example_short_circuit_operator.py
[2023-08-02T10:50:48.724+0000] {processor.py:826} INFO - Processing file /home/airflow/.local/lib/python3.7/site-packages/airflow/example_dags/example_short_circuit_operator.py for tasks to queue
[2023-08-02T10:50:48.726+0000] {logging_mixin.py:150} INFO - [2023-08-02T10:50:48.726+0000] {dagbag.py:541} INFO - Filling up the DagBag from /home/airflow/.local/lib/python3.7/site-packages/airflow/example_dags/example_short_circuit_operator.py
[2023-08-02T10:50:48.743+0000] {processor.py:836} INFO - DAG(s) dict_keys(['example_short_circuit_operator']) retrieved from /home/airflow/.local/lib/python3.7/site-packages/airflow/example_dags/example_short_circuit_operator.py
[2023-08-02T10:50:48.770+0000] {logging_mixin.py:150} INFO - [2023-08-02T10:50:48.770+0000] {dag.py:2742} INFO - Sync 1 DAGs
[2023-08-02T10:50:48.794+0000] {logging_mixin.py:150} INFO - [2023-08-02T10:50:48.794+0000] {dag.py:3508} INFO - Setting next_dagrun for example_short_circuit_operator to 2023-08-01T10:50:48.794480+00:00, run_after=2023-08-02T10:50:48.794480+00:00
[2023-08-02T10:50:48.813+0000] {processor.py:179} INFO - Processing /home/airflow/.local/lib/python3.7/site-packages/airflow/example_dags/example_short_circuit_operator.py took 0.104 seconds
[2023-08-02T10:51:19.622+0000] {processor.py:157} INFO - Started process (PID=1665) to work on /home/airflow/.local/lib/python3.7/site-packages/airflow/example_dags/example_short_circuit_operator.py
[2023-08-02T10:51:19.624+0000] {processor.py:826} INFO - Processing file /home/airflow/.local/lib/python3.7/site-packages/airflow/example_dags/example_short_circuit_operator.py for tasks to queue
[2023-08-02T10:51:19.626+0000] {logging_mixin.py:150} INFO - [2023-08-02T10:51:19.626+0000] {dagbag.py:541} INFO - Filling up the DagBag from /home/airflow/.local/lib/python3.7/site-packages/airflow/example_dags/example_short_circuit_operator.py
[2023-08-02T10:51:19.634+0000] {processor.py:836} INFO - DAG(s) dict_keys(['example_short_circuit_operator']) retrieved from /home/airflow/.local/lib/python3.7/site-packages/airflow/example_dags/example_short_circuit_operator.py
[2023-08-02T10:51:19.658+0000] {logging_mixin.py:150} INFO - [2023-08-02T10:51:19.658+0000] {dag.py:2742} INFO - Sync 1 DAGs
[2023-08-02T10:51:19.677+0000] {logging_mixin.py:150} INFO - [2023-08-02T10:51:19.677+0000] {dag.py:3508} INFO - Setting next_dagrun for example_short_circuit_operator to 2023-08-01T10:51:19.677196+00:00, run_after=2023-08-02T10:51:19.677196+00:00
[2023-08-02T10:51:19.694+0000] {processor.py:179} INFO - Processing /home/airflow/.local/lib/python3.7/site-packages/airflow/example_dags/example_short_circuit_operator.py took 0.075 seconds
[2023-08-02T10:51:49.944+0000] {processor.py:157} INFO - Started process (PID=1722) to work on /home/airflow/.local/lib/python3.7/site-packages/airflow/example_dags/example_short_circuit_operator.py
[2023-08-02T10:51:49.946+0000] {processor.py:826} INFO - Processing file /home/airflow/.local/lib/python3.7/site-packages/airflow/example_dags/example_short_circuit_operator.py for tasks to queue
[2023-08-02T10:51:49.947+0000] {logging_mixin.py:150} INFO - [2023-08-02T10:51:49.947+0000] {dagbag.py:541} INFO - Filling up the DagBag from /home/airflow/.local/lib/python3.7/site-packages/airflow/example_dags/example_short_circuit_operator.py
[2023-08-02T10:51:49.956+0000] {processor.py:836} INFO - DAG(s) dict_keys(['example_short_circuit_operator']) retrieved from /home/airflow/.local/lib/python3.7/site-packages/airflow/example_dags/example_short_circuit_operator.py
[2023-08-02T10:51:50.038+0000] {logging_mixin.py:150} INFO - [2023-08-02T10:51:50.038+0000] {dag.py:2742} INFO - Sync 1 DAGs
[2023-08-02T10:51:50.057+0000] {logging_mixin.py:150} INFO - [2023-08-02T10:51:50.057+0000] {dag.py:3508} INFO - Setting next_dagrun for example_short_circuit_operator to 2023-08-01T10:51:50.057398+00:00, run_after=2023-08-02T10:51:50.057398+00:00
[2023-08-02T10:51:50.071+0000] {processor.py:179} INFO - Processing /home/airflow/.local/lib/python3.7/site-packages/airflow/example_dags/example_short_circuit_operator.py took 0.129 seconds
[2023-08-02T10:52:20.190+0000] {processor.py:157} INFO - Started process (PID=1779) to work on /home/airflow/.local/lib/python3.7/site-packages/airflow/example_dags/example_short_circuit_operator.py
[2023-08-02T10:52:20.192+0000] {processor.py:826} INFO - Processing file /home/airflow/.local/lib/python3.7/site-packages/airflow/example_dags/example_short_circuit_operator.py for tasks to queue
[2023-08-02T10:52:20.194+0000] {logging_mixin.py:150} INFO - [2023-08-02T10:52:20.193+0000] {dagbag.py:541} INFO - Filling up the DagBag from /home/airflow/.local/lib/python3.7/site-packages/airflow/example_dags/example_short_circuit_operator.py
[2023-08-02T10:52:20.201+0000] {processor.py:836} INFO - DAG(s) dict_keys(['example_short_circuit_operator']) retrieved from /home/airflow/.local/lib/python3.7/site-packages/airflow/example_dags/example_short_circuit_operator.py
[2023-08-02T10:52:20.225+0000] {logging_mixin.py:150} INFO - [2023-08-02T10:52:20.225+0000] {dag.py:2742} INFO - Sync 1 DAGs
[2023-08-02T10:52:20.250+0000] {logging_mixin.py:150} INFO - [2023-08-02T10:52:20.250+0000] {dag.py:3508} INFO - Setting next_dagrun for example_short_circuit_operator to 2023-08-01T10:52:20.250032+00:00, run_after=2023-08-02T10:52:20.250032+00:00
[2023-08-02T10:52:20.267+0000] {processor.py:179} INFO - Processing /home/airflow/.local/lib/python3.7/site-packages/airflow/example_dags/example_short_circuit_operator.py took 0.080 seconds
[2023-08-02T10:52:50.375+0000] {processor.py:157} INFO - Started process (PID=1836) to work on /home/airflow/.local/lib/python3.7/site-packages/airflow/example_dags/example_short_circuit_operator.py
[2023-08-02T10:52:50.378+0000] {processor.py:826} INFO - Processing file /home/airflow/.local/lib/python3.7/site-packages/airflow/example_dags/example_short_circuit_operator.py for tasks to queue
[2023-08-02T10:52:50.379+0000] {logging_mixin.py:150} INFO - [2023-08-02T10:52:50.379+0000] {dagbag.py:541} INFO - Filling up the DagBag from /home/airflow/.local/lib/python3.7/site-packages/airflow/example_dags/example_short_circuit_operator.py
[2023-08-02T10:52:50.387+0000] {processor.py:836} INFO - DAG(s) dict_keys(['example_short_circuit_operator']) retrieved from /home/airflow/.local/lib/python3.7/site-packages/airflow/example_dags/example_short_circuit_operator.py
[2023-08-02T10:52:50.408+0000] {logging_mixin.py:150} INFO - [2023-08-02T10:52:50.408+0000] {dag.py:2742} INFO - Sync 1 DAGs
[2023-08-02T10:52:50.424+0000] {logging_mixin.py:150} INFO - [2023-08-02T10:52:50.424+0000] {dag.py:3508} INFO - Setting next_dagrun for example_short_circuit_operator to 2023-08-01T10:52:50.424098+00:00, run_after=2023-08-02T10:52:50.424098+00:00
[2023-08-02T10:52:50.436+0000] {processor.py:179} INFO - Processing /home/airflow/.local/lib/python3.7/site-packages/airflow/example_dags/example_short_circuit_operator.py took 0.063 seconds
[2023-08-02T10:53:20.698+0000] {processor.py:157} INFO - Started process (PID=1893) to work on /home/airflow/.local/lib/python3.7/site-packages/airflow/example_dags/example_short_circuit_operator.py
[2023-08-02T10:53:20.703+0000] {processor.py:826} INFO - Processing file /home/airflow/.local/lib/python3.7/site-packages/airflow/example_dags/example_short_circuit_operator.py for tasks to queue
[2023-08-02T10:53:20.704+0000] {logging_mixin.py:150} INFO - [2023-08-02T10:53:20.704+0000] {dagbag.py:541} INFO - Filling up the DagBag from /home/airflow/.local/lib/python3.7/site-packages/airflow/example_dags/example_short_circuit_operator.py
[2023-08-02T10:53:20.712+0000] {processor.py:836} INFO - DAG(s) dict_keys(['example_short_circuit_operator']) retrieved from /home/airflow/.local/lib/python3.7/site-packages/airflow/example_dags/example_short_circuit_operator.py
[2023-08-02T10:53:20.736+0000] {logging_mixin.py:150} INFO - [2023-08-02T10:53:20.736+0000] {dag.py:2742} INFO - Sync 1 DAGs
[2023-08-02T10:53:20.754+0000] {logging_mixin.py:150} INFO - [2023-08-02T10:53:20.754+0000] {dag.py:3508} INFO - Setting next_dagrun for example_short_circuit_operator to 2023-08-01T10:53:20.754435+00:00, run_after=2023-08-02T10:53:20.754435+00:00
[2023-08-02T10:53:20.768+0000] {processor.py:179} INFO - Processing /home/airflow/.local/lib/python3.7/site-packages/airflow/example_dags/example_short_circuit_operator.py took 0.072 seconds
[2023-08-02T10:53:50.924+0000] {processor.py:157} INFO - Started process (PID=1949) to work on /home/airflow/.local/lib/python3.7/site-packages/airflow/example_dags/example_short_circuit_operator.py
[2023-08-02T10:53:50.925+0000] {processor.py:826} INFO - Processing file /home/airflow/.local/lib/python3.7/site-packages/airflow/example_dags/example_short_circuit_operator.py for tasks to queue
[2023-08-02T10:53:50.927+0000] {logging_mixin.py:150} INFO - [2023-08-02T10:53:50.926+0000] {dagbag.py:541} INFO - Filling up the DagBag from /home/airflow/.local/lib/python3.7/site-packages/airflow/example_dags/example_short_circuit_operator.py
[2023-08-02T10:53:50.934+0000] {processor.py:836} INFO - DAG(s) dict_keys(['example_short_circuit_operator']) retrieved from /home/airflow/.local/lib/python3.7/site-packages/airflow/example_dags/example_short_circuit_operator.py
[2023-08-02T10:53:50.956+0000] {logging_mixin.py:150} INFO - [2023-08-02T10:53:50.956+0000] {dag.py:2742} INFO - Sync 1 DAGs
[2023-08-02T10:53:50.972+0000] {logging_mixin.py:150} INFO - [2023-08-02T10:53:50.972+0000] {dag.py:3508} INFO - Setting next_dagrun for example_short_circuit_operator to 2023-08-01T10:53:50.971825+00:00, run_after=2023-08-02T10:53:50.971825+00:00
[2023-08-02T10:53:50.984+0000] {processor.py:179} INFO - Processing /home/airflow/.local/lib/python3.7/site-packages/airflow/example_dags/example_short_circuit_operator.py took 0.064 seconds
[2023-08-02T10:54:21.113+0000] {processor.py:157} INFO - Started process (PID=2007) to work on /home/airflow/.local/lib/python3.7/site-packages/airflow/example_dags/example_short_circuit_operator.py
[2023-08-02T10:54:21.115+0000] {processor.py:826} INFO - Processing file /home/airflow/.local/lib/python3.7/site-packages/airflow/example_dags/example_short_circuit_operator.py for tasks to queue
[2023-08-02T10:54:21.116+0000] {logging_mixin.py:150} INFO - [2023-08-02T10:54:21.116+0000] {dagbag.py:541} INFO - Filling up the DagBag from /home/airflow/.local/lib/python3.7/site-packages/airflow/example_dags/example_short_circuit_operator.py
[2023-08-02T10:54:21.123+0000] {processor.py:836} INFO - DAG(s) dict_keys(['example_short_circuit_operator']) retrieved from /home/airflow/.local/lib/python3.7/site-packages/airflow/example_dags/example_short_circuit_operator.py
[2023-08-02T10:54:21.156+0000] {logging_mixin.py:150} INFO - [2023-08-02T10:54:21.156+0000] {dag.py:2742} INFO - Sync 1 DAGs
[2023-08-02T10:54:21.172+0000] {logging_mixin.py:150} INFO - [2023-08-02T10:54:21.172+0000] {dag.py:3508} INFO - Setting next_dagrun for example_short_circuit_operator to 2023-08-01T10:54:21.171897+00:00, run_after=2023-08-02T10:54:21.171897+00:00
[2023-08-02T10:54:21.184+0000] {processor.py:179} INFO - Processing /home/airflow/.local/lib/python3.7/site-packages/airflow/example_dags/example_short_circuit_operator.py took 0.074 seconds
[2023-08-02T10:54:51.357+0000] {processor.py:157} INFO - Started process (PID=2065) to work on /home/airflow/.local/lib/python3.7/site-packages/airflow/example_dags/example_short_circuit_operator.py
[2023-08-02T10:54:51.358+0000] {processor.py:826} INFO - Processing file /home/airflow/.local/lib/python3.7/site-packages/airflow/example_dags/example_short_circuit_operator.py for tasks to queue
[2023-08-02T10:54:51.359+0000] {logging_mixin.py:150} INFO - [2023-08-02T10:54:51.359+0000] {dagbag.py:541} INFO - Filling up the DagBag from /home/airflow/.local/lib/python3.7/site-packages/airflow/example_dags/example_short_circuit_operator.py
[2023-08-02T10:54:51.367+0000] {processor.py:836} INFO - DAG(s) dict_keys(['example_short_circuit_operator']) retrieved from /home/airflow/.local/lib/python3.7/site-packages/airflow/example_dags/example_short_circuit_operator.py
[2023-08-02T10:54:51.392+0000] {logging_mixin.py:150} INFO - [2023-08-02T10:54:51.392+0000] {dag.py:2742} INFO - Sync 1 DAGs
[2023-08-02T10:54:51.409+0000] {logging_mixin.py:150} INFO - [2023-08-02T10:54:51.409+0000] {dag.py:3508} INFO - Setting next_dagrun for example_short_circuit_operator to 2023-08-01T10:54:51.409549+00:00, run_after=2023-08-02T10:54:51.409549+00:00
[2023-08-02T10:54:51.422+0000] {processor.py:179} INFO - Processing /home/airflow/.local/lib/python3.7/site-packages/airflow/example_dags/example_short_circuit_operator.py took 0.069 seconds
[2023-08-02T10:55:22.101+0000] {processor.py:157} INFO - Started process (PID=2123) to work on /home/airflow/.local/lib/python3.7/site-packages/airflow/example_dags/example_short_circuit_operator.py
[2023-08-02T10:55:22.102+0000] {processor.py:826} INFO - Processing file /home/airflow/.local/lib/python3.7/site-packages/airflow/example_dags/example_short_circuit_operator.py for tasks to queue
[2023-08-02T10:55:22.104+0000] {logging_mixin.py:150} INFO - [2023-08-02T10:55:22.103+0000] {dagbag.py:541} INFO - Filling up the DagBag from /home/airflow/.local/lib/python3.7/site-packages/airflow/example_dags/example_short_circuit_operator.py
[2023-08-02T10:55:22.111+0000] {processor.py:836} INFO - DAG(s) dict_keys(['example_short_circuit_operator']) retrieved from /home/airflow/.local/lib/python3.7/site-packages/airflow/example_dags/example_short_circuit_operator.py
[2023-08-02T10:55:22.133+0000] {logging_mixin.py:150} INFO - [2023-08-02T10:55:22.133+0000] {dag.py:2742} INFO - Sync 1 DAGs
[2023-08-02T10:55:22.150+0000] {logging_mixin.py:150} INFO - [2023-08-02T10:55:22.149+0000] {dag.py:3508} INFO - Setting next_dagrun for example_short_circuit_operator to 2023-08-01T10:55:22.149795+00:00, run_after=2023-08-02T10:55:22.149795+00:00
[2023-08-02T10:55:22.164+0000] {processor.py:179} INFO - Processing /home/airflow/.local/lib/python3.7/site-packages/airflow/example_dags/example_short_circuit_operator.py took 0.067 seconds
[2023-08-02T12:19:21.588+0000] {processor.py:157} INFO - Started process (PID=2181) to work on /home/airflow/.local/lib/python3.7/site-packages/airflow/example_dags/example_short_circuit_operator.py
[2023-08-02T12:19:21.592+0000] {processor.py:826} INFO - Processing file /home/airflow/.local/lib/python3.7/site-packages/airflow/example_dags/example_short_circuit_operator.py for tasks to queue
[2023-08-02T12:19:21.596+0000] {logging_mixin.py:150} INFO - [2023-08-02T12:19:21.595+0000] {dagbag.py:541} INFO - Filling up the DagBag from /home/airflow/.local/lib/python3.7/site-packages/airflow/example_dags/example_short_circuit_operator.py
[2023-08-02T12:19:21.610+0000] {processor.py:836} INFO - DAG(s) dict_keys(['example_short_circuit_operator']) retrieved from /home/airflow/.local/lib/python3.7/site-packages/airflow/example_dags/example_short_circuit_operator.py
[2023-08-02T12:19:21.642+0000] {logging_mixin.py:150} INFO - [2023-08-02T12:19:21.642+0000] {dag.py:2742} INFO - Sync 1 DAGs
[2023-08-02T12:19:21.665+0000] {logging_mixin.py:150} INFO - [2023-08-02T12:19:21.665+0000] {dag.py:3508} INFO - Setting next_dagrun for example_short_circuit_operator to 2023-08-01T12:19:21.664875+00:00, run_after=2023-08-02T12:19:21.664875+00:00
[2023-08-02T12:19:21.683+0000] {processor.py:179} INFO - Processing /home/airflow/.local/lib/python3.7/site-packages/airflow/example_dags/example_short_circuit_operator.py took 0.100 seconds
[2023-08-02T13:26:13.929+0000] {processor.py:157} INFO - Started process (PID=2238) to work on /home/airflow/.local/lib/python3.7/site-packages/airflow/example_dags/example_short_circuit_operator.py
[2023-08-02T13:26:13.932+0000] {processor.py:826} INFO - Processing file /home/airflow/.local/lib/python3.7/site-packages/airflow/example_dags/example_short_circuit_operator.py for tasks to queue
[2023-08-02T13:26:13.934+0000] {logging_mixin.py:150} INFO - [2023-08-02T13:26:13.933+0000] {dagbag.py:541} INFO - Filling up the DagBag from /home/airflow/.local/lib/python3.7/site-packages/airflow/example_dags/example_short_circuit_operator.py
[2023-08-02T13:26:13.941+0000] {processor.py:836} INFO - DAG(s) dict_keys(['example_short_circuit_operator']) retrieved from /home/airflow/.local/lib/python3.7/site-packages/airflow/example_dags/example_short_circuit_operator.py
[2023-08-02T13:26:13.963+0000] {logging_mixin.py:150} INFO - [2023-08-02T13:26:13.963+0000] {dag.py:2742} INFO - Sync 1 DAGs
[2023-08-02T13:26:13.985+0000] {logging_mixin.py:150} INFO - [2023-08-02T13:26:13.985+0000] {dag.py:3508} INFO - Setting next_dagrun for example_short_circuit_operator to 2023-08-01T13:26:13.985014+00:00, run_after=2023-08-02T13:26:13.985014+00:00
[2023-08-02T13:26:14.008+0000] {processor.py:179} INFO - Processing /home/airflow/.local/lib/python3.7/site-packages/airflow/example_dags/example_short_circuit_operator.py took 0.082 seconds
[2023-08-02T14:49:13.105+0000] {processor.py:157} INFO - Started process (PID=2296) to work on /home/airflow/.local/lib/python3.7/site-packages/airflow/example_dags/example_short_circuit_operator.py
[2023-08-02T14:49:13.111+0000] {processor.py:826} INFO - Processing file /home/airflow/.local/lib/python3.7/site-packages/airflow/example_dags/example_short_circuit_operator.py for tasks to queue
[2023-08-02T14:49:13.171+0000] {logging_mixin.py:150} INFO - [2023-08-02T14:49:13.170+0000] {dagbag.py:541} INFO - Filling up the DagBag from /home/airflow/.local/lib/python3.7/site-packages/airflow/example_dags/example_short_circuit_operator.py
[2023-08-02T14:49:13.179+0000] {processor.py:836} INFO - DAG(s) dict_keys(['example_short_circuit_operator']) retrieved from /home/airflow/.local/lib/python3.7/site-packages/airflow/example_dags/example_short_circuit_operator.py
[2023-08-02T14:49:13.206+0000] {logging_mixin.py:150} INFO - [2023-08-02T14:49:13.206+0000] {dag.py:2742} INFO - Sync 1 DAGs
[2023-08-02T14:49:13.235+0000] {logging_mixin.py:150} INFO - [2023-08-02T14:49:13.235+0000] {dag.py:3508} INFO - Setting next_dagrun for example_short_circuit_operator to 2023-08-01T14:49:13.235083+00:00, run_after=2023-08-02T14:49:13.235083+00:00
[2023-08-02T14:49:13.257+0000] {processor.py:179} INFO - Processing /home/airflow/.local/lib/python3.7/site-packages/airflow/example_dags/example_short_circuit_operator.py took 0.155 seconds
[2023-08-02T15:54:29.746+0000] {processor.py:157} INFO - Started process (PID=2352) to work on /home/airflow/.local/lib/python3.7/site-packages/airflow/example_dags/example_short_circuit_operator.py
[2023-08-02T15:54:29.748+0000] {processor.py:826} INFO - Processing file /home/airflow/.local/lib/python3.7/site-packages/airflow/example_dags/example_short_circuit_operator.py for tasks to queue
[2023-08-02T15:54:29.750+0000] {logging_mixin.py:150} INFO - [2023-08-02T15:54:29.749+0000] {dagbag.py:541} INFO - Filling up the DagBag from /home/airflow/.local/lib/python3.7/site-packages/airflow/example_dags/example_short_circuit_operator.py
[2023-08-02T15:54:29.757+0000] {processor.py:836} INFO - DAG(s) dict_keys(['example_short_circuit_operator']) retrieved from /home/airflow/.local/lib/python3.7/site-packages/airflow/example_dags/example_short_circuit_operator.py
[2023-08-02T15:54:29.782+0000] {logging_mixin.py:150} INFO - [2023-08-02T15:54:29.781+0000] {dag.py:2742} INFO - Sync 1 DAGs
[2023-08-02T15:54:29.800+0000] {logging_mixin.py:150} INFO - [2023-08-02T15:54:29.799+0000] {dag.py:3508} INFO - Setting next_dagrun for example_short_circuit_operator to 2023-08-01T15:54:29.799730+00:00, run_after=2023-08-02T15:54:29.799730+00:00
[2023-08-02T15:54:29.814+0000] {processor.py:179} INFO - Processing /home/airflow/.local/lib/python3.7/site-packages/airflow/example_dags/example_short_circuit_operator.py took 0.071 seconds
[2023-08-02T16:26:54.720+0000] {processor.py:157} INFO - Started process (PID=2409) to work on /home/airflow/.local/lib/python3.7/site-packages/airflow/example_dags/example_short_circuit_operator.py
[2023-08-02T16:26:54.723+0000] {processor.py:826} INFO - Processing file /home/airflow/.local/lib/python3.7/site-packages/airflow/example_dags/example_short_circuit_operator.py for tasks to queue
[2023-08-02T16:26:54.725+0000] {logging_mixin.py:150} INFO - [2023-08-02T16:26:54.724+0000] {dagbag.py:541} INFO - Filling up the DagBag from /home/airflow/.local/lib/python3.7/site-packages/airflow/example_dags/example_short_circuit_operator.py
[2023-08-02T16:26:54.732+0000] {processor.py:836} INFO - DAG(s) dict_keys(['example_short_circuit_operator']) retrieved from /home/airflow/.local/lib/python3.7/site-packages/airflow/example_dags/example_short_circuit_operator.py
[2023-08-02T16:26:54.772+0000] {logging_mixin.py:150} INFO - [2023-08-02T16:26:54.772+0000] {dag.py:2742} INFO - Sync 1 DAGs
[2023-08-02T16:26:54.794+0000] {logging_mixin.py:150} INFO - [2023-08-02T16:26:54.794+0000] {dag.py:3508} INFO - Setting next_dagrun for example_short_circuit_operator to 2023-08-01T16:26:54.794566+00:00, run_after=2023-08-02T16:26:54.794566+00:00
[2023-08-02T16:26:54.810+0000] {processor.py:179} INFO - Processing /home/airflow/.local/lib/python3.7/site-packages/airflow/example_dags/example_short_circuit_operator.py took 0.094 seconds
[2023-08-02T17:14:38.910+0000] {processor.py:157} INFO - Started process (PID=2467) to work on /home/airflow/.local/lib/python3.7/site-packages/airflow/example_dags/example_short_circuit_operator.py
[2023-08-02T17:14:38.912+0000] {processor.py:826} INFO - Processing file /home/airflow/.local/lib/python3.7/site-packages/airflow/example_dags/example_short_circuit_operator.py for tasks to queue
[2023-08-02T17:14:38.914+0000] {logging_mixin.py:150} INFO - [2023-08-02T17:14:38.913+0000] {dagbag.py:541} INFO - Filling up the DagBag from /home/airflow/.local/lib/python3.7/site-packages/airflow/example_dags/example_short_circuit_operator.py
[2023-08-02T17:14:38.936+0000] {processor.py:836} INFO - DAG(s) dict_keys(['example_short_circuit_operator']) retrieved from /home/airflow/.local/lib/python3.7/site-packages/airflow/example_dags/example_short_circuit_operator.py
[2023-08-02T17:14:38.960+0000] {logging_mixin.py:150} INFO - [2023-08-02T17:14:38.959+0000] {dag.py:2742} INFO - Sync 1 DAGs
[2023-08-02T17:14:38.980+0000] {logging_mixin.py:150} INFO - [2023-08-02T17:14:38.979+0000] {dag.py:3508} INFO - Setting next_dagrun for example_short_circuit_operator to 2023-08-01T17:14:38.979639+00:00, run_after=2023-08-02T17:14:38.979639+00:00
[2023-08-02T17:14:38.999+0000] {processor.py:179} INFO - Processing /home/airflow/.local/lib/python3.7/site-packages/airflow/example_dags/example_short_circuit_operator.py took 0.093 seconds
[2023-08-02T18:59:11.970+0000] {processor.py:157} INFO - Started process (PID=2524) to work on /home/airflow/.local/lib/python3.7/site-packages/airflow/example_dags/example_short_circuit_operator.py
[2023-08-02T18:59:11.972+0000] {processor.py:826} INFO - Processing file /home/airflow/.local/lib/python3.7/site-packages/airflow/example_dags/example_short_circuit_operator.py for tasks to queue
[2023-08-02T18:59:11.975+0000] {logging_mixin.py:150} INFO - [2023-08-02T18:59:11.975+0000] {dagbag.py:541} INFO - Filling up the DagBag from /home/airflow/.local/lib/python3.7/site-packages/airflow/example_dags/example_short_circuit_operator.py
[2023-08-02T18:59:11.983+0000] {processor.py:836} INFO - DAG(s) dict_keys(['example_short_circuit_operator']) retrieved from /home/airflow/.local/lib/python3.7/site-packages/airflow/example_dags/example_short_circuit_operator.py
[2023-08-02T18:59:12.006+0000] {logging_mixin.py:150} INFO - [2023-08-02T18:59:12.005+0000] {dag.py:2742} INFO - Sync 1 DAGs
[2023-08-02T18:59:12.023+0000] {logging_mixin.py:150} INFO - [2023-08-02T18:59:12.022+0000] {dag.py:3508} INFO - Setting next_dagrun for example_short_circuit_operator to 2023-08-01T18:59:12.022694+00:00, run_after=2023-08-02T18:59:12.022694+00:00
[2023-08-02T18:59:12.036+0000] {processor.py:179} INFO - Processing /home/airflow/.local/lib/python3.7/site-packages/airflow/example_dags/example_short_circuit_operator.py took 0.069 seconds
[2023-08-02T20:21:34.946+0000] {processor.py:157} INFO - Started process (PID=2582) to work on /home/airflow/.local/lib/python3.7/site-packages/airflow/example_dags/example_short_circuit_operator.py
[2023-08-02T20:21:34.948+0000] {processor.py:826} INFO - Processing file /home/airflow/.local/lib/python3.7/site-packages/airflow/example_dags/example_short_circuit_operator.py for tasks to queue
[2023-08-02T20:21:34.949+0000] {logging_mixin.py:150} INFO - [2023-08-02T20:21:34.949+0000] {dagbag.py:541} INFO - Filling up the DagBag from /home/airflow/.local/lib/python3.7/site-packages/airflow/example_dags/example_short_circuit_operator.py
[2023-08-02T20:21:34.957+0000] {processor.py:836} INFO - DAG(s) dict_keys(['example_short_circuit_operator']) retrieved from /home/airflow/.local/lib/python3.7/site-packages/airflow/example_dags/example_short_circuit_operator.py
[2023-08-02T20:21:34.984+0000] {logging_mixin.py:150} INFO - [2023-08-02T20:21:34.984+0000] {dag.py:2742} INFO - Sync 1 DAGs
[2023-08-02T20:21:35.003+0000] {logging_mixin.py:150} INFO - [2023-08-02T20:21:35.003+0000] {dag.py:3508} INFO - Setting next_dagrun for example_short_circuit_operator to 2023-08-01T20:21:35.002943+00:00, run_after=2023-08-02T20:21:35.002943+00:00
[2023-08-02T20:21:35.016+0000] {processor.py:179} INFO - Processing /home/airflow/.local/lib/python3.7/site-packages/airflow/example_dags/example_short_circuit_operator.py took 0.074 seconds
[2023-08-02T22:03:30.820+0000] {processor.py:157} INFO - Started process (PID=2639) to work on /home/airflow/.local/lib/python3.7/site-packages/airflow/example_dags/example_short_circuit_operator.py
[2023-08-02T22:03:30.823+0000] {processor.py:826} INFO - Processing file /home/airflow/.local/lib/python3.7/site-packages/airflow/example_dags/example_short_circuit_operator.py for tasks to queue
[2023-08-02T22:03:30.824+0000] {logging_mixin.py:150} INFO - [2023-08-02T22:03:30.824+0000] {dagbag.py:541} INFO - Filling up the DagBag from /home/airflow/.local/lib/python3.7/site-packages/airflow/example_dags/example_short_circuit_operator.py
[2023-08-02T22:03:30.833+0000] {processor.py:836} INFO - DAG(s) dict_keys(['example_short_circuit_operator']) retrieved from /home/airflow/.local/lib/python3.7/site-packages/airflow/example_dags/example_short_circuit_operator.py
[2023-08-02T22:03:30.871+0000] {logging_mixin.py:150} INFO - [2023-08-02T22:03:30.871+0000] {dag.py:2742} INFO - Sync 1 DAGs
[2023-08-02T22:03:30.894+0000] {logging_mixin.py:150} INFO - [2023-08-02T22:03:30.893+0000] {dag.py:3508} INFO - Setting next_dagrun for example_short_circuit_operator to 2023-08-01T22:03:30.893772+00:00, run_after=2023-08-02T22:03:30.893772+00:00
[2023-08-02T22:03:30.908+0000] {processor.py:179} INFO - Processing /home/airflow/.local/lib/python3.7/site-packages/airflow/example_dags/example_short_circuit_operator.py took 0.092 seconds
[2023-08-02T23:27:16.696+0000] {processor.py:157} INFO - Started process (PID=2696) to work on /home/airflow/.local/lib/python3.7/site-packages/airflow/example_dags/example_short_circuit_operator.py
[2023-08-02T23:27:16.698+0000] {processor.py:826} INFO - Processing file /home/airflow/.local/lib/python3.7/site-packages/airflow/example_dags/example_short_circuit_operator.py for tasks to queue
[2023-08-02T23:27:16.700+0000] {logging_mixin.py:150} INFO - [2023-08-02T23:27:16.700+0000] {dagbag.py:541} INFO - Filling up the DagBag from /home/airflow/.local/lib/python3.7/site-packages/airflow/example_dags/example_short_circuit_operator.py
[2023-08-02T23:27:16.708+0000] {processor.py:836} INFO - DAG(s) dict_keys(['example_short_circuit_operator']) retrieved from /home/airflow/.local/lib/python3.7/site-packages/airflow/example_dags/example_short_circuit_operator.py
[2023-08-02T23:27:16.735+0000] {logging_mixin.py:150} INFO - [2023-08-02T23:27:16.735+0000] {dag.py:2742} INFO - Sync 1 DAGs
[2023-08-02T23:27:16.754+0000] {logging_mixin.py:150} INFO - [2023-08-02T23:27:16.754+0000] {dag.py:3508} INFO - Setting next_dagrun for example_short_circuit_operator to 2023-08-01T23:27:16.754448+00:00, run_after=2023-08-02T23:27:16.754448+00:00
[2023-08-02T23:27:16.767+0000] {processor.py:179} INFO - Processing /home/airflow/.local/lib/python3.7/site-packages/airflow/example_dags/example_short_circuit_operator.py took 0.075 seconds
