[2023-08-02T10:37:03.721+0000] {processor.py:157} INFO - Started process (PID=55) to work on /home/airflow/.local/lib/python3.7/site-packages/airflow/example_dags/example_branch_python_dop_operator_3.py
[2023-08-02T10:37:03.729+0000] {processor.py:826} INFO - Processing file /home/airflow/.local/lib/python3.7/site-packages/airflow/example_dags/example_branch_python_dop_operator_3.py for tasks to queue
[2023-08-02T10:37:03.735+0000] {logging_mixin.py:150} INFO - [2023-08-02T10:37:03.735+0000] {dagbag.py:541} INFO - Filling up the DagBag from /home/airflow/.local/lib/python3.7/site-packages/airflow/example_dags/example_branch_python_dop_operator_3.py
[2023-08-02T10:37:03.767+0000] {processor.py:836} INFO - DAG(s) dict_keys(['example_branch_dop_operator_v3']) retrieved from /home/airflow/.local/lib/python3.7/site-packages/airflow/example_dags/example_branch_python_dop_operator_3.py
[2023-08-02T10:37:03.791+0000] {logging_mixin.py:150} INFO - [2023-08-02T10:37:03.791+0000] {dag.py:2742} INFO - Sync 1 DAGs
[2023-08-02T10:37:03.826+0000] {logging_mixin.py:150} INFO - [2023-08-02T10:37:03.825+0000] {dag.py:3508} INFO - Setting next_dagrun for example_branch_dop_operator_v3 to 2023-08-02T10:36:00+00:00, run_after=2023-08-02T10:37:00+00:00
[2023-08-02T10:37:03.856+0000] {processor.py:179} INFO - Processing /home/airflow/.local/lib/python3.7/site-packages/airflow/example_dags/example_branch_python_dop_operator_3.py took 0.142 seconds
[2023-08-02T10:37:34.187+0000] {processor.py:157} INFO - Started process (PID=112) to work on /home/airflow/.local/lib/python3.7/site-packages/airflow/example_dags/example_branch_python_dop_operator_3.py
[2023-08-02T10:37:34.189+0000] {processor.py:826} INFO - Processing file /home/airflow/.local/lib/python3.7/site-packages/airflow/example_dags/example_branch_python_dop_operator_3.py for tasks to queue
[2023-08-02T10:37:34.190+0000] {logging_mixin.py:150} INFO - [2023-08-02T10:37:34.190+0000] {dagbag.py:541} INFO - Filling up the DagBag from /home/airflow/.local/lib/python3.7/site-packages/airflow/example_dags/example_branch_python_dop_operator_3.py
[2023-08-02T10:37:34.199+0000] {processor.py:836} INFO - DAG(s) dict_keys(['example_branch_dop_operator_v3']) retrieved from /home/airflow/.local/lib/python3.7/site-packages/airflow/example_dags/example_branch_python_dop_operator_3.py
[2023-08-02T10:37:34.228+0000] {logging_mixin.py:150} INFO - [2023-08-02T10:37:34.228+0000] {dag.py:2742} INFO - Sync 1 DAGs
[2023-08-02T10:37:34.249+0000] {logging_mixin.py:150} INFO - [2023-08-02T10:37:34.249+0000] {dag.py:3508} INFO - Setting next_dagrun for example_branch_dop_operator_v3 to 2023-08-02T10:36:00+00:00, run_after=2023-08-02T10:37:00+00:00
[2023-08-02T10:37:34.281+0000] {processor.py:179} INFO - Processing /home/airflow/.local/lib/python3.7/site-packages/airflow/example_dags/example_branch_python_dop_operator_3.py took 0.097 seconds
[2023-08-02T10:38:04.394+0000] {processor.py:157} INFO - Started process (PID=169) to work on /home/airflow/.local/lib/python3.7/site-packages/airflow/example_dags/example_branch_python_dop_operator_3.py
[2023-08-02T10:38:04.397+0000] {processor.py:826} INFO - Processing file /home/airflow/.local/lib/python3.7/site-packages/airflow/example_dags/example_branch_python_dop_operator_3.py for tasks to queue
[2023-08-02T10:38:04.403+0000] {logging_mixin.py:150} INFO - [2023-08-02T10:38:04.403+0000] {dagbag.py:541} INFO - Filling up the DagBag from /home/airflow/.local/lib/python3.7/site-packages/airflow/example_dags/example_branch_python_dop_operator_3.py
[2023-08-02T10:38:04.410+0000] {processor.py:836} INFO - DAG(s) dict_keys(['example_branch_dop_operator_v3']) retrieved from /home/airflow/.local/lib/python3.7/site-packages/airflow/example_dags/example_branch_python_dop_operator_3.py
[2023-08-02T10:38:04.431+0000] {logging_mixin.py:150} INFO - [2023-08-02T10:38:04.430+0000] {dag.py:2742} INFO - Sync 1 DAGs
[2023-08-02T10:38:04.449+0000] {logging_mixin.py:150} INFO - [2023-08-02T10:38:04.448+0000] {dag.py:3508} INFO - Setting next_dagrun for example_branch_dop_operator_v3 to 2023-08-02T10:37:00+00:00, run_after=2023-08-02T10:38:00+00:00
[2023-08-02T10:38:04.464+0000] {processor.py:179} INFO - Processing /home/airflow/.local/lib/python3.7/site-packages/airflow/example_dags/example_branch_python_dop_operator_3.py took 0.073 seconds
[2023-08-02T10:38:34.955+0000] {processor.py:157} INFO - Started process (PID=226) to work on /home/airflow/.local/lib/python3.7/site-packages/airflow/example_dags/example_branch_python_dop_operator_3.py
[2023-08-02T10:38:34.957+0000] {processor.py:826} INFO - Processing file /home/airflow/.local/lib/python3.7/site-packages/airflow/example_dags/example_branch_python_dop_operator_3.py for tasks to queue
[2023-08-02T10:38:34.958+0000] {logging_mixin.py:150} INFO - [2023-08-02T10:38:34.958+0000] {dagbag.py:541} INFO - Filling up the DagBag from /home/airflow/.local/lib/python3.7/site-packages/airflow/example_dags/example_branch_python_dop_operator_3.py
[2023-08-02T10:38:34.967+0000] {processor.py:836} INFO - DAG(s) dict_keys(['example_branch_dop_operator_v3']) retrieved from /home/airflow/.local/lib/python3.7/site-packages/airflow/example_dags/example_branch_python_dop_operator_3.py
[2023-08-02T10:38:34.987+0000] {logging_mixin.py:150} INFO - [2023-08-02T10:38:34.987+0000] {dag.py:2742} INFO - Sync 1 DAGs
[2023-08-02T10:38:35.006+0000] {logging_mixin.py:150} INFO - [2023-08-02T10:38:35.005+0000] {dag.py:3508} INFO - Setting next_dagrun for example_branch_dop_operator_v3 to 2023-08-02T10:37:00+00:00, run_after=2023-08-02T10:38:00+00:00
[2023-08-02T10:38:35.018+0000] {processor.py:179} INFO - Processing /home/airflow/.local/lib/python3.7/site-packages/airflow/example_dags/example_branch_python_dop_operator_3.py took 0.067 seconds
[2023-08-02T10:39:05.346+0000] {processor.py:157} INFO - Started process (PID=283) to work on /home/airflow/.local/lib/python3.7/site-packages/airflow/example_dags/example_branch_python_dop_operator_3.py
[2023-08-02T10:39:05.348+0000] {processor.py:826} INFO - Processing file /home/airflow/.local/lib/python3.7/site-packages/airflow/example_dags/example_branch_python_dop_operator_3.py for tasks to queue
[2023-08-02T10:39:05.349+0000] {logging_mixin.py:150} INFO - [2023-08-02T10:39:05.349+0000] {dagbag.py:541} INFO - Filling up the DagBag from /home/airflow/.local/lib/python3.7/site-packages/airflow/example_dags/example_branch_python_dop_operator_3.py
[2023-08-02T10:39:05.356+0000] {processor.py:836} INFO - DAG(s) dict_keys(['example_branch_dop_operator_v3']) retrieved from /home/airflow/.local/lib/python3.7/site-packages/airflow/example_dags/example_branch_python_dop_operator_3.py
[2023-08-02T10:39:05.379+0000] {logging_mixin.py:150} INFO - [2023-08-02T10:39:05.379+0000] {dag.py:2742} INFO - Sync 1 DAGs
[2023-08-02T10:39:05.401+0000] {logging_mixin.py:150} INFO - [2023-08-02T10:39:05.401+0000] {dag.py:3508} INFO - Setting next_dagrun for example_branch_dop_operator_v3 to 2023-08-02T10:38:00+00:00, run_after=2023-08-02T10:39:00+00:00
[2023-08-02T10:39:05.415+0000] {processor.py:179} INFO - Processing /home/airflow/.local/lib/python3.7/site-packages/airflow/example_dags/example_branch_python_dop_operator_3.py took 0.072 seconds
[2023-08-02T10:39:35.677+0000] {processor.py:157} INFO - Started process (PID=340) to work on /home/airflow/.local/lib/python3.7/site-packages/airflow/example_dags/example_branch_python_dop_operator_3.py
[2023-08-02T10:39:35.679+0000] {processor.py:826} INFO - Processing file /home/airflow/.local/lib/python3.7/site-packages/airflow/example_dags/example_branch_python_dop_operator_3.py for tasks to queue
[2023-08-02T10:39:35.680+0000] {logging_mixin.py:150} INFO - [2023-08-02T10:39:35.680+0000] {dagbag.py:541} INFO - Filling up the DagBag from /home/airflow/.local/lib/python3.7/site-packages/airflow/example_dags/example_branch_python_dop_operator_3.py
[2023-08-02T10:39:35.687+0000] {processor.py:836} INFO - DAG(s) dict_keys(['example_branch_dop_operator_v3']) retrieved from /home/airflow/.local/lib/python3.7/site-packages/airflow/example_dags/example_branch_python_dop_operator_3.py
[2023-08-02T10:39:35.708+0000] {logging_mixin.py:150} INFO - [2023-08-02T10:39:35.708+0000] {dag.py:2742} INFO - Sync 1 DAGs
[2023-08-02T10:39:35.734+0000] {logging_mixin.py:150} INFO - [2023-08-02T10:39:35.733+0000] {dag.py:3508} INFO - Setting next_dagrun for example_branch_dop_operator_v3 to 2023-08-02T10:38:00+00:00, run_after=2023-08-02T10:39:00+00:00
[2023-08-02T10:39:35.747+0000] {processor.py:179} INFO - Processing /home/airflow/.local/lib/python3.7/site-packages/airflow/example_dags/example_branch_python_dop_operator_3.py took 0.073 seconds
[2023-08-02T10:40:06.145+0000] {processor.py:157} INFO - Started process (PID=396) to work on /home/airflow/.local/lib/python3.7/site-packages/airflow/example_dags/example_branch_python_dop_operator_3.py
[2023-08-02T10:40:06.146+0000] {processor.py:826} INFO - Processing file /home/airflow/.local/lib/python3.7/site-packages/airflow/example_dags/example_branch_python_dop_operator_3.py for tasks to queue
[2023-08-02T10:40:06.148+0000] {logging_mixin.py:150} INFO - [2023-08-02T10:40:06.148+0000] {dagbag.py:541} INFO - Filling up the DagBag from /home/airflow/.local/lib/python3.7/site-packages/airflow/example_dags/example_branch_python_dop_operator_3.py
[2023-08-02T10:40:06.161+0000] {processor.py:836} INFO - DAG(s) dict_keys(['example_branch_dop_operator_v3']) retrieved from /home/airflow/.local/lib/python3.7/site-packages/airflow/example_dags/example_branch_python_dop_operator_3.py
[2023-08-02T10:40:06.184+0000] {logging_mixin.py:150} INFO - [2023-08-02T10:40:06.184+0000] {dag.py:2742} INFO - Sync 1 DAGs
[2023-08-02T10:40:06.205+0000] {logging_mixin.py:150} INFO - [2023-08-02T10:40:06.205+0000] {dag.py:3508} INFO - Setting next_dagrun for example_branch_dop_operator_v3 to 2023-08-02T10:39:00+00:00, run_after=2023-08-02T10:40:00+00:00
[2023-08-02T10:40:06.219+0000] {processor.py:179} INFO - Processing /home/airflow/.local/lib/python3.7/site-packages/airflow/example_dags/example_branch_python_dop_operator_3.py took 0.078 seconds
[2023-08-02T10:40:36.649+0000] {processor.py:157} INFO - Started process (PID=453) to work on /home/airflow/.local/lib/python3.7/site-packages/airflow/example_dags/example_branch_python_dop_operator_3.py
[2023-08-02T10:40:36.651+0000] {processor.py:826} INFO - Processing file /home/airflow/.local/lib/python3.7/site-packages/airflow/example_dags/example_branch_python_dop_operator_3.py for tasks to queue
[2023-08-02T10:40:36.652+0000] {logging_mixin.py:150} INFO - [2023-08-02T10:40:36.652+0000] {dagbag.py:541} INFO - Filling up the DagBag from /home/airflow/.local/lib/python3.7/site-packages/airflow/example_dags/example_branch_python_dop_operator_3.py
[2023-08-02T10:40:36.659+0000] {processor.py:836} INFO - DAG(s) dict_keys(['example_branch_dop_operator_v3']) retrieved from /home/airflow/.local/lib/python3.7/site-packages/airflow/example_dags/example_branch_python_dop_operator_3.py
[2023-08-02T10:40:36.681+0000] {logging_mixin.py:150} INFO - [2023-08-02T10:40:36.681+0000] {dag.py:2742} INFO - Sync 1 DAGs
[2023-08-02T10:40:36.703+0000] {logging_mixin.py:150} INFO - [2023-08-02T10:40:36.703+0000] {dag.py:3508} INFO - Setting next_dagrun for example_branch_dop_operator_v3 to 2023-08-02T10:39:00+00:00, run_after=2023-08-02T10:40:00+00:00
[2023-08-02T10:40:36.746+0000] {processor.py:179} INFO - Processing /home/airflow/.local/lib/python3.7/site-packages/airflow/example_dags/example_branch_python_dop_operator_3.py took 0.100 seconds
[2023-08-02T10:41:07.382+0000] {processor.py:157} INFO - Started process (PID=510) to work on /home/airflow/.local/lib/python3.7/site-packages/airflow/example_dags/example_branch_python_dop_operator_3.py
[2023-08-02T10:41:07.384+0000] {processor.py:826} INFO - Processing file /home/airflow/.local/lib/python3.7/site-packages/airflow/example_dags/example_branch_python_dop_operator_3.py for tasks to queue
[2023-08-02T10:41:07.385+0000] {logging_mixin.py:150} INFO - [2023-08-02T10:41:07.385+0000] {dagbag.py:541} INFO - Filling up the DagBag from /home/airflow/.local/lib/python3.7/site-packages/airflow/example_dags/example_branch_python_dop_operator_3.py
[2023-08-02T10:41:07.393+0000] {processor.py:836} INFO - DAG(s) dict_keys(['example_branch_dop_operator_v3']) retrieved from /home/airflow/.local/lib/python3.7/site-packages/airflow/example_dags/example_branch_python_dop_operator_3.py
[2023-08-02T10:41:07.415+0000] {logging_mixin.py:150} INFO - [2023-08-02T10:41:07.415+0000] {dag.py:2742} INFO - Sync 1 DAGs
[2023-08-02T10:41:07.437+0000] {logging_mixin.py:150} INFO - [2023-08-02T10:41:07.437+0000] {dag.py:3508} INFO - Setting next_dagrun for example_branch_dop_operator_v3 to 2023-08-02T10:40:00+00:00, run_after=2023-08-02T10:41:00+00:00
[2023-08-02T10:41:07.498+0000] {processor.py:179} INFO - Processing /home/airflow/.local/lib/python3.7/site-packages/airflow/example_dags/example_branch_python_dop_operator_3.py took 0.119 seconds
[2023-08-02T10:41:37.902+0000] {processor.py:157} INFO - Started process (PID=567) to work on /home/airflow/.local/lib/python3.7/site-packages/airflow/example_dags/example_branch_python_dop_operator_3.py
[2023-08-02T10:41:37.904+0000] {processor.py:826} INFO - Processing file /home/airflow/.local/lib/python3.7/site-packages/airflow/example_dags/example_branch_python_dop_operator_3.py for tasks to queue
[2023-08-02T10:41:37.906+0000] {logging_mixin.py:150} INFO - [2023-08-02T10:41:37.905+0000] {dagbag.py:541} INFO - Filling up the DagBag from /home/airflow/.local/lib/python3.7/site-packages/airflow/example_dags/example_branch_python_dop_operator_3.py
[2023-08-02T10:41:37.914+0000] {processor.py:836} INFO - DAG(s) dict_keys(['example_branch_dop_operator_v3']) retrieved from /home/airflow/.local/lib/python3.7/site-packages/airflow/example_dags/example_branch_python_dop_operator_3.py
[2023-08-02T10:41:37.949+0000] {logging_mixin.py:150} INFO - [2023-08-02T10:41:37.949+0000] {dag.py:2742} INFO - Sync 1 DAGs
[2023-08-02T10:41:37.982+0000] {logging_mixin.py:150} INFO - [2023-08-02T10:41:37.982+0000] {dag.py:3508} INFO - Setting next_dagrun for example_branch_dop_operator_v3 to 2023-08-02T10:40:00+00:00, run_after=2023-08-02T10:41:00+00:00
[2023-08-02T10:41:38.055+0000] {processor.py:179} INFO - Processing /home/airflow/.local/lib/python3.7/site-packages/airflow/example_dags/example_branch_python_dop_operator_3.py took 0.156 seconds
[2023-08-02T10:42:08.388+0000] {processor.py:157} INFO - Started process (PID=624) to work on /home/airflow/.local/lib/python3.7/site-packages/airflow/example_dags/example_branch_python_dop_operator_3.py
[2023-08-02T10:42:08.391+0000] {processor.py:826} INFO - Processing file /home/airflow/.local/lib/python3.7/site-packages/airflow/example_dags/example_branch_python_dop_operator_3.py for tasks to queue
[2023-08-02T10:42:08.393+0000] {logging_mixin.py:150} INFO - [2023-08-02T10:42:08.392+0000] {dagbag.py:541} INFO - Filling up the DagBag from /home/airflow/.local/lib/python3.7/site-packages/airflow/example_dags/example_branch_python_dop_operator_3.py
[2023-08-02T10:42:08.401+0000] {processor.py:836} INFO - DAG(s) dict_keys(['example_branch_dop_operator_v3']) retrieved from /home/airflow/.local/lib/python3.7/site-packages/airflow/example_dags/example_branch_python_dop_operator_3.py
[2023-08-02T10:42:08.425+0000] {logging_mixin.py:150} INFO - [2023-08-02T10:42:08.425+0000] {dag.py:2742} INFO - Sync 1 DAGs
[2023-08-02T10:42:08.449+0000] {logging_mixin.py:150} INFO - [2023-08-02T10:42:08.449+0000] {dag.py:3508} INFO - Setting next_dagrun for example_branch_dop_operator_v3 to 2023-08-02T10:41:00+00:00, run_after=2023-08-02T10:42:00+00:00
[2023-08-02T10:42:08.467+0000] {processor.py:179} INFO - Processing /home/airflow/.local/lib/python3.7/site-packages/airflow/example_dags/example_branch_python_dop_operator_3.py took 0.082 seconds
[2023-08-02T10:42:38.953+0000] {processor.py:157} INFO - Started process (PID=680) to work on /home/airflow/.local/lib/python3.7/site-packages/airflow/example_dags/example_branch_python_dop_operator_3.py
[2023-08-02T10:42:38.955+0000] {processor.py:826} INFO - Processing file /home/airflow/.local/lib/python3.7/site-packages/airflow/example_dags/example_branch_python_dop_operator_3.py for tasks to queue
[2023-08-02T10:42:38.969+0000] {logging_mixin.py:150} INFO - [2023-08-02T10:42:38.968+0000] {dagbag.py:541} INFO - Filling up the DagBag from /home/airflow/.local/lib/python3.7/site-packages/airflow/example_dags/example_branch_python_dop_operator_3.py
[2023-08-02T10:42:38.976+0000] {processor.py:836} INFO - DAG(s) dict_keys(['example_branch_dop_operator_v3']) retrieved from /home/airflow/.local/lib/python3.7/site-packages/airflow/example_dags/example_branch_python_dop_operator_3.py
[2023-08-02T10:42:38.999+0000] {logging_mixin.py:150} INFO - [2023-08-02T10:42:38.999+0000] {dag.py:2742} INFO - Sync 1 DAGs
[2023-08-02T10:42:39.022+0000] {logging_mixin.py:150} INFO - [2023-08-02T10:42:39.022+0000] {dag.py:3508} INFO - Setting next_dagrun for example_branch_dop_operator_v3 to 2023-08-02T10:41:00+00:00, run_after=2023-08-02T10:42:00+00:00
[2023-08-02T10:42:39.037+0000] {processor.py:179} INFO - Processing /home/airflow/.local/lib/python3.7/site-packages/airflow/example_dags/example_branch_python_dop_operator_3.py took 0.086 seconds
[2023-08-02T10:43:09.453+0000] {processor.py:157} INFO - Started process (PID=737) to work on /home/airflow/.local/lib/python3.7/site-packages/airflow/example_dags/example_branch_python_dop_operator_3.py
[2023-08-02T10:43:09.455+0000] {processor.py:826} INFO - Processing file /home/airflow/.local/lib/python3.7/site-packages/airflow/example_dags/example_branch_python_dop_operator_3.py for tasks to queue
[2023-08-02T10:43:09.456+0000] {logging_mixin.py:150} INFO - [2023-08-02T10:43:09.456+0000] {dagbag.py:541} INFO - Filling up the DagBag from /home/airflow/.local/lib/python3.7/site-packages/airflow/example_dags/example_branch_python_dop_operator_3.py
[2023-08-02T10:43:09.463+0000] {processor.py:836} INFO - DAG(s) dict_keys(['example_branch_dop_operator_v3']) retrieved from /home/airflow/.local/lib/python3.7/site-packages/airflow/example_dags/example_branch_python_dop_operator_3.py
[2023-08-02T10:43:09.491+0000] {logging_mixin.py:150} INFO - [2023-08-02T10:43:09.491+0000] {dag.py:2742} INFO - Sync 1 DAGs
[2023-08-02T10:43:09.514+0000] {logging_mixin.py:150} INFO - [2023-08-02T10:43:09.514+0000] {dag.py:3508} INFO - Setting next_dagrun for example_branch_dop_operator_v3 to 2023-08-02T10:42:00+00:00, run_after=2023-08-02T10:43:00+00:00
[2023-08-02T10:43:09.530+0000] {processor.py:179} INFO - Processing /home/airflow/.local/lib/python3.7/site-packages/airflow/example_dags/example_branch_python_dop_operator_3.py took 0.080 seconds
[2023-08-02T10:43:39.788+0000] {processor.py:157} INFO - Started process (PID=794) to work on /home/airflow/.local/lib/python3.7/site-packages/airflow/example_dags/example_branch_python_dop_operator_3.py
[2023-08-02T10:43:39.790+0000] {processor.py:826} INFO - Processing file /home/airflow/.local/lib/python3.7/site-packages/airflow/example_dags/example_branch_python_dop_operator_3.py for tasks to queue
[2023-08-02T10:43:39.792+0000] {logging_mixin.py:150} INFO - [2023-08-02T10:43:39.792+0000] {dagbag.py:541} INFO - Filling up the DagBag from /home/airflow/.local/lib/python3.7/site-packages/airflow/example_dags/example_branch_python_dop_operator_3.py
[2023-08-02T10:43:39.800+0000] {processor.py:836} INFO - DAG(s) dict_keys(['example_branch_dop_operator_v3']) retrieved from /home/airflow/.local/lib/python3.7/site-packages/airflow/example_dags/example_branch_python_dop_operator_3.py
[2023-08-02T10:43:39.824+0000] {logging_mixin.py:150} INFO - [2023-08-02T10:43:39.824+0000] {dag.py:2742} INFO - Sync 1 DAGs
[2023-08-02T10:43:39.850+0000] {logging_mixin.py:150} INFO - [2023-08-02T10:43:39.850+0000] {dag.py:3508} INFO - Setting next_dagrun for example_branch_dop_operator_v3 to 2023-08-02T10:42:00+00:00, run_after=2023-08-02T10:43:00+00:00
[2023-08-02T10:43:39.920+0000] {processor.py:179} INFO - Processing /home/airflow/.local/lib/python3.7/site-packages/airflow/example_dags/example_branch_python_dop_operator_3.py took 0.135 seconds
[2023-08-02T10:44:10.063+0000] {processor.py:157} INFO - Started process (PID=850) to work on /home/airflow/.local/lib/python3.7/site-packages/airflow/example_dags/example_branch_python_dop_operator_3.py
[2023-08-02T10:44:10.066+0000] {processor.py:826} INFO - Processing file /home/airflow/.local/lib/python3.7/site-packages/airflow/example_dags/example_branch_python_dop_operator_3.py for tasks to queue
[2023-08-02T10:44:10.068+0000] {logging_mixin.py:150} INFO - [2023-08-02T10:44:10.067+0000] {dagbag.py:541} INFO - Filling up the DagBag from /home/airflow/.local/lib/python3.7/site-packages/airflow/example_dags/example_branch_python_dop_operator_3.py
[2023-08-02T10:44:10.076+0000] {processor.py:836} INFO - DAG(s) dict_keys(['example_branch_dop_operator_v3']) retrieved from /home/airflow/.local/lib/python3.7/site-packages/airflow/example_dags/example_branch_python_dop_operator_3.py
[2023-08-02T10:44:10.101+0000] {logging_mixin.py:150} INFO - [2023-08-02T10:44:10.101+0000] {dag.py:2742} INFO - Sync 1 DAGs
[2023-08-02T10:44:10.124+0000] {logging_mixin.py:150} INFO - [2023-08-02T10:44:10.124+0000] {dag.py:3508} INFO - Setting next_dagrun for example_branch_dop_operator_v3 to 2023-08-02T10:43:00+00:00, run_after=2023-08-02T10:44:00+00:00
[2023-08-02T10:44:10.138+0000] {processor.py:179} INFO - Processing /home/airflow/.local/lib/python3.7/site-packages/airflow/example_dags/example_branch_python_dop_operator_3.py took 0.078 seconds
[2023-08-02T10:44:40.685+0000] {processor.py:157} INFO - Started process (PID=907) to work on /home/airflow/.local/lib/python3.7/site-packages/airflow/example_dags/example_branch_python_dop_operator_3.py
[2023-08-02T10:44:40.687+0000] {processor.py:826} INFO - Processing file /home/airflow/.local/lib/python3.7/site-packages/airflow/example_dags/example_branch_python_dop_operator_3.py for tasks to queue
[2023-08-02T10:44:40.690+0000] {logging_mixin.py:150} INFO - [2023-08-02T10:44:40.690+0000] {dagbag.py:541} INFO - Filling up the DagBag from /home/airflow/.local/lib/python3.7/site-packages/airflow/example_dags/example_branch_python_dop_operator_3.py
[2023-08-02T10:44:40.697+0000] {processor.py:836} INFO - DAG(s) dict_keys(['example_branch_dop_operator_v3']) retrieved from /home/airflow/.local/lib/python3.7/site-packages/airflow/example_dags/example_branch_python_dop_operator_3.py
[2023-08-02T10:44:40.719+0000] {logging_mixin.py:150} INFO - [2023-08-02T10:44:40.719+0000] {dag.py:2742} INFO - Sync 1 DAGs
[2023-08-02T10:44:40.745+0000] {logging_mixin.py:150} INFO - [2023-08-02T10:44:40.745+0000] {dag.py:3508} INFO - Setting next_dagrun for example_branch_dop_operator_v3 to 2023-08-02T10:43:00+00:00, run_after=2023-08-02T10:44:00+00:00
[2023-08-02T10:44:40.759+0000] {processor.py:179} INFO - Processing /home/airflow/.local/lib/python3.7/site-packages/airflow/example_dags/example_branch_python_dop_operator_3.py took 0.076 seconds
[2023-08-02T10:45:11.713+0000] {processor.py:157} INFO - Started process (PID=964) to work on /home/airflow/.local/lib/python3.7/site-packages/airflow/example_dags/example_branch_python_dop_operator_3.py
[2023-08-02T10:45:11.717+0000] {processor.py:826} INFO - Processing file /home/airflow/.local/lib/python3.7/site-packages/airflow/example_dags/example_branch_python_dop_operator_3.py for tasks to queue
[2023-08-02T10:45:11.718+0000] {logging_mixin.py:150} INFO - [2023-08-02T10:45:11.718+0000] {dagbag.py:541} INFO - Filling up the DagBag from /home/airflow/.local/lib/python3.7/site-packages/airflow/example_dags/example_branch_python_dop_operator_3.py
[2023-08-02T10:45:11.724+0000] {processor.py:836} INFO - DAG(s) dict_keys(['example_branch_dop_operator_v3']) retrieved from /home/airflow/.local/lib/python3.7/site-packages/airflow/example_dags/example_branch_python_dop_operator_3.py
[2023-08-02T10:45:11.747+0000] {logging_mixin.py:150} INFO - [2023-08-02T10:45:11.747+0000] {dag.py:2742} INFO - Sync 1 DAGs
[2023-08-02T10:45:11.778+0000] {logging_mixin.py:150} INFO - [2023-08-02T10:45:11.778+0000] {dag.py:3508} INFO - Setting next_dagrun for example_branch_dop_operator_v3 to 2023-08-02T10:44:00+00:00, run_after=2023-08-02T10:45:00+00:00
[2023-08-02T10:45:11.810+0000] {processor.py:179} INFO - Processing /home/airflow/.local/lib/python3.7/site-packages/airflow/example_dags/example_branch_python_dop_operator_3.py took 0.104 seconds
[2023-08-02T10:45:42.102+0000] {processor.py:157} INFO - Started process (PID=1021) to work on /home/airflow/.local/lib/python3.7/site-packages/airflow/example_dags/example_branch_python_dop_operator_3.py
[2023-08-02T10:45:42.110+0000] {processor.py:826} INFO - Processing file /home/airflow/.local/lib/python3.7/site-packages/airflow/example_dags/example_branch_python_dop_operator_3.py for tasks to queue
[2023-08-02T10:45:42.112+0000] {logging_mixin.py:150} INFO - [2023-08-02T10:45:42.112+0000] {dagbag.py:541} INFO - Filling up the DagBag from /home/airflow/.local/lib/python3.7/site-packages/airflow/example_dags/example_branch_python_dop_operator_3.py
[2023-08-02T10:45:42.119+0000] {processor.py:836} INFO - DAG(s) dict_keys(['example_branch_dop_operator_v3']) retrieved from /home/airflow/.local/lib/python3.7/site-packages/airflow/example_dags/example_branch_python_dop_operator_3.py
[2023-08-02T10:45:42.142+0000] {logging_mixin.py:150} INFO - [2023-08-02T10:45:42.142+0000] {dag.py:2742} INFO - Sync 1 DAGs
[2023-08-02T10:45:42.163+0000] {logging_mixin.py:150} INFO - [2023-08-02T10:45:42.163+0000] {dag.py:3508} INFO - Setting next_dagrun for example_branch_dop_operator_v3 to 2023-08-02T10:44:00+00:00, run_after=2023-08-02T10:45:00+00:00
[2023-08-02T10:45:42.183+0000] {processor.py:179} INFO - Processing /home/airflow/.local/lib/python3.7/site-packages/airflow/example_dags/example_branch_python_dop_operator_3.py took 0.084 seconds
[2023-08-02T10:46:12.503+0000] {processor.py:157} INFO - Started process (PID=1078) to work on /home/airflow/.local/lib/python3.7/site-packages/airflow/example_dags/example_branch_python_dop_operator_3.py
[2023-08-02T10:46:12.505+0000] {processor.py:826} INFO - Processing file /home/airflow/.local/lib/python3.7/site-packages/airflow/example_dags/example_branch_python_dop_operator_3.py for tasks to queue
[2023-08-02T10:46:12.506+0000] {logging_mixin.py:150} INFO - [2023-08-02T10:46:12.506+0000] {dagbag.py:541} INFO - Filling up the DagBag from /home/airflow/.local/lib/python3.7/site-packages/airflow/example_dags/example_branch_python_dop_operator_3.py
[2023-08-02T10:46:12.513+0000] {processor.py:836} INFO - DAG(s) dict_keys(['example_branch_dop_operator_v3']) retrieved from /home/airflow/.local/lib/python3.7/site-packages/airflow/example_dags/example_branch_python_dop_operator_3.py
[2023-08-02T10:46:12.537+0000] {logging_mixin.py:150} INFO - [2023-08-02T10:46:12.537+0000] {dag.py:2742} INFO - Sync 1 DAGs
[2023-08-02T10:46:12.571+0000] {logging_mixin.py:150} INFO - [2023-08-02T10:46:12.571+0000] {dag.py:3508} INFO - Setting next_dagrun for example_branch_dop_operator_v3 to 2023-08-02T10:45:00+00:00, run_after=2023-08-02T10:46:00+00:00
[2023-08-02T10:46:12.597+0000] {processor.py:179} INFO - Processing /home/airflow/.local/lib/python3.7/site-packages/airflow/example_dags/example_branch_python_dop_operator_3.py took 0.096 seconds
[2023-08-02T10:46:43.082+0000] {processor.py:157} INFO - Started process (PID=1135) to work on /home/airflow/.local/lib/python3.7/site-packages/airflow/example_dags/example_branch_python_dop_operator_3.py
[2023-08-02T10:46:43.084+0000] {processor.py:826} INFO - Processing file /home/airflow/.local/lib/python3.7/site-packages/airflow/example_dags/example_branch_python_dop_operator_3.py for tasks to queue
[2023-08-02T10:46:43.086+0000] {logging_mixin.py:150} INFO - [2023-08-02T10:46:43.086+0000] {dagbag.py:541} INFO - Filling up the DagBag from /home/airflow/.local/lib/python3.7/site-packages/airflow/example_dags/example_branch_python_dop_operator_3.py
[2023-08-02T10:46:43.106+0000] {processor.py:836} INFO - DAG(s) dict_keys(['example_branch_dop_operator_v3']) retrieved from /home/airflow/.local/lib/python3.7/site-packages/airflow/example_dags/example_branch_python_dop_operator_3.py
[2023-08-02T10:46:43.135+0000] {logging_mixin.py:150} INFO - [2023-08-02T10:46:43.135+0000] {dag.py:2742} INFO - Sync 1 DAGs
[2023-08-02T10:46:43.155+0000] {logging_mixin.py:150} INFO - [2023-08-02T10:46:43.155+0000] {dag.py:3508} INFO - Setting next_dagrun for example_branch_dop_operator_v3 to 2023-08-02T10:45:00+00:00, run_after=2023-08-02T10:46:00+00:00
[2023-08-02T10:46:43.171+0000] {processor.py:179} INFO - Processing /home/airflow/.local/lib/python3.7/site-packages/airflow/example_dags/example_branch_python_dop_operator_3.py took 0.093 seconds
[2023-08-02T10:47:13.538+0000] {processor.py:157} INFO - Started process (PID=1192) to work on /home/airflow/.local/lib/python3.7/site-packages/airflow/example_dags/example_branch_python_dop_operator_3.py
[2023-08-02T10:47:13.540+0000] {processor.py:826} INFO - Processing file /home/airflow/.local/lib/python3.7/site-packages/airflow/example_dags/example_branch_python_dop_operator_3.py for tasks to queue
[2023-08-02T10:47:13.542+0000] {logging_mixin.py:150} INFO - [2023-08-02T10:47:13.542+0000] {dagbag.py:541} INFO - Filling up the DagBag from /home/airflow/.local/lib/python3.7/site-packages/airflow/example_dags/example_branch_python_dop_operator_3.py
[2023-08-02T10:47:13.549+0000] {processor.py:836} INFO - DAG(s) dict_keys(['example_branch_dop_operator_v3']) retrieved from /home/airflow/.local/lib/python3.7/site-packages/airflow/example_dags/example_branch_python_dop_operator_3.py
[2023-08-02T10:47:13.576+0000] {logging_mixin.py:150} INFO - [2023-08-02T10:47:13.576+0000] {dag.py:2742} INFO - Sync 1 DAGs
[2023-08-02T10:47:13.597+0000] {logging_mixin.py:150} INFO - [2023-08-02T10:47:13.597+0000] {dag.py:3508} INFO - Setting next_dagrun for example_branch_dop_operator_v3 to 2023-08-02T10:46:00+00:00, run_after=2023-08-02T10:47:00+00:00
[2023-08-02T10:47:13.615+0000] {processor.py:179} INFO - Processing /home/airflow/.local/lib/python3.7/site-packages/airflow/example_dags/example_branch_python_dop_operator_3.py took 0.079 seconds
[2023-08-02T10:47:43.891+0000] {processor.py:157} INFO - Started process (PID=1249) to work on /home/airflow/.local/lib/python3.7/site-packages/airflow/example_dags/example_branch_python_dop_operator_3.py
[2023-08-02T10:47:43.892+0000] {processor.py:826} INFO - Processing file /home/airflow/.local/lib/python3.7/site-packages/airflow/example_dags/example_branch_python_dop_operator_3.py for tasks to queue
[2023-08-02T10:47:43.893+0000] {logging_mixin.py:150} INFO - [2023-08-02T10:47:43.893+0000] {dagbag.py:541} INFO - Filling up the DagBag from /home/airflow/.local/lib/python3.7/site-packages/airflow/example_dags/example_branch_python_dop_operator_3.py
[2023-08-02T10:47:43.901+0000] {processor.py:836} INFO - DAG(s) dict_keys(['example_branch_dop_operator_v3']) retrieved from /home/airflow/.local/lib/python3.7/site-packages/airflow/example_dags/example_branch_python_dop_operator_3.py
[2023-08-02T10:47:43.922+0000] {logging_mixin.py:150} INFO - [2023-08-02T10:47:43.922+0000] {dag.py:2742} INFO - Sync 1 DAGs
[2023-08-02T10:47:43.942+0000] {logging_mixin.py:150} INFO - [2023-08-02T10:47:43.942+0000] {dag.py:3508} INFO - Setting next_dagrun for example_branch_dop_operator_v3 to 2023-08-02T10:46:00+00:00, run_after=2023-08-02T10:47:00+00:00
[2023-08-02T10:47:43.959+0000] {processor.py:179} INFO - Processing /home/airflow/.local/lib/python3.7/site-packages/airflow/example_dags/example_branch_python_dop_operator_3.py took 0.071 seconds
[2023-08-02T10:48:14.107+0000] {processor.py:157} INFO - Started process (PID=1306) to work on /home/airflow/.local/lib/python3.7/site-packages/airflow/example_dags/example_branch_python_dop_operator_3.py
[2023-08-02T10:48:14.109+0000] {processor.py:826} INFO - Processing file /home/airflow/.local/lib/python3.7/site-packages/airflow/example_dags/example_branch_python_dop_operator_3.py for tasks to queue
[2023-08-02T10:48:14.122+0000] {logging_mixin.py:150} INFO - [2023-08-02T10:48:14.122+0000] {dagbag.py:541} INFO - Filling up the DagBag from /home/airflow/.local/lib/python3.7/site-packages/airflow/example_dags/example_branch_python_dop_operator_3.py
[2023-08-02T10:48:14.129+0000] {processor.py:836} INFO - DAG(s) dict_keys(['example_branch_dop_operator_v3']) retrieved from /home/airflow/.local/lib/python3.7/site-packages/airflow/example_dags/example_branch_python_dop_operator_3.py
[2023-08-02T10:48:14.155+0000] {logging_mixin.py:150} INFO - [2023-08-02T10:48:14.155+0000] {dag.py:2742} INFO - Sync 1 DAGs
[2023-08-02T10:48:14.199+0000] {logging_mixin.py:150} INFO - [2023-08-02T10:48:14.199+0000] {dag.py:3508} INFO - Setting next_dagrun for example_branch_dop_operator_v3 to 2023-08-02T10:47:00+00:00, run_after=2023-08-02T10:48:00+00:00
[2023-08-02T10:48:14.258+0000] {processor.py:179} INFO - Processing /home/airflow/.local/lib/python3.7/site-packages/airflow/example_dags/example_branch_python_dop_operator_3.py took 0.154 seconds
[2023-08-02T10:48:44.378+0000] {processor.py:157} INFO - Started process (PID=1363) to work on /home/airflow/.local/lib/python3.7/site-packages/airflow/example_dags/example_branch_python_dop_operator_3.py
[2023-08-02T10:48:44.381+0000] {processor.py:826} INFO - Processing file /home/airflow/.local/lib/python3.7/site-packages/airflow/example_dags/example_branch_python_dop_operator_3.py for tasks to queue
[2023-08-02T10:48:44.383+0000] {logging_mixin.py:150} INFO - [2023-08-02T10:48:44.383+0000] {dagbag.py:541} INFO - Filling up the DagBag from /home/airflow/.local/lib/python3.7/site-packages/airflow/example_dags/example_branch_python_dop_operator_3.py
[2023-08-02T10:48:44.392+0000] {processor.py:836} INFO - DAG(s) dict_keys(['example_branch_dop_operator_v3']) retrieved from /home/airflow/.local/lib/python3.7/site-packages/airflow/example_dags/example_branch_python_dop_operator_3.py
[2023-08-02T10:48:44.422+0000] {logging_mixin.py:150} INFO - [2023-08-02T10:48:44.422+0000] {dag.py:2742} INFO - Sync 1 DAGs
[2023-08-02T10:48:44.455+0000] {logging_mixin.py:150} INFO - [2023-08-02T10:48:44.455+0000] {dag.py:3508} INFO - Setting next_dagrun for example_branch_dop_operator_v3 to 2023-08-02T10:47:00+00:00, run_after=2023-08-02T10:48:00+00:00
[2023-08-02T10:48:44.516+0000] {processor.py:179} INFO - Processing /home/airflow/.local/lib/python3.7/site-packages/airflow/example_dags/example_branch_python_dop_operator_3.py took 0.142 seconds
[2023-08-02T10:49:14.775+0000] {processor.py:157} INFO - Started process (PID=1420) to work on /home/airflow/.local/lib/python3.7/site-packages/airflow/example_dags/example_branch_python_dop_operator_3.py
[2023-08-02T10:49:14.777+0000] {processor.py:826} INFO - Processing file /home/airflow/.local/lib/python3.7/site-packages/airflow/example_dags/example_branch_python_dop_operator_3.py for tasks to queue
[2023-08-02T10:49:14.779+0000] {logging_mixin.py:150} INFO - [2023-08-02T10:49:14.778+0000] {dagbag.py:541} INFO - Filling up the DagBag from /home/airflow/.local/lib/python3.7/site-packages/airflow/example_dags/example_branch_python_dop_operator_3.py
[2023-08-02T10:49:14.789+0000] {processor.py:836} INFO - DAG(s) dict_keys(['example_branch_dop_operator_v3']) retrieved from /home/airflow/.local/lib/python3.7/site-packages/airflow/example_dags/example_branch_python_dop_operator_3.py
[2023-08-02T10:49:14.842+0000] {logging_mixin.py:150} INFO - [2023-08-02T10:49:14.842+0000] {dag.py:2742} INFO - Sync 1 DAGs
[2023-08-02T10:49:14.867+0000] {logging_mixin.py:150} INFO - [2023-08-02T10:49:14.867+0000] {dag.py:3508} INFO - Setting next_dagrun for example_branch_dop_operator_v3 to 2023-08-02T10:48:00+00:00, run_after=2023-08-02T10:49:00+00:00
[2023-08-02T10:49:14.882+0000] {processor.py:179} INFO - Processing /home/airflow/.local/lib/python3.7/site-packages/airflow/example_dags/example_branch_python_dop_operator_3.py took 0.110 seconds
[2023-08-02T10:49:45.017+0000] {processor.py:157} INFO - Started process (PID=1477) to work on /home/airflow/.local/lib/python3.7/site-packages/airflow/example_dags/example_branch_python_dop_operator_3.py
[2023-08-02T10:49:45.019+0000] {processor.py:826} INFO - Processing file /home/airflow/.local/lib/python3.7/site-packages/airflow/example_dags/example_branch_python_dop_operator_3.py for tasks to queue
[2023-08-02T10:49:45.021+0000] {logging_mixin.py:150} INFO - [2023-08-02T10:49:45.020+0000] {dagbag.py:541} INFO - Filling up the DagBag from /home/airflow/.local/lib/python3.7/site-packages/airflow/example_dags/example_branch_python_dop_operator_3.py
[2023-08-02T10:49:45.037+0000] {processor.py:836} INFO - DAG(s) dict_keys(['example_branch_dop_operator_v3']) retrieved from /home/airflow/.local/lib/python3.7/site-packages/airflow/example_dags/example_branch_python_dop_operator_3.py
[2023-08-02T10:49:45.061+0000] {logging_mixin.py:150} INFO - [2023-08-02T10:49:45.061+0000] {dag.py:2742} INFO - Sync 1 DAGs
[2023-08-02T10:49:45.091+0000] {logging_mixin.py:150} INFO - [2023-08-02T10:49:45.091+0000] {dag.py:3508} INFO - Setting next_dagrun for example_branch_dop_operator_v3 to 2023-08-02T10:48:00+00:00, run_after=2023-08-02T10:49:00+00:00
[2023-08-02T10:49:45.134+0000] {processor.py:179} INFO - Processing /home/airflow/.local/lib/python3.7/site-packages/airflow/example_dags/example_branch_python_dop_operator_3.py took 0.120 seconds
[2023-08-02T10:50:15.960+0000] {processor.py:157} INFO - Started process (PID=1534) to work on /home/airflow/.local/lib/python3.7/site-packages/airflow/example_dags/example_branch_python_dop_operator_3.py
[2023-08-02T10:50:15.993+0000] {processor.py:826} INFO - Processing file /home/airflow/.local/lib/python3.7/site-packages/airflow/example_dags/example_branch_python_dop_operator_3.py for tasks to queue
[2023-08-02T10:50:16.007+0000] {logging_mixin.py:150} INFO - [2023-08-02T10:50:16.000+0000] {dagbag.py:541} INFO - Filling up the DagBag from /home/airflow/.local/lib/python3.7/site-packages/airflow/example_dags/example_branch_python_dop_operator_3.py
[2023-08-02T10:50:16.063+0000] {processor.py:836} INFO - DAG(s) dict_keys(['example_branch_dop_operator_v3']) retrieved from /home/airflow/.local/lib/python3.7/site-packages/airflow/example_dags/example_branch_python_dop_operator_3.py
[2023-08-02T10:50:16.212+0000] {logging_mixin.py:150} INFO - [2023-08-02T10:50:16.212+0000] {dag.py:2742} INFO - Sync 1 DAGs
[2023-08-02T10:50:16.274+0000] {logging_mixin.py:150} INFO - [2023-08-02T10:50:16.273+0000] {dag.py:3508} INFO - Setting next_dagrun for example_branch_dop_operator_v3 to 2023-08-02T10:49:00+00:00, run_after=2023-08-02T10:50:00+00:00
[2023-08-02T10:50:16.338+0000] {processor.py:179} INFO - Processing /home/airflow/.local/lib/python3.7/site-packages/airflow/example_dags/example_branch_python_dop_operator_3.py took 0.384 seconds
[2023-08-02T10:50:47.001+0000] {processor.py:157} INFO - Started process (PID=1591) to work on /home/airflow/.local/lib/python3.7/site-packages/airflow/example_dags/example_branch_python_dop_operator_3.py
[2023-08-02T10:50:47.005+0000] {processor.py:826} INFO - Processing file /home/airflow/.local/lib/python3.7/site-packages/airflow/example_dags/example_branch_python_dop_operator_3.py for tasks to queue
[2023-08-02T10:50:47.012+0000] {logging_mixin.py:150} INFO - [2023-08-02T10:50:47.012+0000] {dagbag.py:541} INFO - Filling up the DagBag from /home/airflow/.local/lib/python3.7/site-packages/airflow/example_dags/example_branch_python_dop_operator_3.py
[2023-08-02T10:50:47.025+0000] {processor.py:836} INFO - DAG(s) dict_keys(['example_branch_dop_operator_v3']) retrieved from /home/airflow/.local/lib/python3.7/site-packages/airflow/example_dags/example_branch_python_dop_operator_3.py
[2023-08-02T10:50:47.078+0000] {logging_mixin.py:150} INFO - [2023-08-02T10:50:47.077+0000] {dag.py:2742} INFO - Sync 1 DAGs
[2023-08-02T10:50:47.124+0000] {logging_mixin.py:150} INFO - [2023-08-02T10:50:47.124+0000] {dag.py:3508} INFO - Setting next_dagrun for example_branch_dop_operator_v3 to 2023-08-02T10:49:00+00:00, run_after=2023-08-02T10:50:00+00:00
[2023-08-02T10:50:47.172+0000] {processor.py:179} INFO - Processing /home/airflow/.local/lib/python3.7/site-packages/airflow/example_dags/example_branch_python_dop_operator_3.py took 0.176 seconds
[2023-08-02T10:51:17.298+0000] {processor.py:157} INFO - Started process (PID=1647) to work on /home/airflow/.local/lib/python3.7/site-packages/airflow/example_dags/example_branch_python_dop_operator_3.py
[2023-08-02T10:51:17.302+0000] {processor.py:826} INFO - Processing file /home/airflow/.local/lib/python3.7/site-packages/airflow/example_dags/example_branch_python_dop_operator_3.py for tasks to queue
[2023-08-02T10:51:17.305+0000] {logging_mixin.py:150} INFO - [2023-08-02T10:51:17.305+0000] {dagbag.py:541} INFO - Filling up the DagBag from /home/airflow/.local/lib/python3.7/site-packages/airflow/example_dags/example_branch_python_dop_operator_3.py
[2023-08-02T10:51:17.315+0000] {processor.py:836} INFO - DAG(s) dict_keys(['example_branch_dop_operator_v3']) retrieved from /home/airflow/.local/lib/python3.7/site-packages/airflow/example_dags/example_branch_python_dop_operator_3.py
[2023-08-02T10:51:17.339+0000] {logging_mixin.py:150} INFO - [2023-08-02T10:51:17.338+0000] {dag.py:2742} INFO - Sync 1 DAGs
[2023-08-02T10:51:17.357+0000] {logging_mixin.py:150} INFO - [2023-08-02T10:51:17.357+0000] {dag.py:3508} INFO - Setting next_dagrun for example_branch_dop_operator_v3 to 2023-08-02T10:50:00+00:00, run_after=2023-08-02T10:51:00+00:00
[2023-08-02T10:51:17.369+0000] {processor.py:179} INFO - Processing /home/airflow/.local/lib/python3.7/site-packages/airflow/example_dags/example_branch_python_dop_operator_3.py took 0.077 seconds
[2023-08-02T10:51:47.544+0000] {processor.py:157} INFO - Started process (PID=1704) to work on /home/airflow/.local/lib/python3.7/site-packages/airflow/example_dags/example_branch_python_dop_operator_3.py
[2023-08-02T10:51:47.546+0000] {processor.py:826} INFO - Processing file /home/airflow/.local/lib/python3.7/site-packages/airflow/example_dags/example_branch_python_dop_operator_3.py for tasks to queue
[2023-08-02T10:51:47.549+0000] {logging_mixin.py:150} INFO - [2023-08-02T10:51:47.548+0000] {dagbag.py:541} INFO - Filling up the DagBag from /home/airflow/.local/lib/python3.7/site-packages/airflow/example_dags/example_branch_python_dop_operator_3.py
[2023-08-02T10:51:47.560+0000] {processor.py:836} INFO - DAG(s) dict_keys(['example_branch_dop_operator_v3']) retrieved from /home/airflow/.local/lib/python3.7/site-packages/airflow/example_dags/example_branch_python_dop_operator_3.py
[2023-08-02T10:51:47.597+0000] {logging_mixin.py:150} INFO - [2023-08-02T10:51:47.597+0000] {dag.py:2742} INFO - Sync 1 DAGs
[2023-08-02T10:51:47.618+0000] {logging_mixin.py:150} INFO - [2023-08-02T10:51:47.618+0000] {dag.py:3508} INFO - Setting next_dagrun for example_branch_dop_operator_v3 to 2023-08-02T10:50:00+00:00, run_after=2023-08-02T10:51:00+00:00
[2023-08-02T10:51:47.631+0000] {processor.py:179} INFO - Processing /home/airflow/.local/lib/python3.7/site-packages/airflow/example_dags/example_branch_python_dop_operator_3.py took 0.092 seconds
[2023-08-02T10:52:17.893+0000] {processor.py:157} INFO - Started process (PID=1761) to work on /home/airflow/.local/lib/python3.7/site-packages/airflow/example_dags/example_branch_python_dop_operator_3.py
[2023-08-02T10:52:17.896+0000] {processor.py:826} INFO - Processing file /home/airflow/.local/lib/python3.7/site-packages/airflow/example_dags/example_branch_python_dop_operator_3.py for tasks to queue
[2023-08-02T10:52:17.897+0000] {logging_mixin.py:150} INFO - [2023-08-02T10:52:17.897+0000] {dagbag.py:541} INFO - Filling up the DagBag from /home/airflow/.local/lib/python3.7/site-packages/airflow/example_dags/example_branch_python_dop_operator_3.py
[2023-08-02T10:52:17.904+0000] {processor.py:836} INFO - DAG(s) dict_keys(['example_branch_dop_operator_v3']) retrieved from /home/airflow/.local/lib/python3.7/site-packages/airflow/example_dags/example_branch_python_dop_operator_3.py
[2023-08-02T10:52:17.925+0000] {logging_mixin.py:150} INFO - [2023-08-02T10:52:17.925+0000] {dag.py:2742} INFO - Sync 1 DAGs
[2023-08-02T10:52:17.945+0000] {logging_mixin.py:150} INFO - [2023-08-02T10:52:17.945+0000] {dag.py:3508} INFO - Setting next_dagrun for example_branch_dop_operator_v3 to 2023-08-02T10:51:00+00:00, run_after=2023-08-02T10:52:00+00:00
[2023-08-02T10:52:17.974+0000] {processor.py:179} INFO - Processing /home/airflow/.local/lib/python3.7/site-packages/airflow/example_dags/example_branch_python_dop_operator_3.py took 0.084 seconds
[2023-08-02T10:52:48.100+0000] {processor.py:157} INFO - Started process (PID=1819) to work on /home/airflow/.local/lib/python3.7/site-packages/airflow/example_dags/example_branch_python_dop_operator_3.py
[2023-08-02T10:52:48.104+0000] {processor.py:826} INFO - Processing file /home/airflow/.local/lib/python3.7/site-packages/airflow/example_dags/example_branch_python_dop_operator_3.py for tasks to queue
[2023-08-02T10:52:48.106+0000] {logging_mixin.py:150} INFO - [2023-08-02T10:52:48.106+0000] {dagbag.py:541} INFO - Filling up the DagBag from /home/airflow/.local/lib/python3.7/site-packages/airflow/example_dags/example_branch_python_dop_operator_3.py
[2023-08-02T10:52:48.116+0000] {processor.py:836} INFO - DAG(s) dict_keys(['example_branch_dop_operator_v3']) retrieved from /home/airflow/.local/lib/python3.7/site-packages/airflow/example_dags/example_branch_python_dop_operator_3.py
[2023-08-02T10:52:48.139+0000] {logging_mixin.py:150} INFO - [2023-08-02T10:52:48.139+0000] {dag.py:2742} INFO - Sync 1 DAGs
[2023-08-02T10:52:48.160+0000] {logging_mixin.py:150} INFO - [2023-08-02T10:52:48.160+0000] {dag.py:3508} INFO - Setting next_dagrun for example_branch_dop_operator_v3 to 2023-08-02T10:51:00+00:00, run_after=2023-08-02T10:52:00+00:00
[2023-08-02T10:52:48.171+0000] {processor.py:179} INFO - Processing /home/airflow/.local/lib/python3.7/site-packages/airflow/example_dags/example_branch_python_dop_operator_3.py took 0.080 seconds
[2023-08-02T10:53:18.417+0000] {processor.py:157} INFO - Started process (PID=1876) to work on /home/airflow/.local/lib/python3.7/site-packages/airflow/example_dags/example_branch_python_dop_operator_3.py
[2023-08-02T10:53:18.423+0000] {processor.py:826} INFO - Processing file /home/airflow/.local/lib/python3.7/site-packages/airflow/example_dags/example_branch_python_dop_operator_3.py for tasks to queue
[2023-08-02T10:53:18.426+0000] {logging_mixin.py:150} INFO - [2023-08-02T10:53:18.425+0000] {dagbag.py:541} INFO - Filling up the DagBag from /home/airflow/.local/lib/python3.7/site-packages/airflow/example_dags/example_branch_python_dop_operator_3.py
[2023-08-02T10:53:18.434+0000] {processor.py:836} INFO - DAG(s) dict_keys(['example_branch_dop_operator_v3']) retrieved from /home/airflow/.local/lib/python3.7/site-packages/airflow/example_dags/example_branch_python_dop_operator_3.py
[2023-08-02T10:53:18.456+0000] {logging_mixin.py:150} INFO - [2023-08-02T10:53:18.456+0000] {dag.py:2742} INFO - Sync 1 DAGs
[2023-08-02T10:53:18.477+0000] {logging_mixin.py:150} INFO - [2023-08-02T10:53:18.477+0000] {dag.py:3508} INFO - Setting next_dagrun for example_branch_dop_operator_v3 to 2023-08-02T10:52:00+00:00, run_after=2023-08-02T10:53:00+00:00
[2023-08-02T10:53:18.490+0000] {processor.py:179} INFO - Processing /home/airflow/.local/lib/python3.7/site-packages/airflow/example_dags/example_branch_python_dop_operator_3.py took 0.080 seconds
[2023-08-02T10:53:48.761+0000] {processor.py:157} INFO - Started process (PID=1933) to work on /home/airflow/.local/lib/python3.7/site-packages/airflow/example_dags/example_branch_python_dop_operator_3.py
[2023-08-02T10:53:48.774+0000] {processor.py:826} INFO - Processing file /home/airflow/.local/lib/python3.7/site-packages/airflow/example_dags/example_branch_python_dop_operator_3.py for tasks to queue
[2023-08-02T10:53:48.776+0000] {logging_mixin.py:150} INFO - [2023-08-02T10:53:48.775+0000] {dagbag.py:541} INFO - Filling up the DagBag from /home/airflow/.local/lib/python3.7/site-packages/airflow/example_dags/example_branch_python_dop_operator_3.py
[2023-08-02T10:53:48.785+0000] {processor.py:836} INFO - DAG(s) dict_keys(['example_branch_dop_operator_v3']) retrieved from /home/airflow/.local/lib/python3.7/site-packages/airflow/example_dags/example_branch_python_dop_operator_3.py
[2023-08-02T10:53:48.808+0000] {logging_mixin.py:150} INFO - [2023-08-02T10:53:48.808+0000] {dag.py:2742} INFO - Sync 1 DAGs
[2023-08-02T10:53:48.828+0000] {logging_mixin.py:150} INFO - [2023-08-02T10:53:48.828+0000] {dag.py:3508} INFO - Setting next_dagrun for example_branch_dop_operator_v3 to 2023-08-02T10:52:00+00:00, run_after=2023-08-02T10:53:00+00:00
[2023-08-02T10:53:48.841+0000] {processor.py:179} INFO - Processing /home/airflow/.local/lib/python3.7/site-packages/airflow/example_dags/example_branch_python_dop_operator_3.py took 0.089 seconds
[2023-08-02T10:54:18.979+0000] {processor.py:157} INFO - Started process (PID=1991) to work on /home/airflow/.local/lib/python3.7/site-packages/airflow/example_dags/example_branch_python_dop_operator_3.py
[2023-08-02T10:54:18.982+0000] {processor.py:826} INFO - Processing file /home/airflow/.local/lib/python3.7/site-packages/airflow/example_dags/example_branch_python_dop_operator_3.py for tasks to queue
[2023-08-02T10:54:18.984+0000] {logging_mixin.py:150} INFO - [2023-08-02T10:54:18.983+0000] {dagbag.py:541} INFO - Filling up the DagBag from /home/airflow/.local/lib/python3.7/site-packages/airflow/example_dags/example_branch_python_dop_operator_3.py
[2023-08-02T10:54:18.994+0000] {processor.py:836} INFO - DAG(s) dict_keys(['example_branch_dop_operator_v3']) retrieved from /home/airflow/.local/lib/python3.7/site-packages/airflow/example_dags/example_branch_python_dop_operator_3.py
[2023-08-02T10:54:19.068+0000] {logging_mixin.py:150} INFO - [2023-08-02T10:54:19.068+0000] {dag.py:2742} INFO - Sync 1 DAGs
[2023-08-02T10:54:19.088+0000] {logging_mixin.py:150} INFO - [2023-08-02T10:54:19.088+0000] {dag.py:3508} INFO - Setting next_dagrun for example_branch_dop_operator_v3 to 2023-08-02T10:53:00+00:00, run_after=2023-08-02T10:54:00+00:00
[2023-08-02T10:54:19.102+0000] {processor.py:179} INFO - Processing /home/airflow/.local/lib/python3.7/site-packages/airflow/example_dags/example_branch_python_dop_operator_3.py took 0.129 seconds
[2023-08-02T10:54:49.260+0000] {processor.py:157} INFO - Started process (PID=2049) to work on /home/airflow/.local/lib/python3.7/site-packages/airflow/example_dags/example_branch_python_dop_operator_3.py
[2023-08-02T10:54:49.262+0000] {processor.py:826} INFO - Processing file /home/airflow/.local/lib/python3.7/site-packages/airflow/example_dags/example_branch_python_dop_operator_3.py for tasks to queue
[2023-08-02T10:54:49.265+0000] {logging_mixin.py:150} INFO - [2023-08-02T10:54:49.264+0000] {dagbag.py:541} INFO - Filling up the DagBag from /home/airflow/.local/lib/python3.7/site-packages/airflow/example_dags/example_branch_python_dop_operator_3.py
[2023-08-02T10:54:49.275+0000] {processor.py:836} INFO - DAG(s) dict_keys(['example_branch_dop_operator_v3']) retrieved from /home/airflow/.local/lib/python3.7/site-packages/airflow/example_dags/example_branch_python_dop_operator_3.py
[2023-08-02T10:54:49.300+0000] {logging_mixin.py:150} INFO - [2023-08-02T10:54:49.299+0000] {dag.py:2742} INFO - Sync 1 DAGs
[2023-08-02T10:54:49.321+0000] {logging_mixin.py:150} INFO - [2023-08-02T10:54:49.321+0000] {dag.py:3508} INFO - Setting next_dagrun for example_branch_dop_operator_v3 to 2023-08-02T10:53:00+00:00, run_after=2023-08-02T10:54:00+00:00
[2023-08-02T10:54:49.334+0000] {processor.py:179} INFO - Processing /home/airflow/.local/lib/python3.7/site-packages/airflow/example_dags/example_branch_python_dop_operator_3.py took 0.080 seconds
[2023-08-02T10:55:19.831+0000] {processor.py:157} INFO - Started process (PID=2106) to work on /home/airflow/.local/lib/python3.7/site-packages/airflow/example_dags/example_branch_python_dop_operator_3.py
[2023-08-02T10:55:19.834+0000] {processor.py:826} INFO - Processing file /home/airflow/.local/lib/python3.7/site-packages/airflow/example_dags/example_branch_python_dop_operator_3.py for tasks to queue
[2023-08-02T10:55:19.836+0000] {logging_mixin.py:150} INFO - [2023-08-02T10:55:19.835+0000] {dagbag.py:541} INFO - Filling up the DagBag from /home/airflow/.local/lib/python3.7/site-packages/airflow/example_dags/example_branch_python_dop_operator_3.py
[2023-08-02T10:55:19.850+0000] {processor.py:836} INFO - DAG(s) dict_keys(['example_branch_dop_operator_v3']) retrieved from /home/airflow/.local/lib/python3.7/site-packages/airflow/example_dags/example_branch_python_dop_operator_3.py
[2023-08-02T10:55:19.872+0000] {logging_mixin.py:150} INFO - [2023-08-02T10:55:19.872+0000] {dag.py:2742} INFO - Sync 1 DAGs
[2023-08-02T10:55:19.892+0000] {logging_mixin.py:150} INFO - [2023-08-02T10:55:19.892+0000] {dag.py:3508} INFO - Setting next_dagrun for example_branch_dop_operator_v3 to 2023-08-02T10:54:00+00:00, run_after=2023-08-02T10:55:00+00:00
[2023-08-02T10:55:19.906+0000] {processor.py:179} INFO - Processing /home/airflow/.local/lib/python3.7/site-packages/airflow/example_dags/example_branch_python_dop_operator_3.py took 0.079 seconds
[2023-08-02T12:19:19.680+0000] {processor.py:157} INFO - Started process (PID=2164) to work on /home/airflow/.local/lib/python3.7/site-packages/airflow/example_dags/example_branch_python_dop_operator_3.py
[2023-08-02T12:19:19.682+0000] {processor.py:826} INFO - Processing file /home/airflow/.local/lib/python3.7/site-packages/airflow/example_dags/example_branch_python_dop_operator_3.py for tasks to queue
[2023-08-02T12:19:19.684+0000] {logging_mixin.py:150} INFO - [2023-08-02T12:19:19.684+0000] {dagbag.py:541} INFO - Filling up the DagBag from /home/airflow/.local/lib/python3.7/site-packages/airflow/example_dags/example_branch_python_dop_operator_3.py
[2023-08-02T12:19:19.692+0000] {processor.py:836} INFO - DAG(s) dict_keys(['example_branch_dop_operator_v3']) retrieved from /home/airflow/.local/lib/python3.7/site-packages/airflow/example_dags/example_branch_python_dop_operator_3.py
[2023-08-02T12:19:19.718+0000] {logging_mixin.py:150} INFO - [2023-08-02T12:19:19.718+0000] {dag.py:2742} INFO - Sync 1 DAGs
[2023-08-02T12:19:19.741+0000] {logging_mixin.py:150} INFO - [2023-08-02T12:19:19.741+0000] {dag.py:3508} INFO - Setting next_dagrun for example_branch_dop_operator_v3 to 2023-08-02T12:18:00+00:00, run_after=2023-08-02T12:19:00+00:00
[2023-08-02T12:19:19.768+0000] {processor.py:179} INFO - Processing /home/airflow/.local/lib/python3.7/site-packages/airflow/example_dags/example_branch_python_dop_operator_3.py took 0.092 seconds
[2023-08-02T13:26:12.565+0000] {processor.py:157} INFO - Started process (PID=2221) to work on /home/airflow/.local/lib/python3.7/site-packages/airflow/example_dags/example_branch_python_dop_operator_3.py
[2023-08-02T13:26:12.567+0000] {processor.py:826} INFO - Processing file /home/airflow/.local/lib/python3.7/site-packages/airflow/example_dags/example_branch_python_dop_operator_3.py for tasks to queue
[2023-08-02T13:26:12.569+0000] {logging_mixin.py:150} INFO - [2023-08-02T13:26:12.568+0000] {dagbag.py:541} INFO - Filling up the DagBag from /home/airflow/.local/lib/python3.7/site-packages/airflow/example_dags/example_branch_python_dop_operator_3.py
[2023-08-02T13:26:12.576+0000] {processor.py:836} INFO - DAG(s) dict_keys(['example_branch_dop_operator_v3']) retrieved from /home/airflow/.local/lib/python3.7/site-packages/airflow/example_dags/example_branch_python_dop_operator_3.py
[2023-08-02T13:26:12.599+0000] {logging_mixin.py:150} INFO - [2023-08-02T13:26:12.599+0000] {dag.py:2742} INFO - Sync 1 DAGs
[2023-08-02T13:26:12.622+0000] {logging_mixin.py:150} INFO - [2023-08-02T13:26:12.622+0000] {dag.py:3508} INFO - Setting next_dagrun for example_branch_dop_operator_v3 to 2023-08-02T13:25:00+00:00, run_after=2023-08-02T13:26:00+00:00
[2023-08-02T13:26:12.635+0000] {processor.py:179} INFO - Processing /home/airflow/.local/lib/python3.7/site-packages/airflow/example_dags/example_branch_python_dop_operator_3.py took 0.074 seconds
[2023-08-02T14:49:11.842+0000] {processor.py:157} INFO - Started process (PID=2279) to work on /home/airflow/.local/lib/python3.7/site-packages/airflow/example_dags/example_branch_python_dop_operator_3.py
[2023-08-02T14:49:11.844+0000] {processor.py:826} INFO - Processing file /home/airflow/.local/lib/python3.7/site-packages/airflow/example_dags/example_branch_python_dop_operator_3.py for tasks to queue
[2023-08-02T14:49:11.846+0000] {logging_mixin.py:150} INFO - [2023-08-02T14:49:11.846+0000] {dagbag.py:541} INFO - Filling up the DagBag from /home/airflow/.local/lib/python3.7/site-packages/airflow/example_dags/example_branch_python_dop_operator_3.py
[2023-08-02T14:49:11.856+0000] {processor.py:836} INFO - DAG(s) dict_keys(['example_branch_dop_operator_v3']) retrieved from /home/airflow/.local/lib/python3.7/site-packages/airflow/example_dags/example_branch_python_dop_operator_3.py
[2023-08-02T14:49:11.888+0000] {logging_mixin.py:150} INFO - [2023-08-02T14:49:11.888+0000] {dag.py:2742} INFO - Sync 1 DAGs
[2023-08-02T14:49:11.915+0000] {logging_mixin.py:150} INFO - [2023-08-02T14:49:11.915+0000] {dag.py:3508} INFO - Setting next_dagrun for example_branch_dop_operator_v3 to 2023-08-02T14:48:00+00:00, run_after=2023-08-02T14:49:00+00:00
[2023-08-02T14:49:11.930+0000] {processor.py:179} INFO - Processing /home/airflow/.local/lib/python3.7/site-packages/airflow/example_dags/example_branch_python_dop_operator_3.py took 0.095 seconds
[2023-08-02T15:54:28.458+0000] {processor.py:157} INFO - Started process (PID=2335) to work on /home/airflow/.local/lib/python3.7/site-packages/airflow/example_dags/example_branch_python_dop_operator_3.py
[2023-08-02T15:54:28.460+0000] {processor.py:826} INFO - Processing file /home/airflow/.local/lib/python3.7/site-packages/airflow/example_dags/example_branch_python_dop_operator_3.py for tasks to queue
[2023-08-02T15:54:28.470+0000] {logging_mixin.py:150} INFO - [2023-08-02T15:54:28.469+0000] {dagbag.py:541} INFO - Filling up the DagBag from /home/airflow/.local/lib/python3.7/site-packages/airflow/example_dags/example_branch_python_dop_operator_3.py
[2023-08-02T15:54:28.478+0000] {processor.py:836} INFO - DAG(s) dict_keys(['example_branch_dop_operator_v3']) retrieved from /home/airflow/.local/lib/python3.7/site-packages/airflow/example_dags/example_branch_python_dop_operator_3.py
[2023-08-02T15:54:28.500+0000] {logging_mixin.py:150} INFO - [2023-08-02T15:54:28.499+0000] {dag.py:2742} INFO - Sync 1 DAGs
[2023-08-02T15:54:28.522+0000] {logging_mixin.py:150} INFO - [2023-08-02T15:54:28.522+0000] {dag.py:3508} INFO - Setting next_dagrun for example_branch_dop_operator_v3 to 2023-08-02T15:53:00+00:00, run_after=2023-08-02T15:54:00+00:00
[2023-08-02T15:54:28.545+0000] {processor.py:179} INFO - Processing /home/airflow/.local/lib/python3.7/site-packages/airflow/example_dags/example_branch_python_dop_operator_3.py took 0.091 seconds
[2023-08-02T16:26:52.321+0000] {processor.py:157} INFO - Started process (PID=2392) to work on /home/airflow/.local/lib/python3.7/site-packages/airflow/example_dags/example_branch_python_dop_operator_3.py
[2023-08-02T16:26:52.333+0000] {processor.py:826} INFO - Processing file /home/airflow/.local/lib/python3.7/site-packages/airflow/example_dags/example_branch_python_dop_operator_3.py for tasks to queue
[2023-08-02T16:26:52.337+0000] {logging_mixin.py:150} INFO - [2023-08-02T16:26:52.336+0000] {dagbag.py:541} INFO - Filling up the DagBag from /home/airflow/.local/lib/python3.7/site-packages/airflow/example_dags/example_branch_python_dop_operator_3.py
[2023-08-02T16:26:52.352+0000] {processor.py:836} INFO - DAG(s) dict_keys(['example_branch_dop_operator_v3']) retrieved from /home/airflow/.local/lib/python3.7/site-packages/airflow/example_dags/example_branch_python_dop_operator_3.py
[2023-08-02T16:26:52.398+0000] {logging_mixin.py:150} INFO - [2023-08-02T16:26:52.397+0000] {dag.py:2742} INFO - Sync 1 DAGs
[2023-08-02T16:26:52.430+0000] {logging_mixin.py:150} INFO - [2023-08-02T16:26:52.430+0000] {dag.py:3508} INFO - Setting next_dagrun for example_branch_dop_operator_v3 to 2023-08-02T16:25:00+00:00, run_after=2023-08-02T16:26:00+00:00
[2023-08-02T16:26:52.455+0000] {processor.py:179} INFO - Processing /home/airflow/.local/lib/python3.7/site-packages/airflow/example_dags/example_branch_python_dop_operator_3.py took 0.139 seconds
[2023-08-02T17:14:37.631+0000] {processor.py:157} INFO - Started process (PID=2450) to work on /home/airflow/.local/lib/python3.7/site-packages/airflow/example_dags/example_branch_python_dop_operator_3.py
[2023-08-02T17:14:37.633+0000] {processor.py:826} INFO - Processing file /home/airflow/.local/lib/python3.7/site-packages/airflow/example_dags/example_branch_python_dop_operator_3.py for tasks to queue
[2023-08-02T17:14:37.635+0000] {logging_mixin.py:150} INFO - [2023-08-02T17:14:37.635+0000] {dagbag.py:541} INFO - Filling up the DagBag from /home/airflow/.local/lib/python3.7/site-packages/airflow/example_dags/example_branch_python_dop_operator_3.py
[2023-08-02T17:14:37.643+0000] {processor.py:836} INFO - DAG(s) dict_keys(['example_branch_dop_operator_v3']) retrieved from /home/airflow/.local/lib/python3.7/site-packages/airflow/example_dags/example_branch_python_dop_operator_3.py
[2023-08-02T17:14:37.668+0000] {logging_mixin.py:150} INFO - [2023-08-02T17:14:37.668+0000] {dag.py:2742} INFO - Sync 1 DAGs
[2023-08-02T17:14:37.691+0000] {logging_mixin.py:150} INFO - [2023-08-02T17:14:37.691+0000] {dag.py:3508} INFO - Setting next_dagrun for example_branch_dop_operator_v3 to 2023-08-02T17:13:00+00:00, run_after=2023-08-02T17:14:00+00:00
[2023-08-02T17:14:37.705+0000] {processor.py:179} INFO - Processing /home/airflow/.local/lib/python3.7/site-packages/airflow/example_dags/example_branch_python_dop_operator_3.py took 0.077 seconds
[2023-08-02T18:59:10.791+0000] {processor.py:157} INFO - Started process (PID=2507) to work on /home/airflow/.local/lib/python3.7/site-packages/airflow/example_dags/example_branch_python_dop_operator_3.py
[2023-08-02T18:59:10.793+0000] {processor.py:826} INFO - Processing file /home/airflow/.local/lib/python3.7/site-packages/airflow/example_dags/example_branch_python_dop_operator_3.py for tasks to queue
[2023-08-02T18:59:10.794+0000] {logging_mixin.py:150} INFO - [2023-08-02T18:59:10.794+0000] {dagbag.py:541} INFO - Filling up the DagBag from /home/airflow/.local/lib/python3.7/site-packages/airflow/example_dags/example_branch_python_dop_operator_3.py
[2023-08-02T18:59:10.801+0000] {processor.py:836} INFO - DAG(s) dict_keys(['example_branch_dop_operator_v3']) retrieved from /home/airflow/.local/lib/python3.7/site-packages/airflow/example_dags/example_branch_python_dop_operator_3.py
[2023-08-02T18:59:10.832+0000] {logging_mixin.py:150} INFO - [2023-08-02T18:59:10.832+0000] {dag.py:2742} INFO - Sync 1 DAGs
[2023-08-02T18:59:10.855+0000] {logging_mixin.py:150} INFO - [2023-08-02T18:59:10.855+0000] {dag.py:3508} INFO - Setting next_dagrun for example_branch_dop_operator_v3 to 2023-08-02T18:58:00+00:00, run_after=2023-08-02T18:59:00+00:00
[2023-08-02T18:59:10.871+0000] {processor.py:179} INFO - Processing /home/airflow/.local/lib/python3.7/site-packages/airflow/example_dags/example_branch_python_dop_operator_3.py took 0.083 seconds
[2023-08-02T20:21:33.694+0000] {processor.py:157} INFO - Started process (PID=2565) to work on /home/airflow/.local/lib/python3.7/site-packages/airflow/example_dags/example_branch_python_dop_operator_3.py
[2023-08-02T20:21:33.698+0000] {processor.py:826} INFO - Processing file /home/airflow/.local/lib/python3.7/site-packages/airflow/example_dags/example_branch_python_dop_operator_3.py for tasks to queue
[2023-08-02T20:21:33.699+0000] {logging_mixin.py:150} INFO - [2023-08-02T20:21:33.699+0000] {dagbag.py:541} INFO - Filling up the DagBag from /home/airflow/.local/lib/python3.7/site-packages/airflow/example_dags/example_branch_python_dop_operator_3.py
[2023-08-02T20:21:33.708+0000] {processor.py:836} INFO - DAG(s) dict_keys(['example_branch_dop_operator_v3']) retrieved from /home/airflow/.local/lib/python3.7/site-packages/airflow/example_dags/example_branch_python_dop_operator_3.py
[2023-08-02T20:21:33.731+0000] {logging_mixin.py:150} INFO - [2023-08-02T20:21:33.731+0000] {dag.py:2742} INFO - Sync 1 DAGs
[2023-08-02T20:21:33.753+0000] {logging_mixin.py:150} INFO - [2023-08-02T20:21:33.753+0000] {dag.py:3508} INFO - Setting next_dagrun for example_branch_dop_operator_v3 to 2023-08-02T20:20:00+00:00, run_after=2023-08-02T20:21:00+00:00
[2023-08-02T20:21:33.769+0000] {processor.py:179} INFO - Processing /home/airflow/.local/lib/python3.7/site-packages/airflow/example_dags/example_branch_python_dop_operator_3.py took 0.078 seconds
[2023-08-02T22:03:29.026+0000] {processor.py:157} INFO - Started process (PID=2622) to work on /home/airflow/.local/lib/python3.7/site-packages/airflow/example_dags/example_branch_python_dop_operator_3.py
[2023-08-02T22:03:29.027+0000] {processor.py:826} INFO - Processing file /home/airflow/.local/lib/python3.7/site-packages/airflow/example_dags/example_branch_python_dop_operator_3.py for tasks to queue
[2023-08-02T22:03:29.032+0000] {logging_mixin.py:150} INFO - [2023-08-02T22:03:29.032+0000] {dagbag.py:541} INFO - Filling up the DagBag from /home/airflow/.local/lib/python3.7/site-packages/airflow/example_dags/example_branch_python_dop_operator_3.py
[2023-08-02T22:03:29.042+0000] {processor.py:836} INFO - DAG(s) dict_keys(['example_branch_dop_operator_v3']) retrieved from /home/airflow/.local/lib/python3.7/site-packages/airflow/example_dags/example_branch_python_dop_operator_3.py
[2023-08-02T22:03:29.066+0000] {logging_mixin.py:150} INFO - [2023-08-02T22:03:29.066+0000] {dag.py:2742} INFO - Sync 1 DAGs
[2023-08-02T22:03:29.088+0000] {logging_mixin.py:150} INFO - [2023-08-02T22:03:29.087+0000] {dag.py:3508} INFO - Setting next_dagrun for example_branch_dop_operator_v3 to 2023-08-02T22:02:00+00:00, run_after=2023-08-02T22:03:00+00:00
[2023-08-02T22:03:29.107+0000] {processor.py:179} INFO - Processing /home/airflow/.local/lib/python3.7/site-packages/airflow/example_dags/example_branch_python_dop_operator_3.py took 0.085 seconds
[2023-08-02T23:27:15.533+0000] {processor.py:157} INFO - Started process (PID=2679) to work on /home/airflow/.local/lib/python3.7/site-packages/airflow/example_dags/example_branch_python_dop_operator_3.py
[2023-08-02T23:27:15.535+0000] {processor.py:826} INFO - Processing file /home/airflow/.local/lib/python3.7/site-packages/airflow/example_dags/example_branch_python_dop_operator_3.py for tasks to queue
[2023-08-02T23:27:15.537+0000] {logging_mixin.py:150} INFO - [2023-08-02T23:27:15.536+0000] {dagbag.py:541} INFO - Filling up the DagBag from /home/airflow/.local/lib/python3.7/site-packages/airflow/example_dags/example_branch_python_dop_operator_3.py
[2023-08-02T23:27:15.543+0000] {processor.py:836} INFO - DAG(s) dict_keys(['example_branch_dop_operator_v3']) retrieved from /home/airflow/.local/lib/python3.7/site-packages/airflow/example_dags/example_branch_python_dop_operator_3.py
[2023-08-02T23:27:15.567+0000] {logging_mixin.py:150} INFO - [2023-08-02T23:27:15.567+0000] {dag.py:2742} INFO - Sync 1 DAGs
[2023-08-02T23:27:15.594+0000] {logging_mixin.py:150} INFO - [2023-08-02T23:27:15.594+0000] {dag.py:3508} INFO - Setting next_dagrun for example_branch_dop_operator_v3 to 2023-08-02T23:26:00+00:00, run_after=2023-08-02T23:27:00+00:00
[2023-08-02T23:27:15.608+0000] {processor.py:179} INFO - Processing /home/airflow/.local/lib/python3.7/site-packages/airflow/example_dags/example_branch_python_dop_operator_3.py took 0.077 seconds
