[2023-08-02T10:37:01.647+0000] {processor.py:157} INFO - Started process (PID=39) to work on /home/airflow/.local/lib/python3.7/site-packages/airflow/example_dags/example_sensors.py
[2023-08-02T10:37:01.649+0000] {processor.py:826} INFO - Processing file /home/airflow/.local/lib/python3.7/site-packages/airflow/example_dags/example_sensors.py for tasks to queue
[2023-08-02T10:37:01.654+0000] {logging_mixin.py:150} INFO - [2023-08-02T10:37:01.653+0000] {dagbag.py:541} INFO - Filling up the DagBag from /home/airflow/.local/lib/python3.7/site-packages/airflow/example_dags/example_sensors.py
[2023-08-02T10:37:01.676+0000] {processor.py:836} INFO - DAG(s) dict_keys(['example_sensors']) retrieved from /home/airflow/.local/lib/python3.7/site-packages/airflow/example_dags/example_sensors.py
[2023-08-02T10:37:01.695+0000] {logging_mixin.py:150} INFO - [2023-08-02T10:37:01.694+0000] {dag.py:2742} INFO - Sync 1 DAGs
[2023-08-02T10:37:01.724+0000] {logging_mixin.py:150} INFO - [2023-08-02T10:37:01.724+0000] {dag.py:3508} INFO - Setting next_dagrun for example_sensors to None, run_after=None
[2023-08-02T10:37:01.766+0000] {processor.py:179} INFO - Processing /home/airflow/.local/lib/python3.7/site-packages/airflow/example_dags/example_sensors.py took 0.124 seconds
[2023-08-02T10:37:32.071+0000] {processor.py:157} INFO - Started process (PID=96) to work on /home/airflow/.local/lib/python3.7/site-packages/airflow/example_dags/example_sensors.py
[2023-08-02T10:37:32.074+0000] {processor.py:826} INFO - Processing file /home/airflow/.local/lib/python3.7/site-packages/airflow/example_dags/example_sensors.py for tasks to queue
[2023-08-02T10:37:32.076+0000] {logging_mixin.py:150} INFO - [2023-08-02T10:37:32.076+0000] {dagbag.py:541} INFO - Filling up the DagBag from /home/airflow/.local/lib/python3.7/site-packages/airflow/example_dags/example_sensors.py
[2023-08-02T10:37:32.085+0000] {processor.py:836} INFO - DAG(s) dict_keys(['example_sensors']) retrieved from /home/airflow/.local/lib/python3.7/site-packages/airflow/example_dags/example_sensors.py
[2023-08-02T10:37:32.109+0000] {logging_mixin.py:150} INFO - [2023-08-02T10:37:32.109+0000] {dag.py:2742} INFO - Sync 1 DAGs
[2023-08-02T10:37:32.131+0000] {logging_mixin.py:150} INFO - [2023-08-02T10:37:32.131+0000] {dag.py:3508} INFO - Setting next_dagrun for example_sensors to None, run_after=None
[2023-08-02T10:37:32.147+0000] {processor.py:179} INFO - Processing /home/airflow/.local/lib/python3.7/site-packages/airflow/example_dags/example_sensors.py took 0.079 seconds
[2023-08-02T10:38:02.280+0000] {processor.py:157} INFO - Started process (PID=153) to work on /home/airflow/.local/lib/python3.7/site-packages/airflow/example_dags/example_sensors.py
[2023-08-02T10:38:02.281+0000] {processor.py:826} INFO - Processing file /home/airflow/.local/lib/python3.7/site-packages/airflow/example_dags/example_sensors.py for tasks to queue
[2023-08-02T10:38:02.283+0000] {logging_mixin.py:150} INFO - [2023-08-02T10:38:02.282+0000] {dagbag.py:541} INFO - Filling up the DagBag from /home/airflow/.local/lib/python3.7/site-packages/airflow/example_dags/example_sensors.py
[2023-08-02T10:38:02.292+0000] {processor.py:836} INFO - DAG(s) dict_keys(['example_sensors']) retrieved from /home/airflow/.local/lib/python3.7/site-packages/airflow/example_dags/example_sensors.py
[2023-08-02T10:38:02.315+0000] {logging_mixin.py:150} INFO - [2023-08-02T10:38:02.315+0000] {dag.py:2742} INFO - Sync 1 DAGs
[2023-08-02T10:38:02.332+0000] {logging_mixin.py:150} INFO - [2023-08-02T10:38:02.332+0000] {dag.py:3508} INFO - Setting next_dagrun for example_sensors to None, run_after=None
[2023-08-02T10:38:02.346+0000] {processor.py:179} INFO - Processing /home/airflow/.local/lib/python3.7/site-packages/airflow/example_dags/example_sensors.py took 0.069 seconds
[2023-08-02T10:38:32.888+0000] {processor.py:157} INFO - Started process (PID=210) to work on /home/airflow/.local/lib/python3.7/site-packages/airflow/example_dags/example_sensors.py
[2023-08-02T10:38:32.890+0000] {processor.py:826} INFO - Processing file /home/airflow/.local/lib/python3.7/site-packages/airflow/example_dags/example_sensors.py for tasks to queue
[2023-08-02T10:38:32.893+0000] {logging_mixin.py:150} INFO - [2023-08-02T10:38:32.892+0000] {dagbag.py:541} INFO - Filling up the DagBag from /home/airflow/.local/lib/python3.7/site-packages/airflow/example_dags/example_sensors.py
[2023-08-02T10:38:32.901+0000] {processor.py:836} INFO - DAG(s) dict_keys(['example_sensors']) retrieved from /home/airflow/.local/lib/python3.7/site-packages/airflow/example_dags/example_sensors.py
[2023-08-02T10:38:32.926+0000] {logging_mixin.py:150} INFO - [2023-08-02T10:38:32.926+0000] {dag.py:2742} INFO - Sync 1 DAGs
[2023-08-02T10:38:32.945+0000] {logging_mixin.py:150} INFO - [2023-08-02T10:38:32.945+0000] {dag.py:3508} INFO - Setting next_dagrun for example_sensors to None, run_after=None
[2023-08-02T10:38:32.957+0000] {processor.py:179} INFO - Processing /home/airflow/.local/lib/python3.7/site-packages/airflow/example_dags/example_sensors.py took 0.072 seconds
[2023-08-02T10:39:03.340+0000] {processor.py:157} INFO - Started process (PID=267) to work on /home/airflow/.local/lib/python3.7/site-packages/airflow/example_dags/example_sensors.py
[2023-08-02T10:39:03.342+0000] {processor.py:826} INFO - Processing file /home/airflow/.local/lib/python3.7/site-packages/airflow/example_dags/example_sensors.py for tasks to queue
[2023-08-02T10:39:03.343+0000] {logging_mixin.py:150} INFO - [2023-08-02T10:39:03.343+0000] {dagbag.py:541} INFO - Filling up the DagBag from /home/airflow/.local/lib/python3.7/site-packages/airflow/example_dags/example_sensors.py
[2023-08-02T10:39:03.351+0000] {processor.py:836} INFO - DAG(s) dict_keys(['example_sensors']) retrieved from /home/airflow/.local/lib/python3.7/site-packages/airflow/example_dags/example_sensors.py
[2023-08-02T10:39:03.381+0000] {logging_mixin.py:150} INFO - [2023-08-02T10:39:03.381+0000] {dag.py:2742} INFO - Sync 1 DAGs
[2023-08-02T10:39:03.400+0000] {logging_mixin.py:150} INFO - [2023-08-02T10:39:03.400+0000] {dag.py:3508} INFO - Setting next_dagrun for example_sensors to None, run_after=None
[2023-08-02T10:39:03.413+0000] {processor.py:179} INFO - Processing /home/airflow/.local/lib/python3.7/site-packages/airflow/example_dags/example_sensors.py took 0.076 seconds
[2023-08-02T10:39:33.640+0000] {processor.py:157} INFO - Started process (PID=324) to work on /home/airflow/.local/lib/python3.7/site-packages/airflow/example_dags/example_sensors.py
[2023-08-02T10:39:33.642+0000] {processor.py:826} INFO - Processing file /home/airflow/.local/lib/python3.7/site-packages/airflow/example_dags/example_sensors.py for tasks to queue
[2023-08-02T10:39:33.644+0000] {logging_mixin.py:150} INFO - [2023-08-02T10:39:33.644+0000] {dagbag.py:541} INFO - Filling up the DagBag from /home/airflow/.local/lib/python3.7/site-packages/airflow/example_dags/example_sensors.py
[2023-08-02T10:39:33.659+0000] {processor.py:836} INFO - DAG(s) dict_keys(['example_sensors']) retrieved from /home/airflow/.local/lib/python3.7/site-packages/airflow/example_dags/example_sensors.py
[2023-08-02T10:39:33.683+0000] {logging_mixin.py:150} INFO - [2023-08-02T10:39:33.682+0000] {dag.py:2742} INFO - Sync 1 DAGs
[2023-08-02T10:39:33.700+0000] {logging_mixin.py:150} INFO - [2023-08-02T10:39:33.700+0000] {dag.py:3508} INFO - Setting next_dagrun for example_sensors to None, run_after=None
[2023-08-02T10:39:33.713+0000] {processor.py:179} INFO - Processing /home/airflow/.local/lib/python3.7/site-packages/airflow/example_dags/example_sensors.py took 0.076 seconds
[2023-08-02T10:40:03.944+0000] {processor.py:157} INFO - Started process (PID=380) to work on /home/airflow/.local/lib/python3.7/site-packages/airflow/example_dags/example_sensors.py
[2023-08-02T10:40:03.954+0000] {processor.py:826} INFO - Processing file /home/airflow/.local/lib/python3.7/site-packages/airflow/example_dags/example_sensors.py for tasks to queue
[2023-08-02T10:40:03.955+0000] {logging_mixin.py:150} INFO - [2023-08-02T10:40:03.955+0000] {dagbag.py:541} INFO - Filling up the DagBag from /home/airflow/.local/lib/python3.7/site-packages/airflow/example_dags/example_sensors.py
[2023-08-02T10:40:03.964+0000] {processor.py:836} INFO - DAG(s) dict_keys(['example_sensors']) retrieved from /home/airflow/.local/lib/python3.7/site-packages/airflow/example_dags/example_sensors.py
[2023-08-02T10:40:03.994+0000] {logging_mixin.py:150} INFO - [2023-08-02T10:40:03.994+0000] {dag.py:2742} INFO - Sync 1 DAGs
[2023-08-02T10:40:04.028+0000] {logging_mixin.py:150} INFO - [2023-08-02T10:40:04.027+0000] {dag.py:3508} INFO - Setting next_dagrun for example_sensors to None, run_after=None
[2023-08-02T10:40:04.077+0000] {processor.py:179} INFO - Processing /home/airflow/.local/lib/python3.7/site-packages/airflow/example_dags/example_sensors.py took 0.136 seconds
[2023-08-02T10:40:34.460+0000] {processor.py:157} INFO - Started process (PID=437) to work on /home/airflow/.local/lib/python3.7/site-packages/airflow/example_dags/example_sensors.py
[2023-08-02T10:40:34.462+0000] {processor.py:826} INFO - Processing file /home/airflow/.local/lib/python3.7/site-packages/airflow/example_dags/example_sensors.py for tasks to queue
[2023-08-02T10:40:34.463+0000] {logging_mixin.py:150} INFO - [2023-08-02T10:40:34.463+0000] {dagbag.py:541} INFO - Filling up the DagBag from /home/airflow/.local/lib/python3.7/site-packages/airflow/example_dags/example_sensors.py
[2023-08-02T10:40:34.471+0000] {processor.py:836} INFO - DAG(s) dict_keys(['example_sensors']) retrieved from /home/airflow/.local/lib/python3.7/site-packages/airflow/example_dags/example_sensors.py
[2023-08-02T10:40:34.499+0000] {logging_mixin.py:150} INFO - [2023-08-02T10:40:34.499+0000] {dag.py:2742} INFO - Sync 1 DAGs
[2023-08-02T10:40:34.580+0000] {logging_mixin.py:150} INFO - [2023-08-02T10:40:34.580+0000] {dag.py:3508} INFO - Setting next_dagrun for example_sensors to None, run_after=None
[2023-08-02T10:40:34.594+0000] {processor.py:179} INFO - Processing /home/airflow/.local/lib/python3.7/site-packages/airflow/example_dags/example_sensors.py took 0.138 seconds
[2023-08-02T10:41:05.092+0000] {processor.py:157} INFO - Started process (PID=494) to work on /home/airflow/.local/lib/python3.7/site-packages/airflow/example_dags/example_sensors.py
[2023-08-02T10:41:05.096+0000] {processor.py:826} INFO - Processing file /home/airflow/.local/lib/python3.7/site-packages/airflow/example_dags/example_sensors.py for tasks to queue
[2023-08-02T10:41:05.102+0000] {logging_mixin.py:150} INFO - [2023-08-02T10:41:05.102+0000] {dagbag.py:541} INFO - Filling up the DagBag from /home/airflow/.local/lib/python3.7/site-packages/airflow/example_dags/example_sensors.py
[2023-08-02T10:41:05.116+0000] {processor.py:836} INFO - DAG(s) dict_keys(['example_sensors']) retrieved from /home/airflow/.local/lib/python3.7/site-packages/airflow/example_dags/example_sensors.py
[2023-08-02T10:41:05.158+0000] {logging_mixin.py:150} INFO - [2023-08-02T10:41:05.158+0000] {dag.py:2742} INFO - Sync 1 DAGs
[2023-08-02T10:41:05.185+0000] {logging_mixin.py:150} INFO - [2023-08-02T10:41:05.184+0000] {dag.py:3508} INFO - Setting next_dagrun for example_sensors to None, run_after=None
[2023-08-02T10:41:05.219+0000] {processor.py:179} INFO - Processing /home/airflow/.local/lib/python3.7/site-packages/airflow/example_dags/example_sensors.py took 0.134 seconds
[2023-08-02T10:41:35.547+0000] {processor.py:157} INFO - Started process (PID=551) to work on /home/airflow/.local/lib/python3.7/site-packages/airflow/example_dags/example_sensors.py
[2023-08-02T10:41:35.549+0000] {processor.py:826} INFO - Processing file /home/airflow/.local/lib/python3.7/site-packages/airflow/example_dags/example_sensors.py for tasks to queue
[2023-08-02T10:41:35.550+0000] {logging_mixin.py:150} INFO - [2023-08-02T10:41:35.550+0000] {dagbag.py:541} INFO - Filling up the DagBag from /home/airflow/.local/lib/python3.7/site-packages/airflow/example_dags/example_sensors.py
[2023-08-02T10:41:35.558+0000] {processor.py:836} INFO - DAG(s) dict_keys(['example_sensors']) retrieved from /home/airflow/.local/lib/python3.7/site-packages/airflow/example_dags/example_sensors.py
[2023-08-02T10:41:35.583+0000] {logging_mixin.py:150} INFO - [2023-08-02T10:41:35.583+0000] {dag.py:2742} INFO - Sync 1 DAGs
[2023-08-02T10:41:35.603+0000] {logging_mixin.py:150} INFO - [2023-08-02T10:41:35.602+0000] {dag.py:3508} INFO - Setting next_dagrun for example_sensors to None, run_after=None
[2023-08-02T10:41:35.648+0000] {processor.py:179} INFO - Processing /home/airflow/.local/lib/python3.7/site-packages/airflow/example_dags/example_sensors.py took 0.104 seconds
[2023-08-02T10:42:06.142+0000] {processor.py:157} INFO - Started process (PID=608) to work on /home/airflow/.local/lib/python3.7/site-packages/airflow/example_dags/example_sensors.py
[2023-08-02T10:42:06.160+0000] {processor.py:826} INFO - Processing file /home/airflow/.local/lib/python3.7/site-packages/airflow/example_dags/example_sensors.py for tasks to queue
[2023-08-02T10:42:06.163+0000] {logging_mixin.py:150} INFO - [2023-08-02T10:42:06.162+0000] {dagbag.py:541} INFO - Filling up the DagBag from /home/airflow/.local/lib/python3.7/site-packages/airflow/example_dags/example_sensors.py
[2023-08-02T10:42:06.176+0000] {processor.py:836} INFO - DAG(s) dict_keys(['example_sensors']) retrieved from /home/airflow/.local/lib/python3.7/site-packages/airflow/example_dags/example_sensors.py
[2023-08-02T10:42:06.220+0000] {logging_mixin.py:150} INFO - [2023-08-02T10:42:06.220+0000] {dag.py:2742} INFO - Sync 1 DAGs
[2023-08-02T10:42:06.250+0000] {logging_mixin.py:150} INFO - [2023-08-02T10:42:06.249+0000] {dag.py:3508} INFO - Setting next_dagrun for example_sensors to None, run_after=None
[2023-08-02T10:42:06.268+0000] {processor.py:179} INFO - Processing /home/airflow/.local/lib/python3.7/site-packages/airflow/example_dags/example_sensors.py took 0.130 seconds
[2023-08-02T10:42:36.738+0000] {processor.py:157} INFO - Started process (PID=664) to work on /home/airflow/.local/lib/python3.7/site-packages/airflow/example_dags/example_sensors.py
[2023-08-02T10:42:36.752+0000] {processor.py:826} INFO - Processing file /home/airflow/.local/lib/python3.7/site-packages/airflow/example_dags/example_sensors.py for tasks to queue
[2023-08-02T10:42:36.753+0000] {logging_mixin.py:150} INFO - [2023-08-02T10:42:36.753+0000] {dagbag.py:541} INFO - Filling up the DagBag from /home/airflow/.local/lib/python3.7/site-packages/airflow/example_dags/example_sensors.py
[2023-08-02T10:42:36.762+0000] {processor.py:836} INFO - DAG(s) dict_keys(['example_sensors']) retrieved from /home/airflow/.local/lib/python3.7/site-packages/airflow/example_dags/example_sensors.py
[2023-08-02T10:42:36.786+0000] {logging_mixin.py:150} INFO - [2023-08-02T10:42:36.786+0000] {dag.py:2742} INFO - Sync 1 DAGs
[2023-08-02T10:42:36.805+0000] {logging_mixin.py:150} INFO - [2023-08-02T10:42:36.804+0000] {dag.py:3508} INFO - Setting next_dagrun for example_sensors to None, run_after=None
[2023-08-02T10:42:36.820+0000] {processor.py:179} INFO - Processing /home/airflow/.local/lib/python3.7/site-packages/airflow/example_dags/example_sensors.py took 0.086 seconds
[2023-08-02T10:43:07.293+0000] {processor.py:157} INFO - Started process (PID=721) to work on /home/airflow/.local/lib/python3.7/site-packages/airflow/example_dags/example_sensors.py
[2023-08-02T10:43:07.294+0000] {processor.py:826} INFO - Processing file /home/airflow/.local/lib/python3.7/site-packages/airflow/example_dags/example_sensors.py for tasks to queue
[2023-08-02T10:43:07.296+0000] {logging_mixin.py:150} INFO - [2023-08-02T10:43:07.295+0000] {dagbag.py:541} INFO - Filling up the DagBag from /home/airflow/.local/lib/python3.7/site-packages/airflow/example_dags/example_sensors.py
[2023-08-02T10:43:07.305+0000] {processor.py:836} INFO - DAG(s) dict_keys(['example_sensors']) retrieved from /home/airflow/.local/lib/python3.7/site-packages/airflow/example_dags/example_sensors.py
[2023-08-02T10:43:07.334+0000] {logging_mixin.py:150} INFO - [2023-08-02T10:43:07.334+0000] {dag.py:2742} INFO - Sync 1 DAGs
[2023-08-02T10:43:07.387+0000] {logging_mixin.py:150} INFO - [2023-08-02T10:43:07.387+0000] {dag.py:3508} INFO - Setting next_dagrun for example_sensors to None, run_after=None
[2023-08-02T10:43:07.401+0000] {processor.py:179} INFO - Processing /home/airflow/.local/lib/python3.7/site-packages/airflow/example_dags/example_sensors.py took 0.111 seconds
[2023-08-02T10:43:37.794+0000] {processor.py:157} INFO - Started process (PID=778) to work on /home/airflow/.local/lib/python3.7/site-packages/airflow/example_dags/example_sensors.py
[2023-08-02T10:43:37.798+0000] {processor.py:826} INFO - Processing file /home/airflow/.local/lib/python3.7/site-packages/airflow/example_dags/example_sensors.py for tasks to queue
[2023-08-02T10:43:37.800+0000] {logging_mixin.py:150} INFO - [2023-08-02T10:43:37.799+0000] {dagbag.py:541} INFO - Filling up the DagBag from /home/airflow/.local/lib/python3.7/site-packages/airflow/example_dags/example_sensors.py
[2023-08-02T10:43:37.809+0000] {processor.py:836} INFO - DAG(s) dict_keys(['example_sensors']) retrieved from /home/airflow/.local/lib/python3.7/site-packages/airflow/example_dags/example_sensors.py
[2023-08-02T10:43:37.838+0000] {logging_mixin.py:150} INFO - [2023-08-02T10:43:37.838+0000] {dag.py:2742} INFO - Sync 1 DAGs
[2023-08-02T10:43:37.857+0000] {logging_mixin.py:150} INFO - [2023-08-02T10:43:37.857+0000] {dag.py:3508} INFO - Setting next_dagrun for example_sensors to None, run_after=None
[2023-08-02T10:43:37.871+0000] {processor.py:179} INFO - Processing /home/airflow/.local/lib/python3.7/site-packages/airflow/example_dags/example_sensors.py took 0.080 seconds
[2023-08-02T10:44:07.991+0000] {processor.py:157} INFO - Started process (PID=834) to work on /home/airflow/.local/lib/python3.7/site-packages/airflow/example_dags/example_sensors.py
[2023-08-02T10:44:07.998+0000] {processor.py:826} INFO - Processing file /home/airflow/.local/lib/python3.7/site-packages/airflow/example_dags/example_sensors.py for tasks to queue
[2023-08-02T10:44:07.999+0000] {logging_mixin.py:150} INFO - [2023-08-02T10:44:07.999+0000] {dagbag.py:541} INFO - Filling up the DagBag from /home/airflow/.local/lib/python3.7/site-packages/airflow/example_dags/example_sensors.py
[2023-08-02T10:44:08.008+0000] {processor.py:836} INFO - DAG(s) dict_keys(['example_sensors']) retrieved from /home/airflow/.local/lib/python3.7/site-packages/airflow/example_dags/example_sensors.py
[2023-08-02T10:44:08.031+0000] {logging_mixin.py:150} INFO - [2023-08-02T10:44:08.030+0000] {dag.py:2742} INFO - Sync 1 DAGs
[2023-08-02T10:44:08.048+0000] {logging_mixin.py:150} INFO - [2023-08-02T10:44:08.048+0000] {dag.py:3508} INFO - Setting next_dagrun for example_sensors to None, run_after=None
[2023-08-02T10:44:08.060+0000] {processor.py:179} INFO - Processing /home/airflow/.local/lib/python3.7/site-packages/airflow/example_dags/example_sensors.py took 0.073 seconds
[2023-08-02T10:44:38.324+0000] {processor.py:157} INFO - Started process (PID=891) to work on /home/airflow/.local/lib/python3.7/site-packages/airflow/example_dags/example_sensors.py
[2023-08-02T10:44:38.325+0000] {processor.py:826} INFO - Processing file /home/airflow/.local/lib/python3.7/site-packages/airflow/example_dags/example_sensors.py for tasks to queue
[2023-08-02T10:44:38.326+0000] {logging_mixin.py:150} INFO - [2023-08-02T10:44:38.326+0000] {dagbag.py:541} INFO - Filling up the DagBag from /home/airflow/.local/lib/python3.7/site-packages/airflow/example_dags/example_sensors.py
[2023-08-02T10:44:38.334+0000] {processor.py:836} INFO - DAG(s) dict_keys(['example_sensors']) retrieved from /home/airflow/.local/lib/python3.7/site-packages/airflow/example_dags/example_sensors.py
[2023-08-02T10:44:38.359+0000] {logging_mixin.py:150} INFO - [2023-08-02T10:44:38.359+0000] {dag.py:2742} INFO - Sync 1 DAGs
[2023-08-02T10:44:38.379+0000] {logging_mixin.py:150} INFO - [2023-08-02T10:44:38.379+0000] {dag.py:3508} INFO - Setting next_dagrun for example_sensors to None, run_after=None
[2023-08-02T10:44:38.392+0000] {processor.py:179} INFO - Processing /home/airflow/.local/lib/python3.7/site-packages/airflow/example_dags/example_sensors.py took 0.071 seconds
[2023-08-02T10:45:08.607+0000] {processor.py:157} INFO - Started process (PID=948) to work on /home/airflow/.local/lib/python3.7/site-packages/airflow/example_dags/example_sensors.py
[2023-08-02T10:45:08.621+0000] {processor.py:826} INFO - Processing file /home/airflow/.local/lib/python3.7/site-packages/airflow/example_dags/example_sensors.py for tasks to queue
[2023-08-02T10:45:08.623+0000] {logging_mixin.py:150} INFO - [2023-08-02T10:45:08.622+0000] {dagbag.py:541} INFO - Filling up the DagBag from /home/airflow/.local/lib/python3.7/site-packages/airflow/example_dags/example_sensors.py
[2023-08-02T10:45:08.637+0000] {processor.py:836} INFO - DAG(s) dict_keys(['example_sensors']) retrieved from /home/airflow/.local/lib/python3.7/site-packages/airflow/example_dags/example_sensors.py
[2023-08-02T10:45:08.660+0000] {logging_mixin.py:150} INFO - [2023-08-02T10:45:08.660+0000] {dag.py:2742} INFO - Sync 1 DAGs
[2023-08-02T10:45:08.681+0000] {logging_mixin.py:150} INFO - [2023-08-02T10:45:08.681+0000] {dag.py:3508} INFO - Setting next_dagrun for example_sensors to None, run_after=None
[2023-08-02T10:45:08.709+0000] {processor.py:179} INFO - Processing /home/airflow/.local/lib/python3.7/site-packages/airflow/example_dags/example_sensors.py took 0.104 seconds
[2023-08-02T10:45:38.937+0000] {processor.py:157} INFO - Started process (PID=1005) to work on /home/airflow/.local/lib/python3.7/site-packages/airflow/example_dags/example_sensors.py
[2023-08-02T10:45:38.939+0000] {processor.py:826} INFO - Processing file /home/airflow/.local/lib/python3.7/site-packages/airflow/example_dags/example_sensors.py for tasks to queue
[2023-08-02T10:45:38.941+0000] {logging_mixin.py:150} INFO - [2023-08-02T10:45:38.941+0000] {dagbag.py:541} INFO - Filling up the DagBag from /home/airflow/.local/lib/python3.7/site-packages/airflow/example_dags/example_sensors.py
[2023-08-02T10:45:38.949+0000] {processor.py:836} INFO - DAG(s) dict_keys(['example_sensors']) retrieved from /home/airflow/.local/lib/python3.7/site-packages/airflow/example_dags/example_sensors.py
[2023-08-02T10:45:38.974+0000] {logging_mixin.py:150} INFO - [2023-08-02T10:45:38.974+0000] {dag.py:2742} INFO - Sync 1 DAGs
[2023-08-02T10:45:39.038+0000] {logging_mixin.py:150} INFO - [2023-08-02T10:45:39.038+0000] {dag.py:3508} INFO - Setting next_dagrun for example_sensors to None, run_after=None
[2023-08-02T10:45:39.056+0000] {processor.py:179} INFO - Processing /home/airflow/.local/lib/python3.7/site-packages/airflow/example_dags/example_sensors.py took 0.122 seconds
[2023-08-02T10:46:09.285+0000] {processor.py:157} INFO - Started process (PID=1062) to work on /home/airflow/.local/lib/python3.7/site-packages/airflow/example_dags/example_sensors.py
[2023-08-02T10:46:09.288+0000] {processor.py:826} INFO - Processing file /home/airflow/.local/lib/python3.7/site-packages/airflow/example_dags/example_sensors.py for tasks to queue
[2023-08-02T10:46:09.291+0000] {logging_mixin.py:150} INFO - [2023-08-02T10:46:09.291+0000] {dagbag.py:541} INFO - Filling up the DagBag from /home/airflow/.local/lib/python3.7/site-packages/airflow/example_dags/example_sensors.py
[2023-08-02T10:46:09.304+0000] {processor.py:836} INFO - DAG(s) dict_keys(['example_sensors']) retrieved from /home/airflow/.local/lib/python3.7/site-packages/airflow/example_dags/example_sensors.py
[2023-08-02T10:46:09.337+0000] {logging_mixin.py:150} INFO - [2023-08-02T10:46:09.337+0000] {dag.py:2742} INFO - Sync 1 DAGs
[2023-08-02T10:46:09.357+0000] {logging_mixin.py:150} INFO - [2023-08-02T10:46:09.357+0000] {dag.py:3508} INFO - Setting next_dagrun for example_sensors to None, run_after=None
[2023-08-02T10:46:09.373+0000] {processor.py:179} INFO - Processing /home/airflow/.local/lib/python3.7/site-packages/airflow/example_dags/example_sensors.py took 0.092 seconds
[2023-08-02T10:46:39.759+0000] {processor.py:157} INFO - Started process (PID=1119) to work on /home/airflow/.local/lib/python3.7/site-packages/airflow/example_dags/example_sensors.py
[2023-08-02T10:46:39.823+0000] {processor.py:826} INFO - Processing file /home/airflow/.local/lib/python3.7/site-packages/airflow/example_dags/example_sensors.py for tasks to queue
[2023-08-02T10:46:39.835+0000] {logging_mixin.py:150} INFO - [2023-08-02T10:46:39.835+0000] {dagbag.py:541} INFO - Filling up the DagBag from /home/airflow/.local/lib/python3.7/site-packages/airflow/example_dags/example_sensors.py
[2023-08-02T10:46:39.848+0000] {processor.py:836} INFO - DAG(s) dict_keys(['example_sensors']) retrieved from /home/airflow/.local/lib/python3.7/site-packages/airflow/example_dags/example_sensors.py
[2023-08-02T10:46:39.884+0000] {logging_mixin.py:150} INFO - [2023-08-02T10:46:39.884+0000] {dag.py:2742} INFO - Sync 1 DAGs
[2023-08-02T10:46:39.920+0000] {logging_mixin.py:150} INFO - [2023-08-02T10:46:39.920+0000] {dag.py:3508} INFO - Setting next_dagrun for example_sensors to None, run_after=None
[2023-08-02T10:46:39.971+0000] {processor.py:179} INFO - Processing /home/airflow/.local/lib/python3.7/site-packages/airflow/example_dags/example_sensors.py took 0.217 seconds
[2023-08-02T10:47:10.462+0000] {processor.py:157} INFO - Started process (PID=1176) to work on /home/airflow/.local/lib/python3.7/site-packages/airflow/example_dags/example_sensors.py
[2023-08-02T10:47:10.463+0000] {processor.py:826} INFO - Processing file /home/airflow/.local/lib/python3.7/site-packages/airflow/example_dags/example_sensors.py for tasks to queue
[2023-08-02T10:47:10.465+0000] {logging_mixin.py:150} INFO - [2023-08-02T10:47:10.464+0000] {dagbag.py:541} INFO - Filling up the DagBag from /home/airflow/.local/lib/python3.7/site-packages/airflow/example_dags/example_sensors.py
[2023-08-02T10:47:10.473+0000] {processor.py:836} INFO - DAG(s) dict_keys(['example_sensors']) retrieved from /home/airflow/.local/lib/python3.7/site-packages/airflow/example_dags/example_sensors.py
[2023-08-02T10:47:10.502+0000] {logging_mixin.py:150} INFO - [2023-08-02T10:47:10.502+0000] {dag.py:2742} INFO - Sync 1 DAGs
[2023-08-02T10:47:10.528+0000] {logging_mixin.py:150} INFO - [2023-08-02T10:47:10.528+0000] {dag.py:3508} INFO - Setting next_dagrun for example_sensors to None, run_after=None
[2023-08-02T10:47:10.541+0000] {processor.py:179} INFO - Processing /home/airflow/.local/lib/python3.7/site-packages/airflow/example_dags/example_sensors.py took 0.083 seconds
[2023-08-02T10:47:40.772+0000] {processor.py:157} INFO - Started process (PID=1233) to work on /home/airflow/.local/lib/python3.7/site-packages/airflow/example_dags/example_sensors.py
[2023-08-02T10:47:40.774+0000] {processor.py:826} INFO - Processing file /home/airflow/.local/lib/python3.7/site-packages/airflow/example_dags/example_sensors.py for tasks to queue
[2023-08-02T10:47:40.776+0000] {logging_mixin.py:150} INFO - [2023-08-02T10:47:40.775+0000] {dagbag.py:541} INFO - Filling up the DagBag from /home/airflow/.local/lib/python3.7/site-packages/airflow/example_dags/example_sensors.py
[2023-08-02T10:47:40.784+0000] {processor.py:836} INFO - DAG(s) dict_keys(['example_sensors']) retrieved from /home/airflow/.local/lib/python3.7/site-packages/airflow/example_dags/example_sensors.py
[2023-08-02T10:47:40.810+0000] {logging_mixin.py:150} INFO - [2023-08-02T10:47:40.810+0000] {dag.py:2742} INFO - Sync 1 DAGs
[2023-08-02T10:47:40.835+0000] {logging_mixin.py:150} INFO - [2023-08-02T10:47:40.835+0000] {dag.py:3508} INFO - Setting next_dagrun for example_sensors to None, run_after=None
[2023-08-02T10:47:40.848+0000] {processor.py:179} INFO - Processing /home/airflow/.local/lib/python3.7/site-packages/airflow/example_dags/example_sensors.py took 0.079 seconds
[2023-08-02T10:48:11.110+0000] {processor.py:157} INFO - Started process (PID=1290) to work on /home/airflow/.local/lib/python3.7/site-packages/airflow/example_dags/example_sensors.py
[2023-08-02T10:48:11.111+0000] {processor.py:826} INFO - Processing file /home/airflow/.local/lib/python3.7/site-packages/airflow/example_dags/example_sensors.py for tasks to queue
[2023-08-02T10:48:11.112+0000] {logging_mixin.py:150} INFO - [2023-08-02T10:48:11.112+0000] {dagbag.py:541} INFO - Filling up the DagBag from /home/airflow/.local/lib/python3.7/site-packages/airflow/example_dags/example_sensors.py
[2023-08-02T10:48:11.120+0000] {processor.py:836} INFO - DAG(s) dict_keys(['example_sensors']) retrieved from /home/airflow/.local/lib/python3.7/site-packages/airflow/example_dags/example_sensors.py
[2023-08-02T10:48:11.155+0000] {logging_mixin.py:150} INFO - [2023-08-02T10:48:11.155+0000] {dag.py:2742} INFO - Sync 1 DAGs
[2023-08-02T10:48:11.176+0000] {logging_mixin.py:150} INFO - [2023-08-02T10:48:11.176+0000] {dag.py:3508} INFO - Setting next_dagrun for example_sensors to None, run_after=None
[2023-08-02T10:48:11.192+0000] {processor.py:179} INFO - Processing /home/airflow/.local/lib/python3.7/site-packages/airflow/example_dags/example_sensors.py took 0.085 seconds
[2023-08-02T10:48:41.321+0000] {processor.py:157} INFO - Started process (PID=1347) to work on /home/airflow/.local/lib/python3.7/site-packages/airflow/example_dags/example_sensors.py
[2023-08-02T10:48:41.323+0000] {processor.py:826} INFO - Processing file /home/airflow/.local/lib/python3.7/site-packages/airflow/example_dags/example_sensors.py for tasks to queue
[2023-08-02T10:48:41.324+0000] {logging_mixin.py:150} INFO - [2023-08-02T10:48:41.324+0000] {dagbag.py:541} INFO - Filling up the DagBag from /home/airflow/.local/lib/python3.7/site-packages/airflow/example_dags/example_sensors.py
[2023-08-02T10:48:41.332+0000] {processor.py:836} INFO - DAG(s) dict_keys(['example_sensors']) retrieved from /home/airflow/.local/lib/python3.7/site-packages/airflow/example_dags/example_sensors.py
[2023-08-02T10:48:41.358+0000] {logging_mixin.py:150} INFO - [2023-08-02T10:48:41.358+0000] {dag.py:2742} INFO - Sync 1 DAGs
[2023-08-02T10:48:41.376+0000] {logging_mixin.py:150} INFO - [2023-08-02T10:48:41.376+0000] {dag.py:3508} INFO - Setting next_dagrun for example_sensors to None, run_after=None
[2023-08-02T10:48:41.389+0000] {processor.py:179} INFO - Processing /home/airflow/.local/lib/python3.7/site-packages/airflow/example_dags/example_sensors.py took 0.071 seconds
[2023-08-02T10:49:11.719+0000] {processor.py:157} INFO - Started process (PID=1404) to work on /home/airflow/.local/lib/python3.7/site-packages/airflow/example_dags/example_sensors.py
[2023-08-02T10:49:11.722+0000] {processor.py:826} INFO - Processing file /home/airflow/.local/lib/python3.7/site-packages/airflow/example_dags/example_sensors.py for tasks to queue
[2023-08-02T10:49:11.723+0000] {logging_mixin.py:150} INFO - [2023-08-02T10:49:11.723+0000] {dagbag.py:541} INFO - Filling up the DagBag from /home/airflow/.local/lib/python3.7/site-packages/airflow/example_dags/example_sensors.py
[2023-08-02T10:49:11.732+0000] {processor.py:836} INFO - DAG(s) dict_keys(['example_sensors']) retrieved from /home/airflow/.local/lib/python3.7/site-packages/airflow/example_dags/example_sensors.py
[2023-08-02T10:49:11.762+0000] {logging_mixin.py:150} INFO - [2023-08-02T10:49:11.762+0000] {dag.py:2742} INFO - Sync 1 DAGs
[2023-08-02T10:49:11.787+0000] {logging_mixin.py:150} INFO - [2023-08-02T10:49:11.787+0000] {dag.py:3508} INFO - Setting next_dagrun for example_sensors to None, run_after=None
[2023-08-02T10:49:11.800+0000] {processor.py:179} INFO - Processing /home/airflow/.local/lib/python3.7/site-packages/airflow/example_dags/example_sensors.py took 0.084 seconds
[2023-08-02T10:49:41.974+0000] {processor.py:157} INFO - Started process (PID=1461) to work on /home/airflow/.local/lib/python3.7/site-packages/airflow/example_dags/example_sensors.py
[2023-08-02T10:49:41.977+0000] {processor.py:826} INFO - Processing file /home/airflow/.local/lib/python3.7/site-packages/airflow/example_dags/example_sensors.py for tasks to queue
[2023-08-02T10:49:41.979+0000] {logging_mixin.py:150} INFO - [2023-08-02T10:49:41.979+0000] {dagbag.py:541} INFO - Filling up the DagBag from /home/airflow/.local/lib/python3.7/site-packages/airflow/example_dags/example_sensors.py
[2023-08-02T10:49:42.006+0000] {processor.py:836} INFO - DAG(s) dict_keys(['example_sensors']) retrieved from /home/airflow/.local/lib/python3.7/site-packages/airflow/example_dags/example_sensors.py
[2023-08-02T10:49:42.032+0000] {logging_mixin.py:150} INFO - [2023-08-02T10:49:42.032+0000] {dag.py:2742} INFO - Sync 1 DAGs
[2023-08-02T10:49:42.096+0000] {logging_mixin.py:150} INFO - [2023-08-02T10:49:42.096+0000] {dag.py:3508} INFO - Setting next_dagrun for example_sensors to None, run_after=None
[2023-08-02T10:49:42.110+0000] {processor.py:179} INFO - Processing /home/airflow/.local/lib/python3.7/site-packages/airflow/example_dags/example_sensors.py took 0.139 seconds
[2023-08-02T10:50:12.332+0000] {processor.py:157} INFO - Started process (PID=1518) to work on /home/airflow/.local/lib/python3.7/site-packages/airflow/example_dags/example_sensors.py
[2023-08-02T10:50:12.334+0000] {processor.py:826} INFO - Processing file /home/airflow/.local/lib/python3.7/site-packages/airflow/example_dags/example_sensors.py for tasks to queue
[2023-08-02T10:50:12.335+0000] {logging_mixin.py:150} INFO - [2023-08-02T10:50:12.335+0000] {dagbag.py:541} INFO - Filling up the DagBag from /home/airflow/.local/lib/python3.7/site-packages/airflow/example_dags/example_sensors.py
[2023-08-02T10:50:12.344+0000] {processor.py:836} INFO - DAG(s) dict_keys(['example_sensors']) retrieved from /home/airflow/.local/lib/python3.7/site-packages/airflow/example_dags/example_sensors.py
[2023-08-02T10:50:12.369+0000] {logging_mixin.py:150} INFO - [2023-08-02T10:50:12.368+0000] {dag.py:2742} INFO - Sync 1 DAGs
[2023-08-02T10:50:12.386+0000] {logging_mixin.py:150} INFO - [2023-08-02T10:50:12.386+0000] {dag.py:3508} INFO - Setting next_dagrun for example_sensors to None, run_after=None
[2023-08-02T10:50:12.403+0000] {processor.py:179} INFO - Processing /home/airflow/.local/lib/python3.7/site-packages/airflow/example_dags/example_sensors.py took 0.074 seconds
[2023-08-02T10:50:42.937+0000] {processor.py:157} INFO - Started process (PID=1575) to work on /home/airflow/.local/lib/python3.7/site-packages/airflow/example_dags/example_sensors.py
[2023-08-02T10:50:42.941+0000] {processor.py:826} INFO - Processing file /home/airflow/.local/lib/python3.7/site-packages/airflow/example_dags/example_sensors.py for tasks to queue
[2023-08-02T10:50:42.943+0000] {logging_mixin.py:150} INFO - [2023-08-02T10:50:42.942+0000] {dagbag.py:541} INFO - Filling up the DagBag from /home/airflow/.local/lib/python3.7/site-packages/airflow/example_dags/example_sensors.py
[2023-08-02T10:50:42.951+0000] {processor.py:836} INFO - DAG(s) dict_keys(['example_sensors']) retrieved from /home/airflow/.local/lib/python3.7/site-packages/airflow/example_dags/example_sensors.py
[2023-08-02T10:50:42.977+0000] {logging_mixin.py:150} INFO - [2023-08-02T10:50:42.977+0000] {dag.py:2742} INFO - Sync 1 DAGs
[2023-08-02T10:50:42.996+0000] {logging_mixin.py:150} INFO - [2023-08-02T10:50:42.996+0000] {dag.py:3508} INFO - Setting next_dagrun for example_sensors to None, run_after=None
[2023-08-02T10:50:43.018+0000] {processor.py:179} INFO - Processing /home/airflow/.local/lib/python3.7/site-packages/airflow/example_dags/example_sensors.py took 0.085 seconds
[2023-08-02T10:51:13.197+0000] {processor.py:157} INFO - Started process (PID=1632) to work on /home/airflow/.local/lib/python3.7/site-packages/airflow/example_dags/example_sensors.py
[2023-08-02T10:51:13.199+0000] {processor.py:826} INFO - Processing file /home/airflow/.local/lib/python3.7/site-packages/airflow/example_dags/example_sensors.py for tasks to queue
[2023-08-02T10:51:13.201+0000] {logging_mixin.py:150} INFO - [2023-08-02T10:51:13.201+0000] {dagbag.py:541} INFO - Filling up the DagBag from /home/airflow/.local/lib/python3.7/site-packages/airflow/example_dags/example_sensors.py
[2023-08-02T10:51:13.211+0000] {processor.py:836} INFO - DAG(s) dict_keys(['example_sensors']) retrieved from /home/airflow/.local/lib/python3.7/site-packages/airflow/example_dags/example_sensors.py
[2023-08-02T10:51:13.236+0000] {logging_mixin.py:150} INFO - [2023-08-02T10:51:13.236+0000] {dag.py:2742} INFO - Sync 1 DAGs
[2023-08-02T10:51:13.254+0000] {logging_mixin.py:150} INFO - [2023-08-02T10:51:13.254+0000] {dag.py:3508} INFO - Setting next_dagrun for example_sensors to None, run_after=None
[2023-08-02T10:51:13.298+0000] {processor.py:179} INFO - Processing /home/airflow/.local/lib/python3.7/site-packages/airflow/example_dags/example_sensors.py took 0.105 seconds
[2023-08-02T10:51:43.637+0000] {processor.py:157} INFO - Started process (PID=1689) to work on /home/airflow/.local/lib/python3.7/site-packages/airflow/example_dags/example_sensors.py
[2023-08-02T10:51:43.639+0000] {processor.py:826} INFO - Processing file /home/airflow/.local/lib/python3.7/site-packages/airflow/example_dags/example_sensors.py for tasks to queue
[2023-08-02T10:51:43.641+0000] {logging_mixin.py:150} INFO - [2023-08-02T10:51:43.640+0000] {dagbag.py:541} INFO - Filling up the DagBag from /home/airflow/.local/lib/python3.7/site-packages/airflow/example_dags/example_sensors.py
[2023-08-02T10:51:43.649+0000] {processor.py:836} INFO - DAG(s) dict_keys(['example_sensors']) retrieved from /home/airflow/.local/lib/python3.7/site-packages/airflow/example_dags/example_sensors.py
[2023-08-02T10:51:43.675+0000] {logging_mixin.py:150} INFO - [2023-08-02T10:51:43.675+0000] {dag.py:2742} INFO - Sync 1 DAGs
[2023-08-02T10:51:43.692+0000] {logging_mixin.py:150} INFO - [2023-08-02T10:51:43.692+0000] {dag.py:3508} INFO - Setting next_dagrun for example_sensors to None, run_after=None
[2023-08-02T10:51:43.706+0000] {processor.py:179} INFO - Processing /home/airflow/.local/lib/python3.7/site-packages/airflow/example_dags/example_sensors.py took 0.071 seconds
[2023-08-02T10:52:13.979+0000] {processor.py:157} INFO - Started process (PID=1746) to work on /home/airflow/.local/lib/python3.7/site-packages/airflow/example_dags/example_sensors.py
[2023-08-02T10:52:13.981+0000] {processor.py:826} INFO - Processing file /home/airflow/.local/lib/python3.7/site-packages/airflow/example_dags/example_sensors.py for tasks to queue
[2023-08-02T10:52:13.984+0000] {logging_mixin.py:150} INFO - [2023-08-02T10:52:13.984+0000] {dagbag.py:541} INFO - Filling up the DagBag from /home/airflow/.local/lib/python3.7/site-packages/airflow/example_dags/example_sensors.py
[2023-08-02T10:52:14.048+0000] {processor.py:836} INFO - DAG(s) dict_keys(['example_sensors']) retrieved from /home/airflow/.local/lib/python3.7/site-packages/airflow/example_dags/example_sensors.py
[2023-08-02T10:52:14.073+0000] {logging_mixin.py:150} INFO - [2023-08-02T10:52:14.073+0000] {dag.py:2742} INFO - Sync 1 DAGs
[2023-08-02T10:52:14.094+0000] {logging_mixin.py:150} INFO - [2023-08-02T10:52:14.093+0000] {dag.py:3508} INFO - Setting next_dagrun for example_sensors to None, run_after=None
[2023-08-02T10:52:14.109+0000] {processor.py:179} INFO - Processing /home/airflow/.local/lib/python3.7/site-packages/airflow/example_dags/example_sensors.py took 0.133 seconds
[2023-08-02T10:52:44.150+0000] {processor.py:157} INFO - Started process (PID=1804) to work on /home/airflow/.local/lib/python3.7/site-packages/airflow/example_dags/example_sensors.py
[2023-08-02T10:52:44.152+0000] {processor.py:826} INFO - Processing file /home/airflow/.local/lib/python3.7/site-packages/airflow/example_dags/example_sensors.py for tasks to queue
[2023-08-02T10:52:44.160+0000] {logging_mixin.py:150} INFO - [2023-08-02T10:52:44.160+0000] {dagbag.py:541} INFO - Filling up the DagBag from /home/airflow/.local/lib/python3.7/site-packages/airflow/example_dags/example_sensors.py
[2023-08-02T10:52:44.170+0000] {processor.py:836} INFO - DAG(s) dict_keys(['example_sensors']) retrieved from /home/airflow/.local/lib/python3.7/site-packages/airflow/example_dags/example_sensors.py
[2023-08-02T10:52:44.194+0000] {logging_mixin.py:150} INFO - [2023-08-02T10:52:44.194+0000] {dag.py:2742} INFO - Sync 1 DAGs
[2023-08-02T10:52:44.212+0000] {logging_mixin.py:150} INFO - [2023-08-02T10:52:44.212+0000] {dag.py:3508} INFO - Setting next_dagrun for example_sensors to None, run_after=None
[2023-08-02T10:52:44.225+0000] {processor.py:179} INFO - Processing /home/airflow/.local/lib/python3.7/site-packages/airflow/example_dags/example_sensors.py took 0.079 seconds
[2023-08-02T10:53:14.461+0000] {processor.py:157} INFO - Started process (PID=1861) to work on /home/airflow/.local/lib/python3.7/site-packages/airflow/example_dags/example_sensors.py
[2023-08-02T10:53:14.463+0000] {processor.py:826} INFO - Processing file /home/airflow/.local/lib/python3.7/site-packages/airflow/example_dags/example_sensors.py for tasks to queue
[2023-08-02T10:53:14.465+0000] {logging_mixin.py:150} INFO - [2023-08-02T10:53:14.465+0000] {dagbag.py:541} INFO - Filling up the DagBag from /home/airflow/.local/lib/python3.7/site-packages/airflow/example_dags/example_sensors.py
[2023-08-02T10:53:14.473+0000] {processor.py:836} INFO - DAG(s) dict_keys(['example_sensors']) retrieved from /home/airflow/.local/lib/python3.7/site-packages/airflow/example_dags/example_sensors.py
[2023-08-02T10:53:14.500+0000] {logging_mixin.py:150} INFO - [2023-08-02T10:53:14.500+0000] {dag.py:2742} INFO - Sync 1 DAGs
[2023-08-02T10:53:14.518+0000] {logging_mixin.py:150} INFO - [2023-08-02T10:53:14.518+0000] {dag.py:3508} INFO - Setting next_dagrun for example_sensors to None, run_after=None
[2023-08-02T10:53:14.531+0000] {processor.py:179} INFO - Processing /home/airflow/.local/lib/python3.7/site-packages/airflow/example_dags/example_sensors.py took 0.074 seconds
[2023-08-02T10:53:44.765+0000] {processor.py:157} INFO - Started process (PID=1918) to work on /home/airflow/.local/lib/python3.7/site-packages/airflow/example_dags/example_sensors.py
[2023-08-02T10:53:44.767+0000] {processor.py:826} INFO - Processing file /home/airflow/.local/lib/python3.7/site-packages/airflow/example_dags/example_sensors.py for tasks to queue
[2023-08-02T10:53:44.822+0000] {logging_mixin.py:150} INFO - [2023-08-02T10:53:44.822+0000] {dagbag.py:541} INFO - Filling up the DagBag from /home/airflow/.local/lib/python3.7/site-packages/airflow/example_dags/example_sensors.py
[2023-08-02T10:53:44.832+0000] {processor.py:836} INFO - DAG(s) dict_keys(['example_sensors']) retrieved from /home/airflow/.local/lib/python3.7/site-packages/airflow/example_dags/example_sensors.py
[2023-08-02T10:53:44.859+0000] {logging_mixin.py:150} INFO - [2023-08-02T10:53:44.858+0000] {dag.py:2742} INFO - Sync 1 DAGs
[2023-08-02T10:53:44.877+0000] {logging_mixin.py:150} INFO - [2023-08-02T10:53:44.876+0000] {dag.py:3508} INFO - Setting next_dagrun for example_sensors to None, run_after=None
[2023-08-02T10:53:44.889+0000] {processor.py:179} INFO - Processing /home/airflow/.local/lib/python3.7/site-packages/airflow/example_dags/example_sensors.py took 0.127 seconds
[2023-08-02T10:54:15.036+0000] {processor.py:157} INFO - Started process (PID=1976) to work on /home/airflow/.local/lib/python3.7/site-packages/airflow/example_dags/example_sensors.py
[2023-08-02T10:54:15.038+0000] {processor.py:826} INFO - Processing file /home/airflow/.local/lib/python3.7/site-packages/airflow/example_dags/example_sensors.py for tasks to queue
[2023-08-02T10:54:15.040+0000] {logging_mixin.py:150} INFO - [2023-08-02T10:54:15.039+0000] {dagbag.py:541} INFO - Filling up the DagBag from /home/airflow/.local/lib/python3.7/site-packages/airflow/example_dags/example_sensors.py
[2023-08-02T10:54:15.047+0000] {processor.py:836} INFO - DAG(s) dict_keys(['example_sensors']) retrieved from /home/airflow/.local/lib/python3.7/site-packages/airflow/example_dags/example_sensors.py
[2023-08-02T10:54:15.071+0000] {logging_mixin.py:150} INFO - [2023-08-02T10:54:15.071+0000] {dag.py:2742} INFO - Sync 1 DAGs
[2023-08-02T10:54:15.090+0000] {logging_mixin.py:150} INFO - [2023-08-02T10:54:15.090+0000] {dag.py:3508} INFO - Setting next_dagrun for example_sensors to None, run_after=None
[2023-08-02T10:54:15.103+0000] {processor.py:179} INFO - Processing /home/airflow/.local/lib/python3.7/site-packages/airflow/example_dags/example_sensors.py took 0.071 seconds
[2023-08-02T10:54:45.358+0000] {processor.py:157} INFO - Started process (PID=2034) to work on /home/airflow/.local/lib/python3.7/site-packages/airflow/example_dags/example_sensors.py
[2023-08-02T10:54:45.365+0000] {processor.py:826} INFO - Processing file /home/airflow/.local/lib/python3.7/site-packages/airflow/example_dags/example_sensors.py for tasks to queue
[2023-08-02T10:54:45.367+0000] {logging_mixin.py:150} INFO - [2023-08-02T10:54:45.366+0000] {dagbag.py:541} INFO - Filling up the DagBag from /home/airflow/.local/lib/python3.7/site-packages/airflow/example_dags/example_sensors.py
[2023-08-02T10:54:45.376+0000] {processor.py:836} INFO - DAG(s) dict_keys(['example_sensors']) retrieved from /home/airflow/.local/lib/python3.7/site-packages/airflow/example_dags/example_sensors.py
[2023-08-02T10:54:45.402+0000] {logging_mixin.py:150} INFO - [2023-08-02T10:54:45.402+0000] {dag.py:2742} INFO - Sync 1 DAGs
[2023-08-02T10:54:45.424+0000] {logging_mixin.py:150} INFO - [2023-08-02T10:54:45.424+0000] {dag.py:3508} INFO - Setting next_dagrun for example_sensors to None, run_after=None
[2023-08-02T10:54:45.437+0000] {processor.py:179} INFO - Processing /home/airflow/.local/lib/python3.7/site-packages/airflow/example_dags/example_sensors.py took 0.082 seconds
[2023-08-02T10:55:15.829+0000] {processor.py:157} INFO - Started process (PID=2091) to work on /home/airflow/.local/lib/python3.7/site-packages/airflow/example_dags/example_sensors.py
[2023-08-02T10:55:15.831+0000] {processor.py:826} INFO - Processing file /home/airflow/.local/lib/python3.7/site-packages/airflow/example_dags/example_sensors.py for tasks to queue
[2023-08-02T10:55:15.833+0000] {logging_mixin.py:150} INFO - [2023-08-02T10:55:15.832+0000] {dagbag.py:541} INFO - Filling up the DagBag from /home/airflow/.local/lib/python3.7/site-packages/airflow/example_dags/example_sensors.py
[2023-08-02T10:55:15.841+0000] {processor.py:836} INFO - DAG(s) dict_keys(['example_sensors']) retrieved from /home/airflow/.local/lib/python3.7/site-packages/airflow/example_dags/example_sensors.py
[2023-08-02T10:55:15.880+0000] {logging_mixin.py:150} INFO - [2023-08-02T10:55:15.880+0000] {dag.py:2742} INFO - Sync 1 DAGs
[2023-08-02T10:55:15.899+0000] {logging_mixin.py:150} INFO - [2023-08-02T10:55:15.899+0000] {dag.py:3508} INFO - Setting next_dagrun for example_sensors to None, run_after=None
[2023-08-02T10:55:15.913+0000] {processor.py:179} INFO - Processing /home/airflow/.local/lib/python3.7/site-packages/airflow/example_dags/example_sensors.py took 0.088 seconds
[2023-08-02T12:19:17.807+0000] {processor.py:157} INFO - Started process (PID=2148) to work on /home/airflow/.local/lib/python3.7/site-packages/airflow/example_dags/example_sensors.py
[2023-08-02T12:19:17.817+0000] {processor.py:826} INFO - Processing file /home/airflow/.local/lib/python3.7/site-packages/airflow/example_dags/example_sensors.py for tasks to queue
[2023-08-02T12:19:17.823+0000] {logging_mixin.py:150} INFO - [2023-08-02T12:19:17.823+0000] {dagbag.py:541} INFO - Filling up the DagBag from /home/airflow/.local/lib/python3.7/site-packages/airflow/example_dags/example_sensors.py
[2023-08-02T12:19:17.858+0000] {processor.py:836} INFO - DAG(s) dict_keys(['example_sensors']) retrieved from /home/airflow/.local/lib/python3.7/site-packages/airflow/example_dags/example_sensors.py
[2023-08-02T12:19:17.907+0000] {logging_mixin.py:150} INFO - [2023-08-02T12:19:17.907+0000] {dag.py:2742} INFO - Sync 1 DAGs
[2023-08-02T12:19:17.949+0000] {logging_mixin.py:150} INFO - [2023-08-02T12:19:17.949+0000] {dag.py:3508} INFO - Setting next_dagrun for example_sensors to None, run_after=None
[2023-08-02T12:19:17.980+0000] {processor.py:179} INFO - Processing /home/airflow/.local/lib/python3.7/site-packages/airflow/example_dags/example_sensors.py took 0.181 seconds
[2023-08-02T13:26:11.346+0000] {processor.py:157} INFO - Started process (PID=2205) to work on /home/airflow/.local/lib/python3.7/site-packages/airflow/example_dags/example_sensors.py
[2023-08-02T13:26:11.348+0000] {processor.py:826} INFO - Processing file /home/airflow/.local/lib/python3.7/site-packages/airflow/example_dags/example_sensors.py for tasks to queue
[2023-08-02T13:26:11.349+0000] {logging_mixin.py:150} INFO - [2023-08-02T13:26:11.349+0000] {dagbag.py:541} INFO - Filling up the DagBag from /home/airflow/.local/lib/python3.7/site-packages/airflow/example_dags/example_sensors.py
[2023-08-02T13:26:11.358+0000] {processor.py:836} INFO - DAG(s) dict_keys(['example_sensors']) retrieved from /home/airflow/.local/lib/python3.7/site-packages/airflow/example_dags/example_sensors.py
[2023-08-02T13:26:11.389+0000] {logging_mixin.py:150} INFO - [2023-08-02T13:26:11.389+0000] {dag.py:2742} INFO - Sync 1 DAGs
[2023-08-02T13:26:11.413+0000] {logging_mixin.py:150} INFO - [2023-08-02T13:26:11.413+0000] {dag.py:3508} INFO - Setting next_dagrun for example_sensors to None, run_after=None
[2023-08-02T13:26:11.431+0000] {processor.py:179} INFO - Processing /home/airflow/.local/lib/python3.7/site-packages/airflow/example_dags/example_sensors.py took 0.089 seconds
[2023-08-02T14:49:10.019+0000] {processor.py:157} INFO - Started process (PID=2263) to work on /home/airflow/.local/lib/python3.7/site-packages/airflow/example_dags/example_sensors.py
[2023-08-02T14:49:10.022+0000] {processor.py:826} INFO - Processing file /home/airflow/.local/lib/python3.7/site-packages/airflow/example_dags/example_sensors.py for tasks to queue
[2023-08-02T14:49:10.024+0000] {logging_mixin.py:150} INFO - [2023-08-02T14:49:10.023+0000] {dagbag.py:541} INFO - Filling up the DagBag from /home/airflow/.local/lib/python3.7/site-packages/airflow/example_dags/example_sensors.py
[2023-08-02T14:49:10.033+0000] {processor.py:836} INFO - DAG(s) dict_keys(['example_sensors']) retrieved from /home/airflow/.local/lib/python3.7/site-packages/airflow/example_dags/example_sensors.py
[2023-08-02T14:49:10.058+0000] {logging_mixin.py:150} INFO - [2023-08-02T14:49:10.058+0000] {dag.py:2742} INFO - Sync 1 DAGs
[2023-08-02T14:49:10.081+0000] {logging_mixin.py:150} INFO - [2023-08-02T14:49:10.081+0000] {dag.py:3508} INFO - Setting next_dagrun for example_sensors to None, run_after=None
[2023-08-02T14:49:10.095+0000] {processor.py:179} INFO - Processing /home/airflow/.local/lib/python3.7/site-packages/airflow/example_dags/example_sensors.py took 0.079 seconds
[2023-08-02T15:54:26.675+0000] {processor.py:157} INFO - Started process (PID=2319) to work on /home/airflow/.local/lib/python3.7/site-packages/airflow/example_dags/example_sensors.py
[2023-08-02T15:54:26.755+0000] {processor.py:826} INFO - Processing file /home/airflow/.local/lib/python3.7/site-packages/airflow/example_dags/example_sensors.py for tasks to queue
[2023-08-02T15:54:26.759+0000] {logging_mixin.py:150} INFO - [2023-08-02T15:54:26.758+0000] {dagbag.py:541} INFO - Filling up the DagBag from /home/airflow/.local/lib/python3.7/site-packages/airflow/example_dags/example_sensors.py
[2023-08-02T15:54:26.793+0000] {processor.py:836} INFO - DAG(s) dict_keys(['example_sensors']) retrieved from /home/airflow/.local/lib/python3.7/site-packages/airflow/example_dags/example_sensors.py
[2023-08-02T15:54:26.869+0000] {logging_mixin.py:150} INFO - [2023-08-02T15:54:26.868+0000] {dag.py:2742} INFO - Sync 1 DAGs
[2023-08-02T15:54:26.919+0000] {logging_mixin.py:150} INFO - [2023-08-02T15:54:26.918+0000] {dag.py:3508} INFO - Setting next_dagrun for example_sensors to None, run_after=None
[2023-08-02T15:54:26.980+0000] {processor.py:179} INFO - Processing /home/airflow/.local/lib/python3.7/site-packages/airflow/example_dags/example_sensors.py took 0.316 seconds
[2023-08-02T16:26:50.962+0000] {processor.py:157} INFO - Started process (PID=2376) to work on /home/airflow/.local/lib/python3.7/site-packages/airflow/example_dags/example_sensors.py
[2023-08-02T16:26:50.965+0000] {processor.py:826} INFO - Processing file /home/airflow/.local/lib/python3.7/site-packages/airflow/example_dags/example_sensors.py for tasks to queue
[2023-08-02T16:26:50.968+0000] {logging_mixin.py:150} INFO - [2023-08-02T16:26:50.968+0000] {dagbag.py:541} INFO - Filling up the DagBag from /home/airflow/.local/lib/python3.7/site-packages/airflow/example_dags/example_sensors.py
[2023-08-02T16:26:50.982+0000] {processor.py:836} INFO - DAG(s) dict_keys(['example_sensors']) retrieved from /home/airflow/.local/lib/python3.7/site-packages/airflow/example_dags/example_sensors.py
[2023-08-02T16:26:51.026+0000] {logging_mixin.py:150} INFO - [2023-08-02T16:26:51.025+0000] {dag.py:2742} INFO - Sync 1 DAGs
[2023-08-02T16:26:51.064+0000] {logging_mixin.py:150} INFO - [2023-08-02T16:26:51.063+0000] {dag.py:3508} INFO - Setting next_dagrun for example_sensors to None, run_after=None
[2023-08-02T16:26:51.115+0000] {processor.py:179} INFO - Processing /home/airflow/.local/lib/python3.7/site-packages/airflow/example_dags/example_sensors.py took 0.158 seconds
[2023-08-02T17:14:35.838+0000] {processor.py:157} INFO - Started process (PID=2434) to work on /home/airflow/.local/lib/python3.7/site-packages/airflow/example_dags/example_sensors.py
[2023-08-02T17:14:35.843+0000] {processor.py:826} INFO - Processing file /home/airflow/.local/lib/python3.7/site-packages/airflow/example_dags/example_sensors.py for tasks to queue
[2023-08-02T17:14:35.851+0000] {logging_mixin.py:150} INFO - [2023-08-02T17:14:35.851+0000] {dagbag.py:541} INFO - Filling up the DagBag from /home/airflow/.local/lib/python3.7/site-packages/airflow/example_dags/example_sensors.py
[2023-08-02T17:14:35.923+0000] {processor.py:836} INFO - DAG(s) dict_keys(['example_sensors']) retrieved from /home/airflow/.local/lib/python3.7/site-packages/airflow/example_dags/example_sensors.py
[2023-08-02T17:14:36.008+0000] {logging_mixin.py:150} INFO - [2023-08-02T17:14:36.008+0000] {dag.py:2742} INFO - Sync 1 DAGs
[2023-08-02T17:14:36.058+0000] {logging_mixin.py:150} INFO - [2023-08-02T17:14:36.057+0000] {dag.py:3508} INFO - Setting next_dagrun for example_sensors to None, run_after=None
[2023-08-02T17:14:36.138+0000] {processor.py:179} INFO - Processing /home/airflow/.local/lib/python3.7/site-packages/airflow/example_dags/example_sensors.py took 0.318 seconds
[2023-08-02T18:59:09.250+0000] {processor.py:157} INFO - Started process (PID=2491) to work on /home/airflow/.local/lib/python3.7/site-packages/airflow/example_dags/example_sensors.py
[2023-08-02T18:59:09.257+0000] {processor.py:826} INFO - Processing file /home/airflow/.local/lib/python3.7/site-packages/airflow/example_dags/example_sensors.py for tasks to queue
[2023-08-02T18:59:09.264+0000] {logging_mixin.py:150} INFO - [2023-08-02T18:59:09.259+0000] {dagbag.py:541} INFO - Filling up the DagBag from /home/airflow/.local/lib/python3.7/site-packages/airflow/example_dags/example_sensors.py
[2023-08-02T18:59:09.308+0000] {processor.py:836} INFO - DAG(s) dict_keys(['example_sensors']) retrieved from /home/airflow/.local/lib/python3.7/site-packages/airflow/example_dags/example_sensors.py
[2023-08-02T18:59:09.404+0000] {logging_mixin.py:150} INFO - [2023-08-02T18:59:09.403+0000] {dag.py:2742} INFO - Sync 1 DAGs
[2023-08-02T18:59:09.463+0000] {logging_mixin.py:150} INFO - [2023-08-02T18:59:09.463+0000] {dag.py:3508} INFO - Setting next_dagrun for example_sensors to None, run_after=None
[2023-08-02T18:59:09.516+0000] {processor.py:179} INFO - Processing /home/airflow/.local/lib/python3.7/site-packages/airflow/example_dags/example_sensors.py took 0.274 seconds
[2023-08-02T20:21:31.540+0000] {processor.py:157} INFO - Started process (PID=2549) to work on /home/airflow/.local/lib/python3.7/site-packages/airflow/example_dags/example_sensors.py
[2023-08-02T20:21:31.546+0000] {processor.py:826} INFO - Processing file /home/airflow/.local/lib/python3.7/site-packages/airflow/example_dags/example_sensors.py for tasks to queue
[2023-08-02T20:21:31.551+0000] {logging_mixin.py:150} INFO - [2023-08-02T20:21:31.550+0000] {dagbag.py:541} INFO - Filling up the DagBag from /home/airflow/.local/lib/python3.7/site-packages/airflow/example_dags/example_sensors.py
[2023-08-02T20:21:31.579+0000] {processor.py:836} INFO - DAG(s) dict_keys(['example_sensors']) retrieved from /home/airflow/.local/lib/python3.7/site-packages/airflow/example_dags/example_sensors.py
[2023-08-02T20:21:31.677+0000] {logging_mixin.py:150} INFO - [2023-08-02T20:21:31.677+0000] {dag.py:2742} INFO - Sync 1 DAGs
[2023-08-02T20:21:31.739+0000] {logging_mixin.py:150} INFO - [2023-08-02T20:21:31.738+0000] {dag.py:3508} INFO - Setting next_dagrun for example_sensors to None, run_after=None
[2023-08-02T20:21:31.778+0000] {processor.py:179} INFO - Processing /home/airflow/.local/lib/python3.7/site-packages/airflow/example_dags/example_sensors.py took 0.248 seconds
[2023-08-02T22:03:27.787+0000] {processor.py:157} INFO - Started process (PID=2606) to work on /home/airflow/.local/lib/python3.7/site-packages/airflow/example_dags/example_sensors.py
[2023-08-02T22:03:27.799+0000] {processor.py:826} INFO - Processing file /home/airflow/.local/lib/python3.7/site-packages/airflow/example_dags/example_sensors.py for tasks to queue
[2023-08-02T22:03:27.801+0000] {logging_mixin.py:150} INFO - [2023-08-02T22:03:27.801+0000] {dagbag.py:541} INFO - Filling up the DagBag from /home/airflow/.local/lib/python3.7/site-packages/airflow/example_dags/example_sensors.py
[2023-08-02T22:03:27.813+0000] {processor.py:836} INFO - DAG(s) dict_keys(['example_sensors']) retrieved from /home/airflow/.local/lib/python3.7/site-packages/airflow/example_dags/example_sensors.py
[2023-08-02T22:03:27.852+0000] {logging_mixin.py:150} INFO - [2023-08-02T22:03:27.852+0000] {dag.py:2742} INFO - Sync 1 DAGs
[2023-08-02T22:03:27.880+0000] {logging_mixin.py:150} INFO - [2023-08-02T22:03:27.880+0000] {dag.py:3508} INFO - Setting next_dagrun for example_sensors to None, run_after=None
[2023-08-02T22:03:27.901+0000] {processor.py:179} INFO - Processing /home/airflow/.local/lib/python3.7/site-packages/airflow/example_dags/example_sensors.py took 0.117 seconds
[2023-08-02T23:27:13.959+0000] {processor.py:157} INFO - Started process (PID=2663) to work on /home/airflow/.local/lib/python3.7/site-packages/airflow/example_dags/example_sensors.py
[2023-08-02T23:27:13.964+0000] {processor.py:826} INFO - Processing file /home/airflow/.local/lib/python3.7/site-packages/airflow/example_dags/example_sensors.py for tasks to queue
[2023-08-02T23:27:13.979+0000] {logging_mixin.py:150} INFO - [2023-08-02T23:27:13.978+0000] {dagbag.py:541} INFO - Filling up the DagBag from /home/airflow/.local/lib/python3.7/site-packages/airflow/example_dags/example_sensors.py
[2023-08-02T23:27:14.016+0000] {processor.py:836} INFO - DAG(s) dict_keys(['example_sensors']) retrieved from /home/airflow/.local/lib/python3.7/site-packages/airflow/example_dags/example_sensors.py
[2023-08-02T23:27:14.142+0000] {logging_mixin.py:150} INFO - [2023-08-02T23:27:14.142+0000] {dag.py:2742} INFO - Sync 1 DAGs
[2023-08-02T23:27:14.192+0000] {logging_mixin.py:150} INFO - [2023-08-02T23:27:14.192+0000] {dag.py:3508} INFO - Setting next_dagrun for example_sensors to None, run_after=None
[2023-08-02T23:27:14.237+0000] {processor.py:179} INFO - Processing /home/airflow/.local/lib/python3.7/site-packages/airflow/example_dags/example_sensors.py took 0.284 seconds
