[2023-08-02T10:37:05.061+0000] {processor.py:157} INFO - Started process (PID=64) to work on /home/airflow/.local/lib/python3.7/site-packages/airflow/example_dags/example_bash_operator.py
[2023-08-02T10:37:05.068+0000] {processor.py:826} INFO - Processing file /home/airflow/.local/lib/python3.7/site-packages/airflow/example_dags/example_bash_operator.py for tasks to queue
[2023-08-02T10:37:05.072+0000] {logging_mixin.py:150} INFO - [2023-08-02T10:37:05.070+0000] {dagbag.py:541} INFO - Filling up the DagBag from /home/airflow/.local/lib/python3.7/site-packages/airflow/example_dags/example_bash_operator.py
[2023-08-02T10:37:05.093+0000] {processor.py:836} INFO - DAG(s) dict_keys(['example_bash_operator']) retrieved from /home/airflow/.local/lib/python3.7/site-packages/airflow/example_dags/example_bash_operator.py
[2023-08-02T10:37:05.115+0000] {logging_mixin.py:150} INFO - [2023-08-02T10:37:05.115+0000] {dag.py:2742} INFO - Sync 1 DAGs
[2023-08-02T10:37:05.213+0000] {logging_mixin.py:150} INFO - [2023-08-02T10:37:05.213+0000] {dag.py:3508} INFO - Setting next_dagrun for example_bash_operator to 2023-08-01T00:00:00+00:00, run_after=2023-08-02T00:00:00+00:00
[2023-08-02T10:37:05.255+0000] {processor.py:179} INFO - Processing /home/airflow/.local/lib/python3.7/site-packages/airflow/example_dags/example_bash_operator.py took 0.197 seconds
[2023-08-02T10:37:35.893+0000] {processor.py:157} INFO - Started process (PID=121) to work on /home/airflow/.local/lib/python3.7/site-packages/airflow/example_dags/example_bash_operator.py
[2023-08-02T10:37:35.896+0000] {processor.py:826} INFO - Processing file /home/airflow/.local/lib/python3.7/site-packages/airflow/example_dags/example_bash_operator.py for tasks to queue
[2023-08-02T10:37:35.899+0000] {logging_mixin.py:150} INFO - [2023-08-02T10:37:35.899+0000] {dagbag.py:541} INFO - Filling up the DagBag from /home/airflow/.local/lib/python3.7/site-packages/airflow/example_dags/example_bash_operator.py
[2023-08-02T10:37:35.922+0000] {processor.py:836} INFO - DAG(s) dict_keys(['example_bash_operator']) retrieved from /home/airflow/.local/lib/python3.7/site-packages/airflow/example_dags/example_bash_operator.py
[2023-08-02T10:37:35.964+0000] {logging_mixin.py:150} INFO - [2023-08-02T10:37:35.964+0000] {dag.py:2742} INFO - Sync 1 DAGs
[2023-08-02T10:37:35.984+0000] {logging_mixin.py:150} INFO - [2023-08-02T10:37:35.984+0000] {dag.py:3508} INFO - Setting next_dagrun for example_bash_operator to 2023-08-01T00:00:00+00:00, run_after=2023-08-02T00:00:00+00:00
[2023-08-02T10:37:35.999+0000] {processor.py:179} INFO - Processing /home/airflow/.local/lib/python3.7/site-packages/airflow/example_dags/example_bash_operator.py took 0.110 seconds
[2023-08-02T10:38:06.168+0000] {processor.py:157} INFO - Started process (PID=178) to work on /home/airflow/.local/lib/python3.7/site-packages/airflow/example_dags/example_bash_operator.py
[2023-08-02T10:38:06.171+0000] {processor.py:826} INFO - Processing file /home/airflow/.local/lib/python3.7/site-packages/airflow/example_dags/example_bash_operator.py for tasks to queue
[2023-08-02T10:38:06.173+0000] {logging_mixin.py:150} INFO - [2023-08-02T10:38:06.172+0000] {dagbag.py:541} INFO - Filling up the DagBag from /home/airflow/.local/lib/python3.7/site-packages/airflow/example_dags/example_bash_operator.py
[2023-08-02T10:38:06.183+0000] {processor.py:836} INFO - DAG(s) dict_keys(['example_bash_operator']) retrieved from /home/airflow/.local/lib/python3.7/site-packages/airflow/example_dags/example_bash_operator.py
[2023-08-02T10:38:06.211+0000] {logging_mixin.py:150} INFO - [2023-08-02T10:38:06.211+0000] {dag.py:2742} INFO - Sync 1 DAGs
[2023-08-02T10:38:06.230+0000] {logging_mixin.py:150} INFO - [2023-08-02T10:38:06.230+0000] {dag.py:3508} INFO - Setting next_dagrun for example_bash_operator to 2023-08-01T00:00:00+00:00, run_after=2023-08-02T00:00:00+00:00
[2023-08-02T10:38:06.244+0000] {processor.py:179} INFO - Processing /home/airflow/.local/lib/python3.7/site-packages/airflow/example_dags/example_bash_operator.py took 0.078 seconds
[2023-08-02T10:38:36.680+0000] {processor.py:157} INFO - Started process (PID=235) to work on /home/airflow/.local/lib/python3.7/site-packages/airflow/example_dags/example_bash_operator.py
[2023-08-02T10:38:36.683+0000] {processor.py:826} INFO - Processing file /home/airflow/.local/lib/python3.7/site-packages/airflow/example_dags/example_bash_operator.py for tasks to queue
[2023-08-02T10:38:36.693+0000] {logging_mixin.py:150} INFO - [2023-08-02T10:38:36.693+0000] {dagbag.py:541} INFO - Filling up the DagBag from /home/airflow/.local/lib/python3.7/site-packages/airflow/example_dags/example_bash_operator.py
[2023-08-02T10:38:36.705+0000] {processor.py:836} INFO - DAG(s) dict_keys(['example_bash_operator']) retrieved from /home/airflow/.local/lib/python3.7/site-packages/airflow/example_dags/example_bash_operator.py
[2023-08-02T10:38:36.738+0000] {logging_mixin.py:150} INFO - [2023-08-02T10:38:36.738+0000] {dag.py:2742} INFO - Sync 1 DAGs
[2023-08-02T10:38:36.755+0000] {logging_mixin.py:150} INFO - [2023-08-02T10:38:36.755+0000] {dag.py:3508} INFO - Setting next_dagrun for example_bash_operator to 2023-08-01T00:00:00+00:00, run_after=2023-08-02T00:00:00+00:00
[2023-08-02T10:38:36.768+0000] {processor.py:179} INFO - Processing /home/airflow/.local/lib/python3.7/site-packages/airflow/example_dags/example_bash_operator.py took 0.091 seconds
[2023-08-02T10:39:07.032+0000] {processor.py:157} INFO - Started process (PID=292) to work on /home/airflow/.local/lib/python3.7/site-packages/airflow/example_dags/example_bash_operator.py
[2023-08-02T10:39:07.034+0000] {processor.py:826} INFO - Processing file /home/airflow/.local/lib/python3.7/site-packages/airflow/example_dags/example_bash_operator.py for tasks to queue
[2023-08-02T10:39:07.037+0000] {logging_mixin.py:150} INFO - [2023-08-02T10:39:07.036+0000] {dagbag.py:541} INFO - Filling up the DagBag from /home/airflow/.local/lib/python3.7/site-packages/airflow/example_dags/example_bash_operator.py
[2023-08-02T10:39:07.048+0000] {processor.py:836} INFO - DAG(s) dict_keys(['example_bash_operator']) retrieved from /home/airflow/.local/lib/python3.7/site-packages/airflow/example_dags/example_bash_operator.py
[2023-08-02T10:39:07.077+0000] {logging_mixin.py:150} INFO - [2023-08-02T10:39:07.077+0000] {dag.py:2742} INFO - Sync 1 DAGs
[2023-08-02T10:39:07.095+0000] {logging_mixin.py:150} INFO - [2023-08-02T10:39:07.095+0000] {dag.py:3508} INFO - Setting next_dagrun for example_bash_operator to 2023-08-01T00:00:00+00:00, run_after=2023-08-02T00:00:00+00:00
[2023-08-02T10:39:07.121+0000] {processor.py:179} INFO - Processing /home/airflow/.local/lib/python3.7/site-packages/airflow/example_dags/example_bash_operator.py took 0.095 seconds
[2023-08-02T10:39:37.441+0000] {processor.py:157} INFO - Started process (PID=349) to work on /home/airflow/.local/lib/python3.7/site-packages/airflow/example_dags/example_bash_operator.py
[2023-08-02T10:39:37.444+0000] {processor.py:826} INFO - Processing file /home/airflow/.local/lib/python3.7/site-packages/airflow/example_dags/example_bash_operator.py for tasks to queue
[2023-08-02T10:39:37.445+0000] {logging_mixin.py:150} INFO - [2023-08-02T10:39:37.445+0000] {dagbag.py:541} INFO - Filling up the DagBag from /home/airflow/.local/lib/python3.7/site-packages/airflow/example_dags/example_bash_operator.py
[2023-08-02T10:39:37.455+0000] {processor.py:836} INFO - DAG(s) dict_keys(['example_bash_operator']) retrieved from /home/airflow/.local/lib/python3.7/site-packages/airflow/example_dags/example_bash_operator.py
[2023-08-02T10:39:37.481+0000] {logging_mixin.py:150} INFO - [2023-08-02T10:39:37.481+0000] {dag.py:2742} INFO - Sync 1 DAGs
[2023-08-02T10:39:37.498+0000] {logging_mixin.py:150} INFO - [2023-08-02T10:39:37.497+0000] {dag.py:3508} INFO - Setting next_dagrun for example_bash_operator to 2023-08-01T00:00:00+00:00, run_after=2023-08-02T00:00:00+00:00
[2023-08-02T10:39:37.510+0000] {processor.py:179} INFO - Processing /home/airflow/.local/lib/python3.7/site-packages/airflow/example_dags/example_bash_operator.py took 0.072 seconds
[2023-08-02T10:40:07.833+0000] {processor.py:157} INFO - Started process (PID=405) to work on /home/airflow/.local/lib/python3.7/site-packages/airflow/example_dags/example_bash_operator.py
[2023-08-02T10:40:07.836+0000] {processor.py:826} INFO - Processing file /home/airflow/.local/lib/python3.7/site-packages/airflow/example_dags/example_bash_operator.py for tasks to queue
[2023-08-02T10:40:07.838+0000] {logging_mixin.py:150} INFO - [2023-08-02T10:40:07.838+0000] {dagbag.py:541} INFO - Filling up the DagBag from /home/airflow/.local/lib/python3.7/site-packages/airflow/example_dags/example_bash_operator.py
[2023-08-02T10:40:07.849+0000] {processor.py:836} INFO - DAG(s) dict_keys(['example_bash_operator']) retrieved from /home/airflow/.local/lib/python3.7/site-packages/airflow/example_dags/example_bash_operator.py
[2023-08-02T10:40:07.876+0000] {logging_mixin.py:150} INFO - [2023-08-02T10:40:07.875+0000] {dag.py:2742} INFO - Sync 1 DAGs
[2023-08-02T10:40:07.893+0000] {logging_mixin.py:150} INFO - [2023-08-02T10:40:07.893+0000] {dag.py:3508} INFO - Setting next_dagrun for example_bash_operator to 2023-08-01T00:00:00+00:00, run_after=2023-08-02T00:00:00+00:00
[2023-08-02T10:40:07.909+0000] {processor.py:179} INFO - Processing /home/airflow/.local/lib/python3.7/site-packages/airflow/example_dags/example_bash_operator.py took 0.078 seconds
[2023-08-02T10:40:38.427+0000] {processor.py:157} INFO - Started process (PID=462) to work on /home/airflow/.local/lib/python3.7/site-packages/airflow/example_dags/example_bash_operator.py
[2023-08-02T10:40:38.429+0000] {processor.py:826} INFO - Processing file /home/airflow/.local/lib/python3.7/site-packages/airflow/example_dags/example_bash_operator.py for tasks to queue
[2023-08-02T10:40:38.430+0000] {logging_mixin.py:150} INFO - [2023-08-02T10:40:38.430+0000] {dagbag.py:541} INFO - Filling up the DagBag from /home/airflow/.local/lib/python3.7/site-packages/airflow/example_dags/example_bash_operator.py
[2023-08-02T10:40:38.442+0000] {processor.py:836} INFO - DAG(s) dict_keys(['example_bash_operator']) retrieved from /home/airflow/.local/lib/python3.7/site-packages/airflow/example_dags/example_bash_operator.py
[2023-08-02T10:40:38.472+0000] {logging_mixin.py:150} INFO - [2023-08-02T10:40:38.471+0000] {dag.py:2742} INFO - Sync 1 DAGs
[2023-08-02T10:40:38.491+0000] {logging_mixin.py:150} INFO - [2023-08-02T10:40:38.490+0000] {dag.py:3508} INFO - Setting next_dagrun for example_bash_operator to 2023-08-01T00:00:00+00:00, run_after=2023-08-02T00:00:00+00:00
[2023-08-02T10:40:38.503+0000] {processor.py:179} INFO - Processing /home/airflow/.local/lib/python3.7/site-packages/airflow/example_dags/example_bash_operator.py took 0.080 seconds
[2023-08-02T10:41:08.989+0000] {processor.py:157} INFO - Started process (PID=519) to work on /home/airflow/.local/lib/python3.7/site-packages/airflow/example_dags/example_bash_operator.py
[2023-08-02T10:41:08.995+0000] {processor.py:826} INFO - Processing file /home/airflow/.local/lib/python3.7/site-packages/airflow/example_dags/example_bash_operator.py for tasks to queue
[2023-08-02T10:41:08.997+0000] {logging_mixin.py:150} INFO - [2023-08-02T10:41:08.997+0000] {dagbag.py:541} INFO - Filling up the DagBag from /home/airflow/.local/lib/python3.7/site-packages/airflow/example_dags/example_bash_operator.py
[2023-08-02T10:41:09.008+0000] {processor.py:836} INFO - DAG(s) dict_keys(['example_bash_operator']) retrieved from /home/airflow/.local/lib/python3.7/site-packages/airflow/example_dags/example_bash_operator.py
[2023-08-02T10:41:09.040+0000] {logging_mixin.py:150} INFO - [2023-08-02T10:41:09.040+0000] {dag.py:2742} INFO - Sync 1 DAGs
[2023-08-02T10:41:09.061+0000] {logging_mixin.py:150} INFO - [2023-08-02T10:41:09.061+0000] {dag.py:3508} INFO - Setting next_dagrun for example_bash_operator to 2023-08-01T00:00:00+00:00, run_after=2023-08-02T00:00:00+00:00
[2023-08-02T10:41:09.077+0000] {processor.py:179} INFO - Processing /home/airflow/.local/lib/python3.7/site-packages/airflow/example_dags/example_bash_operator.py took 0.091 seconds
[2023-08-02T10:41:39.599+0000] {processor.py:157} INFO - Started process (PID=576) to work on /home/airflow/.local/lib/python3.7/site-packages/airflow/example_dags/example_bash_operator.py
[2023-08-02T10:41:39.624+0000] {processor.py:826} INFO - Processing file /home/airflow/.local/lib/python3.7/site-packages/airflow/example_dags/example_bash_operator.py for tasks to queue
[2023-08-02T10:41:39.625+0000] {logging_mixin.py:150} INFO - [2023-08-02T10:41:39.625+0000] {dagbag.py:541} INFO - Filling up the DagBag from /home/airflow/.local/lib/python3.7/site-packages/airflow/example_dags/example_bash_operator.py
[2023-08-02T10:41:39.637+0000] {processor.py:836} INFO - DAG(s) dict_keys(['example_bash_operator']) retrieved from /home/airflow/.local/lib/python3.7/site-packages/airflow/example_dags/example_bash_operator.py
[2023-08-02T10:41:39.665+0000] {logging_mixin.py:150} INFO - [2023-08-02T10:41:39.665+0000] {dag.py:2742} INFO - Sync 1 DAGs
[2023-08-02T10:41:39.684+0000] {logging_mixin.py:150} INFO - [2023-08-02T10:41:39.684+0000] {dag.py:3508} INFO - Setting next_dagrun for example_bash_operator to 2023-08-01T00:00:00+00:00, run_after=2023-08-02T00:00:00+00:00
[2023-08-02T10:41:39.698+0000] {processor.py:179} INFO - Processing /home/airflow/.local/lib/python3.7/site-packages/airflow/example_dags/example_bash_operator.py took 0.103 seconds
[2023-08-02T10:42:10.197+0000] {processor.py:157} INFO - Started process (PID=633) to work on /home/airflow/.local/lib/python3.7/site-packages/airflow/example_dags/example_bash_operator.py
[2023-08-02T10:42:10.200+0000] {processor.py:826} INFO - Processing file /home/airflow/.local/lib/python3.7/site-packages/airflow/example_dags/example_bash_operator.py for tasks to queue
[2023-08-02T10:42:10.202+0000] {logging_mixin.py:150} INFO - [2023-08-02T10:42:10.201+0000] {dagbag.py:541} INFO - Filling up the DagBag from /home/airflow/.local/lib/python3.7/site-packages/airflow/example_dags/example_bash_operator.py
[2023-08-02T10:42:10.219+0000] {processor.py:836} INFO - DAG(s) dict_keys(['example_bash_operator']) retrieved from /home/airflow/.local/lib/python3.7/site-packages/airflow/example_dags/example_bash_operator.py
[2023-08-02T10:42:10.254+0000] {logging_mixin.py:150} INFO - [2023-08-02T10:42:10.254+0000] {dag.py:2742} INFO - Sync 1 DAGs
[2023-08-02T10:42:10.272+0000] {logging_mixin.py:150} INFO - [2023-08-02T10:42:10.272+0000] {dag.py:3508} INFO - Setting next_dagrun for example_bash_operator to 2023-08-01T00:00:00+00:00, run_after=2023-08-02T00:00:00+00:00
[2023-08-02T10:42:10.285+0000] {processor.py:179} INFO - Processing /home/airflow/.local/lib/python3.7/site-packages/airflow/example_dags/example_bash_operator.py took 0.091 seconds
[2023-08-02T10:42:40.676+0000] {processor.py:157} INFO - Started process (PID=689) to work on /home/airflow/.local/lib/python3.7/site-packages/airflow/example_dags/example_bash_operator.py
[2023-08-02T10:42:40.678+0000] {processor.py:826} INFO - Processing file /home/airflow/.local/lib/python3.7/site-packages/airflow/example_dags/example_bash_operator.py for tasks to queue
[2023-08-02T10:42:40.680+0000] {logging_mixin.py:150} INFO - [2023-08-02T10:42:40.679+0000] {dagbag.py:541} INFO - Filling up the DagBag from /home/airflow/.local/lib/python3.7/site-packages/airflow/example_dags/example_bash_operator.py
[2023-08-02T10:42:40.696+0000] {processor.py:836} INFO - DAG(s) dict_keys(['example_bash_operator']) retrieved from /home/airflow/.local/lib/python3.7/site-packages/airflow/example_dags/example_bash_operator.py
[2023-08-02T10:42:40.729+0000] {logging_mixin.py:150} INFO - [2023-08-02T10:42:40.729+0000] {dag.py:2742} INFO - Sync 1 DAGs
[2023-08-02T10:42:40.794+0000] {logging_mixin.py:150} INFO - [2023-08-02T10:42:40.794+0000] {dag.py:3508} INFO - Setting next_dagrun for example_bash_operator to 2023-08-01T00:00:00+00:00, run_after=2023-08-02T00:00:00+00:00
[2023-08-02T10:42:40.808+0000] {processor.py:179} INFO - Processing /home/airflow/.local/lib/python3.7/site-packages/airflow/example_dags/example_bash_operator.py took 0.137 seconds
[2023-08-02T10:43:11.134+0000] {processor.py:157} INFO - Started process (PID=746) to work on /home/airflow/.local/lib/python3.7/site-packages/airflow/example_dags/example_bash_operator.py
[2023-08-02T10:43:11.137+0000] {processor.py:826} INFO - Processing file /home/airflow/.local/lib/python3.7/site-packages/airflow/example_dags/example_bash_operator.py for tasks to queue
[2023-08-02T10:43:11.139+0000] {logging_mixin.py:150} INFO - [2023-08-02T10:43:11.138+0000] {dagbag.py:541} INFO - Filling up the DagBag from /home/airflow/.local/lib/python3.7/site-packages/airflow/example_dags/example_bash_operator.py
[2023-08-02T10:43:11.151+0000] {processor.py:836} INFO - DAG(s) dict_keys(['example_bash_operator']) retrieved from /home/airflow/.local/lib/python3.7/site-packages/airflow/example_dags/example_bash_operator.py
[2023-08-02T10:43:11.183+0000] {logging_mixin.py:150} INFO - [2023-08-02T10:43:11.183+0000] {dag.py:2742} INFO - Sync 1 DAGs
[2023-08-02T10:43:11.207+0000] {logging_mixin.py:150} INFO - [2023-08-02T10:43:11.207+0000] {dag.py:3508} INFO - Setting next_dagrun for example_bash_operator to 2023-08-01T00:00:00+00:00, run_after=2023-08-02T00:00:00+00:00
[2023-08-02T10:43:11.250+0000] {processor.py:179} INFO - Processing /home/airflow/.local/lib/python3.7/site-packages/airflow/example_dags/example_bash_operator.py took 0.120 seconds
[2023-08-02T10:43:41.468+0000] {processor.py:157} INFO - Started process (PID=803) to work on /home/airflow/.local/lib/python3.7/site-packages/airflow/example_dags/example_bash_operator.py
[2023-08-02T10:43:41.474+0000] {processor.py:826} INFO - Processing file /home/airflow/.local/lib/python3.7/site-packages/airflow/example_dags/example_bash_operator.py for tasks to queue
[2023-08-02T10:43:41.475+0000] {logging_mixin.py:150} INFO - [2023-08-02T10:43:41.475+0000] {dagbag.py:541} INFO - Filling up the DagBag from /home/airflow/.local/lib/python3.7/site-packages/airflow/example_dags/example_bash_operator.py
[2023-08-02T10:43:41.486+0000] {processor.py:836} INFO - DAG(s) dict_keys(['example_bash_operator']) retrieved from /home/airflow/.local/lib/python3.7/site-packages/airflow/example_dags/example_bash_operator.py
[2023-08-02T10:43:41.517+0000] {logging_mixin.py:150} INFO - [2023-08-02T10:43:41.517+0000] {dag.py:2742} INFO - Sync 1 DAGs
[2023-08-02T10:43:41.541+0000] {logging_mixin.py:150} INFO - [2023-08-02T10:43:41.541+0000] {dag.py:3508} INFO - Setting next_dagrun for example_bash_operator to 2023-08-01T00:00:00+00:00, run_after=2023-08-02T00:00:00+00:00
[2023-08-02T10:43:41.553+0000] {processor.py:179} INFO - Processing /home/airflow/.local/lib/python3.7/site-packages/airflow/example_dags/example_bash_operator.py took 0.089 seconds
[2023-08-02T10:44:11.782+0000] {processor.py:157} INFO - Started process (PID=859) to work on /home/airflow/.local/lib/python3.7/site-packages/airflow/example_dags/example_bash_operator.py
[2023-08-02T10:44:11.785+0000] {processor.py:826} INFO - Processing file /home/airflow/.local/lib/python3.7/site-packages/airflow/example_dags/example_bash_operator.py for tasks to queue
[2023-08-02T10:44:11.791+0000] {logging_mixin.py:150} INFO - [2023-08-02T10:44:11.790+0000] {dagbag.py:541} INFO - Filling up the DagBag from /home/airflow/.local/lib/python3.7/site-packages/airflow/example_dags/example_bash_operator.py
[2023-08-02T10:44:11.804+0000] {processor.py:836} INFO - DAG(s) dict_keys(['example_bash_operator']) retrieved from /home/airflow/.local/lib/python3.7/site-packages/airflow/example_dags/example_bash_operator.py
[2023-08-02T10:44:11.836+0000] {logging_mixin.py:150} INFO - [2023-08-02T10:44:11.836+0000] {dag.py:2742} INFO - Sync 1 DAGs
[2023-08-02T10:44:11.891+0000] {logging_mixin.py:150} INFO - [2023-08-02T10:44:11.890+0000] {dag.py:3508} INFO - Setting next_dagrun for example_bash_operator to 2023-08-01T00:00:00+00:00, run_after=2023-08-02T00:00:00+00:00
[2023-08-02T10:44:11.906+0000] {processor.py:179} INFO - Processing /home/airflow/.local/lib/python3.7/site-packages/airflow/example_dags/example_bash_operator.py took 0.127 seconds
[2023-08-02T10:44:42.449+0000] {processor.py:157} INFO - Started process (PID=916) to work on /home/airflow/.local/lib/python3.7/site-packages/airflow/example_dags/example_bash_operator.py
[2023-08-02T10:44:42.464+0000] {processor.py:826} INFO - Processing file /home/airflow/.local/lib/python3.7/site-packages/airflow/example_dags/example_bash_operator.py for tasks to queue
[2023-08-02T10:44:42.467+0000] {logging_mixin.py:150} INFO - [2023-08-02T10:44:42.467+0000] {dagbag.py:541} INFO - Filling up the DagBag from /home/airflow/.local/lib/python3.7/site-packages/airflow/example_dags/example_bash_operator.py
[2023-08-02T10:44:42.497+0000] {processor.py:836} INFO - DAG(s) dict_keys(['example_bash_operator']) retrieved from /home/airflow/.local/lib/python3.7/site-packages/airflow/example_dags/example_bash_operator.py
[2023-08-02T10:44:42.618+0000] {logging_mixin.py:150} INFO - [2023-08-02T10:44:42.617+0000] {dag.py:2742} INFO - Sync 1 DAGs
[2023-08-02T10:44:42.666+0000] {logging_mixin.py:150} INFO - [2023-08-02T10:44:42.666+0000] {dag.py:3508} INFO - Setting next_dagrun for example_bash_operator to 2023-08-01T00:00:00+00:00, run_after=2023-08-02T00:00:00+00:00
[2023-08-02T10:44:42.685+0000] {processor.py:179} INFO - Processing /home/airflow/.local/lib/python3.7/site-packages/airflow/example_dags/example_bash_operator.py took 0.241 seconds
[2023-08-02T10:45:13.527+0000] {processor.py:157} INFO - Started process (PID=973) to work on /home/airflow/.local/lib/python3.7/site-packages/airflow/example_dags/example_bash_operator.py
[2023-08-02T10:45:13.529+0000] {processor.py:826} INFO - Processing file /home/airflow/.local/lib/python3.7/site-packages/airflow/example_dags/example_bash_operator.py for tasks to queue
[2023-08-02T10:45:13.532+0000] {logging_mixin.py:150} INFO - [2023-08-02T10:45:13.532+0000] {dagbag.py:541} INFO - Filling up the DagBag from /home/airflow/.local/lib/python3.7/site-packages/airflow/example_dags/example_bash_operator.py
[2023-08-02T10:45:13.543+0000] {processor.py:836} INFO - DAG(s) dict_keys(['example_bash_operator']) retrieved from /home/airflow/.local/lib/python3.7/site-packages/airflow/example_dags/example_bash_operator.py
[2023-08-02T10:45:13.571+0000] {logging_mixin.py:150} INFO - [2023-08-02T10:45:13.570+0000] {dag.py:2742} INFO - Sync 1 DAGs
[2023-08-02T10:45:13.590+0000] {logging_mixin.py:150} INFO - [2023-08-02T10:45:13.589+0000] {dag.py:3508} INFO - Setting next_dagrun for example_bash_operator to 2023-08-01T00:00:00+00:00, run_after=2023-08-02T00:00:00+00:00
[2023-08-02T10:45:13.620+0000] {processor.py:179} INFO - Processing /home/airflow/.local/lib/python3.7/site-packages/airflow/example_dags/example_bash_operator.py took 0.096 seconds
[2023-08-02T10:45:43.693+0000] {processor.py:157} INFO - Started process (PID=1030) to work on /home/airflow/.local/lib/python3.7/site-packages/airflow/example_dags/example_bash_operator.py
[2023-08-02T10:45:43.696+0000] {processor.py:826} INFO - Processing file /home/airflow/.local/lib/python3.7/site-packages/airflow/example_dags/example_bash_operator.py for tasks to queue
[2023-08-02T10:45:43.697+0000] {logging_mixin.py:150} INFO - [2023-08-02T10:45:43.697+0000] {dagbag.py:541} INFO - Filling up the DagBag from /home/airflow/.local/lib/python3.7/site-packages/airflow/example_dags/example_bash_operator.py
[2023-08-02T10:45:43.708+0000] {processor.py:836} INFO - DAG(s) dict_keys(['example_bash_operator']) retrieved from /home/airflow/.local/lib/python3.7/site-packages/airflow/example_dags/example_bash_operator.py
[2023-08-02T10:45:43.735+0000] {logging_mixin.py:150} INFO - [2023-08-02T10:45:43.735+0000] {dag.py:2742} INFO - Sync 1 DAGs
[2023-08-02T10:45:43.754+0000] {logging_mixin.py:150} INFO - [2023-08-02T10:45:43.754+0000] {dag.py:3508} INFO - Setting next_dagrun for example_bash_operator to 2023-08-01T00:00:00+00:00, run_after=2023-08-02T00:00:00+00:00
[2023-08-02T10:45:43.767+0000] {processor.py:179} INFO - Processing /home/airflow/.local/lib/python3.7/site-packages/airflow/example_dags/example_bash_operator.py took 0.077 seconds
[2023-08-02T10:46:14.124+0000] {processor.py:157} INFO - Started process (PID=1087) to work on /home/airflow/.local/lib/python3.7/site-packages/airflow/example_dags/example_bash_operator.py
[2023-08-02T10:46:14.131+0000] {processor.py:826} INFO - Processing file /home/airflow/.local/lib/python3.7/site-packages/airflow/example_dags/example_bash_operator.py for tasks to queue
[2023-08-02T10:46:14.133+0000] {logging_mixin.py:150} INFO - [2023-08-02T10:46:14.133+0000] {dagbag.py:541} INFO - Filling up the DagBag from /home/airflow/.local/lib/python3.7/site-packages/airflow/example_dags/example_bash_operator.py
[2023-08-02T10:46:14.149+0000] {processor.py:836} INFO - DAG(s) dict_keys(['example_bash_operator']) retrieved from /home/airflow/.local/lib/python3.7/site-packages/airflow/example_dags/example_bash_operator.py
[2023-08-02T10:46:14.185+0000] {logging_mixin.py:150} INFO - [2023-08-02T10:46:14.185+0000] {dag.py:2742} INFO - Sync 1 DAGs
[2023-08-02T10:46:14.208+0000] {logging_mixin.py:150} INFO - [2023-08-02T10:46:14.208+0000] {dag.py:3508} INFO - Setting next_dagrun for example_bash_operator to 2023-08-01T00:00:00+00:00, run_after=2023-08-02T00:00:00+00:00
[2023-08-02T10:46:14.221+0000] {processor.py:179} INFO - Processing /home/airflow/.local/lib/python3.7/site-packages/airflow/example_dags/example_bash_operator.py took 0.102 seconds
[2023-08-02T10:46:44.916+0000] {processor.py:157} INFO - Started process (PID=1144) to work on /home/airflow/.local/lib/python3.7/site-packages/airflow/example_dags/example_bash_operator.py
[2023-08-02T10:46:44.919+0000] {processor.py:826} INFO - Processing file /home/airflow/.local/lib/python3.7/site-packages/airflow/example_dags/example_bash_operator.py for tasks to queue
[2023-08-02T10:46:44.922+0000] {logging_mixin.py:150} INFO - [2023-08-02T10:46:44.921+0000] {dagbag.py:541} INFO - Filling up the DagBag from /home/airflow/.local/lib/python3.7/site-packages/airflow/example_dags/example_bash_operator.py
[2023-08-02T10:46:44.937+0000] {processor.py:836} INFO - DAG(s) dict_keys(['example_bash_operator']) retrieved from /home/airflow/.local/lib/python3.7/site-packages/airflow/example_dags/example_bash_operator.py
[2023-08-02T10:46:44.967+0000] {logging_mixin.py:150} INFO - [2023-08-02T10:46:44.967+0000] {dag.py:2742} INFO - Sync 1 DAGs
[2023-08-02T10:46:44.989+0000] {logging_mixin.py:150} INFO - [2023-08-02T10:46:44.988+0000] {dag.py:3508} INFO - Setting next_dagrun for example_bash_operator to 2023-08-01T00:00:00+00:00, run_after=2023-08-02T00:00:00+00:00
[2023-08-02T10:46:45.018+0000] {processor.py:179} INFO - Processing /home/airflow/.local/lib/python3.7/site-packages/airflow/example_dags/example_bash_operator.py took 0.106 seconds
[2023-08-02T10:47:15.165+0000] {processor.py:157} INFO - Started process (PID=1201) to work on /home/airflow/.local/lib/python3.7/site-packages/airflow/example_dags/example_bash_operator.py
[2023-08-02T10:47:15.239+0000] {processor.py:826} INFO - Processing file /home/airflow/.local/lib/python3.7/site-packages/airflow/example_dags/example_bash_operator.py for tasks to queue
[2023-08-02T10:47:15.241+0000] {logging_mixin.py:150} INFO - [2023-08-02T10:47:15.240+0000] {dagbag.py:541} INFO - Filling up the DagBag from /home/airflow/.local/lib/python3.7/site-packages/airflow/example_dags/example_bash_operator.py
[2023-08-02T10:47:15.252+0000] {processor.py:836} INFO - DAG(s) dict_keys(['example_bash_operator']) retrieved from /home/airflow/.local/lib/python3.7/site-packages/airflow/example_dags/example_bash_operator.py
[2023-08-02T10:47:15.281+0000] {logging_mixin.py:150} INFO - [2023-08-02T10:47:15.281+0000] {dag.py:2742} INFO - Sync 1 DAGs
[2023-08-02T10:47:15.301+0000] {logging_mixin.py:150} INFO - [2023-08-02T10:47:15.301+0000] {dag.py:3508} INFO - Setting next_dagrun for example_bash_operator to 2023-08-01T00:00:00+00:00, run_after=2023-08-02T00:00:00+00:00
[2023-08-02T10:47:15.320+0000] {processor.py:179} INFO - Processing /home/airflow/.local/lib/python3.7/site-packages/airflow/example_dags/example_bash_operator.py took 0.159 seconds
[2023-08-02T10:47:45.591+0000] {processor.py:157} INFO - Started process (PID=1258) to work on /home/airflow/.local/lib/python3.7/site-packages/airflow/example_dags/example_bash_operator.py
[2023-08-02T10:47:45.593+0000] {processor.py:826} INFO - Processing file /home/airflow/.local/lib/python3.7/site-packages/airflow/example_dags/example_bash_operator.py for tasks to queue
[2023-08-02T10:47:45.596+0000] {logging_mixin.py:150} INFO - [2023-08-02T10:47:45.596+0000] {dagbag.py:541} INFO - Filling up the DagBag from /home/airflow/.local/lib/python3.7/site-packages/airflow/example_dags/example_bash_operator.py
[2023-08-02T10:47:45.609+0000] {processor.py:836} INFO - DAG(s) dict_keys(['example_bash_operator']) retrieved from /home/airflow/.local/lib/python3.7/site-packages/airflow/example_dags/example_bash_operator.py
[2023-08-02T10:47:45.638+0000] {logging_mixin.py:150} INFO - [2023-08-02T10:47:45.638+0000] {dag.py:2742} INFO - Sync 1 DAGs
[2023-08-02T10:47:45.658+0000] {logging_mixin.py:150} INFO - [2023-08-02T10:47:45.658+0000] {dag.py:3508} INFO - Setting next_dagrun for example_bash_operator to 2023-08-01T00:00:00+00:00, run_after=2023-08-02T00:00:00+00:00
[2023-08-02T10:47:45.670+0000] {processor.py:179} INFO - Processing /home/airflow/.local/lib/python3.7/site-packages/airflow/example_dags/example_bash_operator.py took 0.082 seconds
[2023-08-02T10:48:15.813+0000] {processor.py:157} INFO - Started process (PID=1315) to work on /home/airflow/.local/lib/python3.7/site-packages/airflow/example_dags/example_bash_operator.py
[2023-08-02T10:48:15.815+0000] {processor.py:826} INFO - Processing file /home/airflow/.local/lib/python3.7/site-packages/airflow/example_dags/example_bash_operator.py for tasks to queue
[2023-08-02T10:48:15.816+0000] {logging_mixin.py:150} INFO - [2023-08-02T10:48:15.816+0000] {dagbag.py:541} INFO - Filling up the DagBag from /home/airflow/.local/lib/python3.7/site-packages/airflow/example_dags/example_bash_operator.py
[2023-08-02T10:48:15.830+0000] {processor.py:836} INFO - DAG(s) dict_keys(['example_bash_operator']) retrieved from /home/airflow/.local/lib/python3.7/site-packages/airflow/example_dags/example_bash_operator.py
[2023-08-02T10:48:15.863+0000] {logging_mixin.py:150} INFO - [2023-08-02T10:48:15.863+0000] {dag.py:2742} INFO - Sync 1 DAGs
[2023-08-02T10:48:15.887+0000] {logging_mixin.py:150} INFO - [2023-08-02T10:48:15.886+0000] {dag.py:3508} INFO - Setting next_dagrun for example_bash_operator to 2023-08-01T00:00:00+00:00, run_after=2023-08-02T00:00:00+00:00
[2023-08-02T10:48:15.905+0000] {processor.py:179} INFO - Processing /home/airflow/.local/lib/python3.7/site-packages/airflow/example_dags/example_bash_operator.py took 0.095 seconds
[2023-08-02T10:48:46.011+0000] {processor.py:157} INFO - Started process (PID=1371) to work on /home/airflow/.local/lib/python3.7/site-packages/airflow/example_dags/example_bash_operator.py
[2023-08-02T10:48:46.013+0000] {processor.py:826} INFO - Processing file /home/airflow/.local/lib/python3.7/site-packages/airflow/example_dags/example_bash_operator.py for tasks to queue
[2023-08-02T10:48:46.015+0000] {logging_mixin.py:150} INFO - [2023-08-02T10:48:46.014+0000] {dagbag.py:541} INFO - Filling up the DagBag from /home/airflow/.local/lib/python3.7/site-packages/airflow/example_dags/example_bash_operator.py
[2023-08-02T10:48:46.026+0000] {processor.py:836} INFO - DAG(s) dict_keys(['example_bash_operator']) retrieved from /home/airflow/.local/lib/python3.7/site-packages/airflow/example_dags/example_bash_operator.py
[2023-08-02T10:48:46.056+0000] {logging_mixin.py:150} INFO - [2023-08-02T10:48:46.056+0000] {dag.py:2742} INFO - Sync 1 DAGs
[2023-08-02T10:48:46.081+0000] {logging_mixin.py:150} INFO - [2023-08-02T10:48:46.081+0000] {dag.py:3508} INFO - Setting next_dagrun for example_bash_operator to 2023-08-01T00:00:00+00:00, run_after=2023-08-02T00:00:00+00:00
[2023-08-02T10:48:46.114+0000] {processor.py:179} INFO - Processing /home/airflow/.local/lib/python3.7/site-packages/airflow/example_dags/example_bash_operator.py took 0.106 seconds
[2023-08-02T10:49:16.295+0000] {processor.py:157} INFO - Started process (PID=1428) to work on /home/airflow/.local/lib/python3.7/site-packages/airflow/example_dags/example_bash_operator.py
[2023-08-02T10:49:16.298+0000] {processor.py:826} INFO - Processing file /home/airflow/.local/lib/python3.7/site-packages/airflow/example_dags/example_bash_operator.py for tasks to queue
[2023-08-02T10:49:16.304+0000] {logging_mixin.py:150} INFO - [2023-08-02T10:49:16.304+0000] {dagbag.py:541} INFO - Filling up the DagBag from /home/airflow/.local/lib/python3.7/site-packages/airflow/example_dags/example_bash_operator.py
[2023-08-02T10:49:16.321+0000] {processor.py:836} INFO - DAG(s) dict_keys(['example_bash_operator']) retrieved from /home/airflow/.local/lib/python3.7/site-packages/airflow/example_dags/example_bash_operator.py
[2023-08-02T10:49:16.350+0000] {logging_mixin.py:150} INFO - [2023-08-02T10:49:16.350+0000] {dag.py:2742} INFO - Sync 1 DAGs
[2023-08-02T10:49:16.369+0000] {logging_mixin.py:150} INFO - [2023-08-02T10:49:16.369+0000] {dag.py:3508} INFO - Setting next_dagrun for example_bash_operator to 2023-08-01T00:00:00+00:00, run_after=2023-08-02T00:00:00+00:00
[2023-08-02T10:49:16.387+0000] {processor.py:179} INFO - Processing /home/airflow/.local/lib/python3.7/site-packages/airflow/example_dags/example_bash_operator.py took 0.097 seconds
[2023-08-02T10:49:46.591+0000] {processor.py:157} INFO - Started process (PID=1485) to work on /home/airflow/.local/lib/python3.7/site-packages/airflow/example_dags/example_bash_operator.py
[2023-08-02T10:49:46.593+0000] {processor.py:826} INFO - Processing file /home/airflow/.local/lib/python3.7/site-packages/airflow/example_dags/example_bash_operator.py for tasks to queue
[2023-08-02T10:49:46.595+0000] {logging_mixin.py:150} INFO - [2023-08-02T10:49:46.594+0000] {dagbag.py:541} INFO - Filling up the DagBag from /home/airflow/.local/lib/python3.7/site-packages/airflow/example_dags/example_bash_operator.py
[2023-08-02T10:49:46.606+0000] {processor.py:836} INFO - DAG(s) dict_keys(['example_bash_operator']) retrieved from /home/airflow/.local/lib/python3.7/site-packages/airflow/example_dags/example_bash_operator.py
[2023-08-02T10:49:46.633+0000] {logging_mixin.py:150} INFO - [2023-08-02T10:49:46.633+0000] {dag.py:2742} INFO - Sync 1 DAGs
[2023-08-02T10:49:46.652+0000] {logging_mixin.py:150} INFO - [2023-08-02T10:49:46.651+0000] {dag.py:3508} INFO - Setting next_dagrun for example_bash_operator to 2023-08-01T00:00:00+00:00, run_after=2023-08-02T00:00:00+00:00
[2023-08-02T10:49:46.666+0000] {processor.py:179} INFO - Processing /home/airflow/.local/lib/python3.7/site-packages/airflow/example_dags/example_bash_operator.py took 0.078 seconds
[2023-08-02T10:50:17.333+0000] {processor.py:157} INFO - Started process (PID=1542) to work on /home/airflow/.local/lib/python3.7/site-packages/airflow/example_dags/example_bash_operator.py
[2023-08-02T10:50:17.337+0000] {processor.py:826} INFO - Processing file /home/airflow/.local/lib/python3.7/site-packages/airflow/example_dags/example_bash_operator.py for tasks to queue
[2023-08-02T10:50:17.341+0000] {logging_mixin.py:150} INFO - [2023-08-02T10:50:17.341+0000] {dagbag.py:541} INFO - Filling up the DagBag from /home/airflow/.local/lib/python3.7/site-packages/airflow/example_dags/example_bash_operator.py
[2023-08-02T10:50:17.368+0000] {processor.py:836} INFO - DAG(s) dict_keys(['example_bash_operator']) retrieved from /home/airflow/.local/lib/python3.7/site-packages/airflow/example_dags/example_bash_operator.py
[2023-08-02T10:50:17.414+0000] {logging_mixin.py:150} INFO - [2023-08-02T10:50:17.413+0000] {dag.py:2742} INFO - Sync 1 DAGs
[2023-08-02T10:50:17.477+0000] {logging_mixin.py:150} INFO - [2023-08-02T10:50:17.477+0000] {dag.py:3508} INFO - Setting next_dagrun for example_bash_operator to 2023-08-01T00:00:00+00:00, run_after=2023-08-02T00:00:00+00:00
[2023-08-02T10:50:17.498+0000] {processor.py:179} INFO - Processing /home/airflow/.local/lib/python3.7/site-packages/airflow/example_dags/example_bash_operator.py took 0.169 seconds
[2023-08-02T10:50:47.941+0000] {processor.py:157} INFO - Started process (PID=1599) to work on /home/airflow/.local/lib/python3.7/site-packages/airflow/example_dags/example_bash_operator.py
[2023-08-02T10:50:47.943+0000] {processor.py:826} INFO - Processing file /home/airflow/.local/lib/python3.7/site-packages/airflow/example_dags/example_bash_operator.py for tasks to queue
[2023-08-02T10:50:47.946+0000] {logging_mixin.py:150} INFO - [2023-08-02T10:50:47.946+0000] {dagbag.py:541} INFO - Filling up the DagBag from /home/airflow/.local/lib/python3.7/site-packages/airflow/example_dags/example_bash_operator.py
[2023-08-02T10:50:47.959+0000] {processor.py:836} INFO - DAG(s) dict_keys(['example_bash_operator']) retrieved from /home/airflow/.local/lib/python3.7/site-packages/airflow/example_dags/example_bash_operator.py
[2023-08-02T10:50:48.001+0000] {logging_mixin.py:150} INFO - [2023-08-02T10:50:48.001+0000] {dag.py:2742} INFO - Sync 1 DAGs
[2023-08-02T10:50:48.026+0000] {logging_mixin.py:150} INFO - [2023-08-02T10:50:48.026+0000] {dag.py:3508} INFO - Setting next_dagrun for example_bash_operator to 2023-08-01T00:00:00+00:00, run_after=2023-08-02T00:00:00+00:00
[2023-08-02T10:50:48.039+0000] {processor.py:179} INFO - Processing /home/airflow/.local/lib/python3.7/site-packages/airflow/example_dags/example_bash_operator.py took 0.103 seconds
[2023-08-02T10:51:18.947+0000] {processor.py:157} INFO - Started process (PID=1656) to work on /home/airflow/.local/lib/python3.7/site-packages/airflow/example_dags/example_bash_operator.py
[2023-08-02T10:51:19.005+0000] {processor.py:826} INFO - Processing file /home/airflow/.local/lib/python3.7/site-packages/airflow/example_dags/example_bash_operator.py for tasks to queue
[2023-08-02T10:51:19.007+0000] {logging_mixin.py:150} INFO - [2023-08-02T10:51:19.006+0000] {dagbag.py:541} INFO - Filling up the DagBag from /home/airflow/.local/lib/python3.7/site-packages/airflow/example_dags/example_bash_operator.py
[2023-08-02T10:51:19.021+0000] {processor.py:836} INFO - DAG(s) dict_keys(['example_bash_operator']) retrieved from /home/airflow/.local/lib/python3.7/site-packages/airflow/example_dags/example_bash_operator.py
[2023-08-02T10:51:19.054+0000] {logging_mixin.py:150} INFO - [2023-08-02T10:51:19.054+0000] {dag.py:2742} INFO - Sync 1 DAGs
[2023-08-02T10:51:19.074+0000] {logging_mixin.py:150} INFO - [2023-08-02T10:51:19.074+0000] {dag.py:3508} INFO - Setting next_dagrun for example_bash_operator to 2023-08-01T00:00:00+00:00, run_after=2023-08-02T00:00:00+00:00
[2023-08-02T10:51:19.089+0000] {processor.py:179} INFO - Processing /home/airflow/.local/lib/python3.7/site-packages/airflow/example_dags/example_bash_operator.py took 0.146 seconds
[2023-08-02T10:51:49.250+0000] {processor.py:157} INFO - Started process (PID=1713) to work on /home/airflow/.local/lib/python3.7/site-packages/airflow/example_dags/example_bash_operator.py
[2023-08-02T10:51:49.252+0000] {processor.py:826} INFO - Processing file /home/airflow/.local/lib/python3.7/site-packages/airflow/example_dags/example_bash_operator.py for tasks to queue
[2023-08-02T10:51:49.253+0000] {logging_mixin.py:150} INFO - [2023-08-02T10:51:49.253+0000] {dagbag.py:541} INFO - Filling up the DagBag from /home/airflow/.local/lib/python3.7/site-packages/airflow/example_dags/example_bash_operator.py
[2023-08-02T10:51:49.266+0000] {processor.py:836} INFO - DAG(s) dict_keys(['example_bash_operator']) retrieved from /home/airflow/.local/lib/python3.7/site-packages/airflow/example_dags/example_bash_operator.py
[2023-08-02T10:51:49.297+0000] {logging_mixin.py:150} INFO - [2023-08-02T10:51:49.297+0000] {dag.py:2742} INFO - Sync 1 DAGs
[2023-08-02T10:51:49.318+0000] {logging_mixin.py:150} INFO - [2023-08-02T10:51:49.318+0000] {dag.py:3508} INFO - Setting next_dagrun for example_bash_operator to 2023-08-01T00:00:00+00:00, run_after=2023-08-02T00:00:00+00:00
[2023-08-02T10:51:49.331+0000] {processor.py:179} INFO - Processing /home/airflow/.local/lib/python3.7/site-packages/airflow/example_dags/example_bash_operator.py took 0.084 seconds
[2023-08-02T10:52:19.548+0000] {processor.py:157} INFO - Started process (PID=1770) to work on /home/airflow/.local/lib/python3.7/site-packages/airflow/example_dags/example_bash_operator.py
[2023-08-02T10:52:19.559+0000] {processor.py:826} INFO - Processing file /home/airflow/.local/lib/python3.7/site-packages/airflow/example_dags/example_bash_operator.py for tasks to queue
[2023-08-02T10:52:19.561+0000] {logging_mixin.py:150} INFO - [2023-08-02T10:52:19.561+0000] {dagbag.py:541} INFO - Filling up the DagBag from /home/airflow/.local/lib/python3.7/site-packages/airflow/example_dags/example_bash_operator.py
[2023-08-02T10:52:19.572+0000] {processor.py:836} INFO - DAG(s) dict_keys(['example_bash_operator']) retrieved from /home/airflow/.local/lib/python3.7/site-packages/airflow/example_dags/example_bash_operator.py
[2023-08-02T10:52:19.607+0000] {logging_mixin.py:150} INFO - [2023-08-02T10:52:19.607+0000] {dag.py:2742} INFO - Sync 1 DAGs
[2023-08-02T10:52:19.625+0000] {logging_mixin.py:150} INFO - [2023-08-02T10:52:19.625+0000] {dag.py:3508} INFO - Setting next_dagrun for example_bash_operator to 2023-08-01T00:00:00+00:00, run_after=2023-08-02T00:00:00+00:00
[2023-08-02T10:52:19.638+0000] {processor.py:179} INFO - Processing /home/airflow/.local/lib/python3.7/site-packages/airflow/example_dags/example_bash_operator.py took 0.093 seconds
[2023-08-02T10:52:49.722+0000] {processor.py:157} INFO - Started process (PID=1828) to work on /home/airflow/.local/lib/python3.7/site-packages/airflow/example_dags/example_bash_operator.py
[2023-08-02T10:52:49.725+0000] {processor.py:826} INFO - Processing file /home/airflow/.local/lib/python3.7/site-packages/airflow/example_dags/example_bash_operator.py for tasks to queue
[2023-08-02T10:52:49.727+0000] {logging_mixin.py:150} INFO - [2023-08-02T10:52:49.727+0000] {dagbag.py:541} INFO - Filling up the DagBag from /home/airflow/.local/lib/python3.7/site-packages/airflow/example_dags/example_bash_operator.py
[2023-08-02T10:52:49.738+0000] {processor.py:836} INFO - DAG(s) dict_keys(['example_bash_operator']) retrieved from /home/airflow/.local/lib/python3.7/site-packages/airflow/example_dags/example_bash_operator.py
[2023-08-02T10:52:49.764+0000] {logging_mixin.py:150} INFO - [2023-08-02T10:52:49.764+0000] {dag.py:2742} INFO - Sync 1 DAGs
[2023-08-02T10:52:49.786+0000] {logging_mixin.py:150} INFO - [2023-08-02T10:52:49.786+0000] {dag.py:3508} INFO - Setting next_dagrun for example_bash_operator to 2023-08-01T00:00:00+00:00, run_after=2023-08-02T00:00:00+00:00
[2023-08-02T10:52:49.801+0000] {processor.py:179} INFO - Processing /home/airflow/.local/lib/python3.7/site-packages/airflow/example_dags/example_bash_operator.py took 0.082 seconds
[2023-08-02T10:53:20.159+0000] {processor.py:157} INFO - Started process (PID=1885) to work on /home/airflow/.local/lib/python3.7/site-packages/airflow/example_dags/example_bash_operator.py
[2023-08-02T10:53:20.161+0000] {processor.py:826} INFO - Processing file /home/airflow/.local/lib/python3.7/site-packages/airflow/example_dags/example_bash_operator.py for tasks to queue
[2023-08-02T10:53:20.162+0000] {logging_mixin.py:150} INFO - [2023-08-02T10:53:20.162+0000] {dagbag.py:541} INFO - Filling up the DagBag from /home/airflow/.local/lib/python3.7/site-packages/airflow/example_dags/example_bash_operator.py
[2023-08-02T10:53:20.175+0000] {processor.py:836} INFO - DAG(s) dict_keys(['example_bash_operator']) retrieved from /home/airflow/.local/lib/python3.7/site-packages/airflow/example_dags/example_bash_operator.py
[2023-08-02T10:53:20.207+0000] {logging_mixin.py:150} INFO - [2023-08-02T10:53:20.207+0000] {dag.py:2742} INFO - Sync 1 DAGs
[2023-08-02T10:53:20.228+0000] {logging_mixin.py:150} INFO - [2023-08-02T10:53:20.228+0000] {dag.py:3508} INFO - Setting next_dagrun for example_bash_operator to 2023-08-01T00:00:00+00:00, run_after=2023-08-02T00:00:00+00:00
[2023-08-02T10:53:20.242+0000] {processor.py:179} INFO - Processing /home/airflow/.local/lib/python3.7/site-packages/airflow/example_dags/example_bash_operator.py took 0.086 seconds
[2023-08-02T10:53:50.368+0000] {processor.py:157} INFO - Started process (PID=1942) to work on /home/airflow/.local/lib/python3.7/site-packages/airflow/example_dags/example_bash_operator.py
[2023-08-02T10:53:50.370+0000] {processor.py:826} INFO - Processing file /home/airflow/.local/lib/python3.7/site-packages/airflow/example_dags/example_bash_operator.py for tasks to queue
[2023-08-02T10:53:50.373+0000] {logging_mixin.py:150} INFO - [2023-08-02T10:53:50.372+0000] {dagbag.py:541} INFO - Filling up the DagBag from /home/airflow/.local/lib/python3.7/site-packages/airflow/example_dags/example_bash_operator.py
[2023-08-02T10:53:50.384+0000] {processor.py:836} INFO - DAG(s) dict_keys(['example_bash_operator']) retrieved from /home/airflow/.local/lib/python3.7/site-packages/airflow/example_dags/example_bash_operator.py
[2023-08-02T10:53:50.411+0000] {logging_mixin.py:150} INFO - [2023-08-02T10:53:50.411+0000] {dag.py:2742} INFO - Sync 1 DAGs
[2023-08-02T10:53:50.429+0000] {logging_mixin.py:150} INFO - [2023-08-02T10:53:50.429+0000] {dag.py:3508} INFO - Setting next_dagrun for example_bash_operator to 2023-08-01T00:00:00+00:00, run_after=2023-08-02T00:00:00+00:00
[2023-08-02T10:53:50.445+0000] {processor.py:179} INFO - Processing /home/airflow/.local/lib/python3.7/site-packages/airflow/example_dags/example_bash_operator.py took 0.081 seconds
[2023-08-02T10:54:20.537+0000] {processor.py:157} INFO - Started process (PID=2000) to work on /home/airflow/.local/lib/python3.7/site-packages/airflow/example_dags/example_bash_operator.py
[2023-08-02T10:54:20.539+0000] {processor.py:826} INFO - Processing file /home/airflow/.local/lib/python3.7/site-packages/airflow/example_dags/example_bash_operator.py for tasks to queue
[2023-08-02T10:54:20.540+0000] {logging_mixin.py:150} INFO - [2023-08-02T10:54:20.540+0000] {dagbag.py:541} INFO - Filling up the DagBag from /home/airflow/.local/lib/python3.7/site-packages/airflow/example_dags/example_bash_operator.py
[2023-08-02T10:54:20.551+0000] {processor.py:836} INFO - DAG(s) dict_keys(['example_bash_operator']) retrieved from /home/airflow/.local/lib/python3.7/site-packages/airflow/example_dags/example_bash_operator.py
[2023-08-02T10:54:20.579+0000] {logging_mixin.py:150} INFO - [2023-08-02T10:54:20.579+0000] {dag.py:2742} INFO - Sync 1 DAGs
[2023-08-02T10:54:20.597+0000] {logging_mixin.py:150} INFO - [2023-08-02T10:54:20.596+0000] {dag.py:3508} INFO - Setting next_dagrun for example_bash_operator to 2023-08-01T00:00:00+00:00, run_after=2023-08-02T00:00:00+00:00
[2023-08-02T10:54:20.611+0000] {processor.py:179} INFO - Processing /home/airflow/.local/lib/python3.7/site-packages/airflow/example_dags/example_bash_operator.py took 0.077 seconds
[2023-08-02T10:54:50.781+0000] {processor.py:157} INFO - Started process (PID=2057) to work on /home/airflow/.local/lib/python3.7/site-packages/airflow/example_dags/example_bash_operator.py
[2023-08-02T10:54:50.784+0000] {processor.py:826} INFO - Processing file /home/airflow/.local/lib/python3.7/site-packages/airflow/example_dags/example_bash_operator.py for tasks to queue
[2023-08-02T10:54:50.785+0000] {logging_mixin.py:150} INFO - [2023-08-02T10:54:50.784+0000] {dagbag.py:541} INFO - Filling up the DagBag from /home/airflow/.local/lib/python3.7/site-packages/airflow/example_dags/example_bash_operator.py
[2023-08-02T10:54:50.796+0000] {processor.py:836} INFO - DAG(s) dict_keys(['example_bash_operator']) retrieved from /home/airflow/.local/lib/python3.7/site-packages/airflow/example_dags/example_bash_operator.py
[2023-08-02T10:54:50.823+0000] {logging_mixin.py:150} INFO - [2023-08-02T10:54:50.823+0000] {dag.py:2742} INFO - Sync 1 DAGs
[2023-08-02T10:54:50.841+0000] {logging_mixin.py:150} INFO - [2023-08-02T10:54:50.841+0000] {dag.py:3508} INFO - Setting next_dagrun for example_bash_operator to 2023-08-01T00:00:00+00:00, run_after=2023-08-02T00:00:00+00:00
[2023-08-02T10:54:50.855+0000] {processor.py:179} INFO - Processing /home/airflow/.local/lib/python3.7/site-packages/airflow/example_dags/example_bash_operator.py took 0.077 seconds
[2023-08-02T10:55:21.468+0000] {processor.py:157} INFO - Started process (PID=2115) to work on /home/airflow/.local/lib/python3.7/site-packages/airflow/example_dags/example_bash_operator.py
[2023-08-02T10:55:21.472+0000] {processor.py:826} INFO - Processing file /home/airflow/.local/lib/python3.7/site-packages/airflow/example_dags/example_bash_operator.py for tasks to queue
[2023-08-02T10:55:21.474+0000] {logging_mixin.py:150} INFO - [2023-08-02T10:55:21.473+0000] {dagbag.py:541} INFO - Filling up the DagBag from /home/airflow/.local/lib/python3.7/site-packages/airflow/example_dags/example_bash_operator.py
[2023-08-02T10:55:21.493+0000] {processor.py:836} INFO - DAG(s) dict_keys(['example_bash_operator']) retrieved from /home/airflow/.local/lib/python3.7/site-packages/airflow/example_dags/example_bash_operator.py
[2023-08-02T10:55:21.525+0000] {logging_mixin.py:150} INFO - [2023-08-02T10:55:21.524+0000] {dag.py:2742} INFO - Sync 1 DAGs
[2023-08-02T10:55:21.544+0000] {logging_mixin.py:150} INFO - [2023-08-02T10:55:21.544+0000] {dag.py:3508} INFO - Setting next_dagrun for example_bash_operator to 2023-08-01T00:00:00+00:00, run_after=2023-08-02T00:00:00+00:00
[2023-08-02T10:55:21.557+0000] {processor.py:179} INFO - Processing /home/airflow/.local/lib/python3.7/site-packages/airflow/example_dags/example_bash_operator.py took 0.093 seconds
[2023-08-02T12:19:20.917+0000] {processor.py:157} INFO - Started process (PID=2173) to work on /home/airflow/.local/lib/python3.7/site-packages/airflow/example_dags/example_bash_operator.py
[2023-08-02T12:19:20.928+0000] {processor.py:826} INFO - Processing file /home/airflow/.local/lib/python3.7/site-packages/airflow/example_dags/example_bash_operator.py for tasks to queue
[2023-08-02T12:19:20.936+0000] {logging_mixin.py:150} INFO - [2023-08-02T12:19:20.936+0000] {dagbag.py:541} INFO - Filling up the DagBag from /home/airflow/.local/lib/python3.7/site-packages/airflow/example_dags/example_bash_operator.py
[2023-08-02T12:19:20.954+0000] {processor.py:836} INFO - DAG(s) dict_keys(['example_bash_operator']) retrieved from /home/airflow/.local/lib/python3.7/site-packages/airflow/example_dags/example_bash_operator.py
[2023-08-02T12:19:20.989+0000] {logging_mixin.py:150} INFO - [2023-08-02T12:19:20.989+0000] {dag.py:2742} INFO - Sync 1 DAGs
[2023-08-02T12:19:21.015+0000] {logging_mixin.py:150} INFO - [2023-08-02T12:19:21.015+0000] {dag.py:3508} INFO - Setting next_dagrun for example_bash_operator to 2023-08-01T00:00:00+00:00, run_after=2023-08-02T00:00:00+00:00
[2023-08-02T12:19:21.059+0000] {processor.py:179} INFO - Processing /home/airflow/.local/lib/python3.7/site-packages/airflow/example_dags/example_bash_operator.py took 0.151 seconds
[2023-08-02T13:26:13.403+0000] {processor.py:157} INFO - Started process (PID=2230) to work on /home/airflow/.local/lib/python3.7/site-packages/airflow/example_dags/example_bash_operator.py
[2023-08-02T13:26:13.404+0000] {processor.py:826} INFO - Processing file /home/airflow/.local/lib/python3.7/site-packages/airflow/example_dags/example_bash_operator.py for tasks to queue
[2023-08-02T13:26:13.406+0000] {logging_mixin.py:150} INFO - [2023-08-02T13:26:13.405+0000] {dagbag.py:541} INFO - Filling up the DagBag from /home/airflow/.local/lib/python3.7/site-packages/airflow/example_dags/example_bash_operator.py
[2023-08-02T13:26:13.417+0000] {processor.py:836} INFO - DAG(s) dict_keys(['example_bash_operator']) retrieved from /home/airflow/.local/lib/python3.7/site-packages/airflow/example_dags/example_bash_operator.py
[2023-08-02T13:26:13.497+0000] {logging_mixin.py:150} INFO - [2023-08-02T13:26:13.497+0000] {dag.py:2742} INFO - Sync 1 DAGs
[2023-08-02T13:26:13.516+0000] {logging_mixin.py:150} INFO - [2023-08-02T13:26:13.516+0000] {dag.py:3508} INFO - Setting next_dagrun for example_bash_operator to 2023-08-01T00:00:00+00:00, run_after=2023-08-02T00:00:00+00:00
[2023-08-02T13:26:13.529+0000] {processor.py:179} INFO - Processing /home/airflow/.local/lib/python3.7/site-packages/airflow/example_dags/example_bash_operator.py took 0.130 seconds
[2023-08-02T14:49:12.536+0000] {processor.py:157} INFO - Started process (PID=2288) to work on /home/airflow/.local/lib/python3.7/site-packages/airflow/example_dags/example_bash_operator.py
[2023-08-02T14:49:12.539+0000] {processor.py:826} INFO - Processing file /home/airflow/.local/lib/python3.7/site-packages/airflow/example_dags/example_bash_operator.py for tasks to queue
[2023-08-02T14:49:12.542+0000] {logging_mixin.py:150} INFO - [2023-08-02T14:49:12.542+0000] {dagbag.py:541} INFO - Filling up the DagBag from /home/airflow/.local/lib/python3.7/site-packages/airflow/example_dags/example_bash_operator.py
[2023-08-02T14:49:12.554+0000] {processor.py:836} INFO - DAG(s) dict_keys(['example_bash_operator']) retrieved from /home/airflow/.local/lib/python3.7/site-packages/airflow/example_dags/example_bash_operator.py
[2023-08-02T14:49:12.583+0000] {logging_mixin.py:150} INFO - [2023-08-02T14:49:12.583+0000] {dag.py:2742} INFO - Sync 1 DAGs
[2023-08-02T14:49:12.604+0000] {logging_mixin.py:150} INFO - [2023-08-02T14:49:12.604+0000] {dag.py:3508} INFO - Setting next_dagrun for example_bash_operator to 2023-08-01T00:00:00+00:00, run_after=2023-08-02T00:00:00+00:00
[2023-08-02T14:49:12.618+0000] {processor.py:179} INFO - Processing /home/airflow/.local/lib/python3.7/site-packages/airflow/example_dags/example_bash_operator.py took 0.085 seconds
[2023-08-02T15:54:29.192+0000] {processor.py:157} INFO - Started process (PID=2344) to work on /home/airflow/.local/lib/python3.7/site-packages/airflow/example_dags/example_bash_operator.py
[2023-08-02T15:54:29.194+0000] {processor.py:826} INFO - Processing file /home/airflow/.local/lib/python3.7/site-packages/airflow/example_dags/example_bash_operator.py for tasks to queue
[2023-08-02T15:54:29.195+0000] {logging_mixin.py:150} INFO - [2023-08-02T15:54:29.195+0000] {dagbag.py:541} INFO - Filling up the DagBag from /home/airflow/.local/lib/python3.7/site-packages/airflow/example_dags/example_bash_operator.py
[2023-08-02T15:54:29.209+0000] {processor.py:836} INFO - DAG(s) dict_keys(['example_bash_operator']) retrieved from /home/airflow/.local/lib/python3.7/site-packages/airflow/example_dags/example_bash_operator.py
[2023-08-02T15:54:29.244+0000] {logging_mixin.py:150} INFO - [2023-08-02T15:54:29.244+0000] {dag.py:2742} INFO - Sync 1 DAGs
[2023-08-02T15:54:29.267+0000] {logging_mixin.py:150} INFO - [2023-08-02T15:54:29.267+0000] {dag.py:3508} INFO - Setting next_dagrun for example_bash_operator to 2023-08-01T00:00:00+00:00, run_after=2023-08-02T00:00:00+00:00
[2023-08-02T15:54:29.284+0000] {processor.py:179} INFO - Processing /home/airflow/.local/lib/python3.7/site-packages/airflow/example_dags/example_bash_operator.py took 0.095 seconds
[2023-08-02T16:26:54.139+0000] {processor.py:157} INFO - Started process (PID=2401) to work on /home/airflow/.local/lib/python3.7/site-packages/airflow/example_dags/example_bash_operator.py
[2023-08-02T16:26:54.143+0000] {processor.py:826} INFO - Processing file /home/airflow/.local/lib/python3.7/site-packages/airflow/example_dags/example_bash_operator.py for tasks to queue
[2023-08-02T16:26:54.145+0000] {logging_mixin.py:150} INFO - [2023-08-02T16:26:54.145+0000] {dagbag.py:541} INFO - Filling up the DagBag from /home/airflow/.local/lib/python3.7/site-packages/airflow/example_dags/example_bash_operator.py
[2023-08-02T16:26:54.162+0000] {processor.py:836} INFO - DAG(s) dict_keys(['example_bash_operator']) retrieved from /home/airflow/.local/lib/python3.7/site-packages/airflow/example_dags/example_bash_operator.py
[2023-08-02T16:26:54.198+0000] {logging_mixin.py:150} INFO - [2023-08-02T16:26:54.198+0000] {dag.py:2742} INFO - Sync 1 DAGs
[2023-08-02T16:26:54.217+0000] {logging_mixin.py:150} INFO - [2023-08-02T16:26:54.216+0000] {dag.py:3508} INFO - Setting next_dagrun for example_bash_operator to 2023-08-01T00:00:00+00:00, run_after=2023-08-02T00:00:00+00:00
[2023-08-02T16:26:54.231+0000] {processor.py:179} INFO - Processing /home/airflow/.local/lib/python3.7/site-packages/airflow/example_dags/example_bash_operator.py took 0.096 seconds
[2023-08-02T17:14:38.278+0000] {processor.py:157} INFO - Started process (PID=2459) to work on /home/airflow/.local/lib/python3.7/site-packages/airflow/example_dags/example_bash_operator.py
[2023-08-02T17:14:38.281+0000] {processor.py:826} INFO - Processing file /home/airflow/.local/lib/python3.7/site-packages/airflow/example_dags/example_bash_operator.py for tasks to queue
[2023-08-02T17:14:38.283+0000] {logging_mixin.py:150} INFO - [2023-08-02T17:14:38.282+0000] {dagbag.py:541} INFO - Filling up the DagBag from /home/airflow/.local/lib/python3.7/site-packages/airflow/example_dags/example_bash_operator.py
[2023-08-02T17:14:38.293+0000] {processor.py:836} INFO - DAG(s) dict_keys(['example_bash_operator']) retrieved from /home/airflow/.local/lib/python3.7/site-packages/airflow/example_dags/example_bash_operator.py
[2023-08-02T17:14:38.321+0000] {logging_mixin.py:150} INFO - [2023-08-02T17:14:38.321+0000] {dag.py:2742} INFO - Sync 1 DAGs
[2023-08-02T17:14:38.341+0000] {logging_mixin.py:150} INFO - [2023-08-02T17:14:38.341+0000] {dag.py:3508} INFO - Setting next_dagrun for example_bash_operator to 2023-08-01T00:00:00+00:00, run_after=2023-08-02T00:00:00+00:00
[2023-08-02T17:14:38.355+0000] {processor.py:179} INFO - Processing /home/airflow/.local/lib/python3.7/site-packages/airflow/example_dags/example_bash_operator.py took 0.080 seconds
[2023-08-02T18:59:11.475+0000] {processor.py:157} INFO - Started process (PID=2516) to work on /home/airflow/.local/lib/python3.7/site-packages/airflow/example_dags/example_bash_operator.py
[2023-08-02T18:59:11.477+0000] {processor.py:826} INFO - Processing file /home/airflow/.local/lib/python3.7/site-packages/airflow/example_dags/example_bash_operator.py for tasks to queue
[2023-08-02T18:59:11.478+0000] {logging_mixin.py:150} INFO - [2023-08-02T18:59:11.478+0000] {dagbag.py:541} INFO - Filling up the DagBag from /home/airflow/.local/lib/python3.7/site-packages/airflow/example_dags/example_bash_operator.py
[2023-08-02T18:59:11.490+0000] {processor.py:836} INFO - DAG(s) dict_keys(['example_bash_operator']) retrieved from /home/airflow/.local/lib/python3.7/site-packages/airflow/example_dags/example_bash_operator.py
[2023-08-02T18:59:11.520+0000] {logging_mixin.py:150} INFO - [2023-08-02T18:59:11.519+0000] {dag.py:2742} INFO - Sync 1 DAGs
[2023-08-02T18:59:11.539+0000] {logging_mixin.py:150} INFO - [2023-08-02T18:59:11.539+0000] {dag.py:3508} INFO - Setting next_dagrun for example_bash_operator to 2023-08-01T00:00:00+00:00, run_after=2023-08-02T00:00:00+00:00
[2023-08-02T18:59:11.555+0000] {processor.py:179} INFO - Processing /home/airflow/.local/lib/python3.7/site-packages/airflow/example_dags/example_bash_operator.py took 0.083 seconds
[2023-08-02T20:21:34.451+0000] {processor.py:157} INFO - Started process (PID=2574) to work on /home/airflow/.local/lib/python3.7/site-packages/airflow/example_dags/example_bash_operator.py
[2023-08-02T20:21:34.454+0000] {processor.py:826} INFO - Processing file /home/airflow/.local/lib/python3.7/site-packages/airflow/example_dags/example_bash_operator.py for tasks to queue
[2023-08-02T20:21:34.456+0000] {logging_mixin.py:150} INFO - [2023-08-02T20:21:34.455+0000] {dagbag.py:541} INFO - Filling up the DagBag from /home/airflow/.local/lib/python3.7/site-packages/airflow/example_dags/example_bash_operator.py
[2023-08-02T20:21:34.468+0000] {processor.py:836} INFO - DAG(s) dict_keys(['example_bash_operator']) retrieved from /home/airflow/.local/lib/python3.7/site-packages/airflow/example_dags/example_bash_operator.py
[2023-08-02T20:21:34.499+0000] {logging_mixin.py:150} INFO - [2023-08-02T20:21:34.499+0000] {dag.py:2742} INFO - Sync 1 DAGs
[2023-08-02T20:21:34.530+0000] {logging_mixin.py:150} INFO - [2023-08-02T20:21:34.530+0000] {dag.py:3508} INFO - Setting next_dagrun for example_bash_operator to 2023-08-01T00:00:00+00:00, run_after=2023-08-02T00:00:00+00:00
[2023-08-02T20:21:34.546+0000] {processor.py:179} INFO - Processing /home/airflow/.local/lib/python3.7/site-packages/airflow/example_dags/example_bash_operator.py took 0.098 seconds
[2023-08-02T22:03:30.189+0000] {processor.py:157} INFO - Started process (PID=2631) to work on /home/airflow/.local/lib/python3.7/site-packages/airflow/example_dags/example_bash_operator.py
[2023-08-02T22:03:30.192+0000] {processor.py:826} INFO - Processing file /home/airflow/.local/lib/python3.7/site-packages/airflow/example_dags/example_bash_operator.py for tasks to queue
[2023-08-02T22:03:30.194+0000] {logging_mixin.py:150} INFO - [2023-08-02T22:03:30.194+0000] {dagbag.py:541} INFO - Filling up the DagBag from /home/airflow/.local/lib/python3.7/site-packages/airflow/example_dags/example_bash_operator.py
[2023-08-02T22:03:30.210+0000] {processor.py:836} INFO - DAG(s) dict_keys(['example_bash_operator']) retrieved from /home/airflow/.local/lib/python3.7/site-packages/airflow/example_dags/example_bash_operator.py
[2023-08-02T22:03:30.250+0000] {logging_mixin.py:150} INFO - [2023-08-02T22:03:30.250+0000] {dag.py:2742} INFO - Sync 1 DAGs
[2023-08-02T22:03:30.312+0000] {logging_mixin.py:150} INFO - [2023-08-02T22:03:30.311+0000] {dag.py:3508} INFO - Setting next_dagrun for example_bash_operator to 2023-08-01T00:00:00+00:00, run_after=2023-08-02T00:00:00+00:00
[2023-08-02T22:03:30.337+0000] {processor.py:179} INFO - Processing /home/airflow/.local/lib/python3.7/site-packages/airflow/example_dags/example_bash_operator.py took 0.152 seconds
[2023-08-02T23:27:16.220+0000] {processor.py:157} INFO - Started process (PID=2688) to work on /home/airflow/.local/lib/python3.7/site-packages/airflow/example_dags/example_bash_operator.py
[2023-08-02T23:27:16.222+0000] {processor.py:826} INFO - Processing file /home/airflow/.local/lib/python3.7/site-packages/airflow/example_dags/example_bash_operator.py for tasks to queue
[2023-08-02T23:27:16.223+0000] {logging_mixin.py:150} INFO - [2023-08-02T23:27:16.223+0000] {dagbag.py:541} INFO - Filling up the DagBag from /home/airflow/.local/lib/python3.7/site-packages/airflow/example_dags/example_bash_operator.py
[2023-08-02T23:27:16.234+0000] {processor.py:836} INFO - DAG(s) dict_keys(['example_bash_operator']) retrieved from /home/airflow/.local/lib/python3.7/site-packages/airflow/example_dags/example_bash_operator.py
[2023-08-02T23:27:16.266+0000] {logging_mixin.py:150} INFO - [2023-08-02T23:27:16.266+0000] {dag.py:2742} INFO - Sync 1 DAGs
[2023-08-02T23:27:16.288+0000] {logging_mixin.py:150} INFO - [2023-08-02T23:27:16.288+0000] {dag.py:3508} INFO - Setting next_dagrun for example_bash_operator to 2023-08-01T00:00:00+00:00, run_after=2023-08-02T00:00:00+00:00
[2023-08-02T23:27:16.303+0000] {processor.py:179} INFO - Processing /home/airflow/.local/lib/python3.7/site-packages/airflow/example_dags/example_bash_operator.py took 0.086 seconds
