[2023-08-02T10:37:05.970+0000] {processor.py:157} INFO - Started process (PID=71) to work on /home/airflow/.local/lib/python3.7/site-packages/airflow/example_dags/example_dag_decorator.py
[2023-08-02T10:37:05.975+0000] {processor.py:826} INFO - Processing file /home/airflow/.local/lib/python3.7/site-packages/airflow/example_dags/example_dag_decorator.py for tasks to queue
[2023-08-02T10:37:05.978+0000] {logging_mixin.py:150} INFO - [2023-08-02T10:37:05.978+0000] {dagbag.py:541} INFO - Filling up the DagBag from /home/airflow/.local/lib/python3.7/site-packages/airflow/example_dags/example_dag_decorator.py
[2023-08-02T10:37:06.008+0000] {processor.py:836} INFO - DAG(s) dict_keys(['example_dag_decorator']) retrieved from /home/airflow/.local/lib/python3.7/site-packages/airflow/example_dags/example_dag_decorator.py
[2023-08-02T10:37:06.057+0000] {logging_mixin.py:150} INFO - [2023-08-02T10:37:06.057+0000] {dag.py:2742} INFO - Sync 1 DAGs
[2023-08-02T10:37:06.106+0000] {logging_mixin.py:150} INFO - [2023-08-02T10:37:06.106+0000] {dag.py:3508} INFO - Setting next_dagrun for example_dag_decorator to None, run_after=None
[2023-08-02T10:37:06.204+0000] {processor.py:179} INFO - Processing /home/airflow/.local/lib/python3.7/site-packages/airflow/example_dags/example_dag_decorator.py took 0.239 seconds
[2023-08-02T10:37:36.324+0000] {processor.py:157} INFO - Started process (PID=128) to work on /home/airflow/.local/lib/python3.7/site-packages/airflow/example_dags/example_dag_decorator.py
[2023-08-02T10:37:36.328+0000] {processor.py:826} INFO - Processing file /home/airflow/.local/lib/python3.7/site-packages/airflow/example_dags/example_dag_decorator.py for tasks to queue
[2023-08-02T10:37:36.330+0000] {logging_mixin.py:150} INFO - [2023-08-02T10:37:36.329+0000] {dagbag.py:541} INFO - Filling up the DagBag from /home/airflow/.local/lib/python3.7/site-packages/airflow/example_dags/example_dag_decorator.py
[2023-08-02T10:37:36.341+0000] {processor.py:836} INFO - DAG(s) dict_keys(['example_dag_decorator']) retrieved from /home/airflow/.local/lib/python3.7/site-packages/airflow/example_dags/example_dag_decorator.py
[2023-08-02T10:37:36.429+0000] {logging_mixin.py:150} INFO - [2023-08-02T10:37:36.429+0000] {dag.py:2742} INFO - Sync 1 DAGs
[2023-08-02T10:37:36.444+0000] {logging_mixin.py:150} INFO - [2023-08-02T10:37:36.444+0000] {dag.py:3508} INFO - Setting next_dagrun for example_dag_decorator to None, run_after=None
[2023-08-02T10:37:36.457+0000] {processor.py:179} INFO - Processing /home/airflow/.local/lib/python3.7/site-packages/airflow/example_dags/example_dag_decorator.py took 0.137 seconds
[2023-08-02T10:38:06.673+0000] {processor.py:157} INFO - Started process (PID=185) to work on /home/airflow/.local/lib/python3.7/site-packages/airflow/example_dags/example_dag_decorator.py
[2023-08-02T10:38:06.675+0000] {processor.py:826} INFO - Processing file /home/airflow/.local/lib/python3.7/site-packages/airflow/example_dags/example_dag_decorator.py for tasks to queue
[2023-08-02T10:38:06.677+0000] {logging_mixin.py:150} INFO - [2023-08-02T10:38:06.676+0000] {dagbag.py:541} INFO - Filling up the DagBag from /home/airflow/.local/lib/python3.7/site-packages/airflow/example_dags/example_dag_decorator.py
[2023-08-02T10:38:06.688+0000] {processor.py:836} INFO - DAG(s) dict_keys(['example_dag_decorator']) retrieved from /home/airflow/.local/lib/python3.7/site-packages/airflow/example_dags/example_dag_decorator.py
[2023-08-02T10:38:06.783+0000] {logging_mixin.py:150} INFO - [2023-08-02T10:38:06.783+0000] {dag.py:2742} INFO - Sync 1 DAGs
[2023-08-02T10:38:06.802+0000] {logging_mixin.py:150} INFO - [2023-08-02T10:38:06.801+0000] {dag.py:3508} INFO - Setting next_dagrun for example_dag_decorator to None, run_after=None
[2023-08-02T10:38:06.821+0000] {processor.py:179} INFO - Processing /home/airflow/.local/lib/python3.7/site-packages/airflow/example_dags/example_dag_decorator.py took 0.150 seconds
[2023-08-02T10:38:37.186+0000] {processor.py:157} INFO - Started process (PID=242) to work on /home/airflow/.local/lib/python3.7/site-packages/airflow/example_dags/example_dag_decorator.py
[2023-08-02T10:38:37.201+0000] {processor.py:826} INFO - Processing file /home/airflow/.local/lib/python3.7/site-packages/airflow/example_dags/example_dag_decorator.py for tasks to queue
[2023-08-02T10:38:37.204+0000] {logging_mixin.py:150} INFO - [2023-08-02T10:38:37.203+0000] {dagbag.py:541} INFO - Filling up the DagBag from /home/airflow/.local/lib/python3.7/site-packages/airflow/example_dags/example_dag_decorator.py
[2023-08-02T10:38:37.219+0000] {processor.py:836} INFO - DAG(s) dict_keys(['example_dag_decorator']) retrieved from /home/airflow/.local/lib/python3.7/site-packages/airflow/example_dags/example_dag_decorator.py
[2023-08-02T10:38:37.315+0000] {logging_mixin.py:150} INFO - [2023-08-02T10:38:37.315+0000] {dag.py:2742} INFO - Sync 1 DAGs
[2023-08-02T10:38:37.330+0000] {logging_mixin.py:150} INFO - [2023-08-02T10:38:37.330+0000] {dag.py:3508} INFO - Setting next_dagrun for example_dag_decorator to None, run_after=None
[2023-08-02T10:38:37.347+0000] {processor.py:179} INFO - Processing /home/airflow/.local/lib/python3.7/site-packages/airflow/example_dags/example_dag_decorator.py took 0.164 seconds
[2023-08-02T10:39:07.566+0000] {processor.py:157} INFO - Started process (PID=299) to work on /home/airflow/.local/lib/python3.7/site-packages/airflow/example_dags/example_dag_decorator.py
[2023-08-02T10:39:07.568+0000] {processor.py:826} INFO - Processing file /home/airflow/.local/lib/python3.7/site-packages/airflow/example_dags/example_dag_decorator.py for tasks to queue
[2023-08-02T10:39:07.570+0000] {logging_mixin.py:150} INFO - [2023-08-02T10:39:07.570+0000] {dagbag.py:541} INFO - Filling up the DagBag from /home/airflow/.local/lib/python3.7/site-packages/airflow/example_dags/example_dag_decorator.py
[2023-08-02T10:39:07.590+0000] {processor.py:836} INFO - DAG(s) dict_keys(['example_dag_decorator']) retrieved from /home/airflow/.local/lib/python3.7/site-packages/airflow/example_dags/example_dag_decorator.py
[2023-08-02T10:39:07.672+0000] {logging_mixin.py:150} INFO - [2023-08-02T10:39:07.672+0000] {dag.py:2742} INFO - Sync 1 DAGs
[2023-08-02T10:39:07.687+0000] {logging_mixin.py:150} INFO - [2023-08-02T10:39:07.687+0000] {dag.py:3508} INFO - Setting next_dagrun for example_dag_decorator to None, run_after=None
[2023-08-02T10:39:07.702+0000] {processor.py:179} INFO - Processing /home/airflow/.local/lib/python3.7/site-packages/airflow/example_dags/example_dag_decorator.py took 0.140 seconds
[2023-08-02T10:39:37.947+0000] {processor.py:157} INFO - Started process (PID=356) to work on /home/airflow/.local/lib/python3.7/site-packages/airflow/example_dags/example_dag_decorator.py
[2023-08-02T10:39:37.949+0000] {processor.py:826} INFO - Processing file /home/airflow/.local/lib/python3.7/site-packages/airflow/example_dags/example_dag_decorator.py for tasks to queue
[2023-08-02T10:39:37.950+0000] {logging_mixin.py:150} INFO - [2023-08-02T10:39:37.950+0000] {dagbag.py:541} INFO - Filling up the DagBag from /home/airflow/.local/lib/python3.7/site-packages/airflow/example_dags/example_dag_decorator.py
[2023-08-02T10:39:37.976+0000] {processor.py:836} INFO - DAG(s) dict_keys(['example_dag_decorator']) retrieved from /home/airflow/.local/lib/python3.7/site-packages/airflow/example_dags/example_dag_decorator.py
[2023-08-02T10:39:38.079+0000] {logging_mixin.py:150} INFO - [2023-08-02T10:39:38.079+0000] {dag.py:2742} INFO - Sync 1 DAGs
[2023-08-02T10:39:38.096+0000] {logging_mixin.py:150} INFO - [2023-08-02T10:39:38.096+0000] {dag.py:3508} INFO - Setting next_dagrun for example_dag_decorator to None, run_after=None
[2023-08-02T10:39:38.110+0000] {processor.py:179} INFO - Processing /home/airflow/.local/lib/python3.7/site-packages/airflow/example_dags/example_dag_decorator.py took 0.167 seconds
[2023-08-02T10:40:08.249+0000] {processor.py:157} INFO - Started process (PID=412) to work on /home/airflow/.local/lib/python3.7/site-packages/airflow/example_dags/example_dag_decorator.py
[2023-08-02T10:40:08.251+0000] {processor.py:826} INFO - Processing file /home/airflow/.local/lib/python3.7/site-packages/airflow/example_dags/example_dag_decorator.py for tasks to queue
[2023-08-02T10:40:08.255+0000] {logging_mixin.py:150} INFO - [2023-08-02T10:40:08.255+0000] {dagbag.py:541} INFO - Filling up the DagBag from /home/airflow/.local/lib/python3.7/site-packages/airflow/example_dags/example_dag_decorator.py
[2023-08-02T10:40:08.268+0000] {processor.py:836} INFO - DAG(s) dict_keys(['example_dag_decorator']) retrieved from /home/airflow/.local/lib/python3.7/site-packages/airflow/example_dags/example_dag_decorator.py
[2023-08-02T10:40:08.351+0000] {logging_mixin.py:150} INFO - [2023-08-02T10:40:08.351+0000] {dag.py:2742} INFO - Sync 1 DAGs
[2023-08-02T10:40:08.385+0000] {logging_mixin.py:150} INFO - [2023-08-02T10:40:08.385+0000] {dag.py:3508} INFO - Setting next_dagrun for example_dag_decorator to None, run_after=None
[2023-08-02T10:40:08.400+0000] {processor.py:179} INFO - Processing /home/airflow/.local/lib/python3.7/site-packages/airflow/example_dags/example_dag_decorator.py took 0.154 seconds
[2023-08-02T10:40:38.899+0000] {processor.py:157} INFO - Started process (PID=469) to work on /home/airflow/.local/lib/python3.7/site-packages/airflow/example_dags/example_dag_decorator.py
[2023-08-02T10:40:38.901+0000] {processor.py:826} INFO - Processing file /home/airflow/.local/lib/python3.7/site-packages/airflow/example_dags/example_dag_decorator.py for tasks to queue
[2023-08-02T10:40:38.902+0000] {logging_mixin.py:150} INFO - [2023-08-02T10:40:38.902+0000] {dagbag.py:541} INFO - Filling up the DagBag from /home/airflow/.local/lib/python3.7/site-packages/airflow/example_dags/example_dag_decorator.py
[2023-08-02T10:40:38.914+0000] {processor.py:836} INFO - DAG(s) dict_keys(['example_dag_decorator']) retrieved from /home/airflow/.local/lib/python3.7/site-packages/airflow/example_dags/example_dag_decorator.py
[2023-08-02T10:40:39.005+0000] {logging_mixin.py:150} INFO - [2023-08-02T10:40:39.005+0000] {dag.py:2742} INFO - Sync 1 DAGs
[2023-08-02T10:40:39.022+0000] {logging_mixin.py:150} INFO - [2023-08-02T10:40:39.022+0000] {dag.py:3508} INFO - Setting next_dagrun for example_dag_decorator to None, run_after=None
[2023-08-02T10:40:39.038+0000] {processor.py:179} INFO - Processing /home/airflow/.local/lib/python3.7/site-packages/airflow/example_dags/example_dag_decorator.py took 0.142 seconds
[2023-08-02T10:41:09.496+0000] {processor.py:157} INFO - Started process (PID=526) to work on /home/airflow/.local/lib/python3.7/site-packages/airflow/example_dags/example_dag_decorator.py
[2023-08-02T10:41:09.498+0000] {processor.py:826} INFO - Processing file /home/airflow/.local/lib/python3.7/site-packages/airflow/example_dags/example_dag_decorator.py for tasks to queue
[2023-08-02T10:41:09.499+0000] {logging_mixin.py:150} INFO - [2023-08-02T10:41:09.499+0000] {dagbag.py:541} INFO - Filling up the DagBag from /home/airflow/.local/lib/python3.7/site-packages/airflow/example_dags/example_dag_decorator.py
[2023-08-02T10:41:09.516+0000] {processor.py:836} INFO - DAG(s) dict_keys(['example_dag_decorator']) retrieved from /home/airflow/.local/lib/python3.7/site-packages/airflow/example_dags/example_dag_decorator.py
[2023-08-02T10:41:09.611+0000] {logging_mixin.py:150} INFO - [2023-08-02T10:41:09.611+0000] {dag.py:2742} INFO - Sync 1 DAGs
[2023-08-02T10:41:09.626+0000] {logging_mixin.py:150} INFO - [2023-08-02T10:41:09.626+0000] {dag.py:3508} INFO - Setting next_dagrun for example_dag_decorator to None, run_after=None
[2023-08-02T10:41:09.641+0000] {processor.py:179} INFO - Processing /home/airflow/.local/lib/python3.7/site-packages/airflow/example_dags/example_dag_decorator.py took 0.148 seconds
[2023-08-02T10:41:40.088+0000] {processor.py:157} INFO - Started process (PID=583) to work on /home/airflow/.local/lib/python3.7/site-packages/airflow/example_dags/example_dag_decorator.py
[2023-08-02T10:41:40.090+0000] {processor.py:826} INFO - Processing file /home/airflow/.local/lib/python3.7/site-packages/airflow/example_dags/example_dag_decorator.py for tasks to queue
[2023-08-02T10:41:40.092+0000] {logging_mixin.py:150} INFO - [2023-08-02T10:41:40.092+0000] {dagbag.py:541} INFO - Filling up the DagBag from /home/airflow/.local/lib/python3.7/site-packages/airflow/example_dags/example_dag_decorator.py
[2023-08-02T10:41:40.112+0000] {processor.py:836} INFO - DAG(s) dict_keys(['example_dag_decorator']) retrieved from /home/airflow/.local/lib/python3.7/site-packages/airflow/example_dags/example_dag_decorator.py
[2023-08-02T10:41:40.202+0000] {logging_mixin.py:150} INFO - [2023-08-02T10:41:40.202+0000] {dag.py:2742} INFO - Sync 1 DAGs
[2023-08-02T10:41:40.220+0000] {logging_mixin.py:150} INFO - [2023-08-02T10:41:40.220+0000] {dag.py:3508} INFO - Setting next_dagrun for example_dag_decorator to None, run_after=None
[2023-08-02T10:41:40.235+0000] {processor.py:179} INFO - Processing /home/airflow/.local/lib/python3.7/site-packages/airflow/example_dags/example_dag_decorator.py took 0.150 seconds
[2023-08-02T10:42:10.697+0000] {processor.py:157} INFO - Started process (PID=640) to work on /home/airflow/.local/lib/python3.7/site-packages/airflow/example_dags/example_dag_decorator.py
[2023-08-02T10:42:10.699+0000] {processor.py:826} INFO - Processing file /home/airflow/.local/lib/python3.7/site-packages/airflow/example_dags/example_dag_decorator.py for tasks to queue
[2023-08-02T10:42:10.700+0000] {logging_mixin.py:150} INFO - [2023-08-02T10:42:10.700+0000] {dagbag.py:541} INFO - Filling up the DagBag from /home/airflow/.local/lib/python3.7/site-packages/airflow/example_dags/example_dag_decorator.py
[2023-08-02T10:42:10.716+0000] {processor.py:836} INFO - DAG(s) dict_keys(['example_dag_decorator']) retrieved from /home/airflow/.local/lib/python3.7/site-packages/airflow/example_dags/example_dag_decorator.py
[2023-08-02T10:42:10.810+0000] {logging_mixin.py:150} INFO - [2023-08-02T10:42:10.810+0000] {dag.py:2742} INFO - Sync 1 DAGs
[2023-08-02T10:42:10.837+0000] {logging_mixin.py:150} INFO - [2023-08-02T10:42:10.837+0000] {dag.py:3508} INFO - Setting next_dagrun for example_dag_decorator to None, run_after=None
[2023-08-02T10:42:10.857+0000] {processor.py:179} INFO - Processing /home/airflow/.local/lib/python3.7/site-packages/airflow/example_dags/example_dag_decorator.py took 0.163 seconds
[2023-08-02T10:42:41.130+0000] {processor.py:157} INFO - Started process (PID=696) to work on /home/airflow/.local/lib/python3.7/site-packages/airflow/example_dags/example_dag_decorator.py
[2023-08-02T10:42:41.132+0000] {processor.py:826} INFO - Processing file /home/airflow/.local/lib/python3.7/site-packages/airflow/example_dags/example_dag_decorator.py for tasks to queue
[2023-08-02T10:42:41.134+0000] {logging_mixin.py:150} INFO - [2023-08-02T10:42:41.133+0000] {dagbag.py:541} INFO - Filling up the DagBag from /home/airflow/.local/lib/python3.7/site-packages/airflow/example_dags/example_dag_decorator.py
[2023-08-02T10:42:41.147+0000] {processor.py:836} INFO - DAG(s) dict_keys(['example_dag_decorator']) retrieved from /home/airflow/.local/lib/python3.7/site-packages/airflow/example_dags/example_dag_decorator.py
[2023-08-02T10:42:41.241+0000] {logging_mixin.py:150} INFO - [2023-08-02T10:42:41.241+0000] {dag.py:2742} INFO - Sync 1 DAGs
[2023-08-02T10:42:41.300+0000] {logging_mixin.py:150} INFO - [2023-08-02T10:42:41.300+0000] {dag.py:3508} INFO - Setting next_dagrun for example_dag_decorator to None, run_after=None
[2023-08-02T10:42:41.317+0000] {processor.py:179} INFO - Processing /home/airflow/.local/lib/python3.7/site-packages/airflow/example_dags/example_dag_decorator.py took 0.189 seconds
[2023-08-02T10:43:11.648+0000] {processor.py:157} INFO - Started process (PID=753) to work on /home/airflow/.local/lib/python3.7/site-packages/airflow/example_dags/example_dag_decorator.py
[2023-08-02T10:43:11.650+0000] {processor.py:826} INFO - Processing file /home/airflow/.local/lib/python3.7/site-packages/airflow/example_dags/example_dag_decorator.py for tasks to queue
[2023-08-02T10:43:11.652+0000] {logging_mixin.py:150} INFO - [2023-08-02T10:43:11.652+0000] {dagbag.py:541} INFO - Filling up the DagBag from /home/airflow/.local/lib/python3.7/site-packages/airflow/example_dags/example_dag_decorator.py
[2023-08-02T10:43:11.665+0000] {processor.py:836} INFO - DAG(s) dict_keys(['example_dag_decorator']) retrieved from /home/airflow/.local/lib/python3.7/site-packages/airflow/example_dags/example_dag_decorator.py
[2023-08-02T10:43:11.775+0000] {logging_mixin.py:150} INFO - [2023-08-02T10:43:11.775+0000] {dag.py:2742} INFO - Sync 1 DAGs
[2023-08-02T10:43:11.801+0000] {logging_mixin.py:150} INFO - [2023-08-02T10:43:11.801+0000] {dag.py:3508} INFO - Setting next_dagrun for example_dag_decorator to None, run_after=None
[2023-08-02T10:43:11.820+0000] {processor.py:179} INFO - Processing /home/airflow/.local/lib/python3.7/site-packages/airflow/example_dags/example_dag_decorator.py took 0.173 seconds
[2023-08-02T10:43:41.928+0000] {processor.py:157} INFO - Started process (PID=810) to work on /home/airflow/.local/lib/python3.7/site-packages/airflow/example_dags/example_dag_decorator.py
[2023-08-02T10:43:41.930+0000] {processor.py:826} INFO - Processing file /home/airflow/.local/lib/python3.7/site-packages/airflow/example_dags/example_dag_decorator.py for tasks to queue
[2023-08-02T10:43:41.932+0000] {logging_mixin.py:150} INFO - [2023-08-02T10:43:41.931+0000] {dagbag.py:541} INFO - Filling up the DagBag from /home/airflow/.local/lib/python3.7/site-packages/airflow/example_dags/example_dag_decorator.py
[2023-08-02T10:43:41.943+0000] {processor.py:836} INFO - DAG(s) dict_keys(['example_dag_decorator']) retrieved from /home/airflow/.local/lib/python3.7/site-packages/airflow/example_dags/example_dag_decorator.py
[2023-08-02T10:43:42.026+0000] {logging_mixin.py:150} INFO - [2023-08-02T10:43:42.026+0000] {dag.py:2742} INFO - Sync 1 DAGs
[2023-08-02T10:43:42.044+0000] {logging_mixin.py:150} INFO - [2023-08-02T10:43:42.044+0000] {dag.py:3508} INFO - Setting next_dagrun for example_dag_decorator to None, run_after=None
[2023-08-02T10:43:42.060+0000] {processor.py:179} INFO - Processing /home/airflow/.local/lib/python3.7/site-packages/airflow/example_dags/example_dag_decorator.py took 0.134 seconds
[2023-08-02T10:44:12.246+0000] {processor.py:157} INFO - Started process (PID=866) to work on /home/airflow/.local/lib/python3.7/site-packages/airflow/example_dags/example_dag_decorator.py
[2023-08-02T10:44:12.248+0000] {processor.py:826} INFO - Processing file /home/airflow/.local/lib/python3.7/site-packages/airflow/example_dags/example_dag_decorator.py for tasks to queue
[2023-08-02T10:44:12.250+0000] {logging_mixin.py:150} INFO - [2023-08-02T10:44:12.250+0000] {dagbag.py:541} INFO - Filling up the DagBag from /home/airflow/.local/lib/python3.7/site-packages/airflow/example_dags/example_dag_decorator.py
[2023-08-02T10:44:12.264+0000] {processor.py:836} INFO - DAG(s) dict_keys(['example_dag_decorator']) retrieved from /home/airflow/.local/lib/python3.7/site-packages/airflow/example_dags/example_dag_decorator.py
[2023-08-02T10:44:12.359+0000] {logging_mixin.py:150} INFO - [2023-08-02T10:44:12.359+0000] {dag.py:2742} INFO - Sync 1 DAGs
[2023-08-02T10:44:12.379+0000] {logging_mixin.py:150} INFO - [2023-08-02T10:44:12.379+0000] {dag.py:3508} INFO - Setting next_dagrun for example_dag_decorator to None, run_after=None
[2023-08-02T10:44:12.393+0000] {processor.py:179} INFO - Processing /home/airflow/.local/lib/python3.7/site-packages/airflow/example_dags/example_dag_decorator.py took 0.150 seconds
[2023-08-02T10:44:43.019+0000] {processor.py:157} INFO - Started process (PID=923) to work on /home/airflow/.local/lib/python3.7/site-packages/airflow/example_dags/example_dag_decorator.py
[2023-08-02T10:44:43.022+0000] {processor.py:826} INFO - Processing file /home/airflow/.local/lib/python3.7/site-packages/airflow/example_dags/example_dag_decorator.py for tasks to queue
[2023-08-02T10:44:43.023+0000] {logging_mixin.py:150} INFO - [2023-08-02T10:44:43.023+0000] {dagbag.py:541} INFO - Filling up the DagBag from /home/airflow/.local/lib/python3.7/site-packages/airflow/example_dags/example_dag_decorator.py
[2023-08-02T10:44:43.038+0000] {processor.py:836} INFO - DAG(s) dict_keys(['example_dag_decorator']) retrieved from /home/airflow/.local/lib/python3.7/site-packages/airflow/example_dags/example_dag_decorator.py
[2023-08-02T10:44:43.139+0000] {logging_mixin.py:150} INFO - [2023-08-02T10:44:43.139+0000] {dag.py:2742} INFO - Sync 1 DAGs
[2023-08-02T10:44:43.157+0000] {logging_mixin.py:150} INFO - [2023-08-02T10:44:43.157+0000] {dag.py:3508} INFO - Setting next_dagrun for example_dag_decorator to None, run_after=None
[2023-08-02T10:44:43.173+0000] {processor.py:179} INFO - Processing /home/airflow/.local/lib/python3.7/site-packages/airflow/example_dags/example_dag_decorator.py took 0.157 seconds
[2023-08-02T10:45:13.985+0000] {processor.py:157} INFO - Started process (PID=980) to work on /home/airflow/.local/lib/python3.7/site-packages/airflow/example_dags/example_dag_decorator.py
[2023-08-02T10:45:13.987+0000] {processor.py:826} INFO - Processing file /home/airflow/.local/lib/python3.7/site-packages/airflow/example_dags/example_dag_decorator.py for tasks to queue
[2023-08-02T10:45:13.988+0000] {logging_mixin.py:150} INFO - [2023-08-02T10:45:13.988+0000] {dagbag.py:541} INFO - Filling up the DagBag from /home/airflow/.local/lib/python3.7/site-packages/airflow/example_dags/example_dag_decorator.py
[2023-08-02T10:45:14.003+0000] {processor.py:836} INFO - DAG(s) dict_keys(['example_dag_decorator']) retrieved from /home/airflow/.local/lib/python3.7/site-packages/airflow/example_dags/example_dag_decorator.py
[2023-08-02T10:45:14.090+0000] {logging_mixin.py:150} INFO - [2023-08-02T10:45:14.090+0000] {dag.py:2742} INFO - Sync 1 DAGs
[2023-08-02T10:45:14.107+0000] {logging_mixin.py:150} INFO - [2023-08-02T10:45:14.106+0000] {dag.py:3508} INFO - Setting next_dagrun for example_dag_decorator to None, run_after=None
[2023-08-02T10:45:14.134+0000] {processor.py:179} INFO - Processing /home/airflow/.local/lib/python3.7/site-packages/airflow/example_dags/example_dag_decorator.py took 0.153 seconds
[2023-08-02T10:45:44.218+0000] {processor.py:157} INFO - Started process (PID=1037) to work on /home/airflow/.local/lib/python3.7/site-packages/airflow/example_dags/example_dag_decorator.py
[2023-08-02T10:45:44.220+0000] {processor.py:826} INFO - Processing file /home/airflow/.local/lib/python3.7/site-packages/airflow/example_dags/example_dag_decorator.py for tasks to queue
[2023-08-02T10:45:44.221+0000] {logging_mixin.py:150} INFO - [2023-08-02T10:45:44.221+0000] {dagbag.py:541} INFO - Filling up the DagBag from /home/airflow/.local/lib/python3.7/site-packages/airflow/example_dags/example_dag_decorator.py
[2023-08-02T10:45:44.233+0000] {processor.py:836} INFO - DAG(s) dict_keys(['example_dag_decorator']) retrieved from /home/airflow/.local/lib/python3.7/site-packages/airflow/example_dags/example_dag_decorator.py
[2023-08-02T10:45:44.324+0000] {logging_mixin.py:150} INFO - [2023-08-02T10:45:44.324+0000] {dag.py:2742} INFO - Sync 1 DAGs
[2023-08-02T10:45:44.342+0000] {logging_mixin.py:150} INFO - [2023-08-02T10:45:44.342+0000] {dag.py:3508} INFO - Setting next_dagrun for example_dag_decorator to None, run_after=None
[2023-08-02T10:45:44.356+0000] {processor.py:179} INFO - Processing /home/airflow/.local/lib/python3.7/site-packages/airflow/example_dags/example_dag_decorator.py took 0.141 seconds
[2023-08-02T10:46:14.650+0000] {processor.py:157} INFO - Started process (PID=1094) to work on /home/airflow/.local/lib/python3.7/site-packages/airflow/example_dags/example_dag_decorator.py
[2023-08-02T10:46:14.653+0000] {processor.py:826} INFO - Processing file /home/airflow/.local/lib/python3.7/site-packages/airflow/example_dags/example_dag_decorator.py for tasks to queue
[2023-08-02T10:46:14.654+0000] {logging_mixin.py:150} INFO - [2023-08-02T10:46:14.654+0000] {dagbag.py:541} INFO - Filling up the DagBag from /home/airflow/.local/lib/python3.7/site-packages/airflow/example_dags/example_dag_decorator.py
[2023-08-02T10:46:14.666+0000] {processor.py:836} INFO - DAG(s) dict_keys(['example_dag_decorator']) retrieved from /home/airflow/.local/lib/python3.7/site-packages/airflow/example_dags/example_dag_decorator.py
[2023-08-02T10:46:14.753+0000] {logging_mixin.py:150} INFO - [2023-08-02T10:46:14.753+0000] {dag.py:2742} INFO - Sync 1 DAGs
[2023-08-02T10:46:14.799+0000] {logging_mixin.py:150} INFO - [2023-08-02T10:46:14.799+0000] {dag.py:3508} INFO - Setting next_dagrun for example_dag_decorator to None, run_after=None
[2023-08-02T10:46:14.812+0000] {processor.py:179} INFO - Processing /home/airflow/.local/lib/python3.7/site-packages/airflow/example_dags/example_dag_decorator.py took 0.165 seconds
[2023-08-02T10:46:45.455+0000] {processor.py:157} INFO - Started process (PID=1151) to work on /home/airflow/.local/lib/python3.7/site-packages/airflow/example_dags/example_dag_decorator.py
[2023-08-02T10:46:45.456+0000] {processor.py:826} INFO - Processing file /home/airflow/.local/lib/python3.7/site-packages/airflow/example_dags/example_dag_decorator.py for tasks to queue
[2023-08-02T10:46:45.457+0000] {logging_mixin.py:150} INFO - [2023-08-02T10:46:45.457+0000] {dagbag.py:541} INFO - Filling up the DagBag from /home/airflow/.local/lib/python3.7/site-packages/airflow/example_dags/example_dag_decorator.py
[2023-08-02T10:46:45.471+0000] {processor.py:836} INFO - DAG(s) dict_keys(['example_dag_decorator']) retrieved from /home/airflow/.local/lib/python3.7/site-packages/airflow/example_dags/example_dag_decorator.py
[2023-08-02T10:46:45.563+0000] {logging_mixin.py:150} INFO - [2023-08-02T10:46:45.563+0000] {dag.py:2742} INFO - Sync 1 DAGs
[2023-08-02T10:46:45.581+0000] {logging_mixin.py:150} INFO - [2023-08-02T10:46:45.581+0000] {dag.py:3508} INFO - Setting next_dagrun for example_dag_decorator to None, run_after=None
[2023-08-02T10:46:45.598+0000] {processor.py:179} INFO - Processing /home/airflow/.local/lib/python3.7/site-packages/airflow/example_dags/example_dag_decorator.py took 0.147 seconds
[2023-08-02T10:47:15.665+0000] {processor.py:157} INFO - Started process (PID=1208) to work on /home/airflow/.local/lib/python3.7/site-packages/airflow/example_dags/example_dag_decorator.py
[2023-08-02T10:47:15.667+0000] {processor.py:826} INFO - Processing file /home/airflow/.local/lib/python3.7/site-packages/airflow/example_dags/example_dag_decorator.py for tasks to queue
[2023-08-02T10:47:15.669+0000] {logging_mixin.py:150} INFO - [2023-08-02T10:47:15.668+0000] {dagbag.py:541} INFO - Filling up the DagBag from /home/airflow/.local/lib/python3.7/site-packages/airflow/example_dags/example_dag_decorator.py
[2023-08-02T10:47:15.682+0000] {processor.py:836} INFO - DAG(s) dict_keys(['example_dag_decorator']) retrieved from /home/airflow/.local/lib/python3.7/site-packages/airflow/example_dags/example_dag_decorator.py
[2023-08-02T10:47:15.830+0000] {logging_mixin.py:150} INFO - [2023-08-02T10:47:15.829+0000] {dag.py:2742} INFO - Sync 1 DAGs
[2023-08-02T10:47:15.845+0000] {logging_mixin.py:150} INFO - [2023-08-02T10:47:15.845+0000] {dag.py:3508} INFO - Setting next_dagrun for example_dag_decorator to None, run_after=None
[2023-08-02T10:47:15.871+0000] {processor.py:179} INFO - Processing /home/airflow/.local/lib/python3.7/site-packages/airflow/example_dags/example_dag_decorator.py took 0.208 seconds
[2023-08-02T10:47:46.088+0000] {processor.py:157} INFO - Started process (PID=1265) to work on /home/airflow/.local/lib/python3.7/site-packages/airflow/example_dags/example_dag_decorator.py
[2023-08-02T10:47:46.089+0000] {processor.py:826} INFO - Processing file /home/airflow/.local/lib/python3.7/site-packages/airflow/example_dags/example_dag_decorator.py for tasks to queue
[2023-08-02T10:47:46.091+0000] {logging_mixin.py:150} INFO - [2023-08-02T10:47:46.090+0000] {dagbag.py:541} INFO - Filling up the DagBag from /home/airflow/.local/lib/python3.7/site-packages/airflow/example_dags/example_dag_decorator.py
[2023-08-02T10:47:46.102+0000] {processor.py:836} INFO - DAG(s) dict_keys(['example_dag_decorator']) retrieved from /home/airflow/.local/lib/python3.7/site-packages/airflow/example_dags/example_dag_decorator.py
[2023-08-02T10:47:46.175+0000] {logging_mixin.py:150} INFO - [2023-08-02T10:47:46.174+0000] {dag.py:2742} INFO - Sync 1 DAGs
[2023-08-02T10:47:46.189+0000] {logging_mixin.py:150} INFO - [2023-08-02T10:47:46.189+0000] {dag.py:3508} INFO - Setting next_dagrun for example_dag_decorator to None, run_after=None
[2023-08-02T10:47:46.205+0000] {processor.py:179} INFO - Processing /home/airflow/.local/lib/python3.7/site-packages/airflow/example_dags/example_dag_decorator.py took 0.120 seconds
[2023-08-02T10:48:16.341+0000] {processor.py:157} INFO - Started process (PID=1322) to work on /home/airflow/.local/lib/python3.7/site-packages/airflow/example_dags/example_dag_decorator.py
[2023-08-02T10:48:16.343+0000] {processor.py:826} INFO - Processing file /home/airflow/.local/lib/python3.7/site-packages/airflow/example_dags/example_dag_decorator.py for tasks to queue
[2023-08-02T10:48:16.345+0000] {logging_mixin.py:150} INFO - [2023-08-02T10:48:16.344+0000] {dagbag.py:541} INFO - Filling up the DagBag from /home/airflow/.local/lib/python3.7/site-packages/airflow/example_dags/example_dag_decorator.py
[2023-08-02T10:48:16.357+0000] {processor.py:836} INFO - DAG(s) dict_keys(['example_dag_decorator']) retrieved from /home/airflow/.local/lib/python3.7/site-packages/airflow/example_dags/example_dag_decorator.py
[2023-08-02T10:48:16.447+0000] {logging_mixin.py:150} INFO - [2023-08-02T10:48:16.447+0000] {dag.py:2742} INFO - Sync 1 DAGs
[2023-08-02T10:48:16.465+0000] {logging_mixin.py:150} INFO - [2023-08-02T10:48:16.465+0000] {dag.py:3508} INFO - Setting next_dagrun for example_dag_decorator to None, run_after=None
[2023-08-02T10:48:16.483+0000] {processor.py:179} INFO - Processing /home/airflow/.local/lib/python3.7/site-packages/airflow/example_dags/example_dag_decorator.py took 0.144 seconds
[2023-08-02T10:48:46.720+0000] {processor.py:157} INFO - Started process (PID=1379) to work on /home/airflow/.local/lib/python3.7/site-packages/airflow/example_dags/example_dag_decorator.py
[2023-08-02T10:48:46.722+0000] {processor.py:826} INFO - Processing file /home/airflow/.local/lib/python3.7/site-packages/airflow/example_dags/example_dag_decorator.py for tasks to queue
[2023-08-02T10:48:46.723+0000] {logging_mixin.py:150} INFO - [2023-08-02T10:48:46.723+0000] {dagbag.py:541} INFO - Filling up the DagBag from /home/airflow/.local/lib/python3.7/site-packages/airflow/example_dags/example_dag_decorator.py
[2023-08-02T10:48:46.736+0000] {processor.py:836} INFO - DAG(s) dict_keys(['example_dag_decorator']) retrieved from /home/airflow/.local/lib/python3.7/site-packages/airflow/example_dags/example_dag_decorator.py
[2023-08-02T10:48:46.812+0000] {logging_mixin.py:150} INFO - [2023-08-02T10:48:46.812+0000] {dag.py:2742} INFO - Sync 1 DAGs
[2023-08-02T10:48:46.827+0000] {logging_mixin.py:150} INFO - [2023-08-02T10:48:46.827+0000] {dag.py:3508} INFO - Setting next_dagrun for example_dag_decorator to None, run_after=None
[2023-08-02T10:48:46.838+0000] {processor.py:179} INFO - Processing /home/airflow/.local/lib/python3.7/site-packages/airflow/example_dags/example_dag_decorator.py took 0.121 seconds
[2023-08-02T10:49:16.916+0000] {processor.py:157} INFO - Started process (PID=1436) to work on /home/airflow/.local/lib/python3.7/site-packages/airflow/example_dags/example_dag_decorator.py
[2023-08-02T10:49:16.918+0000] {processor.py:826} INFO - Processing file /home/airflow/.local/lib/python3.7/site-packages/airflow/example_dags/example_dag_decorator.py for tasks to queue
[2023-08-02T10:49:16.919+0000] {logging_mixin.py:150} INFO - [2023-08-02T10:49:16.919+0000] {dagbag.py:541} INFO - Filling up the DagBag from /home/airflow/.local/lib/python3.7/site-packages/airflow/example_dags/example_dag_decorator.py
[2023-08-02T10:49:16.931+0000] {processor.py:836} INFO - DAG(s) dict_keys(['example_dag_decorator']) retrieved from /home/airflow/.local/lib/python3.7/site-packages/airflow/example_dags/example_dag_decorator.py
[2023-08-02T10:49:17.051+0000] {logging_mixin.py:150} INFO - [2023-08-02T10:49:17.051+0000] {dag.py:2742} INFO - Sync 1 DAGs
[2023-08-02T10:49:17.065+0000] {logging_mixin.py:150} INFO - [2023-08-02T10:49:17.065+0000] {dag.py:3508} INFO - Setting next_dagrun for example_dag_decorator to None, run_after=None
[2023-08-02T10:49:17.078+0000] {processor.py:179} INFO - Processing /home/airflow/.local/lib/python3.7/site-packages/airflow/example_dags/example_dag_decorator.py took 0.165 seconds
[2023-08-02T10:49:47.391+0000] {processor.py:157} INFO - Started process (PID=1493) to work on /home/airflow/.local/lib/python3.7/site-packages/airflow/example_dags/example_dag_decorator.py
[2023-08-02T10:49:47.393+0000] {processor.py:826} INFO - Processing file /home/airflow/.local/lib/python3.7/site-packages/airflow/example_dags/example_dag_decorator.py for tasks to queue
[2023-08-02T10:49:47.396+0000] {logging_mixin.py:150} INFO - [2023-08-02T10:49:47.396+0000] {dagbag.py:541} INFO - Filling up the DagBag from /home/airflow/.local/lib/python3.7/site-packages/airflow/example_dags/example_dag_decorator.py
[2023-08-02T10:49:47.409+0000] {processor.py:836} INFO - DAG(s) dict_keys(['example_dag_decorator']) retrieved from /home/airflow/.local/lib/python3.7/site-packages/airflow/example_dags/example_dag_decorator.py
[2023-08-02T10:49:47.498+0000] {logging_mixin.py:150} INFO - [2023-08-02T10:49:47.498+0000] {dag.py:2742} INFO - Sync 1 DAGs
[2023-08-02T10:49:47.570+0000] {logging_mixin.py:150} INFO - [2023-08-02T10:49:47.570+0000] {dag.py:3508} INFO - Setting next_dagrun for example_dag_decorator to None, run_after=None
[2023-08-02T10:49:47.596+0000] {processor.py:179} INFO - Processing /home/airflow/.local/lib/python3.7/site-packages/airflow/example_dags/example_dag_decorator.py took 0.209 seconds
[2023-08-02T10:50:18.119+0000] {processor.py:157} INFO - Started process (PID=1550) to work on /home/airflow/.local/lib/python3.7/site-packages/airflow/example_dags/example_dag_decorator.py
[2023-08-02T10:50:18.122+0000] {processor.py:826} INFO - Processing file /home/airflow/.local/lib/python3.7/site-packages/airflow/example_dags/example_dag_decorator.py for tasks to queue
[2023-08-02T10:50:18.124+0000] {logging_mixin.py:150} INFO - [2023-08-02T10:50:18.124+0000] {dagbag.py:541} INFO - Filling up the DagBag from /home/airflow/.local/lib/python3.7/site-packages/airflow/example_dags/example_dag_decorator.py
[2023-08-02T10:50:18.144+0000] {processor.py:836} INFO - DAG(s) dict_keys(['example_dag_decorator']) retrieved from /home/airflow/.local/lib/python3.7/site-packages/airflow/example_dags/example_dag_decorator.py
[2023-08-02T10:50:18.300+0000] {logging_mixin.py:150} INFO - [2023-08-02T10:50:18.300+0000] {dag.py:2742} INFO - Sync 1 DAGs
[2023-08-02T10:50:18.343+0000] {logging_mixin.py:150} INFO - [2023-08-02T10:50:18.343+0000] {dag.py:3508} INFO - Setting next_dagrun for example_dag_decorator to None, run_after=None
[2023-08-02T10:50:18.379+0000] {processor.py:179} INFO - Processing /home/airflow/.local/lib/python3.7/site-packages/airflow/example_dags/example_dag_decorator.py took 0.264 seconds
[2023-08-02T10:50:48.615+0000] {processor.py:157} INFO - Started process (PID=1607) to work on /home/airflow/.local/lib/python3.7/site-packages/airflow/example_dags/example_dag_decorator.py
[2023-08-02T10:50:48.618+0000] {processor.py:826} INFO - Processing file /home/airflow/.local/lib/python3.7/site-packages/airflow/example_dags/example_dag_decorator.py for tasks to queue
[2023-08-02T10:50:48.629+0000] {logging_mixin.py:150} INFO - [2023-08-02T10:50:48.628+0000] {dagbag.py:541} INFO - Filling up the DagBag from /home/airflow/.local/lib/python3.7/site-packages/airflow/example_dags/example_dag_decorator.py
[2023-08-02T10:50:48.643+0000] {processor.py:836} INFO - DAG(s) dict_keys(['example_dag_decorator']) retrieved from /home/airflow/.local/lib/python3.7/site-packages/airflow/example_dags/example_dag_decorator.py
[2023-08-02T10:50:48.754+0000] {logging_mixin.py:150} INFO - [2023-08-02T10:50:48.754+0000] {dag.py:2742} INFO - Sync 1 DAGs
[2023-08-02T10:50:48.773+0000] {logging_mixin.py:150} INFO - [2023-08-02T10:50:48.773+0000] {dag.py:3508} INFO - Setting next_dagrun for example_dag_decorator to None, run_after=None
[2023-08-02T10:50:48.800+0000] {processor.py:179} INFO - Processing /home/airflow/.local/lib/python3.7/site-packages/airflow/example_dags/example_dag_decorator.py took 0.188 seconds
[2023-08-02T10:51:19.584+0000] {processor.py:157} INFO - Started process (PID=1664) to work on /home/airflow/.local/lib/python3.7/site-packages/airflow/example_dags/example_dag_decorator.py
[2023-08-02T10:51:19.588+0000] {processor.py:826} INFO - Processing file /home/airflow/.local/lib/python3.7/site-packages/airflow/example_dags/example_dag_decorator.py for tasks to queue
[2023-08-02T10:51:19.590+0000] {logging_mixin.py:150} INFO - [2023-08-02T10:51:19.589+0000] {dagbag.py:541} INFO - Filling up the DagBag from /home/airflow/.local/lib/python3.7/site-packages/airflow/example_dags/example_dag_decorator.py
[2023-08-02T10:51:19.605+0000] {processor.py:836} INFO - DAG(s) dict_keys(['example_dag_decorator']) retrieved from /home/airflow/.local/lib/python3.7/site-packages/airflow/example_dags/example_dag_decorator.py
[2023-08-02T10:51:19.698+0000] {logging_mixin.py:150} INFO - [2023-08-02T10:51:19.697+0000] {dag.py:2742} INFO - Sync 1 DAGs
[2023-08-02T10:51:19.717+0000] {logging_mixin.py:150} INFO - [2023-08-02T10:51:19.717+0000] {dag.py:3508} INFO - Setting next_dagrun for example_dag_decorator to None, run_after=None
[2023-08-02T10:51:19.732+0000] {processor.py:179} INFO - Processing /home/airflow/.local/lib/python3.7/site-packages/airflow/example_dags/example_dag_decorator.py took 0.151 seconds
[2023-08-02T10:51:49.780+0000] {processor.py:157} INFO - Started process (PID=1721) to work on /home/airflow/.local/lib/python3.7/site-packages/airflow/example_dags/example_dag_decorator.py
[2023-08-02T10:51:49.782+0000] {processor.py:826} INFO - Processing file /home/airflow/.local/lib/python3.7/site-packages/airflow/example_dags/example_dag_decorator.py for tasks to queue
[2023-08-02T10:51:49.784+0000] {logging_mixin.py:150} INFO - [2023-08-02T10:51:49.784+0000] {dagbag.py:541} INFO - Filling up the DagBag from /home/airflow/.local/lib/python3.7/site-packages/airflow/example_dags/example_dag_decorator.py
[2023-08-02T10:51:49.796+0000] {processor.py:836} INFO - DAG(s) dict_keys(['example_dag_decorator']) retrieved from /home/airflow/.local/lib/python3.7/site-packages/airflow/example_dags/example_dag_decorator.py
[2023-08-02T10:51:49.888+0000] {logging_mixin.py:150} INFO - [2023-08-02T10:51:49.888+0000] {dag.py:2742} INFO - Sync 1 DAGs
[2023-08-02T10:51:49.909+0000] {logging_mixin.py:150} INFO - [2023-08-02T10:51:49.909+0000] {dag.py:3508} INFO - Setting next_dagrun for example_dag_decorator to None, run_after=None
[2023-08-02T10:51:49.925+0000] {processor.py:179} INFO - Processing /home/airflow/.local/lib/python3.7/site-packages/airflow/example_dags/example_dag_decorator.py took 0.148 seconds
[2023-08-02T10:52:20.013+0000] {processor.py:157} INFO - Started process (PID=1778) to work on /home/airflow/.local/lib/python3.7/site-packages/airflow/example_dags/example_dag_decorator.py
[2023-08-02T10:52:20.016+0000] {processor.py:826} INFO - Processing file /home/airflow/.local/lib/python3.7/site-packages/airflow/example_dags/example_dag_decorator.py for tasks to queue
[2023-08-02T10:52:20.018+0000] {logging_mixin.py:150} INFO - [2023-08-02T10:52:20.017+0000] {dagbag.py:541} INFO - Filling up the DagBag from /home/airflow/.local/lib/python3.7/site-packages/airflow/example_dags/example_dag_decorator.py
[2023-08-02T10:52:20.034+0000] {processor.py:836} INFO - DAG(s) dict_keys(['example_dag_decorator']) retrieved from /home/airflow/.local/lib/python3.7/site-packages/airflow/example_dags/example_dag_decorator.py
[2023-08-02T10:52:20.119+0000] {logging_mixin.py:150} INFO - [2023-08-02T10:52:20.119+0000] {dag.py:2742} INFO - Sync 1 DAGs
[2023-08-02T10:52:20.135+0000] {logging_mixin.py:150} INFO - [2023-08-02T10:52:20.135+0000] {dag.py:3508} INFO - Setting next_dagrun for example_dag_decorator to None, run_after=None
[2023-08-02T10:52:20.148+0000] {processor.py:179} INFO - Processing /home/airflow/.local/lib/python3.7/site-packages/airflow/example_dags/example_dag_decorator.py took 0.140 seconds
[2023-08-02T10:52:50.181+0000] {processor.py:157} INFO - Started process (PID=1835) to work on /home/airflow/.local/lib/python3.7/site-packages/airflow/example_dags/example_dag_decorator.py
[2023-08-02T10:52:50.183+0000] {processor.py:826} INFO - Processing file /home/airflow/.local/lib/python3.7/site-packages/airflow/example_dags/example_dag_decorator.py for tasks to queue
[2023-08-02T10:52:50.185+0000] {logging_mixin.py:150} INFO - [2023-08-02T10:52:50.185+0000] {dagbag.py:541} INFO - Filling up the DagBag from /home/airflow/.local/lib/python3.7/site-packages/airflow/example_dags/example_dag_decorator.py
[2023-08-02T10:52:50.197+0000] {processor.py:836} INFO - DAG(s) dict_keys(['example_dag_decorator']) retrieved from /home/airflow/.local/lib/python3.7/site-packages/airflow/example_dags/example_dag_decorator.py
[2023-08-02T10:52:50.266+0000] {logging_mixin.py:150} INFO - [2023-08-02T10:52:50.266+0000] {dag.py:2742} INFO - Sync 1 DAGs
[2023-08-02T10:52:50.279+0000] {logging_mixin.py:150} INFO - [2023-08-02T10:52:50.279+0000] {dag.py:3508} INFO - Setting next_dagrun for example_dag_decorator to None, run_after=None
[2023-08-02T10:52:50.291+0000] {processor.py:179} INFO - Processing /home/airflow/.local/lib/python3.7/site-packages/airflow/example_dags/example_dag_decorator.py took 0.113 seconds
[2023-08-02T10:53:20.679+0000] {processor.py:157} INFO - Started process (PID=1892) to work on /home/airflow/.local/lib/python3.7/site-packages/airflow/example_dags/example_dag_decorator.py
[2023-08-02T10:53:20.682+0000] {processor.py:826} INFO - Processing file /home/airflow/.local/lib/python3.7/site-packages/airflow/example_dags/example_dag_decorator.py for tasks to queue
[2023-08-02T10:53:20.684+0000] {logging_mixin.py:150} INFO - [2023-08-02T10:53:20.684+0000] {dagbag.py:541} INFO - Filling up the DagBag from /home/airflow/.local/lib/python3.7/site-packages/airflow/example_dags/example_dag_decorator.py
[2023-08-02T10:53:20.699+0000] {processor.py:836} INFO - DAG(s) dict_keys(['example_dag_decorator']) retrieved from /home/airflow/.local/lib/python3.7/site-packages/airflow/example_dags/example_dag_decorator.py
[2023-08-02T10:53:20.786+0000] {logging_mixin.py:150} INFO - [2023-08-02T10:53:20.786+0000] {dag.py:2742} INFO - Sync 1 DAGs
[2023-08-02T10:53:20.802+0000] {logging_mixin.py:150} INFO - [2023-08-02T10:53:20.802+0000] {dag.py:3508} INFO - Setting next_dagrun for example_dag_decorator to None, run_after=None
[2023-08-02T10:53:20.815+0000] {processor.py:179} INFO - Processing /home/airflow/.local/lib/python3.7/site-packages/airflow/example_dags/example_dag_decorator.py took 0.140 seconds
[2023-08-02T10:53:51.010+0000] {processor.py:157} INFO - Started process (PID=1950) to work on /home/airflow/.local/lib/python3.7/site-packages/airflow/example_dags/example_dag_decorator.py
[2023-08-02T10:53:51.011+0000] {processor.py:826} INFO - Processing file /home/airflow/.local/lib/python3.7/site-packages/airflow/example_dags/example_dag_decorator.py for tasks to queue
[2023-08-02T10:53:51.013+0000] {logging_mixin.py:150} INFO - [2023-08-02T10:53:51.013+0000] {dagbag.py:541} INFO - Filling up the DagBag from /home/airflow/.local/lib/python3.7/site-packages/airflow/example_dags/example_dag_decorator.py
[2023-08-02T10:53:51.026+0000] {processor.py:836} INFO - DAG(s) dict_keys(['example_dag_decorator']) retrieved from /home/airflow/.local/lib/python3.7/site-packages/airflow/example_dags/example_dag_decorator.py
[2023-08-02T10:53:51.118+0000] {logging_mixin.py:150} INFO - [2023-08-02T10:53:51.118+0000] {dag.py:2742} INFO - Sync 1 DAGs
[2023-08-02T10:53:51.134+0000] {logging_mixin.py:150} INFO - [2023-08-02T10:53:51.134+0000] {dag.py:3508} INFO - Setting next_dagrun for example_dag_decorator to None, run_after=None
[2023-08-02T10:53:51.149+0000] {processor.py:179} INFO - Processing /home/airflow/.local/lib/python3.7/site-packages/airflow/example_dags/example_dag_decorator.py took 0.143 seconds
[2023-08-02T10:54:21.307+0000] {processor.py:157} INFO - Started process (PID=2009) to work on /home/airflow/.local/lib/python3.7/site-packages/airflow/example_dags/example_dag_decorator.py
[2023-08-02T10:54:21.309+0000] {processor.py:826} INFO - Processing file /home/airflow/.local/lib/python3.7/site-packages/airflow/example_dags/example_dag_decorator.py for tasks to queue
[2023-08-02T10:54:21.317+0000] {logging_mixin.py:150} INFO - [2023-08-02T10:54:21.316+0000] {dagbag.py:541} INFO - Filling up the DagBag from /home/airflow/.local/lib/python3.7/site-packages/airflow/example_dags/example_dag_decorator.py
[2023-08-02T10:54:21.328+0000] {processor.py:836} INFO - DAG(s) dict_keys(['example_dag_decorator']) retrieved from /home/airflow/.local/lib/python3.7/site-packages/airflow/example_dags/example_dag_decorator.py
[2023-08-02T10:54:21.412+0000] {logging_mixin.py:150} INFO - [2023-08-02T10:54:21.412+0000] {dag.py:2742} INFO - Sync 1 DAGs
[2023-08-02T10:54:21.427+0000] {logging_mixin.py:150} INFO - [2023-08-02T10:54:21.427+0000] {dag.py:3508} INFO - Setting next_dagrun for example_dag_decorator to None, run_after=None
[2023-08-02T10:54:21.439+0000] {processor.py:179} INFO - Processing /home/airflow/.local/lib/python3.7/site-packages/airflow/example_dags/example_dag_decorator.py took 0.135 seconds
[2023-08-02T10:54:51.643+0000] {processor.py:157} INFO - Started process (PID=2069) to work on /home/airflow/.local/lib/python3.7/site-packages/airflow/example_dags/example_dag_decorator.py
[2023-08-02T10:54:51.645+0000] {processor.py:826} INFO - Processing file /home/airflow/.local/lib/python3.7/site-packages/airflow/example_dags/example_dag_decorator.py for tasks to queue
[2023-08-02T10:54:51.646+0000] {logging_mixin.py:150} INFO - [2023-08-02T10:54:51.646+0000] {dagbag.py:541} INFO - Filling up the DagBag from /home/airflow/.local/lib/python3.7/site-packages/airflow/example_dags/example_dag_decorator.py
[2023-08-02T10:54:51.657+0000] {processor.py:836} INFO - DAG(s) dict_keys(['example_dag_decorator']) retrieved from /home/airflow/.local/lib/python3.7/site-packages/airflow/example_dags/example_dag_decorator.py
[2023-08-02T10:54:51.730+0000] {logging_mixin.py:150} INFO - [2023-08-02T10:54:51.730+0000] {dag.py:2742} INFO - Sync 1 DAGs
[2023-08-02T10:54:51.745+0000] {logging_mixin.py:150} INFO - [2023-08-02T10:54:51.744+0000] {dag.py:3508} INFO - Setting next_dagrun for example_dag_decorator to None, run_after=None
[2023-08-02T10:54:51.756+0000] {processor.py:179} INFO - Processing /home/airflow/.local/lib/python3.7/site-packages/airflow/example_dags/example_dag_decorator.py took 0.116 seconds
[2023-08-02T10:55:22.053+0000] {processor.py:157} INFO - Started process (PID=2122) to work on /home/airflow/.local/lib/python3.7/site-packages/airflow/example_dags/example_dag_decorator.py
[2023-08-02T10:55:22.055+0000] {processor.py:826} INFO - Processing file /home/airflow/.local/lib/python3.7/site-packages/airflow/example_dags/example_dag_decorator.py for tasks to queue
[2023-08-02T10:55:22.056+0000] {logging_mixin.py:150} INFO - [2023-08-02T10:55:22.055+0000] {dagbag.py:541} INFO - Filling up the DagBag from /home/airflow/.local/lib/python3.7/site-packages/airflow/example_dags/example_dag_decorator.py
[2023-08-02T10:55:22.067+0000] {processor.py:836} INFO - DAG(s) dict_keys(['example_dag_decorator']) retrieved from /home/airflow/.local/lib/python3.7/site-packages/airflow/example_dags/example_dag_decorator.py
[2023-08-02T10:55:22.154+0000] {logging_mixin.py:150} INFO - [2023-08-02T10:55:22.153+0000] {dag.py:2742} INFO - Sync 1 DAGs
[2023-08-02T10:55:22.170+0000] {logging_mixin.py:150} INFO - [2023-08-02T10:55:22.170+0000] {dag.py:3508} INFO - Setting next_dagrun for example_dag_decorator to None, run_after=None
[2023-08-02T10:55:22.188+0000] {processor.py:179} INFO - Processing /home/airflow/.local/lib/python3.7/site-packages/airflow/example_dags/example_dag_decorator.py took 0.138 seconds
[2023-08-02T12:19:21.470+0000] {processor.py:157} INFO - Started process (PID=2180) to work on /home/airflow/.local/lib/python3.7/site-packages/airflow/example_dags/example_dag_decorator.py
[2023-08-02T12:19:21.488+0000] {processor.py:826} INFO - Processing file /home/airflow/.local/lib/python3.7/site-packages/airflow/example_dags/example_dag_decorator.py for tasks to queue
[2023-08-02T12:19:21.498+0000] {logging_mixin.py:150} INFO - [2023-08-02T12:19:21.497+0000] {dagbag.py:541} INFO - Filling up the DagBag from /home/airflow/.local/lib/python3.7/site-packages/airflow/example_dags/example_dag_decorator.py
[2023-08-02T12:19:21.532+0000] {processor.py:836} INFO - DAG(s) dict_keys(['example_dag_decorator']) retrieved from /home/airflow/.local/lib/python3.7/site-packages/airflow/example_dags/example_dag_decorator.py
[2023-08-02T12:19:21.671+0000] {logging_mixin.py:150} INFO - [2023-08-02T12:19:21.671+0000] {dag.py:2742} INFO - Sync 1 DAGs
[2023-08-02T12:19:21.690+0000] {logging_mixin.py:150} INFO - [2023-08-02T12:19:21.690+0000] {dag.py:3508} INFO - Setting next_dagrun for example_dag_decorator to None, run_after=None
[2023-08-02T12:19:21.713+0000] {processor.py:179} INFO - Processing /home/airflow/.local/lib/python3.7/site-packages/airflow/example_dags/example_dag_decorator.py took 0.260 seconds
[2023-08-02T13:26:13.841+0000] {processor.py:157} INFO - Started process (PID=2237) to work on /home/airflow/.local/lib/python3.7/site-packages/airflow/example_dags/example_dag_decorator.py
[2023-08-02T13:26:13.843+0000] {processor.py:826} INFO - Processing file /home/airflow/.local/lib/python3.7/site-packages/airflow/example_dags/example_dag_decorator.py for tasks to queue
[2023-08-02T13:26:13.845+0000] {logging_mixin.py:150} INFO - [2023-08-02T13:26:13.845+0000] {dagbag.py:541} INFO - Filling up the DagBag from /home/airflow/.local/lib/python3.7/site-packages/airflow/example_dags/example_dag_decorator.py
[2023-08-02T13:26:13.858+0000] {processor.py:836} INFO - DAG(s) dict_keys(['example_dag_decorator']) retrieved from /home/airflow/.local/lib/python3.7/site-packages/airflow/example_dags/example_dag_decorator.py
[2023-08-02T13:26:13.949+0000] {logging_mixin.py:150} INFO - [2023-08-02T13:26:13.949+0000] {dag.py:2742} INFO - Sync 1 DAGs
[2023-08-02T13:26:13.965+0000] {logging_mixin.py:150} INFO - [2023-08-02T13:26:13.965+0000] {dag.py:3508} INFO - Setting next_dagrun for example_dag_decorator to None, run_after=None
[2023-08-02T13:26:13.987+0000] {processor.py:179} INFO - Processing /home/airflow/.local/lib/python3.7/site-packages/airflow/example_dags/example_dag_decorator.py took 0.150 seconds
[2023-08-02T14:49:13.016+0000] {processor.py:157} INFO - Started process (PID=2295) to work on /home/airflow/.local/lib/python3.7/site-packages/airflow/example_dags/example_dag_decorator.py
[2023-08-02T14:49:13.018+0000] {processor.py:826} INFO - Processing file /home/airflow/.local/lib/python3.7/site-packages/airflow/example_dags/example_dag_decorator.py for tasks to queue
[2023-08-02T14:49:13.019+0000] {logging_mixin.py:150} INFO - [2023-08-02T14:49:13.019+0000] {dagbag.py:541} INFO - Filling up the DagBag from /home/airflow/.local/lib/python3.7/site-packages/airflow/example_dags/example_dag_decorator.py
[2023-08-02T14:49:13.033+0000] {processor.py:836} INFO - DAG(s) dict_keys(['example_dag_decorator']) retrieved from /home/airflow/.local/lib/python3.7/site-packages/airflow/example_dags/example_dag_decorator.py
[2023-08-02T14:49:13.138+0000] {logging_mixin.py:150} INFO - [2023-08-02T14:49:13.138+0000] {dag.py:2742} INFO - Sync 1 DAGs
[2023-08-02T14:49:13.189+0000] {logging_mixin.py:150} INFO - [2023-08-02T14:49:13.189+0000] {dag.py:3508} INFO - Setting next_dagrun for example_dag_decorator to None, run_after=None
[2023-08-02T14:49:13.206+0000] {processor.py:179} INFO - Processing /home/airflow/.local/lib/python3.7/site-packages/airflow/example_dags/example_dag_decorator.py took 0.194 seconds
[2023-08-02T15:54:29.686+0000] {processor.py:157} INFO - Started process (PID=2351) to work on /home/airflow/.local/lib/python3.7/site-packages/airflow/example_dags/example_dag_decorator.py
[2023-08-02T15:54:29.688+0000] {processor.py:826} INFO - Processing file /home/airflow/.local/lib/python3.7/site-packages/airflow/example_dags/example_dag_decorator.py for tasks to queue
[2023-08-02T15:54:29.689+0000] {logging_mixin.py:150} INFO - [2023-08-02T15:54:29.688+0000] {dagbag.py:541} INFO - Filling up the DagBag from /home/airflow/.local/lib/python3.7/site-packages/airflow/example_dags/example_dag_decorator.py
[2023-08-02T15:54:29.701+0000] {processor.py:836} INFO - DAG(s) dict_keys(['example_dag_decorator']) retrieved from /home/airflow/.local/lib/python3.7/site-packages/airflow/example_dags/example_dag_decorator.py
[2023-08-02T15:54:29.793+0000] {logging_mixin.py:150} INFO - [2023-08-02T15:54:29.793+0000] {dag.py:2742} INFO - Sync 1 DAGs
[2023-08-02T15:54:29.809+0000] {logging_mixin.py:150} INFO - [2023-08-02T15:54:29.809+0000] {dag.py:3508} INFO - Setting next_dagrun for example_dag_decorator to None, run_after=None
[2023-08-02T15:54:29.827+0000] {processor.py:179} INFO - Processing /home/airflow/.local/lib/python3.7/site-packages/airflow/example_dags/example_dag_decorator.py took 0.144 seconds
[2023-08-02T16:26:54.659+0000] {processor.py:157} INFO - Started process (PID=2408) to work on /home/airflow/.local/lib/python3.7/site-packages/airflow/example_dags/example_dag_decorator.py
[2023-08-02T16:26:54.661+0000] {processor.py:826} INFO - Processing file /home/airflow/.local/lib/python3.7/site-packages/airflow/example_dags/example_dag_decorator.py for tasks to queue
[2023-08-02T16:26:54.662+0000] {logging_mixin.py:150} INFO - [2023-08-02T16:26:54.662+0000] {dagbag.py:541} INFO - Filling up the DagBag from /home/airflow/.local/lib/python3.7/site-packages/airflow/example_dags/example_dag_decorator.py
[2023-08-02T16:26:54.675+0000] {processor.py:836} INFO - DAG(s) dict_keys(['example_dag_decorator']) retrieved from /home/airflow/.local/lib/python3.7/site-packages/airflow/example_dags/example_dag_decorator.py
[2023-08-02T16:26:54.801+0000] {logging_mixin.py:150} INFO - [2023-08-02T16:26:54.801+0000] {dag.py:2742} INFO - Sync 1 DAGs
[2023-08-02T16:26:54.820+0000] {logging_mixin.py:150} INFO - [2023-08-02T16:26:54.820+0000] {dag.py:3508} INFO - Setting next_dagrun for example_dag_decorator to None, run_after=None
[2023-08-02T16:26:54.845+0000] {processor.py:179} INFO - Processing /home/airflow/.local/lib/python3.7/site-packages/airflow/example_dags/example_dag_decorator.py took 0.190 seconds
[2023-08-02T17:14:38.768+0000] {processor.py:157} INFO - Started process (PID=2466) to work on /home/airflow/.local/lib/python3.7/site-packages/airflow/example_dags/example_dag_decorator.py
[2023-08-02T17:14:38.770+0000] {processor.py:826} INFO - Processing file /home/airflow/.local/lib/python3.7/site-packages/airflow/example_dags/example_dag_decorator.py for tasks to queue
[2023-08-02T17:14:38.772+0000] {logging_mixin.py:150} INFO - [2023-08-02T17:14:38.772+0000] {dagbag.py:541} INFO - Filling up the DagBag from /home/airflow/.local/lib/python3.7/site-packages/airflow/example_dags/example_dag_decorator.py
[2023-08-02T17:14:38.839+0000] {processor.py:836} INFO - DAG(s) dict_keys(['example_dag_decorator']) retrieved from /home/airflow/.local/lib/python3.7/site-packages/airflow/example_dags/example_dag_decorator.py
[2023-08-02T17:14:38.934+0000] {logging_mixin.py:150} INFO - [2023-08-02T17:14:38.934+0000] {dag.py:2742} INFO - Sync 1 DAGs
[2023-08-02T17:14:38.952+0000] {logging_mixin.py:150} INFO - [2023-08-02T17:14:38.951+0000] {dag.py:3508} INFO - Setting next_dagrun for example_dag_decorator to None, run_after=None
[2023-08-02T17:14:38.970+0000] {processor.py:179} INFO - Processing /home/airflow/.local/lib/python3.7/site-packages/airflow/example_dags/example_dag_decorator.py took 0.205 seconds
[2023-08-02T18:59:11.920+0000] {processor.py:157} INFO - Started process (PID=2523) to work on /home/airflow/.local/lib/python3.7/site-packages/airflow/example_dags/example_dag_decorator.py
[2023-08-02T18:59:11.922+0000] {processor.py:826} INFO - Processing file /home/airflow/.local/lib/python3.7/site-packages/airflow/example_dags/example_dag_decorator.py for tasks to queue
[2023-08-02T18:59:11.923+0000] {logging_mixin.py:150} INFO - [2023-08-02T18:59:11.923+0000] {dagbag.py:541} INFO - Filling up the DagBag from /home/airflow/.local/lib/python3.7/site-packages/airflow/example_dags/example_dag_decorator.py
[2023-08-02T18:59:11.935+0000] {processor.py:836} INFO - DAG(s) dict_keys(['example_dag_decorator']) retrieved from /home/airflow/.local/lib/python3.7/site-packages/airflow/example_dags/example_dag_decorator.py
[2023-08-02T18:59:12.029+0000] {logging_mixin.py:150} INFO - [2023-08-02T18:59:12.029+0000] {dag.py:2742} INFO - Sync 1 DAGs
[2023-08-02T18:59:12.045+0000] {logging_mixin.py:150} INFO - [2023-08-02T18:59:12.045+0000] {dag.py:3508} INFO - Setting next_dagrun for example_dag_decorator to None, run_after=None
[2023-08-02T18:59:12.062+0000] {processor.py:179} INFO - Processing /home/airflow/.local/lib/python3.7/site-packages/airflow/example_dags/example_dag_decorator.py took 0.145 seconds
[2023-08-02T20:21:34.857+0000] {processor.py:157} INFO - Started process (PID=2581) to work on /home/airflow/.local/lib/python3.7/site-packages/airflow/example_dags/example_dag_decorator.py
[2023-08-02T20:21:34.916+0000] {processor.py:826} INFO - Processing file /home/airflow/.local/lib/python3.7/site-packages/airflow/example_dags/example_dag_decorator.py for tasks to queue
[2023-08-02T20:21:34.918+0000] {logging_mixin.py:150} INFO - [2023-08-02T20:21:34.917+0000] {dagbag.py:541} INFO - Filling up the DagBag from /home/airflow/.local/lib/python3.7/site-packages/airflow/example_dags/example_dag_decorator.py
[2023-08-02T20:21:34.932+0000] {processor.py:836} INFO - DAG(s) dict_keys(['example_dag_decorator']) retrieved from /home/airflow/.local/lib/python3.7/site-packages/airflow/example_dags/example_dag_decorator.py
[2023-08-02T20:21:35.031+0000] {logging_mixin.py:150} INFO - [2023-08-02T20:21:35.031+0000] {dag.py:2742} INFO - Sync 1 DAGs
[2023-08-02T20:21:35.047+0000] {logging_mixin.py:150} INFO - [2023-08-02T20:21:35.047+0000] {dag.py:3508} INFO - Setting next_dagrun for example_dag_decorator to None, run_after=None
[2023-08-02T20:21:35.061+0000] {processor.py:179} INFO - Processing /home/airflow/.local/lib/python3.7/site-packages/airflow/example_dags/example_dag_decorator.py took 0.208 seconds
[2023-08-02T22:03:30.757+0000] {processor.py:157} INFO - Started process (PID=2638) to work on /home/airflow/.local/lib/python3.7/site-packages/airflow/example_dags/example_dag_decorator.py
[2023-08-02T22:03:30.759+0000] {processor.py:826} INFO - Processing file /home/airflow/.local/lib/python3.7/site-packages/airflow/example_dags/example_dag_decorator.py for tasks to queue
[2023-08-02T22:03:30.761+0000] {logging_mixin.py:150} INFO - [2023-08-02T22:03:30.761+0000] {dagbag.py:541} INFO - Filling up the DagBag from /home/airflow/.local/lib/python3.7/site-packages/airflow/example_dags/example_dag_decorator.py
[2023-08-02T22:03:30.776+0000] {processor.py:836} INFO - DAG(s) dict_keys(['example_dag_decorator']) retrieved from /home/airflow/.local/lib/python3.7/site-packages/airflow/example_dags/example_dag_decorator.py
[2023-08-02T22:03:30.894+0000] {logging_mixin.py:150} INFO - [2023-08-02T22:03:30.894+0000] {dag.py:2742} INFO - Sync 1 DAGs
[2023-08-02T22:03:30.910+0000] {logging_mixin.py:150} INFO - [2023-08-02T22:03:30.910+0000] {dag.py:3508} INFO - Setting next_dagrun for example_dag_decorator to None, run_after=None
[2023-08-02T22:03:30.926+0000] {processor.py:179} INFO - Processing /home/airflow/.local/lib/python3.7/site-packages/airflow/example_dags/example_dag_decorator.py took 0.173 seconds
[2023-08-02T23:27:16.682+0000] {processor.py:157} INFO - Started process (PID=2695) to work on /home/airflow/.local/lib/python3.7/site-packages/airflow/example_dags/example_dag_decorator.py
[2023-08-02T23:27:16.685+0000] {processor.py:826} INFO - Processing file /home/airflow/.local/lib/python3.7/site-packages/airflow/example_dags/example_dag_decorator.py for tasks to queue
[2023-08-02T23:27:16.686+0000] {logging_mixin.py:150} INFO - [2023-08-02T23:27:16.686+0000] {dagbag.py:541} INFO - Filling up the DagBag from /home/airflow/.local/lib/python3.7/site-packages/airflow/example_dags/example_dag_decorator.py
[2023-08-02T23:27:16.700+0000] {processor.py:836} INFO - DAG(s) dict_keys(['example_dag_decorator']) retrieved from /home/airflow/.local/lib/python3.7/site-packages/airflow/example_dags/example_dag_decorator.py
[2023-08-02T23:27:16.790+0000] {logging_mixin.py:150} INFO - [2023-08-02T23:27:16.790+0000] {dag.py:2742} INFO - Sync 1 DAGs
[2023-08-02T23:27:16.843+0000] {logging_mixin.py:150} INFO - [2023-08-02T23:27:16.843+0000] {dag.py:3508} INFO - Setting next_dagrun for example_dag_decorator to None, run_after=None
[2023-08-02T23:27:16.860+0000] {processor.py:179} INFO - Processing /home/airflow/.local/lib/python3.7/site-packages/airflow/example_dags/example_dag_decorator.py took 0.181 seconds
