[2023-08-02T10:37:05.812+0000] {processor.py:157} INFO - Started process (PID=70) to work on /home/airflow/.local/lib/python3.7/site-packages/airflow/example_dags/example_sla_dag.py
[2023-08-02T10:37:05.817+0000] {processor.py:826} INFO - Processing file /home/airflow/.local/lib/python3.7/site-packages/airflow/example_dags/example_sla_dag.py for tasks to queue
[2023-08-02T10:37:05.823+0000] {logging_mixin.py:150} INFO - [2023-08-02T10:37:05.823+0000] {dagbag.py:541} INFO - Filling up the DagBag from /home/airflow/.local/lib/python3.7/site-packages/airflow/example_dags/example_sla_dag.py
[2023-08-02T10:37:05.849+0000] {processor.py:836} INFO - DAG(s) dict_keys(['example_sla_dag']) retrieved from /home/airflow/.local/lib/python3.7/site-packages/airflow/example_dags/example_sla_dag.py
[2023-08-02T10:37:05.892+0000] {logging_mixin.py:150} INFO - [2023-08-02T10:37:05.892+0000] {dag.py:2742} INFO - Sync 1 DAGs
[2023-08-02T10:37:05.932+0000] {logging_mixin.py:150} INFO - [2023-08-02T10:37:05.932+0000] {dag.py:3508} INFO - Setting next_dagrun for example_sla_dag to 2023-08-02T10:34:00+00:00, run_after=2023-08-02T10:36:00+00:00
[2023-08-02T10:37:05.952+0000] {processor.py:179} INFO - Processing /home/airflow/.local/lib/python3.7/site-packages/airflow/example_dags/example_sla_dag.py took 0.152 seconds
[2023-08-02T10:37:36.309+0000] {processor.py:157} INFO - Started process (PID=127) to work on /home/airflow/.local/lib/python3.7/site-packages/airflow/example_dags/example_sla_dag.py
[2023-08-02T10:37:36.311+0000] {processor.py:826} INFO - Processing file /home/airflow/.local/lib/python3.7/site-packages/airflow/example_dags/example_sla_dag.py for tasks to queue
[2023-08-02T10:37:36.312+0000] {logging_mixin.py:150} INFO - [2023-08-02T10:37:36.312+0000] {dagbag.py:541} INFO - Filling up the DagBag from /home/airflow/.local/lib/python3.7/site-packages/airflow/example_dags/example_sla_dag.py
[2023-08-02T10:37:36.320+0000] {processor.py:836} INFO - DAG(s) dict_keys(['example_sla_dag']) retrieved from /home/airflow/.local/lib/python3.7/site-packages/airflow/example_dags/example_sla_dag.py
[2023-08-02T10:37:36.341+0000] {logging_mixin.py:150} INFO - [2023-08-02T10:37:36.341+0000] {dag.py:2742} INFO - Sync 1 DAGs
[2023-08-02T10:37:36.360+0000] {logging_mixin.py:150} INFO - [2023-08-02T10:37:36.360+0000] {dag.py:3508} INFO - Setting next_dagrun for example_sla_dag to 2023-08-02T10:34:00+00:00, run_after=2023-08-02T10:36:00+00:00
[2023-08-02T10:37:36.372+0000] {processor.py:179} INFO - Processing /home/airflow/.local/lib/python3.7/site-packages/airflow/example_dags/example_sla_dag.py took 0.066 seconds
[2023-08-02T10:38:06.638+0000] {processor.py:157} INFO - Started process (PID=184) to work on /home/airflow/.local/lib/python3.7/site-packages/airflow/example_dags/example_sla_dag.py
[2023-08-02T10:38:06.640+0000] {processor.py:826} INFO - Processing file /home/airflow/.local/lib/python3.7/site-packages/airflow/example_dags/example_sla_dag.py for tasks to queue
[2023-08-02T10:38:06.642+0000] {logging_mixin.py:150} INFO - [2023-08-02T10:38:06.641+0000] {dagbag.py:541} INFO - Filling up the DagBag from /home/airflow/.local/lib/python3.7/site-packages/airflow/example_dags/example_sla_dag.py
[2023-08-02T10:38:06.650+0000] {processor.py:836} INFO - DAG(s) dict_keys(['example_sla_dag']) retrieved from /home/airflow/.local/lib/python3.7/site-packages/airflow/example_dags/example_sla_dag.py
[2023-08-02T10:38:06.673+0000] {logging_mixin.py:150} INFO - [2023-08-02T10:38:06.673+0000] {dag.py:2742} INFO - Sync 1 DAGs
[2023-08-02T10:38:06.693+0000] {logging_mixin.py:150} INFO - [2023-08-02T10:38:06.693+0000] {dag.py:3508} INFO - Setting next_dagrun for example_sla_dag to 2023-08-02T10:36:00+00:00, run_after=2023-08-02T10:38:00+00:00
[2023-08-02T10:38:06.708+0000] {processor.py:179} INFO - Processing /home/airflow/.local/lib/python3.7/site-packages/airflow/example_dags/example_sla_dag.py took 0.073 seconds
[2023-08-02T10:38:37.153+0000] {processor.py:157} INFO - Started process (PID=241) to work on /home/airflow/.local/lib/python3.7/site-packages/airflow/example_dags/example_sla_dag.py
[2023-08-02T10:38:37.160+0000] {processor.py:826} INFO - Processing file /home/airflow/.local/lib/python3.7/site-packages/airflow/example_dags/example_sla_dag.py for tasks to queue
[2023-08-02T10:38:37.162+0000] {logging_mixin.py:150} INFO - [2023-08-02T10:38:37.162+0000] {dagbag.py:541} INFO - Filling up the DagBag from /home/airflow/.local/lib/python3.7/site-packages/airflow/example_dags/example_sla_dag.py
[2023-08-02T10:38:37.174+0000] {processor.py:836} INFO - DAG(s) dict_keys(['example_sla_dag']) retrieved from /home/airflow/.local/lib/python3.7/site-packages/airflow/example_dags/example_sla_dag.py
[2023-08-02T10:38:37.204+0000] {logging_mixin.py:150} INFO - [2023-08-02T10:38:37.203+0000] {dag.py:2742} INFO - Sync 1 DAGs
[2023-08-02T10:38:37.228+0000] {logging_mixin.py:150} INFO - [2023-08-02T10:38:37.228+0000] {dag.py:3508} INFO - Setting next_dagrun for example_sla_dag to 2023-08-02T10:36:00+00:00, run_after=2023-08-02T10:38:00+00:00
[2023-08-02T10:38:37.241+0000] {processor.py:179} INFO - Processing /home/airflow/.local/lib/python3.7/site-packages/airflow/example_dags/example_sla_dag.py took 0.093 seconds
[2023-08-02T10:39:07.392+0000] {processor.py:157} INFO - Started process (PID=298) to work on /home/airflow/.local/lib/python3.7/site-packages/airflow/example_dags/example_sla_dag.py
[2023-08-02T10:39:07.394+0000] {processor.py:826} INFO - Processing file /home/airflow/.local/lib/python3.7/site-packages/airflow/example_dags/example_sla_dag.py for tasks to queue
[2023-08-02T10:39:07.397+0000] {logging_mixin.py:150} INFO - [2023-08-02T10:39:07.396+0000] {dagbag.py:541} INFO - Filling up the DagBag from /home/airflow/.local/lib/python3.7/site-packages/airflow/example_dags/example_sla_dag.py
[2023-08-02T10:39:07.405+0000] {processor.py:836} INFO - DAG(s) dict_keys(['example_sla_dag']) retrieved from /home/airflow/.local/lib/python3.7/site-packages/airflow/example_dags/example_sla_dag.py
[2023-08-02T10:39:07.431+0000] {logging_mixin.py:150} INFO - [2023-08-02T10:39:07.431+0000] {dag.py:2742} INFO - Sync 1 DAGs
[2023-08-02T10:39:07.460+0000] {logging_mixin.py:150} INFO - [2023-08-02T10:39:07.460+0000] {dag.py:3508} INFO - Setting next_dagrun for example_sla_dag to 2023-08-02T10:36:00+00:00, run_after=2023-08-02T10:38:00+00:00
[2023-08-02T10:39:07.477+0000] {processor.py:179} INFO - Processing /home/airflow/.local/lib/python3.7/site-packages/airflow/example_dags/example_sla_dag.py took 0.089 seconds
[2023-08-02T10:39:37.818+0000] {processor.py:157} INFO - Started process (PID=355) to work on /home/airflow/.local/lib/python3.7/site-packages/airflow/example_dags/example_sla_dag.py
[2023-08-02T10:39:37.820+0000] {processor.py:826} INFO - Processing file /home/airflow/.local/lib/python3.7/site-packages/airflow/example_dags/example_sla_dag.py for tasks to queue
[2023-08-02T10:39:37.821+0000] {logging_mixin.py:150} INFO - [2023-08-02T10:39:37.821+0000] {dagbag.py:541} INFO - Filling up the DagBag from /home/airflow/.local/lib/python3.7/site-packages/airflow/example_dags/example_sla_dag.py
[2023-08-02T10:39:37.830+0000] {processor.py:836} INFO - DAG(s) dict_keys(['example_sla_dag']) retrieved from /home/airflow/.local/lib/python3.7/site-packages/airflow/example_dags/example_sla_dag.py
[2023-08-02T10:39:37.904+0000] {logging_mixin.py:150} INFO - [2023-08-02T10:39:37.904+0000] {dag.py:2742} INFO - Sync 1 DAGs
[2023-08-02T10:39:37.924+0000] {logging_mixin.py:150} INFO - [2023-08-02T10:39:37.924+0000] {dag.py:3508} INFO - Setting next_dagrun for example_sla_dag to 2023-08-02T10:36:00+00:00, run_after=2023-08-02T10:38:00+00:00
[2023-08-02T10:39:37.939+0000] {processor.py:179} INFO - Processing /home/airflow/.local/lib/python3.7/site-packages/airflow/example_dags/example_sla_dag.py took 0.124 seconds
[2023-08-02T10:40:08.223+0000] {processor.py:157} INFO - Started process (PID=411) to work on /home/airflow/.local/lib/python3.7/site-packages/airflow/example_dags/example_sla_dag.py
[2023-08-02T10:40:08.225+0000] {processor.py:826} INFO - Processing file /home/airflow/.local/lib/python3.7/site-packages/airflow/example_dags/example_sla_dag.py for tasks to queue
[2023-08-02T10:40:08.227+0000] {logging_mixin.py:150} INFO - [2023-08-02T10:40:08.227+0000] {dagbag.py:541} INFO - Filling up the DagBag from /home/airflow/.local/lib/python3.7/site-packages/airflow/example_dags/example_sla_dag.py
[2023-08-02T10:40:08.235+0000] {processor.py:836} INFO - DAG(s) dict_keys(['example_sla_dag']) retrieved from /home/airflow/.local/lib/python3.7/site-packages/airflow/example_dags/example_sla_dag.py
[2023-08-02T10:40:08.257+0000] {logging_mixin.py:150} INFO - [2023-08-02T10:40:08.257+0000] {dag.py:2742} INFO - Sync 1 DAGs
[2023-08-02T10:40:08.277+0000] {logging_mixin.py:150} INFO - [2023-08-02T10:40:08.277+0000] {dag.py:3508} INFO - Setting next_dagrun for example_sla_dag to 2023-08-02T10:38:00+00:00, run_after=2023-08-02T10:40:00+00:00
[2023-08-02T10:40:08.290+0000] {processor.py:179} INFO - Processing /home/airflow/.local/lib/python3.7/site-packages/airflow/example_dags/example_sla_dag.py took 0.070 seconds
[2023-08-02T10:40:38.836+0000] {processor.py:157} INFO - Started process (PID=468) to work on /home/airflow/.local/lib/python3.7/site-packages/airflow/example_dags/example_sla_dag.py
[2023-08-02T10:40:38.837+0000] {processor.py:826} INFO - Processing file /home/airflow/.local/lib/python3.7/site-packages/airflow/example_dags/example_sla_dag.py for tasks to queue
[2023-08-02T10:40:38.839+0000] {logging_mixin.py:150} INFO - [2023-08-02T10:40:38.838+0000] {dagbag.py:541} INFO - Filling up the DagBag from /home/airflow/.local/lib/python3.7/site-packages/airflow/example_dags/example_sla_dag.py
[2023-08-02T10:40:38.846+0000] {processor.py:836} INFO - DAG(s) dict_keys(['example_sla_dag']) retrieved from /home/airflow/.local/lib/python3.7/site-packages/airflow/example_dags/example_sla_dag.py
[2023-08-02T10:40:38.868+0000] {logging_mixin.py:150} INFO - [2023-08-02T10:40:38.867+0000] {dag.py:2742} INFO - Sync 1 DAGs
[2023-08-02T10:40:38.888+0000] {logging_mixin.py:150} INFO - [2023-08-02T10:40:38.888+0000] {dag.py:3508} INFO - Setting next_dagrun for example_sla_dag to 2023-08-02T10:38:00+00:00, run_after=2023-08-02T10:40:00+00:00
[2023-08-02T10:40:38.905+0000] {processor.py:179} INFO - Processing /home/airflow/.local/lib/python3.7/site-packages/airflow/example_dags/example_sla_dag.py took 0.073 seconds
[2023-08-02T10:41:09.400+0000] {processor.py:157} INFO - Started process (PID=525) to work on /home/airflow/.local/lib/python3.7/site-packages/airflow/example_dags/example_sla_dag.py
[2023-08-02T10:41:09.404+0000] {processor.py:826} INFO - Processing file /home/airflow/.local/lib/python3.7/site-packages/airflow/example_dags/example_sla_dag.py for tasks to queue
[2023-08-02T10:41:09.409+0000] {logging_mixin.py:150} INFO - [2023-08-02T10:41:09.408+0000] {dagbag.py:541} INFO - Filling up the DagBag from /home/airflow/.local/lib/python3.7/site-packages/airflow/example_dags/example_sla_dag.py
[2023-08-02T10:41:09.419+0000] {processor.py:836} INFO - DAG(s) dict_keys(['example_sla_dag']) retrieved from /home/airflow/.local/lib/python3.7/site-packages/airflow/example_dags/example_sla_dag.py
[2023-08-02T10:41:09.441+0000] {logging_mixin.py:150} INFO - [2023-08-02T10:41:09.441+0000] {dag.py:2742} INFO - Sync 1 DAGs
[2023-08-02T10:41:09.461+0000] {logging_mixin.py:150} INFO - [2023-08-02T10:41:09.460+0000] {dag.py:3508} INFO - Setting next_dagrun for example_sla_dag to 2023-08-02T10:38:00+00:00, run_after=2023-08-02T10:40:00+00:00
[2023-08-02T10:41:09.474+0000] {processor.py:179} INFO - Processing /home/airflow/.local/lib/python3.7/site-packages/airflow/example_dags/example_sla_dag.py took 0.078 seconds
[2023-08-02T10:41:39.998+0000] {processor.py:157} INFO - Started process (PID=582) to work on /home/airflow/.local/lib/python3.7/site-packages/airflow/example_dags/example_sla_dag.py
[2023-08-02T10:41:40.000+0000] {processor.py:826} INFO - Processing file /home/airflow/.local/lib/python3.7/site-packages/airflow/example_dags/example_sla_dag.py for tasks to queue
[2023-08-02T10:41:40.002+0000] {logging_mixin.py:150} INFO - [2023-08-02T10:41:40.001+0000] {dagbag.py:541} INFO - Filling up the DagBag from /home/airflow/.local/lib/python3.7/site-packages/airflow/example_dags/example_sla_dag.py
[2023-08-02T10:41:40.019+0000] {processor.py:836} INFO - DAG(s) dict_keys(['example_sla_dag']) retrieved from /home/airflow/.local/lib/python3.7/site-packages/airflow/example_dags/example_sla_dag.py
[2023-08-02T10:41:40.042+0000] {logging_mixin.py:150} INFO - [2023-08-02T10:41:40.042+0000] {dag.py:2742} INFO - Sync 1 DAGs
[2023-08-02T10:41:40.065+0000] {logging_mixin.py:150} INFO - [2023-08-02T10:41:40.065+0000] {dag.py:3508} INFO - Setting next_dagrun for example_sla_dag to 2023-08-02T10:38:00+00:00, run_after=2023-08-02T10:40:00+00:00
[2023-08-02T10:41:40.079+0000] {processor.py:179} INFO - Processing /home/airflow/.local/lib/python3.7/site-packages/airflow/example_dags/example_sla_dag.py took 0.084 seconds
[2023-08-02T10:42:10.573+0000] {processor.py:157} INFO - Started process (PID=639) to work on /home/airflow/.local/lib/python3.7/site-packages/airflow/example_dags/example_sla_dag.py
[2023-08-02T10:42:10.575+0000] {processor.py:826} INFO - Processing file /home/airflow/.local/lib/python3.7/site-packages/airflow/example_dags/example_sla_dag.py for tasks to queue
[2023-08-02T10:42:10.577+0000] {logging_mixin.py:150} INFO - [2023-08-02T10:42:10.576+0000] {dagbag.py:541} INFO - Filling up the DagBag from /home/airflow/.local/lib/python3.7/site-packages/airflow/example_dags/example_sla_dag.py
[2023-08-02T10:42:10.584+0000] {processor.py:836} INFO - DAG(s) dict_keys(['example_sla_dag']) retrieved from /home/airflow/.local/lib/python3.7/site-packages/airflow/example_dags/example_sla_dag.py
[2023-08-02T10:42:10.607+0000] {logging_mixin.py:150} INFO - [2023-08-02T10:42:10.607+0000] {dag.py:2742} INFO - Sync 1 DAGs
[2023-08-02T10:42:10.631+0000] {logging_mixin.py:150} INFO - [2023-08-02T10:42:10.631+0000] {dag.py:3508} INFO - Setting next_dagrun for example_sla_dag to 2023-08-02T10:40:00+00:00, run_after=2023-08-02T10:42:00+00:00
[2023-08-02T10:42:10.703+0000] {processor.py:179} INFO - Processing /home/airflow/.local/lib/python3.7/site-packages/airflow/example_dags/example_sla_dag.py took 0.133 seconds
[2023-08-02T10:42:41.068+0000] {processor.py:157} INFO - Started process (PID=695) to work on /home/airflow/.local/lib/python3.7/site-packages/airflow/example_dags/example_sla_dag.py
[2023-08-02T10:42:41.070+0000] {processor.py:826} INFO - Processing file /home/airflow/.local/lib/python3.7/site-packages/airflow/example_dags/example_sla_dag.py for tasks to queue
[2023-08-02T10:42:41.072+0000] {logging_mixin.py:150} INFO - [2023-08-02T10:42:41.071+0000] {dagbag.py:541} INFO - Filling up the DagBag from /home/airflow/.local/lib/python3.7/site-packages/airflow/example_dags/example_sla_dag.py
[2023-08-02T10:42:41.081+0000] {processor.py:836} INFO - DAG(s) dict_keys(['example_sla_dag']) retrieved from /home/airflow/.local/lib/python3.7/site-packages/airflow/example_dags/example_sla_dag.py
[2023-08-02T10:42:41.104+0000] {logging_mixin.py:150} INFO - [2023-08-02T10:42:41.104+0000] {dag.py:2742} INFO - Sync 1 DAGs
[2023-08-02T10:42:41.129+0000] {logging_mixin.py:150} INFO - [2023-08-02T10:42:41.129+0000] {dag.py:3508} INFO - Setting next_dagrun for example_sla_dag to 2023-08-02T10:40:00+00:00, run_after=2023-08-02T10:42:00+00:00
[2023-08-02T10:42:41.144+0000] {processor.py:179} INFO - Processing /home/airflow/.local/lib/python3.7/site-packages/airflow/example_dags/example_sla_dag.py took 0.079 seconds
[2023-08-02T10:43:11.588+0000] {processor.py:157} INFO - Started process (PID=752) to work on /home/airflow/.local/lib/python3.7/site-packages/airflow/example_dags/example_sla_dag.py
[2023-08-02T10:43:11.590+0000] {processor.py:826} INFO - Processing file /home/airflow/.local/lib/python3.7/site-packages/airflow/example_dags/example_sla_dag.py for tasks to queue
[2023-08-02T10:43:11.592+0000] {logging_mixin.py:150} INFO - [2023-08-02T10:43:11.591+0000] {dagbag.py:541} INFO - Filling up the DagBag from /home/airflow/.local/lib/python3.7/site-packages/airflow/example_dags/example_sla_dag.py
[2023-08-02T10:43:11.599+0000] {processor.py:836} INFO - DAG(s) dict_keys(['example_sla_dag']) retrieved from /home/airflow/.local/lib/python3.7/site-packages/airflow/example_dags/example_sla_dag.py
[2023-08-02T10:43:11.629+0000] {logging_mixin.py:150} INFO - [2023-08-02T10:43:11.629+0000] {dag.py:2742} INFO - Sync 1 DAGs
[2023-08-02T10:43:11.658+0000] {logging_mixin.py:150} INFO - [2023-08-02T10:43:11.658+0000] {dag.py:3508} INFO - Setting next_dagrun for example_sla_dag to 2023-08-02T10:40:00+00:00, run_after=2023-08-02T10:42:00+00:00
[2023-08-02T10:43:11.674+0000] {processor.py:179} INFO - Processing /home/airflow/.local/lib/python3.7/site-packages/airflow/example_dags/example_sla_dag.py took 0.089 seconds
[2023-08-02T10:43:41.831+0000] {processor.py:157} INFO - Started process (PID=809) to work on /home/airflow/.local/lib/python3.7/site-packages/airflow/example_dags/example_sla_dag.py
[2023-08-02T10:43:41.833+0000] {processor.py:826} INFO - Processing file /home/airflow/.local/lib/python3.7/site-packages/airflow/example_dags/example_sla_dag.py for tasks to queue
[2023-08-02T10:43:41.835+0000] {logging_mixin.py:150} INFO - [2023-08-02T10:43:41.835+0000] {dagbag.py:541} INFO - Filling up the DagBag from /home/airflow/.local/lib/python3.7/site-packages/airflow/example_dags/example_sla_dag.py
[2023-08-02T10:43:41.842+0000] {processor.py:836} INFO - DAG(s) dict_keys(['example_sla_dag']) retrieved from /home/airflow/.local/lib/python3.7/site-packages/airflow/example_dags/example_sla_dag.py
[2023-08-02T10:43:41.863+0000] {logging_mixin.py:150} INFO - [2023-08-02T10:43:41.862+0000] {dag.py:2742} INFO - Sync 1 DAGs
[2023-08-02T10:43:41.894+0000] {logging_mixin.py:150} INFO - [2023-08-02T10:43:41.894+0000] {dag.py:3508} INFO - Setting next_dagrun for example_sla_dag to 2023-08-02T10:40:00+00:00, run_after=2023-08-02T10:42:00+00:00
[2023-08-02T10:43:41.909+0000] {processor.py:179} INFO - Processing /home/airflow/.local/lib/python3.7/site-packages/airflow/example_dags/example_sla_dag.py took 0.081 seconds
[2023-08-02T10:44:12.168+0000] {processor.py:157} INFO - Started process (PID=865) to work on /home/airflow/.local/lib/python3.7/site-packages/airflow/example_dags/example_sla_dag.py
[2023-08-02T10:44:12.171+0000] {processor.py:826} INFO - Processing file /home/airflow/.local/lib/python3.7/site-packages/airflow/example_dags/example_sla_dag.py for tasks to queue
[2023-08-02T10:44:12.172+0000] {logging_mixin.py:150} INFO - [2023-08-02T10:44:12.172+0000] {dagbag.py:541} INFO - Filling up the DagBag from /home/airflow/.local/lib/python3.7/site-packages/airflow/example_dags/example_sla_dag.py
[2023-08-02T10:44:12.180+0000] {processor.py:836} INFO - DAG(s) dict_keys(['example_sla_dag']) retrieved from /home/airflow/.local/lib/python3.7/site-packages/airflow/example_dags/example_sla_dag.py
[2023-08-02T10:44:12.203+0000] {logging_mixin.py:150} INFO - [2023-08-02T10:44:12.203+0000] {dag.py:2742} INFO - Sync 1 DAGs
[2023-08-02T10:44:12.229+0000] {logging_mixin.py:150} INFO - [2023-08-02T10:44:12.228+0000] {dag.py:3508} INFO - Setting next_dagrun for example_sla_dag to 2023-08-02T10:42:00+00:00, run_after=2023-08-02T10:44:00+00:00
[2023-08-02T10:44:12.245+0000] {processor.py:179} INFO - Processing /home/airflow/.local/lib/python3.7/site-packages/airflow/example_dags/example_sla_dag.py took 0.080 seconds
[2023-08-02T10:44:42.956+0000] {processor.py:157} INFO - Started process (PID=922) to work on /home/airflow/.local/lib/python3.7/site-packages/airflow/example_dags/example_sla_dag.py
[2023-08-02T10:44:42.958+0000] {processor.py:826} INFO - Processing file /home/airflow/.local/lib/python3.7/site-packages/airflow/example_dags/example_sla_dag.py for tasks to queue
[2023-08-02T10:44:42.959+0000] {logging_mixin.py:150} INFO - [2023-08-02T10:44:42.959+0000] {dagbag.py:541} INFO - Filling up the DagBag from /home/airflow/.local/lib/python3.7/site-packages/airflow/example_dags/example_sla_dag.py
[2023-08-02T10:44:42.966+0000] {processor.py:836} INFO - DAG(s) dict_keys(['example_sla_dag']) retrieved from /home/airflow/.local/lib/python3.7/site-packages/airflow/example_dags/example_sla_dag.py
[2023-08-02T10:44:42.989+0000] {logging_mixin.py:150} INFO - [2023-08-02T10:44:42.989+0000] {dag.py:2742} INFO - Sync 1 DAGs
[2023-08-02T10:44:43.010+0000] {logging_mixin.py:150} INFO - [2023-08-02T10:44:43.010+0000] {dag.py:3508} INFO - Setting next_dagrun for example_sla_dag to 2023-08-02T10:42:00+00:00, run_after=2023-08-02T10:44:00+00:00
[2023-08-02T10:44:43.028+0000] {processor.py:179} INFO - Processing /home/airflow/.local/lib/python3.7/site-packages/airflow/example_dags/example_sla_dag.py took 0.076 seconds
[2023-08-02T10:45:13.855+0000] {processor.py:157} INFO - Started process (PID=979) to work on /home/airflow/.local/lib/python3.7/site-packages/airflow/example_dags/example_sla_dag.py
[2023-08-02T10:45:13.857+0000] {processor.py:826} INFO - Processing file /home/airflow/.local/lib/python3.7/site-packages/airflow/example_dags/example_sla_dag.py for tasks to queue
[2023-08-02T10:45:13.860+0000] {logging_mixin.py:150} INFO - [2023-08-02T10:45:13.860+0000] {dagbag.py:541} INFO - Filling up the DagBag from /home/airflow/.local/lib/python3.7/site-packages/airflow/example_dags/example_sla_dag.py
[2023-08-02T10:45:13.868+0000] {processor.py:836} INFO - DAG(s) dict_keys(['example_sla_dag']) retrieved from /home/airflow/.local/lib/python3.7/site-packages/airflow/example_dags/example_sla_dag.py
[2023-08-02T10:45:13.889+0000] {logging_mixin.py:150} INFO - [2023-08-02T10:45:13.889+0000] {dag.py:2742} INFO - Sync 1 DAGs
[2023-08-02T10:45:13.912+0000] {logging_mixin.py:150} INFO - [2023-08-02T10:45:13.912+0000] {dag.py:3508} INFO - Setting next_dagrun for example_sla_dag to 2023-08-02T10:42:00+00:00, run_after=2023-08-02T10:44:00+00:00
[2023-08-02T10:45:13.925+0000] {processor.py:179} INFO - Processing /home/airflow/.local/lib/python3.7/site-packages/airflow/example_dags/example_sla_dag.py took 0.073 seconds
[2023-08-02T10:45:44.184+0000] {processor.py:157} INFO - Started process (PID=1036) to work on /home/airflow/.local/lib/python3.7/site-packages/airflow/example_dags/example_sla_dag.py
[2023-08-02T10:45:44.186+0000] {processor.py:826} INFO - Processing file /home/airflow/.local/lib/python3.7/site-packages/airflow/example_dags/example_sla_dag.py for tasks to queue
[2023-08-02T10:45:44.188+0000] {logging_mixin.py:150} INFO - [2023-08-02T10:45:44.187+0000] {dagbag.py:541} INFO - Filling up the DagBag from /home/airflow/.local/lib/python3.7/site-packages/airflow/example_dags/example_sla_dag.py
[2023-08-02T10:45:44.196+0000] {processor.py:836} INFO - DAG(s) dict_keys(['example_sla_dag']) retrieved from /home/airflow/.local/lib/python3.7/site-packages/airflow/example_dags/example_sla_dag.py
[2023-08-02T10:45:44.219+0000] {logging_mixin.py:150} INFO - [2023-08-02T10:45:44.219+0000] {dag.py:2742} INFO - Sync 1 DAGs
[2023-08-02T10:45:44.241+0000] {logging_mixin.py:150} INFO - [2023-08-02T10:45:44.240+0000] {dag.py:3508} INFO - Setting next_dagrun for example_sla_dag to 2023-08-02T10:42:00+00:00, run_after=2023-08-02T10:44:00+00:00
[2023-08-02T10:45:44.253+0000] {processor.py:179} INFO - Processing /home/airflow/.local/lib/python3.7/site-packages/airflow/example_dags/example_sla_dag.py took 0.072 seconds
[2023-08-02T10:46:14.636+0000] {processor.py:157} INFO - Started process (PID=1093) to work on /home/airflow/.local/lib/python3.7/site-packages/airflow/example_dags/example_sla_dag.py
[2023-08-02T10:46:14.638+0000] {processor.py:826} INFO - Processing file /home/airflow/.local/lib/python3.7/site-packages/airflow/example_dags/example_sla_dag.py for tasks to queue
[2023-08-02T10:46:14.639+0000] {logging_mixin.py:150} INFO - [2023-08-02T10:46:14.639+0000] {dagbag.py:541} INFO - Filling up the DagBag from /home/airflow/.local/lib/python3.7/site-packages/airflow/example_dags/example_sla_dag.py
[2023-08-02T10:46:14.647+0000] {processor.py:836} INFO - DAG(s) dict_keys(['example_sla_dag']) retrieved from /home/airflow/.local/lib/python3.7/site-packages/airflow/example_dags/example_sla_dag.py
[2023-08-02T10:46:14.667+0000] {logging_mixin.py:150} INFO - [2023-08-02T10:46:14.667+0000] {dag.py:2742} INFO - Sync 1 DAGs
[2023-08-02T10:46:14.686+0000] {logging_mixin.py:150} INFO - [2023-08-02T10:46:14.686+0000] {dag.py:3508} INFO - Setting next_dagrun for example_sla_dag to 2023-08-02T10:44:00+00:00, run_after=2023-08-02T10:46:00+00:00
[2023-08-02T10:46:14.700+0000] {processor.py:179} INFO - Processing /home/airflow/.local/lib/python3.7/site-packages/airflow/example_dags/example_sla_dag.py took 0.067 seconds
[2023-08-02T10:46:45.389+0000] {processor.py:157} INFO - Started process (PID=1150) to work on /home/airflow/.local/lib/python3.7/site-packages/airflow/example_dags/example_sla_dag.py
[2023-08-02T10:46:45.391+0000] {processor.py:826} INFO - Processing file /home/airflow/.local/lib/python3.7/site-packages/airflow/example_dags/example_sla_dag.py for tasks to queue
[2023-08-02T10:46:45.398+0000] {logging_mixin.py:150} INFO - [2023-08-02T10:46:45.398+0000] {dagbag.py:541} INFO - Filling up the DagBag from /home/airflow/.local/lib/python3.7/site-packages/airflow/example_dags/example_sla_dag.py
[2023-08-02T10:46:45.407+0000] {processor.py:836} INFO - DAG(s) dict_keys(['example_sla_dag']) retrieved from /home/airflow/.local/lib/python3.7/site-packages/airflow/example_dags/example_sla_dag.py
[2023-08-02T10:46:45.429+0000] {logging_mixin.py:150} INFO - [2023-08-02T10:46:45.429+0000] {dag.py:2742} INFO - Sync 1 DAGs
[2023-08-02T10:46:45.452+0000] {logging_mixin.py:150} INFO - [2023-08-02T10:46:45.452+0000] {dag.py:3508} INFO - Setting next_dagrun for example_sla_dag to 2023-08-02T10:44:00+00:00, run_after=2023-08-02T10:46:00+00:00
[2023-08-02T10:46:45.465+0000] {processor.py:179} INFO - Processing /home/airflow/.local/lib/python3.7/site-packages/airflow/example_dags/example_sla_dag.py took 0.080 seconds
[2023-08-02T10:47:15.590+0000] {processor.py:157} INFO - Started process (PID=1207) to work on /home/airflow/.local/lib/python3.7/site-packages/airflow/example_dags/example_sla_dag.py
[2023-08-02T10:47:15.604+0000] {processor.py:826} INFO - Processing file /home/airflow/.local/lib/python3.7/site-packages/airflow/example_dags/example_sla_dag.py for tasks to queue
[2023-08-02T10:47:15.605+0000] {logging_mixin.py:150} INFO - [2023-08-02T10:47:15.605+0000] {dagbag.py:541} INFO - Filling up the DagBag from /home/airflow/.local/lib/python3.7/site-packages/airflow/example_dags/example_sla_dag.py
[2023-08-02T10:47:15.613+0000] {processor.py:836} INFO - DAG(s) dict_keys(['example_sla_dag']) retrieved from /home/airflow/.local/lib/python3.7/site-packages/airflow/example_dags/example_sla_dag.py
[2023-08-02T10:47:15.634+0000] {logging_mixin.py:150} INFO - [2023-08-02T10:47:15.633+0000] {dag.py:2742} INFO - Sync 1 DAGs
[2023-08-02T10:47:15.654+0000] {logging_mixin.py:150} INFO - [2023-08-02T10:47:15.654+0000] {dag.py:3508} INFO - Setting next_dagrun for example_sla_dag to 2023-08-02T10:44:00+00:00, run_after=2023-08-02T10:46:00+00:00
[2023-08-02T10:47:15.670+0000] {processor.py:179} INFO - Processing /home/airflow/.local/lib/python3.7/site-packages/airflow/example_dags/example_sla_dag.py took 0.083 seconds
[2023-08-02T10:47:45.990+0000] {processor.py:157} INFO - Started process (PID=1264) to work on /home/airflow/.local/lib/python3.7/site-packages/airflow/example_dags/example_sla_dag.py
[2023-08-02T10:47:45.994+0000] {processor.py:826} INFO - Processing file /home/airflow/.local/lib/python3.7/site-packages/airflow/example_dags/example_sla_dag.py for tasks to queue
[2023-08-02T10:47:45.996+0000] {logging_mixin.py:150} INFO - [2023-08-02T10:47:45.996+0000] {dagbag.py:541} INFO - Filling up the DagBag from /home/airflow/.local/lib/python3.7/site-packages/airflow/example_dags/example_sla_dag.py
[2023-08-02T10:47:46.009+0000] {processor.py:836} INFO - DAG(s) dict_keys(['example_sla_dag']) retrieved from /home/airflow/.local/lib/python3.7/site-packages/airflow/example_dags/example_sla_dag.py
[2023-08-02T10:47:46.030+0000] {logging_mixin.py:150} INFO - [2023-08-02T10:47:46.030+0000] {dag.py:2742} INFO - Sync 1 DAGs
[2023-08-02T10:47:46.048+0000] {logging_mixin.py:150} INFO - [2023-08-02T10:47:46.048+0000] {dag.py:3508} INFO - Setting next_dagrun for example_sla_dag to 2023-08-02T10:44:00+00:00, run_after=2023-08-02T10:46:00+00:00
[2023-08-02T10:47:46.063+0000] {processor.py:179} INFO - Processing /home/airflow/.local/lib/python3.7/site-packages/airflow/example_dags/example_sla_dag.py took 0.076 seconds
[2023-08-02T10:48:16.281+0000] {processor.py:157} INFO - Started process (PID=1321) to work on /home/airflow/.local/lib/python3.7/site-packages/airflow/example_dags/example_sla_dag.py
[2023-08-02T10:48:16.283+0000] {processor.py:826} INFO - Processing file /home/airflow/.local/lib/python3.7/site-packages/airflow/example_dags/example_sla_dag.py for tasks to queue
[2023-08-02T10:48:16.285+0000] {logging_mixin.py:150} INFO - [2023-08-02T10:48:16.285+0000] {dagbag.py:541} INFO - Filling up the DagBag from /home/airflow/.local/lib/python3.7/site-packages/airflow/example_dags/example_sla_dag.py
[2023-08-02T10:48:16.292+0000] {processor.py:836} INFO - DAG(s) dict_keys(['example_sla_dag']) retrieved from /home/airflow/.local/lib/python3.7/site-packages/airflow/example_dags/example_sla_dag.py
[2023-08-02T10:48:16.314+0000] {logging_mixin.py:150} INFO - [2023-08-02T10:48:16.314+0000] {dag.py:2742} INFO - Sync 1 DAGs
[2023-08-02T10:48:16.336+0000] {logging_mixin.py:150} INFO - [2023-08-02T10:48:16.336+0000] {dag.py:3508} INFO - Setting next_dagrun for example_sla_dag to 2023-08-02T10:46:00+00:00, run_after=2023-08-02T10:48:00+00:00
[2023-08-02T10:48:16.350+0000] {processor.py:179} INFO - Processing /home/airflow/.local/lib/python3.7/site-packages/airflow/example_dags/example_sla_dag.py took 0.072 seconds
[2023-08-02T10:48:46.598+0000] {processor.py:157} INFO - Started process (PID=1378) to work on /home/airflow/.local/lib/python3.7/site-packages/airflow/example_dags/example_sla_dag.py
[2023-08-02T10:48:46.613+0000] {processor.py:826} INFO - Processing file /home/airflow/.local/lib/python3.7/site-packages/airflow/example_dags/example_sla_dag.py for tasks to queue
[2023-08-02T10:48:46.615+0000] {logging_mixin.py:150} INFO - [2023-08-02T10:48:46.614+0000] {dagbag.py:541} INFO - Filling up the DagBag from /home/airflow/.local/lib/python3.7/site-packages/airflow/example_dags/example_sla_dag.py
[2023-08-02T10:48:46.623+0000] {processor.py:836} INFO - DAG(s) dict_keys(['example_sla_dag']) retrieved from /home/airflow/.local/lib/python3.7/site-packages/airflow/example_dags/example_sla_dag.py
[2023-08-02T10:48:46.644+0000] {logging_mixin.py:150} INFO - [2023-08-02T10:48:46.644+0000] {dag.py:2742} INFO - Sync 1 DAGs
[2023-08-02T10:48:46.662+0000] {logging_mixin.py:150} INFO - [2023-08-02T10:48:46.662+0000] {dag.py:3508} INFO - Setting next_dagrun for example_sla_dag to 2023-08-02T10:46:00+00:00, run_after=2023-08-02T10:48:00+00:00
[2023-08-02T10:48:46.686+0000] {processor.py:179} INFO - Processing /home/airflow/.local/lib/python3.7/site-packages/airflow/example_dags/example_sla_dag.py took 0.091 seconds
[2023-08-02T10:49:16.838+0000] {processor.py:157} INFO - Started process (PID=1435) to work on /home/airflow/.local/lib/python3.7/site-packages/airflow/example_dags/example_sla_dag.py
[2023-08-02T10:49:16.840+0000] {processor.py:826} INFO - Processing file /home/airflow/.local/lib/python3.7/site-packages/airflow/example_dags/example_sla_dag.py for tasks to queue
[2023-08-02T10:49:16.841+0000] {logging_mixin.py:150} INFO - [2023-08-02T10:49:16.841+0000] {dagbag.py:541} INFO - Filling up the DagBag from /home/airflow/.local/lib/python3.7/site-packages/airflow/example_dags/example_sla_dag.py
[2023-08-02T10:49:16.848+0000] {processor.py:836} INFO - DAG(s) dict_keys(['example_sla_dag']) retrieved from /home/airflow/.local/lib/python3.7/site-packages/airflow/example_dags/example_sla_dag.py
[2023-08-02T10:49:16.869+0000] {logging_mixin.py:150} INFO - [2023-08-02T10:49:16.869+0000] {dag.py:2742} INFO - Sync 1 DAGs
[2023-08-02T10:49:16.887+0000] {logging_mixin.py:150} INFO - [2023-08-02T10:49:16.887+0000] {dag.py:3508} INFO - Setting next_dagrun for example_sla_dag to 2023-08-02T10:46:00+00:00, run_after=2023-08-02T10:48:00+00:00
[2023-08-02T10:49:16.902+0000] {processor.py:179} INFO - Processing /home/airflow/.local/lib/python3.7/site-packages/airflow/example_dags/example_sla_dag.py took 0.067 seconds
[2023-08-02T10:49:47.288+0000] {processor.py:157} INFO - Started process (PID=1492) to work on /home/airflow/.local/lib/python3.7/site-packages/airflow/example_dags/example_sla_dag.py
[2023-08-02T10:49:47.300+0000] {processor.py:826} INFO - Processing file /home/airflow/.local/lib/python3.7/site-packages/airflow/example_dags/example_sla_dag.py for tasks to queue
[2023-08-02T10:49:47.302+0000] {logging_mixin.py:150} INFO - [2023-08-02T10:49:47.302+0000] {dagbag.py:541} INFO - Filling up the DagBag from /home/airflow/.local/lib/python3.7/site-packages/airflow/example_dags/example_sla_dag.py
[2023-08-02T10:49:47.309+0000] {processor.py:836} INFO - DAG(s) dict_keys(['example_sla_dag']) retrieved from /home/airflow/.local/lib/python3.7/site-packages/airflow/example_dags/example_sla_dag.py
[2023-08-02T10:49:47.331+0000] {logging_mixin.py:150} INFO - [2023-08-02T10:49:47.331+0000] {dag.py:2742} INFO - Sync 1 DAGs
[2023-08-02T10:49:47.349+0000] {logging_mixin.py:150} INFO - [2023-08-02T10:49:47.348+0000] {dag.py:3508} INFO - Setting next_dagrun for example_sla_dag to 2023-08-02T10:46:00+00:00, run_after=2023-08-02T10:48:00+00:00
[2023-08-02T10:49:47.360+0000] {processor.py:179} INFO - Processing /home/airflow/.local/lib/python3.7/site-packages/airflow/example_dags/example_sla_dag.py took 0.076 seconds
[2023-08-02T10:50:18.034+0000] {processor.py:157} INFO - Started process (PID=1549) to work on /home/airflow/.local/lib/python3.7/site-packages/airflow/example_dags/example_sla_dag.py
[2023-08-02T10:50:18.037+0000] {processor.py:826} INFO - Processing file /home/airflow/.local/lib/python3.7/site-packages/airflow/example_dags/example_sla_dag.py for tasks to queue
[2023-08-02T10:50:18.040+0000] {logging_mixin.py:150} INFO - [2023-08-02T10:50:18.039+0000] {dagbag.py:541} INFO - Filling up the DagBag from /home/airflow/.local/lib/python3.7/site-packages/airflow/example_dags/example_sla_dag.py
[2023-08-02T10:50:18.118+0000] {processor.py:836} INFO - DAG(s) dict_keys(['example_sla_dag']) retrieved from /home/airflow/.local/lib/python3.7/site-packages/airflow/example_dags/example_sla_dag.py
[2023-08-02T10:50:18.153+0000] {logging_mixin.py:150} INFO - [2023-08-02T10:50:18.152+0000] {dag.py:2742} INFO - Sync 1 DAGs
[2023-08-02T10:50:18.176+0000] {logging_mixin.py:150} INFO - [2023-08-02T10:50:18.176+0000] {dag.py:3508} INFO - Setting next_dagrun for example_sla_dag to 2023-08-02T10:48:00+00:00, run_after=2023-08-02T10:50:00+00:00
[2023-08-02T10:50:18.190+0000] {processor.py:179} INFO - Processing /home/airflow/.local/lib/python3.7/site-packages/airflow/example_dags/example_sla_dag.py took 0.159 seconds
[2023-08-02T10:50:48.560+0000] {processor.py:157} INFO - Started process (PID=1606) to work on /home/airflow/.local/lib/python3.7/site-packages/airflow/example_dags/example_sla_dag.py
[2023-08-02T10:50:48.562+0000] {processor.py:826} INFO - Processing file /home/airflow/.local/lib/python3.7/site-packages/airflow/example_dags/example_sla_dag.py for tasks to queue
[2023-08-02T10:50:48.564+0000] {logging_mixin.py:150} INFO - [2023-08-02T10:50:48.564+0000] {dagbag.py:541} INFO - Filling up the DagBag from /home/airflow/.local/lib/python3.7/site-packages/airflow/example_dags/example_sla_dag.py
[2023-08-02T10:50:48.591+0000] {processor.py:836} INFO - DAG(s) dict_keys(['example_sla_dag']) retrieved from /home/airflow/.local/lib/python3.7/site-packages/airflow/example_dags/example_sla_dag.py
[2023-08-02T10:50:48.621+0000] {logging_mixin.py:150} INFO - [2023-08-02T10:50:48.621+0000] {dag.py:2742} INFO - Sync 1 DAGs
[2023-08-02T10:50:48.651+0000] {logging_mixin.py:150} INFO - [2023-08-02T10:50:48.650+0000] {dag.py:3508} INFO - Setting next_dagrun for example_sla_dag to 2023-08-02T10:48:00+00:00, run_after=2023-08-02T10:50:00+00:00
[2023-08-02T10:50:48.667+0000] {processor.py:179} INFO - Processing /home/airflow/.local/lib/python3.7/site-packages/airflow/example_dags/example_sla_dag.py took 0.111 seconds
[2023-08-02T10:51:19.440+0000] {processor.py:157} INFO - Started process (PID=1663) to work on /home/airflow/.local/lib/python3.7/site-packages/airflow/example_dags/example_sla_dag.py
[2023-08-02T10:51:19.502+0000] {processor.py:826} INFO - Processing file /home/airflow/.local/lib/python3.7/site-packages/airflow/example_dags/example_sla_dag.py for tasks to queue
[2023-08-02T10:51:19.504+0000] {logging_mixin.py:150} INFO - [2023-08-02T10:51:19.503+0000] {dagbag.py:541} INFO - Filling up the DagBag from /home/airflow/.local/lib/python3.7/site-packages/airflow/example_dags/example_sla_dag.py
[2023-08-02T10:51:19.511+0000] {processor.py:836} INFO - DAG(s) dict_keys(['example_sla_dag']) retrieved from /home/airflow/.local/lib/python3.7/site-packages/airflow/example_dags/example_sla_dag.py
[2023-08-02T10:51:19.534+0000] {logging_mixin.py:150} INFO - [2023-08-02T10:51:19.534+0000] {dag.py:2742} INFO - Sync 1 DAGs
[2023-08-02T10:51:19.559+0000] {logging_mixin.py:150} INFO - [2023-08-02T10:51:19.558+0000] {dag.py:3508} INFO - Setting next_dagrun for example_sla_dag to 2023-08-02T10:48:00+00:00, run_after=2023-08-02T10:50:00+00:00
[2023-08-02T10:51:19.573+0000] {processor.py:179} INFO - Processing /home/airflow/.local/lib/python3.7/site-packages/airflow/example_dags/example_sla_dag.py took 0.136 seconds
[2023-08-02T10:51:49.688+0000] {processor.py:157} INFO - Started process (PID=1720) to work on /home/airflow/.local/lib/python3.7/site-packages/airflow/example_dags/example_sla_dag.py
[2023-08-02T10:51:49.690+0000] {processor.py:826} INFO - Processing file /home/airflow/.local/lib/python3.7/site-packages/airflow/example_dags/example_sla_dag.py for tasks to queue
[2023-08-02T10:51:49.691+0000] {logging_mixin.py:150} INFO - [2023-08-02T10:51:49.691+0000] {dagbag.py:541} INFO - Filling up the DagBag from /home/airflow/.local/lib/python3.7/site-packages/airflow/example_dags/example_sla_dag.py
[2023-08-02T10:51:49.698+0000] {processor.py:836} INFO - DAG(s) dict_keys(['example_sla_dag']) retrieved from /home/airflow/.local/lib/python3.7/site-packages/airflow/example_dags/example_sla_dag.py
[2023-08-02T10:51:49.718+0000] {logging_mixin.py:150} INFO - [2023-08-02T10:51:49.718+0000] {dag.py:2742} INFO - Sync 1 DAGs
[2023-08-02T10:51:49.737+0000] {logging_mixin.py:150} INFO - [2023-08-02T10:51:49.737+0000] {dag.py:3508} INFO - Setting next_dagrun for example_sla_dag to 2023-08-02T10:48:00+00:00, run_after=2023-08-02T10:50:00+00:00
[2023-08-02T10:51:49.752+0000] {processor.py:179} INFO - Processing /home/airflow/.local/lib/python3.7/site-packages/airflow/example_dags/example_sla_dag.py took 0.067 seconds
[2023-08-02T10:52:19.867+0000] {processor.py:157} INFO - Started process (PID=1776) to work on /home/airflow/.local/lib/python3.7/site-packages/airflow/example_dags/example_sla_dag.py
[2023-08-02T10:52:19.869+0000] {processor.py:826} INFO - Processing file /home/airflow/.local/lib/python3.7/site-packages/airflow/example_dags/example_sla_dag.py for tasks to queue
[2023-08-02T10:52:19.871+0000] {logging_mixin.py:150} INFO - [2023-08-02T10:52:19.871+0000] {dagbag.py:541} INFO - Filling up the DagBag from /home/airflow/.local/lib/python3.7/site-packages/airflow/example_dags/example_sla_dag.py
[2023-08-02T10:52:19.878+0000] {processor.py:836} INFO - DAG(s) dict_keys(['example_sla_dag']) retrieved from /home/airflow/.local/lib/python3.7/site-packages/airflow/example_dags/example_sla_dag.py
[2023-08-02T10:52:19.898+0000] {logging_mixin.py:150} INFO - [2023-08-02T10:52:19.898+0000] {dag.py:2742} INFO - Sync 1 DAGs
[2023-08-02T10:52:19.916+0000] {logging_mixin.py:150} INFO - [2023-08-02T10:52:19.916+0000] {dag.py:3508} INFO - Setting next_dagrun for example_sla_dag to 2023-08-02T10:50:00+00:00, run_after=2023-08-02T10:52:00+00:00
[2023-08-02T10:52:19.930+0000] {processor.py:179} INFO - Processing /home/airflow/.local/lib/python3.7/site-packages/airflow/example_dags/example_sla_dag.py took 0.066 seconds
[2023-08-02T10:52:50.100+0000] {processor.py:157} INFO - Started process (PID=1834) to work on /home/airflow/.local/lib/python3.7/site-packages/airflow/example_dags/example_sla_dag.py
[2023-08-02T10:52:50.102+0000] {processor.py:826} INFO - Processing file /home/airflow/.local/lib/python3.7/site-packages/airflow/example_dags/example_sla_dag.py for tasks to queue
[2023-08-02T10:52:50.104+0000] {logging_mixin.py:150} INFO - [2023-08-02T10:52:50.104+0000] {dagbag.py:541} INFO - Filling up the DagBag from /home/airflow/.local/lib/python3.7/site-packages/airflow/example_dags/example_sla_dag.py
[2023-08-02T10:52:50.111+0000] {processor.py:836} INFO - DAG(s) dict_keys(['example_sla_dag']) retrieved from /home/airflow/.local/lib/python3.7/site-packages/airflow/example_dags/example_sla_dag.py
[2023-08-02T10:52:50.132+0000] {logging_mixin.py:150} INFO - [2023-08-02T10:52:50.132+0000] {dag.py:2742} INFO - Sync 1 DAGs
[2023-08-02T10:52:50.150+0000] {logging_mixin.py:150} INFO - [2023-08-02T10:52:50.150+0000] {dag.py:3508} INFO - Setting next_dagrun for example_sla_dag to 2023-08-02T10:50:00+00:00, run_after=2023-08-02T10:52:00+00:00
[2023-08-02T10:52:50.164+0000] {processor.py:179} INFO - Processing /home/airflow/.local/lib/python3.7/site-packages/airflow/example_dags/example_sla_dag.py took 0.068 seconds
[2023-08-02T10:53:20.535+0000] {processor.py:157} INFO - Started process (PID=1891) to work on /home/airflow/.local/lib/python3.7/site-packages/airflow/example_dags/example_sla_dag.py
[2023-08-02T10:53:20.542+0000] {processor.py:826} INFO - Processing file /home/airflow/.local/lib/python3.7/site-packages/airflow/example_dags/example_sla_dag.py for tasks to queue
[2023-08-02T10:53:20.543+0000] {logging_mixin.py:150} INFO - [2023-08-02T10:53:20.543+0000] {dagbag.py:541} INFO - Filling up the DagBag from /home/airflow/.local/lib/python3.7/site-packages/airflow/example_dags/example_sla_dag.py
[2023-08-02T10:53:20.551+0000] {processor.py:836} INFO - DAG(s) dict_keys(['example_sla_dag']) retrieved from /home/airflow/.local/lib/python3.7/site-packages/airflow/example_dags/example_sla_dag.py
[2023-08-02T10:53:20.576+0000] {logging_mixin.py:150} INFO - [2023-08-02T10:53:20.576+0000] {dag.py:2742} INFO - Sync 1 DAGs
[2023-08-02T10:53:20.599+0000] {logging_mixin.py:150} INFO - [2023-08-02T10:53:20.599+0000] {dag.py:3508} INFO - Setting next_dagrun for example_sla_dag to 2023-08-02T10:50:00+00:00, run_after=2023-08-02T10:52:00+00:00
[2023-08-02T10:53:20.643+0000] {processor.py:179} INFO - Processing /home/airflow/.local/lib/python3.7/site-packages/airflow/example_dags/example_sla_dag.py took 0.112 seconds
[2023-08-02T10:53:50.829+0000] {processor.py:157} INFO - Started process (PID=1948) to work on /home/airflow/.local/lib/python3.7/site-packages/airflow/example_dags/example_sla_dag.py
[2023-08-02T10:53:50.837+0000] {processor.py:826} INFO - Processing file /home/airflow/.local/lib/python3.7/site-packages/airflow/example_dags/example_sla_dag.py for tasks to queue
[2023-08-02T10:53:50.838+0000] {logging_mixin.py:150} INFO - [2023-08-02T10:53:50.838+0000] {dagbag.py:541} INFO - Filling up the DagBag from /home/airflow/.local/lib/python3.7/site-packages/airflow/example_dags/example_sla_dag.py
[2023-08-02T10:53:50.845+0000] {processor.py:836} INFO - DAG(s) dict_keys(['example_sla_dag']) retrieved from /home/airflow/.local/lib/python3.7/site-packages/airflow/example_dags/example_sla_dag.py
[2023-08-02T10:53:50.864+0000] {logging_mixin.py:150} INFO - [2023-08-02T10:53:50.864+0000] {dag.py:2742} INFO - Sync 1 DAGs
[2023-08-02T10:53:50.883+0000] {logging_mixin.py:150} INFO - [2023-08-02T10:53:50.883+0000] {dag.py:3508} INFO - Setting next_dagrun for example_sla_dag to 2023-08-02T10:50:00+00:00, run_after=2023-08-02T10:52:00+00:00
[2023-08-02T10:53:50.896+0000] {processor.py:179} INFO - Processing /home/airflow/.local/lib/python3.7/site-packages/airflow/example_dags/example_sla_dag.py took 0.071 seconds
[2023-08-02T10:54:20.980+0000] {processor.py:157} INFO - Started process (PID=2006) to work on /home/airflow/.local/lib/python3.7/site-packages/airflow/example_dags/example_sla_dag.py
[2023-08-02T10:54:20.982+0000] {processor.py:826} INFO - Processing file /home/airflow/.local/lib/python3.7/site-packages/airflow/example_dags/example_sla_dag.py for tasks to queue
[2023-08-02T10:54:20.984+0000] {logging_mixin.py:150} INFO - [2023-08-02T10:54:20.984+0000] {dagbag.py:541} INFO - Filling up the DagBag from /home/airflow/.local/lib/python3.7/site-packages/airflow/example_dags/example_sla_dag.py
[2023-08-02T10:54:20.991+0000] {processor.py:836} INFO - DAG(s) dict_keys(['example_sla_dag']) retrieved from /home/airflow/.local/lib/python3.7/site-packages/airflow/example_dags/example_sla_dag.py
[2023-08-02T10:54:21.012+0000] {logging_mixin.py:150} INFO - [2023-08-02T10:54:21.012+0000] {dag.py:2742} INFO - Sync 1 DAGs
[2023-08-02T10:54:21.031+0000] {logging_mixin.py:150} INFO - [2023-08-02T10:54:21.031+0000] {dag.py:3508} INFO - Setting next_dagrun for example_sla_dag to 2023-08-02T10:52:00+00:00, run_after=2023-08-02T10:54:00+00:00
[2023-08-02T10:54:21.085+0000] {processor.py:179} INFO - Processing /home/airflow/.local/lib/python3.7/site-packages/airflow/example_dags/example_sla_dag.py took 0.108 seconds
[2023-08-02T10:54:51.353+0000] {processor.py:157} INFO - Started process (PID=2064) to work on /home/airflow/.local/lib/python3.7/site-packages/airflow/example_dags/example_sla_dag.py
[2023-08-02T10:54:51.355+0000] {processor.py:826} INFO - Processing file /home/airflow/.local/lib/python3.7/site-packages/airflow/example_dags/example_sla_dag.py for tasks to queue
[2023-08-02T10:54:51.356+0000] {logging_mixin.py:150} INFO - [2023-08-02T10:54:51.356+0000] {dagbag.py:541} INFO - Filling up the DagBag from /home/airflow/.local/lib/python3.7/site-packages/airflow/example_dags/example_sla_dag.py
[2023-08-02T10:54:51.363+0000] {processor.py:836} INFO - DAG(s) dict_keys(['example_sla_dag']) retrieved from /home/airflow/.local/lib/python3.7/site-packages/airflow/example_dags/example_sla_dag.py
[2023-08-02T10:54:51.385+0000] {logging_mixin.py:150} INFO - [2023-08-02T10:54:51.385+0000] {dag.py:2742} INFO - Sync 1 DAGs
[2023-08-02T10:54:51.406+0000] {logging_mixin.py:150} INFO - [2023-08-02T10:54:51.406+0000] {dag.py:3508} INFO - Setting next_dagrun for example_sla_dag to 2023-08-02T10:52:00+00:00, run_after=2023-08-02T10:54:00+00:00
[2023-08-02T10:54:51.419+0000] {processor.py:179} INFO - Processing /home/airflow/.local/lib/python3.7/site-packages/airflow/example_dags/example_sla_dag.py took 0.070 seconds
[2023-08-02T10:55:22.000+0000] {processor.py:157} INFO - Started process (PID=2121) to work on /home/airflow/.local/lib/python3.7/site-packages/airflow/example_dags/example_sla_dag.py
[2023-08-02T10:55:22.003+0000] {processor.py:826} INFO - Processing file /home/airflow/.local/lib/python3.7/site-packages/airflow/example_dags/example_sla_dag.py for tasks to queue
[2023-08-02T10:55:22.004+0000] {logging_mixin.py:150} INFO - [2023-08-02T10:55:22.004+0000] {dagbag.py:541} INFO - Filling up the DagBag from /home/airflow/.local/lib/python3.7/site-packages/airflow/example_dags/example_sla_dag.py
[2023-08-02T10:55:22.012+0000] {processor.py:836} INFO - DAG(s) dict_keys(['example_sla_dag']) retrieved from /home/airflow/.local/lib/python3.7/site-packages/airflow/example_dags/example_sla_dag.py
[2023-08-02T10:55:22.035+0000] {logging_mixin.py:150} INFO - [2023-08-02T10:55:22.035+0000] {dag.py:2742} INFO - Sync 1 DAGs
[2023-08-02T10:55:22.059+0000] {logging_mixin.py:150} INFO - [2023-08-02T10:55:22.058+0000] {dag.py:3508} INFO - Setting next_dagrun for example_sla_dag to 2023-08-02T10:52:00+00:00, run_after=2023-08-02T10:54:00+00:00
[2023-08-02T10:55:22.071+0000] {processor.py:179} INFO - Processing /home/airflow/.local/lib/python3.7/site-packages/airflow/example_dags/example_sla_dag.py took 0.073 seconds
[2023-08-02T12:19:21.378+0000] {processor.py:157} INFO - Started process (PID=2179) to work on /home/airflow/.local/lib/python3.7/site-packages/airflow/example_dags/example_sla_dag.py
[2023-08-02T12:19:21.380+0000] {processor.py:826} INFO - Processing file /home/airflow/.local/lib/python3.7/site-packages/airflow/example_dags/example_sla_dag.py for tasks to queue
[2023-08-02T12:19:21.381+0000] {logging_mixin.py:150} INFO - [2023-08-02T12:19:21.381+0000] {dagbag.py:541} INFO - Filling up the DagBag from /home/airflow/.local/lib/python3.7/site-packages/airflow/example_dags/example_sla_dag.py
[2023-08-02T12:19:21.392+0000] {processor.py:836} INFO - DAG(s) dict_keys(['example_sla_dag']) retrieved from /home/airflow/.local/lib/python3.7/site-packages/airflow/example_dags/example_sla_dag.py
[2023-08-02T12:19:21.425+0000] {logging_mixin.py:150} INFO - [2023-08-02T12:19:21.425+0000] {dag.py:2742} INFO - Sync 1 DAGs
[2023-08-02T12:19:21.488+0000] {logging_mixin.py:150} INFO - [2023-08-02T12:19:21.488+0000] {dag.py:3508} INFO - Setting next_dagrun for example_sla_dag to 2023-08-02T12:16:00+00:00, run_after=2023-08-02T12:18:00+00:00
[2023-08-02T12:19:21.521+0000] {processor.py:179} INFO - Processing /home/airflow/.local/lib/python3.7/site-packages/airflow/example_dags/example_sla_dag.py took 0.148 seconds
[2023-08-02T13:26:13.768+0000] {processor.py:157} INFO - Started process (PID=2236) to work on /home/airflow/.local/lib/python3.7/site-packages/airflow/example_dags/example_sla_dag.py
[2023-08-02T13:26:13.770+0000] {processor.py:826} INFO - Processing file /home/airflow/.local/lib/python3.7/site-packages/airflow/example_dags/example_sla_dag.py for tasks to queue
[2023-08-02T13:26:13.771+0000] {logging_mixin.py:150} INFO - [2023-08-02T13:26:13.771+0000] {dagbag.py:541} INFO - Filling up the DagBag from /home/airflow/.local/lib/python3.7/site-packages/airflow/example_dags/example_sla_dag.py
[2023-08-02T13:26:13.780+0000] {processor.py:836} INFO - DAG(s) dict_keys(['example_sla_dag']) retrieved from /home/airflow/.local/lib/python3.7/site-packages/airflow/example_dags/example_sla_dag.py
[2023-08-02T13:26:13.802+0000] {logging_mixin.py:150} INFO - [2023-08-02T13:26:13.802+0000] {dag.py:2742} INFO - Sync 1 DAGs
[2023-08-02T13:26:13.825+0000] {logging_mixin.py:150} INFO - [2023-08-02T13:26:13.825+0000] {dag.py:3508} INFO - Setting next_dagrun for example_sla_dag to 2023-08-02T13:24:00+00:00, run_after=2023-08-02T13:26:00+00:00
[2023-08-02T13:26:13.839+0000] {processor.py:179} INFO - Processing /home/airflow/.local/lib/python3.7/site-packages/airflow/example_dags/example_sla_dag.py took 0.075 seconds
[2023-08-02T14:49:13.001+0000] {processor.py:157} INFO - Started process (PID=2294) to work on /home/airflow/.local/lib/python3.7/site-packages/airflow/example_dags/example_sla_dag.py
[2023-08-02T14:49:13.003+0000] {processor.py:826} INFO - Processing file /home/airflow/.local/lib/python3.7/site-packages/airflow/example_dags/example_sla_dag.py for tasks to queue
[2023-08-02T14:49:13.005+0000] {logging_mixin.py:150} INFO - [2023-08-02T14:49:13.005+0000] {dagbag.py:541} INFO - Filling up the DagBag from /home/airflow/.local/lib/python3.7/site-packages/airflow/example_dags/example_sla_dag.py
[2023-08-02T14:49:13.015+0000] {processor.py:836} INFO - DAG(s) dict_keys(['example_sla_dag']) retrieved from /home/airflow/.local/lib/python3.7/site-packages/airflow/example_dags/example_sla_dag.py
[2023-08-02T14:49:13.038+0000] {logging_mixin.py:150} INFO - [2023-08-02T14:49:13.038+0000] {dag.py:2742} INFO - Sync 1 DAGs
[2023-08-02T14:49:13.059+0000] {logging_mixin.py:150} INFO - [2023-08-02T14:49:13.059+0000] {dag.py:3508} INFO - Setting next_dagrun for example_sla_dag to 2023-08-02T14:46:00+00:00, run_after=2023-08-02T14:48:00+00:00
[2023-08-02T14:49:13.075+0000] {processor.py:179} INFO - Processing /home/airflow/.local/lib/python3.7/site-packages/airflow/example_dags/example_sla_dag.py took 0.077 seconds
[2023-08-02T15:54:29.643+0000] {processor.py:157} INFO - Started process (PID=2350) to work on /home/airflow/.local/lib/python3.7/site-packages/airflow/example_dags/example_sla_dag.py
[2023-08-02T15:54:29.645+0000] {processor.py:826} INFO - Processing file /home/airflow/.local/lib/python3.7/site-packages/airflow/example_dags/example_sla_dag.py for tasks to queue
[2023-08-02T15:54:29.647+0000] {logging_mixin.py:150} INFO - [2023-08-02T15:54:29.646+0000] {dagbag.py:541} INFO - Filling up the DagBag from /home/airflow/.local/lib/python3.7/site-packages/airflow/example_dags/example_sla_dag.py
[2023-08-02T15:54:29.653+0000] {processor.py:836} INFO - DAG(s) dict_keys(['example_sla_dag']) retrieved from /home/airflow/.local/lib/python3.7/site-packages/airflow/example_dags/example_sla_dag.py
[2023-08-02T15:54:29.678+0000] {logging_mixin.py:150} INFO - [2023-08-02T15:54:29.678+0000] {dag.py:2742} INFO - Sync 1 DAGs
[2023-08-02T15:54:29.702+0000] {logging_mixin.py:150} INFO - [2023-08-02T15:54:29.702+0000] {dag.py:3508} INFO - Setting next_dagrun for example_sla_dag to 2023-08-02T15:52:00+00:00, run_after=2023-08-02T15:54:00+00:00
[2023-08-02T15:54:29.716+0000] {processor.py:179} INFO - Processing /home/airflow/.local/lib/python3.7/site-packages/airflow/example_dags/example_sla_dag.py took 0.077 seconds
[2023-08-02T16:26:54.603+0000] {processor.py:157} INFO - Started process (PID=2407) to work on /home/airflow/.local/lib/python3.7/site-packages/airflow/example_dags/example_sla_dag.py
[2023-08-02T16:26:54.612+0000] {processor.py:826} INFO - Processing file /home/airflow/.local/lib/python3.7/site-packages/airflow/example_dags/example_sla_dag.py for tasks to queue
[2023-08-02T16:26:54.613+0000] {logging_mixin.py:150} INFO - [2023-08-02T16:26:54.613+0000] {dagbag.py:541} INFO - Filling up the DagBag from /home/airflow/.local/lib/python3.7/site-packages/airflow/example_dags/example_sla_dag.py
[2023-08-02T16:26:54.624+0000] {processor.py:836} INFO - DAG(s) dict_keys(['example_sla_dag']) retrieved from /home/airflow/.local/lib/python3.7/site-packages/airflow/example_dags/example_sla_dag.py
[2023-08-02T16:26:54.651+0000] {logging_mixin.py:150} INFO - [2023-08-02T16:26:54.651+0000] {dag.py:2742} INFO - Sync 1 DAGs
[2023-08-02T16:26:54.673+0000] {logging_mixin.py:150} INFO - [2023-08-02T16:26:54.673+0000] {dag.py:3508} INFO - Setting next_dagrun for example_sla_dag to 2023-08-02T16:24:00+00:00, run_after=2023-08-02T16:26:00+00:00
[2023-08-02T16:26:54.687+0000] {processor.py:179} INFO - Processing /home/airflow/.local/lib/python3.7/site-packages/airflow/example_dags/example_sla_dag.py took 0.088 seconds
[2023-08-02T17:14:38.758+0000] {processor.py:157} INFO - Started process (PID=2465) to work on /home/airflow/.local/lib/python3.7/site-packages/airflow/example_dags/example_sla_dag.py
[2023-08-02T17:14:38.761+0000] {processor.py:826} INFO - Processing file /home/airflow/.local/lib/python3.7/site-packages/airflow/example_dags/example_sla_dag.py for tasks to queue
[2023-08-02T17:14:38.763+0000] {logging_mixin.py:150} INFO - [2023-08-02T17:14:38.763+0000] {dagbag.py:541} INFO - Filling up the DagBag from /home/airflow/.local/lib/python3.7/site-packages/airflow/example_dags/example_sla_dag.py
[2023-08-02T17:14:38.771+0000] {processor.py:836} INFO - DAG(s) dict_keys(['example_sla_dag']) retrieved from /home/airflow/.local/lib/python3.7/site-packages/airflow/example_dags/example_sla_dag.py
[2023-08-02T17:14:38.848+0000] {logging_mixin.py:150} INFO - [2023-08-02T17:14:38.848+0000] {dag.py:2742} INFO - Sync 1 DAGs
[2023-08-02T17:14:38.868+0000] {logging_mixin.py:150} INFO - [2023-08-02T17:14:38.868+0000] {dag.py:3508} INFO - Setting next_dagrun for example_sla_dag to 2023-08-02T17:12:00+00:00, run_after=2023-08-02T17:14:00+00:00
[2023-08-02T17:14:38.881+0000] {processor.py:179} INFO - Processing /home/airflow/.local/lib/python3.7/site-packages/airflow/example_dags/example_sla_dag.py took 0.125 seconds
[2023-08-02T18:59:11.873+0000] {processor.py:157} INFO - Started process (PID=2522) to work on /home/airflow/.local/lib/python3.7/site-packages/airflow/example_dags/example_sla_dag.py
[2023-08-02T18:59:11.875+0000] {processor.py:826} INFO - Processing file /home/airflow/.local/lib/python3.7/site-packages/airflow/example_dags/example_sla_dag.py for tasks to queue
[2023-08-02T18:59:11.876+0000] {logging_mixin.py:150} INFO - [2023-08-02T18:59:11.876+0000] {dagbag.py:541} INFO - Filling up the DagBag from /home/airflow/.local/lib/python3.7/site-packages/airflow/example_dags/example_sla_dag.py
[2023-08-02T18:59:11.883+0000] {processor.py:836} INFO - DAG(s) dict_keys(['example_sla_dag']) retrieved from /home/airflow/.local/lib/python3.7/site-packages/airflow/example_dags/example_sla_dag.py
[2023-08-02T18:59:11.908+0000] {logging_mixin.py:150} INFO - [2023-08-02T18:59:11.907+0000] {dag.py:2742} INFO - Sync 1 DAGs
[2023-08-02T18:59:11.929+0000] {logging_mixin.py:150} INFO - [2023-08-02T18:59:11.929+0000] {dag.py:3508} INFO - Setting next_dagrun for example_sla_dag to 2023-08-02T18:56:00+00:00, run_after=2023-08-02T18:58:00+00:00
[2023-08-02T18:59:11.942+0000] {processor.py:179} INFO - Processing /home/airflow/.local/lib/python3.7/site-packages/airflow/example_dags/example_sla_dag.py took 0.072 seconds
[2023-08-02T20:21:34.790+0000] {processor.py:157} INFO - Started process (PID=2580) to work on /home/airflow/.local/lib/python3.7/site-packages/airflow/example_dags/example_sla_dag.py
[2023-08-02T20:21:34.792+0000] {processor.py:826} INFO - Processing file /home/airflow/.local/lib/python3.7/site-packages/airflow/example_dags/example_sla_dag.py for tasks to queue
[2023-08-02T20:21:34.794+0000] {logging_mixin.py:150} INFO - [2023-08-02T20:21:34.793+0000] {dagbag.py:541} INFO - Filling up the DagBag from /home/airflow/.local/lib/python3.7/site-packages/airflow/example_dags/example_sla_dag.py
[2023-08-02T20:21:34.801+0000] {processor.py:836} INFO - DAG(s) dict_keys(['example_sla_dag']) retrieved from /home/airflow/.local/lib/python3.7/site-packages/airflow/example_dags/example_sla_dag.py
[2023-08-02T20:21:34.823+0000] {logging_mixin.py:150} INFO - [2023-08-02T20:21:34.823+0000] {dag.py:2742} INFO - Sync 1 DAGs
[2023-08-02T20:21:34.847+0000] {logging_mixin.py:150} INFO - [2023-08-02T20:21:34.847+0000] {dag.py:3508} INFO - Setting next_dagrun for example_sla_dag to 2023-08-02T20:18:00+00:00, run_after=2023-08-02T20:20:00+00:00
[2023-08-02T20:21:34.861+0000] {processor.py:179} INFO - Processing /home/airflow/.local/lib/python3.7/site-packages/airflow/example_dags/example_sla_dag.py took 0.074 seconds
[2023-08-02T22:03:30.644+0000] {processor.py:157} INFO - Started process (PID=2637) to work on /home/airflow/.local/lib/python3.7/site-packages/airflow/example_dags/example_sla_dag.py
[2023-08-02T22:03:30.646+0000] {processor.py:826} INFO - Processing file /home/airflow/.local/lib/python3.7/site-packages/airflow/example_dags/example_sla_dag.py for tasks to queue
[2023-08-02T22:03:30.648+0000] {logging_mixin.py:150} INFO - [2023-08-02T22:03:30.647+0000] {dagbag.py:541} INFO - Filling up the DagBag from /home/airflow/.local/lib/python3.7/site-packages/airflow/example_dags/example_sla_dag.py
[2023-08-02T22:03:30.655+0000] {processor.py:836} INFO - DAG(s) dict_keys(['example_sla_dag']) retrieved from /home/airflow/.local/lib/python3.7/site-packages/airflow/example_dags/example_sla_dag.py
[2023-08-02T22:03:30.684+0000] {logging_mixin.py:150} INFO - [2023-08-02T22:03:30.684+0000] {dag.py:2742} INFO - Sync 1 DAGs
[2023-08-02T22:03:30.707+0000] {logging_mixin.py:150} INFO - [2023-08-02T22:03:30.707+0000] {dag.py:3508} INFO - Setting next_dagrun for example_sla_dag to 2023-08-02T22:00:00+00:00, run_after=2023-08-02T22:02:00+00:00
[2023-08-02T22:03:30.763+0000] {processor.py:179} INFO - Processing /home/airflow/.local/lib/python3.7/site-packages/airflow/example_dags/example_sla_dag.py took 0.123 seconds
[2023-08-02T23:27:16.590+0000] {processor.py:157} INFO - Started process (PID=2694) to work on /home/airflow/.local/lib/python3.7/site-packages/airflow/example_dags/example_sla_dag.py
[2023-08-02T23:27:16.592+0000] {processor.py:826} INFO - Processing file /home/airflow/.local/lib/python3.7/site-packages/airflow/example_dags/example_sla_dag.py for tasks to queue
[2023-08-02T23:27:16.594+0000] {logging_mixin.py:150} INFO - [2023-08-02T23:27:16.594+0000] {dagbag.py:541} INFO - Filling up the DagBag from /home/airflow/.local/lib/python3.7/site-packages/airflow/example_dags/example_sla_dag.py
[2023-08-02T23:27:16.602+0000] {processor.py:836} INFO - DAG(s) dict_keys(['example_sla_dag']) retrieved from /home/airflow/.local/lib/python3.7/site-packages/airflow/example_dags/example_sla_dag.py
[2023-08-02T23:27:16.625+0000] {logging_mixin.py:150} INFO - [2023-08-02T23:27:16.625+0000] {dag.py:2742} INFO - Sync 1 DAGs
[2023-08-02T23:27:16.647+0000] {logging_mixin.py:150} INFO - [2023-08-02T23:27:16.646+0000] {dag.py:3508} INFO - Setting next_dagrun for example_sla_dag to 2023-08-02T23:24:00+00:00, run_after=2023-08-02T23:26:00+00:00
[2023-08-02T23:27:16.663+0000] {processor.py:179} INFO - Processing /home/airflow/.local/lib/python3.7/site-packages/airflow/example_dags/example_sla_dag.py took 0.076 seconds
