[2023-08-02T10:37:01.814+0000] {processor.py:157} INFO - Started process (PID=41) to work on /home/airflow/.local/lib/python3.7/site-packages/airflow/example_dags/example_complex.py
[2023-08-02T10:37:01.817+0000] {processor.py:826} INFO - Processing file /home/airflow/.local/lib/python3.7/site-packages/airflow/example_dags/example_complex.py for tasks to queue
[2023-08-02T10:37:01.820+0000] {logging_mixin.py:150} INFO - [2023-08-02T10:37:01.820+0000] {dagbag.py:541} INFO - Filling up the DagBag from /home/airflow/.local/lib/python3.7/site-packages/airflow/example_dags/example_complex.py
[2023-08-02T10:37:01.842+0000] {processor.py:836} INFO - DAG(s) dict_keys(['example_complex']) retrieved from /home/airflow/.local/lib/python3.7/site-packages/airflow/example_dags/example_complex.py
[2023-08-02T10:37:01.862+0000] {logging_mixin.py:150} INFO - [2023-08-02T10:37:01.861+0000] {dag.py:2742} INFO - Sync 1 DAGs
[2023-08-02T10:37:01.895+0000] {logging_mixin.py:150} INFO - [2023-08-02T10:37:01.895+0000] {dag.py:3508} INFO - Setting next_dagrun for example_complex to None, run_after=None
[2023-08-02T10:37:01.927+0000] {processor.py:179} INFO - Processing /home/airflow/.local/lib/python3.7/site-packages/airflow/example_dags/example_complex.py took 0.117 seconds
[2023-08-02T10:37:32.179+0000] {processor.py:157} INFO - Started process (PID=98) to work on /home/airflow/.local/lib/python3.7/site-packages/airflow/example_dags/example_complex.py
[2023-08-02T10:37:32.182+0000] {processor.py:826} INFO - Processing file /home/airflow/.local/lib/python3.7/site-packages/airflow/example_dags/example_complex.py for tasks to queue
[2023-08-02T10:37:32.183+0000] {logging_mixin.py:150} INFO - [2023-08-02T10:37:32.183+0000] {dagbag.py:541} INFO - Filling up the DagBag from /home/airflow/.local/lib/python3.7/site-packages/airflow/example_dags/example_complex.py
[2023-08-02T10:37:32.192+0000] {processor.py:836} INFO - DAG(s) dict_keys(['example_complex']) retrieved from /home/airflow/.local/lib/python3.7/site-packages/airflow/example_dags/example_complex.py
[2023-08-02T10:37:32.221+0000] {logging_mixin.py:150} INFO - [2023-08-02T10:37:32.220+0000] {dag.py:2742} INFO - Sync 1 DAGs
[2023-08-02T10:37:32.242+0000] {logging_mixin.py:150} INFO - [2023-08-02T10:37:32.242+0000] {dag.py:3508} INFO - Setting next_dagrun for example_complex to None, run_after=None
[2023-08-02T10:37:32.258+0000] {processor.py:179} INFO - Processing /home/airflow/.local/lib/python3.7/site-packages/airflow/example_dags/example_complex.py took 0.082 seconds
[2023-08-02T10:38:02.373+0000] {processor.py:157} INFO - Started process (PID=155) to work on /home/airflow/.local/lib/python3.7/site-packages/airflow/example_dags/example_complex.py
[2023-08-02T10:38:02.375+0000] {processor.py:826} INFO - Processing file /home/airflow/.local/lib/python3.7/site-packages/airflow/example_dags/example_complex.py for tasks to queue
[2023-08-02T10:38:02.432+0000] {logging_mixin.py:150} INFO - [2023-08-02T10:38:02.431+0000] {dagbag.py:541} INFO - Filling up the DagBag from /home/airflow/.local/lib/python3.7/site-packages/airflow/example_dags/example_complex.py
[2023-08-02T10:38:02.441+0000] {processor.py:836} INFO - DAG(s) dict_keys(['example_complex']) retrieved from /home/airflow/.local/lib/python3.7/site-packages/airflow/example_dags/example_complex.py
[2023-08-02T10:38:02.470+0000] {logging_mixin.py:150} INFO - [2023-08-02T10:38:02.470+0000] {dag.py:2742} INFO - Sync 1 DAGs
[2023-08-02T10:38:02.488+0000] {logging_mixin.py:150} INFO - [2023-08-02T10:38:02.488+0000] {dag.py:3508} INFO - Setting next_dagrun for example_complex to None, run_after=None
[2023-08-02T10:38:02.501+0000] {processor.py:179} INFO - Processing /home/airflow/.local/lib/python3.7/site-packages/airflow/example_dags/example_complex.py took 0.132 seconds
[2023-08-02T10:38:32.986+0000] {processor.py:157} INFO - Started process (PID=212) to work on /home/airflow/.local/lib/python3.7/site-packages/airflow/example_dags/example_complex.py
[2023-08-02T10:38:32.988+0000] {processor.py:826} INFO - Processing file /home/airflow/.local/lib/python3.7/site-packages/airflow/example_dags/example_complex.py for tasks to queue
[2023-08-02T10:38:32.990+0000] {logging_mixin.py:150} INFO - [2023-08-02T10:38:32.990+0000] {dagbag.py:541} INFO - Filling up the DagBag from /home/airflow/.local/lib/python3.7/site-packages/airflow/example_dags/example_complex.py
[2023-08-02T10:38:32.999+0000] {processor.py:836} INFO - DAG(s) dict_keys(['example_complex']) retrieved from /home/airflow/.local/lib/python3.7/site-packages/airflow/example_dags/example_complex.py
[2023-08-02T10:38:33.031+0000] {logging_mixin.py:150} INFO - [2023-08-02T10:38:33.031+0000] {dag.py:2742} INFO - Sync 1 DAGs
[2023-08-02T10:38:33.083+0000] {logging_mixin.py:150} INFO - [2023-08-02T10:38:33.083+0000] {dag.py:3508} INFO - Setting next_dagrun for example_complex to None, run_after=None
[2023-08-02T10:38:33.096+0000] {processor.py:179} INFO - Processing /home/airflow/.local/lib/python3.7/site-packages/airflow/example_dags/example_complex.py took 0.113 seconds
[2023-08-02T10:39:03.442+0000] {processor.py:157} INFO - Started process (PID=269) to work on /home/airflow/.local/lib/python3.7/site-packages/airflow/example_dags/example_complex.py
[2023-08-02T10:39:03.444+0000] {processor.py:826} INFO - Processing file /home/airflow/.local/lib/python3.7/site-packages/airflow/example_dags/example_complex.py for tasks to queue
[2023-08-02T10:39:03.446+0000] {logging_mixin.py:150} INFO - [2023-08-02T10:39:03.445+0000] {dagbag.py:541} INFO - Filling up the DagBag from /home/airflow/.local/lib/python3.7/site-packages/airflow/example_dags/example_complex.py
[2023-08-02T10:39:03.454+0000] {processor.py:836} INFO - DAG(s) dict_keys(['example_complex']) retrieved from /home/airflow/.local/lib/python3.7/site-packages/airflow/example_dags/example_complex.py
[2023-08-02T10:39:03.488+0000] {logging_mixin.py:150} INFO - [2023-08-02T10:39:03.488+0000] {dag.py:2742} INFO - Sync 1 DAGs
[2023-08-02T10:39:03.506+0000] {logging_mixin.py:150} INFO - [2023-08-02T10:39:03.506+0000] {dag.py:3508} INFO - Setting next_dagrun for example_complex to None, run_after=None
[2023-08-02T10:39:03.567+0000] {processor.py:179} INFO - Processing /home/airflow/.local/lib/python3.7/site-packages/airflow/example_dags/example_complex.py took 0.128 seconds
[2023-08-02T10:39:33.741+0000] {processor.py:157} INFO - Started process (PID=326) to work on /home/airflow/.local/lib/python3.7/site-packages/airflow/example_dags/example_complex.py
[2023-08-02T10:39:33.743+0000] {processor.py:826} INFO - Processing file /home/airflow/.local/lib/python3.7/site-packages/airflow/example_dags/example_complex.py for tasks to queue
[2023-08-02T10:39:33.744+0000] {logging_mixin.py:150} INFO - [2023-08-02T10:39:33.744+0000] {dagbag.py:541} INFO - Filling up the DagBag from /home/airflow/.local/lib/python3.7/site-packages/airflow/example_dags/example_complex.py
[2023-08-02T10:39:33.753+0000] {processor.py:836} INFO - DAG(s) dict_keys(['example_complex']) retrieved from /home/airflow/.local/lib/python3.7/site-packages/airflow/example_dags/example_complex.py
[2023-08-02T10:39:33.780+0000] {logging_mixin.py:150} INFO - [2023-08-02T10:39:33.780+0000] {dag.py:2742} INFO - Sync 1 DAGs
[2023-08-02T10:39:33.797+0000] {logging_mixin.py:150} INFO - [2023-08-02T10:39:33.797+0000] {dag.py:3508} INFO - Setting next_dagrun for example_complex to None, run_after=None
[2023-08-02T10:39:33.809+0000] {processor.py:179} INFO - Processing /home/airflow/.local/lib/python3.7/site-packages/airflow/example_dags/example_complex.py took 0.070 seconds
[2023-08-02T10:40:04.111+0000] {processor.py:157} INFO - Started process (PID=382) to work on /home/airflow/.local/lib/python3.7/site-packages/airflow/example_dags/example_complex.py
[2023-08-02T10:40:04.113+0000] {processor.py:826} INFO - Processing file /home/airflow/.local/lib/python3.7/site-packages/airflow/example_dags/example_complex.py for tasks to queue
[2023-08-02T10:40:04.114+0000] {logging_mixin.py:150} INFO - [2023-08-02T10:40:04.114+0000] {dagbag.py:541} INFO - Filling up the DagBag from /home/airflow/.local/lib/python3.7/site-packages/airflow/example_dags/example_complex.py
[2023-08-02T10:40:04.123+0000] {processor.py:836} INFO - DAG(s) dict_keys(['example_complex']) retrieved from /home/airflow/.local/lib/python3.7/site-packages/airflow/example_dags/example_complex.py
[2023-08-02T10:40:04.152+0000] {logging_mixin.py:150} INFO - [2023-08-02T10:40:04.152+0000] {dag.py:2742} INFO - Sync 1 DAGs
[2023-08-02T10:40:04.169+0000] {logging_mixin.py:150} INFO - [2023-08-02T10:40:04.169+0000] {dag.py:3508} INFO - Setting next_dagrun for example_complex to None, run_after=None
[2023-08-02T10:40:04.182+0000] {processor.py:179} INFO - Processing /home/airflow/.local/lib/python3.7/site-packages/airflow/example_dags/example_complex.py took 0.074 seconds
[2023-08-02T10:40:34.637+0000] {processor.py:157} INFO - Started process (PID=439) to work on /home/airflow/.local/lib/python3.7/site-packages/airflow/example_dags/example_complex.py
[2023-08-02T10:40:34.641+0000] {processor.py:826} INFO - Processing file /home/airflow/.local/lib/python3.7/site-packages/airflow/example_dags/example_complex.py for tasks to queue
[2023-08-02T10:40:34.643+0000] {logging_mixin.py:150} INFO - [2023-08-02T10:40:34.642+0000] {dagbag.py:541} INFO - Filling up the DagBag from /home/airflow/.local/lib/python3.7/site-packages/airflow/example_dags/example_complex.py
[2023-08-02T10:40:34.651+0000] {processor.py:836} INFO - DAG(s) dict_keys(['example_complex']) retrieved from /home/airflow/.local/lib/python3.7/site-packages/airflow/example_dags/example_complex.py
[2023-08-02T10:40:34.683+0000] {logging_mixin.py:150} INFO - [2023-08-02T10:40:34.683+0000] {dag.py:2742} INFO - Sync 1 DAGs
[2023-08-02T10:40:34.734+0000] {logging_mixin.py:150} INFO - [2023-08-02T10:40:34.734+0000] {dag.py:3508} INFO - Setting next_dagrun for example_complex to None, run_after=None
[2023-08-02T10:40:34.747+0000] {processor.py:179} INFO - Processing /home/airflow/.local/lib/python3.7/site-packages/airflow/example_dags/example_complex.py took 0.113 seconds
[2023-08-02T10:41:05.272+0000] {processor.py:157} INFO - Started process (PID=496) to work on /home/airflow/.local/lib/python3.7/site-packages/airflow/example_dags/example_complex.py
[2023-08-02T10:41:05.275+0000] {processor.py:826} INFO - Processing file /home/airflow/.local/lib/python3.7/site-packages/airflow/example_dags/example_complex.py for tasks to queue
[2023-08-02T10:41:05.277+0000] {logging_mixin.py:150} INFO - [2023-08-02T10:41:05.277+0000] {dagbag.py:541} INFO - Filling up the DagBag from /home/airflow/.local/lib/python3.7/site-packages/airflow/example_dags/example_complex.py
[2023-08-02T10:41:05.290+0000] {processor.py:836} INFO - DAG(s) dict_keys(['example_complex']) retrieved from /home/airflow/.local/lib/python3.7/site-packages/airflow/example_dags/example_complex.py
[2023-08-02T10:41:05.356+0000] {logging_mixin.py:150} INFO - [2023-08-02T10:41:05.355+0000] {dag.py:2742} INFO - Sync 1 DAGs
[2023-08-02T10:41:05.396+0000] {logging_mixin.py:150} INFO - [2023-08-02T10:41:05.396+0000] {dag.py:3508} INFO - Setting next_dagrun for example_complex to None, run_after=None
[2023-08-02T10:41:05.415+0000] {processor.py:179} INFO - Processing /home/airflow/.local/lib/python3.7/site-packages/airflow/example_dags/example_complex.py took 0.147 seconds
[2023-08-02T10:41:35.679+0000] {processor.py:157} INFO - Started process (PID=553) to work on /home/airflow/.local/lib/python3.7/site-packages/airflow/example_dags/example_complex.py
[2023-08-02T10:41:35.681+0000] {processor.py:826} INFO - Processing file /home/airflow/.local/lib/python3.7/site-packages/airflow/example_dags/example_complex.py for tasks to queue
[2023-08-02T10:41:35.683+0000] {logging_mixin.py:150} INFO - [2023-08-02T10:41:35.682+0000] {dagbag.py:541} INFO - Filling up the DagBag from /home/airflow/.local/lib/python3.7/site-packages/airflow/example_dags/example_complex.py
[2023-08-02T10:41:35.691+0000] {processor.py:836} INFO - DAG(s) dict_keys(['example_complex']) retrieved from /home/airflow/.local/lib/python3.7/site-packages/airflow/example_dags/example_complex.py
[2023-08-02T10:41:35.719+0000] {logging_mixin.py:150} INFO - [2023-08-02T10:41:35.719+0000] {dag.py:2742} INFO - Sync 1 DAGs
[2023-08-02T10:41:35.739+0000] {logging_mixin.py:150} INFO - [2023-08-02T10:41:35.739+0000] {dag.py:3508} INFO - Setting next_dagrun for example_complex to None, run_after=None
[2023-08-02T10:41:35.752+0000] {processor.py:179} INFO - Processing /home/airflow/.local/lib/python3.7/site-packages/airflow/example_dags/example_complex.py took 0.076 seconds
[2023-08-02T10:42:06.307+0000] {processor.py:157} INFO - Started process (PID=610) to work on /home/airflow/.local/lib/python3.7/site-packages/airflow/example_dags/example_complex.py
[2023-08-02T10:42:06.311+0000] {processor.py:826} INFO - Processing file /home/airflow/.local/lib/python3.7/site-packages/airflow/example_dags/example_complex.py for tasks to queue
[2023-08-02T10:42:06.313+0000] {logging_mixin.py:150} INFO - [2023-08-02T10:42:06.313+0000] {dagbag.py:541} INFO - Filling up the DagBag from /home/airflow/.local/lib/python3.7/site-packages/airflow/example_dags/example_complex.py
[2023-08-02T10:42:06.325+0000] {processor.py:836} INFO - DAG(s) dict_keys(['example_complex']) retrieved from /home/airflow/.local/lib/python3.7/site-packages/airflow/example_dags/example_complex.py
[2023-08-02T10:42:06.359+0000] {logging_mixin.py:150} INFO - [2023-08-02T10:42:06.359+0000] {dag.py:2742} INFO - Sync 1 DAGs
[2023-08-02T10:42:06.386+0000] {logging_mixin.py:150} INFO - [2023-08-02T10:42:06.386+0000] {dag.py:3508} INFO - Setting next_dagrun for example_complex to None, run_after=None
[2023-08-02T10:42:06.405+0000] {processor.py:179} INFO - Processing /home/airflow/.local/lib/python3.7/site-packages/airflow/example_dags/example_complex.py took 0.102 seconds
[2023-08-02T10:42:37.024+0000] {processor.py:157} INFO - Started process (PID=666) to work on /home/airflow/.local/lib/python3.7/site-packages/airflow/example_dags/example_complex.py
[2023-08-02T10:42:37.026+0000] {processor.py:826} INFO - Processing file /home/airflow/.local/lib/python3.7/site-packages/airflow/example_dags/example_complex.py for tasks to queue
[2023-08-02T10:42:37.027+0000] {logging_mixin.py:150} INFO - [2023-08-02T10:42:37.027+0000] {dagbag.py:541} INFO - Filling up the DagBag from /home/airflow/.local/lib/python3.7/site-packages/airflow/example_dags/example_complex.py
[2023-08-02T10:42:37.035+0000] {processor.py:836} INFO - DAG(s) dict_keys(['example_complex']) retrieved from /home/airflow/.local/lib/python3.7/site-packages/airflow/example_dags/example_complex.py
[2023-08-02T10:42:37.065+0000] {logging_mixin.py:150} INFO - [2023-08-02T10:42:37.064+0000] {dag.py:2742} INFO - Sync 1 DAGs
[2023-08-02T10:42:37.082+0000] {logging_mixin.py:150} INFO - [2023-08-02T10:42:37.082+0000] {dag.py:3508} INFO - Setting next_dagrun for example_complex to None, run_after=None
[2023-08-02T10:42:37.098+0000] {processor.py:179} INFO - Processing /home/airflow/.local/lib/python3.7/site-packages/airflow/example_dags/example_complex.py took 0.078 seconds
[2023-08-02T10:43:07.437+0000] {processor.py:157} INFO - Started process (PID=723) to work on /home/airflow/.local/lib/python3.7/site-packages/airflow/example_dags/example_complex.py
[2023-08-02T10:43:07.439+0000] {processor.py:826} INFO - Processing file /home/airflow/.local/lib/python3.7/site-packages/airflow/example_dags/example_complex.py for tasks to queue
[2023-08-02T10:43:07.441+0000] {logging_mixin.py:150} INFO - [2023-08-02T10:43:07.440+0000] {dagbag.py:541} INFO - Filling up the DagBag from /home/airflow/.local/lib/python3.7/site-packages/airflow/example_dags/example_complex.py
[2023-08-02T10:43:07.450+0000] {processor.py:836} INFO - DAG(s) dict_keys(['example_complex']) retrieved from /home/airflow/.local/lib/python3.7/site-packages/airflow/example_dags/example_complex.py
[2023-08-02T10:43:07.484+0000] {logging_mixin.py:150} INFO - [2023-08-02T10:43:07.484+0000] {dag.py:2742} INFO - Sync 1 DAGs
[2023-08-02T10:43:07.507+0000] {logging_mixin.py:150} INFO - [2023-08-02T10:43:07.507+0000] {dag.py:3508} INFO - Setting next_dagrun for example_complex to None, run_after=None
[2023-08-02T10:43:07.523+0000] {processor.py:179} INFO - Processing /home/airflow/.local/lib/python3.7/site-packages/airflow/example_dags/example_complex.py took 0.090 seconds
[2023-08-02T10:43:37.903+0000] {processor.py:157} INFO - Started process (PID=780) to work on /home/airflow/.local/lib/python3.7/site-packages/airflow/example_dags/example_complex.py
[2023-08-02T10:43:37.905+0000] {processor.py:826} INFO - Processing file /home/airflow/.local/lib/python3.7/site-packages/airflow/example_dags/example_complex.py for tasks to queue
[2023-08-02T10:43:37.906+0000] {logging_mixin.py:150} INFO - [2023-08-02T10:43:37.906+0000] {dagbag.py:541} INFO - Filling up the DagBag from /home/airflow/.local/lib/python3.7/site-packages/airflow/example_dags/example_complex.py
[2023-08-02T10:43:37.915+0000] {processor.py:836} INFO - DAG(s) dict_keys(['example_complex']) retrieved from /home/airflow/.local/lib/python3.7/site-packages/airflow/example_dags/example_complex.py
[2023-08-02T10:43:37.946+0000] {logging_mixin.py:150} INFO - [2023-08-02T10:43:37.946+0000] {dag.py:2742} INFO - Sync 1 DAGs
[2023-08-02T10:43:38.010+0000] {logging_mixin.py:150} INFO - [2023-08-02T10:43:38.010+0000] {dag.py:3508} INFO - Setting next_dagrun for example_complex to None, run_after=None
[2023-08-02T10:43:38.024+0000] {processor.py:179} INFO - Processing /home/airflow/.local/lib/python3.7/site-packages/airflow/example_dags/example_complex.py took 0.125 seconds
[2023-08-02T10:44:08.090+0000] {processor.py:157} INFO - Started process (PID=836) to work on /home/airflow/.local/lib/python3.7/site-packages/airflow/example_dags/example_complex.py
[2023-08-02T10:44:08.092+0000] {processor.py:826} INFO - Processing file /home/airflow/.local/lib/python3.7/site-packages/airflow/example_dags/example_complex.py for tasks to queue
[2023-08-02T10:44:08.094+0000] {logging_mixin.py:150} INFO - [2023-08-02T10:44:08.093+0000] {dagbag.py:541} INFO - Filling up the DagBag from /home/airflow/.local/lib/python3.7/site-packages/airflow/example_dags/example_complex.py
[2023-08-02T10:44:08.104+0000] {processor.py:836} INFO - DAG(s) dict_keys(['example_complex']) retrieved from /home/airflow/.local/lib/python3.7/site-packages/airflow/example_dags/example_complex.py
[2023-08-02T10:44:08.133+0000] {logging_mixin.py:150} INFO - [2023-08-02T10:44:08.133+0000] {dag.py:2742} INFO - Sync 1 DAGs
[2023-08-02T10:44:08.151+0000] {logging_mixin.py:150} INFO - [2023-08-02T10:44:08.151+0000] {dag.py:3508} INFO - Setting next_dagrun for example_complex to None, run_after=None
[2023-08-02T10:44:08.163+0000] {processor.py:179} INFO - Processing /home/airflow/.local/lib/python3.7/site-packages/airflow/example_dags/example_complex.py took 0.076 seconds
[2023-08-02T10:44:38.433+0000] {processor.py:157} INFO - Started process (PID=893) to work on /home/airflow/.local/lib/python3.7/site-packages/airflow/example_dags/example_complex.py
[2023-08-02T10:44:38.437+0000] {processor.py:826} INFO - Processing file /home/airflow/.local/lib/python3.7/site-packages/airflow/example_dags/example_complex.py for tasks to queue
[2023-08-02T10:44:38.438+0000] {logging_mixin.py:150} INFO - [2023-08-02T10:44:38.438+0000] {dagbag.py:541} INFO - Filling up the DagBag from /home/airflow/.local/lib/python3.7/site-packages/airflow/example_dags/example_complex.py
[2023-08-02T10:44:38.447+0000] {processor.py:836} INFO - DAG(s) dict_keys(['example_complex']) retrieved from /home/airflow/.local/lib/python3.7/site-packages/airflow/example_dags/example_complex.py
[2023-08-02T10:44:38.476+0000] {logging_mixin.py:150} INFO - [2023-08-02T10:44:38.476+0000] {dag.py:2742} INFO - Sync 1 DAGs
[2023-08-02T10:44:38.496+0000] {logging_mixin.py:150} INFO - [2023-08-02T10:44:38.496+0000] {dag.py:3508} INFO - Setting next_dagrun for example_complex to None, run_after=None
[2023-08-02T10:44:38.512+0000] {processor.py:179} INFO - Processing /home/airflow/.local/lib/python3.7/site-packages/airflow/example_dags/example_complex.py took 0.082 seconds
[2023-08-02T10:45:08.869+0000] {processor.py:157} INFO - Started process (PID=950) to work on /home/airflow/.local/lib/python3.7/site-packages/airflow/example_dags/example_complex.py
[2023-08-02T10:45:08.872+0000] {processor.py:826} INFO - Processing file /home/airflow/.local/lib/python3.7/site-packages/airflow/example_dags/example_complex.py for tasks to queue
[2023-08-02T10:45:08.873+0000] {logging_mixin.py:150} INFO - [2023-08-02T10:45:08.873+0000] {dagbag.py:541} INFO - Filling up the DagBag from /home/airflow/.local/lib/python3.7/site-packages/airflow/example_dags/example_complex.py
[2023-08-02T10:45:08.881+0000] {processor.py:836} INFO - DAG(s) dict_keys(['example_complex']) retrieved from /home/airflow/.local/lib/python3.7/site-packages/airflow/example_dags/example_complex.py
[2023-08-02T10:45:08.907+0000] {logging_mixin.py:150} INFO - [2023-08-02T10:45:08.907+0000] {dag.py:2742} INFO - Sync 1 DAGs
[2023-08-02T10:45:08.923+0000] {logging_mixin.py:150} INFO - [2023-08-02T10:45:08.923+0000] {dag.py:3508} INFO - Setting next_dagrun for example_complex to None, run_after=None
[2023-08-02T10:45:08.935+0000] {processor.py:179} INFO - Processing /home/airflow/.local/lib/python3.7/site-packages/airflow/example_dags/example_complex.py took 0.069 seconds
[2023-08-02T10:45:39.100+0000] {processor.py:157} INFO - Started process (PID=1007) to work on /home/airflow/.local/lib/python3.7/site-packages/airflow/example_dags/example_complex.py
[2023-08-02T10:45:39.102+0000] {processor.py:826} INFO - Processing file /home/airflow/.local/lib/python3.7/site-packages/airflow/example_dags/example_complex.py for tasks to queue
[2023-08-02T10:45:39.104+0000] {logging_mixin.py:150} INFO - [2023-08-02T10:45:39.104+0000] {dagbag.py:541} INFO - Filling up the DagBag from /home/airflow/.local/lib/python3.7/site-packages/airflow/example_dags/example_complex.py
[2023-08-02T10:45:39.112+0000] {processor.py:836} INFO - DAG(s) dict_keys(['example_complex']) retrieved from /home/airflow/.local/lib/python3.7/site-packages/airflow/example_dags/example_complex.py
[2023-08-02T10:45:39.142+0000] {logging_mixin.py:150} INFO - [2023-08-02T10:45:39.142+0000] {dag.py:2742} INFO - Sync 1 DAGs
[2023-08-02T10:45:39.163+0000] {logging_mixin.py:150} INFO - [2023-08-02T10:45:39.163+0000] {dag.py:3508} INFO - Setting next_dagrun for example_complex to None, run_after=None
[2023-08-02T10:45:39.182+0000] {processor.py:179} INFO - Processing /home/airflow/.local/lib/python3.7/site-packages/airflow/example_dags/example_complex.py took 0.085 seconds
[2023-08-02T10:46:09.413+0000] {processor.py:157} INFO - Started process (PID=1064) to work on /home/airflow/.local/lib/python3.7/site-packages/airflow/example_dags/example_complex.py
[2023-08-02T10:46:09.415+0000] {processor.py:826} INFO - Processing file /home/airflow/.local/lib/python3.7/site-packages/airflow/example_dags/example_complex.py for tasks to queue
[2023-08-02T10:46:09.417+0000] {logging_mixin.py:150} INFO - [2023-08-02T10:46:09.417+0000] {dagbag.py:541} INFO - Filling up the DagBag from /home/airflow/.local/lib/python3.7/site-packages/airflow/example_dags/example_complex.py
[2023-08-02T10:46:09.431+0000] {processor.py:836} INFO - DAG(s) dict_keys(['example_complex']) retrieved from /home/airflow/.local/lib/python3.7/site-packages/airflow/example_dags/example_complex.py
[2023-08-02T10:46:09.484+0000] {logging_mixin.py:150} INFO - [2023-08-02T10:46:09.484+0000] {dag.py:2742} INFO - Sync 1 DAGs
[2023-08-02T10:46:09.506+0000] {logging_mixin.py:150} INFO - [2023-08-02T10:46:09.505+0000] {dag.py:3508} INFO - Setting next_dagrun for example_complex to None, run_after=None
[2023-08-02T10:46:09.524+0000] {processor.py:179} INFO - Processing /home/airflow/.local/lib/python3.7/site-packages/airflow/example_dags/example_complex.py took 0.115 seconds
[2023-08-02T10:46:40.025+0000] {processor.py:157} INFO - Started process (PID=1121) to work on /home/airflow/.local/lib/python3.7/site-packages/airflow/example_dags/example_complex.py
[2023-08-02T10:46:40.028+0000] {processor.py:826} INFO - Processing file /home/airflow/.local/lib/python3.7/site-packages/airflow/example_dags/example_complex.py for tasks to queue
[2023-08-02T10:46:40.031+0000] {logging_mixin.py:150} INFO - [2023-08-02T10:46:40.030+0000] {dagbag.py:541} INFO - Filling up the DagBag from /home/airflow/.local/lib/python3.7/site-packages/airflow/example_dags/example_complex.py
[2023-08-02T10:46:40.052+0000] {processor.py:836} INFO - DAG(s) dict_keys(['example_complex']) retrieved from /home/airflow/.local/lib/python3.7/site-packages/airflow/example_dags/example_complex.py
[2023-08-02T10:46:40.099+0000] {logging_mixin.py:150} INFO - [2023-08-02T10:46:40.099+0000] {dag.py:2742} INFO - Sync 1 DAGs
[2023-08-02T10:46:40.118+0000] {logging_mixin.py:150} INFO - [2023-08-02T10:46:40.118+0000] {dag.py:3508} INFO - Setting next_dagrun for example_complex to None, run_after=None
[2023-08-02T10:46:40.133+0000] {processor.py:179} INFO - Processing /home/airflow/.local/lib/python3.7/site-packages/airflow/example_dags/example_complex.py took 0.112 seconds
[2023-08-02T10:47:10.577+0000] {processor.py:157} INFO - Started process (PID=1178) to work on /home/airflow/.local/lib/python3.7/site-packages/airflow/example_dags/example_complex.py
[2023-08-02T10:47:10.579+0000] {processor.py:826} INFO - Processing file /home/airflow/.local/lib/python3.7/site-packages/airflow/example_dags/example_complex.py for tasks to queue
[2023-08-02T10:47:10.580+0000] {logging_mixin.py:150} INFO - [2023-08-02T10:47:10.580+0000] {dagbag.py:541} INFO - Filling up the DagBag from /home/airflow/.local/lib/python3.7/site-packages/airflow/example_dags/example_complex.py
[2023-08-02T10:47:10.591+0000] {processor.py:836} INFO - DAG(s) dict_keys(['example_complex']) retrieved from /home/airflow/.local/lib/python3.7/site-packages/airflow/example_dags/example_complex.py
[2023-08-02T10:47:10.631+0000] {logging_mixin.py:150} INFO - [2023-08-02T10:47:10.631+0000] {dag.py:2742} INFO - Sync 1 DAGs
[2023-08-02T10:47:10.651+0000] {logging_mixin.py:150} INFO - [2023-08-02T10:47:10.651+0000] {dag.py:3508} INFO - Setting next_dagrun for example_complex to None, run_after=None
[2023-08-02T10:47:10.664+0000] {processor.py:179} INFO - Processing /home/airflow/.local/lib/python3.7/site-packages/airflow/example_dags/example_complex.py took 0.091 seconds
[2023-08-02T10:47:40.877+0000] {processor.py:157} INFO - Started process (PID=1235) to work on /home/airflow/.local/lib/python3.7/site-packages/airflow/example_dags/example_complex.py
[2023-08-02T10:47:40.878+0000] {processor.py:826} INFO - Processing file /home/airflow/.local/lib/python3.7/site-packages/airflow/example_dags/example_complex.py for tasks to queue
[2023-08-02T10:47:40.880+0000] {logging_mixin.py:150} INFO - [2023-08-02T10:47:40.880+0000] {dagbag.py:541} INFO - Filling up the DagBag from /home/airflow/.local/lib/python3.7/site-packages/airflow/example_dags/example_complex.py
[2023-08-02T10:47:40.898+0000] {processor.py:836} INFO - DAG(s) dict_keys(['example_complex']) retrieved from /home/airflow/.local/lib/python3.7/site-packages/airflow/example_dags/example_complex.py
[2023-08-02T10:47:40.927+0000] {logging_mixin.py:150} INFO - [2023-08-02T10:47:40.927+0000] {dag.py:2742} INFO - Sync 1 DAGs
[2023-08-02T10:47:40.944+0000] {logging_mixin.py:150} INFO - [2023-08-02T10:47:40.944+0000] {dag.py:3508} INFO - Setting next_dagrun for example_complex to None, run_after=None
[2023-08-02T10:47:40.958+0000] {processor.py:179} INFO - Processing /home/airflow/.local/lib/python3.7/site-packages/airflow/example_dags/example_complex.py took 0.084 seconds
[2023-08-02T10:48:11.226+0000] {processor.py:157} INFO - Started process (PID=1292) to work on /home/airflow/.local/lib/python3.7/site-packages/airflow/example_dags/example_complex.py
[2023-08-02T10:48:11.228+0000] {processor.py:826} INFO - Processing file /home/airflow/.local/lib/python3.7/site-packages/airflow/example_dags/example_complex.py for tasks to queue
[2023-08-02T10:48:11.231+0000] {logging_mixin.py:150} INFO - [2023-08-02T10:48:11.230+0000] {dagbag.py:541} INFO - Filling up the DagBag from /home/airflow/.local/lib/python3.7/site-packages/airflow/example_dags/example_complex.py
[2023-08-02T10:48:11.240+0000] {processor.py:836} INFO - DAG(s) dict_keys(['example_complex']) retrieved from /home/airflow/.local/lib/python3.7/site-packages/airflow/example_dags/example_complex.py
[2023-08-02T10:48:11.272+0000] {logging_mixin.py:150} INFO - [2023-08-02T10:48:11.272+0000] {dag.py:2742} INFO - Sync 1 DAGs
[2023-08-02T10:48:11.333+0000] {logging_mixin.py:150} INFO - [2023-08-02T10:48:11.333+0000] {dag.py:3508} INFO - Setting next_dagrun for example_complex to None, run_after=None
[2023-08-02T10:48:11.347+0000] {processor.py:179} INFO - Processing /home/airflow/.local/lib/python3.7/site-packages/airflow/example_dags/example_complex.py took 0.125 seconds
[2023-08-02T10:48:41.419+0000] {processor.py:157} INFO - Started process (PID=1349) to work on /home/airflow/.local/lib/python3.7/site-packages/airflow/example_dags/example_complex.py
[2023-08-02T10:48:41.422+0000] {processor.py:826} INFO - Processing file /home/airflow/.local/lib/python3.7/site-packages/airflow/example_dags/example_complex.py for tasks to queue
[2023-08-02T10:48:41.424+0000] {logging_mixin.py:150} INFO - [2023-08-02T10:48:41.423+0000] {dagbag.py:541} INFO - Filling up the DagBag from /home/airflow/.local/lib/python3.7/site-packages/airflow/example_dags/example_complex.py
[2023-08-02T10:48:41.432+0000] {processor.py:836} INFO - DAG(s) dict_keys(['example_complex']) retrieved from /home/airflow/.local/lib/python3.7/site-packages/airflow/example_dags/example_complex.py
[2023-08-02T10:48:41.467+0000] {logging_mixin.py:150} INFO - [2023-08-02T10:48:41.467+0000] {dag.py:2742} INFO - Sync 1 DAGs
[2023-08-02T10:48:41.541+0000] {logging_mixin.py:150} INFO - [2023-08-02T10:48:41.541+0000] {dag.py:3508} INFO - Setting next_dagrun for example_complex to None, run_after=None
[2023-08-02T10:48:41.554+0000] {processor.py:179} INFO - Processing /home/airflow/.local/lib/python3.7/site-packages/airflow/example_dags/example_complex.py took 0.138 seconds
[2023-08-02T10:49:11.833+0000] {processor.py:157} INFO - Started process (PID=1406) to work on /home/airflow/.local/lib/python3.7/site-packages/airflow/example_dags/example_complex.py
[2023-08-02T10:49:11.835+0000] {processor.py:826} INFO - Processing file /home/airflow/.local/lib/python3.7/site-packages/airflow/example_dags/example_complex.py for tasks to queue
[2023-08-02T10:49:11.837+0000] {logging_mixin.py:150} INFO - [2023-08-02T10:49:11.836+0000] {dagbag.py:541} INFO - Filling up the DagBag from /home/airflow/.local/lib/python3.7/site-packages/airflow/example_dags/example_complex.py
[2023-08-02T10:49:11.846+0000] {processor.py:836} INFO - DAG(s) dict_keys(['example_complex']) retrieved from /home/airflow/.local/lib/python3.7/site-packages/airflow/example_dags/example_complex.py
[2023-08-02T10:49:11.874+0000] {logging_mixin.py:150} INFO - [2023-08-02T10:49:11.873+0000] {dag.py:2742} INFO - Sync 1 DAGs
[2023-08-02T10:49:11.891+0000] {logging_mixin.py:150} INFO - [2023-08-02T10:49:11.891+0000] {dag.py:3508} INFO - Setting next_dagrun for example_complex to None, run_after=None
[2023-08-02T10:49:11.905+0000] {processor.py:179} INFO - Processing /home/airflow/.local/lib/python3.7/site-packages/airflow/example_dags/example_complex.py took 0.074 seconds
[2023-08-02T10:49:42.155+0000] {processor.py:157} INFO - Started process (PID=1463) to work on /home/airflow/.local/lib/python3.7/site-packages/airflow/example_dags/example_complex.py
[2023-08-02T10:49:42.157+0000] {processor.py:826} INFO - Processing file /home/airflow/.local/lib/python3.7/site-packages/airflow/example_dags/example_complex.py for tasks to queue
[2023-08-02T10:49:42.158+0000] {logging_mixin.py:150} INFO - [2023-08-02T10:49:42.158+0000] {dagbag.py:541} INFO - Filling up the DagBag from /home/airflow/.local/lib/python3.7/site-packages/airflow/example_dags/example_complex.py
[2023-08-02T10:49:42.168+0000] {processor.py:836} INFO - DAG(s) dict_keys(['example_complex']) retrieved from /home/airflow/.local/lib/python3.7/site-packages/airflow/example_dags/example_complex.py
[2023-08-02T10:49:42.204+0000] {logging_mixin.py:150} INFO - [2023-08-02T10:49:42.204+0000] {dag.py:2742} INFO - Sync 1 DAGs
[2023-08-02T10:49:42.228+0000] {logging_mixin.py:150} INFO - [2023-08-02T10:49:42.227+0000] {dag.py:3508} INFO - Setting next_dagrun for example_complex to None, run_after=None
[2023-08-02T10:49:42.248+0000] {processor.py:179} INFO - Processing /home/airflow/.local/lib/python3.7/site-packages/airflow/example_dags/example_complex.py took 0.097 seconds
[2023-08-02T10:50:12.432+0000] {processor.py:157} INFO - Started process (PID=1520) to work on /home/airflow/.local/lib/python3.7/site-packages/airflow/example_dags/example_complex.py
[2023-08-02T10:50:12.434+0000] {processor.py:826} INFO - Processing file /home/airflow/.local/lib/python3.7/site-packages/airflow/example_dags/example_complex.py for tasks to queue
[2023-08-02T10:50:12.436+0000] {logging_mixin.py:150} INFO - [2023-08-02T10:50:12.436+0000] {dagbag.py:541} INFO - Filling up the DagBag from /home/airflow/.local/lib/python3.7/site-packages/airflow/example_dags/example_complex.py
[2023-08-02T10:50:12.452+0000] {processor.py:836} INFO - DAG(s) dict_keys(['example_complex']) retrieved from /home/airflow/.local/lib/python3.7/site-packages/airflow/example_dags/example_complex.py
[2023-08-02T10:50:12.481+0000] {logging_mixin.py:150} INFO - [2023-08-02T10:50:12.481+0000] {dag.py:2742} INFO - Sync 1 DAGs
[2023-08-02T10:50:12.500+0000] {logging_mixin.py:150} INFO - [2023-08-02T10:50:12.500+0000] {dag.py:3508} INFO - Setting next_dagrun for example_complex to None, run_after=None
[2023-08-02T10:50:12.520+0000] {processor.py:179} INFO - Processing /home/airflow/.local/lib/python3.7/site-packages/airflow/example_dags/example_complex.py took 0.091 seconds
[2023-08-02T10:50:43.054+0000] {processor.py:157} INFO - Started process (PID=1577) to work on /home/airflow/.local/lib/python3.7/site-packages/airflow/example_dags/example_complex.py
[2023-08-02T10:50:43.056+0000] {processor.py:826} INFO - Processing file /home/airflow/.local/lib/python3.7/site-packages/airflow/example_dags/example_complex.py for tasks to queue
[2023-08-02T10:50:43.060+0000] {logging_mixin.py:150} INFO - [2023-08-02T10:50:43.060+0000] {dagbag.py:541} INFO - Filling up the DagBag from /home/airflow/.local/lib/python3.7/site-packages/airflow/example_dags/example_complex.py
[2023-08-02T10:50:43.069+0000] {processor.py:836} INFO - DAG(s) dict_keys(['example_complex']) retrieved from /home/airflow/.local/lib/python3.7/site-packages/airflow/example_dags/example_complex.py
[2023-08-02T10:50:43.098+0000] {logging_mixin.py:150} INFO - [2023-08-02T10:50:43.098+0000] {dag.py:2742} INFO - Sync 1 DAGs
[2023-08-02T10:50:43.119+0000] {logging_mixin.py:150} INFO - [2023-08-02T10:50:43.119+0000] {dag.py:3508} INFO - Setting next_dagrun for example_complex to None, run_after=None
[2023-08-02T10:50:43.133+0000] {processor.py:179} INFO - Processing /home/airflow/.local/lib/python3.7/site-packages/airflow/example_dags/example_complex.py took 0.081 seconds
[2023-08-02T10:51:13.329+0000] {processor.py:157} INFO - Started process (PID=1634) to work on /home/airflow/.local/lib/python3.7/site-packages/airflow/example_dags/example_complex.py
[2023-08-02T10:51:13.331+0000] {processor.py:826} INFO - Processing file /home/airflow/.local/lib/python3.7/site-packages/airflow/example_dags/example_complex.py for tasks to queue
[2023-08-02T10:51:13.332+0000] {logging_mixin.py:150} INFO - [2023-08-02T10:51:13.332+0000] {dagbag.py:541} INFO - Filling up the DagBag from /home/airflow/.local/lib/python3.7/site-packages/airflow/example_dags/example_complex.py
[2023-08-02T10:51:13.341+0000] {processor.py:836} INFO - DAG(s) dict_keys(['example_complex']) retrieved from /home/airflow/.local/lib/python3.7/site-packages/airflow/example_dags/example_complex.py
[2023-08-02T10:51:13.370+0000] {logging_mixin.py:150} INFO - [2023-08-02T10:51:13.370+0000] {dag.py:2742} INFO - Sync 1 DAGs
[2023-08-02T10:51:13.386+0000] {logging_mixin.py:150} INFO - [2023-08-02T10:51:13.386+0000] {dag.py:3508} INFO - Setting next_dagrun for example_complex to None, run_after=None
[2023-08-02T10:51:13.401+0000] {processor.py:179} INFO - Processing /home/airflow/.local/lib/python3.7/site-packages/airflow/example_dags/example_complex.py took 0.075 seconds
[2023-08-02T10:51:43.735+0000] {processor.py:157} INFO - Started process (PID=1691) to work on /home/airflow/.local/lib/python3.7/site-packages/airflow/example_dags/example_complex.py
[2023-08-02T10:51:43.737+0000] {processor.py:826} INFO - Processing file /home/airflow/.local/lib/python3.7/site-packages/airflow/example_dags/example_complex.py for tasks to queue
[2023-08-02T10:51:43.738+0000] {logging_mixin.py:150} INFO - [2023-08-02T10:51:43.738+0000] {dagbag.py:541} INFO - Filling up the DagBag from /home/airflow/.local/lib/python3.7/site-packages/airflow/example_dags/example_complex.py
[2023-08-02T10:51:43.747+0000] {processor.py:836} INFO - DAG(s) dict_keys(['example_complex']) retrieved from /home/airflow/.local/lib/python3.7/site-packages/airflow/example_dags/example_complex.py
[2023-08-02T10:51:43.775+0000] {logging_mixin.py:150} INFO - [2023-08-02T10:51:43.775+0000] {dag.py:2742} INFO - Sync 1 DAGs
[2023-08-02T10:51:43.792+0000] {logging_mixin.py:150} INFO - [2023-08-02T10:51:43.792+0000] {dag.py:3508} INFO - Setting next_dagrun for example_complex to None, run_after=None
[2023-08-02T10:51:43.807+0000] {processor.py:179} INFO - Processing /home/airflow/.local/lib/python3.7/site-packages/airflow/example_dags/example_complex.py took 0.074 seconds
[2023-08-02T10:52:14.137+0000] {processor.py:157} INFO - Started process (PID=1748) to work on /home/airflow/.local/lib/python3.7/site-packages/airflow/example_dags/example_complex.py
[2023-08-02T10:52:14.144+0000] {processor.py:826} INFO - Processing file /home/airflow/.local/lib/python3.7/site-packages/airflow/example_dags/example_complex.py for tasks to queue
[2023-08-02T10:52:14.145+0000] {logging_mixin.py:150} INFO - [2023-08-02T10:52:14.145+0000] {dagbag.py:541} INFO - Filling up the DagBag from /home/airflow/.local/lib/python3.7/site-packages/airflow/example_dags/example_complex.py
[2023-08-02T10:52:14.154+0000] {processor.py:836} INFO - DAG(s) dict_keys(['example_complex']) retrieved from /home/airflow/.local/lib/python3.7/site-packages/airflow/example_dags/example_complex.py
[2023-08-02T10:52:14.182+0000] {logging_mixin.py:150} INFO - [2023-08-02T10:52:14.182+0000] {dag.py:2742} INFO - Sync 1 DAGs
[2023-08-02T10:52:14.199+0000] {logging_mixin.py:150} INFO - [2023-08-02T10:52:14.199+0000] {dag.py:3508} INFO - Setting next_dagrun for example_complex to None, run_after=None
[2023-08-02T10:52:14.213+0000] {processor.py:179} INFO - Processing /home/airflow/.local/lib/python3.7/site-packages/airflow/example_dags/example_complex.py took 0.079 seconds
[2023-08-02T10:52:44.256+0000] {processor.py:157} INFO - Started process (PID=1806) to work on /home/airflow/.local/lib/python3.7/site-packages/airflow/example_dags/example_complex.py
[2023-08-02T10:52:44.257+0000] {processor.py:826} INFO - Processing file /home/airflow/.local/lib/python3.7/site-packages/airflow/example_dags/example_complex.py for tasks to queue
[2023-08-02T10:52:44.259+0000] {logging_mixin.py:150} INFO - [2023-08-02T10:52:44.258+0000] {dagbag.py:541} INFO - Filling up the DagBag from /home/airflow/.local/lib/python3.7/site-packages/airflow/example_dags/example_complex.py
[2023-08-02T10:52:44.267+0000] {processor.py:836} INFO - DAG(s) dict_keys(['example_complex']) retrieved from /home/airflow/.local/lib/python3.7/site-packages/airflow/example_dags/example_complex.py
[2023-08-02T10:52:44.295+0000] {logging_mixin.py:150} INFO - [2023-08-02T10:52:44.295+0000] {dag.py:2742} INFO - Sync 1 DAGs
[2023-08-02T10:52:44.317+0000] {logging_mixin.py:150} INFO - [2023-08-02T10:52:44.317+0000] {dag.py:3508} INFO - Setting next_dagrun for example_complex to None, run_after=None
[2023-08-02T10:52:44.330+0000] {processor.py:179} INFO - Processing /home/airflow/.local/lib/python3.7/site-packages/airflow/example_dags/example_complex.py took 0.077 seconds
[2023-08-02T10:53:14.565+0000] {processor.py:157} INFO - Started process (PID=1863) to work on /home/airflow/.local/lib/python3.7/site-packages/airflow/example_dags/example_complex.py
[2023-08-02T10:53:14.568+0000] {processor.py:826} INFO - Processing file /home/airflow/.local/lib/python3.7/site-packages/airflow/example_dags/example_complex.py for tasks to queue
[2023-08-02T10:53:14.570+0000] {logging_mixin.py:150} INFO - [2023-08-02T10:53:14.569+0000] {dagbag.py:541} INFO - Filling up the DagBag from /home/airflow/.local/lib/python3.7/site-packages/airflow/example_dags/example_complex.py
[2023-08-02T10:53:14.579+0000] {processor.py:836} INFO - DAG(s) dict_keys(['example_complex']) retrieved from /home/airflow/.local/lib/python3.7/site-packages/airflow/example_dags/example_complex.py
[2023-08-02T10:53:14.609+0000] {logging_mixin.py:150} INFO - [2023-08-02T10:53:14.609+0000] {dag.py:2742} INFO - Sync 1 DAGs
[2023-08-02T10:53:14.626+0000] {logging_mixin.py:150} INFO - [2023-08-02T10:53:14.626+0000] {dag.py:3508} INFO - Setting next_dagrun for example_complex to None, run_after=None
[2023-08-02T10:53:14.639+0000] {processor.py:179} INFO - Processing /home/airflow/.local/lib/python3.7/site-packages/airflow/example_dags/example_complex.py took 0.077 seconds
[2023-08-02T10:53:44.927+0000] {processor.py:157} INFO - Started process (PID=1920) to work on /home/airflow/.local/lib/python3.7/site-packages/airflow/example_dags/example_complex.py
[2023-08-02T10:53:44.929+0000] {processor.py:826} INFO - Processing file /home/airflow/.local/lib/python3.7/site-packages/airflow/example_dags/example_complex.py for tasks to queue
[2023-08-02T10:53:44.931+0000] {logging_mixin.py:150} INFO - [2023-08-02T10:53:44.930+0000] {dagbag.py:541} INFO - Filling up the DagBag from /home/airflow/.local/lib/python3.7/site-packages/airflow/example_dags/example_complex.py
[2023-08-02T10:53:44.940+0000] {processor.py:836} INFO - DAG(s) dict_keys(['example_complex']) retrieved from /home/airflow/.local/lib/python3.7/site-packages/airflow/example_dags/example_complex.py
[2023-08-02T10:53:44.967+0000] {logging_mixin.py:150} INFO - [2023-08-02T10:53:44.966+0000] {dag.py:2742} INFO - Sync 1 DAGs
[2023-08-02T10:53:44.983+0000] {logging_mixin.py:150} INFO - [2023-08-02T10:53:44.983+0000] {dag.py:3508} INFO - Setting next_dagrun for example_complex to None, run_after=None
[2023-08-02T10:53:44.996+0000] {processor.py:179} INFO - Processing /home/airflow/.local/lib/python3.7/site-packages/airflow/example_dags/example_complex.py took 0.073 seconds
[2023-08-02T10:54:15.185+0000] {processor.py:157} INFO - Started process (PID=1978) to work on /home/airflow/.local/lib/python3.7/site-packages/airflow/example_dags/example_complex.py
[2023-08-02T10:54:15.188+0000] {processor.py:826} INFO - Processing file /home/airflow/.local/lib/python3.7/site-packages/airflow/example_dags/example_complex.py for tasks to queue
[2023-08-02T10:54:15.189+0000] {logging_mixin.py:150} INFO - [2023-08-02T10:54:15.189+0000] {dagbag.py:541} INFO - Filling up the DagBag from /home/airflow/.local/lib/python3.7/site-packages/airflow/example_dags/example_complex.py
[2023-08-02T10:54:15.202+0000] {processor.py:836} INFO - DAG(s) dict_keys(['example_complex']) retrieved from /home/airflow/.local/lib/python3.7/site-packages/airflow/example_dags/example_complex.py
[2023-08-02T10:54:15.229+0000] {logging_mixin.py:150} INFO - [2023-08-02T10:54:15.229+0000] {dag.py:2742} INFO - Sync 1 DAGs
[2023-08-02T10:54:15.248+0000] {logging_mixin.py:150} INFO - [2023-08-02T10:54:15.248+0000] {dag.py:3508} INFO - Setting next_dagrun for example_complex to None, run_after=None
[2023-08-02T10:54:15.262+0000] {processor.py:179} INFO - Processing /home/airflow/.local/lib/python3.7/site-packages/airflow/example_dags/example_complex.py took 0.079 seconds
[2023-08-02T10:54:45.465+0000] {processor.py:157} INFO - Started process (PID=2036) to work on /home/airflow/.local/lib/python3.7/site-packages/airflow/example_dags/example_complex.py
[2023-08-02T10:54:45.467+0000] {processor.py:826} INFO - Processing file /home/airflow/.local/lib/python3.7/site-packages/airflow/example_dags/example_complex.py for tasks to queue
[2023-08-02T10:54:45.471+0000] {logging_mixin.py:150} INFO - [2023-08-02T10:54:45.471+0000] {dagbag.py:541} INFO - Filling up the DagBag from /home/airflow/.local/lib/python3.7/site-packages/airflow/example_dags/example_complex.py
[2023-08-02T10:54:45.483+0000] {processor.py:836} INFO - DAG(s) dict_keys(['example_complex']) retrieved from /home/airflow/.local/lib/python3.7/site-packages/airflow/example_dags/example_complex.py
[2023-08-02T10:54:45.512+0000] {logging_mixin.py:150} INFO - [2023-08-02T10:54:45.512+0000] {dag.py:2742} INFO - Sync 1 DAGs
[2023-08-02T10:54:45.530+0000] {logging_mixin.py:150} INFO - [2023-08-02T10:54:45.529+0000] {dag.py:3508} INFO - Setting next_dagrun for example_complex to None, run_after=None
[2023-08-02T10:54:45.544+0000] {processor.py:179} INFO - Processing /home/airflow/.local/lib/python3.7/site-packages/airflow/example_dags/example_complex.py took 0.082 seconds
[2023-08-02T10:55:15.953+0000] {processor.py:157} INFO - Started process (PID=2093) to work on /home/airflow/.local/lib/python3.7/site-packages/airflow/example_dags/example_complex.py
[2023-08-02T10:55:15.955+0000] {processor.py:826} INFO - Processing file /home/airflow/.local/lib/python3.7/site-packages/airflow/example_dags/example_complex.py for tasks to queue
[2023-08-02T10:55:15.956+0000] {logging_mixin.py:150} INFO - [2023-08-02T10:55:15.956+0000] {dagbag.py:541} INFO - Filling up the DagBag from /home/airflow/.local/lib/python3.7/site-packages/airflow/example_dags/example_complex.py
[2023-08-02T10:55:15.965+0000] {processor.py:836} INFO - DAG(s) dict_keys(['example_complex']) retrieved from /home/airflow/.local/lib/python3.7/site-packages/airflow/example_dags/example_complex.py
[2023-08-02T10:55:15.998+0000] {logging_mixin.py:150} INFO - [2023-08-02T10:55:15.998+0000] {dag.py:2742} INFO - Sync 1 DAGs
[2023-08-02T10:55:16.025+0000] {logging_mixin.py:150} INFO - [2023-08-02T10:55:16.024+0000] {dag.py:3508} INFO - Setting next_dagrun for example_complex to None, run_after=None
[2023-08-02T10:55:16.037+0000] {processor.py:179} INFO - Processing /home/airflow/.local/lib/python3.7/site-packages/airflow/example_dags/example_complex.py took 0.087 seconds
[2023-08-02T12:19:18.024+0000] {processor.py:157} INFO - Started process (PID=2150) to work on /home/airflow/.local/lib/python3.7/site-packages/airflow/example_dags/example_complex.py
[2023-08-02T12:19:18.028+0000] {processor.py:826} INFO - Processing file /home/airflow/.local/lib/python3.7/site-packages/airflow/example_dags/example_complex.py for tasks to queue
[2023-08-02T12:19:18.031+0000] {logging_mixin.py:150} INFO - [2023-08-02T12:19:18.030+0000] {dagbag.py:541} INFO - Filling up the DagBag from /home/airflow/.local/lib/python3.7/site-packages/airflow/example_dags/example_complex.py
[2023-08-02T12:19:18.045+0000] {processor.py:836} INFO - DAG(s) dict_keys(['example_complex']) retrieved from /home/airflow/.local/lib/python3.7/site-packages/airflow/example_dags/example_complex.py
[2023-08-02T12:19:18.088+0000] {logging_mixin.py:150} INFO - [2023-08-02T12:19:18.088+0000] {dag.py:2742} INFO - Sync 1 DAGs
[2023-08-02T12:19:18.111+0000] {logging_mixin.py:150} INFO - [2023-08-02T12:19:18.111+0000] {dag.py:3508} INFO - Setting next_dagrun for example_complex to None, run_after=None
[2023-08-02T12:19:18.232+0000] {processor.py:179} INFO - Processing /home/airflow/.local/lib/python3.7/site-packages/airflow/example_dags/example_complex.py took 0.213 seconds
[2023-08-02T13:26:11.467+0000] {processor.py:157} INFO - Started process (PID=2207) to work on /home/airflow/.local/lib/python3.7/site-packages/airflow/example_dags/example_complex.py
[2023-08-02T13:26:11.469+0000] {processor.py:826} INFO - Processing file /home/airflow/.local/lib/python3.7/site-packages/airflow/example_dags/example_complex.py for tasks to queue
[2023-08-02T13:26:11.470+0000] {logging_mixin.py:150} INFO - [2023-08-02T13:26:11.470+0000] {dagbag.py:541} INFO - Filling up the DagBag from /home/airflow/.local/lib/python3.7/site-packages/airflow/example_dags/example_complex.py
[2023-08-02T13:26:11.479+0000] {processor.py:836} INFO - DAG(s) dict_keys(['example_complex']) retrieved from /home/airflow/.local/lib/python3.7/site-packages/airflow/example_dags/example_complex.py
[2023-08-02T13:26:11.509+0000] {logging_mixin.py:150} INFO - [2023-08-02T13:26:11.508+0000] {dag.py:2742} INFO - Sync 1 DAGs
[2023-08-02T13:26:11.530+0000] {logging_mixin.py:150} INFO - [2023-08-02T13:26:11.530+0000] {dag.py:3508} INFO - Setting next_dagrun for example_complex to None, run_after=None
[2023-08-02T13:26:11.543+0000] {processor.py:179} INFO - Processing /home/airflow/.local/lib/python3.7/site-packages/airflow/example_dags/example_complex.py took 0.079 seconds
[2023-08-02T14:49:10.127+0000] {processor.py:157} INFO - Started process (PID=2265) to work on /home/airflow/.local/lib/python3.7/site-packages/airflow/example_dags/example_complex.py
[2023-08-02T14:49:10.129+0000] {processor.py:826} INFO - Processing file /home/airflow/.local/lib/python3.7/site-packages/airflow/example_dags/example_complex.py for tasks to queue
[2023-08-02T14:49:10.131+0000] {logging_mixin.py:150} INFO - [2023-08-02T14:49:10.131+0000] {dagbag.py:541} INFO - Filling up the DagBag from /home/airflow/.local/lib/python3.7/site-packages/airflow/example_dags/example_complex.py
[2023-08-02T14:49:10.140+0000] {processor.py:836} INFO - DAG(s) dict_keys(['example_complex']) retrieved from /home/airflow/.local/lib/python3.7/site-packages/airflow/example_dags/example_complex.py
[2023-08-02T14:49:10.171+0000] {logging_mixin.py:150} INFO - [2023-08-02T14:49:10.171+0000] {dag.py:2742} INFO - Sync 1 DAGs
[2023-08-02T14:49:10.190+0000] {logging_mixin.py:150} INFO - [2023-08-02T14:49:10.190+0000] {dag.py:3508} INFO - Setting next_dagrun for example_complex to None, run_after=None
[2023-08-02T14:49:10.203+0000] {processor.py:179} INFO - Processing /home/airflow/.local/lib/python3.7/site-packages/airflow/example_dags/example_complex.py took 0.079 seconds
[2023-08-02T15:54:27.084+0000] {processor.py:157} INFO - Started process (PID=2321) to work on /home/airflow/.local/lib/python3.7/site-packages/airflow/example_dags/example_complex.py
[2023-08-02T15:54:27.086+0000] {processor.py:826} INFO - Processing file /home/airflow/.local/lib/python3.7/site-packages/airflow/example_dags/example_complex.py for tasks to queue
[2023-08-02T15:54:27.089+0000] {logging_mixin.py:150} INFO - [2023-08-02T15:54:27.088+0000] {dagbag.py:541} INFO - Filling up the DagBag from /home/airflow/.local/lib/python3.7/site-packages/airflow/example_dags/example_complex.py
[2023-08-02T15:54:27.111+0000] {processor.py:836} INFO - DAG(s) dict_keys(['example_complex']) retrieved from /home/airflow/.local/lib/python3.7/site-packages/airflow/example_dags/example_complex.py
[2023-08-02T15:54:27.185+0000] {logging_mixin.py:150} INFO - [2023-08-02T15:54:27.185+0000] {dag.py:2742} INFO - Sync 1 DAGs
[2023-08-02T15:54:27.220+0000] {logging_mixin.py:150} INFO - [2023-08-02T15:54:27.219+0000] {dag.py:3508} INFO - Setting next_dagrun for example_complex to None, run_after=None
[2023-08-02T15:54:27.274+0000] {processor.py:179} INFO - Processing /home/airflow/.local/lib/python3.7/site-packages/airflow/example_dags/example_complex.py took 0.194 seconds
[2023-08-02T16:26:51.172+0000] {processor.py:157} INFO - Started process (PID=2378) to work on /home/airflow/.local/lib/python3.7/site-packages/airflow/example_dags/example_complex.py
[2023-08-02T16:26:51.173+0000] {processor.py:826} INFO - Processing file /home/airflow/.local/lib/python3.7/site-packages/airflow/example_dags/example_complex.py for tasks to queue
[2023-08-02T16:26:51.175+0000] {logging_mixin.py:150} INFO - [2023-08-02T16:26:51.174+0000] {dagbag.py:541} INFO - Filling up the DagBag from /home/airflow/.local/lib/python3.7/site-packages/airflow/example_dags/example_complex.py
[2023-08-02T16:26:51.194+0000] {processor.py:836} INFO - DAG(s) dict_keys(['example_complex']) retrieved from /home/airflow/.local/lib/python3.7/site-packages/airflow/example_dags/example_complex.py
[2023-08-02T16:26:51.230+0000] {logging_mixin.py:150} INFO - [2023-08-02T16:26:51.230+0000] {dag.py:2742} INFO - Sync 1 DAGs
[2023-08-02T16:26:51.250+0000] {logging_mixin.py:150} INFO - [2023-08-02T16:26:51.250+0000] {dag.py:3508} INFO - Setting next_dagrun for example_complex to None, run_after=None
[2023-08-02T16:26:51.268+0000] {processor.py:179} INFO - Processing /home/airflow/.local/lib/python3.7/site-packages/airflow/example_dags/example_complex.py took 0.100 seconds
[2023-08-02T17:14:36.233+0000] {processor.py:157} INFO - Started process (PID=2436) to work on /home/airflow/.local/lib/python3.7/site-packages/airflow/example_dags/example_complex.py
[2023-08-02T17:14:36.238+0000] {processor.py:826} INFO - Processing file /home/airflow/.local/lib/python3.7/site-packages/airflow/example_dags/example_complex.py for tasks to queue
[2023-08-02T17:14:36.242+0000] {logging_mixin.py:150} INFO - [2023-08-02T17:14:36.241+0000] {dagbag.py:541} INFO - Filling up the DagBag from /home/airflow/.local/lib/python3.7/site-packages/airflow/example_dags/example_complex.py
[2023-08-02T17:14:36.272+0000] {processor.py:836} INFO - DAG(s) dict_keys(['example_complex']) retrieved from /home/airflow/.local/lib/python3.7/site-packages/airflow/example_dags/example_complex.py
[2023-08-02T17:14:36.347+0000] {logging_mixin.py:150} INFO - [2023-08-02T17:14:36.346+0000] {dag.py:2742} INFO - Sync 1 DAGs
[2023-08-02T17:14:36.401+0000] {logging_mixin.py:150} INFO - [2023-08-02T17:14:36.401+0000] {dag.py:3508} INFO - Setting next_dagrun for example_complex to None, run_after=None
[2023-08-02T17:14:36.438+0000] {processor.py:179} INFO - Processing /home/airflow/.local/lib/python3.7/site-packages/airflow/example_dags/example_complex.py took 0.222 seconds
[2023-08-02T18:59:09.573+0000] {processor.py:157} INFO - Started process (PID=2493) to work on /home/airflow/.local/lib/python3.7/site-packages/airflow/example_dags/example_complex.py
[2023-08-02T18:59:09.578+0000] {processor.py:826} INFO - Processing file /home/airflow/.local/lib/python3.7/site-packages/airflow/example_dags/example_complex.py for tasks to queue
[2023-08-02T18:59:09.587+0000] {logging_mixin.py:150} INFO - [2023-08-02T18:59:09.587+0000] {dagbag.py:541} INFO - Filling up the DagBag from /home/airflow/.local/lib/python3.7/site-packages/airflow/example_dags/example_complex.py
[2023-08-02T18:59:09.607+0000] {processor.py:836} INFO - DAG(s) dict_keys(['example_complex']) retrieved from /home/airflow/.local/lib/python3.7/site-packages/airflow/example_dags/example_complex.py
[2023-08-02T18:59:09.669+0000] {logging_mixin.py:150} INFO - [2023-08-02T18:59:09.669+0000] {dag.py:2742} INFO - Sync 1 DAGs
[2023-08-02T18:59:09.697+0000] {logging_mixin.py:150} INFO - [2023-08-02T18:59:09.697+0000] {dag.py:3508} INFO - Setting next_dagrun for example_complex to None, run_after=None
[2023-08-02T18:59:09.721+0000] {processor.py:179} INFO - Processing /home/airflow/.local/lib/python3.7/site-packages/airflow/example_dags/example_complex.py took 0.154 seconds
[2023-08-02T20:21:31.865+0000] {processor.py:157} INFO - Started process (PID=2551) to work on /home/airflow/.local/lib/python3.7/site-packages/airflow/example_dags/example_complex.py
[2023-08-02T20:21:31.868+0000] {processor.py:826} INFO - Processing file /home/airflow/.local/lib/python3.7/site-packages/airflow/example_dags/example_complex.py for tasks to queue
[2023-08-02T20:21:31.875+0000] {logging_mixin.py:150} INFO - [2023-08-02T20:21:31.872+0000] {dagbag.py:541} INFO - Filling up the DagBag from /home/airflow/.local/lib/python3.7/site-packages/airflow/example_dags/example_complex.py
[2023-08-02T20:21:31.904+0000] {processor.py:836} INFO - DAG(s) dict_keys(['example_complex']) retrieved from /home/airflow/.local/lib/python3.7/site-packages/airflow/example_dags/example_complex.py
[2023-08-02T20:21:32.314+0000] {logging_mixin.py:150} INFO - [2023-08-02T20:21:32.313+0000] {dag.py:2742} INFO - Sync 1 DAGs
[2023-08-02T20:21:32.459+0000] {logging_mixin.py:150} INFO - [2023-08-02T20:21:32.458+0000] {dag.py:3508} INFO - Setting next_dagrun for example_complex to None, run_after=None
[2023-08-02T20:21:32.505+0000] {processor.py:179} INFO - Processing /home/airflow/.local/lib/python3.7/site-packages/airflow/example_dags/example_complex.py took 0.653 seconds
[2023-08-02T22:03:27.947+0000] {processor.py:157} INFO - Started process (PID=2608) to work on /home/airflow/.local/lib/python3.7/site-packages/airflow/example_dags/example_complex.py
[2023-08-02T22:03:27.949+0000] {processor.py:826} INFO - Processing file /home/airflow/.local/lib/python3.7/site-packages/airflow/example_dags/example_complex.py for tasks to queue
[2023-08-02T22:03:27.951+0000] {logging_mixin.py:150} INFO - [2023-08-02T22:03:27.950+0000] {dagbag.py:541} INFO - Filling up the DagBag from /home/airflow/.local/lib/python3.7/site-packages/airflow/example_dags/example_complex.py
[2023-08-02T22:03:27.960+0000] {processor.py:836} INFO - DAG(s) dict_keys(['example_complex']) retrieved from /home/airflow/.local/lib/python3.7/site-packages/airflow/example_dags/example_complex.py
[2023-08-02T22:03:27.988+0000] {logging_mixin.py:150} INFO - [2023-08-02T22:03:27.988+0000] {dag.py:2742} INFO - Sync 1 DAGs
[2023-08-02T22:03:28.009+0000] {logging_mixin.py:150} INFO - [2023-08-02T22:03:28.009+0000] {dag.py:3508} INFO - Setting next_dagrun for example_complex to None, run_after=None
[2023-08-02T22:03:28.029+0000] {processor.py:179} INFO - Processing /home/airflow/.local/lib/python3.7/site-packages/airflow/example_dags/example_complex.py took 0.085 seconds
[2023-08-02T23:27:14.311+0000] {processor.py:157} INFO - Started process (PID=2665) to work on /home/airflow/.local/lib/python3.7/site-packages/airflow/example_dags/example_complex.py
[2023-08-02T23:27:14.313+0000] {processor.py:826} INFO - Processing file /home/airflow/.local/lib/python3.7/site-packages/airflow/example_dags/example_complex.py for tasks to queue
[2023-08-02T23:27:14.314+0000] {logging_mixin.py:150} INFO - [2023-08-02T23:27:14.314+0000] {dagbag.py:541} INFO - Filling up the DagBag from /home/airflow/.local/lib/python3.7/site-packages/airflow/example_dags/example_complex.py
[2023-08-02T23:27:14.333+0000] {processor.py:836} INFO - DAG(s) dict_keys(['example_complex']) retrieved from /home/airflow/.local/lib/python3.7/site-packages/airflow/example_dags/example_complex.py
[2023-08-02T23:27:14.391+0000] {logging_mixin.py:150} INFO - [2023-08-02T23:27:14.390+0000] {dag.py:2742} INFO - Sync 1 DAGs
[2023-08-02T23:27:14.425+0000] {logging_mixin.py:150} INFO - [2023-08-02T23:27:14.425+0000] {dag.py:3508} INFO - Setting next_dagrun for example_complex to None, run_after=None
[2023-08-02T23:27:14.448+0000] {processor.py:179} INFO - Processing /home/airflow/.local/lib/python3.7/site-packages/airflow/example_dags/example_complex.py took 0.142 seconds
