[2023-08-02T10:37:02.989+0000] {processor.py:157} INFO - Started process (PID=49) to work on /home/airflow/.local/lib/python3.7/site-packages/airflow/example_dags/example_skip_dag.py
[2023-08-02T10:37:02.991+0000] {processor.py:826} INFO - Processing file /home/airflow/.local/lib/python3.7/site-packages/airflow/example_dags/example_skip_dag.py for tasks to queue
[2023-08-02T10:37:02.994+0000] {logging_mixin.py:150} INFO - [2023-08-02T10:37:02.993+0000] {dagbag.py:541} INFO - Filling up the DagBag from /home/airflow/.local/lib/python3.7/site-packages/airflow/example_dags/example_skip_dag.py
[2023-08-02T10:37:03.011+0000] {processor.py:836} INFO - DAG(s) dict_keys(['example_skip_dag']) retrieved from /home/airflow/.local/lib/python3.7/site-packages/airflow/example_dags/example_skip_dag.py
[2023-08-02T10:37:03.046+0000] {logging_mixin.py:150} INFO - [2023-08-02T10:37:03.046+0000] {dag.py:2742} INFO - Sync 1 DAGs
[2023-08-02T10:37:03.084+0000] {logging_mixin.py:150} INFO - [2023-08-02T10:37:03.084+0000] {dag.py:3508} INFO - Setting next_dagrun for example_skip_dag to 2023-08-01T10:37:03.083857+00:00, run_after=2023-08-02T10:37:03.083857+00:00
[2023-08-02T10:37:03.140+0000] {processor.py:179} INFO - Processing /home/airflow/.local/lib/python3.7/site-packages/airflow/example_dags/example_skip_dag.py took 0.154 seconds
[2023-08-02T10:37:33.786+0000] {processor.py:157} INFO - Started process (PID=106) to work on /home/airflow/.local/lib/python3.7/site-packages/airflow/example_dags/example_skip_dag.py
[2023-08-02T10:37:33.788+0000] {processor.py:826} INFO - Processing file /home/airflow/.local/lib/python3.7/site-packages/airflow/example_dags/example_skip_dag.py for tasks to queue
[2023-08-02T10:37:33.789+0000] {logging_mixin.py:150} INFO - [2023-08-02T10:37:33.789+0000] {dagbag.py:541} INFO - Filling up the DagBag from /home/airflow/.local/lib/python3.7/site-packages/airflow/example_dags/example_skip_dag.py
[2023-08-02T10:37:33.796+0000] {processor.py:836} INFO - DAG(s) dict_keys(['example_skip_dag']) retrieved from /home/airflow/.local/lib/python3.7/site-packages/airflow/example_dags/example_skip_dag.py
[2023-08-02T10:37:33.817+0000] {logging_mixin.py:150} INFO - [2023-08-02T10:37:33.816+0000] {dag.py:2742} INFO - Sync 1 DAGs
[2023-08-02T10:37:33.844+0000] {logging_mixin.py:150} INFO - [2023-08-02T10:37:33.843+0000] {dag.py:3508} INFO - Setting next_dagrun for example_skip_dag to 2023-08-01T10:37:33.843472+00:00, run_after=2023-08-02T10:37:33.843472+00:00
[2023-08-02T10:37:33.857+0000] {processor.py:179} INFO - Processing /home/airflow/.local/lib/python3.7/site-packages/airflow/example_dags/example_skip_dag.py took 0.074 seconds
[2023-08-02T10:38:03.979+0000] {processor.py:157} INFO - Started process (PID=163) to work on /home/airflow/.local/lib/python3.7/site-packages/airflow/example_dags/example_skip_dag.py
[2023-08-02T10:38:03.980+0000] {processor.py:826} INFO - Processing file /home/airflow/.local/lib/python3.7/site-packages/airflow/example_dags/example_skip_dag.py for tasks to queue
[2023-08-02T10:38:03.982+0000] {logging_mixin.py:150} INFO - [2023-08-02T10:38:03.981+0000] {dagbag.py:541} INFO - Filling up the DagBag from /home/airflow/.local/lib/python3.7/site-packages/airflow/example_dags/example_skip_dag.py
[2023-08-02T10:38:03.988+0000] {processor.py:836} INFO - DAG(s) dict_keys(['example_skip_dag']) retrieved from /home/airflow/.local/lib/python3.7/site-packages/airflow/example_dags/example_skip_dag.py
[2023-08-02T10:38:04.016+0000] {logging_mixin.py:150} INFO - [2023-08-02T10:38:04.016+0000] {dag.py:2742} INFO - Sync 1 DAGs
[2023-08-02T10:38:04.034+0000] {logging_mixin.py:150} INFO - [2023-08-02T10:38:04.034+0000] {dag.py:3508} INFO - Setting next_dagrun for example_skip_dag to 2023-08-01T10:38:04.034003+00:00, run_after=2023-08-02T10:38:04.034003+00:00
[2023-08-02T10:38:04.046+0000] {processor.py:179} INFO - Processing /home/airflow/.local/lib/python3.7/site-packages/airflow/example_dags/example_skip_dag.py took 0.071 seconds
[2023-08-02T10:38:34.580+0000] {processor.py:157} INFO - Started process (PID=220) to work on /home/airflow/.local/lib/python3.7/site-packages/airflow/example_dags/example_skip_dag.py
[2023-08-02T10:38:34.583+0000] {processor.py:826} INFO - Processing file /home/airflow/.local/lib/python3.7/site-packages/airflow/example_dags/example_skip_dag.py for tasks to queue
[2023-08-02T10:38:34.584+0000] {logging_mixin.py:150} INFO - [2023-08-02T10:38:34.584+0000] {dagbag.py:541} INFO - Filling up the DagBag from /home/airflow/.local/lib/python3.7/site-packages/airflow/example_dags/example_skip_dag.py
[2023-08-02T10:38:34.590+0000] {processor.py:836} INFO - DAG(s) dict_keys(['example_skip_dag']) retrieved from /home/airflow/.local/lib/python3.7/site-packages/airflow/example_dags/example_skip_dag.py
[2023-08-02T10:38:34.611+0000] {logging_mixin.py:150} INFO - [2023-08-02T10:38:34.611+0000] {dag.py:2742} INFO - Sync 1 DAGs
[2023-08-02T10:38:34.632+0000] {logging_mixin.py:150} INFO - [2023-08-02T10:38:34.632+0000] {dag.py:3508} INFO - Setting next_dagrun for example_skip_dag to 2023-08-01T10:38:34.631836+00:00, run_after=2023-08-02T10:38:34.631836+00:00
[2023-08-02T10:38:34.657+0000] {processor.py:179} INFO - Processing /home/airflow/.local/lib/python3.7/site-packages/airflow/example_dags/example_skip_dag.py took 0.080 seconds
[2023-08-02T10:39:04.996+0000] {processor.py:157} INFO - Started process (PID=277) to work on /home/airflow/.local/lib/python3.7/site-packages/airflow/example_dags/example_skip_dag.py
[2023-08-02T10:39:04.998+0000] {processor.py:826} INFO - Processing file /home/airflow/.local/lib/python3.7/site-packages/airflow/example_dags/example_skip_dag.py for tasks to queue
[2023-08-02T10:39:04.999+0000] {logging_mixin.py:150} INFO - [2023-08-02T10:39:04.999+0000] {dagbag.py:541} INFO - Filling up the DagBag from /home/airflow/.local/lib/python3.7/site-packages/airflow/example_dags/example_skip_dag.py
[2023-08-02T10:39:05.005+0000] {processor.py:836} INFO - DAG(s) dict_keys(['example_skip_dag']) retrieved from /home/airflow/.local/lib/python3.7/site-packages/airflow/example_dags/example_skip_dag.py
[2023-08-02T10:39:05.029+0000] {logging_mixin.py:150} INFO - [2023-08-02T10:39:05.029+0000] {dag.py:2742} INFO - Sync 1 DAGs
[2023-08-02T10:39:05.047+0000] {logging_mixin.py:150} INFO - [2023-08-02T10:39:05.047+0000] {dag.py:3508} INFO - Setting next_dagrun for example_skip_dag to 2023-08-01T10:39:05.047607+00:00, run_after=2023-08-02T10:39:05.047607+00:00
[2023-08-02T10:39:05.063+0000] {processor.py:179} INFO - Processing /home/airflow/.local/lib/python3.7/site-packages/airflow/example_dags/example_skip_dag.py took 0.070 seconds
[2023-08-02T10:39:35.338+0000] {processor.py:157} INFO - Started process (PID=334) to work on /home/airflow/.local/lib/python3.7/site-packages/airflow/example_dags/example_skip_dag.py
[2023-08-02T10:39:35.341+0000] {processor.py:826} INFO - Processing file /home/airflow/.local/lib/python3.7/site-packages/airflow/example_dags/example_skip_dag.py for tasks to queue
[2023-08-02T10:39:35.342+0000] {logging_mixin.py:150} INFO - [2023-08-02T10:39:35.342+0000] {dagbag.py:541} INFO - Filling up the DagBag from /home/airflow/.local/lib/python3.7/site-packages/airflow/example_dags/example_skip_dag.py
[2023-08-02T10:39:35.349+0000] {processor.py:836} INFO - DAG(s) dict_keys(['example_skip_dag']) retrieved from /home/airflow/.local/lib/python3.7/site-packages/airflow/example_dags/example_skip_dag.py
[2023-08-02T10:39:35.372+0000] {logging_mixin.py:150} INFO - [2023-08-02T10:39:35.372+0000] {dag.py:2742} INFO - Sync 1 DAGs
[2023-08-02T10:39:35.388+0000] {logging_mixin.py:150} INFO - [2023-08-02T10:39:35.388+0000] {dag.py:3508} INFO - Setting next_dagrun for example_skip_dag to 2023-08-01T10:39:35.387819+00:00, run_after=2023-08-02T10:39:35.387819+00:00
[2023-08-02T10:39:35.400+0000] {processor.py:179} INFO - Processing /home/airflow/.local/lib/python3.7/site-packages/airflow/example_dags/example_skip_dag.py took 0.064 seconds
[2023-08-02T10:40:05.664+0000] {processor.py:157} INFO - Started process (PID=390) to work on /home/airflow/.local/lib/python3.7/site-packages/airflow/example_dags/example_skip_dag.py
[2023-08-02T10:40:05.672+0000] {processor.py:826} INFO - Processing file /home/airflow/.local/lib/python3.7/site-packages/airflow/example_dags/example_skip_dag.py for tasks to queue
[2023-08-02T10:40:05.676+0000] {logging_mixin.py:150} INFO - [2023-08-02T10:40:05.676+0000] {dagbag.py:541} INFO - Filling up the DagBag from /home/airflow/.local/lib/python3.7/site-packages/airflow/example_dags/example_skip_dag.py
[2023-08-02T10:40:05.683+0000] {processor.py:836} INFO - DAG(s) dict_keys(['example_skip_dag']) retrieved from /home/airflow/.local/lib/python3.7/site-packages/airflow/example_dags/example_skip_dag.py
[2023-08-02T10:40:05.706+0000] {logging_mixin.py:150} INFO - [2023-08-02T10:40:05.706+0000] {dag.py:2742} INFO - Sync 1 DAGs
[2023-08-02T10:40:05.724+0000] {logging_mixin.py:150} INFO - [2023-08-02T10:40:05.724+0000] {dag.py:3508} INFO - Setting next_dagrun for example_skip_dag to 2023-08-01T10:40:05.724032+00:00, run_after=2023-08-02T10:40:05.724032+00:00
[2023-08-02T10:40:05.773+0000] {processor.py:179} INFO - Processing /home/airflow/.local/lib/python3.7/site-packages/airflow/example_dags/example_skip_dag.py took 0.113 seconds
[2023-08-02T10:40:36.298+0000] {processor.py:157} INFO - Started process (PID=447) to work on /home/airflow/.local/lib/python3.7/site-packages/airflow/example_dags/example_skip_dag.py
[2023-08-02T10:40:36.300+0000] {processor.py:826} INFO - Processing file /home/airflow/.local/lib/python3.7/site-packages/airflow/example_dags/example_skip_dag.py for tasks to queue
[2023-08-02T10:40:36.302+0000] {logging_mixin.py:150} INFO - [2023-08-02T10:40:36.301+0000] {dagbag.py:541} INFO - Filling up the DagBag from /home/airflow/.local/lib/python3.7/site-packages/airflow/example_dags/example_skip_dag.py
[2023-08-02T10:40:36.308+0000] {processor.py:836} INFO - DAG(s) dict_keys(['example_skip_dag']) retrieved from /home/airflow/.local/lib/python3.7/site-packages/airflow/example_dags/example_skip_dag.py
[2023-08-02T10:40:36.331+0000] {logging_mixin.py:150} INFO - [2023-08-02T10:40:36.331+0000] {dag.py:2742} INFO - Sync 1 DAGs
[2023-08-02T10:40:36.381+0000] {logging_mixin.py:150} INFO - [2023-08-02T10:40:36.381+0000] {dag.py:3508} INFO - Setting next_dagrun for example_skip_dag to 2023-08-01T10:40:36.380978+00:00, run_after=2023-08-02T10:40:36.380978+00:00
[2023-08-02T10:40:36.396+0000] {processor.py:179} INFO - Processing /home/airflow/.local/lib/python3.7/site-packages/airflow/example_dags/example_skip_dag.py took 0.101 seconds
[2023-08-02T10:41:06.978+0000] {processor.py:157} INFO - Started process (PID=504) to work on /home/airflow/.local/lib/python3.7/site-packages/airflow/example_dags/example_skip_dag.py
[2023-08-02T10:41:06.980+0000] {processor.py:826} INFO - Processing file /home/airflow/.local/lib/python3.7/site-packages/airflow/example_dags/example_skip_dag.py for tasks to queue
[2023-08-02T10:41:06.982+0000] {logging_mixin.py:150} INFO - [2023-08-02T10:41:06.981+0000] {dagbag.py:541} INFO - Filling up the DagBag from /home/airflow/.local/lib/python3.7/site-packages/airflow/example_dags/example_skip_dag.py
[2023-08-02T10:41:06.988+0000] {processor.py:836} INFO - DAG(s) dict_keys(['example_skip_dag']) retrieved from /home/airflow/.local/lib/python3.7/site-packages/airflow/example_dags/example_skip_dag.py
[2023-08-02T10:41:07.010+0000] {logging_mixin.py:150} INFO - [2023-08-02T10:41:07.010+0000] {dag.py:2742} INFO - Sync 1 DAGs
[2023-08-02T10:41:07.068+0000] {logging_mixin.py:150} INFO - [2023-08-02T10:41:07.068+0000] {dag.py:3508} INFO - Setting next_dagrun for example_skip_dag to 2023-08-01T10:41:07.068391+00:00, run_after=2023-08-02T10:41:07.068391+00:00
[2023-08-02T10:41:07.084+0000] {processor.py:179} INFO - Processing /home/airflow/.local/lib/python3.7/site-packages/airflow/example_dags/example_skip_dag.py took 0.109 seconds
[2023-08-02T10:41:37.408+0000] {processor.py:157} INFO - Started process (PID=561) to work on /home/airflow/.local/lib/python3.7/site-packages/airflow/example_dags/example_skip_dag.py
[2023-08-02T10:41:37.411+0000] {processor.py:826} INFO - Processing file /home/airflow/.local/lib/python3.7/site-packages/airflow/example_dags/example_skip_dag.py for tasks to queue
[2023-08-02T10:41:37.419+0000] {logging_mixin.py:150} INFO - [2023-08-02T10:41:37.418+0000] {dagbag.py:541} INFO - Filling up the DagBag from /home/airflow/.local/lib/python3.7/site-packages/airflow/example_dags/example_skip_dag.py
[2023-08-02T10:41:37.442+0000] {processor.py:836} INFO - DAG(s) dict_keys(['example_skip_dag']) retrieved from /home/airflow/.local/lib/python3.7/site-packages/airflow/example_dags/example_skip_dag.py
[2023-08-02T10:41:37.531+0000] {logging_mixin.py:150} INFO - [2023-08-02T10:41:37.531+0000] {dag.py:2742} INFO - Sync 1 DAGs
[2023-08-02T10:41:37.557+0000] {logging_mixin.py:150} INFO - [2023-08-02T10:41:37.556+0000] {dag.py:3508} INFO - Setting next_dagrun for example_skip_dag to 2023-08-01T10:41:37.556597+00:00, run_after=2023-08-02T10:41:37.556597+00:00
[2023-08-02T10:41:37.595+0000] {processor.py:179} INFO - Processing /home/airflow/.local/lib/python3.7/site-packages/airflow/example_dags/example_skip_dag.py took 0.195 seconds
[2023-08-02T10:42:07.928+0000] {processor.py:157} INFO - Started process (PID=618) to work on /home/airflow/.local/lib/python3.7/site-packages/airflow/example_dags/example_skip_dag.py
[2023-08-02T10:42:07.929+0000] {processor.py:826} INFO - Processing file /home/airflow/.local/lib/python3.7/site-packages/airflow/example_dags/example_skip_dag.py for tasks to queue
[2023-08-02T10:42:07.931+0000] {logging_mixin.py:150} INFO - [2023-08-02T10:42:07.930+0000] {dagbag.py:541} INFO - Filling up the DagBag from /home/airflow/.local/lib/python3.7/site-packages/airflow/example_dags/example_skip_dag.py
[2023-08-02T10:42:07.938+0000] {processor.py:836} INFO - DAG(s) dict_keys(['example_skip_dag']) retrieved from /home/airflow/.local/lib/python3.7/site-packages/airflow/example_dags/example_skip_dag.py
[2023-08-02T10:42:07.961+0000] {logging_mixin.py:150} INFO - [2023-08-02T10:42:07.961+0000] {dag.py:2742} INFO - Sync 1 DAGs
[2023-08-02T10:42:07.981+0000] {logging_mixin.py:150} INFO - [2023-08-02T10:42:07.981+0000] {dag.py:3508} INFO - Setting next_dagrun for example_skip_dag to 2023-08-01T10:42:07.980785+00:00, run_after=2023-08-02T10:42:07.980785+00:00
[2023-08-02T10:42:08.008+0000] {processor.py:179} INFO - Processing /home/airflow/.local/lib/python3.7/site-packages/airflow/example_dags/example_skip_dag.py took 0.083 seconds
[2023-08-02T10:42:38.607+0000] {processor.py:157} INFO - Started process (PID=674) to work on /home/airflow/.local/lib/python3.7/site-packages/airflow/example_dags/example_skip_dag.py
[2023-08-02T10:42:38.609+0000] {processor.py:826} INFO - Processing file /home/airflow/.local/lib/python3.7/site-packages/airflow/example_dags/example_skip_dag.py for tasks to queue
[2023-08-02T10:42:38.611+0000] {logging_mixin.py:150} INFO - [2023-08-02T10:42:38.610+0000] {dagbag.py:541} INFO - Filling up the DagBag from /home/airflow/.local/lib/python3.7/site-packages/airflow/example_dags/example_skip_dag.py
[2023-08-02T10:42:38.617+0000] {processor.py:836} INFO - DAG(s) dict_keys(['example_skip_dag']) retrieved from /home/airflow/.local/lib/python3.7/site-packages/airflow/example_dags/example_skip_dag.py
[2023-08-02T10:42:38.639+0000] {logging_mixin.py:150} INFO - [2023-08-02T10:42:38.639+0000] {dag.py:2742} INFO - Sync 1 DAGs
[2023-08-02T10:42:38.657+0000] {logging_mixin.py:150} INFO - [2023-08-02T10:42:38.657+0000] {dag.py:3508} INFO - Setting next_dagrun for example_skip_dag to 2023-08-01T10:42:38.656831+00:00, run_after=2023-08-02T10:42:38.656831+00:00
[2023-08-02T10:42:38.672+0000] {processor.py:179} INFO - Processing /home/airflow/.local/lib/python3.7/site-packages/airflow/example_dags/example_skip_dag.py took 0.068 seconds
[2023-08-02T10:43:09.033+0000] {processor.py:157} INFO - Started process (PID=731) to work on /home/airflow/.local/lib/python3.7/site-packages/airflow/example_dags/example_skip_dag.py
[2023-08-02T10:43:09.034+0000] {processor.py:826} INFO - Processing file /home/airflow/.local/lib/python3.7/site-packages/airflow/example_dags/example_skip_dag.py for tasks to queue
[2023-08-02T10:43:09.042+0000] {logging_mixin.py:150} INFO - [2023-08-02T10:43:09.042+0000] {dagbag.py:541} INFO - Filling up the DagBag from /home/airflow/.local/lib/python3.7/site-packages/airflow/example_dags/example_skip_dag.py
[2023-08-02T10:43:09.048+0000] {processor.py:836} INFO - DAG(s) dict_keys(['example_skip_dag']) retrieved from /home/airflow/.local/lib/python3.7/site-packages/airflow/example_dags/example_skip_dag.py
[2023-08-02T10:43:09.070+0000] {logging_mixin.py:150} INFO - [2023-08-02T10:43:09.070+0000] {dag.py:2742} INFO - Sync 1 DAGs
[2023-08-02T10:43:09.090+0000] {logging_mixin.py:150} INFO - [2023-08-02T10:43:09.090+0000] {dag.py:3508} INFO - Setting next_dagrun for example_skip_dag to 2023-08-01T10:43:09.089802+00:00, run_after=2023-08-02T10:43:09.089802+00:00
[2023-08-02T10:43:09.107+0000] {processor.py:179} INFO - Processing /home/airflow/.local/lib/python3.7/site-packages/airflow/example_dags/example_skip_dag.py took 0.077 seconds
[2023-08-02T10:43:39.470+0000] {processor.py:157} INFO - Started process (PID=788) to work on /home/airflow/.local/lib/python3.7/site-packages/airflow/example_dags/example_skip_dag.py
[2023-08-02T10:43:39.472+0000] {processor.py:826} INFO - Processing file /home/airflow/.local/lib/python3.7/site-packages/airflow/example_dags/example_skip_dag.py for tasks to queue
[2023-08-02T10:43:39.473+0000] {logging_mixin.py:150} INFO - [2023-08-02T10:43:39.473+0000] {dagbag.py:541} INFO - Filling up the DagBag from /home/airflow/.local/lib/python3.7/site-packages/airflow/example_dags/example_skip_dag.py
[2023-08-02T10:43:39.480+0000] {processor.py:836} INFO - DAG(s) dict_keys(['example_skip_dag']) retrieved from /home/airflow/.local/lib/python3.7/site-packages/airflow/example_dags/example_skip_dag.py
[2023-08-02T10:43:39.508+0000] {logging_mixin.py:150} INFO - [2023-08-02T10:43:39.508+0000] {dag.py:2742} INFO - Sync 1 DAGs
[2023-08-02T10:43:39.525+0000] {logging_mixin.py:150} INFO - [2023-08-02T10:43:39.525+0000] {dag.py:3508} INFO - Setting next_dagrun for example_skip_dag to 2023-08-01T10:43:39.525160+00:00, run_after=2023-08-02T10:43:39.525160+00:00
[2023-08-02T10:43:39.540+0000] {processor.py:179} INFO - Processing /home/airflow/.local/lib/python3.7/site-packages/airflow/example_dags/example_skip_dag.py took 0.073 seconds
[2023-08-02T10:44:09.674+0000] {processor.py:157} INFO - Started process (PID=844) to work on /home/airflow/.local/lib/python3.7/site-packages/airflow/example_dags/example_skip_dag.py
[2023-08-02T10:44:09.676+0000] {processor.py:826} INFO - Processing file /home/airflow/.local/lib/python3.7/site-packages/airflow/example_dags/example_skip_dag.py for tasks to queue
[2023-08-02T10:44:09.678+0000] {logging_mixin.py:150} INFO - [2023-08-02T10:44:09.678+0000] {dagbag.py:541} INFO - Filling up the DagBag from /home/airflow/.local/lib/python3.7/site-packages/airflow/example_dags/example_skip_dag.py
[2023-08-02T10:44:09.684+0000] {processor.py:836} INFO - DAG(s) dict_keys(['example_skip_dag']) retrieved from /home/airflow/.local/lib/python3.7/site-packages/airflow/example_dags/example_skip_dag.py
[2023-08-02T10:44:09.707+0000] {logging_mixin.py:150} INFO - [2023-08-02T10:44:09.707+0000] {dag.py:2742} INFO - Sync 1 DAGs
[2023-08-02T10:44:09.728+0000] {logging_mixin.py:150} INFO - [2023-08-02T10:44:09.728+0000] {dag.py:3508} INFO - Setting next_dagrun for example_skip_dag to 2023-08-01T10:44:09.728647+00:00, run_after=2023-08-02T10:44:09.728647+00:00
[2023-08-02T10:44:09.744+0000] {processor.py:179} INFO - Processing /home/airflow/.local/lib/python3.7/site-packages/airflow/example_dags/example_skip_dag.py took 0.073 seconds
[2023-08-02T10:44:40.345+0000] {processor.py:157} INFO - Started process (PID=901) to work on /home/airflow/.local/lib/python3.7/site-packages/airflow/example_dags/example_skip_dag.py
[2023-08-02T10:44:40.347+0000] {processor.py:826} INFO - Processing file /home/airflow/.local/lib/python3.7/site-packages/airflow/example_dags/example_skip_dag.py for tasks to queue
[2023-08-02T10:44:40.350+0000] {logging_mixin.py:150} INFO - [2023-08-02T10:44:40.349+0000] {dagbag.py:541} INFO - Filling up the DagBag from /home/airflow/.local/lib/python3.7/site-packages/airflow/example_dags/example_skip_dag.py
[2023-08-02T10:44:40.357+0000] {processor.py:836} INFO - DAG(s) dict_keys(['example_skip_dag']) retrieved from /home/airflow/.local/lib/python3.7/site-packages/airflow/example_dags/example_skip_dag.py
[2023-08-02T10:44:40.380+0000] {logging_mixin.py:150} INFO - [2023-08-02T10:44:40.379+0000] {dag.py:2742} INFO - Sync 1 DAGs
[2023-08-02T10:44:40.398+0000] {logging_mixin.py:150} INFO - [2023-08-02T10:44:40.398+0000] {dag.py:3508} INFO - Setting next_dagrun for example_skip_dag to 2023-08-01T10:44:40.398458+00:00, run_after=2023-08-02T10:44:40.398458+00:00
[2023-08-02T10:44:40.413+0000] {processor.py:179} INFO - Processing /home/airflow/.local/lib/python3.7/site-packages/airflow/example_dags/example_skip_dag.py took 0.071 seconds
[2023-08-02T10:45:11.342+0000] {processor.py:157} INFO - Started process (PID=958) to work on /home/airflow/.local/lib/python3.7/site-packages/airflow/example_dags/example_skip_dag.py
[2023-08-02T10:45:11.344+0000] {processor.py:826} INFO - Processing file /home/airflow/.local/lib/python3.7/site-packages/airflow/example_dags/example_skip_dag.py for tasks to queue
[2023-08-02T10:45:11.346+0000] {logging_mixin.py:150} INFO - [2023-08-02T10:45:11.345+0000] {dagbag.py:541} INFO - Filling up the DagBag from /home/airflow/.local/lib/python3.7/site-packages/airflow/example_dags/example_skip_dag.py
[2023-08-02T10:45:11.352+0000] {processor.py:836} INFO - DAG(s) dict_keys(['example_skip_dag']) retrieved from /home/airflow/.local/lib/python3.7/site-packages/airflow/example_dags/example_skip_dag.py
[2023-08-02T10:45:11.374+0000] {logging_mixin.py:150} INFO - [2023-08-02T10:45:11.374+0000] {dag.py:2742} INFO - Sync 1 DAGs
[2023-08-02T10:45:11.393+0000] {logging_mixin.py:150} INFO - [2023-08-02T10:45:11.393+0000] {dag.py:3508} INFO - Setting next_dagrun for example_skip_dag to 2023-08-01T10:45:11.393027+00:00, run_after=2023-08-02T10:45:11.393027+00:00
[2023-08-02T10:45:11.456+0000] {processor.py:179} INFO - Processing /home/airflow/.local/lib/python3.7/site-packages/airflow/example_dags/example_skip_dag.py took 0.117 seconds
[2023-08-02T10:45:41.675+0000] {processor.py:157} INFO - Started process (PID=1015) to work on /home/airflow/.local/lib/python3.7/site-packages/airflow/example_dags/example_skip_dag.py
[2023-08-02T10:45:41.678+0000] {processor.py:826} INFO - Processing file /home/airflow/.local/lib/python3.7/site-packages/airflow/example_dags/example_skip_dag.py for tasks to queue
[2023-08-02T10:45:41.679+0000] {logging_mixin.py:150} INFO - [2023-08-02T10:45:41.679+0000] {dagbag.py:541} INFO - Filling up the DagBag from /home/airflow/.local/lib/python3.7/site-packages/airflow/example_dags/example_skip_dag.py
[2023-08-02T10:45:41.687+0000] {processor.py:836} INFO - DAG(s) dict_keys(['example_skip_dag']) retrieved from /home/airflow/.local/lib/python3.7/site-packages/airflow/example_dags/example_skip_dag.py
[2023-08-02T10:45:41.719+0000] {logging_mixin.py:150} INFO - [2023-08-02T10:45:41.719+0000] {dag.py:2742} INFO - Sync 1 DAGs
[2023-08-02T10:45:41.745+0000] {logging_mixin.py:150} INFO - [2023-08-02T10:45:41.745+0000] {dag.py:3508} INFO - Setting next_dagrun for example_skip_dag to 2023-08-01T10:45:41.745301+00:00, run_after=2023-08-02T10:45:41.745301+00:00
[2023-08-02T10:45:41.763+0000] {processor.py:179} INFO - Processing /home/airflow/.local/lib/python3.7/site-packages/airflow/example_dags/example_skip_dag.py took 0.092 seconds
[2023-08-02T10:46:11.890+0000] {processor.py:157} INFO - Started process (PID=1071) to work on /home/airflow/.local/lib/python3.7/site-packages/airflow/example_dags/example_skip_dag.py
[2023-08-02T10:46:11.892+0000] {processor.py:826} INFO - Processing file /home/airflow/.local/lib/python3.7/site-packages/airflow/example_dags/example_skip_dag.py for tasks to queue
[2023-08-02T10:46:11.894+0000] {logging_mixin.py:150} INFO - [2023-08-02T10:46:11.893+0000] {dagbag.py:541} INFO - Filling up the DagBag from /home/airflow/.local/lib/python3.7/site-packages/airflow/example_dags/example_skip_dag.py
[2023-08-02T10:46:11.901+0000] {processor.py:836} INFO - DAG(s) dict_keys(['example_skip_dag']) retrieved from /home/airflow/.local/lib/python3.7/site-packages/airflow/example_dags/example_skip_dag.py
[2023-08-02T10:46:11.921+0000] {logging_mixin.py:150} INFO - [2023-08-02T10:46:11.921+0000] {dag.py:2742} INFO - Sync 1 DAGs
[2023-08-02T10:46:11.940+0000] {logging_mixin.py:150} INFO - [2023-08-02T10:46:11.940+0000] {dag.py:3508} INFO - Setting next_dagrun for example_skip_dag to 2023-08-01T10:46:11.939923+00:00, run_after=2023-08-02T10:46:11.939923+00:00
[2023-08-02T10:46:11.957+0000] {processor.py:179} INFO - Processing /home/airflow/.local/lib/python3.7/site-packages/airflow/example_dags/example_skip_dag.py took 0.076 seconds
[2023-08-02T10:46:42.697+0000] {processor.py:157} INFO - Started process (PID=1129) to work on /home/airflow/.local/lib/python3.7/site-packages/airflow/example_dags/example_skip_dag.py
[2023-08-02T10:46:42.699+0000] {processor.py:826} INFO - Processing file /home/airflow/.local/lib/python3.7/site-packages/airflow/example_dags/example_skip_dag.py for tasks to queue
[2023-08-02T10:46:42.700+0000] {logging_mixin.py:150} INFO - [2023-08-02T10:46:42.700+0000] {dagbag.py:541} INFO - Filling up the DagBag from /home/airflow/.local/lib/python3.7/site-packages/airflow/example_dags/example_skip_dag.py
[2023-08-02T10:46:42.707+0000] {processor.py:836} INFO - DAG(s) dict_keys(['example_skip_dag']) retrieved from /home/airflow/.local/lib/python3.7/site-packages/airflow/example_dags/example_skip_dag.py
[2023-08-02T10:46:42.729+0000] {logging_mixin.py:150} INFO - [2023-08-02T10:46:42.729+0000] {dag.py:2742} INFO - Sync 1 DAGs
[2023-08-02T10:46:42.754+0000] {logging_mixin.py:150} INFO - [2023-08-02T10:46:42.754+0000] {dag.py:3508} INFO - Setting next_dagrun for example_skip_dag to 2023-08-01T10:46:42.754034+00:00, run_after=2023-08-02T10:46:42.754034+00:00
[2023-08-02T10:46:42.782+0000] {processor.py:179} INFO - Processing /home/airflow/.local/lib/python3.7/site-packages/airflow/example_dags/example_skip_dag.py took 0.088 seconds
[2023-08-02T10:47:13.103+0000] {processor.py:157} INFO - Started process (PID=1186) to work on /home/airflow/.local/lib/python3.7/site-packages/airflow/example_dags/example_skip_dag.py
[2023-08-02T10:47:13.105+0000] {processor.py:826} INFO - Processing file /home/airflow/.local/lib/python3.7/site-packages/airflow/example_dags/example_skip_dag.py for tasks to queue
[2023-08-02T10:47:13.107+0000] {logging_mixin.py:150} INFO - [2023-08-02T10:47:13.106+0000] {dagbag.py:541} INFO - Filling up the DagBag from /home/airflow/.local/lib/python3.7/site-packages/airflow/example_dags/example_skip_dag.py
[2023-08-02T10:47:13.116+0000] {processor.py:836} INFO - DAG(s) dict_keys(['example_skip_dag']) retrieved from /home/airflow/.local/lib/python3.7/site-packages/airflow/example_dags/example_skip_dag.py
[2023-08-02T10:47:13.138+0000] {logging_mixin.py:150} INFO - [2023-08-02T10:47:13.138+0000] {dag.py:2742} INFO - Sync 1 DAGs
[2023-08-02T10:47:13.158+0000] {logging_mixin.py:150} INFO - [2023-08-02T10:47:13.157+0000] {dag.py:3508} INFO - Setting next_dagrun for example_skip_dag to 2023-08-01T10:47:13.157679+00:00, run_after=2023-08-02T10:47:13.157679+00:00
[2023-08-02T10:47:13.173+0000] {processor.py:179} INFO - Processing /home/airflow/.local/lib/python3.7/site-packages/airflow/example_dags/example_skip_dag.py took 0.074 seconds
[2023-08-02T10:47:43.432+0000] {processor.py:157} INFO - Started process (PID=1243) to work on /home/airflow/.local/lib/python3.7/site-packages/airflow/example_dags/example_skip_dag.py
[2023-08-02T10:47:43.434+0000] {processor.py:826} INFO - Processing file /home/airflow/.local/lib/python3.7/site-packages/airflow/example_dags/example_skip_dag.py for tasks to queue
[2023-08-02T10:47:43.435+0000] {logging_mixin.py:150} INFO - [2023-08-02T10:47:43.435+0000] {dagbag.py:541} INFO - Filling up the DagBag from /home/airflow/.local/lib/python3.7/site-packages/airflow/example_dags/example_skip_dag.py
[2023-08-02T10:47:43.441+0000] {processor.py:836} INFO - DAG(s) dict_keys(['example_skip_dag']) retrieved from /home/airflow/.local/lib/python3.7/site-packages/airflow/example_dags/example_skip_dag.py
[2023-08-02T10:47:43.469+0000] {logging_mixin.py:150} INFO - [2023-08-02T10:47:43.469+0000] {dag.py:2742} INFO - Sync 1 DAGs
[2023-08-02T10:47:43.501+0000] {logging_mixin.py:150} INFO - [2023-08-02T10:47:43.501+0000] {dag.py:3508} INFO - Setting next_dagrun for example_skip_dag to 2023-08-01T10:47:43.501307+00:00, run_after=2023-08-02T10:47:43.501307+00:00
[2023-08-02T10:47:43.515+0000] {processor.py:179} INFO - Processing /home/airflow/.local/lib/python3.7/site-packages/airflow/example_dags/example_skip_dag.py took 0.087 seconds
[2023-08-02T10:48:13.612+0000] {processor.py:157} INFO - Started process (PID=1299) to work on /home/airflow/.local/lib/python3.7/site-packages/airflow/example_dags/example_skip_dag.py
[2023-08-02T10:48:13.615+0000] {processor.py:826} INFO - Processing file /home/airflow/.local/lib/python3.7/site-packages/airflow/example_dags/example_skip_dag.py for tasks to queue
[2023-08-02T10:48:13.618+0000] {logging_mixin.py:150} INFO - [2023-08-02T10:48:13.617+0000] {dagbag.py:541} INFO - Filling up the DagBag from /home/airflow/.local/lib/python3.7/site-packages/airflow/example_dags/example_skip_dag.py
[2023-08-02T10:48:13.625+0000] {processor.py:836} INFO - DAG(s) dict_keys(['example_skip_dag']) retrieved from /home/airflow/.local/lib/python3.7/site-packages/airflow/example_dags/example_skip_dag.py
[2023-08-02T10:48:13.648+0000] {logging_mixin.py:150} INFO - [2023-08-02T10:48:13.648+0000] {dag.py:2742} INFO - Sync 1 DAGs
[2023-08-02T10:48:13.666+0000] {logging_mixin.py:150} INFO - [2023-08-02T10:48:13.666+0000] {dag.py:3508} INFO - Setting next_dagrun for example_skip_dag to 2023-08-01T10:48:13.665816+00:00, run_after=2023-08-02T10:48:13.665816+00:00
[2023-08-02T10:48:13.689+0000] {processor.py:179} INFO - Processing /home/airflow/.local/lib/python3.7/site-packages/airflow/example_dags/example_skip_dag.py took 0.081 seconds
[2023-08-02T10:48:43.762+0000] {processor.py:157} INFO - Started process (PID=1356) to work on /home/airflow/.local/lib/python3.7/site-packages/airflow/example_dags/example_skip_dag.py
[2023-08-02T10:48:43.766+0000] {processor.py:826} INFO - Processing file /home/airflow/.local/lib/python3.7/site-packages/airflow/example_dags/example_skip_dag.py for tasks to queue
[2023-08-02T10:48:43.768+0000] {logging_mixin.py:150} INFO - [2023-08-02T10:48:43.768+0000] {dagbag.py:541} INFO - Filling up the DagBag from /home/airflow/.local/lib/python3.7/site-packages/airflow/example_dags/example_skip_dag.py
[2023-08-02T10:48:43.778+0000] {processor.py:836} INFO - DAG(s) dict_keys(['example_skip_dag']) retrieved from /home/airflow/.local/lib/python3.7/site-packages/airflow/example_dags/example_skip_dag.py
[2023-08-02T10:48:43.802+0000] {logging_mixin.py:150} INFO - [2023-08-02T10:48:43.802+0000] {dag.py:2742} INFO - Sync 1 DAGs
[2023-08-02T10:48:43.821+0000] {logging_mixin.py:150} INFO - [2023-08-02T10:48:43.821+0000] {dag.py:3508} INFO - Setting next_dagrun for example_skip_dag to 2023-08-01T10:48:43.821095+00:00, run_after=2023-08-02T10:48:43.821095+00:00
[2023-08-02T10:48:43.835+0000] {processor.py:179} INFO - Processing /home/airflow/.local/lib/python3.7/site-packages/airflow/example_dags/example_skip_dag.py took 0.077 seconds
[2023-08-02T10:49:14.198+0000] {processor.py:157} INFO - Started process (PID=1413) to work on /home/airflow/.local/lib/python3.7/site-packages/airflow/example_dags/example_skip_dag.py
[2023-08-02T10:49:14.201+0000] {processor.py:826} INFO - Processing file /home/airflow/.local/lib/python3.7/site-packages/airflow/example_dags/example_skip_dag.py for tasks to queue
[2023-08-02T10:49:14.207+0000] {logging_mixin.py:150} INFO - [2023-08-02T10:49:14.207+0000] {dagbag.py:541} INFO - Filling up the DagBag from /home/airflow/.local/lib/python3.7/site-packages/airflow/example_dags/example_skip_dag.py
[2023-08-02T10:49:14.215+0000] {processor.py:836} INFO - DAG(s) dict_keys(['example_skip_dag']) retrieved from /home/airflow/.local/lib/python3.7/site-packages/airflow/example_dags/example_skip_dag.py
[2023-08-02T10:49:14.239+0000] {logging_mixin.py:150} INFO - [2023-08-02T10:49:14.239+0000] {dag.py:2742} INFO - Sync 1 DAGs
[2023-08-02T10:49:14.257+0000] {logging_mixin.py:150} INFO - [2023-08-02T10:49:14.257+0000] {dag.py:3508} INFO - Setting next_dagrun for example_skip_dag to 2023-08-01T10:49:14.257387+00:00, run_after=2023-08-02T10:49:14.257387+00:00
[2023-08-02T10:49:14.274+0000] {processor.py:179} INFO - Processing /home/airflow/.local/lib/python3.7/site-packages/airflow/example_dags/example_skip_dag.py took 0.079 seconds
[2023-08-02T10:49:44.532+0000] {processor.py:157} INFO - Started process (PID=1470) to work on /home/airflow/.local/lib/python3.7/site-packages/airflow/example_dags/example_skip_dag.py
[2023-08-02T10:49:44.534+0000] {processor.py:826} INFO - Processing file /home/airflow/.local/lib/python3.7/site-packages/airflow/example_dags/example_skip_dag.py for tasks to queue
[2023-08-02T10:49:44.535+0000] {logging_mixin.py:150} INFO - [2023-08-02T10:49:44.535+0000] {dagbag.py:541} INFO - Filling up the DagBag from /home/airflow/.local/lib/python3.7/site-packages/airflow/example_dags/example_skip_dag.py
[2023-08-02T10:49:44.542+0000] {processor.py:836} INFO - DAG(s) dict_keys(['example_skip_dag']) retrieved from /home/airflow/.local/lib/python3.7/site-packages/airflow/example_dags/example_skip_dag.py
[2023-08-02T10:49:44.566+0000] {logging_mixin.py:150} INFO - [2023-08-02T10:49:44.566+0000] {dag.py:2742} INFO - Sync 1 DAGs
[2023-08-02T10:49:44.600+0000] {logging_mixin.py:150} INFO - [2023-08-02T10:49:44.600+0000] {dag.py:3508} INFO - Setting next_dagrun for example_skip_dag to 2023-08-01T10:49:44.599955+00:00, run_after=2023-08-02T10:49:44.599955+00:00
[2023-08-02T10:49:44.612+0000] {processor.py:179} INFO - Processing /home/airflow/.local/lib/python3.7/site-packages/airflow/example_dags/example_skip_dag.py took 0.083 seconds
[2023-08-02T10:50:14.968+0000] {processor.py:157} INFO - Started process (PID=1527) to work on /home/airflow/.local/lib/python3.7/site-packages/airflow/example_dags/example_skip_dag.py
[2023-08-02T10:50:14.972+0000] {processor.py:826} INFO - Processing file /home/airflow/.local/lib/python3.7/site-packages/airflow/example_dags/example_skip_dag.py for tasks to queue
[2023-08-02T10:50:14.976+0000] {logging_mixin.py:150} INFO - [2023-08-02T10:50:14.975+0000] {dagbag.py:541} INFO - Filling up the DagBag from /home/airflow/.local/lib/python3.7/site-packages/airflow/example_dags/example_skip_dag.py
[2023-08-02T10:50:14.989+0000] {processor.py:836} INFO - DAG(s) dict_keys(['example_skip_dag']) retrieved from /home/airflow/.local/lib/python3.7/site-packages/airflow/example_dags/example_skip_dag.py
[2023-08-02T10:50:15.032+0000] {logging_mixin.py:150} INFO - [2023-08-02T10:50:15.032+0000] {dag.py:2742} INFO - Sync 1 DAGs
[2023-08-02T10:50:15.087+0000] {logging_mixin.py:150} INFO - [2023-08-02T10:50:15.087+0000] {dag.py:3508} INFO - Setting next_dagrun for example_skip_dag to 2023-08-01T10:50:15.087479+00:00, run_after=2023-08-02T10:50:15.087479+00:00
[2023-08-02T10:50:15.121+0000] {processor.py:179} INFO - Processing /home/airflow/.local/lib/python3.7/site-packages/airflow/example_dags/example_skip_dag.py took 0.158 seconds
[2023-08-02T10:50:45.420+0000] {processor.py:157} INFO - Started process (PID=1584) to work on /home/airflow/.local/lib/python3.7/site-packages/airflow/example_dags/example_skip_dag.py
[2023-08-02T10:50:45.423+0000] {processor.py:826} INFO - Processing file /home/airflow/.local/lib/python3.7/site-packages/airflow/example_dags/example_skip_dag.py for tasks to queue
[2023-08-02T10:50:45.425+0000] {logging_mixin.py:150} INFO - [2023-08-02T10:50:45.424+0000] {dagbag.py:541} INFO - Filling up the DagBag from /home/airflow/.local/lib/python3.7/site-packages/airflow/example_dags/example_skip_dag.py
[2023-08-02T10:50:45.434+0000] {processor.py:836} INFO - DAG(s) dict_keys(['example_skip_dag']) retrieved from /home/airflow/.local/lib/python3.7/site-packages/airflow/example_dags/example_skip_dag.py
[2023-08-02T10:50:45.472+0000] {logging_mixin.py:150} INFO - [2023-08-02T10:50:45.471+0000] {dag.py:2742} INFO - Sync 1 DAGs
[2023-08-02T10:50:45.497+0000] {logging_mixin.py:150} INFO - [2023-08-02T10:50:45.497+0000] {dag.py:3508} INFO - Setting next_dagrun for example_skip_dag to 2023-08-01T10:50:45.497506+00:00, run_after=2023-08-02T10:50:45.497506+00:00
[2023-08-02T10:50:45.515+0000] {processor.py:179} INFO - Processing /home/airflow/.local/lib/python3.7/site-packages/airflow/example_dags/example_skip_dag.py took 0.102 seconds
[2023-08-02T10:51:15.721+0000] {processor.py:157} INFO - Started process (PID=1641) to work on /home/airflow/.local/lib/python3.7/site-packages/airflow/example_dags/example_skip_dag.py
[2023-08-02T10:51:15.726+0000] {processor.py:826} INFO - Processing file /home/airflow/.local/lib/python3.7/site-packages/airflow/example_dags/example_skip_dag.py for tasks to queue
[2023-08-02T10:51:15.729+0000] {logging_mixin.py:150} INFO - [2023-08-02T10:51:15.728+0000] {dagbag.py:541} INFO - Filling up the DagBag from /home/airflow/.local/lib/python3.7/site-packages/airflow/example_dags/example_skip_dag.py
[2023-08-02T10:51:15.737+0000] {processor.py:836} INFO - DAG(s) dict_keys(['example_skip_dag']) retrieved from /home/airflow/.local/lib/python3.7/site-packages/airflow/example_dags/example_skip_dag.py
[2023-08-02T10:51:15.762+0000] {logging_mixin.py:150} INFO - [2023-08-02T10:51:15.762+0000] {dag.py:2742} INFO - Sync 1 DAGs
[2023-08-02T10:51:15.779+0000] {logging_mixin.py:150} INFO - [2023-08-02T10:51:15.779+0000] {dag.py:3508} INFO - Setting next_dagrun for example_skip_dag to 2023-08-01T10:51:15.779247+00:00, run_after=2023-08-02T10:51:15.779247+00:00
[2023-08-02T10:51:15.792+0000] {processor.py:179} INFO - Processing /home/airflow/.local/lib/python3.7/site-packages/airflow/example_dags/example_skip_dag.py took 0.078 seconds
[2023-08-02T10:51:46.133+0000] {processor.py:157} INFO - Started process (PID=1698) to work on /home/airflow/.local/lib/python3.7/site-packages/airflow/example_dags/example_skip_dag.py
[2023-08-02T10:51:46.135+0000] {processor.py:826} INFO - Processing file /home/airflow/.local/lib/python3.7/site-packages/airflow/example_dags/example_skip_dag.py for tasks to queue
[2023-08-02T10:51:46.137+0000] {logging_mixin.py:150} INFO - [2023-08-02T10:51:46.136+0000] {dagbag.py:541} INFO - Filling up the DagBag from /home/airflow/.local/lib/python3.7/site-packages/airflow/example_dags/example_skip_dag.py
[2023-08-02T10:51:46.145+0000] {processor.py:836} INFO - DAG(s) dict_keys(['example_skip_dag']) retrieved from /home/airflow/.local/lib/python3.7/site-packages/airflow/example_dags/example_skip_dag.py
[2023-08-02T10:51:46.169+0000] {logging_mixin.py:150} INFO - [2023-08-02T10:51:46.168+0000] {dag.py:2742} INFO - Sync 1 DAGs
[2023-08-02T10:51:46.187+0000] {logging_mixin.py:150} INFO - [2023-08-02T10:51:46.187+0000] {dag.py:3508} INFO - Setting next_dagrun for example_skip_dag to 2023-08-01T10:51:46.187437+00:00, run_after=2023-08-02T10:51:46.187437+00:00
[2023-08-02T10:51:46.201+0000] {processor.py:179} INFO - Processing /home/airflow/.local/lib/python3.7/site-packages/airflow/example_dags/example_skip_dag.py took 0.073 seconds
[2023-08-02T10:52:16.483+0000] {processor.py:157} INFO - Started process (PID=1755) to work on /home/airflow/.local/lib/python3.7/site-packages/airflow/example_dags/example_skip_dag.py
[2023-08-02T10:52:16.486+0000] {processor.py:826} INFO - Processing file /home/airflow/.local/lib/python3.7/site-packages/airflow/example_dags/example_skip_dag.py for tasks to queue
[2023-08-02T10:52:16.488+0000] {logging_mixin.py:150} INFO - [2023-08-02T10:52:16.488+0000] {dagbag.py:541} INFO - Filling up the DagBag from /home/airflow/.local/lib/python3.7/site-packages/airflow/example_dags/example_skip_dag.py
[2023-08-02T10:52:16.498+0000] {processor.py:836} INFO - DAG(s) dict_keys(['example_skip_dag']) retrieved from /home/airflow/.local/lib/python3.7/site-packages/airflow/example_dags/example_skip_dag.py
[2023-08-02T10:52:16.535+0000] {logging_mixin.py:150} INFO - [2023-08-02T10:52:16.535+0000] {dag.py:2742} INFO - Sync 1 DAGs
[2023-08-02T10:52:16.563+0000] {logging_mixin.py:150} INFO - [2023-08-02T10:52:16.563+0000] {dag.py:3508} INFO - Setting next_dagrun for example_skip_dag to 2023-08-01T10:52:16.563196+00:00, run_after=2023-08-02T10:52:16.563196+00:00
[2023-08-02T10:52:16.581+0000] {processor.py:179} INFO - Processing /home/airflow/.local/lib/python3.7/site-packages/airflow/example_dags/example_skip_dag.py took 0.101 seconds
[2023-08-02T10:52:46.651+0000] {processor.py:157} INFO - Started process (PID=1812) to work on /home/airflow/.local/lib/python3.7/site-packages/airflow/example_dags/example_skip_dag.py
[2023-08-02T10:52:46.654+0000] {processor.py:826} INFO - Processing file /home/airflow/.local/lib/python3.7/site-packages/airflow/example_dags/example_skip_dag.py for tasks to queue
[2023-08-02T10:52:46.655+0000] {logging_mixin.py:150} INFO - [2023-08-02T10:52:46.655+0000] {dagbag.py:541} INFO - Filling up the DagBag from /home/airflow/.local/lib/python3.7/site-packages/airflow/example_dags/example_skip_dag.py
[2023-08-02T10:52:46.661+0000] {processor.py:836} INFO - DAG(s) dict_keys(['example_skip_dag']) retrieved from /home/airflow/.local/lib/python3.7/site-packages/airflow/example_dags/example_skip_dag.py
[2023-08-02T10:52:46.685+0000] {logging_mixin.py:150} INFO - [2023-08-02T10:52:46.685+0000] {dag.py:2742} INFO - Sync 1 DAGs
[2023-08-02T10:52:46.701+0000] {logging_mixin.py:150} INFO - [2023-08-02T10:52:46.701+0000] {dag.py:3508} INFO - Setting next_dagrun for example_skip_dag to 2023-08-01T10:52:46.701152+00:00, run_after=2023-08-02T10:52:46.701152+00:00
[2023-08-02T10:52:46.723+0000] {processor.py:179} INFO - Processing /home/airflow/.local/lib/python3.7/site-packages/airflow/example_dags/example_skip_dag.py took 0.075 seconds
[2023-08-02T10:53:16.953+0000] {processor.py:157} INFO - Started process (PID=1870) to work on /home/airflow/.local/lib/python3.7/site-packages/airflow/example_dags/example_skip_dag.py
[2023-08-02T10:53:16.956+0000] {processor.py:826} INFO - Processing file /home/airflow/.local/lib/python3.7/site-packages/airflow/example_dags/example_skip_dag.py for tasks to queue
[2023-08-02T10:53:16.958+0000] {logging_mixin.py:150} INFO - [2023-08-02T10:53:16.957+0000] {dagbag.py:541} INFO - Filling up the DagBag from /home/airflow/.local/lib/python3.7/site-packages/airflow/example_dags/example_skip_dag.py
[2023-08-02T10:53:16.971+0000] {processor.py:836} INFO - DAG(s) dict_keys(['example_skip_dag']) retrieved from /home/airflow/.local/lib/python3.7/site-packages/airflow/example_dags/example_skip_dag.py
[2023-08-02T10:53:16.993+0000] {logging_mixin.py:150} INFO - [2023-08-02T10:53:16.993+0000] {dag.py:2742} INFO - Sync 1 DAGs
[2023-08-02T10:53:17.011+0000] {logging_mixin.py:150} INFO - [2023-08-02T10:53:17.011+0000] {dag.py:3508} INFO - Setting next_dagrun for example_skip_dag to 2023-08-01T10:53:17.010958+00:00, run_after=2023-08-02T10:53:17.010958+00:00
[2023-08-02T10:53:17.023+0000] {processor.py:179} INFO - Processing /home/airflow/.local/lib/python3.7/site-packages/airflow/example_dags/example_skip_dag.py took 0.075 seconds
[2023-08-02T10:53:47.272+0000] {processor.py:157} INFO - Started process (PID=1927) to work on /home/airflow/.local/lib/python3.7/site-packages/airflow/example_dags/example_skip_dag.py
[2023-08-02T10:53:47.275+0000] {processor.py:826} INFO - Processing file /home/airflow/.local/lib/python3.7/site-packages/airflow/example_dags/example_skip_dag.py for tasks to queue
[2023-08-02T10:53:47.287+0000] {logging_mixin.py:150} INFO - [2023-08-02T10:53:47.287+0000] {dagbag.py:541} INFO - Filling up the DagBag from /home/airflow/.local/lib/python3.7/site-packages/airflow/example_dags/example_skip_dag.py
[2023-08-02T10:53:47.294+0000] {processor.py:836} INFO - DAG(s) dict_keys(['example_skip_dag']) retrieved from /home/airflow/.local/lib/python3.7/site-packages/airflow/example_dags/example_skip_dag.py
[2023-08-02T10:53:47.315+0000] {logging_mixin.py:150} INFO - [2023-08-02T10:53:47.315+0000] {dag.py:2742} INFO - Sync 1 DAGs
[2023-08-02T10:53:47.333+0000] {logging_mixin.py:150} INFO - [2023-08-02T10:53:47.333+0000] {dag.py:3508} INFO - Setting next_dagrun for example_skip_dag to 2023-08-01T10:53:47.333309+00:00, run_after=2023-08-02T10:53:47.333309+00:00
[2023-08-02T10:53:47.347+0000] {processor.py:179} INFO - Processing /home/airflow/.local/lib/python3.7/site-packages/airflow/example_dags/example_skip_dag.py took 0.079 seconds
[2023-08-02T10:54:17.627+0000] {processor.py:157} INFO - Started process (PID=1985) to work on /home/airflow/.local/lib/python3.7/site-packages/airflow/example_dags/example_skip_dag.py
[2023-08-02T10:54:17.629+0000] {processor.py:826} INFO - Processing file /home/airflow/.local/lib/python3.7/site-packages/airflow/example_dags/example_skip_dag.py for tasks to queue
[2023-08-02T10:54:17.630+0000] {logging_mixin.py:150} INFO - [2023-08-02T10:54:17.630+0000] {dagbag.py:541} INFO - Filling up the DagBag from /home/airflow/.local/lib/python3.7/site-packages/airflow/example_dags/example_skip_dag.py
[2023-08-02T10:54:17.637+0000] {processor.py:836} INFO - DAG(s) dict_keys(['example_skip_dag']) retrieved from /home/airflow/.local/lib/python3.7/site-packages/airflow/example_dags/example_skip_dag.py
[2023-08-02T10:54:17.660+0000] {logging_mixin.py:150} INFO - [2023-08-02T10:54:17.660+0000] {dag.py:2742} INFO - Sync 1 DAGs
[2023-08-02T10:54:17.678+0000] {logging_mixin.py:150} INFO - [2023-08-02T10:54:17.677+0000] {dag.py:3508} INFO - Setting next_dagrun for example_skip_dag to 2023-08-01T10:54:17.677691+00:00, run_after=2023-08-02T10:54:17.677691+00:00
[2023-08-02T10:54:17.703+0000] {processor.py:179} INFO - Processing /home/airflow/.local/lib/python3.7/site-packages/airflow/example_dags/example_skip_dag.py took 0.079 seconds
[2023-08-02T10:54:47.866+0000] {processor.py:157} INFO - Started process (PID=2043) to work on /home/airflow/.local/lib/python3.7/site-packages/airflow/example_dags/example_skip_dag.py
[2023-08-02T10:54:47.871+0000] {processor.py:826} INFO - Processing file /home/airflow/.local/lib/python3.7/site-packages/airflow/example_dags/example_skip_dag.py for tasks to queue
[2023-08-02T10:54:47.873+0000] {logging_mixin.py:150} INFO - [2023-08-02T10:54:47.872+0000] {dagbag.py:541} INFO - Filling up the DagBag from /home/airflow/.local/lib/python3.7/site-packages/airflow/example_dags/example_skip_dag.py
[2023-08-02T10:54:47.880+0000] {processor.py:836} INFO - DAG(s) dict_keys(['example_skip_dag']) retrieved from /home/airflow/.local/lib/python3.7/site-packages/airflow/example_dags/example_skip_dag.py
[2023-08-02T10:54:47.904+0000] {logging_mixin.py:150} INFO - [2023-08-02T10:54:47.904+0000] {dag.py:2742} INFO - Sync 1 DAGs
[2023-08-02T10:54:47.922+0000] {logging_mixin.py:150} INFO - [2023-08-02T10:54:47.922+0000] {dag.py:3508} INFO - Setting next_dagrun for example_skip_dag to 2023-08-01T10:54:47.922025+00:00, run_after=2023-08-02T10:54:47.922025+00:00
[2023-08-02T10:54:47.934+0000] {processor.py:179} INFO - Processing /home/airflow/.local/lib/python3.7/site-packages/airflow/example_dags/example_skip_dag.py took 0.074 seconds
[2023-08-02T10:55:18.335+0000] {processor.py:157} INFO - Started process (PID=2100) to work on /home/airflow/.local/lib/python3.7/site-packages/airflow/example_dags/example_skip_dag.py
[2023-08-02T10:55:18.338+0000] {processor.py:826} INFO - Processing file /home/airflow/.local/lib/python3.7/site-packages/airflow/example_dags/example_skip_dag.py for tasks to queue
[2023-08-02T10:55:18.340+0000] {logging_mixin.py:150} INFO - [2023-08-02T10:55:18.339+0000] {dagbag.py:541} INFO - Filling up the DagBag from /home/airflow/.local/lib/python3.7/site-packages/airflow/example_dags/example_skip_dag.py
[2023-08-02T10:55:18.356+0000] {processor.py:836} INFO - DAG(s) dict_keys(['example_skip_dag']) retrieved from /home/airflow/.local/lib/python3.7/site-packages/airflow/example_dags/example_skip_dag.py
[2023-08-02T10:55:18.378+0000] {logging_mixin.py:150} INFO - [2023-08-02T10:55:18.378+0000] {dag.py:2742} INFO - Sync 1 DAGs
[2023-08-02T10:55:18.396+0000] {logging_mixin.py:150} INFO - [2023-08-02T10:55:18.395+0000] {dag.py:3508} INFO - Setting next_dagrun for example_skip_dag to 2023-08-01T10:55:18.395731+00:00, run_after=2023-08-02T10:55:18.395731+00:00
[2023-08-02T10:55:18.409+0000] {processor.py:179} INFO - Processing /home/airflow/.local/lib/python3.7/site-packages/airflow/example_dags/example_skip_dag.py took 0.078 seconds
[2023-08-02T12:19:19.160+0000] {processor.py:157} INFO - Started process (PID=2158) to work on /home/airflow/.local/lib/python3.7/site-packages/airflow/example_dags/example_skip_dag.py
[2023-08-02T12:19:19.171+0000] {processor.py:826} INFO - Processing file /home/airflow/.local/lib/python3.7/site-packages/airflow/example_dags/example_skip_dag.py for tasks to queue
[2023-08-02T12:19:19.174+0000] {logging_mixin.py:150} INFO - [2023-08-02T12:19:19.173+0000] {dagbag.py:541} INFO - Filling up the DagBag from /home/airflow/.local/lib/python3.7/site-packages/airflow/example_dags/example_skip_dag.py
[2023-08-02T12:19:19.186+0000] {processor.py:836} INFO - DAG(s) dict_keys(['example_skip_dag']) retrieved from /home/airflow/.local/lib/python3.7/site-packages/airflow/example_dags/example_skip_dag.py
[2023-08-02T12:19:19.222+0000] {logging_mixin.py:150} INFO - [2023-08-02T12:19:19.221+0000] {dag.py:2742} INFO - Sync 1 DAGs
[2023-08-02T12:19:19.263+0000] {logging_mixin.py:150} INFO - [2023-08-02T12:19:19.262+0000] {dag.py:3508} INFO - Setting next_dagrun for example_skip_dag to 2023-08-01T12:19:19.262543+00:00, run_after=2023-08-02T12:19:19.262543+00:00
[2023-08-02T12:19:19.298+0000] {processor.py:179} INFO - Processing /home/airflow/.local/lib/python3.7/site-packages/airflow/example_dags/example_skip_dag.py took 0.148 seconds
[2023-08-02T13:26:12.129+0000] {processor.py:157} INFO - Started process (PID=2215) to work on /home/airflow/.local/lib/python3.7/site-packages/airflow/example_dags/example_skip_dag.py
[2023-08-02T13:26:12.134+0000] {processor.py:826} INFO - Processing file /home/airflow/.local/lib/python3.7/site-packages/airflow/example_dags/example_skip_dag.py for tasks to queue
[2023-08-02T13:26:12.136+0000] {logging_mixin.py:150} INFO - [2023-08-02T13:26:12.136+0000] {dagbag.py:541} INFO - Filling up the DagBag from /home/airflow/.local/lib/python3.7/site-packages/airflow/example_dags/example_skip_dag.py
[2023-08-02T13:26:12.149+0000] {processor.py:836} INFO - DAG(s) dict_keys(['example_skip_dag']) retrieved from /home/airflow/.local/lib/python3.7/site-packages/airflow/example_dags/example_skip_dag.py
[2023-08-02T13:26:12.181+0000] {logging_mixin.py:150} INFO - [2023-08-02T13:26:12.181+0000] {dag.py:2742} INFO - Sync 1 DAGs
[2023-08-02T13:26:12.206+0000] {logging_mixin.py:150} INFO - [2023-08-02T13:26:12.206+0000] {dag.py:3508} INFO - Setting next_dagrun for example_skip_dag to 2023-08-01T13:26:12.205834+00:00, run_after=2023-08-02T13:26:12.205834+00:00
[2023-08-02T13:26:12.231+0000] {processor.py:179} INFO - Processing /home/airflow/.local/lib/python3.7/site-packages/airflow/example_dags/example_skip_dag.py took 0.107 seconds
[2023-08-02T14:49:11.305+0000] {processor.py:157} INFO - Started process (PID=2273) to work on /home/airflow/.local/lib/python3.7/site-packages/airflow/example_dags/example_skip_dag.py
[2023-08-02T14:49:11.308+0000] {processor.py:826} INFO - Processing file /home/airflow/.local/lib/python3.7/site-packages/airflow/example_dags/example_skip_dag.py for tasks to queue
[2023-08-02T14:49:11.310+0000] {logging_mixin.py:150} INFO - [2023-08-02T14:49:11.309+0000] {dagbag.py:541} INFO - Filling up the DagBag from /home/airflow/.local/lib/python3.7/site-packages/airflow/example_dags/example_skip_dag.py
[2023-08-02T14:49:11.316+0000] {processor.py:836} INFO - DAG(s) dict_keys(['example_skip_dag']) retrieved from /home/airflow/.local/lib/python3.7/site-packages/airflow/example_dags/example_skip_dag.py
[2023-08-02T14:49:11.339+0000] {logging_mixin.py:150} INFO - [2023-08-02T14:49:11.339+0000] {dag.py:2742} INFO - Sync 1 DAGs
[2023-08-02T14:49:11.361+0000] {logging_mixin.py:150} INFO - [2023-08-02T14:49:11.361+0000] {dag.py:3508} INFO - Setting next_dagrun for example_skip_dag to 2023-08-01T14:49:11.360878+00:00, run_after=2023-08-02T14:49:11.360878+00:00
[2023-08-02T14:49:11.380+0000] {processor.py:179} INFO - Processing /home/airflow/.local/lib/python3.7/site-packages/airflow/example_dags/example_skip_dag.py took 0.078 seconds
[2023-08-02T15:54:28.059+0000] {processor.py:157} INFO - Started process (PID=2329) to work on /home/airflow/.local/lib/python3.7/site-packages/airflow/example_dags/example_skip_dag.py
[2023-08-02T15:54:28.061+0000] {processor.py:826} INFO - Processing file /home/airflow/.local/lib/python3.7/site-packages/airflow/example_dags/example_skip_dag.py for tasks to queue
[2023-08-02T15:54:28.063+0000] {logging_mixin.py:150} INFO - [2023-08-02T15:54:28.062+0000] {dagbag.py:541} INFO - Filling up the DagBag from /home/airflow/.local/lib/python3.7/site-packages/airflow/example_dags/example_skip_dag.py
[2023-08-02T15:54:28.069+0000] {processor.py:836} INFO - DAG(s) dict_keys(['example_skip_dag']) retrieved from /home/airflow/.local/lib/python3.7/site-packages/airflow/example_dags/example_skip_dag.py
[2023-08-02T15:54:28.098+0000] {logging_mixin.py:150} INFO - [2023-08-02T15:54:28.098+0000] {dag.py:2742} INFO - Sync 1 DAGs
[2023-08-02T15:54:28.126+0000] {logging_mixin.py:150} INFO - [2023-08-02T15:54:28.126+0000] {dag.py:3508} INFO - Setting next_dagrun for example_skip_dag to 2023-08-01T15:54:28.126154+00:00, run_after=2023-08-02T15:54:28.126154+00:00
[2023-08-02T15:54:28.144+0000] {processor.py:179} INFO - Processing /home/airflow/.local/lib/python3.7/site-packages/airflow/example_dags/example_skip_dag.py took 0.088 seconds
[2023-08-02T16:26:51.919+0000] {processor.py:157} INFO - Started process (PID=2386) to work on /home/airflow/.local/lib/python3.7/site-packages/airflow/example_dags/example_skip_dag.py
[2023-08-02T16:26:51.921+0000] {processor.py:826} INFO - Processing file /home/airflow/.local/lib/python3.7/site-packages/airflow/example_dags/example_skip_dag.py for tasks to queue
[2023-08-02T16:26:51.923+0000] {logging_mixin.py:150} INFO - [2023-08-02T16:26:51.922+0000] {dagbag.py:541} INFO - Filling up the DagBag from /home/airflow/.local/lib/python3.7/site-packages/airflow/example_dags/example_skip_dag.py
[2023-08-02T16:26:51.930+0000] {processor.py:836} INFO - DAG(s) dict_keys(['example_skip_dag']) retrieved from /home/airflow/.local/lib/python3.7/site-packages/airflow/example_dags/example_skip_dag.py
[2023-08-02T16:26:51.957+0000] {logging_mixin.py:150} INFO - [2023-08-02T16:26:51.957+0000] {dag.py:2742} INFO - Sync 1 DAGs
[2023-08-02T16:26:51.981+0000] {logging_mixin.py:150} INFO - [2023-08-02T16:26:51.980+0000] {dag.py:3508} INFO - Setting next_dagrun for example_skip_dag to 2023-08-01T16:26:51.980438+00:00, run_after=2023-08-02T16:26:51.980438+00:00
[2023-08-02T16:26:51.999+0000] {processor.py:179} INFO - Processing /home/airflow/.local/lib/python3.7/site-packages/airflow/example_dags/example_skip_dag.py took 0.082 seconds
[2023-08-02T17:14:37.223+0000] {processor.py:157} INFO - Started process (PID=2444) to work on /home/airflow/.local/lib/python3.7/site-packages/airflow/example_dags/example_skip_dag.py
[2023-08-02T17:14:37.225+0000] {processor.py:826} INFO - Processing file /home/airflow/.local/lib/python3.7/site-packages/airflow/example_dags/example_skip_dag.py for tasks to queue
[2023-08-02T17:14:37.226+0000] {logging_mixin.py:150} INFO - [2023-08-02T17:14:37.226+0000] {dagbag.py:541} INFO - Filling up the DagBag from /home/airflow/.local/lib/python3.7/site-packages/airflow/example_dags/example_skip_dag.py
[2023-08-02T17:14:37.232+0000] {processor.py:836} INFO - DAG(s) dict_keys(['example_skip_dag']) retrieved from /home/airflow/.local/lib/python3.7/site-packages/airflow/example_dags/example_skip_dag.py
[2023-08-02T17:14:37.253+0000] {logging_mixin.py:150} INFO - [2023-08-02T17:14:37.253+0000] {dag.py:2742} INFO - Sync 1 DAGs
[2023-08-02T17:14:37.274+0000] {logging_mixin.py:150} INFO - [2023-08-02T17:14:37.274+0000] {dag.py:3508} INFO - Setting next_dagrun for example_skip_dag to 2023-08-01T17:14:37.274142+00:00, run_after=2023-08-02T17:14:37.274142+00:00
[2023-08-02T17:14:37.288+0000] {processor.py:179} INFO - Processing /home/airflow/.local/lib/python3.7/site-packages/airflow/example_dags/example_skip_dag.py took 0.068 seconds
[2023-08-02T18:59:10.402+0000] {processor.py:157} INFO - Started process (PID=2501) to work on /home/airflow/.local/lib/python3.7/site-packages/airflow/example_dags/example_skip_dag.py
[2023-08-02T18:59:10.404+0000] {processor.py:826} INFO - Processing file /home/airflow/.local/lib/python3.7/site-packages/airflow/example_dags/example_skip_dag.py for tasks to queue
[2023-08-02T18:59:10.406+0000] {logging_mixin.py:150} INFO - [2023-08-02T18:59:10.406+0000] {dagbag.py:541} INFO - Filling up the DagBag from /home/airflow/.local/lib/python3.7/site-packages/airflow/example_dags/example_skip_dag.py
[2023-08-02T18:59:10.413+0000] {processor.py:836} INFO - DAG(s) dict_keys(['example_skip_dag']) retrieved from /home/airflow/.local/lib/python3.7/site-packages/airflow/example_dags/example_skip_dag.py
[2023-08-02T18:59:10.440+0000] {logging_mixin.py:150} INFO - [2023-08-02T18:59:10.440+0000] {dag.py:2742} INFO - Sync 1 DAGs
[2023-08-02T18:59:10.462+0000] {logging_mixin.py:150} INFO - [2023-08-02T18:59:10.462+0000] {dag.py:3508} INFO - Setting next_dagrun for example_skip_dag to 2023-08-01T18:59:10.461746+00:00, run_after=2023-08-02T18:59:10.461746+00:00
[2023-08-02T18:59:10.475+0000] {processor.py:179} INFO - Processing /home/airflow/.local/lib/python3.7/site-packages/airflow/example_dags/example_skip_dag.py took 0.076 seconds
[2023-08-02T20:21:33.427+0000] {processor.py:157} INFO - Started process (PID=2559) to work on /home/airflow/.local/lib/python3.7/site-packages/airflow/example_dags/example_skip_dag.py
[2023-08-02T20:21:33.430+0000] {processor.py:826} INFO - Processing file /home/airflow/.local/lib/python3.7/site-packages/airflow/example_dags/example_skip_dag.py for tasks to queue
[2023-08-02T20:21:33.431+0000] {logging_mixin.py:150} INFO - [2023-08-02T20:21:33.431+0000] {dagbag.py:541} INFO - Filling up the DagBag from /home/airflow/.local/lib/python3.7/site-packages/airflow/example_dags/example_skip_dag.py
[2023-08-02T20:21:33.439+0000] {processor.py:836} INFO - DAG(s) dict_keys(['example_skip_dag']) retrieved from /home/airflow/.local/lib/python3.7/site-packages/airflow/example_dags/example_skip_dag.py
[2023-08-02T20:21:33.462+0000] {logging_mixin.py:150} INFO - [2023-08-02T20:21:33.462+0000] {dag.py:2742} INFO - Sync 1 DAGs
[2023-08-02T20:21:33.481+0000] {logging_mixin.py:150} INFO - [2023-08-02T20:21:33.480+0000] {dag.py:3508} INFO - Setting next_dagrun for example_skip_dag to 2023-08-01T20:21:33.480728+00:00, run_after=2023-08-02T20:21:33.480728+00:00
[2023-08-02T20:21:33.496+0000] {processor.py:179} INFO - Processing /home/airflow/.local/lib/python3.7/site-packages/airflow/example_dags/example_skip_dag.py took 0.072 seconds
[2023-08-02T22:03:28.686+0000] {processor.py:157} INFO - Started process (PID=2616) to work on /home/airflow/.local/lib/python3.7/site-packages/airflow/example_dags/example_skip_dag.py
[2023-08-02T22:03:28.688+0000] {processor.py:826} INFO - Processing file /home/airflow/.local/lib/python3.7/site-packages/airflow/example_dags/example_skip_dag.py for tasks to queue
[2023-08-02T22:03:28.689+0000] {logging_mixin.py:150} INFO - [2023-08-02T22:03:28.689+0000] {dagbag.py:541} INFO - Filling up the DagBag from /home/airflow/.local/lib/python3.7/site-packages/airflow/example_dags/example_skip_dag.py
[2023-08-02T22:03:28.696+0000] {processor.py:836} INFO - DAG(s) dict_keys(['example_skip_dag']) retrieved from /home/airflow/.local/lib/python3.7/site-packages/airflow/example_dags/example_skip_dag.py
[2023-08-02T22:03:28.720+0000] {logging_mixin.py:150} INFO - [2023-08-02T22:03:28.720+0000] {dag.py:2742} INFO - Sync 1 DAGs
[2023-08-02T22:03:28.776+0000] {logging_mixin.py:150} INFO - [2023-08-02T22:03:28.776+0000] {dag.py:3508} INFO - Setting next_dagrun for example_skip_dag to 2023-08-01T22:03:28.776320+00:00, run_after=2023-08-02T22:03:28.776320+00:00
[2023-08-02T22:03:28.791+0000] {processor.py:179} INFO - Processing /home/airflow/.local/lib/python3.7/site-packages/airflow/example_dags/example_skip_dag.py took 0.108 seconds
[2023-08-02T23:27:15.186+0000] {processor.py:157} INFO - Started process (PID=2673) to work on /home/airflow/.local/lib/python3.7/site-packages/airflow/example_dags/example_skip_dag.py
[2023-08-02T23:27:15.191+0000] {processor.py:826} INFO - Processing file /home/airflow/.local/lib/python3.7/site-packages/airflow/example_dags/example_skip_dag.py for tasks to queue
[2023-08-02T23:27:15.193+0000] {logging_mixin.py:150} INFO - [2023-08-02T23:27:15.192+0000] {dagbag.py:541} INFO - Filling up the DagBag from /home/airflow/.local/lib/python3.7/site-packages/airflow/example_dags/example_skip_dag.py
[2023-08-02T23:27:15.199+0000] {processor.py:836} INFO - DAG(s) dict_keys(['example_skip_dag']) retrieved from /home/airflow/.local/lib/python3.7/site-packages/airflow/example_dags/example_skip_dag.py
[2023-08-02T23:27:15.221+0000] {logging_mixin.py:150} INFO - [2023-08-02T23:27:15.221+0000] {dag.py:2742} INFO - Sync 1 DAGs
[2023-08-02T23:27:15.241+0000] {logging_mixin.py:150} INFO - [2023-08-02T23:27:15.240+0000] {dag.py:3508} INFO - Setting next_dagrun for example_skip_dag to 2023-08-01T23:27:15.240755+00:00, run_after=2023-08-02T23:27:15.240755+00:00
[2023-08-02T23:27:15.257+0000] {processor.py:179} INFO - Processing /home/airflow/.local/lib/python3.7/site-packages/airflow/example_dags/example_skip_dag.py took 0.074 seconds
