[2023-08-02T10:37:05.448+0000] {processor.py:157} INFO - Started process (PID=67) to work on /home/airflow/.local/lib/python3.7/site-packages/airflow/example_dags/example_nested_branch_dag.py
[2023-08-02T10:37:05.451+0000] {processor.py:826} INFO - Processing file /home/airflow/.local/lib/python3.7/site-packages/airflow/example_dags/example_nested_branch_dag.py for tasks to queue
[2023-08-02T10:37:05.520+0000] {logging_mixin.py:150} INFO - [2023-08-02T10:37:05.519+0000] {dagbag.py:541} INFO - Filling up the DagBag from /home/airflow/.local/lib/python3.7/site-packages/airflow/example_dags/example_nested_branch_dag.py
[2023-08-02T10:37:05.541+0000] {processor.py:836} INFO - DAG(s) dict_keys(['example_nested_branch_dag']) retrieved from /home/airflow/.local/lib/python3.7/site-packages/airflow/example_dags/example_nested_branch_dag.py
[2023-08-02T10:37:05.577+0000] {logging_mixin.py:150} INFO - [2023-08-02T10:37:05.577+0000] {dag.py:2742} INFO - Sync 1 DAGs
[2023-08-02T10:37:05.632+0000] {logging_mixin.py:150} INFO - [2023-08-02T10:37:05.631+0000] {dag.py:3508} INFO - Setting next_dagrun for example_nested_branch_dag to 2023-08-01T00:00:00+00:00, run_after=2023-08-02T00:00:00+00:00
[2023-08-02T10:37:05.662+0000] {processor.py:179} INFO - Processing /home/airflow/.local/lib/python3.7/site-packages/airflow/example_dags/example_nested_branch_dag.py took 0.224 seconds
[2023-08-02T10:37:36.056+0000] {processor.py:157} INFO - Started process (PID=124) to work on /home/airflow/.local/lib/python3.7/site-packages/airflow/example_dags/example_nested_branch_dag.py
[2023-08-02T10:37:36.058+0000] {processor.py:826} INFO - Processing file /home/airflow/.local/lib/python3.7/site-packages/airflow/example_dags/example_nested_branch_dag.py for tasks to queue
[2023-08-02T10:37:36.059+0000] {logging_mixin.py:150} INFO - [2023-08-02T10:37:36.059+0000] {dagbag.py:541} INFO - Filling up the DagBag from /home/airflow/.local/lib/python3.7/site-packages/airflow/example_dags/example_nested_branch_dag.py
[2023-08-02T10:37:36.067+0000] {processor.py:836} INFO - DAG(s) dict_keys(['example_nested_branch_dag']) retrieved from /home/airflow/.local/lib/python3.7/site-packages/airflow/example_dags/example_nested_branch_dag.py
[2023-08-02T10:37:36.090+0000] {logging_mixin.py:150} INFO - [2023-08-02T10:37:36.090+0000] {dag.py:2742} INFO - Sync 1 DAGs
[2023-08-02T10:37:36.109+0000] {logging_mixin.py:150} INFO - [2023-08-02T10:37:36.109+0000] {dag.py:3508} INFO - Setting next_dagrun for example_nested_branch_dag to 2023-08-01T00:00:00+00:00, run_after=2023-08-02T00:00:00+00:00
[2023-08-02T10:37:36.167+0000] {processor.py:179} INFO - Processing /home/airflow/.local/lib/python3.7/site-packages/airflow/example_dags/example_nested_branch_dag.py took 0.114 seconds
[2023-08-02T10:38:06.379+0000] {processor.py:157} INFO - Started process (PID=181) to work on /home/airflow/.local/lib/python3.7/site-packages/airflow/example_dags/example_nested_branch_dag.py
[2023-08-02T10:38:06.381+0000] {processor.py:826} INFO - Processing file /home/airflow/.local/lib/python3.7/site-packages/airflow/example_dags/example_nested_branch_dag.py for tasks to queue
[2023-08-02T10:38:06.382+0000] {logging_mixin.py:150} INFO - [2023-08-02T10:38:06.382+0000] {dagbag.py:541} INFO - Filling up the DagBag from /home/airflow/.local/lib/python3.7/site-packages/airflow/example_dags/example_nested_branch_dag.py
[2023-08-02T10:38:06.391+0000] {processor.py:836} INFO - DAG(s) dict_keys(['example_nested_branch_dag']) retrieved from /home/airflow/.local/lib/python3.7/site-packages/airflow/example_dags/example_nested_branch_dag.py
[2023-08-02T10:38:06.414+0000] {logging_mixin.py:150} INFO - [2023-08-02T10:38:06.414+0000] {dag.py:2742} INFO - Sync 1 DAGs
[2023-08-02T10:38:06.448+0000] {logging_mixin.py:150} INFO - [2023-08-02T10:38:06.448+0000] {dag.py:3508} INFO - Setting next_dagrun for example_nested_branch_dag to 2023-08-01T00:00:00+00:00, run_after=2023-08-02T00:00:00+00:00
[2023-08-02T10:38:06.464+0000] {processor.py:179} INFO - Processing /home/airflow/.local/lib/python3.7/site-packages/airflow/example_dags/example_nested_branch_dag.py took 0.088 seconds
[2023-08-02T10:38:36.824+0000] {processor.py:157} INFO - Started process (PID=238) to work on /home/airflow/.local/lib/python3.7/site-packages/airflow/example_dags/example_nested_branch_dag.py
[2023-08-02T10:38:36.826+0000] {processor.py:826} INFO - Processing file /home/airflow/.local/lib/python3.7/site-packages/airflow/example_dags/example_nested_branch_dag.py for tasks to queue
[2023-08-02T10:38:36.828+0000] {logging_mixin.py:150} INFO - [2023-08-02T10:38:36.827+0000] {dagbag.py:541} INFO - Filling up the DagBag from /home/airflow/.local/lib/python3.7/site-packages/airflow/example_dags/example_nested_branch_dag.py
[2023-08-02T10:38:36.835+0000] {processor.py:836} INFO - DAG(s) dict_keys(['example_nested_branch_dag']) retrieved from /home/airflow/.local/lib/python3.7/site-packages/airflow/example_dags/example_nested_branch_dag.py
[2023-08-02T10:38:36.857+0000] {logging_mixin.py:150} INFO - [2023-08-02T10:38:36.857+0000] {dag.py:2742} INFO - Sync 1 DAGs
[2023-08-02T10:38:36.877+0000] {logging_mixin.py:150} INFO - [2023-08-02T10:38:36.877+0000] {dag.py:3508} INFO - Setting next_dagrun for example_nested_branch_dag to 2023-08-01T00:00:00+00:00, run_after=2023-08-02T00:00:00+00:00
[2023-08-02T10:38:36.896+0000] {processor.py:179} INFO - Processing /home/airflow/.local/lib/python3.7/site-packages/airflow/example_dags/example_nested_branch_dag.py took 0.074 seconds
[2023-08-02T10:39:07.169+0000] {processor.py:157} INFO - Started process (PID=295) to work on /home/airflow/.local/lib/python3.7/site-packages/airflow/example_dags/example_nested_branch_dag.py
[2023-08-02T10:39:07.175+0000] {processor.py:826} INFO - Processing file /home/airflow/.local/lib/python3.7/site-packages/airflow/example_dags/example_nested_branch_dag.py for tasks to queue
[2023-08-02T10:39:07.177+0000] {logging_mixin.py:150} INFO - [2023-08-02T10:39:07.177+0000] {dagbag.py:541} INFO - Filling up the DagBag from /home/airflow/.local/lib/python3.7/site-packages/airflow/example_dags/example_nested_branch_dag.py
[2023-08-02T10:39:07.186+0000] {processor.py:836} INFO - DAG(s) dict_keys(['example_nested_branch_dag']) retrieved from /home/airflow/.local/lib/python3.7/site-packages/airflow/example_dags/example_nested_branch_dag.py
[2023-08-02T10:39:07.212+0000] {logging_mixin.py:150} INFO - [2023-08-02T10:39:07.211+0000] {dag.py:2742} INFO - Sync 1 DAGs
[2023-08-02T10:39:07.232+0000] {logging_mixin.py:150} INFO - [2023-08-02T10:39:07.232+0000] {dag.py:3508} INFO - Setting next_dagrun for example_nested_branch_dag to 2023-08-01T00:00:00+00:00, run_after=2023-08-02T00:00:00+00:00
[2023-08-02T10:39:07.245+0000] {processor.py:179} INFO - Processing /home/airflow/.local/lib/python3.7/site-packages/airflow/example_dags/example_nested_branch_dag.py took 0.079 seconds
[2023-08-02T10:39:37.674+0000] {processor.py:157} INFO - Started process (PID=352) to work on /home/airflow/.local/lib/python3.7/site-packages/airflow/example_dags/example_nested_branch_dag.py
[2023-08-02T10:39:37.676+0000] {processor.py:826} INFO - Processing file /home/airflow/.local/lib/python3.7/site-packages/airflow/example_dags/example_nested_branch_dag.py for tasks to queue
[2023-08-02T10:39:37.680+0000] {logging_mixin.py:150} INFO - [2023-08-02T10:39:37.679+0000] {dagbag.py:541} INFO - Filling up the DagBag from /home/airflow/.local/lib/python3.7/site-packages/airflow/example_dags/example_nested_branch_dag.py
[2023-08-02T10:39:37.691+0000] {processor.py:836} INFO - DAG(s) dict_keys(['example_nested_branch_dag']) retrieved from /home/airflow/.local/lib/python3.7/site-packages/airflow/example_dags/example_nested_branch_dag.py
[2023-08-02T10:39:37.717+0000] {logging_mixin.py:150} INFO - [2023-08-02T10:39:37.717+0000] {dag.py:2742} INFO - Sync 1 DAGs
[2023-08-02T10:39:37.742+0000] {logging_mixin.py:150} INFO - [2023-08-02T10:39:37.742+0000] {dag.py:3508} INFO - Setting next_dagrun for example_nested_branch_dag to 2023-08-01T00:00:00+00:00, run_after=2023-08-02T00:00:00+00:00
[2023-08-02T10:39:37.760+0000] {processor.py:179} INFO - Processing /home/airflow/.local/lib/python3.7/site-packages/airflow/example_dags/example_nested_branch_dag.py took 0.090 seconds
[2023-08-02T10:40:08.041+0000] {processor.py:157} INFO - Started process (PID=408) to work on /home/airflow/.local/lib/python3.7/site-packages/airflow/example_dags/example_nested_branch_dag.py
[2023-08-02T10:40:08.043+0000] {processor.py:826} INFO - Processing file /home/airflow/.local/lib/python3.7/site-packages/airflow/example_dags/example_nested_branch_dag.py for tasks to queue
[2023-08-02T10:40:08.045+0000] {logging_mixin.py:150} INFO - [2023-08-02T10:40:08.045+0000] {dagbag.py:541} INFO - Filling up the DagBag from /home/airflow/.local/lib/python3.7/site-packages/airflow/example_dags/example_nested_branch_dag.py
[2023-08-02T10:40:08.053+0000] {processor.py:836} INFO - DAG(s) dict_keys(['example_nested_branch_dag']) retrieved from /home/airflow/.local/lib/python3.7/site-packages/airflow/example_dags/example_nested_branch_dag.py
[2023-08-02T10:40:08.078+0000] {logging_mixin.py:150} INFO - [2023-08-02T10:40:08.078+0000] {dag.py:2742} INFO - Sync 1 DAGs
[2023-08-02T10:40:08.104+0000] {logging_mixin.py:150} INFO - [2023-08-02T10:40:08.104+0000] {dag.py:3508} INFO - Setting next_dagrun for example_nested_branch_dag to 2023-08-01T00:00:00+00:00, run_after=2023-08-02T00:00:00+00:00
[2023-08-02T10:40:08.119+0000] {processor.py:179} INFO - Processing /home/airflow/.local/lib/python3.7/site-packages/airflow/example_dags/example_nested_branch_dag.py took 0.081 seconds
[2023-08-02T10:40:38.611+0000] {processor.py:157} INFO - Started process (PID=465) to work on /home/airflow/.local/lib/python3.7/site-packages/airflow/example_dags/example_nested_branch_dag.py
[2023-08-02T10:40:38.613+0000] {processor.py:826} INFO - Processing file /home/airflow/.local/lib/python3.7/site-packages/airflow/example_dags/example_nested_branch_dag.py for tasks to queue
[2023-08-02T10:40:38.674+0000] {logging_mixin.py:150} INFO - [2023-08-02T10:40:38.674+0000] {dagbag.py:541} INFO - Filling up the DagBag from /home/airflow/.local/lib/python3.7/site-packages/airflow/example_dags/example_nested_branch_dag.py
[2023-08-02T10:40:38.684+0000] {processor.py:836} INFO - DAG(s) dict_keys(['example_nested_branch_dag']) retrieved from /home/airflow/.local/lib/python3.7/site-packages/airflow/example_dags/example_nested_branch_dag.py
[2023-08-02T10:40:38.709+0000] {logging_mixin.py:150} INFO - [2023-08-02T10:40:38.709+0000] {dag.py:2742} INFO - Sync 1 DAGs
[2023-08-02T10:40:38.729+0000] {logging_mixin.py:150} INFO - [2023-08-02T10:40:38.728+0000] {dag.py:3508} INFO - Setting next_dagrun for example_nested_branch_dag to 2023-08-01T00:00:00+00:00, run_after=2023-08-02T00:00:00+00:00
[2023-08-02T10:40:38.753+0000] {processor.py:179} INFO - Processing /home/airflow/.local/lib/python3.7/site-packages/airflow/example_dags/example_nested_branch_dag.py took 0.146 seconds
[2023-08-02T10:41:09.181+0000] {processor.py:157} INFO - Started process (PID=522) to work on /home/airflow/.local/lib/python3.7/site-packages/airflow/example_dags/example_nested_branch_dag.py
[2023-08-02T10:41:09.183+0000] {processor.py:826} INFO - Processing file /home/airflow/.local/lib/python3.7/site-packages/airflow/example_dags/example_nested_branch_dag.py for tasks to queue
[2023-08-02T10:41:09.184+0000] {logging_mixin.py:150} INFO - [2023-08-02T10:41:09.184+0000] {dagbag.py:541} INFO - Filling up the DagBag from /home/airflow/.local/lib/python3.7/site-packages/airflow/example_dags/example_nested_branch_dag.py
[2023-08-02T10:41:09.194+0000] {processor.py:836} INFO - DAG(s) dict_keys(['example_nested_branch_dag']) retrieved from /home/airflow/.local/lib/python3.7/site-packages/airflow/example_dags/example_nested_branch_dag.py
[2023-08-02T10:41:09.219+0000] {logging_mixin.py:150} INFO - [2023-08-02T10:41:09.219+0000] {dag.py:2742} INFO - Sync 1 DAGs
[2023-08-02T10:41:09.239+0000] {logging_mixin.py:150} INFO - [2023-08-02T10:41:09.239+0000] {dag.py:3508} INFO - Setting next_dagrun for example_nested_branch_dag to 2023-08-01T00:00:00+00:00, run_after=2023-08-02T00:00:00+00:00
[2023-08-02T10:41:09.253+0000] {processor.py:179} INFO - Processing /home/airflow/.local/lib/python3.7/site-packages/airflow/example_dags/example_nested_branch_dag.py took 0.075 seconds
[2023-08-02T10:41:39.817+0000] {processor.py:157} INFO - Started process (PID=579) to work on /home/airflow/.local/lib/python3.7/site-packages/airflow/example_dags/example_nested_branch_dag.py
[2023-08-02T10:41:39.819+0000] {processor.py:826} INFO - Processing file /home/airflow/.local/lib/python3.7/site-packages/airflow/example_dags/example_nested_branch_dag.py for tasks to queue
[2023-08-02T10:41:39.821+0000] {logging_mixin.py:150} INFO - [2023-08-02T10:41:39.820+0000] {dagbag.py:541} INFO - Filling up the DagBag from /home/airflow/.local/lib/python3.7/site-packages/airflow/example_dags/example_nested_branch_dag.py
[2023-08-02T10:41:39.829+0000] {processor.py:836} INFO - DAG(s) dict_keys(['example_nested_branch_dag']) retrieved from /home/airflow/.local/lib/python3.7/site-packages/airflow/example_dags/example_nested_branch_dag.py
[2023-08-02T10:41:39.852+0000] {logging_mixin.py:150} INFO - [2023-08-02T10:41:39.851+0000] {dag.py:2742} INFO - Sync 1 DAGs
[2023-08-02T10:41:39.870+0000] {logging_mixin.py:150} INFO - [2023-08-02T10:41:39.870+0000] {dag.py:3508} INFO - Setting next_dagrun for example_nested_branch_dag to 2023-08-01T00:00:00+00:00, run_after=2023-08-02T00:00:00+00:00
[2023-08-02T10:41:39.931+0000] {processor.py:179} INFO - Processing /home/airflow/.local/lib/python3.7/site-packages/airflow/example_dags/example_nested_branch_dag.py took 0.116 seconds
[2023-08-02T10:42:10.443+0000] {processor.py:157} INFO - Started process (PID=636) to work on /home/airflow/.local/lib/python3.7/site-packages/airflow/example_dags/example_nested_branch_dag.py
[2023-08-02T10:42:10.445+0000] {processor.py:826} INFO - Processing file /home/airflow/.local/lib/python3.7/site-packages/airflow/example_dags/example_nested_branch_dag.py for tasks to queue
[2023-08-02T10:42:10.447+0000] {logging_mixin.py:150} INFO - [2023-08-02T10:42:10.446+0000] {dagbag.py:541} INFO - Filling up the DagBag from /home/airflow/.local/lib/python3.7/site-packages/airflow/example_dags/example_nested_branch_dag.py
[2023-08-02T10:42:10.456+0000] {processor.py:836} INFO - DAG(s) dict_keys(['example_nested_branch_dag']) retrieved from /home/airflow/.local/lib/python3.7/site-packages/airflow/example_dags/example_nested_branch_dag.py
[2023-08-02T10:42:10.483+0000] {logging_mixin.py:150} INFO - [2023-08-02T10:42:10.483+0000] {dag.py:2742} INFO - Sync 1 DAGs
[2023-08-02T10:42:10.503+0000] {logging_mixin.py:150} INFO - [2023-08-02T10:42:10.503+0000] {dag.py:3508} INFO - Setting next_dagrun for example_nested_branch_dag to 2023-08-01T00:00:00+00:00, run_after=2023-08-02T00:00:00+00:00
[2023-08-02T10:42:10.516+0000] {processor.py:179} INFO - Processing /home/airflow/.local/lib/python3.7/site-packages/airflow/example_dags/example_nested_branch_dag.py took 0.077 seconds
[2023-08-02T10:42:40.910+0000] {processor.py:157} INFO - Started process (PID=692) to work on /home/airflow/.local/lib/python3.7/site-packages/airflow/example_dags/example_nested_branch_dag.py
[2023-08-02T10:42:40.912+0000] {processor.py:826} INFO - Processing file /home/airflow/.local/lib/python3.7/site-packages/airflow/example_dags/example_nested_branch_dag.py for tasks to queue
[2023-08-02T10:42:40.913+0000] {logging_mixin.py:150} INFO - [2023-08-02T10:42:40.913+0000] {dagbag.py:541} INFO - Filling up the DagBag from /home/airflow/.local/lib/python3.7/site-packages/airflow/example_dags/example_nested_branch_dag.py
[2023-08-02T10:42:40.921+0000] {processor.py:836} INFO - DAG(s) dict_keys(['example_nested_branch_dag']) retrieved from /home/airflow/.local/lib/python3.7/site-packages/airflow/example_dags/example_nested_branch_dag.py
[2023-08-02T10:42:40.947+0000] {logging_mixin.py:150} INFO - [2023-08-02T10:42:40.946+0000] {dag.py:2742} INFO - Sync 1 DAGs
[2023-08-02T10:42:40.969+0000] {logging_mixin.py:150} INFO - [2023-08-02T10:42:40.968+0000] {dag.py:3508} INFO - Setting next_dagrun for example_nested_branch_dag to 2023-08-01T00:00:00+00:00, run_after=2023-08-02T00:00:00+00:00
[2023-08-02T10:42:40.985+0000] {processor.py:179} INFO - Processing /home/airflow/.local/lib/python3.7/site-packages/airflow/example_dags/example_nested_branch_dag.py took 0.078 seconds
[2023-08-02T10:43:11.397+0000] {processor.py:157} INFO - Started process (PID=749) to work on /home/airflow/.local/lib/python3.7/site-packages/airflow/example_dags/example_nested_branch_dag.py
[2023-08-02T10:43:11.399+0000] {processor.py:826} INFO - Processing file /home/airflow/.local/lib/python3.7/site-packages/airflow/example_dags/example_nested_branch_dag.py for tasks to queue
[2023-08-02T10:43:11.402+0000] {logging_mixin.py:150} INFO - [2023-08-02T10:43:11.401+0000] {dagbag.py:541} INFO - Filling up the DagBag from /home/airflow/.local/lib/python3.7/site-packages/airflow/example_dags/example_nested_branch_dag.py
[2023-08-02T10:43:11.411+0000] {processor.py:836} INFO - DAG(s) dict_keys(['example_nested_branch_dag']) retrieved from /home/airflow/.local/lib/python3.7/site-packages/airflow/example_dags/example_nested_branch_dag.py
[2023-08-02T10:43:11.438+0000] {logging_mixin.py:150} INFO - [2023-08-02T10:43:11.438+0000] {dag.py:2742} INFO - Sync 1 DAGs
[2023-08-02T10:43:11.464+0000] {logging_mixin.py:150} INFO - [2023-08-02T10:43:11.464+0000] {dag.py:3508} INFO - Setting next_dagrun for example_nested_branch_dag to 2023-08-01T00:00:00+00:00, run_after=2023-08-02T00:00:00+00:00
[2023-08-02T10:43:11.485+0000] {processor.py:179} INFO - Processing /home/airflow/.local/lib/python3.7/site-packages/airflow/example_dags/example_nested_branch_dag.py took 0.091 seconds
[2023-08-02T10:43:41.658+0000] {processor.py:157} INFO - Started process (PID=806) to work on /home/airflow/.local/lib/python3.7/site-packages/airflow/example_dags/example_nested_branch_dag.py
[2023-08-02T10:43:41.660+0000] {processor.py:826} INFO - Processing file /home/airflow/.local/lib/python3.7/site-packages/airflow/example_dags/example_nested_branch_dag.py for tasks to queue
[2023-08-02T10:43:41.661+0000] {logging_mixin.py:150} INFO - [2023-08-02T10:43:41.661+0000] {dagbag.py:541} INFO - Filling up the DagBag from /home/airflow/.local/lib/python3.7/site-packages/airflow/example_dags/example_nested_branch_dag.py
[2023-08-02T10:43:41.669+0000] {processor.py:836} INFO - DAG(s) dict_keys(['example_nested_branch_dag']) retrieved from /home/airflow/.local/lib/python3.7/site-packages/airflow/example_dags/example_nested_branch_dag.py
[2023-08-02T10:43:41.696+0000] {logging_mixin.py:150} INFO - [2023-08-02T10:43:41.695+0000] {dag.py:2742} INFO - Sync 1 DAGs
[2023-08-02T10:43:41.716+0000] {logging_mixin.py:150} INFO - [2023-08-02T10:43:41.716+0000] {dag.py:3508} INFO - Setting next_dagrun for example_nested_branch_dag to 2023-08-01T00:00:00+00:00, run_after=2023-08-02T00:00:00+00:00
[2023-08-02T10:43:41.729+0000] {processor.py:179} INFO - Processing /home/airflow/.local/lib/python3.7/site-packages/airflow/example_dags/example_nested_branch_dag.py took 0.075 seconds
[2023-08-02T10:44:12.012+0000] {processor.py:157} INFO - Started process (PID=862) to work on /home/airflow/.local/lib/python3.7/site-packages/airflow/example_dags/example_nested_branch_dag.py
[2023-08-02T10:44:12.014+0000] {processor.py:826} INFO - Processing file /home/airflow/.local/lib/python3.7/site-packages/airflow/example_dags/example_nested_branch_dag.py for tasks to queue
[2023-08-02T10:44:12.016+0000] {logging_mixin.py:150} INFO - [2023-08-02T10:44:12.015+0000] {dagbag.py:541} INFO - Filling up the DagBag from /home/airflow/.local/lib/python3.7/site-packages/airflow/example_dags/example_nested_branch_dag.py
[2023-08-02T10:44:12.031+0000] {processor.py:836} INFO - DAG(s) dict_keys(['example_nested_branch_dag']) retrieved from /home/airflow/.local/lib/python3.7/site-packages/airflow/example_dags/example_nested_branch_dag.py
[2023-08-02T10:44:12.059+0000] {logging_mixin.py:150} INFO - [2023-08-02T10:44:12.058+0000] {dag.py:2742} INFO - Sync 1 DAGs
[2023-08-02T10:44:12.083+0000] {logging_mixin.py:150} INFO - [2023-08-02T10:44:12.083+0000] {dag.py:3508} INFO - Setting next_dagrun for example_nested_branch_dag to 2023-08-01T00:00:00+00:00, run_after=2023-08-02T00:00:00+00:00
[2023-08-02T10:44:12.100+0000] {processor.py:179} INFO - Processing /home/airflow/.local/lib/python3.7/site-packages/airflow/example_dags/example_nested_branch_dag.py took 0.091 seconds
[2023-08-02T10:44:42.761+0000] {processor.py:157} INFO - Started process (PID=919) to work on /home/airflow/.local/lib/python3.7/site-packages/airflow/example_dags/example_nested_branch_dag.py
[2023-08-02T10:44:42.763+0000] {processor.py:826} INFO - Processing file /home/airflow/.local/lib/python3.7/site-packages/airflow/example_dags/example_nested_branch_dag.py for tasks to queue
[2023-08-02T10:44:42.764+0000] {logging_mixin.py:150} INFO - [2023-08-02T10:44:42.764+0000] {dagbag.py:541} INFO - Filling up the DagBag from /home/airflow/.local/lib/python3.7/site-packages/airflow/example_dags/example_nested_branch_dag.py
[2023-08-02T10:44:42.772+0000] {processor.py:836} INFO - DAG(s) dict_keys(['example_nested_branch_dag']) retrieved from /home/airflow/.local/lib/python3.7/site-packages/airflow/example_dags/example_nested_branch_dag.py
[2023-08-02T10:44:42.795+0000] {logging_mixin.py:150} INFO - [2023-08-02T10:44:42.795+0000] {dag.py:2742} INFO - Sync 1 DAGs
[2023-08-02T10:44:42.815+0000] {logging_mixin.py:150} INFO - [2023-08-02T10:44:42.815+0000] {dag.py:3508} INFO - Setting next_dagrun for example_nested_branch_dag to 2023-08-01T00:00:00+00:00, run_after=2023-08-02T00:00:00+00:00
[2023-08-02T10:44:42.831+0000] {processor.py:179} INFO - Processing /home/airflow/.local/lib/python3.7/site-packages/airflow/example_dags/example_nested_branch_dag.py took 0.073 seconds
[2023-08-02T10:45:13.730+0000] {processor.py:157} INFO - Started process (PID=976) to work on /home/airflow/.local/lib/python3.7/site-packages/airflow/example_dags/example_nested_branch_dag.py
[2023-08-02T10:45:13.732+0000] {processor.py:826} INFO - Processing file /home/airflow/.local/lib/python3.7/site-packages/airflow/example_dags/example_nested_branch_dag.py for tasks to queue
[2023-08-02T10:45:13.733+0000] {logging_mixin.py:150} INFO - [2023-08-02T10:45:13.733+0000] {dagbag.py:541} INFO - Filling up the DagBag from /home/airflow/.local/lib/python3.7/site-packages/airflow/example_dags/example_nested_branch_dag.py
[2023-08-02T10:45:13.742+0000] {processor.py:836} INFO - DAG(s) dict_keys(['example_nested_branch_dag']) retrieved from /home/airflow/.local/lib/python3.7/site-packages/airflow/example_dags/example_nested_branch_dag.py
[2023-08-02T10:45:13.768+0000] {logging_mixin.py:150} INFO - [2023-08-02T10:45:13.768+0000] {dag.py:2742} INFO - Sync 1 DAGs
[2023-08-02T10:45:13.786+0000] {logging_mixin.py:150} INFO - [2023-08-02T10:45:13.786+0000] {dag.py:3508} INFO - Setting next_dagrun for example_nested_branch_dag to 2023-08-01T00:00:00+00:00, run_after=2023-08-02T00:00:00+00:00
[2023-08-02T10:45:13.800+0000] {processor.py:179} INFO - Processing /home/airflow/.local/lib/python3.7/site-packages/airflow/example_dags/example_nested_branch_dag.py took 0.073 seconds
[2023-08-02T10:45:43.985+0000] {processor.py:157} INFO - Started process (PID=1033) to work on /home/airflow/.local/lib/python3.7/site-packages/airflow/example_dags/example_nested_branch_dag.py
[2023-08-02T10:45:43.987+0000] {processor.py:826} INFO - Processing file /home/airflow/.local/lib/python3.7/site-packages/airflow/example_dags/example_nested_branch_dag.py for tasks to queue
[2023-08-02T10:45:44.001+0000] {logging_mixin.py:150} INFO - [2023-08-02T10:45:44.001+0000] {dagbag.py:541} INFO - Filling up the DagBag from /home/airflow/.local/lib/python3.7/site-packages/airflow/example_dags/example_nested_branch_dag.py
[2023-08-02T10:45:44.012+0000] {processor.py:836} INFO - DAG(s) dict_keys(['example_nested_branch_dag']) retrieved from /home/airflow/.local/lib/python3.7/site-packages/airflow/example_dags/example_nested_branch_dag.py
[2023-08-02T10:45:44.037+0000] {logging_mixin.py:150} INFO - [2023-08-02T10:45:44.037+0000] {dag.py:2742} INFO - Sync 1 DAGs
[2023-08-02T10:45:44.060+0000] {logging_mixin.py:150} INFO - [2023-08-02T10:45:44.060+0000] {dag.py:3508} INFO - Setting next_dagrun for example_nested_branch_dag to 2023-08-01T00:00:00+00:00, run_after=2023-08-02T00:00:00+00:00
[2023-08-02T10:45:44.082+0000] {processor.py:179} INFO - Processing /home/airflow/.local/lib/python3.7/site-packages/airflow/example_dags/example_nested_branch_dag.py took 0.100 seconds
[2023-08-02T10:46:14.449+0000] {processor.py:157} INFO - Started process (PID=1090) to work on /home/airflow/.local/lib/python3.7/site-packages/airflow/example_dags/example_nested_branch_dag.py
[2023-08-02T10:46:14.451+0000] {processor.py:826} INFO - Processing file /home/airflow/.local/lib/python3.7/site-packages/airflow/example_dags/example_nested_branch_dag.py for tasks to queue
[2023-08-02T10:46:14.453+0000] {logging_mixin.py:150} INFO - [2023-08-02T10:46:14.452+0000] {dagbag.py:541} INFO - Filling up the DagBag from /home/airflow/.local/lib/python3.7/site-packages/airflow/example_dags/example_nested_branch_dag.py
[2023-08-02T10:46:14.460+0000] {processor.py:836} INFO - DAG(s) dict_keys(['example_nested_branch_dag']) retrieved from /home/airflow/.local/lib/python3.7/site-packages/airflow/example_dags/example_nested_branch_dag.py
[2023-08-02T10:46:14.482+0000] {logging_mixin.py:150} INFO - [2023-08-02T10:46:14.482+0000] {dag.py:2742} INFO - Sync 1 DAGs
[2023-08-02T10:46:14.499+0000] {logging_mixin.py:150} INFO - [2023-08-02T10:46:14.498+0000] {dag.py:3508} INFO - Setting next_dagrun for example_nested_branch_dag to 2023-08-01T00:00:00+00:00, run_after=2023-08-02T00:00:00+00:00
[2023-08-02T10:46:14.517+0000] {processor.py:179} INFO - Processing /home/airflow/.local/lib/python3.7/site-packages/airflow/example_dags/example_nested_branch_dag.py took 0.071 seconds
[2023-08-02T10:46:45.229+0000] {processor.py:157} INFO - Started process (PID=1147) to work on /home/airflow/.local/lib/python3.7/site-packages/airflow/example_dags/example_nested_branch_dag.py
[2023-08-02T10:46:45.231+0000] {processor.py:826} INFO - Processing file /home/airflow/.local/lib/python3.7/site-packages/airflow/example_dags/example_nested_branch_dag.py for tasks to queue
[2023-08-02T10:46:45.233+0000] {logging_mixin.py:150} INFO - [2023-08-02T10:46:45.232+0000] {dagbag.py:541} INFO - Filling up the DagBag from /home/airflow/.local/lib/python3.7/site-packages/airflow/example_dags/example_nested_branch_dag.py
[2023-08-02T10:46:45.241+0000] {processor.py:836} INFO - DAG(s) dict_keys(['example_nested_branch_dag']) retrieved from /home/airflow/.local/lib/python3.7/site-packages/airflow/example_dags/example_nested_branch_dag.py
[2023-08-02T10:46:45.265+0000] {logging_mixin.py:150} INFO - [2023-08-02T10:46:45.264+0000] {dag.py:2742} INFO - Sync 1 DAGs
[2023-08-02T10:46:45.283+0000] {logging_mixin.py:150} INFO - [2023-08-02T10:46:45.283+0000] {dag.py:3508} INFO - Setting next_dagrun for example_nested_branch_dag to 2023-08-01T00:00:00+00:00, run_after=2023-08-02T00:00:00+00:00
[2023-08-02T10:46:45.298+0000] {processor.py:179} INFO - Processing /home/airflow/.local/lib/python3.7/site-packages/airflow/example_dags/example_nested_branch_dag.py took 0.072 seconds
[2023-08-02T10:47:15.469+0000] {processor.py:157} INFO - Started process (PID=1204) to work on /home/airflow/.local/lib/python3.7/site-packages/airflow/example_dags/example_nested_branch_dag.py
[2023-08-02T10:47:15.471+0000] {processor.py:826} INFO - Processing file /home/airflow/.local/lib/python3.7/site-packages/airflow/example_dags/example_nested_branch_dag.py for tasks to queue
[2023-08-02T10:47:15.472+0000] {logging_mixin.py:150} INFO - [2023-08-02T10:47:15.472+0000] {dagbag.py:541} INFO - Filling up the DagBag from /home/airflow/.local/lib/python3.7/site-packages/airflow/example_dags/example_nested_branch_dag.py
[2023-08-02T10:47:15.482+0000] {processor.py:836} INFO - DAG(s) dict_keys(['example_nested_branch_dag']) retrieved from /home/airflow/.local/lib/python3.7/site-packages/airflow/example_dags/example_nested_branch_dag.py
[2023-08-02T10:47:15.505+0000] {logging_mixin.py:150} INFO - [2023-08-02T10:47:15.505+0000] {dag.py:2742} INFO - Sync 1 DAGs
[2023-08-02T10:47:15.523+0000] {logging_mixin.py:150} INFO - [2023-08-02T10:47:15.523+0000] {dag.py:3508} INFO - Setting next_dagrun for example_nested_branch_dag to 2023-08-01T00:00:00+00:00, run_after=2023-08-02T00:00:00+00:00
[2023-08-02T10:47:15.536+0000] {processor.py:179} INFO - Processing /home/airflow/.local/lib/python3.7/site-packages/airflow/example_dags/example_nested_branch_dag.py took 0.071 seconds
[2023-08-02T10:47:45.888+0000] {processor.py:157} INFO - Started process (PID=1261) to work on /home/airflow/.local/lib/python3.7/site-packages/airflow/example_dags/example_nested_branch_dag.py
[2023-08-02T10:47:45.889+0000] {processor.py:826} INFO - Processing file /home/airflow/.local/lib/python3.7/site-packages/airflow/example_dags/example_nested_branch_dag.py for tasks to queue
[2023-08-02T10:47:45.891+0000] {logging_mixin.py:150} INFO - [2023-08-02T10:47:45.890+0000] {dagbag.py:541} INFO - Filling up the DagBag from /home/airflow/.local/lib/python3.7/site-packages/airflow/example_dags/example_nested_branch_dag.py
[2023-08-02T10:47:45.907+0000] {processor.py:836} INFO - DAG(s) dict_keys(['example_nested_branch_dag']) retrieved from /home/airflow/.local/lib/python3.7/site-packages/airflow/example_dags/example_nested_branch_dag.py
[2023-08-02T10:47:45.929+0000] {logging_mixin.py:150} INFO - [2023-08-02T10:47:45.929+0000] {dag.py:2742} INFO - Sync 1 DAGs
[2023-08-02T10:47:45.946+0000] {logging_mixin.py:150} INFO - [2023-08-02T10:47:45.946+0000] {dag.py:3508} INFO - Setting next_dagrun for example_nested_branch_dag to 2023-08-01T00:00:00+00:00, run_after=2023-08-02T00:00:00+00:00
[2023-08-02T10:47:45.960+0000] {processor.py:179} INFO - Processing /home/airflow/.local/lib/python3.7/site-packages/airflow/example_dags/example_nested_branch_dag.py took 0.077 seconds
[2023-08-02T10:48:16.060+0000] {processor.py:157} INFO - Started process (PID=1318) to work on /home/airflow/.local/lib/python3.7/site-packages/airflow/example_dags/example_nested_branch_dag.py
[2023-08-02T10:48:16.062+0000] {processor.py:826} INFO - Processing file /home/airflow/.local/lib/python3.7/site-packages/airflow/example_dags/example_nested_branch_dag.py for tasks to queue
[2023-08-02T10:48:16.063+0000] {logging_mixin.py:150} INFO - [2023-08-02T10:48:16.063+0000] {dagbag.py:541} INFO - Filling up the DagBag from /home/airflow/.local/lib/python3.7/site-packages/airflow/example_dags/example_nested_branch_dag.py
[2023-08-02T10:48:16.129+0000] {processor.py:836} INFO - DAG(s) dict_keys(['example_nested_branch_dag']) retrieved from /home/airflow/.local/lib/python3.7/site-packages/airflow/example_dags/example_nested_branch_dag.py
[2023-08-02T10:48:16.153+0000] {logging_mixin.py:150} INFO - [2023-08-02T10:48:16.153+0000] {dag.py:2742} INFO - Sync 1 DAGs
[2023-08-02T10:48:16.177+0000] {logging_mixin.py:150} INFO - [2023-08-02T10:48:16.177+0000] {dag.py:3508} INFO - Setting next_dagrun for example_nested_branch_dag to 2023-08-01T00:00:00+00:00, run_after=2023-08-02T00:00:00+00:00
[2023-08-02T10:48:16.197+0000] {processor.py:179} INFO - Processing /home/airflow/.local/lib/python3.7/site-packages/airflow/example_dags/example_nested_branch_dag.py took 0.140 seconds
[2023-08-02T10:48:46.387+0000] {processor.py:157} INFO - Started process (PID=1375) to work on /home/airflow/.local/lib/python3.7/site-packages/airflow/example_dags/example_nested_branch_dag.py
[2023-08-02T10:48:46.389+0000] {processor.py:826} INFO - Processing file /home/airflow/.local/lib/python3.7/site-packages/airflow/example_dags/example_nested_branch_dag.py for tasks to queue
[2023-08-02T10:48:46.390+0000] {logging_mixin.py:150} INFO - [2023-08-02T10:48:46.390+0000] {dagbag.py:541} INFO - Filling up the DagBag from /home/airflow/.local/lib/python3.7/site-packages/airflow/example_dags/example_nested_branch_dag.py
[2023-08-02T10:48:46.400+0000] {processor.py:836} INFO - DAG(s) dict_keys(['example_nested_branch_dag']) retrieved from /home/airflow/.local/lib/python3.7/site-packages/airflow/example_dags/example_nested_branch_dag.py
[2023-08-02T10:48:46.422+0000] {logging_mixin.py:150} INFO - [2023-08-02T10:48:46.422+0000] {dag.py:2742} INFO - Sync 1 DAGs
[2023-08-02T10:48:46.442+0000] {logging_mixin.py:150} INFO - [2023-08-02T10:48:46.442+0000] {dag.py:3508} INFO - Setting next_dagrun for example_nested_branch_dag to 2023-08-01T00:00:00+00:00, run_after=2023-08-02T00:00:00+00:00
[2023-08-02T10:48:46.488+0000] {processor.py:179} INFO - Processing /home/airflow/.local/lib/python3.7/site-packages/airflow/example_dags/example_nested_branch_dag.py took 0.105 seconds
[2023-08-02T10:49:16.712+0000] {processor.py:157} INFO - Started process (PID=1432) to work on /home/airflow/.local/lib/python3.7/site-packages/airflow/example_dags/example_nested_branch_dag.py
[2023-08-02T10:49:16.714+0000] {processor.py:826} INFO - Processing file /home/airflow/.local/lib/python3.7/site-packages/airflow/example_dags/example_nested_branch_dag.py for tasks to queue
[2023-08-02T10:49:16.716+0000] {logging_mixin.py:150} INFO - [2023-08-02T10:49:16.715+0000] {dagbag.py:541} INFO - Filling up the DagBag from /home/airflow/.local/lib/python3.7/site-packages/airflow/example_dags/example_nested_branch_dag.py
[2023-08-02T10:49:16.731+0000] {processor.py:836} INFO - DAG(s) dict_keys(['example_nested_branch_dag']) retrieved from /home/airflow/.local/lib/python3.7/site-packages/airflow/example_dags/example_nested_branch_dag.py
[2023-08-02T10:49:16.754+0000] {logging_mixin.py:150} INFO - [2023-08-02T10:49:16.754+0000] {dag.py:2742} INFO - Sync 1 DAGs
[2023-08-02T10:49:16.772+0000] {logging_mixin.py:150} INFO - [2023-08-02T10:49:16.772+0000] {dag.py:3508} INFO - Setting next_dagrun for example_nested_branch_dag to 2023-08-01T00:00:00+00:00, run_after=2023-08-02T00:00:00+00:00
[2023-08-02T10:49:16.785+0000] {processor.py:179} INFO - Processing /home/airflow/.local/lib/python3.7/site-packages/airflow/example_dags/example_nested_branch_dag.py took 0.076 seconds
[2023-08-02T10:49:46.973+0000] {processor.py:157} INFO - Started process (PID=1489) to work on /home/airflow/.local/lib/python3.7/site-packages/airflow/example_dags/example_nested_branch_dag.py
[2023-08-02T10:49:46.975+0000] {processor.py:826} INFO - Processing file /home/airflow/.local/lib/python3.7/site-packages/airflow/example_dags/example_nested_branch_dag.py for tasks to queue
[2023-08-02T10:49:46.977+0000] {logging_mixin.py:150} INFO - [2023-08-02T10:49:46.977+0000] {dagbag.py:541} INFO - Filling up the DagBag from /home/airflow/.local/lib/python3.7/site-packages/airflow/example_dags/example_nested_branch_dag.py
[2023-08-02T10:49:46.999+0000] {processor.py:836} INFO - DAG(s) dict_keys(['example_nested_branch_dag']) retrieved from /home/airflow/.local/lib/python3.7/site-packages/airflow/example_dags/example_nested_branch_dag.py
[2023-08-02T10:49:47.022+0000] {logging_mixin.py:150} INFO - [2023-08-02T10:49:47.022+0000] {dag.py:2742} INFO - Sync 1 DAGs
[2023-08-02T10:49:47.043+0000] {logging_mixin.py:150} INFO - [2023-08-02T10:49:47.043+0000] {dag.py:3508} INFO - Setting next_dagrun for example_nested_branch_dag to 2023-08-01T00:00:00+00:00, run_after=2023-08-02T00:00:00+00:00
[2023-08-02T10:49:47.060+0000] {processor.py:179} INFO - Processing /home/airflow/.local/lib/python3.7/site-packages/airflow/example_dags/example_nested_branch_dag.py took 0.090 seconds
[2023-08-02T10:50:17.626+0000] {processor.py:157} INFO - Started process (PID=1545) to work on /home/airflow/.local/lib/python3.7/site-packages/airflow/example_dags/example_nested_branch_dag.py
[2023-08-02T10:50:17.630+0000] {processor.py:826} INFO - Processing file /home/airflow/.local/lib/python3.7/site-packages/airflow/example_dags/example_nested_branch_dag.py for tasks to queue
[2023-08-02T10:50:17.633+0000] {logging_mixin.py:150} INFO - [2023-08-02T10:50:17.633+0000] {dagbag.py:541} INFO - Filling up the DagBag from /home/airflow/.local/lib/python3.7/site-packages/airflow/example_dags/example_nested_branch_dag.py
[2023-08-02T10:50:17.650+0000] {processor.py:836} INFO - DAG(s) dict_keys(['example_nested_branch_dag']) retrieved from /home/airflow/.local/lib/python3.7/site-packages/airflow/example_dags/example_nested_branch_dag.py
[2023-08-02T10:50:17.687+0000] {logging_mixin.py:150} INFO - [2023-08-02T10:50:17.687+0000] {dag.py:2742} INFO - Sync 1 DAGs
[2023-08-02T10:50:17.730+0000] {logging_mixin.py:150} INFO - [2023-08-02T10:50:17.730+0000] {dag.py:3508} INFO - Setting next_dagrun for example_nested_branch_dag to 2023-08-01T00:00:00+00:00, run_after=2023-08-02T00:00:00+00:00
[2023-08-02T10:50:17.753+0000] {processor.py:179} INFO - Processing /home/airflow/.local/lib/python3.7/site-packages/airflow/example_dags/example_nested_branch_dag.py took 0.132 seconds
[2023-08-02T10:50:48.123+0000] {processor.py:157} INFO - Started process (PID=1602) to work on /home/airflow/.local/lib/python3.7/site-packages/airflow/example_dags/example_nested_branch_dag.py
[2023-08-02T10:50:48.125+0000] {processor.py:826} INFO - Processing file /home/airflow/.local/lib/python3.7/site-packages/airflow/example_dags/example_nested_branch_dag.py for tasks to queue
[2023-08-02T10:50:48.128+0000] {logging_mixin.py:150} INFO - [2023-08-02T10:50:48.128+0000] {dagbag.py:541} INFO - Filling up the DagBag from /home/airflow/.local/lib/python3.7/site-packages/airflow/example_dags/example_nested_branch_dag.py
[2023-08-02T10:50:48.138+0000] {processor.py:836} INFO - DAG(s) dict_keys(['example_nested_branch_dag']) retrieved from /home/airflow/.local/lib/python3.7/site-packages/airflow/example_dags/example_nested_branch_dag.py
[2023-08-02T10:50:48.191+0000] {logging_mixin.py:150} INFO - [2023-08-02T10:50:48.191+0000] {dag.py:2742} INFO - Sync 1 DAGs
[2023-08-02T10:50:48.224+0000] {logging_mixin.py:150} INFO - [2023-08-02T10:50:48.224+0000] {dag.py:3508} INFO - Setting next_dagrun for example_nested_branch_dag to 2023-08-01T00:00:00+00:00, run_after=2023-08-02T00:00:00+00:00
[2023-08-02T10:50:48.244+0000] {processor.py:179} INFO - Processing /home/airflow/.local/lib/python3.7/site-packages/airflow/example_dags/example_nested_branch_dag.py took 0.124 seconds
[2023-08-02T10:51:19.163+0000] {processor.py:157} INFO - Started process (PID=1659) to work on /home/airflow/.local/lib/python3.7/site-packages/airflow/example_dags/example_nested_branch_dag.py
[2023-08-02T10:51:19.165+0000] {processor.py:826} INFO - Processing file /home/airflow/.local/lib/python3.7/site-packages/airflow/example_dags/example_nested_branch_dag.py for tasks to queue
[2023-08-02T10:51:19.166+0000] {logging_mixin.py:150} INFO - [2023-08-02T10:51:19.166+0000] {dagbag.py:541} INFO - Filling up the DagBag from /home/airflow/.local/lib/python3.7/site-packages/airflow/example_dags/example_nested_branch_dag.py
[2023-08-02T10:51:19.175+0000] {processor.py:836} INFO - DAG(s) dict_keys(['example_nested_branch_dag']) retrieved from /home/airflow/.local/lib/python3.7/site-packages/airflow/example_dags/example_nested_branch_dag.py
[2023-08-02T10:51:19.204+0000] {logging_mixin.py:150} INFO - [2023-08-02T10:51:19.204+0000] {dag.py:2742} INFO - Sync 1 DAGs
[2023-08-02T10:51:19.227+0000] {logging_mixin.py:150} INFO - [2023-08-02T10:51:19.227+0000] {dag.py:3508} INFO - Setting next_dagrun for example_nested_branch_dag to 2023-08-01T00:00:00+00:00, run_after=2023-08-02T00:00:00+00:00
[2023-08-02T10:51:19.245+0000] {processor.py:179} INFO - Processing /home/airflow/.local/lib/python3.7/site-packages/airflow/example_dags/example_nested_branch_dag.py took 0.086 seconds
[2023-08-02T10:51:49.473+0000] {processor.py:157} INFO - Started process (PID=1716) to work on /home/airflow/.local/lib/python3.7/site-packages/airflow/example_dags/example_nested_branch_dag.py
[2023-08-02T10:51:49.474+0000] {processor.py:826} INFO - Processing file /home/airflow/.local/lib/python3.7/site-packages/airflow/example_dags/example_nested_branch_dag.py for tasks to queue
[2023-08-02T10:51:49.489+0000] {logging_mixin.py:150} INFO - [2023-08-02T10:51:49.489+0000] {dagbag.py:541} INFO - Filling up the DagBag from /home/airflow/.local/lib/python3.7/site-packages/airflow/example_dags/example_nested_branch_dag.py
[2023-08-02T10:51:49.498+0000] {processor.py:836} INFO - DAG(s) dict_keys(['example_nested_branch_dag']) retrieved from /home/airflow/.local/lib/python3.7/site-packages/airflow/example_dags/example_nested_branch_dag.py
[2023-08-02T10:51:49.523+0000] {logging_mixin.py:150} INFO - [2023-08-02T10:51:49.523+0000] {dag.py:2742} INFO - Sync 1 DAGs
[2023-08-02T10:51:49.541+0000] {logging_mixin.py:150} INFO - [2023-08-02T10:51:49.541+0000] {dag.py:3508} INFO - Setting next_dagrun for example_nested_branch_dag to 2023-08-01T00:00:00+00:00, run_after=2023-08-02T00:00:00+00:00
[2023-08-02T10:51:49.554+0000] {processor.py:179} INFO - Processing /home/airflow/.local/lib/python3.7/site-packages/airflow/example_dags/example_nested_branch_dag.py took 0.085 seconds
[2023-08-02T10:52:19.685+0000] {processor.py:157} INFO - Started process (PID=1773) to work on /home/airflow/.local/lib/python3.7/site-packages/airflow/example_dags/example_nested_branch_dag.py
[2023-08-02T10:52:19.687+0000] {processor.py:826} INFO - Processing file /home/airflow/.local/lib/python3.7/site-packages/airflow/example_dags/example_nested_branch_dag.py for tasks to queue
[2023-08-02T10:52:19.688+0000] {logging_mixin.py:150} INFO - [2023-08-02T10:52:19.688+0000] {dagbag.py:541} INFO - Filling up the DagBag from /home/airflow/.local/lib/python3.7/site-packages/airflow/example_dags/example_nested_branch_dag.py
[2023-08-02T10:52:19.697+0000] {processor.py:836} INFO - DAG(s) dict_keys(['example_nested_branch_dag']) retrieved from /home/airflow/.local/lib/python3.7/site-packages/airflow/example_dags/example_nested_branch_dag.py
[2023-08-02T10:52:19.722+0000] {logging_mixin.py:150} INFO - [2023-08-02T10:52:19.722+0000] {dag.py:2742} INFO - Sync 1 DAGs
[2023-08-02T10:52:19.739+0000] {logging_mixin.py:150} INFO - [2023-08-02T10:52:19.739+0000] {dag.py:3508} INFO - Setting next_dagrun for example_nested_branch_dag to 2023-08-01T00:00:00+00:00, run_after=2023-08-02T00:00:00+00:00
[2023-08-02T10:52:19.755+0000] {processor.py:179} INFO - Processing /home/airflow/.local/lib/python3.7/site-packages/airflow/example_dags/example_nested_branch_dag.py took 0.073 seconds
[2023-08-02T10:52:49.964+0000] {processor.py:157} INFO - Started process (PID=1831) to work on /home/airflow/.local/lib/python3.7/site-packages/airflow/example_dags/example_nested_branch_dag.py
[2023-08-02T10:52:49.966+0000] {processor.py:826} INFO - Processing file /home/airflow/.local/lib/python3.7/site-packages/airflow/example_dags/example_nested_branch_dag.py for tasks to queue
[2023-08-02T10:52:49.967+0000] {logging_mixin.py:150} INFO - [2023-08-02T10:52:49.967+0000] {dagbag.py:541} INFO - Filling up the DagBag from /home/airflow/.local/lib/python3.7/site-packages/airflow/example_dags/example_nested_branch_dag.py
[2023-08-02T10:52:49.976+0000] {processor.py:836} INFO - DAG(s) dict_keys(['example_nested_branch_dag']) retrieved from /home/airflow/.local/lib/python3.7/site-packages/airflow/example_dags/example_nested_branch_dag.py
[2023-08-02T10:52:50.010+0000] {logging_mixin.py:150} INFO - [2023-08-02T10:52:50.010+0000] {dag.py:2742} INFO - Sync 1 DAGs
[2023-08-02T10:52:50.028+0000] {logging_mixin.py:150} INFO - [2023-08-02T10:52:50.028+0000] {dag.py:3508} INFO - Setting next_dagrun for example_nested_branch_dag to 2023-08-01T00:00:00+00:00, run_after=2023-08-02T00:00:00+00:00
[2023-08-02T10:52:50.041+0000] {processor.py:179} INFO - Processing /home/airflow/.local/lib/python3.7/site-packages/airflow/example_dags/example_nested_branch_dag.py took 0.080 seconds
[2023-08-02T10:53:20.409+0000] {processor.py:157} INFO - Started process (PID=1888) to work on /home/airflow/.local/lib/python3.7/site-packages/airflow/example_dags/example_nested_branch_dag.py
[2023-08-02T10:53:20.411+0000] {processor.py:826} INFO - Processing file /home/airflow/.local/lib/python3.7/site-packages/airflow/example_dags/example_nested_branch_dag.py for tasks to queue
[2023-08-02T10:53:20.412+0000] {logging_mixin.py:150} INFO - [2023-08-02T10:53:20.412+0000] {dagbag.py:541} INFO - Filling up the DagBag from /home/airflow/.local/lib/python3.7/site-packages/airflow/example_dags/example_nested_branch_dag.py
[2023-08-02T10:53:20.421+0000] {processor.py:836} INFO - DAG(s) dict_keys(['example_nested_branch_dag']) retrieved from /home/airflow/.local/lib/python3.7/site-packages/airflow/example_dags/example_nested_branch_dag.py
[2023-08-02T10:53:20.455+0000] {logging_mixin.py:150} INFO - [2023-08-02T10:53:20.455+0000] {dag.py:2742} INFO - Sync 1 DAGs
[2023-08-02T10:53:20.474+0000] {logging_mixin.py:150} INFO - [2023-08-02T10:53:20.474+0000] {dag.py:3508} INFO - Setting next_dagrun for example_nested_branch_dag to 2023-08-01T00:00:00+00:00, run_after=2023-08-02T00:00:00+00:00
[2023-08-02T10:53:20.486+0000] {processor.py:179} INFO - Processing /home/airflow/.local/lib/python3.7/site-packages/airflow/example_dags/example_nested_branch_dag.py took 0.081 seconds
[2023-08-02T10:53:50.717+0000] {processor.py:157} INFO - Started process (PID=1945) to work on /home/airflow/.local/lib/python3.7/site-packages/airflow/example_dags/example_nested_branch_dag.py
[2023-08-02T10:53:50.719+0000] {processor.py:826} INFO - Processing file /home/airflow/.local/lib/python3.7/site-packages/airflow/example_dags/example_nested_branch_dag.py for tasks to queue
[2023-08-02T10:53:50.721+0000] {logging_mixin.py:150} INFO - [2023-08-02T10:53:50.720+0000] {dagbag.py:541} INFO - Filling up the DagBag from /home/airflow/.local/lib/python3.7/site-packages/airflow/example_dags/example_nested_branch_dag.py
[2023-08-02T10:53:50.729+0000] {processor.py:836} INFO - DAG(s) dict_keys(['example_nested_branch_dag']) retrieved from /home/airflow/.local/lib/python3.7/site-packages/airflow/example_dags/example_nested_branch_dag.py
[2023-08-02T10:53:50.751+0000] {logging_mixin.py:150} INFO - [2023-08-02T10:53:50.751+0000] {dag.py:2742} INFO - Sync 1 DAGs
[2023-08-02T10:53:50.769+0000] {logging_mixin.py:150} INFO - [2023-08-02T10:53:50.769+0000] {dag.py:3508} INFO - Setting next_dagrun for example_nested_branch_dag to 2023-08-01T00:00:00+00:00, run_after=2023-08-02T00:00:00+00:00
[2023-08-02T10:53:50.797+0000] {processor.py:179} INFO - Processing /home/airflow/.local/lib/python3.7/site-packages/airflow/example_dags/example_nested_branch_dag.py took 0.083 seconds
[2023-08-02T10:54:20.862+0000] {processor.py:157} INFO - Started process (PID=2003) to work on /home/airflow/.local/lib/python3.7/site-packages/airflow/example_dags/example_nested_branch_dag.py
[2023-08-02T10:54:20.864+0000] {processor.py:826} INFO - Processing file /home/airflow/.local/lib/python3.7/site-packages/airflow/example_dags/example_nested_branch_dag.py for tasks to queue
[2023-08-02T10:54:20.866+0000] {logging_mixin.py:150} INFO - [2023-08-02T10:54:20.866+0000] {dagbag.py:541} INFO - Filling up the DagBag from /home/airflow/.local/lib/python3.7/site-packages/airflow/example_dags/example_nested_branch_dag.py
[2023-08-02T10:54:20.875+0000] {processor.py:836} INFO - DAG(s) dict_keys(['example_nested_branch_dag']) retrieved from /home/airflow/.local/lib/python3.7/site-packages/airflow/example_dags/example_nested_branch_dag.py
[2023-08-02T10:54:20.897+0000] {logging_mixin.py:150} INFO - [2023-08-02T10:54:20.897+0000] {dag.py:2742} INFO - Sync 1 DAGs
[2023-08-02T10:54:20.918+0000] {logging_mixin.py:150} INFO - [2023-08-02T10:54:20.918+0000] {dag.py:3508} INFO - Setting next_dagrun for example_nested_branch_dag to 2023-08-01T00:00:00+00:00, run_after=2023-08-02T00:00:00+00:00
[2023-08-02T10:54:20.930+0000] {processor.py:179} INFO - Processing /home/airflow/.local/lib/python3.7/site-packages/airflow/example_dags/example_nested_branch_dag.py took 0.071 seconds
[2023-08-02T10:54:51.048+0000] {processor.py:157} INFO - Started process (PID=2061) to work on /home/airflow/.local/lib/python3.7/site-packages/airflow/example_dags/example_nested_branch_dag.py
[2023-08-02T10:54:51.049+0000] {processor.py:826} INFO - Processing file /home/airflow/.local/lib/python3.7/site-packages/airflow/example_dags/example_nested_branch_dag.py for tasks to queue
[2023-08-02T10:54:51.051+0000] {logging_mixin.py:150} INFO - [2023-08-02T10:54:51.050+0000] {dagbag.py:541} INFO - Filling up the DagBag from /home/airflow/.local/lib/python3.7/site-packages/airflow/example_dags/example_nested_branch_dag.py
[2023-08-02T10:54:51.059+0000] {processor.py:836} INFO - DAG(s) dict_keys(['example_nested_branch_dag']) retrieved from /home/airflow/.local/lib/python3.7/site-packages/airflow/example_dags/example_nested_branch_dag.py
[2023-08-02T10:54:51.083+0000] {logging_mixin.py:150} INFO - [2023-08-02T10:54:51.083+0000] {dag.py:2742} INFO - Sync 1 DAGs
[2023-08-02T10:54:51.101+0000] {logging_mixin.py:150} INFO - [2023-08-02T10:54:51.101+0000] {dag.py:3508} INFO - Setting next_dagrun for example_nested_branch_dag to 2023-08-01T00:00:00+00:00, run_after=2023-08-02T00:00:00+00:00
[2023-08-02T10:54:51.114+0000] {processor.py:179} INFO - Processing /home/airflow/.local/lib/python3.7/site-packages/airflow/example_dags/example_nested_branch_dag.py took 0.069 seconds
[2023-08-02T10:55:21.833+0000] {processor.py:157} INFO - Started process (PID=2118) to work on /home/airflow/.local/lib/python3.7/site-packages/airflow/example_dags/example_nested_branch_dag.py
[2023-08-02T10:55:21.835+0000] {processor.py:826} INFO - Processing file /home/airflow/.local/lib/python3.7/site-packages/airflow/example_dags/example_nested_branch_dag.py for tasks to queue
[2023-08-02T10:55:21.836+0000] {logging_mixin.py:150} INFO - [2023-08-02T10:55:21.836+0000] {dagbag.py:541} INFO - Filling up the DagBag from /home/airflow/.local/lib/python3.7/site-packages/airflow/example_dags/example_nested_branch_dag.py
[2023-08-02T10:55:21.845+0000] {processor.py:836} INFO - DAG(s) dict_keys(['example_nested_branch_dag']) retrieved from /home/airflow/.local/lib/python3.7/site-packages/airflow/example_dags/example_nested_branch_dag.py
[2023-08-02T10:55:21.868+0000] {logging_mixin.py:150} INFO - [2023-08-02T10:55:21.868+0000] {dag.py:2742} INFO - Sync 1 DAGs
[2023-08-02T10:55:21.900+0000] {logging_mixin.py:150} INFO - [2023-08-02T10:55:21.900+0000] {dag.py:3508} INFO - Setting next_dagrun for example_nested_branch_dag to 2023-08-01T00:00:00+00:00, run_after=2023-08-02T00:00:00+00:00
[2023-08-02T10:55:21.916+0000] {processor.py:179} INFO - Processing /home/airflow/.local/lib/python3.7/site-packages/airflow/example_dags/example_nested_branch_dag.py took 0.087 seconds
[2023-08-02T12:19:21.146+0000] {processor.py:157} INFO - Started process (PID=2176) to work on /home/airflow/.local/lib/python3.7/site-packages/airflow/example_dags/example_nested_branch_dag.py
[2023-08-02T12:19:21.150+0000] {processor.py:826} INFO - Processing file /home/airflow/.local/lib/python3.7/site-packages/airflow/example_dags/example_nested_branch_dag.py for tasks to queue
[2023-08-02T12:19:21.152+0000] {logging_mixin.py:150} INFO - [2023-08-02T12:19:21.151+0000] {dagbag.py:541} INFO - Filling up the DagBag from /home/airflow/.local/lib/python3.7/site-packages/airflow/example_dags/example_nested_branch_dag.py
[2023-08-02T12:19:21.161+0000] {processor.py:836} INFO - DAG(s) dict_keys(['example_nested_branch_dag']) retrieved from /home/airflow/.local/lib/python3.7/site-packages/airflow/example_dags/example_nested_branch_dag.py
[2023-08-02T12:19:21.191+0000] {logging_mixin.py:150} INFO - [2023-08-02T12:19:21.191+0000] {dag.py:2742} INFO - Sync 1 DAGs
[2023-08-02T12:19:21.213+0000] {logging_mixin.py:150} INFO - [2023-08-02T12:19:21.212+0000] {dag.py:3508} INFO - Setting next_dagrun for example_nested_branch_dag to 2023-08-01T00:00:00+00:00, run_after=2023-08-02T00:00:00+00:00
[2023-08-02T12:19:21.227+0000] {processor.py:179} INFO - Processing /home/airflow/.local/lib/python3.7/site-packages/airflow/example_dags/example_nested_branch_dag.py took 0.085 seconds
[2023-08-02T13:26:13.619+0000] {processor.py:157} INFO - Started process (PID=2233) to work on /home/airflow/.local/lib/python3.7/site-packages/airflow/example_dags/example_nested_branch_dag.py
[2023-08-02T13:26:13.620+0000] {processor.py:826} INFO - Processing file /home/airflow/.local/lib/python3.7/site-packages/airflow/example_dags/example_nested_branch_dag.py for tasks to queue
[2023-08-02T13:26:13.622+0000] {logging_mixin.py:150} INFO - [2023-08-02T13:26:13.622+0000] {dagbag.py:541} INFO - Filling up the DagBag from /home/airflow/.local/lib/python3.7/site-packages/airflow/example_dags/example_nested_branch_dag.py
[2023-08-02T13:26:13.632+0000] {processor.py:836} INFO - DAG(s) dict_keys(['example_nested_branch_dag']) retrieved from /home/airflow/.local/lib/python3.7/site-packages/airflow/example_dags/example_nested_branch_dag.py
[2023-08-02T13:26:13.657+0000] {logging_mixin.py:150} INFO - [2023-08-02T13:26:13.657+0000] {dag.py:2742} INFO - Sync 1 DAGs
[2023-08-02T13:26:13.681+0000] {logging_mixin.py:150} INFO - [2023-08-02T13:26:13.681+0000] {dag.py:3508} INFO - Setting next_dagrun for example_nested_branch_dag to 2023-08-01T00:00:00+00:00, run_after=2023-08-02T00:00:00+00:00
[2023-08-02T13:26:13.698+0000] {processor.py:179} INFO - Processing /home/airflow/.local/lib/python3.7/site-packages/airflow/example_dags/example_nested_branch_dag.py took 0.083 seconds
[2023-08-02T14:49:12.809+0000] {processor.py:157} INFO - Started process (PID=2291) to work on /home/airflow/.local/lib/python3.7/site-packages/airflow/example_dags/example_nested_branch_dag.py
[2023-08-02T14:49:12.811+0000] {processor.py:826} INFO - Processing file /home/airflow/.local/lib/python3.7/site-packages/airflow/example_dags/example_nested_branch_dag.py for tasks to queue
[2023-08-02T14:49:12.812+0000] {logging_mixin.py:150} INFO - [2023-08-02T14:49:12.812+0000] {dagbag.py:541} INFO - Filling up the DagBag from /home/airflow/.local/lib/python3.7/site-packages/airflow/example_dags/example_nested_branch_dag.py
[2023-08-02T14:49:12.819+0000] {processor.py:836} INFO - DAG(s) dict_keys(['example_nested_branch_dag']) retrieved from /home/airflow/.local/lib/python3.7/site-packages/airflow/example_dags/example_nested_branch_dag.py
[2023-08-02T14:49:12.843+0000] {logging_mixin.py:150} INFO - [2023-08-02T14:49:12.842+0000] {dag.py:2742} INFO - Sync 1 DAGs
[2023-08-02T14:49:12.861+0000] {logging_mixin.py:150} INFO - [2023-08-02T14:49:12.861+0000] {dag.py:3508} INFO - Setting next_dagrun for example_nested_branch_dag to 2023-08-01T00:00:00+00:00, run_after=2023-08-02T00:00:00+00:00
[2023-08-02T14:49:12.873+0000] {processor.py:179} INFO - Processing /home/airflow/.local/lib/python3.7/site-packages/airflow/example_dags/example_nested_branch_dag.py took 0.068 seconds
[2023-08-02T15:54:29.461+0000] {processor.py:157} INFO - Started process (PID=2347) to work on /home/airflow/.local/lib/python3.7/site-packages/airflow/example_dags/example_nested_branch_dag.py
[2023-08-02T15:54:29.467+0000] {processor.py:826} INFO - Processing file /home/airflow/.local/lib/python3.7/site-packages/airflow/example_dags/example_nested_branch_dag.py for tasks to queue
[2023-08-02T15:54:29.468+0000] {logging_mixin.py:150} INFO - [2023-08-02T15:54:29.468+0000] {dagbag.py:541} INFO - Filling up the DagBag from /home/airflow/.local/lib/python3.7/site-packages/airflow/example_dags/example_nested_branch_dag.py
[2023-08-02T15:54:29.480+0000] {processor.py:836} INFO - DAG(s) dict_keys(['example_nested_branch_dag']) retrieved from /home/airflow/.local/lib/python3.7/site-packages/airflow/example_dags/example_nested_branch_dag.py
[2023-08-02T15:54:29.517+0000] {logging_mixin.py:150} INFO - [2023-08-02T15:54:29.517+0000] {dag.py:2742} INFO - Sync 1 DAGs
[2023-08-02T15:54:29.539+0000] {logging_mixin.py:150} INFO - [2023-08-02T15:54:29.539+0000] {dag.py:3508} INFO - Setting next_dagrun for example_nested_branch_dag to 2023-08-01T00:00:00+00:00, run_after=2023-08-02T00:00:00+00:00
[2023-08-02T15:54:29.553+0000] {processor.py:179} INFO - Processing /home/airflow/.local/lib/python3.7/site-packages/airflow/example_dags/example_nested_branch_dag.py took 0.095 seconds
[2023-08-02T16:26:54.335+0000] {processor.py:157} INFO - Started process (PID=2404) to work on /home/airflow/.local/lib/python3.7/site-packages/airflow/example_dags/example_nested_branch_dag.py
[2023-08-02T16:26:54.338+0000] {processor.py:826} INFO - Processing file /home/airflow/.local/lib/python3.7/site-packages/airflow/example_dags/example_nested_branch_dag.py for tasks to queue
[2023-08-02T16:26:54.342+0000] {logging_mixin.py:150} INFO - [2023-08-02T16:26:54.341+0000] {dagbag.py:541} INFO - Filling up the DagBag from /home/airflow/.local/lib/python3.7/site-packages/airflow/example_dags/example_nested_branch_dag.py
[2023-08-02T16:26:54.353+0000] {processor.py:836} INFO - DAG(s) dict_keys(['example_nested_branch_dag']) retrieved from /home/airflow/.local/lib/python3.7/site-packages/airflow/example_dags/example_nested_branch_dag.py
[2023-08-02T16:26:54.384+0000] {logging_mixin.py:150} INFO - [2023-08-02T16:26:54.384+0000] {dag.py:2742} INFO - Sync 1 DAGs
[2023-08-02T16:26:54.404+0000] {logging_mixin.py:150} INFO - [2023-08-02T16:26:54.404+0000] {dag.py:3508} INFO - Setting next_dagrun for example_nested_branch_dag to 2023-08-01T00:00:00+00:00, run_after=2023-08-02T00:00:00+00:00
[2023-08-02T16:26:54.472+0000] {processor.py:179} INFO - Processing /home/airflow/.local/lib/python3.7/site-packages/airflow/example_dags/example_nested_branch_dag.py took 0.141 seconds
[2023-08-02T17:14:38.559+0000] {processor.py:157} INFO - Started process (PID=2462) to work on /home/airflow/.local/lib/python3.7/site-packages/airflow/example_dags/example_nested_branch_dag.py
[2023-08-02T17:14:38.561+0000] {processor.py:826} INFO - Processing file /home/airflow/.local/lib/python3.7/site-packages/airflow/example_dags/example_nested_branch_dag.py for tasks to queue
[2023-08-02T17:14:38.562+0000] {logging_mixin.py:150} INFO - [2023-08-02T17:14:38.562+0000] {dagbag.py:541} INFO - Filling up the DagBag from /home/airflow/.local/lib/python3.7/site-packages/airflow/example_dags/example_nested_branch_dag.py
[2023-08-02T17:14:38.574+0000] {processor.py:836} INFO - DAG(s) dict_keys(['example_nested_branch_dag']) retrieved from /home/airflow/.local/lib/python3.7/site-packages/airflow/example_dags/example_nested_branch_dag.py
[2023-08-02T17:14:38.596+0000] {logging_mixin.py:150} INFO - [2023-08-02T17:14:38.596+0000] {dag.py:2742} INFO - Sync 1 DAGs
[2023-08-02T17:14:38.613+0000] {logging_mixin.py:150} INFO - [2023-08-02T17:14:38.613+0000] {dag.py:3508} INFO - Setting next_dagrun for example_nested_branch_dag to 2023-08-01T00:00:00+00:00, run_after=2023-08-02T00:00:00+00:00
[2023-08-02T17:14:38.625+0000] {processor.py:179} INFO - Processing /home/airflow/.local/lib/python3.7/site-packages/airflow/example_dags/example_nested_branch_dag.py took 0.069 seconds
[2023-08-02T18:59:11.710+0000] {processor.py:157} INFO - Started process (PID=2519) to work on /home/airflow/.local/lib/python3.7/site-packages/airflow/example_dags/example_nested_branch_dag.py
[2023-08-02T18:59:11.712+0000] {processor.py:826} INFO - Processing file /home/airflow/.local/lib/python3.7/site-packages/airflow/example_dags/example_nested_branch_dag.py for tasks to queue
[2023-08-02T18:59:11.713+0000] {logging_mixin.py:150} INFO - [2023-08-02T18:59:11.713+0000] {dagbag.py:541} INFO - Filling up the DagBag from /home/airflow/.local/lib/python3.7/site-packages/airflow/example_dags/example_nested_branch_dag.py
[2023-08-02T18:59:11.722+0000] {processor.py:836} INFO - DAG(s) dict_keys(['example_nested_branch_dag']) retrieved from /home/airflow/.local/lib/python3.7/site-packages/airflow/example_dags/example_nested_branch_dag.py
[2023-08-02T18:59:11.746+0000] {logging_mixin.py:150} INFO - [2023-08-02T18:59:11.746+0000] {dag.py:2742} INFO - Sync 1 DAGs
[2023-08-02T18:59:11.771+0000] {logging_mixin.py:150} INFO - [2023-08-02T18:59:11.771+0000] {dag.py:3508} INFO - Setting next_dagrun for example_nested_branch_dag to 2023-08-01T00:00:00+00:00, run_after=2023-08-02T00:00:00+00:00
[2023-08-02T18:59:11.785+0000] {processor.py:179} INFO - Processing /home/airflow/.local/lib/python3.7/site-packages/airflow/example_dags/example_nested_branch_dag.py took 0.078 seconds
[2023-08-02T20:21:34.649+0000] {processor.py:157} INFO - Started process (PID=2577) to work on /home/airflow/.local/lib/python3.7/site-packages/airflow/example_dags/example_nested_branch_dag.py
[2023-08-02T20:21:34.651+0000] {processor.py:826} INFO - Processing file /home/airflow/.local/lib/python3.7/site-packages/airflow/example_dags/example_nested_branch_dag.py for tasks to queue
[2023-08-02T20:21:34.653+0000] {logging_mixin.py:150} INFO - [2023-08-02T20:21:34.653+0000] {dagbag.py:541} INFO - Filling up the DagBag from /home/airflow/.local/lib/python3.7/site-packages/airflow/example_dags/example_nested_branch_dag.py
[2023-08-02T20:21:34.662+0000] {processor.py:836} INFO - DAG(s) dict_keys(['example_nested_branch_dag']) retrieved from /home/airflow/.local/lib/python3.7/site-packages/airflow/example_dags/example_nested_branch_dag.py
[2023-08-02T20:21:34.689+0000] {logging_mixin.py:150} INFO - [2023-08-02T20:21:34.688+0000] {dag.py:2742} INFO - Sync 1 DAGs
[2023-08-02T20:21:34.710+0000] {logging_mixin.py:150} INFO - [2023-08-02T20:21:34.709+0000] {dag.py:3508} INFO - Setting next_dagrun for example_nested_branch_dag to 2023-08-01T00:00:00+00:00, run_after=2023-08-02T00:00:00+00:00
[2023-08-02T20:21:34.723+0000] {processor.py:179} INFO - Processing /home/airflow/.local/lib/python3.7/site-packages/airflow/example_dags/example_nested_branch_dag.py took 0.076 seconds
[2023-08-02T22:03:30.473+0000] {processor.py:157} INFO - Started process (PID=2634) to work on /home/airflow/.local/lib/python3.7/site-packages/airflow/example_dags/example_nested_branch_dag.py
[2023-08-02T22:03:30.475+0000] {processor.py:826} INFO - Processing file /home/airflow/.local/lib/python3.7/site-packages/airflow/example_dags/example_nested_branch_dag.py for tasks to queue
[2023-08-02T22:03:30.477+0000] {logging_mixin.py:150} INFO - [2023-08-02T22:03:30.477+0000] {dagbag.py:541} INFO - Filling up the DagBag from /home/airflow/.local/lib/python3.7/site-packages/airflow/example_dags/example_nested_branch_dag.py
[2023-08-02T22:03:30.487+0000] {processor.py:836} INFO - DAG(s) dict_keys(['example_nested_branch_dag']) retrieved from /home/airflow/.local/lib/python3.7/site-packages/airflow/example_dags/example_nested_branch_dag.py
[2023-08-02T22:03:30.521+0000] {logging_mixin.py:150} INFO - [2023-08-02T22:03:30.521+0000] {dag.py:2742} INFO - Sync 1 DAGs
[2023-08-02T22:03:30.545+0000] {logging_mixin.py:150} INFO - [2023-08-02T22:03:30.545+0000] {dag.py:3508} INFO - Setting next_dagrun for example_nested_branch_dag to 2023-08-01T00:00:00+00:00, run_after=2023-08-02T00:00:00+00:00
[2023-08-02T22:03:30.560+0000] {processor.py:179} INFO - Processing /home/airflow/.local/lib/python3.7/site-packages/airflow/example_dags/example_nested_branch_dag.py took 0.091 seconds
[2023-08-02T23:27:16.472+0000] {processor.py:157} INFO - Started process (PID=2691) to work on /home/airflow/.local/lib/python3.7/site-packages/airflow/example_dags/example_nested_branch_dag.py
[2023-08-02T23:27:16.474+0000] {processor.py:826} INFO - Processing file /home/airflow/.local/lib/python3.7/site-packages/airflow/example_dags/example_nested_branch_dag.py for tasks to queue
[2023-08-02T23:27:16.476+0000] {logging_mixin.py:150} INFO - [2023-08-02T23:27:16.475+0000] {dagbag.py:541} INFO - Filling up the DagBag from /home/airflow/.local/lib/python3.7/site-packages/airflow/example_dags/example_nested_branch_dag.py
[2023-08-02T23:27:16.492+0000] {processor.py:836} INFO - DAG(s) dict_keys(['example_nested_branch_dag']) retrieved from /home/airflow/.local/lib/python3.7/site-packages/airflow/example_dags/example_nested_branch_dag.py
[2023-08-02T23:27:16.516+0000] {logging_mixin.py:150} INFO - [2023-08-02T23:27:16.516+0000] {dag.py:2742} INFO - Sync 1 DAGs
[2023-08-02T23:27:16.535+0000] {logging_mixin.py:150} INFO - [2023-08-02T23:27:16.535+0000] {dag.py:3508} INFO - Setting next_dagrun for example_nested_branch_dag to 2023-08-01T00:00:00+00:00, run_after=2023-08-02T00:00:00+00:00
[2023-08-02T23:27:16.548+0000] {processor.py:179} INFO - Processing /home/airflow/.local/lib/python3.7/site-packages/airflow/example_dags/example_nested_branch_dag.py took 0.079 seconds
