[2023-08-02T10:37:04.179+0000] {processor.py:157} INFO - Started process (PID=59) to work on /home/airflow/.local/lib/python3.7/site-packages/airflow/example_dags/example_params_trigger_ui.py
[2023-08-02T10:37:04.188+0000] {processor.py:826} INFO - Processing file /home/airflow/.local/lib/python3.7/site-packages/airflow/example_dags/example_params_trigger_ui.py for tasks to queue
[2023-08-02T10:37:04.190+0000] {logging_mixin.py:150} INFO - [2023-08-02T10:37:04.190+0000] {dagbag.py:541} INFO - Filling up the DagBag from /home/airflow/.local/lib/python3.7/site-packages/airflow/example_dags/example_params_trigger_ui.py
[2023-08-02T10:37:04.253+0000] {processor.py:836} INFO - DAG(s) dict_keys(['example_params_trigger_ui']) retrieved from /home/airflow/.local/lib/python3.7/site-packages/airflow/example_dags/example_params_trigger_ui.py
[2023-08-02T10:37:04.303+0000] {logging_mixin.py:150} INFO - [2023-08-02T10:37:04.301+0000] {dag.py:2742} INFO - Sync 1 DAGs
[2023-08-02T10:37:04.340+0000] {logging_mixin.py:150} INFO - [2023-08-02T10:37:04.340+0000] {dag.py:3508} INFO - Setting next_dagrun for example_params_trigger_ui to None, run_after=None
[2023-08-02T10:37:04.378+0000] {processor.py:179} INFO - Processing /home/airflow/.local/lib/python3.7/site-packages/airflow/example_dags/example_params_trigger_ui.py took 0.204 seconds
[2023-08-02T10:37:34.492+0000] {processor.py:157} INFO - Started process (PID=116) to work on /home/airflow/.local/lib/python3.7/site-packages/airflow/example_dags/example_params_trigger_ui.py
[2023-08-02T10:37:34.494+0000] {processor.py:826} INFO - Processing file /home/airflow/.local/lib/python3.7/site-packages/airflow/example_dags/example_params_trigger_ui.py for tasks to queue
[2023-08-02T10:37:34.495+0000] {logging_mixin.py:150} INFO - [2023-08-02T10:37:34.495+0000] {dagbag.py:541} INFO - Filling up the DagBag from /home/airflow/.local/lib/python3.7/site-packages/airflow/example_dags/example_params_trigger_ui.py
[2023-08-02T10:37:34.511+0000] {processor.py:836} INFO - DAG(s) dict_keys(['example_params_trigger_ui']) retrieved from /home/airflow/.local/lib/python3.7/site-packages/airflow/example_dags/example_params_trigger_ui.py
[2023-08-02T10:37:34.568+0000] {logging_mixin.py:150} INFO - [2023-08-02T10:37:34.568+0000] {dag.py:2742} INFO - Sync 1 DAGs
[2023-08-02T10:37:34.586+0000] {logging_mixin.py:150} INFO - [2023-08-02T10:37:34.586+0000] {dag.py:3508} INFO - Setting next_dagrun for example_params_trigger_ui to None, run_after=None
[2023-08-02T10:37:34.600+0000] {processor.py:179} INFO - Processing /home/airflow/.local/lib/python3.7/site-packages/airflow/example_dags/example_params_trigger_ui.py took 0.111 seconds
[2023-08-02T10:38:04.660+0000] {processor.py:157} INFO - Started process (PID=173) to work on /home/airflow/.local/lib/python3.7/site-packages/airflow/example_dags/example_params_trigger_ui.py
[2023-08-02T10:38:04.672+0000] {processor.py:826} INFO - Processing file /home/airflow/.local/lib/python3.7/site-packages/airflow/example_dags/example_params_trigger_ui.py for tasks to queue
[2023-08-02T10:38:04.673+0000] {logging_mixin.py:150} INFO - [2023-08-02T10:38:04.673+0000] {dagbag.py:541} INFO - Filling up the DagBag from /home/airflow/.local/lib/python3.7/site-packages/airflow/example_dags/example_params_trigger_ui.py
[2023-08-02T10:38:04.689+0000] {processor.py:836} INFO - DAG(s) dict_keys(['example_params_trigger_ui']) retrieved from /home/airflow/.local/lib/python3.7/site-packages/airflow/example_dags/example_params_trigger_ui.py
[2023-08-02T10:38:04.743+0000] {logging_mixin.py:150} INFO - [2023-08-02T10:38:04.743+0000] {dag.py:2742} INFO - Sync 1 DAGs
[2023-08-02T10:38:04.763+0000] {logging_mixin.py:150} INFO - [2023-08-02T10:38:04.763+0000] {dag.py:3508} INFO - Setting next_dagrun for example_params_trigger_ui to None, run_after=None
[2023-08-02T10:38:04.776+0000] {processor.py:179} INFO - Processing /home/airflow/.local/lib/python3.7/site-packages/airflow/example_dags/example_params_trigger_ui.py took 0.119 seconds
[2023-08-02T10:38:35.206+0000] {processor.py:157} INFO - Started process (PID=230) to work on /home/airflow/.local/lib/python3.7/site-packages/airflow/example_dags/example_params_trigger_ui.py
[2023-08-02T10:38:35.216+0000] {processor.py:826} INFO - Processing file /home/airflow/.local/lib/python3.7/site-packages/airflow/example_dags/example_params_trigger_ui.py for tasks to queue
[2023-08-02T10:38:35.218+0000] {logging_mixin.py:150} INFO - [2023-08-02T10:38:35.217+0000] {dagbag.py:541} INFO - Filling up the DagBag from /home/airflow/.local/lib/python3.7/site-packages/airflow/example_dags/example_params_trigger_ui.py
[2023-08-02T10:38:35.236+0000] {processor.py:836} INFO - DAG(s) dict_keys(['example_params_trigger_ui']) retrieved from /home/airflow/.local/lib/python3.7/site-packages/airflow/example_dags/example_params_trigger_ui.py
[2023-08-02T10:38:35.287+0000] {logging_mixin.py:150} INFO - [2023-08-02T10:38:35.287+0000] {dag.py:2742} INFO - Sync 1 DAGs
[2023-08-02T10:38:35.314+0000] {logging_mixin.py:150} INFO - [2023-08-02T10:38:35.314+0000] {dag.py:3508} INFO - Setting next_dagrun for example_params_trigger_ui to None, run_after=None
[2023-08-02T10:38:35.327+0000] {processor.py:179} INFO - Processing /home/airflow/.local/lib/python3.7/site-packages/airflow/example_dags/example_params_trigger_ui.py took 0.125 seconds
[2023-08-02T10:39:05.579+0000] {processor.py:157} INFO - Started process (PID=287) to work on /home/airflow/.local/lib/python3.7/site-packages/airflow/example_dags/example_params_trigger_ui.py
[2023-08-02T10:39:05.581+0000] {processor.py:826} INFO - Processing file /home/airflow/.local/lib/python3.7/site-packages/airflow/example_dags/example_params_trigger_ui.py for tasks to queue
[2023-08-02T10:39:05.582+0000] {logging_mixin.py:150} INFO - [2023-08-02T10:39:05.582+0000] {dagbag.py:541} INFO - Filling up the DagBag from /home/airflow/.local/lib/python3.7/site-packages/airflow/example_dags/example_params_trigger_ui.py
[2023-08-02T10:39:05.598+0000] {processor.py:836} INFO - DAG(s) dict_keys(['example_params_trigger_ui']) retrieved from /home/airflow/.local/lib/python3.7/site-packages/airflow/example_dags/example_params_trigger_ui.py
[2023-08-02T10:39:05.652+0000] {logging_mixin.py:150} INFO - [2023-08-02T10:39:05.652+0000] {dag.py:2742} INFO - Sync 1 DAGs
[2023-08-02T10:39:05.670+0000] {logging_mixin.py:150} INFO - [2023-08-02T10:39:05.669+0000] {dag.py:3508} INFO - Setting next_dagrun for example_params_trigger_ui to None, run_after=None
[2023-08-02T10:39:05.683+0000] {processor.py:179} INFO - Processing /home/airflow/.local/lib/python3.7/site-packages/airflow/example_dags/example_params_trigger_ui.py took 0.108 seconds
[2023-08-02T10:39:35.932+0000] {processor.py:157} INFO - Started process (PID=344) to work on /home/airflow/.local/lib/python3.7/site-packages/airflow/example_dags/example_params_trigger_ui.py
[2023-08-02T10:39:35.934+0000] {processor.py:826} INFO - Processing file /home/airflow/.local/lib/python3.7/site-packages/airflow/example_dags/example_params_trigger_ui.py for tasks to queue
[2023-08-02T10:39:35.936+0000] {logging_mixin.py:150} INFO - [2023-08-02T10:39:35.936+0000] {dagbag.py:541} INFO - Filling up the DagBag from /home/airflow/.local/lib/python3.7/site-packages/airflow/example_dags/example_params_trigger_ui.py
[2023-08-02T10:39:35.952+0000] {processor.py:836} INFO - DAG(s) dict_keys(['example_params_trigger_ui']) retrieved from /home/airflow/.local/lib/python3.7/site-packages/airflow/example_dags/example_params_trigger_ui.py
[2023-08-02T10:39:36.005+0000] {logging_mixin.py:150} INFO - [2023-08-02T10:39:36.005+0000] {dag.py:2742} INFO - Sync 1 DAGs
[2023-08-02T10:39:36.022+0000] {logging_mixin.py:150} INFO - [2023-08-02T10:39:36.022+0000] {dag.py:3508} INFO - Setting next_dagrun for example_params_trigger_ui to None, run_after=None
[2023-08-02T10:39:36.036+0000] {processor.py:179} INFO - Processing /home/airflow/.local/lib/python3.7/site-packages/airflow/example_dags/example_params_trigger_ui.py took 0.107 seconds
[2023-08-02T10:40:06.341+0000] {processor.py:157} INFO - Started process (PID=400) to work on /home/airflow/.local/lib/python3.7/site-packages/airflow/example_dags/example_params_trigger_ui.py
[2023-08-02T10:40:06.343+0000] {processor.py:826} INFO - Processing file /home/airflow/.local/lib/python3.7/site-packages/airflow/example_dags/example_params_trigger_ui.py for tasks to queue
[2023-08-02T10:40:06.345+0000] {logging_mixin.py:150} INFO - [2023-08-02T10:40:06.344+0000] {dagbag.py:541} INFO - Filling up the DagBag from /home/airflow/.local/lib/python3.7/site-packages/airflow/example_dags/example_params_trigger_ui.py
[2023-08-02T10:40:06.361+0000] {processor.py:836} INFO - DAG(s) dict_keys(['example_params_trigger_ui']) retrieved from /home/airflow/.local/lib/python3.7/site-packages/airflow/example_dags/example_params_trigger_ui.py
[2023-08-02T10:40:06.414+0000] {logging_mixin.py:150} INFO - [2023-08-02T10:40:06.414+0000] {dag.py:2742} INFO - Sync 1 DAGs
[2023-08-02T10:40:06.480+0000] {logging_mixin.py:150} INFO - [2023-08-02T10:40:06.480+0000] {dag.py:3508} INFO - Setting next_dagrun for example_params_trigger_ui to None, run_after=None
[2023-08-02T10:40:06.493+0000] {processor.py:179} INFO - Processing /home/airflow/.local/lib/python3.7/site-packages/airflow/example_dags/example_params_trigger_ui.py took 0.155 seconds
[2023-08-02T10:40:36.900+0000] {processor.py:157} INFO - Started process (PID=457) to work on /home/airflow/.local/lib/python3.7/site-packages/airflow/example_dags/example_params_trigger_ui.py
[2023-08-02T10:40:36.902+0000] {processor.py:826} INFO - Processing file /home/airflow/.local/lib/python3.7/site-packages/airflow/example_dags/example_params_trigger_ui.py for tasks to queue
[2023-08-02T10:40:36.904+0000] {logging_mixin.py:150} INFO - [2023-08-02T10:40:36.904+0000] {dagbag.py:541} INFO - Filling up the DagBag from /home/airflow/.local/lib/python3.7/site-packages/airflow/example_dags/example_params_trigger_ui.py
[2023-08-02T10:40:36.922+0000] {processor.py:836} INFO - DAG(s) dict_keys(['example_params_trigger_ui']) retrieved from /home/airflow/.local/lib/python3.7/site-packages/airflow/example_dags/example_params_trigger_ui.py
[2023-08-02T10:40:36.979+0000] {logging_mixin.py:150} INFO - [2023-08-02T10:40:36.979+0000] {dag.py:2742} INFO - Sync 1 DAGs
[2023-08-02T10:40:36.996+0000] {logging_mixin.py:150} INFO - [2023-08-02T10:40:36.996+0000] {dag.py:3508} INFO - Setting next_dagrun for example_params_trigger_ui to None, run_after=None
[2023-08-02T10:40:37.010+0000] {processor.py:179} INFO - Processing /home/airflow/.local/lib/python3.7/site-packages/airflow/example_dags/example_params_trigger_ui.py took 0.113 seconds
[2023-08-02T10:41:07.664+0000] {processor.py:157} INFO - Started process (PID=514) to work on /home/airflow/.local/lib/python3.7/site-packages/airflow/example_dags/example_params_trigger_ui.py
[2023-08-02T10:41:07.667+0000] {processor.py:826} INFO - Processing file /home/airflow/.local/lib/python3.7/site-packages/airflow/example_dags/example_params_trigger_ui.py for tasks to queue
[2023-08-02T10:41:07.669+0000] {logging_mixin.py:150} INFO - [2023-08-02T10:41:07.669+0000] {dagbag.py:541} INFO - Filling up the DagBag from /home/airflow/.local/lib/python3.7/site-packages/airflow/example_dags/example_params_trigger_ui.py
[2023-08-02T10:41:07.685+0000] {processor.py:836} INFO - DAG(s) dict_keys(['example_params_trigger_ui']) retrieved from /home/airflow/.local/lib/python3.7/site-packages/airflow/example_dags/example_params_trigger_ui.py
[2023-08-02T10:41:07.739+0000] {logging_mixin.py:150} INFO - [2023-08-02T10:41:07.739+0000] {dag.py:2742} INFO - Sync 1 DAGs
[2023-08-02T10:41:07.755+0000] {logging_mixin.py:150} INFO - [2023-08-02T10:41:07.755+0000] {dag.py:3508} INFO - Setting next_dagrun for example_params_trigger_ui to None, run_after=None
[2023-08-02T10:41:07.769+0000] {processor.py:179} INFO - Processing /home/airflow/.local/lib/python3.7/site-packages/airflow/example_dags/example_params_trigger_ui.py took 0.108 seconds
[2023-08-02T10:41:38.188+0000] {processor.py:157} INFO - Started process (PID=571) to work on /home/airflow/.local/lib/python3.7/site-packages/airflow/example_dags/example_params_trigger_ui.py
[2023-08-02T10:41:38.191+0000] {processor.py:826} INFO - Processing file /home/airflow/.local/lib/python3.7/site-packages/airflow/example_dags/example_params_trigger_ui.py for tasks to queue
[2023-08-02T10:41:38.193+0000] {logging_mixin.py:150} INFO - [2023-08-02T10:41:38.193+0000] {dagbag.py:541} INFO - Filling up the DagBag from /home/airflow/.local/lib/python3.7/site-packages/airflow/example_dags/example_params_trigger_ui.py
[2023-08-02T10:41:38.214+0000] {processor.py:836} INFO - DAG(s) dict_keys(['example_params_trigger_ui']) retrieved from /home/airflow/.local/lib/python3.7/site-packages/airflow/example_dags/example_params_trigger_ui.py
[2023-08-02T10:41:38.267+0000] {logging_mixin.py:150} INFO - [2023-08-02T10:41:38.267+0000] {dag.py:2742} INFO - Sync 1 DAGs
[2023-08-02T10:41:38.286+0000] {logging_mixin.py:150} INFO - [2023-08-02T10:41:38.286+0000] {dag.py:3508} INFO - Setting next_dagrun for example_params_trigger_ui to None, run_after=None
[2023-08-02T10:41:38.299+0000] {processor.py:179} INFO - Processing /home/airflow/.local/lib/python3.7/site-packages/airflow/example_dags/example_params_trigger_ui.py took 0.114 seconds
[2023-08-02T10:42:08.684+0000] {processor.py:157} INFO - Started process (PID=628) to work on /home/airflow/.local/lib/python3.7/site-packages/airflow/example_dags/example_params_trigger_ui.py
[2023-08-02T10:42:08.686+0000] {processor.py:826} INFO - Processing file /home/airflow/.local/lib/python3.7/site-packages/airflow/example_dags/example_params_trigger_ui.py for tasks to queue
[2023-08-02T10:42:08.688+0000] {logging_mixin.py:150} INFO - [2023-08-02T10:42:08.687+0000] {dagbag.py:541} INFO - Filling up the DagBag from /home/airflow/.local/lib/python3.7/site-packages/airflow/example_dags/example_params_trigger_ui.py
[2023-08-02T10:42:08.708+0000] {processor.py:836} INFO - DAG(s) dict_keys(['example_params_trigger_ui']) retrieved from /home/airflow/.local/lib/python3.7/site-packages/airflow/example_dags/example_params_trigger_ui.py
[2023-08-02T10:42:08.766+0000] {logging_mixin.py:150} INFO - [2023-08-02T10:42:08.766+0000] {dag.py:2742} INFO - Sync 1 DAGs
[2023-08-02T10:42:08.787+0000] {logging_mixin.py:150} INFO - [2023-08-02T10:42:08.787+0000] {dag.py:3508} INFO - Setting next_dagrun for example_params_trigger_ui to None, run_after=None
[2023-08-02T10:42:08.818+0000] {processor.py:179} INFO - Processing /home/airflow/.local/lib/python3.7/site-packages/airflow/example_dags/example_params_trigger_ui.py took 0.138 seconds
[2023-08-02T10:42:39.183+0000] {processor.py:157} INFO - Started process (PID=684) to work on /home/airflow/.local/lib/python3.7/site-packages/airflow/example_dags/example_params_trigger_ui.py
[2023-08-02T10:42:39.185+0000] {processor.py:826} INFO - Processing file /home/airflow/.local/lib/python3.7/site-packages/airflow/example_dags/example_params_trigger_ui.py for tasks to queue
[2023-08-02T10:42:39.187+0000] {logging_mixin.py:150} INFO - [2023-08-02T10:42:39.186+0000] {dagbag.py:541} INFO - Filling up the DagBag from /home/airflow/.local/lib/python3.7/site-packages/airflow/example_dags/example_params_trigger_ui.py
[2023-08-02T10:42:39.204+0000] {processor.py:836} INFO - DAG(s) dict_keys(['example_params_trigger_ui']) retrieved from /home/airflow/.local/lib/python3.7/site-packages/airflow/example_dags/example_params_trigger_ui.py
[2023-08-02T10:42:39.266+0000] {logging_mixin.py:150} INFO - [2023-08-02T10:42:39.266+0000] {dag.py:2742} INFO - Sync 1 DAGs
[2023-08-02T10:42:39.327+0000] {logging_mixin.py:150} INFO - [2023-08-02T10:42:39.327+0000] {dag.py:3508} INFO - Setting next_dagrun for example_params_trigger_ui to None, run_after=None
[2023-08-02T10:42:39.351+0000] {processor.py:179} INFO - Processing /home/airflow/.local/lib/python3.7/site-packages/airflow/example_dags/example_params_trigger_ui.py took 0.172 seconds
[2023-08-02T10:43:09.698+0000] {processor.py:157} INFO - Started process (PID=741) to work on /home/airflow/.local/lib/python3.7/site-packages/airflow/example_dags/example_params_trigger_ui.py
[2023-08-02T10:43:09.705+0000] {processor.py:826} INFO - Processing file /home/airflow/.local/lib/python3.7/site-packages/airflow/example_dags/example_params_trigger_ui.py for tasks to queue
[2023-08-02T10:43:09.712+0000] {logging_mixin.py:150} INFO - [2023-08-02T10:43:09.712+0000] {dagbag.py:541} INFO - Filling up the DagBag from /home/airflow/.local/lib/python3.7/site-packages/airflow/example_dags/example_params_trigger_ui.py
[2023-08-02T10:43:09.736+0000] {processor.py:836} INFO - DAG(s) dict_keys(['example_params_trigger_ui']) retrieved from /home/airflow/.local/lib/python3.7/site-packages/airflow/example_dags/example_params_trigger_ui.py
[2023-08-02T10:43:09.790+0000] {logging_mixin.py:150} INFO - [2023-08-02T10:43:09.789+0000] {dag.py:2742} INFO - Sync 1 DAGs
[2023-08-02T10:43:09.811+0000] {logging_mixin.py:150} INFO - [2023-08-02T10:43:09.811+0000] {dag.py:3508} INFO - Setting next_dagrun for example_params_trigger_ui to None, run_after=None
[2023-08-02T10:43:09.825+0000] {processor.py:179} INFO - Processing /home/airflow/.local/lib/python3.7/site-packages/airflow/example_dags/example_params_trigger_ui.py took 0.131 seconds
[2023-08-02T10:43:40.050+0000] {processor.py:157} INFO - Started process (PID=798) to work on /home/airflow/.local/lib/python3.7/site-packages/airflow/example_dags/example_params_trigger_ui.py
[2023-08-02T10:43:40.053+0000] {processor.py:826} INFO - Processing file /home/airflow/.local/lib/python3.7/site-packages/airflow/example_dags/example_params_trigger_ui.py for tasks to queue
[2023-08-02T10:43:40.054+0000] {logging_mixin.py:150} INFO - [2023-08-02T10:43:40.054+0000] {dagbag.py:541} INFO - Filling up the DagBag from /home/airflow/.local/lib/python3.7/site-packages/airflow/example_dags/example_params_trigger_ui.py
[2023-08-02T10:43:40.069+0000] {processor.py:836} INFO - DAG(s) dict_keys(['example_params_trigger_ui']) retrieved from /home/airflow/.local/lib/python3.7/site-packages/airflow/example_dags/example_params_trigger_ui.py
[2023-08-02T10:43:40.121+0000] {logging_mixin.py:150} INFO - [2023-08-02T10:43:40.121+0000] {dag.py:2742} INFO - Sync 1 DAGs
[2023-08-02T10:43:40.139+0000] {logging_mixin.py:150} INFO - [2023-08-02T10:43:40.139+0000] {dag.py:3508} INFO - Setting next_dagrun for example_params_trigger_ui to None, run_after=None
[2023-08-02T10:43:40.152+0000] {processor.py:179} INFO - Processing /home/airflow/.local/lib/python3.7/site-packages/airflow/example_dags/example_params_trigger_ui.py took 0.105 seconds
[2023-08-02T10:44:10.327+0000] {processor.py:157} INFO - Started process (PID=854) to work on /home/airflow/.local/lib/python3.7/site-packages/airflow/example_dags/example_params_trigger_ui.py
[2023-08-02T10:44:10.329+0000] {processor.py:826} INFO - Processing file /home/airflow/.local/lib/python3.7/site-packages/airflow/example_dags/example_params_trigger_ui.py for tasks to queue
[2023-08-02T10:44:10.331+0000] {logging_mixin.py:150} INFO - [2023-08-02T10:44:10.330+0000] {dagbag.py:541} INFO - Filling up the DagBag from /home/airflow/.local/lib/python3.7/site-packages/airflow/example_dags/example_params_trigger_ui.py
[2023-08-02T10:44:10.348+0000] {processor.py:836} INFO - DAG(s) dict_keys(['example_params_trigger_ui']) retrieved from /home/airflow/.local/lib/python3.7/site-packages/airflow/example_dags/example_params_trigger_ui.py
[2023-08-02T10:44:10.400+0000] {logging_mixin.py:150} INFO - [2023-08-02T10:44:10.400+0000] {dag.py:2742} INFO - Sync 1 DAGs
[2023-08-02T10:44:10.418+0000] {logging_mixin.py:150} INFO - [2023-08-02T10:44:10.418+0000] {dag.py:3508} INFO - Setting next_dagrun for example_params_trigger_ui to None, run_after=None
[2023-08-02T10:44:10.432+0000] {processor.py:179} INFO - Processing /home/airflow/.local/lib/python3.7/site-packages/airflow/example_dags/example_params_trigger_ui.py took 0.109 seconds
[2023-08-02T10:44:40.959+0000] {processor.py:157} INFO - Started process (PID=911) to work on /home/airflow/.local/lib/python3.7/site-packages/airflow/example_dags/example_params_trigger_ui.py
[2023-08-02T10:44:40.961+0000] {processor.py:826} INFO - Processing file /home/airflow/.local/lib/python3.7/site-packages/airflow/example_dags/example_params_trigger_ui.py for tasks to queue
[2023-08-02T10:44:40.963+0000] {logging_mixin.py:150} INFO - [2023-08-02T10:44:40.963+0000] {dagbag.py:541} INFO - Filling up the DagBag from /home/airflow/.local/lib/python3.7/site-packages/airflow/example_dags/example_params_trigger_ui.py
[2023-08-02T10:44:40.979+0000] {processor.py:836} INFO - DAG(s) dict_keys(['example_params_trigger_ui']) retrieved from /home/airflow/.local/lib/python3.7/site-packages/airflow/example_dags/example_params_trigger_ui.py
[2023-08-02T10:44:41.032+0000] {logging_mixin.py:150} INFO - [2023-08-02T10:44:41.032+0000] {dag.py:2742} INFO - Sync 1 DAGs
[2023-08-02T10:44:41.051+0000] {logging_mixin.py:150} INFO - [2023-08-02T10:44:41.051+0000] {dag.py:3508} INFO - Setting next_dagrun for example_params_trigger_ui to None, run_after=None
[2023-08-02T10:44:41.064+0000] {processor.py:179} INFO - Processing /home/airflow/.local/lib/python3.7/site-packages/airflow/example_dags/example_params_trigger_ui.py took 0.107 seconds
[2023-08-02T10:45:12.122+0000] {processor.py:157} INFO - Started process (PID=968) to work on /home/airflow/.local/lib/python3.7/site-packages/airflow/example_dags/example_params_trigger_ui.py
[2023-08-02T10:45:12.131+0000] {processor.py:826} INFO - Processing file /home/airflow/.local/lib/python3.7/site-packages/airflow/example_dags/example_params_trigger_ui.py for tasks to queue
[2023-08-02T10:45:12.133+0000] {logging_mixin.py:150} INFO - [2023-08-02T10:45:12.133+0000] {dagbag.py:541} INFO - Filling up the DagBag from /home/airflow/.local/lib/python3.7/site-packages/airflow/example_dags/example_params_trigger_ui.py
[2023-08-02T10:45:12.150+0000] {processor.py:836} INFO - DAG(s) dict_keys(['example_params_trigger_ui']) retrieved from /home/airflow/.local/lib/python3.7/site-packages/airflow/example_dags/example_params_trigger_ui.py
[2023-08-02T10:45:12.204+0000] {logging_mixin.py:150} INFO - [2023-08-02T10:45:12.204+0000] {dag.py:2742} INFO - Sync 1 DAGs
[2023-08-02T10:45:12.240+0000] {logging_mixin.py:150} INFO - [2023-08-02T10:45:12.240+0000] {dag.py:3508} INFO - Setting next_dagrun for example_params_trigger_ui to None, run_after=None
[2023-08-02T10:45:12.254+0000] {processor.py:179} INFO - Processing /home/airflow/.local/lib/python3.7/site-packages/airflow/example_dags/example_params_trigger_ui.py took 0.141 seconds
[2023-08-02T10:45:42.311+0000] {processor.py:157} INFO - Started process (PID=1025) to work on /home/airflow/.local/lib/python3.7/site-packages/airflow/example_dags/example_params_trigger_ui.py
[2023-08-02T10:45:42.315+0000] {processor.py:826} INFO - Processing file /home/airflow/.local/lib/python3.7/site-packages/airflow/example_dags/example_params_trigger_ui.py for tasks to queue
[2023-08-02T10:45:42.316+0000] {logging_mixin.py:150} INFO - [2023-08-02T10:45:42.316+0000] {dagbag.py:541} INFO - Filling up the DagBag from /home/airflow/.local/lib/python3.7/site-packages/airflow/example_dags/example_params_trigger_ui.py
[2023-08-02T10:45:42.333+0000] {processor.py:836} INFO - DAG(s) dict_keys(['example_params_trigger_ui']) retrieved from /home/airflow/.local/lib/python3.7/site-packages/airflow/example_dags/example_params_trigger_ui.py
[2023-08-02T10:45:42.390+0000] {logging_mixin.py:150} INFO - [2023-08-02T10:45:42.390+0000] {dag.py:2742} INFO - Sync 1 DAGs
[2023-08-02T10:45:42.454+0000] {logging_mixin.py:150} INFO - [2023-08-02T10:45:42.454+0000] {dag.py:3508} INFO - Setting next_dagrun for example_params_trigger_ui to None, run_after=None
[2023-08-02T10:45:42.467+0000] {processor.py:179} INFO - Processing /home/airflow/.local/lib/python3.7/site-packages/airflow/example_dags/example_params_trigger_ui.py took 0.159 seconds
[2023-08-02T10:46:12.782+0000] {processor.py:157} INFO - Started process (PID=1082) to work on /home/airflow/.local/lib/python3.7/site-packages/airflow/example_dags/example_params_trigger_ui.py
[2023-08-02T10:46:12.784+0000] {processor.py:826} INFO - Processing file /home/airflow/.local/lib/python3.7/site-packages/airflow/example_dags/example_params_trigger_ui.py for tasks to queue
[2023-08-02T10:46:12.785+0000] {logging_mixin.py:150} INFO - [2023-08-02T10:46:12.785+0000] {dagbag.py:541} INFO - Filling up the DagBag from /home/airflow/.local/lib/python3.7/site-packages/airflow/example_dags/example_params_trigger_ui.py
[2023-08-02T10:46:12.814+0000] {processor.py:836} INFO - DAG(s) dict_keys(['example_params_trigger_ui']) retrieved from /home/airflow/.local/lib/python3.7/site-packages/airflow/example_dags/example_params_trigger_ui.py
[2023-08-02T10:46:12.869+0000] {logging_mixin.py:150} INFO - [2023-08-02T10:46:12.869+0000] {dag.py:2742} INFO - Sync 1 DAGs
[2023-08-02T10:46:12.887+0000] {logging_mixin.py:150} INFO - [2023-08-02T10:46:12.887+0000] {dag.py:3508} INFO - Setting next_dagrun for example_params_trigger_ui to None, run_after=None
[2023-08-02T10:46:12.900+0000] {processor.py:179} INFO - Processing /home/airflow/.local/lib/python3.7/site-packages/airflow/example_dags/example_params_trigger_ui.py took 0.121 seconds
[2023-08-02T10:46:43.371+0000] {processor.py:157} INFO - Started process (PID=1139) to work on /home/airflow/.local/lib/python3.7/site-packages/airflow/example_dags/example_params_trigger_ui.py
[2023-08-02T10:46:43.373+0000] {processor.py:826} INFO - Processing file /home/airflow/.local/lib/python3.7/site-packages/airflow/example_dags/example_params_trigger_ui.py for tasks to queue
[2023-08-02T10:46:43.375+0000] {logging_mixin.py:150} INFO - [2023-08-02T10:46:43.374+0000] {dagbag.py:541} INFO - Filling up the DagBag from /home/airflow/.local/lib/python3.7/site-packages/airflow/example_dags/example_params_trigger_ui.py
[2023-08-02T10:46:43.391+0000] {processor.py:836} INFO - DAG(s) dict_keys(['example_params_trigger_ui']) retrieved from /home/airflow/.local/lib/python3.7/site-packages/airflow/example_dags/example_params_trigger_ui.py
[2023-08-02T10:46:43.445+0000] {logging_mixin.py:150} INFO - [2023-08-02T10:46:43.445+0000] {dag.py:2742} INFO - Sync 1 DAGs
[2023-08-02T10:46:43.473+0000] {logging_mixin.py:150} INFO - [2023-08-02T10:46:43.473+0000] {dag.py:3508} INFO - Setting next_dagrun for example_params_trigger_ui to None, run_after=None
[2023-08-02T10:46:43.488+0000] {processor.py:179} INFO - Processing /home/airflow/.local/lib/python3.7/site-packages/airflow/example_dags/example_params_trigger_ui.py took 0.119 seconds
[2023-08-02T10:47:13.807+0000] {processor.py:157} INFO - Started process (PID=1196) to work on /home/airflow/.local/lib/python3.7/site-packages/airflow/example_dags/example_params_trigger_ui.py
[2023-08-02T10:47:13.809+0000] {processor.py:826} INFO - Processing file /home/airflow/.local/lib/python3.7/site-packages/airflow/example_dags/example_params_trigger_ui.py for tasks to queue
[2023-08-02T10:47:13.810+0000] {logging_mixin.py:150} INFO - [2023-08-02T10:47:13.810+0000] {dagbag.py:541} INFO - Filling up the DagBag from /home/airflow/.local/lib/python3.7/site-packages/airflow/example_dags/example_params_trigger_ui.py
[2023-08-02T10:47:13.828+0000] {processor.py:836} INFO - DAG(s) dict_keys(['example_params_trigger_ui']) retrieved from /home/airflow/.local/lib/python3.7/site-packages/airflow/example_dags/example_params_trigger_ui.py
[2023-08-02T10:47:13.898+0000] {logging_mixin.py:150} INFO - [2023-08-02T10:47:13.898+0000] {dag.py:2742} INFO - Sync 1 DAGs
[2023-08-02T10:47:13.927+0000] {logging_mixin.py:150} INFO - [2023-08-02T10:47:13.927+0000] {dag.py:3508} INFO - Setting next_dagrun for example_params_trigger_ui to None, run_after=None
[2023-08-02T10:47:13.942+0000] {processor.py:179} INFO - Processing /home/airflow/.local/lib/python3.7/site-packages/airflow/example_dags/example_params_trigger_ui.py took 0.139 seconds
[2023-08-02T10:47:44.102+0000] {processor.py:157} INFO - Started process (PID=1253) to work on /home/airflow/.local/lib/python3.7/site-packages/airflow/example_dags/example_params_trigger_ui.py
[2023-08-02T10:47:44.104+0000] {processor.py:826} INFO - Processing file /home/airflow/.local/lib/python3.7/site-packages/airflow/example_dags/example_params_trigger_ui.py for tasks to queue
[2023-08-02T10:47:44.105+0000] {logging_mixin.py:150} INFO - [2023-08-02T10:47:44.105+0000] {dagbag.py:541} INFO - Filling up the DagBag from /home/airflow/.local/lib/python3.7/site-packages/airflow/example_dags/example_params_trigger_ui.py
[2023-08-02T10:47:44.128+0000] {processor.py:836} INFO - DAG(s) dict_keys(['example_params_trigger_ui']) retrieved from /home/airflow/.local/lib/python3.7/site-packages/airflow/example_dags/example_params_trigger_ui.py
[2023-08-02T10:47:44.187+0000] {logging_mixin.py:150} INFO - [2023-08-02T10:47:44.187+0000] {dag.py:2742} INFO - Sync 1 DAGs
[2023-08-02T10:47:44.224+0000] {logging_mixin.py:150} INFO - [2023-08-02T10:47:44.224+0000] {dag.py:3508} INFO - Setting next_dagrun for example_params_trigger_ui to None, run_after=None
[2023-08-02T10:47:44.286+0000] {processor.py:179} INFO - Processing /home/airflow/.local/lib/python3.7/site-packages/airflow/example_dags/example_params_trigger_ui.py took 0.189 seconds
[2023-08-02T10:48:14.439+0000] {processor.py:157} INFO - Started process (PID=1310) to work on /home/airflow/.local/lib/python3.7/site-packages/airflow/example_dags/example_params_trigger_ui.py
[2023-08-02T10:48:14.441+0000] {processor.py:826} INFO - Processing file /home/airflow/.local/lib/python3.7/site-packages/airflow/example_dags/example_params_trigger_ui.py for tasks to queue
[2023-08-02T10:48:14.444+0000] {logging_mixin.py:150} INFO - [2023-08-02T10:48:14.443+0000] {dagbag.py:541} INFO - Filling up the DagBag from /home/airflow/.local/lib/python3.7/site-packages/airflow/example_dags/example_params_trigger_ui.py
[2023-08-02T10:48:14.460+0000] {processor.py:836} INFO - DAG(s) dict_keys(['example_params_trigger_ui']) retrieved from /home/airflow/.local/lib/python3.7/site-packages/airflow/example_dags/example_params_trigger_ui.py
[2023-08-02T10:48:14.513+0000] {logging_mixin.py:150} INFO - [2023-08-02T10:48:14.513+0000] {dag.py:2742} INFO - Sync 1 DAGs
[2023-08-02T10:48:14.535+0000] {logging_mixin.py:150} INFO - [2023-08-02T10:48:14.535+0000] {dag.py:3508} INFO - Setting next_dagrun for example_params_trigger_ui to None, run_after=None
[2023-08-02T10:48:14.549+0000] {processor.py:179} INFO - Processing /home/airflow/.local/lib/python3.7/site-packages/airflow/example_dags/example_params_trigger_ui.py took 0.113 seconds
[2023-08-02T10:48:44.726+0000] {processor.py:157} INFO - Started process (PID=1367) to work on /home/airflow/.local/lib/python3.7/site-packages/airflow/example_dags/example_params_trigger_ui.py
[2023-08-02T10:48:44.728+0000] {processor.py:826} INFO - Processing file /home/airflow/.local/lib/python3.7/site-packages/airflow/example_dags/example_params_trigger_ui.py for tasks to queue
[2023-08-02T10:48:44.729+0000] {logging_mixin.py:150} INFO - [2023-08-02T10:48:44.729+0000] {dagbag.py:541} INFO - Filling up the DagBag from /home/airflow/.local/lib/python3.7/site-packages/airflow/example_dags/example_params_trigger_ui.py
[2023-08-02T10:48:44.745+0000] {processor.py:836} INFO - DAG(s) dict_keys(['example_params_trigger_ui']) retrieved from /home/airflow/.local/lib/python3.7/site-packages/airflow/example_dags/example_params_trigger_ui.py
[2023-08-02T10:48:44.797+0000] {logging_mixin.py:150} INFO - [2023-08-02T10:48:44.796+0000] {dag.py:2742} INFO - Sync 1 DAGs
[2023-08-02T10:48:44.814+0000] {logging_mixin.py:150} INFO - [2023-08-02T10:48:44.814+0000] {dag.py:3508} INFO - Setting next_dagrun for example_params_trigger_ui to None, run_after=None
[2023-08-02T10:48:44.827+0000] {processor.py:179} INFO - Processing /home/airflow/.local/lib/python3.7/site-packages/airflow/example_dags/example_params_trigger_ui.py took 0.104 seconds
[2023-08-02T10:49:15.086+0000] {processor.py:157} INFO - Started process (PID=1424) to work on /home/airflow/.local/lib/python3.7/site-packages/airflow/example_dags/example_params_trigger_ui.py
[2023-08-02T10:49:15.089+0000] {processor.py:826} INFO - Processing file /home/airflow/.local/lib/python3.7/site-packages/airflow/example_dags/example_params_trigger_ui.py for tasks to queue
[2023-08-02T10:49:15.091+0000] {logging_mixin.py:150} INFO - [2023-08-02T10:49:15.090+0000] {dagbag.py:541} INFO - Filling up the DagBag from /home/airflow/.local/lib/python3.7/site-packages/airflow/example_dags/example_params_trigger_ui.py
[2023-08-02T10:49:15.113+0000] {processor.py:836} INFO - DAG(s) dict_keys(['example_params_trigger_ui']) retrieved from /home/airflow/.local/lib/python3.7/site-packages/airflow/example_dags/example_params_trigger_ui.py
[2023-08-02T10:49:15.172+0000] {logging_mixin.py:150} INFO - [2023-08-02T10:49:15.172+0000] {dag.py:2742} INFO - Sync 1 DAGs
[2023-08-02T10:49:15.191+0000] {logging_mixin.py:150} INFO - [2023-08-02T10:49:15.191+0000] {dag.py:3508} INFO - Setting next_dagrun for example_params_trigger_ui to None, run_after=None
[2023-08-02T10:49:15.205+0000] {processor.py:179} INFO - Processing /home/airflow/.local/lib/python3.7/site-packages/airflow/example_dags/example_params_trigger_ui.py took 0.122 seconds
[2023-08-02T10:49:45.349+0000] {processor.py:157} INFO - Started process (PID=1481) to work on /home/airflow/.local/lib/python3.7/site-packages/airflow/example_dags/example_params_trigger_ui.py
[2023-08-02T10:49:45.351+0000] {processor.py:826} INFO - Processing file /home/airflow/.local/lib/python3.7/site-packages/airflow/example_dags/example_params_trigger_ui.py for tasks to queue
[2023-08-02T10:49:45.352+0000] {logging_mixin.py:150} INFO - [2023-08-02T10:49:45.352+0000] {dagbag.py:541} INFO - Filling up the DagBag from /home/airflow/.local/lib/python3.7/site-packages/airflow/example_dags/example_params_trigger_ui.py
[2023-08-02T10:49:45.370+0000] {processor.py:836} INFO - DAG(s) dict_keys(['example_params_trigger_ui']) retrieved from /home/airflow/.local/lib/python3.7/site-packages/airflow/example_dags/example_params_trigger_ui.py
[2023-08-02T10:49:45.479+0000] {logging_mixin.py:150} INFO - [2023-08-02T10:49:45.479+0000] {dag.py:2742} INFO - Sync 1 DAGs
[2023-08-02T10:49:45.504+0000] {logging_mixin.py:150} INFO - [2023-08-02T10:49:45.504+0000] {dag.py:3508} INFO - Setting next_dagrun for example_params_trigger_ui to None, run_after=None
[2023-08-02T10:49:45.522+0000] {processor.py:179} INFO - Processing /home/airflow/.local/lib/python3.7/site-packages/airflow/example_dags/example_params_trigger_ui.py took 0.176 seconds
[2023-08-02T10:50:16.728+0000] {processor.py:157} INFO - Started process (PID=1538) to work on /home/airflow/.local/lib/python3.7/site-packages/airflow/example_dags/example_params_trigger_ui.py
[2023-08-02T10:50:16.730+0000] {processor.py:826} INFO - Processing file /home/airflow/.local/lib/python3.7/site-packages/airflow/example_dags/example_params_trigger_ui.py for tasks to queue
[2023-08-02T10:50:16.732+0000] {logging_mixin.py:150} INFO - [2023-08-02T10:50:16.731+0000] {dagbag.py:541} INFO - Filling up the DagBag from /home/airflow/.local/lib/python3.7/site-packages/airflow/example_dags/example_params_trigger_ui.py
[2023-08-02T10:50:16.782+0000] {processor.py:836} INFO - DAG(s) dict_keys(['example_params_trigger_ui']) retrieved from /home/airflow/.local/lib/python3.7/site-packages/airflow/example_dags/example_params_trigger_ui.py
[2023-08-02T10:50:16.900+0000] {logging_mixin.py:150} INFO - [2023-08-02T10:50:16.900+0000] {dag.py:2742} INFO - Sync 1 DAGs
[2023-08-02T10:50:16.937+0000] {logging_mixin.py:150} INFO - [2023-08-02T10:50:16.937+0000] {dag.py:3508} INFO - Setting next_dagrun for example_params_trigger_ui to None, run_after=None
[2023-08-02T10:50:16.973+0000] {processor.py:179} INFO - Processing /home/airflow/.local/lib/python3.7/site-packages/airflow/example_dags/example_params_trigger_ui.py took 0.256 seconds
[2023-08-02T10:50:47.566+0000] {processor.py:157} INFO - Started process (PID=1595) to work on /home/airflow/.local/lib/python3.7/site-packages/airflow/example_dags/example_params_trigger_ui.py
[2023-08-02T10:50:47.577+0000] {processor.py:826} INFO - Processing file /home/airflow/.local/lib/python3.7/site-packages/airflow/example_dags/example_params_trigger_ui.py for tasks to queue
[2023-08-02T10:50:47.580+0000] {logging_mixin.py:150} INFO - [2023-08-02T10:50:47.580+0000] {dagbag.py:541} INFO - Filling up the DagBag from /home/airflow/.local/lib/python3.7/site-packages/airflow/example_dags/example_params_trigger_ui.py
[2023-08-02T10:50:47.603+0000] {processor.py:836} INFO - DAG(s) dict_keys(['example_params_trigger_ui']) retrieved from /home/airflow/.local/lib/python3.7/site-packages/airflow/example_dags/example_params_trigger_ui.py
[2023-08-02T10:50:47.665+0000] {logging_mixin.py:150} INFO - [2023-08-02T10:50:47.665+0000] {dag.py:2742} INFO - Sync 1 DAGs
[2023-08-02T10:50:47.685+0000] {logging_mixin.py:150} INFO - [2023-08-02T10:50:47.685+0000] {dag.py:3508} INFO - Setting next_dagrun for example_params_trigger_ui to None, run_after=None
[2023-08-02T10:50:47.699+0000] {processor.py:179} INFO - Processing /home/airflow/.local/lib/python3.7/site-packages/airflow/example_dags/example_params_trigger_ui.py took 0.137 seconds
[2023-08-02T10:51:18.695+0000] {processor.py:157} INFO - Started process (PID=1652) to work on /home/airflow/.local/lib/python3.7/site-packages/airflow/example_dags/example_params_trigger_ui.py
[2023-08-02T10:51:18.697+0000] {processor.py:826} INFO - Processing file /home/airflow/.local/lib/python3.7/site-packages/airflow/example_dags/example_params_trigger_ui.py for tasks to queue
[2023-08-02T10:51:18.698+0000] {logging_mixin.py:150} INFO - [2023-08-02T10:51:18.698+0000] {dagbag.py:541} INFO - Filling up the DagBag from /home/airflow/.local/lib/python3.7/site-packages/airflow/example_dags/example_params_trigger_ui.py
[2023-08-02T10:51:18.715+0000] {processor.py:836} INFO - DAG(s) dict_keys(['example_params_trigger_ui']) retrieved from /home/airflow/.local/lib/python3.7/site-packages/airflow/example_dags/example_params_trigger_ui.py
[2023-08-02T10:51:18.765+0000] {logging_mixin.py:150} INFO - [2023-08-02T10:51:18.765+0000] {dag.py:2742} INFO - Sync 1 DAGs
[2023-08-02T10:51:18.790+0000] {logging_mixin.py:150} INFO - [2023-08-02T10:51:18.790+0000] {dag.py:3508} INFO - Setting next_dagrun for example_params_trigger_ui to None, run_after=None
[2023-08-02T10:51:18.805+0000] {processor.py:179} INFO - Processing /home/airflow/.local/lib/python3.7/site-packages/airflow/example_dags/example_params_trigger_ui.py took 0.113 seconds
[2023-08-02T10:51:48.925+0000] {processor.py:157} INFO - Started process (PID=1709) to work on /home/airflow/.local/lib/python3.7/site-packages/airflow/example_dags/example_params_trigger_ui.py
[2023-08-02T10:51:48.927+0000] {processor.py:826} INFO - Processing file /home/airflow/.local/lib/python3.7/site-packages/airflow/example_dags/example_params_trigger_ui.py for tasks to queue
[2023-08-02T10:51:48.928+0000] {logging_mixin.py:150} INFO - [2023-08-02T10:51:48.928+0000] {dagbag.py:541} INFO - Filling up the DagBag from /home/airflow/.local/lib/python3.7/site-packages/airflow/example_dags/example_params_trigger_ui.py
[2023-08-02T10:51:48.943+0000] {processor.py:836} INFO - DAG(s) dict_keys(['example_params_trigger_ui']) retrieved from /home/airflow/.local/lib/python3.7/site-packages/airflow/example_dags/example_params_trigger_ui.py
[2023-08-02T10:51:48.994+0000] {logging_mixin.py:150} INFO - [2023-08-02T10:51:48.994+0000] {dag.py:2742} INFO - Sync 1 DAGs
[2023-08-02T10:51:49.017+0000] {logging_mixin.py:150} INFO - [2023-08-02T10:51:49.017+0000] {dag.py:3508} INFO - Setting next_dagrun for example_params_trigger_ui to None, run_after=None
[2023-08-02T10:51:49.042+0000] {processor.py:179} INFO - Processing /home/airflow/.local/lib/python3.7/site-packages/airflow/example_dags/example_params_trigger_ui.py took 0.120 seconds
[2023-08-02T10:52:19.147+0000] {processor.py:157} INFO - Started process (PID=1766) to work on /home/airflow/.local/lib/python3.7/site-packages/airflow/example_dags/example_params_trigger_ui.py
[2023-08-02T10:52:19.149+0000] {processor.py:826} INFO - Processing file /home/airflow/.local/lib/python3.7/site-packages/airflow/example_dags/example_params_trigger_ui.py for tasks to queue
[2023-08-02T10:52:19.152+0000] {logging_mixin.py:150} INFO - [2023-08-02T10:52:19.152+0000] {dagbag.py:541} INFO - Filling up the DagBag from /home/airflow/.local/lib/python3.7/site-packages/airflow/example_dags/example_params_trigger_ui.py
[2023-08-02T10:52:19.170+0000] {processor.py:836} INFO - DAG(s) dict_keys(['example_params_trigger_ui']) retrieved from /home/airflow/.local/lib/python3.7/site-packages/airflow/example_dags/example_params_trigger_ui.py
[2023-08-02T10:52:19.230+0000] {logging_mixin.py:150} INFO - [2023-08-02T10:52:19.230+0000] {dag.py:2742} INFO - Sync 1 DAGs
[2023-08-02T10:52:19.250+0000] {logging_mixin.py:150} INFO - [2023-08-02T10:52:19.250+0000] {dag.py:3508} INFO - Setting next_dagrun for example_params_trigger_ui to None, run_after=None
[2023-08-02T10:52:19.264+0000] {processor.py:179} INFO - Processing /home/airflow/.local/lib/python3.7/site-packages/airflow/example_dags/example_params_trigger_ui.py took 0.120 seconds
[2023-08-02T10:52:49.349+0000] {processor.py:157} INFO - Started process (PID=1823) to work on /home/airflow/.local/lib/python3.7/site-packages/airflow/example_dags/example_params_trigger_ui.py
[2023-08-02T10:52:49.351+0000] {processor.py:826} INFO - Processing file /home/airflow/.local/lib/python3.7/site-packages/airflow/example_dags/example_params_trigger_ui.py for tasks to queue
[2023-08-02T10:52:49.353+0000] {logging_mixin.py:150} INFO - [2023-08-02T10:52:49.352+0000] {dagbag.py:541} INFO - Filling up the DagBag from /home/airflow/.local/lib/python3.7/site-packages/airflow/example_dags/example_params_trigger_ui.py
[2023-08-02T10:52:49.367+0000] {processor.py:836} INFO - DAG(s) dict_keys(['example_params_trigger_ui']) retrieved from /home/airflow/.local/lib/python3.7/site-packages/airflow/example_dags/example_params_trigger_ui.py
[2023-08-02T10:52:49.413+0000] {logging_mixin.py:150} INFO - [2023-08-02T10:52:49.413+0000] {dag.py:2742} INFO - Sync 1 DAGs
[2023-08-02T10:52:49.430+0000] {logging_mixin.py:150} INFO - [2023-08-02T10:52:49.430+0000] {dag.py:3508} INFO - Setting next_dagrun for example_params_trigger_ui to None, run_after=None
[2023-08-02T10:52:49.441+0000] {processor.py:179} INFO - Processing /home/airflow/.local/lib/python3.7/site-packages/airflow/example_dags/example_params_trigger_ui.py took 0.095 seconds
[2023-08-02T10:53:19.617+0000] {processor.py:157} INFO - Started process (PID=1880) to work on /home/airflow/.local/lib/python3.7/site-packages/airflow/example_dags/example_params_trigger_ui.py
[2023-08-02T10:53:19.619+0000] {processor.py:826} INFO - Processing file /home/airflow/.local/lib/python3.7/site-packages/airflow/example_dags/example_params_trigger_ui.py for tasks to queue
[2023-08-02T10:53:19.622+0000] {logging_mixin.py:150} INFO - [2023-08-02T10:53:19.622+0000] {dagbag.py:541} INFO - Filling up the DagBag from /home/airflow/.local/lib/python3.7/site-packages/airflow/example_dags/example_params_trigger_ui.py
[2023-08-02T10:53:19.639+0000] {processor.py:836} INFO - DAG(s) dict_keys(['example_params_trigger_ui']) retrieved from /home/airflow/.local/lib/python3.7/site-packages/airflow/example_dags/example_params_trigger_ui.py
[2023-08-02T10:53:19.741+0000] {logging_mixin.py:150} INFO - [2023-08-02T10:53:19.741+0000] {dag.py:2742} INFO - Sync 1 DAGs
[2023-08-02T10:53:19.761+0000] {logging_mixin.py:150} INFO - [2023-08-02T10:53:19.760+0000] {dag.py:3508} INFO - Setting next_dagrun for example_params_trigger_ui to None, run_after=None
[2023-08-02T10:53:19.777+0000] {processor.py:179} INFO - Processing /home/airflow/.local/lib/python3.7/site-packages/airflow/example_dags/example_params_trigger_ui.py took 0.162 seconds
[2023-08-02T10:53:49.936+0000] {processor.py:157} INFO - Started process (PID=1938) to work on /home/airflow/.local/lib/python3.7/site-packages/airflow/example_dags/example_params_trigger_ui.py
[2023-08-02T10:53:49.938+0000] {processor.py:826} INFO - Processing file /home/airflow/.local/lib/python3.7/site-packages/airflow/example_dags/example_params_trigger_ui.py for tasks to queue
[2023-08-02T10:53:49.939+0000] {logging_mixin.py:150} INFO - [2023-08-02T10:53:49.939+0000] {dagbag.py:541} INFO - Filling up the DagBag from /home/airflow/.local/lib/python3.7/site-packages/airflow/example_dags/example_params_trigger_ui.py
[2023-08-02T10:53:49.955+0000] {processor.py:836} INFO - DAG(s) dict_keys(['example_params_trigger_ui']) retrieved from /home/airflow/.local/lib/python3.7/site-packages/airflow/example_dags/example_params_trigger_ui.py
[2023-08-02T10:53:50.006+0000] {logging_mixin.py:150} INFO - [2023-08-02T10:53:50.006+0000] {dag.py:2742} INFO - Sync 1 DAGs
[2023-08-02T10:53:50.022+0000] {logging_mixin.py:150} INFO - [2023-08-02T10:53:50.022+0000] {dag.py:3508} INFO - Setting next_dagrun for example_params_trigger_ui to None, run_after=None
[2023-08-02T10:53:50.033+0000] {processor.py:179} INFO - Processing /home/airflow/.local/lib/python3.7/site-packages/airflow/example_dags/example_params_trigger_ui.py took 0.100 seconds
[2023-08-02T10:54:20.192+0000] {processor.py:157} INFO - Started process (PID=1996) to work on /home/airflow/.local/lib/python3.7/site-packages/airflow/example_dags/example_params_trigger_ui.py
[2023-08-02T10:54:20.194+0000] {processor.py:826} INFO - Processing file /home/airflow/.local/lib/python3.7/site-packages/airflow/example_dags/example_params_trigger_ui.py for tasks to queue
[2023-08-02T10:54:20.195+0000] {logging_mixin.py:150} INFO - [2023-08-02T10:54:20.195+0000] {dagbag.py:541} INFO - Filling up the DagBag from /home/airflow/.local/lib/python3.7/site-packages/airflow/example_dags/example_params_trigger_ui.py
[2023-08-02T10:54:20.211+0000] {processor.py:836} INFO - DAG(s) dict_keys(['example_params_trigger_ui']) retrieved from /home/airflow/.local/lib/python3.7/site-packages/airflow/example_dags/example_params_trigger_ui.py
[2023-08-02T10:54:20.263+0000] {logging_mixin.py:150} INFO - [2023-08-02T10:54:20.262+0000] {dag.py:2742} INFO - Sync 1 DAGs
[2023-08-02T10:54:20.280+0000] {logging_mixin.py:150} INFO - [2023-08-02T10:54:20.280+0000] {dag.py:3508} INFO - Setting next_dagrun for example_params_trigger_ui to None, run_after=None
[2023-08-02T10:54:20.293+0000] {processor.py:179} INFO - Processing /home/airflow/.local/lib/python3.7/site-packages/airflow/example_dags/example_params_trigger_ui.py took 0.105 seconds
[2023-08-02T10:54:50.558+0000] {processor.py:157} INFO - Started process (PID=2054) to work on /home/airflow/.local/lib/python3.7/site-packages/airflow/example_dags/example_params_trigger_ui.py
[2023-08-02T10:54:50.560+0000] {processor.py:826} INFO - Processing file /home/airflow/.local/lib/python3.7/site-packages/airflow/example_dags/example_params_trigger_ui.py for tasks to queue
[2023-08-02T10:54:50.561+0000] {logging_mixin.py:150} INFO - [2023-08-02T10:54:50.561+0000] {dagbag.py:541} INFO - Filling up the DagBag from /home/airflow/.local/lib/python3.7/site-packages/airflow/example_dags/example_params_trigger_ui.py
[2023-08-02T10:54:50.577+0000] {processor.py:836} INFO - DAG(s) dict_keys(['example_params_trigger_ui']) retrieved from /home/airflow/.local/lib/python3.7/site-packages/airflow/example_dags/example_params_trigger_ui.py
[2023-08-02T10:54:50.629+0000] {logging_mixin.py:150} INFO - [2023-08-02T10:54:50.629+0000] {dag.py:2742} INFO - Sync 1 DAGs
[2023-08-02T10:54:50.646+0000] {logging_mixin.py:150} INFO - [2023-08-02T10:54:50.646+0000] {dag.py:3508} INFO - Setting next_dagrun for example_params_trigger_ui to None, run_after=None
[2023-08-02T10:54:50.658+0000] {processor.py:179} INFO - Processing /home/airflow/.local/lib/python3.7/site-packages/airflow/example_dags/example_params_trigger_ui.py took 0.103 seconds
[2023-08-02T10:55:21.052+0000] {processor.py:157} INFO - Started process (PID=2110) to work on /home/airflow/.local/lib/python3.7/site-packages/airflow/example_dags/example_params_trigger_ui.py
[2023-08-02T10:55:21.054+0000] {processor.py:826} INFO - Processing file /home/airflow/.local/lib/python3.7/site-packages/airflow/example_dags/example_params_trigger_ui.py for tasks to queue
[2023-08-02T10:55:21.055+0000] {logging_mixin.py:150} INFO - [2023-08-02T10:55:21.055+0000] {dagbag.py:541} INFO - Filling up the DagBag from /home/airflow/.local/lib/python3.7/site-packages/airflow/example_dags/example_params_trigger_ui.py
[2023-08-02T10:55:21.072+0000] {processor.py:836} INFO - DAG(s) dict_keys(['example_params_trigger_ui']) retrieved from /home/airflow/.local/lib/python3.7/site-packages/airflow/example_dags/example_params_trigger_ui.py
[2023-08-02T10:55:21.126+0000] {logging_mixin.py:150} INFO - [2023-08-02T10:55:21.126+0000] {dag.py:2742} INFO - Sync 1 DAGs
[2023-08-02T10:55:21.146+0000] {logging_mixin.py:150} INFO - [2023-08-02T10:55:21.146+0000] {dag.py:3508} INFO - Setting next_dagrun for example_params_trigger_ui to None, run_after=None
[2023-08-02T10:55:21.158+0000] {processor.py:179} INFO - Processing /home/airflow/.local/lib/python3.7/site-packages/airflow/example_dags/example_params_trigger_ui.py took 0.110 seconds
[2023-08-02T12:19:19.925+0000] {processor.py:157} INFO - Started process (PID=2168) to work on /home/airflow/.local/lib/python3.7/site-packages/airflow/example_dags/example_params_trigger_ui.py
[2023-08-02T12:19:19.927+0000] {processor.py:826} INFO - Processing file /home/airflow/.local/lib/python3.7/site-packages/airflow/example_dags/example_params_trigger_ui.py for tasks to queue
[2023-08-02T12:19:19.929+0000] {logging_mixin.py:150} INFO - [2023-08-02T12:19:19.928+0000] {dagbag.py:541} INFO - Filling up the DagBag from /home/airflow/.local/lib/python3.7/site-packages/airflow/example_dags/example_params_trigger_ui.py
[2023-08-02T12:19:20.162+0000] {processor.py:836} INFO - DAG(s) dict_keys(['example_params_trigger_ui']) retrieved from /home/airflow/.local/lib/python3.7/site-packages/airflow/example_dags/example_params_trigger_ui.py
[2023-08-02T12:19:20.324+0000] {logging_mixin.py:150} INFO - [2023-08-02T12:19:20.324+0000] {dag.py:2742} INFO - Sync 1 DAGs
[2023-08-02T12:19:20.350+0000] {logging_mixin.py:150} INFO - [2023-08-02T12:19:20.350+0000] {dag.py:3508} INFO - Setting next_dagrun for example_params_trigger_ui to None, run_after=None
[2023-08-02T12:19:20.371+0000] {processor.py:179} INFO - Processing /home/airflow/.local/lib/python3.7/site-packages/airflow/example_dags/example_params_trigger_ui.py took 0.450 seconds
[2023-08-02T13:26:12.837+0000] {processor.py:157} INFO - Started process (PID=2225) to work on /home/airflow/.local/lib/python3.7/site-packages/airflow/example_dags/example_params_trigger_ui.py
[2023-08-02T13:26:12.840+0000] {processor.py:826} INFO - Processing file /home/airflow/.local/lib/python3.7/site-packages/airflow/example_dags/example_params_trigger_ui.py for tasks to queue
[2023-08-02T13:26:12.841+0000] {logging_mixin.py:150} INFO - [2023-08-02T13:26:12.841+0000] {dagbag.py:541} INFO - Filling up the DagBag from /home/airflow/.local/lib/python3.7/site-packages/airflow/example_dags/example_params_trigger_ui.py
[2023-08-02T13:26:12.860+0000] {processor.py:836} INFO - DAG(s) dict_keys(['example_params_trigger_ui']) retrieved from /home/airflow/.local/lib/python3.7/site-packages/airflow/example_dags/example_params_trigger_ui.py
[2023-08-02T13:26:12.915+0000] {logging_mixin.py:150} INFO - [2023-08-02T13:26:12.914+0000] {dag.py:2742} INFO - Sync 1 DAGs
[2023-08-02T13:26:12.931+0000] {logging_mixin.py:150} INFO - [2023-08-02T13:26:12.931+0000] {dag.py:3508} INFO - Setting next_dagrun for example_params_trigger_ui to None, run_after=None
[2023-08-02T13:26:12.945+0000] {processor.py:179} INFO - Processing /home/airflow/.local/lib/python3.7/site-packages/airflow/example_dags/example_params_trigger_ui.py took 0.111 seconds
[2023-08-02T14:49:12.126+0000] {processor.py:157} INFO - Started process (PID=2283) to work on /home/airflow/.local/lib/python3.7/site-packages/airflow/example_dags/example_params_trigger_ui.py
[2023-08-02T14:49:12.136+0000] {processor.py:826} INFO - Processing file /home/airflow/.local/lib/python3.7/site-packages/airflow/example_dags/example_params_trigger_ui.py for tasks to queue
[2023-08-02T14:49:12.138+0000] {logging_mixin.py:150} INFO - [2023-08-02T14:49:12.137+0000] {dagbag.py:541} INFO - Filling up the DagBag from /home/airflow/.local/lib/python3.7/site-packages/airflow/example_dags/example_params_trigger_ui.py
[2023-08-02T14:49:12.153+0000] {processor.py:836} INFO - DAG(s) dict_keys(['example_params_trigger_ui']) retrieved from /home/airflow/.local/lib/python3.7/site-packages/airflow/example_dags/example_params_trigger_ui.py
[2023-08-02T14:49:12.207+0000] {logging_mixin.py:150} INFO - [2023-08-02T14:49:12.207+0000] {dag.py:2742} INFO - Sync 1 DAGs
[2023-08-02T14:49:12.226+0000] {logging_mixin.py:150} INFO - [2023-08-02T14:49:12.226+0000] {dag.py:3508} INFO - Setting next_dagrun for example_params_trigger_ui to None, run_after=None
[2023-08-02T14:49:12.239+0000] {processor.py:179} INFO - Processing /home/airflow/.local/lib/python3.7/site-packages/airflow/example_dags/example_params_trigger_ui.py took 0.116 seconds
[2023-08-02T15:54:28.678+0000] {processor.py:157} INFO - Started process (PID=2339) to work on /home/airflow/.local/lib/python3.7/site-packages/airflow/example_dags/example_params_trigger_ui.py
[2023-08-02T15:54:28.680+0000] {processor.py:826} INFO - Processing file /home/airflow/.local/lib/python3.7/site-packages/airflow/example_dags/example_params_trigger_ui.py for tasks to queue
[2023-08-02T15:54:28.681+0000] {logging_mixin.py:150} INFO - [2023-08-02T15:54:28.681+0000] {dagbag.py:541} INFO - Filling up the DagBag from /home/airflow/.local/lib/python3.7/site-packages/airflow/example_dags/example_params_trigger_ui.py
[2023-08-02T15:54:28.696+0000] {processor.py:836} INFO - DAG(s) dict_keys(['example_params_trigger_ui']) retrieved from /home/airflow/.local/lib/python3.7/site-packages/airflow/example_dags/example_params_trigger_ui.py
[2023-08-02T15:54:28.749+0000] {logging_mixin.py:150} INFO - [2023-08-02T15:54:28.749+0000] {dag.py:2742} INFO - Sync 1 DAGs
[2023-08-02T15:54:28.769+0000] {logging_mixin.py:150} INFO - [2023-08-02T15:54:28.769+0000] {dag.py:3508} INFO - Setting next_dagrun for example_params_trigger_ui to None, run_after=None
[2023-08-02T15:54:28.783+0000] {processor.py:179} INFO - Processing /home/airflow/.local/lib/python3.7/site-packages/airflow/example_dags/example_params_trigger_ui.py took 0.108 seconds
[2023-08-02T16:26:52.613+0000] {processor.py:157} INFO - Started process (PID=2396) to work on /home/airflow/.local/lib/python3.7/site-packages/airflow/example_dags/example_params_trigger_ui.py
[2023-08-02T16:26:52.615+0000] {processor.py:826} INFO - Processing file /home/airflow/.local/lib/python3.7/site-packages/airflow/example_dags/example_params_trigger_ui.py for tasks to queue
[2023-08-02T16:26:52.617+0000] {logging_mixin.py:150} INFO - [2023-08-02T16:26:52.616+0000] {dagbag.py:541} INFO - Filling up the DagBag from /home/airflow/.local/lib/python3.7/site-packages/airflow/example_dags/example_params_trigger_ui.py
[2023-08-02T16:26:52.637+0000] {processor.py:836} INFO - DAG(s) dict_keys(['example_params_trigger_ui']) retrieved from /home/airflow/.local/lib/python3.7/site-packages/airflow/example_dags/example_params_trigger_ui.py
[2023-08-02T16:26:52.736+0000] {logging_mixin.py:150} INFO - [2023-08-02T16:26:52.735+0000] {dag.py:2742} INFO - Sync 1 DAGs
[2023-08-02T16:26:52.821+0000] {logging_mixin.py:150} INFO - [2023-08-02T16:26:52.821+0000] {dag.py:3508} INFO - Setting next_dagrun for example_params_trigger_ui to None, run_after=None
[2023-08-02T16:26:52.839+0000] {processor.py:179} INFO - Processing /home/airflow/.local/lib/python3.7/site-packages/airflow/example_dags/example_params_trigger_ui.py took 0.229 seconds
[2023-08-02T17:14:37.883+0000] {processor.py:157} INFO - Started process (PID=2454) to work on /home/airflow/.local/lib/python3.7/site-packages/airflow/example_dags/example_params_trigger_ui.py
[2023-08-02T17:14:37.886+0000] {processor.py:826} INFO - Processing file /home/airflow/.local/lib/python3.7/site-packages/airflow/example_dags/example_params_trigger_ui.py for tasks to queue
[2023-08-02T17:14:37.888+0000] {logging_mixin.py:150} INFO - [2023-08-02T17:14:37.887+0000] {dagbag.py:541} INFO - Filling up the DagBag from /home/airflow/.local/lib/python3.7/site-packages/airflow/example_dags/example_params_trigger_ui.py
[2023-08-02T17:14:37.903+0000] {processor.py:836} INFO - DAG(s) dict_keys(['example_params_trigger_ui']) retrieved from /home/airflow/.local/lib/python3.7/site-packages/airflow/example_dags/example_params_trigger_ui.py
[2023-08-02T17:14:37.958+0000] {logging_mixin.py:150} INFO - [2023-08-02T17:14:37.958+0000] {dag.py:2742} INFO - Sync 1 DAGs
[2023-08-02T17:14:37.977+0000] {logging_mixin.py:150} INFO - [2023-08-02T17:14:37.977+0000] {dag.py:3508} INFO - Setting next_dagrun for example_params_trigger_ui to None, run_after=None
[2023-08-02T17:14:37.990+0000] {processor.py:179} INFO - Processing /home/airflow/.local/lib/python3.7/site-packages/airflow/example_dags/example_params_trigger_ui.py took 0.110 seconds
[2023-08-02T18:59:11.001+0000] {processor.py:157} INFO - Started process (PID=2511) to work on /home/airflow/.local/lib/python3.7/site-packages/airflow/example_dags/example_params_trigger_ui.py
[2023-08-02T18:59:11.004+0000] {processor.py:826} INFO - Processing file /home/airflow/.local/lib/python3.7/site-packages/airflow/example_dags/example_params_trigger_ui.py for tasks to queue
[2023-08-02T18:59:11.006+0000] {logging_mixin.py:150} INFO - [2023-08-02T18:59:11.005+0000] {dagbag.py:541} INFO - Filling up the DagBag from /home/airflow/.local/lib/python3.7/site-packages/airflow/example_dags/example_params_trigger_ui.py
[2023-08-02T18:59:11.021+0000] {processor.py:836} INFO - DAG(s) dict_keys(['example_params_trigger_ui']) retrieved from /home/airflow/.local/lib/python3.7/site-packages/airflow/example_dags/example_params_trigger_ui.py
[2023-08-02T18:59:11.080+0000] {logging_mixin.py:150} INFO - [2023-08-02T18:59:11.079+0000] {dag.py:2742} INFO - Sync 1 DAGs
[2023-08-02T18:59:11.145+0000] {logging_mixin.py:150} INFO - [2023-08-02T18:59:11.144+0000] {dag.py:3508} INFO - Setting next_dagrun for example_params_trigger_ui to None, run_after=None
[2023-08-02T18:59:11.158+0000] {processor.py:179} INFO - Processing /home/airflow/.local/lib/python3.7/site-packages/airflow/example_dags/example_params_trigger_ui.py took 0.160 seconds
[2023-08-02T20:21:33.974+0000] {processor.py:157} INFO - Started process (PID=2569) to work on /home/airflow/.local/lib/python3.7/site-packages/airflow/example_dags/example_params_trigger_ui.py
[2023-08-02T20:21:33.976+0000] {processor.py:826} INFO - Processing file /home/airflow/.local/lib/python3.7/site-packages/airflow/example_dags/example_params_trigger_ui.py for tasks to queue
[2023-08-02T20:21:33.977+0000] {logging_mixin.py:150} INFO - [2023-08-02T20:21:33.977+0000] {dagbag.py:541} INFO - Filling up the DagBag from /home/airflow/.local/lib/python3.7/site-packages/airflow/example_dags/example_params_trigger_ui.py
[2023-08-02T20:21:33.995+0000] {processor.py:836} INFO - DAG(s) dict_keys(['example_params_trigger_ui']) retrieved from /home/airflow/.local/lib/python3.7/site-packages/airflow/example_dags/example_params_trigger_ui.py
[2023-08-02T20:21:34.051+0000] {logging_mixin.py:150} INFO - [2023-08-02T20:21:34.051+0000] {dag.py:2742} INFO - Sync 1 DAGs
[2023-08-02T20:21:34.075+0000] {logging_mixin.py:150} INFO - [2023-08-02T20:21:34.075+0000] {dag.py:3508} INFO - Setting next_dagrun for example_params_trigger_ui to None, run_after=None
[2023-08-02T20:21:34.088+0000] {processor.py:179} INFO - Processing /home/airflow/.local/lib/python3.7/site-packages/airflow/example_dags/example_params_trigger_ui.py took 0.118 seconds
[2023-08-02T22:03:29.308+0000] {processor.py:157} INFO - Started process (PID=2626) to work on /home/airflow/.local/lib/python3.7/site-packages/airflow/example_dags/example_params_trigger_ui.py
[2023-08-02T22:03:29.309+0000] {processor.py:826} INFO - Processing file /home/airflow/.local/lib/python3.7/site-packages/airflow/example_dags/example_params_trigger_ui.py for tasks to queue
[2023-08-02T22:03:29.311+0000] {logging_mixin.py:150} INFO - [2023-08-02T22:03:29.310+0000] {dagbag.py:541} INFO - Filling up the DagBag from /home/airflow/.local/lib/python3.7/site-packages/airflow/example_dags/example_params_trigger_ui.py
[2023-08-02T22:03:29.327+0000] {processor.py:836} INFO - DAG(s) dict_keys(['example_params_trigger_ui']) retrieved from /home/airflow/.local/lib/python3.7/site-packages/airflow/example_dags/example_params_trigger_ui.py
[2023-08-02T22:03:29.380+0000] {logging_mixin.py:150} INFO - [2023-08-02T22:03:29.380+0000] {dag.py:2742} INFO - Sync 1 DAGs
[2023-08-02T22:03:29.401+0000] {logging_mixin.py:150} INFO - [2023-08-02T22:03:29.401+0000] {dag.py:3508} INFO - Setting next_dagrun for example_params_trigger_ui to None, run_after=None
[2023-08-02T22:03:29.418+0000] {processor.py:179} INFO - Processing /home/airflow/.local/lib/python3.7/site-packages/airflow/example_dags/example_params_trigger_ui.py took 0.114 seconds
[2023-08-02T23:27:15.813+0000] {processor.py:157} INFO - Started process (PID=2683) to work on /home/airflow/.local/lib/python3.7/site-packages/airflow/example_dags/example_params_trigger_ui.py
[2023-08-02T23:27:15.820+0000] {processor.py:826} INFO - Processing file /home/airflow/.local/lib/python3.7/site-packages/airflow/example_dags/example_params_trigger_ui.py for tasks to queue
[2023-08-02T23:27:15.821+0000] {logging_mixin.py:150} INFO - [2023-08-02T23:27:15.821+0000] {dagbag.py:541} INFO - Filling up the DagBag from /home/airflow/.local/lib/python3.7/site-packages/airflow/example_dags/example_params_trigger_ui.py
[2023-08-02T23:27:15.849+0000] {processor.py:836} INFO - DAG(s) dict_keys(['example_params_trigger_ui']) retrieved from /home/airflow/.local/lib/python3.7/site-packages/airflow/example_dags/example_params_trigger_ui.py
[2023-08-02T23:27:15.908+0000] {logging_mixin.py:150} INFO - [2023-08-02T23:27:15.908+0000] {dag.py:2742} INFO - Sync 1 DAGs
[2023-08-02T23:27:15.927+0000] {logging_mixin.py:150} INFO - [2023-08-02T23:27:15.927+0000] {dag.py:3508} INFO - Setting next_dagrun for example_params_trigger_ui to None, run_after=None
[2023-08-02T23:27:15.939+0000] {processor.py:179} INFO - Processing /home/airflow/.local/lib/python3.7/site-packages/airflow/example_dags/example_params_trigger_ui.py took 0.129 seconds
