[2023-08-02T10:37:02.032+0000] {processor.py:157} INFO - Started process (PID=43) to work on /home/airflow/.local/lib/python3.7/site-packages/airflow/example_dags/example_task_group_decorator.py
[2023-08-02T10:37:02.034+0000] {processor.py:826} INFO - Processing file /home/airflow/.local/lib/python3.7/site-packages/airflow/example_dags/example_task_group_decorator.py for tasks to queue
[2023-08-02T10:37:02.036+0000] {logging_mixin.py:150} INFO - [2023-08-02T10:37:02.035+0000] {dagbag.py:541} INFO - Filling up the DagBag from /home/airflow/.local/lib/python3.7/site-packages/airflow/example_dags/example_task_group_decorator.py
[2023-08-02T10:37:02.060+0000] {processor.py:836} INFO - DAG(s) dict_keys(['example_task_group_decorator']) retrieved from /home/airflow/.local/lib/python3.7/site-packages/airflow/example_dags/example_task_group_decorator.py
[2023-08-02T10:37:02.080+0000] {logging_mixin.py:150} INFO - [2023-08-02T10:37:02.079+0000] {dag.py:2742} INFO - Sync 1 DAGs
[2023-08-02T10:37:02.115+0000] {logging_mixin.py:150} INFO - [2023-08-02T10:37:02.115+0000] {dag.py:3508} INFO - Setting next_dagrun for example_task_group_decorator to 2023-08-01T10:37:02.115109+00:00, run_after=2023-08-02T10:37:02.115109+00:00
[2023-08-02T10:37:02.136+0000] {processor.py:179} INFO - Processing /home/airflow/.local/lib/python3.7/site-packages/airflow/example_dags/example_task_group_decorator.py took 0.107 seconds
[2023-08-02T10:37:32.248+0000] {processor.py:157} INFO - Started process (PID=99) to work on /home/airflow/.local/lib/python3.7/site-packages/airflow/example_dags/example_task_group_decorator.py
[2023-08-02T10:37:32.252+0000] {processor.py:826} INFO - Processing file /home/airflow/.local/lib/python3.7/site-packages/airflow/example_dags/example_task_group_decorator.py for tasks to queue
[2023-08-02T10:37:32.253+0000] {logging_mixin.py:150} INFO - [2023-08-02T10:37:32.253+0000] {dagbag.py:541} INFO - Filling up the DagBag from /home/airflow/.local/lib/python3.7/site-packages/airflow/example_dags/example_task_group_decorator.py
[2023-08-02T10:37:32.265+0000] {processor.py:836} INFO - DAG(s) dict_keys(['example_task_group_decorator']) retrieved from /home/airflow/.local/lib/python3.7/site-packages/airflow/example_dags/example_task_group_decorator.py
[2023-08-02T10:37:32.289+0000] {logging_mixin.py:150} INFO - [2023-08-02T10:37:32.288+0000] {dag.py:2742} INFO - Sync 1 DAGs
[2023-08-02T10:37:32.305+0000] {logging_mixin.py:150} INFO - [2023-08-02T10:37:32.305+0000] {dag.py:3508} INFO - Setting next_dagrun for example_task_group_decorator to 2023-08-01T10:37:32.305091+00:00, run_after=2023-08-02T10:37:32.305091+00:00
[2023-08-02T10:37:32.317+0000] {processor.py:179} INFO - Processing /home/airflow/.local/lib/python3.7/site-packages/airflow/example_dags/example_task_group_decorator.py took 0.072 seconds
[2023-08-02T10:38:02.459+0000] {processor.py:157} INFO - Started process (PID=156) to work on /home/airflow/.local/lib/python3.7/site-packages/airflow/example_dags/example_task_group_decorator.py
[2023-08-02T10:38:02.461+0000] {processor.py:826} INFO - Processing file /home/airflow/.local/lib/python3.7/site-packages/airflow/example_dags/example_task_group_decorator.py for tasks to queue
[2023-08-02T10:38:02.462+0000] {logging_mixin.py:150} INFO - [2023-08-02T10:38:02.462+0000] {dagbag.py:541} INFO - Filling up the DagBag from /home/airflow/.local/lib/python3.7/site-packages/airflow/example_dags/example_task_group_decorator.py
[2023-08-02T10:38:02.473+0000] {processor.py:836} INFO - DAG(s) dict_keys(['example_task_group_decorator']) retrieved from /home/airflow/.local/lib/python3.7/site-packages/airflow/example_dags/example_task_group_decorator.py
[2023-08-02T10:38:02.498+0000] {logging_mixin.py:150} INFO - [2023-08-02T10:38:02.498+0000] {dag.py:2742} INFO - Sync 1 DAGs
[2023-08-02T10:38:02.517+0000] {logging_mixin.py:150} INFO - [2023-08-02T10:38:02.517+0000] {dag.py:3508} INFO - Setting next_dagrun for example_task_group_decorator to 2023-08-01T10:38:02.516792+00:00, run_after=2023-08-02T10:38:02.516792+00:00
[2023-08-02T10:38:02.531+0000] {processor.py:179} INFO - Processing /home/airflow/.local/lib/python3.7/site-packages/airflow/example_dags/example_task_group_decorator.py took 0.075 seconds
[2023-08-02T10:38:33.074+0000] {processor.py:157} INFO - Started process (PID=213) to work on /home/airflow/.local/lib/python3.7/site-packages/airflow/example_dags/example_task_group_decorator.py
[2023-08-02T10:38:33.076+0000] {processor.py:826} INFO - Processing file /home/airflow/.local/lib/python3.7/site-packages/airflow/example_dags/example_task_group_decorator.py for tasks to queue
[2023-08-02T10:38:33.078+0000] {logging_mixin.py:150} INFO - [2023-08-02T10:38:33.077+0000] {dagbag.py:541} INFO - Filling up the DagBag from /home/airflow/.local/lib/python3.7/site-packages/airflow/example_dags/example_task_group_decorator.py
[2023-08-02T10:38:33.089+0000] {processor.py:836} INFO - DAG(s) dict_keys(['example_task_group_decorator']) retrieved from /home/airflow/.local/lib/python3.7/site-packages/airflow/example_dags/example_task_group_decorator.py
[2023-08-02T10:38:33.114+0000] {logging_mixin.py:150} INFO - [2023-08-02T10:38:33.114+0000] {dag.py:2742} INFO - Sync 1 DAGs
[2023-08-02T10:38:33.135+0000] {logging_mixin.py:150} INFO - [2023-08-02T10:38:33.135+0000] {dag.py:3508} INFO - Setting next_dagrun for example_task_group_decorator to 2023-08-01T10:38:33.135061+00:00, run_after=2023-08-02T10:38:33.135061+00:00
[2023-08-02T10:38:33.148+0000] {processor.py:179} INFO - Processing /home/airflow/.local/lib/python3.7/site-packages/airflow/example_dags/example_task_group_decorator.py took 0.076 seconds
[2023-08-02T10:39:03.482+0000] {processor.py:157} INFO - Started process (PID=270) to work on /home/airflow/.local/lib/python3.7/site-packages/airflow/example_dags/example_task_group_decorator.py
[2023-08-02T10:39:03.484+0000] {processor.py:826} INFO - Processing file /home/airflow/.local/lib/python3.7/site-packages/airflow/example_dags/example_task_group_decorator.py for tasks to queue
[2023-08-02T10:39:03.485+0000] {logging_mixin.py:150} INFO - [2023-08-02T10:39:03.485+0000] {dagbag.py:541} INFO - Filling up the DagBag from /home/airflow/.local/lib/python3.7/site-packages/airflow/example_dags/example_task_group_decorator.py
[2023-08-02T10:39:03.496+0000] {processor.py:836} INFO - DAG(s) dict_keys(['example_task_group_decorator']) retrieved from /home/airflow/.local/lib/python3.7/site-packages/airflow/example_dags/example_task_group_decorator.py
[2023-08-02T10:39:03.576+0000] {logging_mixin.py:150} INFO - [2023-08-02T10:39:03.576+0000] {dag.py:2742} INFO - Sync 1 DAGs
[2023-08-02T10:39:03.600+0000] {logging_mixin.py:150} INFO - [2023-08-02T10:39:03.600+0000] {dag.py:3508} INFO - Setting next_dagrun for example_task_group_decorator to 2023-08-01T10:39:03.600642+00:00, run_after=2023-08-02T10:39:03.600642+00:00
[2023-08-02T10:39:03.615+0000] {processor.py:179} INFO - Processing /home/airflow/.local/lib/python3.7/site-packages/airflow/example_dags/example_task_group_decorator.py took 0.136 seconds
[2023-08-02T10:39:33.757+0000] {processor.py:157} INFO - Started process (PID=327) to work on /home/airflow/.local/lib/python3.7/site-packages/airflow/example_dags/example_task_group_decorator.py
[2023-08-02T10:39:33.759+0000] {processor.py:826} INFO - Processing file /home/airflow/.local/lib/python3.7/site-packages/airflow/example_dags/example_task_group_decorator.py for tasks to queue
[2023-08-02T10:39:33.760+0000] {logging_mixin.py:150} INFO - [2023-08-02T10:39:33.760+0000] {dagbag.py:541} INFO - Filling up the DagBag from /home/airflow/.local/lib/python3.7/site-packages/airflow/example_dags/example_task_group_decorator.py
[2023-08-02T10:39:33.771+0000] {processor.py:836} INFO - DAG(s) dict_keys(['example_task_group_decorator']) retrieved from /home/airflow/.local/lib/python3.7/site-packages/airflow/example_dags/example_task_group_decorator.py
[2023-08-02T10:39:33.795+0000] {logging_mixin.py:150} INFO - [2023-08-02T10:39:33.794+0000] {dag.py:2742} INFO - Sync 1 DAGs
[2023-08-02T10:39:33.813+0000] {logging_mixin.py:150} INFO - [2023-08-02T10:39:33.812+0000] {dag.py:3508} INFO - Setting next_dagrun for example_task_group_decorator to 2023-08-01T10:39:33.812748+00:00, run_after=2023-08-02T10:39:33.812748+00:00
[2023-08-02T10:39:33.828+0000] {processor.py:179} INFO - Processing /home/airflow/.local/lib/python3.7/site-packages/airflow/example_dags/example_task_group_decorator.py took 0.075 seconds
[2023-08-02T10:40:04.155+0000] {processor.py:157} INFO - Started process (PID=383) to work on /home/airflow/.local/lib/python3.7/site-packages/airflow/example_dags/example_task_group_decorator.py
[2023-08-02T10:40:04.157+0000] {processor.py:826} INFO - Processing file /home/airflow/.local/lib/python3.7/site-packages/airflow/example_dags/example_task_group_decorator.py for tasks to queue
[2023-08-02T10:40:04.158+0000] {logging_mixin.py:150} INFO - [2023-08-02T10:40:04.158+0000] {dagbag.py:541} INFO - Filling up the DagBag from /home/airflow/.local/lib/python3.7/site-packages/airflow/example_dags/example_task_group_decorator.py
[2023-08-02T10:40:04.169+0000] {processor.py:836} INFO - DAG(s) dict_keys(['example_task_group_decorator']) retrieved from /home/airflow/.local/lib/python3.7/site-packages/airflow/example_dags/example_task_group_decorator.py
[2023-08-02T10:40:04.197+0000] {logging_mixin.py:150} INFO - [2023-08-02T10:40:04.196+0000] {dag.py:2742} INFO - Sync 1 DAGs
[2023-08-02T10:40:04.219+0000] {logging_mixin.py:150} INFO - [2023-08-02T10:40:04.219+0000] {dag.py:3508} INFO - Setting next_dagrun for example_task_group_decorator to 2023-08-01T10:40:04.219105+00:00, run_after=2023-08-02T10:40:04.219105+00:00
[2023-08-02T10:40:04.232+0000] {processor.py:179} INFO - Processing /home/airflow/.local/lib/python3.7/site-packages/airflow/example_dags/example_task_group_decorator.py took 0.081 seconds
[2023-08-02T10:40:34.706+0000] {processor.py:157} INFO - Started process (PID=440) to work on /home/airflow/.local/lib/python3.7/site-packages/airflow/example_dags/example_task_group_decorator.py
[2023-08-02T10:40:34.717+0000] {processor.py:826} INFO - Processing file /home/airflow/.local/lib/python3.7/site-packages/airflow/example_dags/example_task_group_decorator.py for tasks to queue
[2023-08-02T10:40:34.719+0000] {logging_mixin.py:150} INFO - [2023-08-02T10:40:34.719+0000] {dagbag.py:541} INFO - Filling up the DagBag from /home/airflow/.local/lib/python3.7/site-packages/airflow/example_dags/example_task_group_decorator.py
[2023-08-02T10:40:34.730+0000] {processor.py:836} INFO - DAG(s) dict_keys(['example_task_group_decorator']) retrieved from /home/airflow/.local/lib/python3.7/site-packages/airflow/example_dags/example_task_group_decorator.py
[2023-08-02T10:40:34.754+0000] {logging_mixin.py:150} INFO - [2023-08-02T10:40:34.754+0000] {dag.py:2742} INFO - Sync 1 DAGs
[2023-08-02T10:40:34.774+0000] {logging_mixin.py:150} INFO - [2023-08-02T10:40:34.773+0000] {dag.py:3508} INFO - Setting next_dagrun for example_task_group_decorator to 2023-08-01T10:40:34.773654+00:00, run_after=2023-08-02T10:40:34.773654+00:00
[2023-08-02T10:40:34.787+0000] {processor.py:179} INFO - Processing /home/airflow/.local/lib/python3.7/site-packages/airflow/example_dags/example_task_group_decorator.py took 0.084 seconds
[2023-08-02T10:41:05.389+0000] {processor.py:157} INFO - Started process (PID=497) to work on /home/airflow/.local/lib/python3.7/site-packages/airflow/example_dags/example_task_group_decorator.py
[2023-08-02T10:41:05.391+0000] {processor.py:826} INFO - Processing file /home/airflow/.local/lib/python3.7/site-packages/airflow/example_dags/example_task_group_decorator.py for tasks to queue
[2023-08-02T10:41:05.395+0000] {logging_mixin.py:150} INFO - [2023-08-02T10:41:05.395+0000] {dagbag.py:541} INFO - Filling up the DagBag from /home/airflow/.local/lib/python3.7/site-packages/airflow/example_dags/example_task_group_decorator.py
[2023-08-02T10:41:05.412+0000] {processor.py:836} INFO - DAG(s) dict_keys(['example_task_group_decorator']) retrieved from /home/airflow/.local/lib/python3.7/site-packages/airflow/example_dags/example_task_group_decorator.py
[2023-08-02T10:41:05.447+0000] {logging_mixin.py:150} INFO - [2023-08-02T10:41:05.446+0000] {dag.py:2742} INFO - Sync 1 DAGs
[2023-08-02T10:41:05.542+0000] {logging_mixin.py:150} INFO - [2023-08-02T10:41:05.541+0000] {dag.py:3508} INFO - Setting next_dagrun for example_task_group_decorator to 2023-08-01T10:41:05.541528+00:00, run_after=2023-08-02T10:41:05.541528+00:00
[2023-08-02T10:41:05.577+0000] {processor.py:179} INFO - Processing /home/airflow/.local/lib/python3.7/site-packages/airflow/example_dags/example_task_group_decorator.py took 0.193 seconds
[2023-08-02T10:41:35.733+0000] {processor.py:157} INFO - Started process (PID=554) to work on /home/airflow/.local/lib/python3.7/site-packages/airflow/example_dags/example_task_group_decorator.py
[2023-08-02T10:41:35.735+0000] {processor.py:826} INFO - Processing file /home/airflow/.local/lib/python3.7/site-packages/airflow/example_dags/example_task_group_decorator.py for tasks to queue
[2023-08-02T10:41:35.736+0000] {logging_mixin.py:150} INFO - [2023-08-02T10:41:35.736+0000] {dagbag.py:541} INFO - Filling up the DagBag from /home/airflow/.local/lib/python3.7/site-packages/airflow/example_dags/example_task_group_decorator.py
[2023-08-02T10:41:35.747+0000] {processor.py:836} INFO - DAG(s) dict_keys(['example_task_group_decorator']) retrieved from /home/airflow/.local/lib/python3.7/site-packages/airflow/example_dags/example_task_group_decorator.py
[2023-08-02T10:41:35.772+0000] {logging_mixin.py:150} INFO - [2023-08-02T10:41:35.772+0000] {dag.py:2742} INFO - Sync 1 DAGs
[2023-08-02T10:41:35.792+0000] {logging_mixin.py:150} INFO - [2023-08-02T10:41:35.792+0000] {dag.py:3508} INFO - Setting next_dagrun for example_task_group_decorator to 2023-08-01T10:41:35.791820+00:00, run_after=2023-08-02T10:41:35.791820+00:00
[2023-08-02T10:41:35.805+0000] {processor.py:179} INFO - Processing /home/airflow/.local/lib/python3.7/site-packages/airflow/example_dags/example_task_group_decorator.py took 0.075 seconds
[2023-08-02T10:42:06.375+0000] {processor.py:157} INFO - Started process (PID=611) to work on /home/airflow/.local/lib/python3.7/site-packages/airflow/example_dags/example_task_group_decorator.py
[2023-08-02T10:42:06.379+0000] {processor.py:826} INFO - Processing file /home/airflow/.local/lib/python3.7/site-packages/airflow/example_dags/example_task_group_decorator.py for tasks to queue
[2023-08-02T10:42:06.381+0000] {logging_mixin.py:150} INFO - [2023-08-02T10:42:06.381+0000] {dagbag.py:541} INFO - Filling up the DagBag from /home/airflow/.local/lib/python3.7/site-packages/airflow/example_dags/example_task_group_decorator.py
[2023-08-02T10:42:06.397+0000] {processor.py:836} INFO - DAG(s) dict_keys(['example_task_group_decorator']) retrieved from /home/airflow/.local/lib/python3.7/site-packages/airflow/example_dags/example_task_group_decorator.py
[2023-08-02T10:42:06.437+0000] {logging_mixin.py:150} INFO - [2023-08-02T10:42:06.437+0000] {dag.py:2742} INFO - Sync 1 DAGs
[2023-08-02T10:42:06.456+0000] {logging_mixin.py:150} INFO - [2023-08-02T10:42:06.456+0000] {dag.py:3508} INFO - Setting next_dagrun for example_task_group_decorator to 2023-08-01T10:42:06.455712+00:00, run_after=2023-08-02T10:42:06.455712+00:00
[2023-08-02T10:42:06.470+0000] {processor.py:179} INFO - Processing /home/airflow/.local/lib/python3.7/site-packages/airflow/example_dags/example_task_group_decorator.py took 0.100 seconds
[2023-08-02T10:42:37.027+0000] {processor.py:157} INFO - Started process (PID=667) to work on /home/airflow/.local/lib/python3.7/site-packages/airflow/example_dags/example_task_group_decorator.py
[2023-08-02T10:42:37.029+0000] {processor.py:826} INFO - Processing file /home/airflow/.local/lib/python3.7/site-packages/airflow/example_dags/example_task_group_decorator.py for tasks to queue
[2023-08-02T10:42:37.038+0000] {logging_mixin.py:150} INFO - [2023-08-02T10:42:37.037+0000] {dagbag.py:541} INFO - Filling up the DagBag from /home/airflow/.local/lib/python3.7/site-packages/airflow/example_dags/example_task_group_decorator.py
[2023-08-02T10:42:37.050+0000] {processor.py:836} INFO - DAG(s) dict_keys(['example_task_group_decorator']) retrieved from /home/airflow/.local/lib/python3.7/site-packages/airflow/example_dags/example_task_group_decorator.py
[2023-08-02T10:42:37.073+0000] {logging_mixin.py:150} INFO - [2023-08-02T10:42:37.073+0000] {dag.py:2742} INFO - Sync 1 DAGs
[2023-08-02T10:42:37.091+0000] {logging_mixin.py:150} INFO - [2023-08-02T10:42:37.091+0000] {dag.py:3508} INFO - Setting next_dagrun for example_task_group_decorator to 2023-08-01T10:42:37.090835+00:00, run_after=2023-08-02T10:42:37.090835+00:00
[2023-08-02T10:42:37.107+0000] {processor.py:179} INFO - Processing /home/airflow/.local/lib/python3.7/site-packages/airflow/example_dags/example_task_group_decorator.py took 0.084 seconds
[2023-08-02T10:43:07.479+0000] {processor.py:157} INFO - Started process (PID=724) to work on /home/airflow/.local/lib/python3.7/site-packages/airflow/example_dags/example_task_group_decorator.py
[2023-08-02T10:43:07.481+0000] {processor.py:826} INFO - Processing file /home/airflow/.local/lib/python3.7/site-packages/airflow/example_dags/example_task_group_decorator.py for tasks to queue
[2023-08-02T10:43:07.489+0000] {logging_mixin.py:150} INFO - [2023-08-02T10:43:07.489+0000] {dagbag.py:541} INFO - Filling up the DagBag from /home/airflow/.local/lib/python3.7/site-packages/airflow/example_dags/example_task_group_decorator.py
[2023-08-02T10:43:07.502+0000] {processor.py:836} INFO - DAG(s) dict_keys(['example_task_group_decorator']) retrieved from /home/airflow/.local/lib/python3.7/site-packages/airflow/example_dags/example_task_group_decorator.py
[2023-08-02T10:43:07.531+0000] {logging_mixin.py:150} INFO - [2023-08-02T10:43:07.531+0000] {dag.py:2742} INFO - Sync 1 DAGs
[2023-08-02T10:43:07.554+0000] {logging_mixin.py:150} INFO - [2023-08-02T10:43:07.553+0000] {dag.py:3508} INFO - Setting next_dagrun for example_task_group_decorator to 2023-08-01T10:43:07.553682+00:00, run_after=2023-08-02T10:43:07.553682+00:00
[2023-08-02T10:43:07.585+0000] {processor.py:179} INFO - Processing /home/airflow/.local/lib/python3.7/site-packages/airflow/example_dags/example_task_group_decorator.py took 0.109 seconds
[2023-08-02T10:43:37.997+0000] {processor.py:157} INFO - Started process (PID=781) to work on /home/airflow/.local/lib/python3.7/site-packages/airflow/example_dags/example_task_group_decorator.py
[2023-08-02T10:43:37.999+0000] {processor.py:826} INFO - Processing file /home/airflow/.local/lib/python3.7/site-packages/airflow/example_dags/example_task_group_decorator.py for tasks to queue
[2023-08-02T10:43:38.001+0000] {logging_mixin.py:150} INFO - [2023-08-02T10:43:38.000+0000] {dagbag.py:541} INFO - Filling up the DagBag from /home/airflow/.local/lib/python3.7/site-packages/airflow/example_dags/example_task_group_decorator.py
[2023-08-02T10:43:38.012+0000] {processor.py:836} INFO - DAG(s) dict_keys(['example_task_group_decorator']) retrieved from /home/airflow/.local/lib/python3.7/site-packages/airflow/example_dags/example_task_group_decorator.py
[2023-08-02T10:43:38.038+0000] {logging_mixin.py:150} INFO - [2023-08-02T10:43:38.038+0000] {dag.py:2742} INFO - Sync 1 DAGs
[2023-08-02T10:43:38.057+0000] {logging_mixin.py:150} INFO - [2023-08-02T10:43:38.057+0000] {dag.py:3508} INFO - Setting next_dagrun for example_task_group_decorator to 2023-08-01T10:43:38.057075+00:00, run_after=2023-08-02T10:43:38.057075+00:00
[2023-08-02T10:43:38.074+0000] {processor.py:179} INFO - Processing /home/airflow/.local/lib/python3.7/site-packages/airflow/example_dags/example_task_group_decorator.py took 0.079 seconds
[2023-08-02T10:44:08.109+0000] {processor.py:157} INFO - Started process (PID=837) to work on /home/airflow/.local/lib/python3.7/site-packages/airflow/example_dags/example_task_group_decorator.py
[2023-08-02T10:44:08.111+0000] {processor.py:826} INFO - Processing file /home/airflow/.local/lib/python3.7/site-packages/airflow/example_dags/example_task_group_decorator.py for tasks to queue
[2023-08-02T10:44:08.112+0000] {logging_mixin.py:150} INFO - [2023-08-02T10:44:08.112+0000] {dagbag.py:541} INFO - Filling up the DagBag from /home/airflow/.local/lib/python3.7/site-packages/airflow/example_dags/example_task_group_decorator.py
[2023-08-02T10:44:08.124+0000] {processor.py:836} INFO - DAG(s) dict_keys(['example_task_group_decorator']) retrieved from /home/airflow/.local/lib/python3.7/site-packages/airflow/example_dags/example_task_group_decorator.py
[2023-08-02T10:44:08.147+0000] {logging_mixin.py:150} INFO - [2023-08-02T10:44:08.147+0000] {dag.py:2742} INFO - Sync 1 DAGs
[2023-08-02T10:44:08.166+0000] {logging_mixin.py:150} INFO - [2023-08-02T10:44:08.165+0000] {dag.py:3508} INFO - Setting next_dagrun for example_task_group_decorator to 2023-08-01T10:44:08.165679+00:00, run_after=2023-08-02T10:44:08.165679+00:00
[2023-08-02T10:44:08.181+0000] {processor.py:179} INFO - Processing /home/airflow/.local/lib/python3.7/site-packages/airflow/example_dags/example_task_group_decorator.py took 0.075 seconds
[2023-08-02T10:44:38.495+0000] {processor.py:157} INFO - Started process (PID=894) to work on /home/airflow/.local/lib/python3.7/site-packages/airflow/example_dags/example_task_group_decorator.py
[2023-08-02T10:44:38.497+0000] {processor.py:826} INFO - Processing file /home/airflow/.local/lib/python3.7/site-packages/airflow/example_dags/example_task_group_decorator.py for tasks to queue
[2023-08-02T10:44:38.500+0000] {logging_mixin.py:150} INFO - [2023-08-02T10:44:38.500+0000] {dagbag.py:541} INFO - Filling up the DagBag from /home/airflow/.local/lib/python3.7/site-packages/airflow/example_dags/example_task_group_decorator.py
[2023-08-02T10:44:38.512+0000] {processor.py:836} INFO - DAG(s) dict_keys(['example_task_group_decorator']) retrieved from /home/airflow/.local/lib/python3.7/site-packages/airflow/example_dags/example_task_group_decorator.py
[2023-08-02T10:44:38.541+0000] {logging_mixin.py:150} INFO - [2023-08-02T10:44:38.541+0000] {dag.py:2742} INFO - Sync 1 DAGs
[2023-08-02T10:44:38.561+0000] {logging_mixin.py:150} INFO - [2023-08-02T10:44:38.561+0000] {dag.py:3508} INFO - Setting next_dagrun for example_task_group_decorator to 2023-08-01T10:44:38.561504+00:00, run_after=2023-08-02T10:44:38.561504+00:00
[2023-08-02T10:44:38.577+0000] {processor.py:179} INFO - Processing /home/airflow/.local/lib/python3.7/site-packages/airflow/example_dags/example_task_group_decorator.py took 0.086 seconds
[2023-08-02T10:45:08.983+0000] {processor.py:157} INFO - Started process (PID=951) to work on /home/airflow/.local/lib/python3.7/site-packages/airflow/example_dags/example_task_group_decorator.py
[2023-08-02T10:45:08.985+0000] {processor.py:826} INFO - Processing file /home/airflow/.local/lib/python3.7/site-packages/airflow/example_dags/example_task_group_decorator.py for tasks to queue
[2023-08-02T10:45:08.987+0000] {logging_mixin.py:150} INFO - [2023-08-02T10:45:08.987+0000] {dagbag.py:541} INFO - Filling up the DagBag from /home/airflow/.local/lib/python3.7/site-packages/airflow/example_dags/example_task_group_decorator.py
[2023-08-02T10:45:08.999+0000] {processor.py:836} INFO - DAG(s) dict_keys(['example_task_group_decorator']) retrieved from /home/airflow/.local/lib/python3.7/site-packages/airflow/example_dags/example_task_group_decorator.py
[2023-08-02T10:45:09.026+0000] {logging_mixin.py:150} INFO - [2023-08-02T10:45:09.026+0000] {dag.py:2742} INFO - Sync 1 DAGs
[2023-08-02T10:45:09.099+0000] {logging_mixin.py:150} INFO - [2023-08-02T10:45:09.099+0000] {dag.py:3508} INFO - Setting next_dagrun for example_task_group_decorator to 2023-08-01T10:45:09.098887+00:00, run_after=2023-08-02T10:45:09.098887+00:00
[2023-08-02T10:45:09.112+0000] {processor.py:179} INFO - Processing /home/airflow/.local/lib/python3.7/site-packages/airflow/example_dags/example_task_group_decorator.py took 0.132 seconds
[2023-08-02T10:45:39.171+0000] {processor.py:157} INFO - Started process (PID=1008) to work on /home/airflow/.local/lib/python3.7/site-packages/airflow/example_dags/example_task_group_decorator.py
[2023-08-02T10:45:39.174+0000] {processor.py:826} INFO - Processing file /home/airflow/.local/lib/python3.7/site-packages/airflow/example_dags/example_task_group_decorator.py for tasks to queue
[2023-08-02T10:45:39.175+0000] {logging_mixin.py:150} INFO - [2023-08-02T10:45:39.175+0000] {dagbag.py:541} INFO - Filling up the DagBag from /home/airflow/.local/lib/python3.7/site-packages/airflow/example_dags/example_task_group_decorator.py
[2023-08-02T10:45:39.189+0000] {processor.py:836} INFO - DAG(s) dict_keys(['example_task_group_decorator']) retrieved from /home/airflow/.local/lib/python3.7/site-packages/airflow/example_dags/example_task_group_decorator.py
[2023-08-02T10:45:39.216+0000] {logging_mixin.py:150} INFO - [2023-08-02T10:45:39.216+0000] {dag.py:2742} INFO - Sync 1 DAGs
[2023-08-02T10:45:39.246+0000] {logging_mixin.py:150} INFO - [2023-08-02T10:45:39.246+0000] {dag.py:3508} INFO - Setting next_dagrun for example_task_group_decorator to 2023-08-01T10:45:39.245824+00:00, run_after=2023-08-02T10:45:39.245824+00:00
[2023-08-02T10:45:39.269+0000] {processor.py:179} INFO - Processing /home/airflow/.local/lib/python3.7/site-packages/airflow/example_dags/example_task_group_decorator.py took 0.101 seconds
[2023-08-02T10:46:09.484+0000] {processor.py:157} INFO - Started process (PID=1065) to work on /home/airflow/.local/lib/python3.7/site-packages/airflow/example_dags/example_task_group_decorator.py
[2023-08-02T10:46:09.488+0000] {processor.py:826} INFO - Processing file /home/airflow/.local/lib/python3.7/site-packages/airflow/example_dags/example_task_group_decorator.py for tasks to queue
[2023-08-02T10:46:09.490+0000] {logging_mixin.py:150} INFO - [2023-08-02T10:46:09.490+0000] {dagbag.py:541} INFO - Filling up the DagBag from /home/airflow/.local/lib/python3.7/site-packages/airflow/example_dags/example_task_group_decorator.py
[2023-08-02T10:46:09.504+0000] {processor.py:836} INFO - DAG(s) dict_keys(['example_task_group_decorator']) retrieved from /home/airflow/.local/lib/python3.7/site-packages/airflow/example_dags/example_task_group_decorator.py
[2023-08-02T10:46:09.534+0000] {logging_mixin.py:150} INFO - [2023-08-02T10:46:09.534+0000] {dag.py:2742} INFO - Sync 1 DAGs
[2023-08-02T10:46:09.561+0000] {logging_mixin.py:150} INFO - [2023-08-02T10:46:09.561+0000] {dag.py:3508} INFO - Setting next_dagrun for example_task_group_decorator to 2023-08-01T10:46:09.560267+00:00, run_after=2023-08-02T10:46:09.560267+00:00
[2023-08-02T10:46:09.580+0000] {processor.py:179} INFO - Processing /home/airflow/.local/lib/python3.7/site-packages/airflow/example_dags/example_task_group_decorator.py took 0.103 seconds
[2023-08-02T10:46:40.103+0000] {processor.py:157} INFO - Started process (PID=1122) to work on /home/airflow/.local/lib/python3.7/site-packages/airflow/example_dags/example_task_group_decorator.py
[2023-08-02T10:46:40.121+0000] {processor.py:826} INFO - Processing file /home/airflow/.local/lib/python3.7/site-packages/airflow/example_dags/example_task_group_decorator.py for tasks to queue
[2023-08-02T10:46:40.123+0000] {logging_mixin.py:150} INFO - [2023-08-02T10:46:40.123+0000] {dagbag.py:541} INFO - Filling up the DagBag from /home/airflow/.local/lib/python3.7/site-packages/airflow/example_dags/example_task_group_decorator.py
[2023-08-02T10:46:40.135+0000] {processor.py:836} INFO - DAG(s) dict_keys(['example_task_group_decorator']) retrieved from /home/airflow/.local/lib/python3.7/site-packages/airflow/example_dags/example_task_group_decorator.py
[2023-08-02T10:46:40.165+0000] {logging_mixin.py:150} INFO - [2023-08-02T10:46:40.165+0000] {dag.py:2742} INFO - Sync 1 DAGs
[2023-08-02T10:46:40.185+0000] {logging_mixin.py:150} INFO - [2023-08-02T10:46:40.185+0000] {dag.py:3508} INFO - Setting next_dagrun for example_task_group_decorator to 2023-08-01T10:46:40.185162+00:00, run_after=2023-08-02T10:46:40.185162+00:00
[2023-08-02T10:46:40.201+0000] {processor.py:179} INFO - Processing /home/airflow/.local/lib/python3.7/site-packages/airflow/example_dags/example_task_group_decorator.py took 0.103 seconds
[2023-08-02T10:47:10.633+0000] {processor.py:157} INFO - Started process (PID=1179) to work on /home/airflow/.local/lib/python3.7/site-packages/airflow/example_dags/example_task_group_decorator.py
[2023-08-02T10:47:10.635+0000] {processor.py:826} INFO - Processing file /home/airflow/.local/lib/python3.7/site-packages/airflow/example_dags/example_task_group_decorator.py for tasks to queue
[2023-08-02T10:47:10.639+0000] {logging_mixin.py:150} INFO - [2023-08-02T10:47:10.638+0000] {dagbag.py:541} INFO - Filling up the DagBag from /home/airflow/.local/lib/python3.7/site-packages/airflow/example_dags/example_task_group_decorator.py
[2023-08-02T10:47:10.650+0000] {processor.py:836} INFO - DAG(s) dict_keys(['example_task_group_decorator']) retrieved from /home/airflow/.local/lib/python3.7/site-packages/airflow/example_dags/example_task_group_decorator.py
[2023-08-02T10:47:10.677+0000] {logging_mixin.py:150} INFO - [2023-08-02T10:47:10.677+0000] {dag.py:2742} INFO - Sync 1 DAGs
[2023-08-02T10:47:10.706+0000] {logging_mixin.py:150} INFO - [2023-08-02T10:47:10.706+0000] {dag.py:3508} INFO - Setting next_dagrun for example_task_group_decorator to 2023-08-01T10:47:10.705720+00:00, run_after=2023-08-02T10:47:10.705720+00:00
[2023-08-02T10:47:10.723+0000] {processor.py:179} INFO - Processing /home/airflow/.local/lib/python3.7/site-packages/airflow/example_dags/example_task_group_decorator.py took 0.094 seconds
[2023-08-02T10:47:40.916+0000] {processor.py:157} INFO - Started process (PID=1236) to work on /home/airflow/.local/lib/python3.7/site-packages/airflow/example_dags/example_task_group_decorator.py
[2023-08-02T10:47:40.923+0000] {processor.py:826} INFO - Processing file /home/airflow/.local/lib/python3.7/site-packages/airflow/example_dags/example_task_group_decorator.py for tasks to queue
[2023-08-02T10:47:40.925+0000] {logging_mixin.py:150} INFO - [2023-08-02T10:47:40.925+0000] {dagbag.py:541} INFO - Filling up the DagBag from /home/airflow/.local/lib/python3.7/site-packages/airflow/example_dags/example_task_group_decorator.py
[2023-08-02T10:47:40.936+0000] {processor.py:836} INFO - DAG(s) dict_keys(['example_task_group_decorator']) retrieved from /home/airflow/.local/lib/python3.7/site-packages/airflow/example_dags/example_task_group_decorator.py
[2023-08-02T10:47:40.961+0000] {logging_mixin.py:150} INFO - [2023-08-02T10:47:40.961+0000] {dag.py:2742} INFO - Sync 1 DAGs
[2023-08-02T10:47:40.984+0000] {logging_mixin.py:150} INFO - [2023-08-02T10:47:40.984+0000] {dag.py:3508} INFO - Setting next_dagrun for example_task_group_decorator to 2023-08-01T10:47:40.983885+00:00, run_after=2023-08-02T10:47:40.983885+00:00
[2023-08-02T10:47:41.000+0000] {processor.py:179} INFO - Processing /home/airflow/.local/lib/python3.7/site-packages/airflow/example_dags/example_task_group_decorator.py took 0.087 seconds
[2023-08-02T10:48:11.321+0000] {processor.py:157} INFO - Started process (PID=1293) to work on /home/airflow/.local/lib/python3.7/site-packages/airflow/example_dags/example_task_group_decorator.py
[2023-08-02T10:48:11.323+0000] {processor.py:826} INFO - Processing file /home/airflow/.local/lib/python3.7/site-packages/airflow/example_dags/example_task_group_decorator.py for tasks to queue
[2023-08-02T10:48:11.324+0000] {logging_mixin.py:150} INFO - [2023-08-02T10:48:11.324+0000] {dagbag.py:541} INFO - Filling up the DagBag from /home/airflow/.local/lib/python3.7/site-packages/airflow/example_dags/example_task_group_decorator.py
[2023-08-02T10:48:11.337+0000] {processor.py:836} INFO - DAG(s) dict_keys(['example_task_group_decorator']) retrieved from /home/airflow/.local/lib/python3.7/site-packages/airflow/example_dags/example_task_group_decorator.py
[2023-08-02T10:48:11.361+0000] {logging_mixin.py:150} INFO - [2023-08-02T10:48:11.361+0000] {dag.py:2742} INFO - Sync 1 DAGs
[2023-08-02T10:48:11.380+0000] {logging_mixin.py:150} INFO - [2023-08-02T10:48:11.380+0000] {dag.py:3508} INFO - Setting next_dagrun for example_task_group_decorator to 2023-08-01T10:48:11.380378+00:00, run_after=2023-08-02T10:48:11.380378+00:00
[2023-08-02T10:48:11.396+0000] {processor.py:179} INFO - Processing /home/airflow/.local/lib/python3.7/site-packages/airflow/example_dags/example_task_group_decorator.py took 0.078 seconds
[2023-08-02T10:48:41.461+0000] {processor.py:157} INFO - Started process (PID=1350) to work on /home/airflow/.local/lib/python3.7/site-packages/airflow/example_dags/example_task_group_decorator.py
[2023-08-02T10:48:41.463+0000] {processor.py:826} INFO - Processing file /home/airflow/.local/lib/python3.7/site-packages/airflow/example_dags/example_task_group_decorator.py for tasks to queue
[2023-08-02T10:48:41.464+0000] {logging_mixin.py:150} INFO - [2023-08-02T10:48:41.464+0000] {dagbag.py:541} INFO - Filling up the DagBag from /home/airflow/.local/lib/python3.7/site-packages/airflow/example_dags/example_task_group_decorator.py
[2023-08-02T10:48:41.476+0000] {processor.py:836} INFO - DAG(s) dict_keys(['example_task_group_decorator']) retrieved from /home/airflow/.local/lib/python3.7/site-packages/airflow/example_dags/example_task_group_decorator.py
[2023-08-02T10:48:41.547+0000] {logging_mixin.py:150} INFO - [2023-08-02T10:48:41.547+0000] {dag.py:2742} INFO - Sync 1 DAGs
[2023-08-02T10:48:41.566+0000] {logging_mixin.py:150} INFO - [2023-08-02T10:48:41.566+0000] {dag.py:3508} INFO - Setting next_dagrun for example_task_group_decorator to 2023-08-01T10:48:41.565667+00:00, run_after=2023-08-02T10:48:41.565667+00:00
[2023-08-02T10:48:41.582+0000] {processor.py:179} INFO - Processing /home/airflow/.local/lib/python3.7/site-packages/airflow/example_dags/example_task_group_decorator.py took 0.124 seconds
[2023-08-02T10:49:11.863+0000] {processor.py:157} INFO - Started process (PID=1407) to work on /home/airflow/.local/lib/python3.7/site-packages/airflow/example_dags/example_task_group_decorator.py
[2023-08-02T10:49:11.865+0000] {processor.py:826} INFO - Processing file /home/airflow/.local/lib/python3.7/site-packages/airflow/example_dags/example_task_group_decorator.py for tasks to queue
[2023-08-02T10:49:11.866+0000] {logging_mixin.py:150} INFO - [2023-08-02T10:49:11.866+0000] {dagbag.py:541} INFO - Filling up the DagBag from /home/airflow/.local/lib/python3.7/site-packages/airflow/example_dags/example_task_group_decorator.py
[2023-08-02T10:49:11.878+0000] {processor.py:836} INFO - DAG(s) dict_keys(['example_task_group_decorator']) retrieved from /home/airflow/.local/lib/python3.7/site-packages/airflow/example_dags/example_task_group_decorator.py
[2023-08-02T10:49:11.901+0000] {logging_mixin.py:150} INFO - [2023-08-02T10:49:11.901+0000] {dag.py:2742} INFO - Sync 1 DAGs
[2023-08-02T10:49:11.919+0000] {logging_mixin.py:150} INFO - [2023-08-02T10:49:11.919+0000] {dag.py:3508} INFO - Setting next_dagrun for example_task_group_decorator to 2023-08-01T10:49:11.919636+00:00, run_after=2023-08-02T10:49:11.919636+00:00
[2023-08-02T10:49:11.935+0000] {processor.py:179} INFO - Processing /home/airflow/.local/lib/python3.7/site-packages/airflow/example_dags/example_task_group_decorator.py took 0.075 seconds
[2023-08-02T10:49:42.199+0000] {processor.py:157} INFO - Started process (PID=1464) to work on /home/airflow/.local/lib/python3.7/site-packages/airflow/example_dags/example_task_group_decorator.py
[2023-08-02T10:49:42.200+0000] {processor.py:826} INFO - Processing file /home/airflow/.local/lib/python3.7/site-packages/airflow/example_dags/example_task_group_decorator.py for tasks to queue
[2023-08-02T10:49:42.201+0000] {logging_mixin.py:150} INFO - [2023-08-02T10:49:42.201+0000] {dagbag.py:541} INFO - Filling up the DagBag from /home/airflow/.local/lib/python3.7/site-packages/airflow/example_dags/example_task_group_decorator.py
[2023-08-02T10:49:42.220+0000] {processor.py:836} INFO - DAG(s) dict_keys(['example_task_group_decorator']) retrieved from /home/airflow/.local/lib/python3.7/site-packages/airflow/example_dags/example_task_group_decorator.py
[2023-08-02T10:49:42.249+0000] {logging_mixin.py:150} INFO - [2023-08-02T10:49:42.249+0000] {dag.py:2742} INFO - Sync 1 DAGs
[2023-08-02T10:49:42.269+0000] {logging_mixin.py:150} INFO - [2023-08-02T10:49:42.269+0000] {dag.py:3508} INFO - Setting next_dagrun for example_task_group_decorator to 2023-08-01T10:49:42.269443+00:00, run_after=2023-08-02T10:49:42.269443+00:00
[2023-08-02T10:49:42.288+0000] {processor.py:179} INFO - Processing /home/airflow/.local/lib/python3.7/site-packages/airflow/example_dags/example_task_group_decorator.py took 0.093 seconds
[2023-08-02T10:50:12.510+0000] {processor.py:157} INFO - Started process (PID=1521) to work on /home/airflow/.local/lib/python3.7/site-packages/airflow/example_dags/example_task_group_decorator.py
[2023-08-02T10:50:12.514+0000] {processor.py:826} INFO - Processing file /home/airflow/.local/lib/python3.7/site-packages/airflow/example_dags/example_task_group_decorator.py for tasks to queue
[2023-08-02T10:50:12.516+0000] {logging_mixin.py:150} INFO - [2023-08-02T10:50:12.515+0000] {dagbag.py:541} INFO - Filling up the DagBag from /home/airflow/.local/lib/python3.7/site-packages/airflow/example_dags/example_task_group_decorator.py
[2023-08-02T10:50:12.531+0000] {processor.py:836} INFO - DAG(s) dict_keys(['example_task_group_decorator']) retrieved from /home/airflow/.local/lib/python3.7/site-packages/airflow/example_dags/example_task_group_decorator.py
[2023-08-02T10:50:12.566+0000] {logging_mixin.py:150} INFO - [2023-08-02T10:50:12.566+0000] {dag.py:2742} INFO - Sync 1 DAGs
[2023-08-02T10:50:12.592+0000] {logging_mixin.py:150} INFO - [2023-08-02T10:50:12.592+0000] {dag.py:3508} INFO - Setting next_dagrun for example_task_group_decorator to 2023-08-01T10:50:12.592214+00:00, run_after=2023-08-02T10:50:12.592214+00:00
[2023-08-02T10:50:12.607+0000] {processor.py:179} INFO - Processing /home/airflow/.local/lib/python3.7/site-packages/airflow/example_dags/example_task_group_decorator.py took 0.101 seconds
[2023-08-02T10:50:43.108+0000] {processor.py:157} INFO - Started process (PID=1578) to work on /home/airflow/.local/lib/python3.7/site-packages/airflow/example_dags/example_task_group_decorator.py
[2023-08-02T10:50:43.110+0000] {processor.py:826} INFO - Processing file /home/airflow/.local/lib/python3.7/site-packages/airflow/example_dags/example_task_group_decorator.py for tasks to queue
[2023-08-02T10:50:43.111+0000] {logging_mixin.py:150} INFO - [2023-08-02T10:50:43.111+0000] {dagbag.py:541} INFO - Filling up the DagBag from /home/airflow/.local/lib/python3.7/site-packages/airflow/example_dags/example_task_group_decorator.py
[2023-08-02T10:50:43.123+0000] {processor.py:836} INFO - DAG(s) dict_keys(['example_task_group_decorator']) retrieved from /home/airflow/.local/lib/python3.7/site-packages/airflow/example_dags/example_task_group_decorator.py
[2023-08-02T10:50:43.148+0000] {logging_mixin.py:150} INFO - [2023-08-02T10:50:43.147+0000] {dag.py:2742} INFO - Sync 1 DAGs
[2023-08-02T10:50:43.168+0000] {logging_mixin.py:150} INFO - [2023-08-02T10:50:43.168+0000] {dag.py:3508} INFO - Setting next_dagrun for example_task_group_decorator to 2023-08-01T10:50:43.167790+00:00, run_after=2023-08-02T10:50:43.167790+00:00
[2023-08-02T10:50:43.185+0000] {processor.py:179} INFO - Processing /home/airflow/.local/lib/python3.7/site-packages/airflow/example_dags/example_task_group_decorator.py took 0.080 seconds
[2023-08-02T10:51:13.373+0000] {processor.py:157} INFO - Started process (PID=1635) to work on /home/airflow/.local/lib/python3.7/site-packages/airflow/example_dags/example_task_group_decorator.py
[2023-08-02T10:51:13.390+0000] {processor.py:826} INFO - Processing file /home/airflow/.local/lib/python3.7/site-packages/airflow/example_dags/example_task_group_decorator.py for tasks to queue
[2023-08-02T10:51:13.391+0000] {logging_mixin.py:150} INFO - [2023-08-02T10:51:13.391+0000] {dagbag.py:541} INFO - Filling up the DagBag from /home/airflow/.local/lib/python3.7/site-packages/airflow/example_dags/example_task_group_decorator.py
[2023-08-02T10:51:13.402+0000] {processor.py:836} INFO - DAG(s) dict_keys(['example_task_group_decorator']) retrieved from /home/airflow/.local/lib/python3.7/site-packages/airflow/example_dags/example_task_group_decorator.py
[2023-08-02T10:51:13.428+0000] {logging_mixin.py:150} INFO - [2023-08-02T10:51:13.428+0000] {dag.py:2742} INFO - Sync 1 DAGs
[2023-08-02T10:51:13.447+0000] {logging_mixin.py:150} INFO - [2023-08-02T10:51:13.446+0000] {dag.py:3508} INFO - Setting next_dagrun for example_task_group_decorator to 2023-08-01T10:51:13.446686+00:00, run_after=2023-08-02T10:51:13.446686+00:00
[2023-08-02T10:51:13.460+0000] {processor.py:179} INFO - Processing /home/airflow/.local/lib/python3.7/site-packages/airflow/example_dags/example_task_group_decorator.py took 0.090 seconds
[2023-08-02T10:51:43.773+0000] {processor.py:157} INFO - Started process (PID=1692) to work on /home/airflow/.local/lib/python3.7/site-packages/airflow/example_dags/example_task_group_decorator.py
[2023-08-02T10:51:43.775+0000] {processor.py:826} INFO - Processing file /home/airflow/.local/lib/python3.7/site-packages/airflow/example_dags/example_task_group_decorator.py for tasks to queue
[2023-08-02T10:51:43.777+0000] {logging_mixin.py:150} INFO - [2023-08-02T10:51:43.777+0000] {dagbag.py:541} INFO - Filling up the DagBag from /home/airflow/.local/lib/python3.7/site-packages/airflow/example_dags/example_task_group_decorator.py
[2023-08-02T10:51:43.787+0000] {processor.py:836} INFO - DAG(s) dict_keys(['example_task_group_decorator']) retrieved from /home/airflow/.local/lib/python3.7/site-packages/airflow/example_dags/example_task_group_decorator.py
[2023-08-02T10:51:43.811+0000] {logging_mixin.py:150} INFO - [2023-08-02T10:51:43.811+0000] {dag.py:2742} INFO - Sync 1 DAGs
[2023-08-02T10:51:43.832+0000] {logging_mixin.py:150} INFO - [2023-08-02T10:51:43.832+0000] {dag.py:3508} INFO - Setting next_dagrun for example_task_group_decorator to 2023-08-01T10:51:43.831978+00:00, run_after=2023-08-02T10:51:43.831978+00:00
[2023-08-02T10:51:43.846+0000] {processor.py:179} INFO - Processing /home/airflow/.local/lib/python3.7/site-packages/airflow/example_dags/example_task_group_decorator.py took 0.075 seconds
[2023-08-02T10:52:14.180+0000] {processor.py:157} INFO - Started process (PID=1749) to work on /home/airflow/.local/lib/python3.7/site-packages/airflow/example_dags/example_task_group_decorator.py
[2023-08-02T10:52:14.183+0000] {processor.py:826} INFO - Processing file /home/airflow/.local/lib/python3.7/site-packages/airflow/example_dags/example_task_group_decorator.py for tasks to queue
[2023-08-02T10:52:14.184+0000] {logging_mixin.py:150} INFO - [2023-08-02T10:52:14.184+0000] {dagbag.py:541} INFO - Filling up the DagBag from /home/airflow/.local/lib/python3.7/site-packages/airflow/example_dags/example_task_group_decorator.py
[2023-08-02T10:52:14.195+0000] {processor.py:836} INFO - DAG(s) dict_keys(['example_task_group_decorator']) retrieved from /home/airflow/.local/lib/python3.7/site-packages/airflow/example_dags/example_task_group_decorator.py
[2023-08-02T10:52:14.220+0000] {logging_mixin.py:150} INFO - [2023-08-02T10:52:14.220+0000] {dag.py:2742} INFO - Sync 1 DAGs
[2023-08-02T10:52:14.239+0000] {logging_mixin.py:150} INFO - [2023-08-02T10:52:14.239+0000] {dag.py:3508} INFO - Setting next_dagrun for example_task_group_decorator to 2023-08-01T10:52:14.239451+00:00, run_after=2023-08-02T10:52:14.239451+00:00
[2023-08-02T10:52:14.252+0000] {processor.py:179} INFO - Processing /home/airflow/.local/lib/python3.7/site-packages/airflow/example_dags/example_task_group_decorator.py took 0.074 seconds
[2023-08-02T10:52:44.308+0000] {processor.py:157} INFO - Started process (PID=1807) to work on /home/airflow/.local/lib/python3.7/site-packages/airflow/example_dags/example_task_group_decorator.py
[2023-08-02T10:52:44.312+0000] {processor.py:826} INFO - Processing file /home/airflow/.local/lib/python3.7/site-packages/airflow/example_dags/example_task_group_decorator.py for tasks to queue
[2023-08-02T10:52:44.313+0000] {logging_mixin.py:150} INFO - [2023-08-02T10:52:44.313+0000] {dagbag.py:541} INFO - Filling up the DagBag from /home/airflow/.local/lib/python3.7/site-packages/airflow/example_dags/example_task_group_decorator.py
[2023-08-02T10:52:44.325+0000] {processor.py:836} INFO - DAG(s) dict_keys(['example_task_group_decorator']) retrieved from /home/airflow/.local/lib/python3.7/site-packages/airflow/example_dags/example_task_group_decorator.py
[2023-08-02T10:52:44.350+0000] {logging_mixin.py:150} INFO - [2023-08-02T10:52:44.349+0000] {dag.py:2742} INFO - Sync 1 DAGs
[2023-08-02T10:52:44.374+0000] {logging_mixin.py:150} INFO - [2023-08-02T10:52:44.374+0000] {dag.py:3508} INFO - Setting next_dagrun for example_task_group_decorator to 2023-08-01T10:52:44.373816+00:00, run_after=2023-08-02T10:52:44.373816+00:00
[2023-08-02T10:52:44.390+0000] {processor.py:179} INFO - Processing /home/airflow/.local/lib/python3.7/site-packages/airflow/example_dags/example_task_group_decorator.py took 0.085 seconds
[2023-08-02T10:53:14.604+0000] {processor.py:157} INFO - Started process (PID=1864) to work on /home/airflow/.local/lib/python3.7/site-packages/airflow/example_dags/example_task_group_decorator.py
[2023-08-02T10:53:14.606+0000] {processor.py:826} INFO - Processing file /home/airflow/.local/lib/python3.7/site-packages/airflow/example_dags/example_task_group_decorator.py for tasks to queue
[2023-08-02T10:53:14.608+0000] {logging_mixin.py:150} INFO - [2023-08-02T10:53:14.607+0000] {dagbag.py:541} INFO - Filling up the DagBag from /home/airflow/.local/lib/python3.7/site-packages/airflow/example_dags/example_task_group_decorator.py
[2023-08-02T10:53:14.618+0000] {processor.py:836} INFO - DAG(s) dict_keys(['example_task_group_decorator']) retrieved from /home/airflow/.local/lib/python3.7/site-packages/airflow/example_dags/example_task_group_decorator.py
[2023-08-02T10:53:14.641+0000] {logging_mixin.py:150} INFO - [2023-08-02T10:53:14.641+0000] {dag.py:2742} INFO - Sync 1 DAGs
[2023-08-02T10:53:14.663+0000] {logging_mixin.py:150} INFO - [2023-08-02T10:53:14.663+0000] {dag.py:3508} INFO - Setting next_dagrun for example_task_group_decorator to 2023-08-01T10:53:14.662855+00:00, run_after=2023-08-02T10:53:14.662855+00:00
[2023-08-02T10:53:14.676+0000] {processor.py:179} INFO - Processing /home/airflow/.local/lib/python3.7/site-packages/airflow/example_dags/example_task_group_decorator.py took 0.075 seconds
[2023-08-02T10:53:44.963+0000] {processor.py:157} INFO - Started process (PID=1921) to work on /home/airflow/.local/lib/python3.7/site-packages/airflow/example_dags/example_task_group_decorator.py
[2023-08-02T10:53:44.965+0000] {processor.py:826} INFO - Processing file /home/airflow/.local/lib/python3.7/site-packages/airflow/example_dags/example_task_group_decorator.py for tasks to queue
[2023-08-02T10:53:44.966+0000] {logging_mixin.py:150} INFO - [2023-08-02T10:53:44.966+0000] {dagbag.py:541} INFO - Filling up the DagBag from /home/airflow/.local/lib/python3.7/site-packages/airflow/example_dags/example_task_group_decorator.py
[2023-08-02T10:53:44.977+0000] {processor.py:836} INFO - DAG(s) dict_keys(['example_task_group_decorator']) retrieved from /home/airflow/.local/lib/python3.7/site-packages/airflow/example_dags/example_task_group_decorator.py
[2023-08-02T10:53:45.002+0000] {logging_mixin.py:150} INFO - [2023-08-02T10:53:45.002+0000] {dag.py:2742} INFO - Sync 1 DAGs
[2023-08-02T10:53:45.025+0000] {logging_mixin.py:150} INFO - [2023-08-02T10:53:45.025+0000] {dag.py:3508} INFO - Setting next_dagrun for example_task_group_decorator to 2023-08-01T10:53:45.025350+00:00, run_after=2023-08-02T10:53:45.025350+00:00
[2023-08-02T10:53:45.040+0000] {processor.py:179} INFO - Processing /home/airflow/.local/lib/python3.7/site-packages/airflow/example_dags/example_task_group_decorator.py took 0.080 seconds
[2023-08-02T10:54:15.254+0000] {processor.py:157} INFO - Started process (PID=1979) to work on /home/airflow/.local/lib/python3.7/site-packages/airflow/example_dags/example_task_group_decorator.py
[2023-08-02T10:54:15.257+0000] {processor.py:826} INFO - Processing file /home/airflow/.local/lib/python3.7/site-packages/airflow/example_dags/example_task_group_decorator.py for tasks to queue
[2023-08-02T10:54:15.258+0000] {logging_mixin.py:150} INFO - [2023-08-02T10:54:15.258+0000] {dagbag.py:541} INFO - Filling up the DagBag from /home/airflow/.local/lib/python3.7/site-packages/airflow/example_dags/example_task_group_decorator.py
[2023-08-02T10:54:15.272+0000] {processor.py:836} INFO - DAG(s) dict_keys(['example_task_group_decorator']) retrieved from /home/airflow/.local/lib/python3.7/site-packages/airflow/example_dags/example_task_group_decorator.py
[2023-08-02T10:54:15.295+0000] {logging_mixin.py:150} INFO - [2023-08-02T10:54:15.295+0000] {dag.py:2742} INFO - Sync 1 DAGs
[2023-08-02T10:54:15.315+0000] {logging_mixin.py:150} INFO - [2023-08-02T10:54:15.315+0000] {dag.py:3508} INFO - Setting next_dagrun for example_task_group_decorator to 2023-08-01T10:54:15.315399+00:00, run_after=2023-08-02T10:54:15.315399+00:00
[2023-08-02T10:54:15.328+0000] {processor.py:179} INFO - Processing /home/airflow/.local/lib/python3.7/site-packages/airflow/example_dags/example_task_group_decorator.py took 0.078 seconds
[2023-08-02T10:54:45.516+0000] {processor.py:157} INFO - Started process (PID=2037) to work on /home/airflow/.local/lib/python3.7/site-packages/airflow/example_dags/example_task_group_decorator.py
[2023-08-02T10:54:45.518+0000] {processor.py:826} INFO - Processing file /home/airflow/.local/lib/python3.7/site-packages/airflow/example_dags/example_task_group_decorator.py for tasks to queue
[2023-08-02T10:54:45.520+0000] {logging_mixin.py:150} INFO - [2023-08-02T10:54:45.520+0000] {dagbag.py:541} INFO - Filling up the DagBag from /home/airflow/.local/lib/python3.7/site-packages/airflow/example_dags/example_task_group_decorator.py
[2023-08-02T10:54:45.531+0000] {processor.py:836} INFO - DAG(s) dict_keys(['example_task_group_decorator']) retrieved from /home/airflow/.local/lib/python3.7/site-packages/airflow/example_dags/example_task_group_decorator.py
[2023-08-02T10:54:45.555+0000] {logging_mixin.py:150} INFO - [2023-08-02T10:54:45.554+0000] {dag.py:2742} INFO - Sync 1 DAGs
[2023-08-02T10:54:45.578+0000] {logging_mixin.py:150} INFO - [2023-08-02T10:54:45.578+0000] {dag.py:3508} INFO - Setting next_dagrun for example_task_group_decorator to 2023-08-01T10:54:45.578585+00:00, run_after=2023-08-02T10:54:45.578585+00:00
[2023-08-02T10:54:45.647+0000] {processor.py:179} INFO - Processing /home/airflow/.local/lib/python3.7/site-packages/airflow/example_dags/example_task_group_decorator.py took 0.134 seconds
[2023-08-02T10:55:15.992+0000] {processor.py:157} INFO - Started process (PID=2094) to work on /home/airflow/.local/lib/python3.7/site-packages/airflow/example_dags/example_task_group_decorator.py
[2023-08-02T10:55:15.994+0000] {processor.py:826} INFO - Processing file /home/airflow/.local/lib/python3.7/site-packages/airflow/example_dags/example_task_group_decorator.py for tasks to queue
[2023-08-02T10:55:15.995+0000] {logging_mixin.py:150} INFO - [2023-08-02T10:55:15.995+0000] {dagbag.py:541} INFO - Filling up the DagBag from /home/airflow/.local/lib/python3.7/site-packages/airflow/example_dags/example_task_group_decorator.py
[2023-08-02T10:55:16.011+0000] {processor.py:836} INFO - DAG(s) dict_keys(['example_task_group_decorator']) retrieved from /home/airflow/.local/lib/python3.7/site-packages/airflow/example_dags/example_task_group_decorator.py
[2023-08-02T10:55:16.037+0000] {logging_mixin.py:150} INFO - [2023-08-02T10:55:16.037+0000] {dag.py:2742} INFO - Sync 1 DAGs
[2023-08-02T10:55:16.055+0000] {logging_mixin.py:150} INFO - [2023-08-02T10:55:16.055+0000] {dag.py:3508} INFO - Setting next_dagrun for example_task_group_decorator to 2023-08-01T10:55:16.055397+00:00, run_after=2023-08-02T10:55:16.055397+00:00
[2023-08-02T10:55:16.074+0000] {processor.py:179} INFO - Processing /home/airflow/.local/lib/python3.7/site-packages/airflow/example_dags/example_task_group_decorator.py took 0.085 seconds
[2023-08-02T12:19:18.274+0000] {processor.py:157} INFO - Started process (PID=2152) to work on /home/airflow/.local/lib/python3.7/site-packages/airflow/example_dags/example_task_group_decorator.py
[2023-08-02T12:19:18.276+0000] {processor.py:826} INFO - Processing file /home/airflow/.local/lib/python3.7/site-packages/airflow/example_dags/example_task_group_decorator.py for tasks to queue
[2023-08-02T12:19:18.279+0000] {logging_mixin.py:150} INFO - [2023-08-02T12:19:18.279+0000] {dagbag.py:541} INFO - Filling up the DagBag from /home/airflow/.local/lib/python3.7/site-packages/airflow/example_dags/example_task_group_decorator.py
[2023-08-02T12:19:18.300+0000] {processor.py:836} INFO - DAG(s) dict_keys(['example_task_group_decorator']) retrieved from /home/airflow/.local/lib/python3.7/site-packages/airflow/example_dags/example_task_group_decorator.py
[2023-08-02T12:19:18.337+0000] {logging_mixin.py:150} INFO - [2023-08-02T12:19:18.337+0000] {dag.py:2742} INFO - Sync 1 DAGs
[2023-08-02T12:19:18.374+0000] {logging_mixin.py:150} INFO - [2023-08-02T12:19:18.374+0000] {dag.py:3508} INFO - Setting next_dagrun for example_task_group_decorator to 2023-08-01T12:19:18.374238+00:00, run_after=2023-08-02T12:19:18.374238+00:00
[2023-08-02T12:19:18.399+0000] {processor.py:179} INFO - Processing /home/airflow/.local/lib/python3.7/site-packages/airflow/example_dags/example_task_group_decorator.py took 0.129 seconds
[2023-08-02T13:26:11.578+0000] {processor.py:157} INFO - Started process (PID=2209) to work on /home/airflow/.local/lib/python3.7/site-packages/airflow/example_dags/example_task_group_decorator.py
[2023-08-02T13:26:11.579+0000] {processor.py:826} INFO - Processing file /home/airflow/.local/lib/python3.7/site-packages/airflow/example_dags/example_task_group_decorator.py for tasks to queue
[2023-08-02T13:26:11.581+0000] {logging_mixin.py:150} INFO - [2023-08-02T13:26:11.580+0000] {dagbag.py:541} INFO - Filling up the DagBag from /home/airflow/.local/lib/python3.7/site-packages/airflow/example_dags/example_task_group_decorator.py
[2023-08-02T13:26:11.592+0000] {processor.py:836} INFO - DAG(s) dict_keys(['example_task_group_decorator']) retrieved from /home/airflow/.local/lib/python3.7/site-packages/airflow/example_dags/example_task_group_decorator.py
[2023-08-02T13:26:11.617+0000] {logging_mixin.py:150} INFO - [2023-08-02T13:26:11.617+0000] {dag.py:2742} INFO - Sync 1 DAGs
[2023-08-02T13:26:11.639+0000] {logging_mixin.py:150} INFO - [2023-08-02T13:26:11.639+0000] {dag.py:3508} INFO - Setting next_dagrun for example_task_group_decorator to 2023-08-01T13:26:11.639117+00:00, run_after=2023-08-02T13:26:11.639117+00:00
[2023-08-02T13:26:11.653+0000] {processor.py:179} INFO - Processing /home/airflow/.local/lib/python3.7/site-packages/airflow/example_dags/example_task_group_decorator.py took 0.079 seconds
[2023-08-02T14:49:10.238+0000] {processor.py:157} INFO - Started process (PID=2267) to work on /home/airflow/.local/lib/python3.7/site-packages/airflow/example_dags/example_task_group_decorator.py
[2023-08-02T14:49:10.240+0000] {processor.py:826} INFO - Processing file /home/airflow/.local/lib/python3.7/site-packages/airflow/example_dags/example_task_group_decorator.py for tasks to queue
[2023-08-02T14:49:10.242+0000] {logging_mixin.py:150} INFO - [2023-08-02T14:49:10.241+0000] {dagbag.py:541} INFO - Filling up the DagBag from /home/airflow/.local/lib/python3.7/site-packages/airflow/example_dags/example_task_group_decorator.py
[2023-08-02T14:49:10.253+0000] {processor.py:836} INFO - DAG(s) dict_keys(['example_task_group_decorator']) retrieved from /home/airflow/.local/lib/python3.7/site-packages/airflow/example_dags/example_task_group_decorator.py
[2023-08-02T14:49:10.278+0000] {logging_mixin.py:150} INFO - [2023-08-02T14:49:10.277+0000] {dag.py:2742} INFO - Sync 1 DAGs
[2023-08-02T14:49:10.300+0000] {logging_mixin.py:150} INFO - [2023-08-02T14:49:10.299+0000] {dag.py:3508} INFO - Setting next_dagrun for example_task_group_decorator to 2023-08-01T14:49:10.299611+00:00, run_after=2023-08-02T14:49:10.299611+00:00
[2023-08-02T14:49:10.354+0000] {processor.py:179} INFO - Processing /home/airflow/.local/lib/python3.7/site-packages/airflow/example_dags/example_task_group_decorator.py took 0.119 seconds
[2023-08-02T15:54:27.366+0000] {processor.py:157} INFO - Started process (PID=2323) to work on /home/airflow/.local/lib/python3.7/site-packages/airflow/example_dags/example_task_group_decorator.py
[2023-08-02T15:54:27.373+0000] {processor.py:826} INFO - Processing file /home/airflow/.local/lib/python3.7/site-packages/airflow/example_dags/example_task_group_decorator.py for tasks to queue
[2023-08-02T15:54:27.375+0000] {logging_mixin.py:150} INFO - [2023-08-02T15:54:27.374+0000] {dagbag.py:541} INFO - Filling up the DagBag from /home/airflow/.local/lib/python3.7/site-packages/airflow/example_dags/example_task_group_decorator.py
[2023-08-02T15:54:27.398+0000] {processor.py:836} INFO - DAG(s) dict_keys(['example_task_group_decorator']) retrieved from /home/airflow/.local/lib/python3.7/site-packages/airflow/example_dags/example_task_group_decorator.py
[2023-08-02T15:54:27.423+0000] {logging_mixin.py:150} INFO - [2023-08-02T15:54:27.423+0000] {dag.py:2742} INFO - Sync 1 DAGs
[2023-08-02T15:54:27.445+0000] {logging_mixin.py:150} INFO - [2023-08-02T15:54:27.445+0000] {dag.py:3508} INFO - Setting next_dagrun for example_task_group_decorator to 2023-08-01T15:54:27.445560+00:00, run_after=2023-08-02T15:54:27.445560+00:00
[2023-08-02T15:54:27.462+0000] {processor.py:179} INFO - Processing /home/airflow/.local/lib/python3.7/site-packages/airflow/example_dags/example_task_group_decorator.py took 0.100 seconds
[2023-08-02T16:26:51.305+0000] {processor.py:157} INFO - Started process (PID=2380) to work on /home/airflow/.local/lib/python3.7/site-packages/airflow/example_dags/example_task_group_decorator.py
[2023-08-02T16:26:51.308+0000] {processor.py:826} INFO - Processing file /home/airflow/.local/lib/python3.7/site-packages/airflow/example_dags/example_task_group_decorator.py for tasks to queue
[2023-08-02T16:26:51.309+0000] {logging_mixin.py:150} INFO - [2023-08-02T16:26:51.309+0000] {dagbag.py:541} INFO - Filling up the DagBag from /home/airflow/.local/lib/python3.7/site-packages/airflow/example_dags/example_task_group_decorator.py
[2023-08-02T16:26:51.321+0000] {processor.py:836} INFO - DAG(s) dict_keys(['example_task_group_decorator']) retrieved from /home/airflow/.local/lib/python3.7/site-packages/airflow/example_dags/example_task_group_decorator.py
[2023-08-02T16:26:51.346+0000] {logging_mixin.py:150} INFO - [2023-08-02T16:26:51.346+0000] {dag.py:2742} INFO - Sync 1 DAGs
[2023-08-02T16:26:51.369+0000] {logging_mixin.py:150} INFO - [2023-08-02T16:26:51.369+0000] {dag.py:3508} INFO - Setting next_dagrun for example_task_group_decorator to 2023-08-01T16:26:51.369074+00:00, run_after=2023-08-02T16:26:51.369074+00:00
[2023-08-02T16:26:51.387+0000] {processor.py:179} INFO - Processing /home/airflow/.local/lib/python3.7/site-packages/airflow/example_dags/example_task_group_decorator.py took 0.085 seconds
[2023-08-02T17:14:36.500+0000] {processor.py:157} INFO - Started process (PID=2438) to work on /home/airflow/.local/lib/python3.7/site-packages/airflow/example_dags/example_task_group_decorator.py
[2023-08-02T17:14:36.510+0000] {processor.py:826} INFO - Processing file /home/airflow/.local/lib/python3.7/site-packages/airflow/example_dags/example_task_group_decorator.py for tasks to queue
[2023-08-02T17:14:36.514+0000] {logging_mixin.py:150} INFO - [2023-08-02T17:14:36.513+0000] {dagbag.py:541} INFO - Filling up the DagBag from /home/airflow/.local/lib/python3.7/site-packages/airflow/example_dags/example_task_group_decorator.py
[2023-08-02T17:14:36.552+0000] {processor.py:836} INFO - DAG(s) dict_keys(['example_task_group_decorator']) retrieved from /home/airflow/.local/lib/python3.7/site-packages/airflow/example_dags/example_task_group_decorator.py
[2023-08-02T17:14:36.616+0000] {logging_mixin.py:150} INFO - [2023-08-02T17:14:36.615+0000] {dag.py:2742} INFO - Sync 1 DAGs
[2023-08-02T17:14:36.640+0000] {logging_mixin.py:150} INFO - [2023-08-02T17:14:36.640+0000] {dag.py:3508} INFO - Setting next_dagrun for example_task_group_decorator to 2023-08-01T17:14:36.640383+00:00, run_after=2023-08-02T17:14:36.640383+00:00
[2023-08-02T17:14:36.662+0000] {processor.py:179} INFO - Processing /home/airflow/.local/lib/python3.7/site-packages/airflow/example_dags/example_task_group_decorator.py took 0.168 seconds
[2023-08-02T18:59:09.756+0000] {processor.py:157} INFO - Started process (PID=2495) to work on /home/airflow/.local/lib/python3.7/site-packages/airflow/example_dags/example_task_group_decorator.py
[2023-08-02T18:59:09.758+0000] {processor.py:826} INFO - Processing file /home/airflow/.local/lib/python3.7/site-packages/airflow/example_dags/example_task_group_decorator.py for tasks to queue
[2023-08-02T18:59:09.760+0000] {logging_mixin.py:150} INFO - [2023-08-02T18:59:09.759+0000] {dagbag.py:541} INFO - Filling up the DagBag from /home/airflow/.local/lib/python3.7/site-packages/airflow/example_dags/example_task_group_decorator.py
[2023-08-02T18:59:09.790+0000] {processor.py:836} INFO - DAG(s) dict_keys(['example_task_group_decorator']) retrieved from /home/airflow/.local/lib/python3.7/site-packages/airflow/example_dags/example_task_group_decorator.py
[2023-08-02T18:59:09.820+0000] {logging_mixin.py:150} INFO - [2023-08-02T18:59:09.819+0000] {dag.py:2742} INFO - Sync 1 DAGs
[2023-08-02T18:59:09.843+0000] {logging_mixin.py:150} INFO - [2023-08-02T18:59:09.843+0000] {dag.py:3508} INFO - Setting next_dagrun for example_task_group_decorator to 2023-08-01T18:59:09.842797+00:00, run_after=2023-08-02T18:59:09.842797+00:00
[2023-08-02T18:59:09.863+0000] {processor.py:179} INFO - Processing /home/airflow/.local/lib/python3.7/site-packages/airflow/example_dags/example_task_group_decorator.py took 0.110 seconds
[2023-08-02T20:21:32.588+0000] {processor.py:157} INFO - Started process (PID=2553) to work on /home/airflow/.local/lib/python3.7/site-packages/airflow/example_dags/example_task_group_decorator.py
[2023-08-02T20:21:32.593+0000] {processor.py:826} INFO - Processing file /home/airflow/.local/lib/python3.7/site-packages/airflow/example_dags/example_task_group_decorator.py for tasks to queue
[2023-08-02T20:21:32.596+0000] {logging_mixin.py:150} INFO - [2023-08-02T20:21:32.595+0000] {dagbag.py:541} INFO - Filling up the DagBag from /home/airflow/.local/lib/python3.7/site-packages/airflow/example_dags/example_task_group_decorator.py
[2023-08-02T20:21:32.623+0000] {processor.py:836} INFO - DAG(s) dict_keys(['example_task_group_decorator']) retrieved from /home/airflow/.local/lib/python3.7/site-packages/airflow/example_dags/example_task_group_decorator.py
[2023-08-02T20:21:32.704+0000] {logging_mixin.py:150} INFO - [2023-08-02T20:21:32.704+0000] {dag.py:2742} INFO - Sync 1 DAGs
[2023-08-02T20:21:32.737+0000] {logging_mixin.py:150} INFO - [2023-08-02T20:21:32.737+0000] {dag.py:3508} INFO - Setting next_dagrun for example_task_group_decorator to 2023-08-01T20:21:32.736776+00:00, run_after=2023-08-02T20:21:32.736776+00:00
[2023-08-02T20:21:32.754+0000] {processor.py:179} INFO - Processing /home/airflow/.local/lib/python3.7/site-packages/airflow/example_dags/example_task_group_decorator.py took 0.171 seconds
[2023-08-02T22:03:28.109+0000] {processor.py:157} INFO - Started process (PID=2610) to work on /home/airflow/.local/lib/python3.7/site-packages/airflow/example_dags/example_task_group_decorator.py
[2023-08-02T22:03:28.111+0000] {processor.py:826} INFO - Processing file /home/airflow/.local/lib/python3.7/site-packages/airflow/example_dags/example_task_group_decorator.py for tasks to queue
[2023-08-02T22:03:28.113+0000] {logging_mixin.py:150} INFO - [2023-08-02T22:03:28.113+0000] {dagbag.py:541} INFO - Filling up the DagBag from /home/airflow/.local/lib/python3.7/site-packages/airflow/example_dags/example_task_group_decorator.py
[2023-08-02T22:03:28.125+0000] {processor.py:836} INFO - DAG(s) dict_keys(['example_task_group_decorator']) retrieved from /home/airflow/.local/lib/python3.7/site-packages/airflow/example_dags/example_task_group_decorator.py
[2023-08-02T22:03:28.154+0000] {logging_mixin.py:150} INFO - [2023-08-02T22:03:28.153+0000] {dag.py:2742} INFO - Sync 1 DAGs
[2023-08-02T22:03:28.172+0000] {logging_mixin.py:150} INFO - [2023-08-02T22:03:28.172+0000] {dag.py:3508} INFO - Setting next_dagrun for example_task_group_decorator to 2023-08-01T22:03:28.172108+00:00, run_after=2023-08-02T22:03:28.172108+00:00
[2023-08-02T22:03:28.187+0000] {processor.py:179} INFO - Processing /home/airflow/.local/lib/python3.7/site-packages/airflow/example_dags/example_task_group_decorator.py took 0.081 seconds
[2023-08-02T23:27:14.526+0000] {processor.py:157} INFO - Started process (PID=2667) to work on /home/airflow/.local/lib/python3.7/site-packages/airflow/example_dags/example_task_group_decorator.py
[2023-08-02T23:27:14.530+0000] {processor.py:826} INFO - Processing file /home/airflow/.local/lib/python3.7/site-packages/airflow/example_dags/example_task_group_decorator.py for tasks to queue
[2023-08-02T23:27:14.539+0000] {logging_mixin.py:150} INFO - [2023-08-02T23:27:14.538+0000] {dagbag.py:541} INFO - Filling up the DagBag from /home/airflow/.local/lib/python3.7/site-packages/airflow/example_dags/example_task_group_decorator.py
[2023-08-02T23:27:14.566+0000] {processor.py:836} INFO - DAG(s) dict_keys(['example_task_group_decorator']) retrieved from /home/airflow/.local/lib/python3.7/site-packages/airflow/example_dags/example_task_group_decorator.py
[2023-08-02T23:27:14.608+0000] {logging_mixin.py:150} INFO - [2023-08-02T23:27:14.607+0000] {dag.py:2742} INFO - Sync 1 DAGs
[2023-08-02T23:27:14.629+0000] {logging_mixin.py:150} INFO - [2023-08-02T23:27:14.629+0000] {dag.py:3508} INFO - Setting next_dagrun for example_task_group_decorator to 2023-08-01T23:27:14.628796+00:00, run_after=2023-08-02T23:27:14.628796+00:00
[2023-08-02T23:27:14.645+0000] {processor.py:179} INFO - Processing /home/airflow/.local/lib/python3.7/site-packages/airflow/example_dags/example_task_group_decorator.py took 0.124 seconds
