[2023-08-02T10:37:03.850+0000] {processor.py:157} INFO - Started process (PID=56) to work on /home/airflow/.local/lib/python3.7/site-packages/airflow/example_dags/tutorial.py
[2023-08-02T10:37:03.856+0000] {processor.py:826} INFO - Processing file /home/airflow/.local/lib/python3.7/site-packages/airflow/example_dags/tutorial.py for tasks to queue
[2023-08-02T10:37:03.869+0000] {logging_mixin.py:150} INFO - [2023-08-02T10:37:03.868+0000] {dagbag.py:541} INFO - Filling up the DagBag from /home/airflow/.local/lib/python3.7/site-packages/airflow/example_dags/tutorial.py
[2023-08-02T10:37:03.910+0000] {processor.py:836} INFO - DAG(s) dict_keys(['tutorial']) retrieved from /home/airflow/.local/lib/python3.7/site-packages/airflow/example_dags/tutorial.py
[2023-08-02T10:37:03.944+0000] {logging_mixin.py:150} INFO - [2023-08-02T10:37:03.944+0000] {dag.py:2742} INFO - Sync 1 DAGs
[2023-08-02T10:37:03.983+0000] {logging_mixin.py:150} INFO - [2023-08-02T10:37:03.983+0000] {dag.py:3508} INFO - Setting next_dagrun for tutorial to 2023-08-01T10:37:03.982999+00:00, run_after=2023-08-02T10:37:03.982999+00:00
[2023-08-02T10:37:04.005+0000] {processor.py:179} INFO - Processing /home/airflow/.local/lib/python3.7/site-packages/airflow/example_dags/tutorial.py took 0.162 seconds
[2023-08-02T10:37:34.265+0000] {processor.py:157} INFO - Started process (PID=113) to work on /home/airflow/.local/lib/python3.7/site-packages/airflow/example_dags/tutorial.py
[2023-08-02T10:37:34.269+0000] {processor.py:826} INFO - Processing file /home/airflow/.local/lib/python3.7/site-packages/airflow/example_dags/tutorial.py for tasks to queue
[2023-08-02T10:37:34.285+0000] {logging_mixin.py:150} INFO - [2023-08-02T10:37:34.285+0000] {dagbag.py:541} INFO - Filling up the DagBag from /home/airflow/.local/lib/python3.7/site-packages/airflow/example_dags/tutorial.py
[2023-08-02T10:37:34.311+0000] {processor.py:836} INFO - DAG(s) dict_keys(['tutorial']) retrieved from /home/airflow/.local/lib/python3.7/site-packages/airflow/example_dags/tutorial.py
[2023-08-02T10:37:34.364+0000] {logging_mixin.py:150} INFO - [2023-08-02T10:37:34.364+0000] {dag.py:2742} INFO - Sync 1 DAGs
[2023-08-02T10:37:34.404+0000] {logging_mixin.py:150} INFO - [2023-08-02T10:37:34.404+0000] {dag.py:3508} INFO - Setting next_dagrun for tutorial to 2023-08-01T10:37:34.403752+00:00, run_after=2023-08-02T10:37:34.403752+00:00
[2023-08-02T10:37:34.445+0000] {processor.py:179} INFO - Processing /home/airflow/.local/lib/python3.7/site-packages/airflow/example_dags/tutorial.py took 0.187 seconds
[2023-08-02T10:38:04.546+0000] {processor.py:157} INFO - Started process (PID=170) to work on /home/airflow/.local/lib/python3.7/site-packages/airflow/example_dags/tutorial.py
[2023-08-02T10:38:04.547+0000] {processor.py:826} INFO - Processing file /home/airflow/.local/lib/python3.7/site-packages/airflow/example_dags/tutorial.py for tasks to queue
[2023-08-02T10:38:04.548+0000] {logging_mixin.py:150} INFO - [2023-08-02T10:38:04.548+0000] {dagbag.py:541} INFO - Filling up the DagBag from /home/airflow/.local/lib/python3.7/site-packages/airflow/example_dags/tutorial.py
[2023-08-02T10:38:04.555+0000] {processor.py:836} INFO - DAG(s) dict_keys(['tutorial']) retrieved from /home/airflow/.local/lib/python3.7/site-packages/airflow/example_dags/tutorial.py
[2023-08-02T10:38:04.582+0000] {logging_mixin.py:150} INFO - [2023-08-02T10:38:04.582+0000] {dag.py:2742} INFO - Sync 1 DAGs
[2023-08-02T10:38:04.600+0000] {logging_mixin.py:150} INFO - [2023-08-02T10:38:04.600+0000] {dag.py:3508} INFO - Setting next_dagrun for tutorial to 2023-08-01T10:38:04.600276+00:00, run_after=2023-08-02T10:38:04.600276+00:00
[2023-08-02T10:38:04.614+0000] {processor.py:179} INFO - Processing /home/airflow/.local/lib/python3.7/site-packages/airflow/example_dags/tutorial.py took 0.072 seconds
[2023-08-02T10:38:34.956+0000] {processor.py:157} INFO - Started process (PID=227) to work on /home/airflow/.local/lib/python3.7/site-packages/airflow/example_dags/tutorial.py
[2023-08-02T10:38:34.957+0000] {processor.py:826} INFO - Processing file /home/airflow/.local/lib/python3.7/site-packages/airflow/example_dags/tutorial.py for tasks to queue
[2023-08-02T10:38:34.959+0000] {logging_mixin.py:150} INFO - [2023-08-02T10:38:34.959+0000] {dagbag.py:541} INFO - Filling up the DagBag from /home/airflow/.local/lib/python3.7/site-packages/airflow/example_dags/tutorial.py
[2023-08-02T10:38:34.966+0000] {processor.py:836} INFO - DAG(s) dict_keys(['tutorial']) retrieved from /home/airflow/.local/lib/python3.7/site-packages/airflow/example_dags/tutorial.py
[2023-08-02T10:38:34.987+0000] {logging_mixin.py:150} INFO - [2023-08-02T10:38:34.987+0000] {dag.py:2742} INFO - Sync 1 DAGs
[2023-08-02T10:38:35.003+0000] {logging_mixin.py:150} INFO - [2023-08-02T10:38:35.003+0000] {dag.py:3508} INFO - Setting next_dagrun for tutorial to 2023-08-01T10:38:35.003209+00:00, run_after=2023-08-02T10:38:35.003209+00:00
[2023-08-02T10:38:35.016+0000] {processor.py:179} INFO - Processing /home/airflow/.local/lib/python3.7/site-packages/airflow/example_dags/tutorial.py took 0.063 seconds
[2023-08-02T10:39:05.387+0000] {processor.py:157} INFO - Started process (PID=284) to work on /home/airflow/.local/lib/python3.7/site-packages/airflow/example_dags/tutorial.py
[2023-08-02T10:39:05.389+0000] {processor.py:826} INFO - Processing file /home/airflow/.local/lib/python3.7/site-packages/airflow/example_dags/tutorial.py for tasks to queue
[2023-08-02T10:39:05.391+0000] {logging_mixin.py:150} INFO - [2023-08-02T10:39:05.390+0000] {dagbag.py:541} INFO - Filling up the DagBag from /home/airflow/.local/lib/python3.7/site-packages/airflow/example_dags/tutorial.py
[2023-08-02T10:39:05.397+0000] {processor.py:836} INFO - DAG(s) dict_keys(['tutorial']) retrieved from /home/airflow/.local/lib/python3.7/site-packages/airflow/example_dags/tutorial.py
[2023-08-02T10:39:05.418+0000] {logging_mixin.py:150} INFO - [2023-08-02T10:39:05.417+0000] {dag.py:2742} INFO - Sync 1 DAGs
[2023-08-02T10:39:05.439+0000] {logging_mixin.py:150} INFO - [2023-08-02T10:39:05.438+0000] {dag.py:3508} INFO - Setting next_dagrun for tutorial to 2023-08-01T10:39:05.438578+00:00, run_after=2023-08-02T10:39:05.438578+00:00
[2023-08-02T10:39:05.451+0000] {processor.py:179} INFO - Processing /home/airflow/.local/lib/python3.7/site-packages/airflow/example_dags/tutorial.py took 0.068 seconds
[2023-08-02T10:39:35.738+0000] {processor.py:157} INFO - Started process (PID=341) to work on /home/airflow/.local/lib/python3.7/site-packages/airflow/example_dags/tutorial.py
[2023-08-02T10:39:35.740+0000] {processor.py:826} INFO - Processing file /home/airflow/.local/lib/python3.7/site-packages/airflow/example_dags/tutorial.py for tasks to queue
[2023-08-02T10:39:35.742+0000] {logging_mixin.py:150} INFO - [2023-08-02T10:39:35.742+0000] {dagbag.py:541} INFO - Filling up the DagBag from /home/airflow/.local/lib/python3.7/site-packages/airflow/example_dags/tutorial.py
[2023-08-02T10:39:35.748+0000] {processor.py:836} INFO - DAG(s) dict_keys(['tutorial']) retrieved from /home/airflow/.local/lib/python3.7/site-packages/airflow/example_dags/tutorial.py
[2023-08-02T10:39:35.770+0000] {logging_mixin.py:150} INFO - [2023-08-02T10:39:35.770+0000] {dag.py:2742} INFO - Sync 1 DAGs
[2023-08-02T10:39:35.789+0000] {logging_mixin.py:150} INFO - [2023-08-02T10:39:35.789+0000] {dag.py:3508} INFO - Setting next_dagrun for tutorial to 2023-08-01T10:39:35.789028+00:00, run_after=2023-08-02T10:39:35.789028+00:00
[2023-08-02T10:39:35.803+0000] {processor.py:179} INFO - Processing /home/airflow/.local/lib/python3.7/site-packages/airflow/example_dags/tutorial.py took 0.067 seconds
[2023-08-02T10:40:06.205+0000] {processor.py:157} INFO - Started process (PID=397) to work on /home/airflow/.local/lib/python3.7/site-packages/airflow/example_dags/tutorial.py
[2023-08-02T10:40:06.207+0000] {processor.py:826} INFO - Processing file /home/airflow/.local/lib/python3.7/site-packages/airflow/example_dags/tutorial.py for tasks to queue
[2023-08-02T10:40:06.209+0000] {logging_mixin.py:150} INFO - [2023-08-02T10:40:06.208+0000] {dagbag.py:541} INFO - Filling up the DagBag from /home/airflow/.local/lib/python3.7/site-packages/airflow/example_dags/tutorial.py
[2023-08-02T10:40:06.216+0000] {processor.py:836} INFO - DAG(s) dict_keys(['tutorial']) retrieved from /home/airflow/.local/lib/python3.7/site-packages/airflow/example_dags/tutorial.py
[2023-08-02T10:40:06.239+0000] {logging_mixin.py:150} INFO - [2023-08-02T10:40:06.239+0000] {dag.py:2742} INFO - Sync 1 DAGs
[2023-08-02T10:40:06.259+0000] {logging_mixin.py:150} INFO - [2023-08-02T10:40:06.259+0000] {dag.py:3508} INFO - Setting next_dagrun for tutorial to 2023-08-01T10:40:06.259076+00:00, run_after=2023-08-02T10:40:06.259076+00:00
[2023-08-02T10:40:06.272+0000] {processor.py:179} INFO - Processing /home/airflow/.local/lib/python3.7/site-packages/airflow/example_dags/tutorial.py took 0.070 seconds
[2023-08-02T10:40:36.732+0000] {processor.py:157} INFO - Started process (PID=454) to work on /home/airflow/.local/lib/python3.7/site-packages/airflow/example_dags/tutorial.py
[2023-08-02T10:40:36.735+0000] {processor.py:826} INFO - Processing file /home/airflow/.local/lib/python3.7/site-packages/airflow/example_dags/tutorial.py for tasks to queue
[2023-08-02T10:40:36.736+0000] {logging_mixin.py:150} INFO - [2023-08-02T10:40:36.736+0000] {dagbag.py:541} INFO - Filling up the DagBag from /home/airflow/.local/lib/python3.7/site-packages/airflow/example_dags/tutorial.py
[2023-08-02T10:40:36.742+0000] {processor.py:836} INFO - DAG(s) dict_keys(['tutorial']) retrieved from /home/airflow/.local/lib/python3.7/site-packages/airflow/example_dags/tutorial.py
[2023-08-02T10:40:36.765+0000] {logging_mixin.py:150} INFO - [2023-08-02T10:40:36.765+0000] {dag.py:2742} INFO - Sync 1 DAGs
[2023-08-02T10:40:36.798+0000] {logging_mixin.py:150} INFO - [2023-08-02T10:40:36.798+0000] {dag.py:3508} INFO - Setting next_dagrun for tutorial to 2023-08-01T10:40:36.798462+00:00, run_after=2023-08-02T10:40:36.798462+00:00
[2023-08-02T10:40:36.816+0000] {processor.py:179} INFO - Processing /home/airflow/.local/lib/python3.7/site-packages/airflow/example_dags/tutorial.py took 0.088 seconds
[2023-08-02T10:41:07.489+0000] {processor.py:157} INFO - Started process (PID=511) to work on /home/airflow/.local/lib/python3.7/site-packages/airflow/example_dags/tutorial.py
[2023-08-02T10:41:07.491+0000] {processor.py:826} INFO - Processing file /home/airflow/.local/lib/python3.7/site-packages/airflow/example_dags/tutorial.py for tasks to queue
[2023-08-02T10:41:07.492+0000] {logging_mixin.py:150} INFO - [2023-08-02T10:41:07.492+0000] {dagbag.py:541} INFO - Filling up the DagBag from /home/airflow/.local/lib/python3.7/site-packages/airflow/example_dags/tutorial.py
[2023-08-02T10:41:07.498+0000] {processor.py:836} INFO - DAG(s) dict_keys(['tutorial']) retrieved from /home/airflow/.local/lib/python3.7/site-packages/airflow/example_dags/tutorial.py
[2023-08-02T10:41:07.521+0000] {logging_mixin.py:150} INFO - [2023-08-02T10:41:07.521+0000] {dag.py:2742} INFO - Sync 1 DAGs
[2023-08-02T10:41:07.544+0000] {logging_mixin.py:150} INFO - [2023-08-02T10:41:07.543+0000] {dag.py:3508} INFO - Setting next_dagrun for tutorial to 2023-08-01T10:41:07.543523+00:00, run_after=2023-08-02T10:41:07.543523+00:00
[2023-08-02T10:41:07.565+0000] {processor.py:179} INFO - Processing /home/airflow/.local/lib/python3.7/site-packages/airflow/example_dags/tutorial.py took 0.079 seconds
[2023-08-02T10:41:38.046+0000] {processor.py:157} INFO - Started process (PID=568) to work on /home/airflow/.local/lib/python3.7/site-packages/airflow/example_dags/tutorial.py
[2023-08-02T10:41:38.048+0000] {processor.py:826} INFO - Processing file /home/airflow/.local/lib/python3.7/site-packages/airflow/example_dags/tutorial.py for tasks to queue
[2023-08-02T10:41:38.050+0000] {logging_mixin.py:150} INFO - [2023-08-02T10:41:38.050+0000] {dagbag.py:541} INFO - Filling up the DagBag from /home/airflow/.local/lib/python3.7/site-packages/airflow/example_dags/tutorial.py
[2023-08-02T10:41:38.056+0000] {processor.py:836} INFO - DAG(s) dict_keys(['tutorial']) retrieved from /home/airflow/.local/lib/python3.7/site-packages/airflow/example_dags/tutorial.py
[2023-08-02T10:41:38.080+0000] {logging_mixin.py:150} INFO - [2023-08-02T10:41:38.080+0000] {dag.py:2742} INFO - Sync 1 DAGs
[2023-08-02T10:41:38.112+0000] {logging_mixin.py:150} INFO - [2023-08-02T10:41:38.112+0000] {dag.py:3508} INFO - Setting next_dagrun for tutorial to 2023-08-01T10:41:38.112447+00:00, run_after=2023-08-02T10:41:38.112447+00:00
[2023-08-02T10:41:38.127+0000] {processor.py:179} INFO - Processing /home/airflow/.local/lib/python3.7/site-packages/airflow/example_dags/tutorial.py took 0.084 seconds
[2023-08-02T10:42:08.461+0000] {processor.py:157} INFO - Started process (PID=625) to work on /home/airflow/.local/lib/python3.7/site-packages/airflow/example_dags/tutorial.py
[2023-08-02T10:42:08.463+0000] {processor.py:826} INFO - Processing file /home/airflow/.local/lib/python3.7/site-packages/airflow/example_dags/tutorial.py for tasks to queue
[2023-08-02T10:42:08.464+0000] {logging_mixin.py:150} INFO - [2023-08-02T10:42:08.464+0000] {dagbag.py:541} INFO - Filling up the DagBag from /home/airflow/.local/lib/python3.7/site-packages/airflow/example_dags/tutorial.py
[2023-08-02T10:42:08.471+0000] {processor.py:836} INFO - DAG(s) dict_keys(['tutorial']) retrieved from /home/airflow/.local/lib/python3.7/site-packages/airflow/example_dags/tutorial.py
[2023-08-02T10:42:08.495+0000] {logging_mixin.py:150} INFO - [2023-08-02T10:42:08.495+0000] {dag.py:2742} INFO - Sync 1 DAGs
[2023-08-02T10:42:08.516+0000] {logging_mixin.py:150} INFO - [2023-08-02T10:42:08.516+0000] {dag.py:3508} INFO - Setting next_dagrun for tutorial to 2023-08-01T10:42:08.516407+00:00, run_after=2023-08-02T10:42:08.516407+00:00
[2023-08-02T10:42:08.530+0000] {processor.py:179} INFO - Processing /home/airflow/.local/lib/python3.7/site-packages/airflow/example_dags/tutorial.py took 0.072 seconds
[2023-08-02T10:42:39.016+0000] {processor.py:157} INFO - Started process (PID=681) to work on /home/airflow/.local/lib/python3.7/site-packages/airflow/example_dags/tutorial.py
[2023-08-02T10:42:39.019+0000] {processor.py:826} INFO - Processing file /home/airflow/.local/lib/python3.7/site-packages/airflow/example_dags/tutorial.py for tasks to queue
[2023-08-02T10:42:39.021+0000] {logging_mixin.py:150} INFO - [2023-08-02T10:42:39.020+0000] {dagbag.py:541} INFO - Filling up the DagBag from /home/airflow/.local/lib/python3.7/site-packages/airflow/example_dags/tutorial.py
[2023-08-02T10:42:39.028+0000] {processor.py:836} INFO - DAG(s) dict_keys(['tutorial']) retrieved from /home/airflow/.local/lib/python3.7/site-packages/airflow/example_dags/tutorial.py
[2023-08-02T10:42:39.056+0000] {logging_mixin.py:150} INFO - [2023-08-02T10:42:39.056+0000] {dag.py:2742} INFO - Sync 1 DAGs
[2023-08-02T10:42:39.077+0000] {logging_mixin.py:150} INFO - [2023-08-02T10:42:39.077+0000] {dag.py:3508} INFO - Setting next_dagrun for tutorial to 2023-08-01T10:42:39.077026+00:00, run_after=2023-08-02T10:42:39.077026+00:00
[2023-08-02T10:42:39.090+0000] {processor.py:179} INFO - Processing /home/airflow/.local/lib/python3.7/site-packages/airflow/example_dags/tutorial.py took 0.077 seconds
[2023-08-02T10:43:09.460+0000] {processor.py:157} INFO - Started process (PID=738) to work on /home/airflow/.local/lib/python3.7/site-packages/airflow/example_dags/tutorial.py
[2023-08-02T10:43:09.462+0000] {processor.py:826} INFO - Processing file /home/airflow/.local/lib/python3.7/site-packages/airflow/example_dags/tutorial.py for tasks to queue
[2023-08-02T10:43:09.470+0000] {logging_mixin.py:150} INFO - [2023-08-02T10:43:09.470+0000] {dagbag.py:541} INFO - Filling up the DagBag from /home/airflow/.local/lib/python3.7/site-packages/airflow/example_dags/tutorial.py
[2023-08-02T10:43:09.477+0000] {processor.py:836} INFO - DAG(s) dict_keys(['tutorial']) retrieved from /home/airflow/.local/lib/python3.7/site-packages/airflow/example_dags/tutorial.py
[2023-08-02T10:43:09.500+0000] {logging_mixin.py:150} INFO - [2023-08-02T10:43:09.500+0000] {dag.py:2742} INFO - Sync 1 DAGs
[2023-08-02T10:43:09.519+0000] {logging_mixin.py:150} INFO - [2023-08-02T10:43:09.519+0000] {dag.py:3508} INFO - Setting next_dagrun for tutorial to 2023-08-01T10:43:09.519349+00:00, run_after=2023-08-02T10:43:09.519349+00:00
[2023-08-02T10:43:09.539+0000] {processor.py:179} INFO - Processing /home/airflow/.local/lib/python3.7/site-packages/airflow/example_dags/tutorial.py took 0.082 seconds
[2023-08-02T10:43:39.843+0000] {processor.py:157} INFO - Started process (PID=795) to work on /home/airflow/.local/lib/python3.7/site-packages/airflow/example_dags/tutorial.py
[2023-08-02T10:43:39.846+0000] {processor.py:826} INFO - Processing file /home/airflow/.local/lib/python3.7/site-packages/airflow/example_dags/tutorial.py for tasks to queue
[2023-08-02T10:43:39.848+0000] {logging_mixin.py:150} INFO - [2023-08-02T10:43:39.848+0000] {dagbag.py:541} INFO - Filling up the DagBag from /home/airflow/.local/lib/python3.7/site-packages/airflow/example_dags/tutorial.py
[2023-08-02T10:43:39.913+0000] {processor.py:836} INFO - DAG(s) dict_keys(['tutorial']) retrieved from /home/airflow/.local/lib/python3.7/site-packages/airflow/example_dags/tutorial.py
[2023-08-02T10:43:39.936+0000] {logging_mixin.py:150} INFO - [2023-08-02T10:43:39.936+0000] {dag.py:2742} INFO - Sync 1 DAGs
[2023-08-02T10:43:39.958+0000] {logging_mixin.py:150} INFO - [2023-08-02T10:43:39.958+0000] {dag.py:3508} INFO - Setting next_dagrun for tutorial to 2023-08-01T10:43:39.958573+00:00, run_after=2023-08-02T10:43:39.958573+00:00
[2023-08-02T10:43:39.983+0000] {processor.py:179} INFO - Processing /home/airflow/.local/lib/python3.7/site-packages/airflow/example_dags/tutorial.py took 0.143 seconds
[2023-08-02T10:44:10.101+0000] {processor.py:157} INFO - Started process (PID=851) to work on /home/airflow/.local/lib/python3.7/site-packages/airflow/example_dags/tutorial.py
[2023-08-02T10:44:10.103+0000] {processor.py:826} INFO - Processing file /home/airflow/.local/lib/python3.7/site-packages/airflow/example_dags/tutorial.py for tasks to queue
[2023-08-02T10:44:10.105+0000] {logging_mixin.py:150} INFO - [2023-08-02T10:44:10.105+0000] {dagbag.py:541} INFO - Filling up the DagBag from /home/airflow/.local/lib/python3.7/site-packages/airflow/example_dags/tutorial.py
[2023-08-02T10:44:10.111+0000] {processor.py:836} INFO - DAG(s) dict_keys(['tutorial']) retrieved from /home/airflow/.local/lib/python3.7/site-packages/airflow/example_dags/tutorial.py
[2023-08-02T10:44:10.132+0000] {logging_mixin.py:150} INFO - [2023-08-02T10:44:10.132+0000] {dag.py:2742} INFO - Sync 1 DAGs
[2023-08-02T10:44:10.151+0000] {logging_mixin.py:150} INFO - [2023-08-02T10:44:10.151+0000] {dag.py:3508} INFO - Setting next_dagrun for tutorial to 2023-08-01T10:44:10.151347+00:00, run_after=2023-08-02T10:44:10.151347+00:00
[2023-08-02T10:44:10.166+0000] {processor.py:179} INFO - Processing /home/airflow/.local/lib/python3.7/site-packages/airflow/example_dags/tutorial.py took 0.069 seconds
[2023-08-02T10:44:40.744+0000] {processor.py:157} INFO - Started process (PID=908) to work on /home/airflow/.local/lib/python3.7/site-packages/airflow/example_dags/tutorial.py
[2023-08-02T10:44:40.747+0000] {processor.py:826} INFO - Processing file /home/airflow/.local/lib/python3.7/site-packages/airflow/example_dags/tutorial.py for tasks to queue
[2023-08-02T10:44:40.748+0000] {logging_mixin.py:150} INFO - [2023-08-02T10:44:40.748+0000] {dagbag.py:541} INFO - Filling up the DagBag from /home/airflow/.local/lib/python3.7/site-packages/airflow/example_dags/tutorial.py
[2023-08-02T10:44:40.754+0000] {processor.py:836} INFO - DAG(s) dict_keys(['tutorial']) retrieved from /home/airflow/.local/lib/python3.7/site-packages/airflow/example_dags/tutorial.py
[2023-08-02T10:44:40.777+0000] {logging_mixin.py:150} INFO - [2023-08-02T10:44:40.776+0000] {dag.py:2742} INFO - Sync 1 DAGs
[2023-08-02T10:44:40.843+0000] {logging_mixin.py:150} INFO - [2023-08-02T10:44:40.843+0000] {dag.py:3508} INFO - Setting next_dagrun for tutorial to 2023-08-01T10:44:40.842963+00:00, run_after=2023-08-02T10:44:40.842963+00:00
[2023-08-02T10:44:40.856+0000] {processor.py:179} INFO - Processing /home/airflow/.local/lib/python3.7/site-packages/airflow/example_dags/tutorial.py took 0.114 seconds
[2023-08-02T10:45:11.778+0000] {processor.py:157} INFO - Started process (PID=965) to work on /home/airflow/.local/lib/python3.7/site-packages/airflow/example_dags/tutorial.py
[2023-08-02T10:45:11.791+0000] {processor.py:826} INFO - Processing file /home/airflow/.local/lib/python3.7/site-packages/airflow/example_dags/tutorial.py for tasks to queue
[2023-08-02T10:45:11.793+0000] {logging_mixin.py:150} INFO - [2023-08-02T10:45:11.792+0000] {dagbag.py:541} INFO - Filling up the DagBag from /home/airflow/.local/lib/python3.7/site-packages/airflow/example_dags/tutorial.py
[2023-08-02T10:45:11.798+0000] {processor.py:836} INFO - DAG(s) dict_keys(['tutorial']) retrieved from /home/airflow/.local/lib/python3.7/site-packages/airflow/example_dags/tutorial.py
[2023-08-02T10:45:11.827+0000] {logging_mixin.py:150} INFO - [2023-08-02T10:45:11.827+0000] {dag.py:2742} INFO - Sync 1 DAGs
[2023-08-02T10:45:11.918+0000] {logging_mixin.py:150} INFO - [2023-08-02T10:45:11.918+0000] {dag.py:3508} INFO - Setting next_dagrun for tutorial to 2023-08-01T10:45:11.918164+00:00, run_after=2023-08-02T10:45:11.918164+00:00
[2023-08-02T10:45:11.958+0000] {processor.py:179} INFO - Processing /home/airflow/.local/lib/python3.7/site-packages/airflow/example_dags/tutorial.py took 0.187 seconds
[2023-08-02T10:45:42.187+0000] {processor.py:157} INFO - Started process (PID=1022) to work on /home/airflow/.local/lib/python3.7/site-packages/airflow/example_dags/tutorial.py
[2023-08-02T10:45:42.189+0000] {processor.py:826} INFO - Processing file /home/airflow/.local/lib/python3.7/site-packages/airflow/example_dags/tutorial.py for tasks to queue
[2023-08-02T10:45:42.191+0000] {logging_mixin.py:150} INFO - [2023-08-02T10:45:42.190+0000] {dagbag.py:541} INFO - Filling up the DagBag from /home/airflow/.local/lib/python3.7/site-packages/airflow/example_dags/tutorial.py
[2023-08-02T10:45:42.199+0000] {processor.py:836} INFO - DAG(s) dict_keys(['tutorial']) retrieved from /home/airflow/.local/lib/python3.7/site-packages/airflow/example_dags/tutorial.py
[2023-08-02T10:45:42.222+0000] {logging_mixin.py:150} INFO - [2023-08-02T10:45:42.222+0000] {dag.py:2742} INFO - Sync 1 DAGs
[2023-08-02T10:45:42.240+0000] {logging_mixin.py:150} INFO - [2023-08-02T10:45:42.240+0000] {dag.py:3508} INFO - Setting next_dagrun for tutorial to 2023-08-01T10:45:42.239954+00:00, run_after=2023-08-02T10:45:42.239954+00:00
[2023-08-02T10:45:42.253+0000] {processor.py:179} INFO - Processing /home/airflow/.local/lib/python3.7/site-packages/airflow/example_dags/tutorial.py took 0.069 seconds
[2023-08-02T10:46:12.581+0000] {processor.py:157} INFO - Started process (PID=1079) to work on /home/airflow/.local/lib/python3.7/site-packages/airflow/example_dags/tutorial.py
[2023-08-02T10:46:12.585+0000] {processor.py:826} INFO - Processing file /home/airflow/.local/lib/python3.7/site-packages/airflow/example_dags/tutorial.py for tasks to queue
[2023-08-02T10:46:12.588+0000] {logging_mixin.py:150} INFO - [2023-08-02T10:46:12.588+0000] {dagbag.py:541} INFO - Filling up the DagBag from /home/airflow/.local/lib/python3.7/site-packages/airflow/example_dags/tutorial.py
[2023-08-02T10:46:12.596+0000] {processor.py:836} INFO - DAG(s) dict_keys(['tutorial']) retrieved from /home/airflow/.local/lib/python3.7/site-packages/airflow/example_dags/tutorial.py
[2023-08-02T10:46:12.623+0000] {logging_mixin.py:150} INFO - [2023-08-02T10:46:12.623+0000] {dag.py:2742} INFO - Sync 1 DAGs
[2023-08-02T10:46:12.645+0000] {logging_mixin.py:150} INFO - [2023-08-02T10:46:12.645+0000] {dag.py:3508} INFO - Setting next_dagrun for tutorial to 2023-08-01T10:46:12.644941+00:00, run_after=2023-08-02T10:46:12.644941+00:00
[2023-08-02T10:46:12.660+0000] {processor.py:179} INFO - Processing /home/airflow/.local/lib/python3.7/site-packages/airflow/example_dags/tutorial.py took 0.082 seconds
[2023-08-02T10:46:43.193+0000] {processor.py:157} INFO - Started process (PID=1136) to work on /home/airflow/.local/lib/python3.7/site-packages/airflow/example_dags/tutorial.py
[2023-08-02T10:46:43.197+0000] {processor.py:826} INFO - Processing file /home/airflow/.local/lib/python3.7/site-packages/airflow/example_dags/tutorial.py for tasks to queue
[2023-08-02T10:46:43.202+0000] {logging_mixin.py:150} INFO - [2023-08-02T10:46:43.202+0000] {dagbag.py:541} INFO - Filling up the DagBag from /home/airflow/.local/lib/python3.7/site-packages/airflow/example_dags/tutorial.py
[2023-08-02T10:46:43.211+0000] {processor.py:836} INFO - DAG(s) dict_keys(['tutorial']) retrieved from /home/airflow/.local/lib/python3.7/site-packages/airflow/example_dags/tutorial.py
[2023-08-02T10:46:43.236+0000] {logging_mixin.py:150} INFO - [2023-08-02T10:46:43.236+0000] {dag.py:2742} INFO - Sync 1 DAGs
[2023-08-02T10:46:43.254+0000] {logging_mixin.py:150} INFO - [2023-08-02T10:46:43.254+0000] {dag.py:3508} INFO - Setting next_dagrun for tutorial to 2023-08-01T10:46:43.254443+00:00, run_after=2023-08-02T10:46:43.254443+00:00
[2023-08-02T10:46:43.306+0000] {processor.py:179} INFO - Processing /home/airflow/.local/lib/python3.7/site-packages/airflow/example_dags/tutorial.py took 0.116 seconds
[2023-08-02T10:47:13.630+0000] {processor.py:157} INFO - Started process (PID=1193) to work on /home/airflow/.local/lib/python3.7/site-packages/airflow/example_dags/tutorial.py
[2023-08-02T10:47:13.631+0000] {processor.py:826} INFO - Processing file /home/airflow/.local/lib/python3.7/site-packages/airflow/example_dags/tutorial.py for tasks to queue
[2023-08-02T10:47:13.633+0000] {logging_mixin.py:150} INFO - [2023-08-02T10:47:13.632+0000] {dagbag.py:541} INFO - Filling up the DagBag from /home/airflow/.local/lib/python3.7/site-packages/airflow/example_dags/tutorial.py
[2023-08-02T10:47:13.640+0000] {processor.py:836} INFO - DAG(s) dict_keys(['tutorial']) retrieved from /home/airflow/.local/lib/python3.7/site-packages/airflow/example_dags/tutorial.py
[2023-08-02T10:47:13.664+0000] {logging_mixin.py:150} INFO - [2023-08-02T10:47:13.664+0000] {dag.py:2742} INFO - Sync 1 DAGs
[2023-08-02T10:47:13.686+0000] {logging_mixin.py:150} INFO - [2023-08-02T10:47:13.686+0000] {dag.py:3508} INFO - Setting next_dagrun for tutorial to 2023-08-01T10:47:13.685990+00:00, run_after=2023-08-02T10:47:13.685990+00:00
[2023-08-02T10:47:13.745+0000] {processor.py:179} INFO - Processing /home/airflow/.local/lib/python3.7/site-packages/airflow/example_dags/tutorial.py took 0.119 seconds
[2023-08-02T10:47:43.971+0000] {processor.py:157} INFO - Started process (PID=1250) to work on /home/airflow/.local/lib/python3.7/site-packages/airflow/example_dags/tutorial.py
[2023-08-02T10:47:44.000+0000] {processor.py:826} INFO - Processing file /home/airflow/.local/lib/python3.7/site-packages/airflow/example_dags/tutorial.py for tasks to queue
[2023-08-02T10:47:44.001+0000] {logging_mixin.py:150} INFO - [2023-08-02T10:47:44.001+0000] {dagbag.py:541} INFO - Filling up the DagBag from /home/airflow/.local/lib/python3.7/site-packages/airflow/example_dags/tutorial.py
[2023-08-02T10:47:44.006+0000] {processor.py:836} INFO - DAG(s) dict_keys(['tutorial']) retrieved from /home/airflow/.local/lib/python3.7/site-packages/airflow/example_dags/tutorial.py
[2023-08-02T10:47:44.028+0000] {logging_mixin.py:150} INFO - [2023-08-02T10:47:44.028+0000] {dag.py:2742} INFO - Sync 1 DAGs
[2023-08-02T10:47:44.046+0000] {logging_mixin.py:150} INFO - [2023-08-02T10:47:44.046+0000] {dag.py:3508} INFO - Setting next_dagrun for tutorial to 2023-08-01T10:47:44.046495+00:00, run_after=2023-08-02T10:47:44.046495+00:00
[2023-08-02T10:47:44.059+0000] {processor.py:179} INFO - Processing /home/airflow/.local/lib/python3.7/site-packages/airflow/example_dags/tutorial.py took 0.091 seconds
[2023-08-02T10:48:14.169+0000] {processor.py:157} INFO - Started process (PID=1307) to work on /home/airflow/.local/lib/python3.7/site-packages/airflow/example_dags/tutorial.py
[2023-08-02T10:48:14.171+0000] {processor.py:826} INFO - Processing file /home/airflow/.local/lib/python3.7/site-packages/airflow/example_dags/tutorial.py for tasks to queue
[2023-08-02T10:48:14.173+0000] {logging_mixin.py:150} INFO - [2023-08-02T10:48:14.172+0000] {dagbag.py:541} INFO - Filling up the DagBag from /home/airflow/.local/lib/python3.7/site-packages/airflow/example_dags/tutorial.py
[2023-08-02T10:48:14.180+0000] {processor.py:836} INFO - DAG(s) dict_keys(['tutorial']) retrieved from /home/airflow/.local/lib/python3.7/site-packages/airflow/example_dags/tutorial.py
[2023-08-02T10:48:14.258+0000] {logging_mixin.py:150} INFO - [2023-08-02T10:48:14.258+0000] {dag.py:2742} INFO - Sync 1 DAGs
[2023-08-02T10:48:14.293+0000] {logging_mixin.py:150} INFO - [2023-08-02T10:48:14.293+0000] {dag.py:3508} INFO - Setting next_dagrun for tutorial to 2023-08-01T10:48:14.292543+00:00, run_after=2023-08-02T10:48:14.292543+00:00
[2023-08-02T10:48:14.321+0000] {processor.py:179} INFO - Processing /home/airflow/.local/lib/python3.7/site-packages/airflow/example_dags/tutorial.py took 0.154 seconds
[2023-08-02T10:48:44.509+0000] {processor.py:157} INFO - Started process (PID=1364) to work on /home/airflow/.local/lib/python3.7/site-packages/airflow/example_dags/tutorial.py
[2023-08-02T10:48:44.511+0000] {processor.py:826} INFO - Processing file /home/airflow/.local/lib/python3.7/site-packages/airflow/example_dags/tutorial.py for tasks to queue
[2023-08-02T10:48:44.513+0000] {logging_mixin.py:150} INFO - [2023-08-02T10:48:44.513+0000] {dagbag.py:541} INFO - Filling up the DagBag from /home/airflow/.local/lib/python3.7/site-packages/airflow/example_dags/tutorial.py
[2023-08-02T10:48:44.521+0000] {processor.py:836} INFO - DAG(s) dict_keys(['tutorial']) retrieved from /home/airflow/.local/lib/python3.7/site-packages/airflow/example_dags/tutorial.py
[2023-08-02T10:48:44.550+0000] {logging_mixin.py:150} INFO - [2023-08-02T10:48:44.550+0000] {dag.py:2742} INFO - Sync 1 DAGs
[2023-08-02T10:48:44.585+0000] {logging_mixin.py:150} INFO - [2023-08-02T10:48:44.585+0000] {dag.py:3508} INFO - Setting next_dagrun for tutorial to 2023-08-01T10:48:44.584903+00:00, run_after=2023-08-02T10:48:44.584903+00:00
[2023-08-02T10:48:44.614+0000] {processor.py:179} INFO - Processing /home/airflow/.local/lib/python3.7/site-packages/airflow/example_dags/tutorial.py took 0.109 seconds
[2023-08-02T10:49:14.853+0000] {processor.py:157} INFO - Started process (PID=1421) to work on /home/airflow/.local/lib/python3.7/site-packages/airflow/example_dags/tutorial.py
[2023-08-02T10:49:14.856+0000] {processor.py:826} INFO - Processing file /home/airflow/.local/lib/python3.7/site-packages/airflow/example_dags/tutorial.py for tasks to queue
[2023-08-02T10:49:14.858+0000] {logging_mixin.py:150} INFO - [2023-08-02T10:49:14.857+0000] {dagbag.py:541} INFO - Filling up the DagBag from /home/airflow/.local/lib/python3.7/site-packages/airflow/example_dags/tutorial.py
[2023-08-02T10:49:14.865+0000] {processor.py:836} INFO - DAG(s) dict_keys(['tutorial']) retrieved from /home/airflow/.local/lib/python3.7/site-packages/airflow/example_dags/tutorial.py
[2023-08-02T10:49:14.890+0000] {logging_mixin.py:150} INFO - [2023-08-02T10:49:14.889+0000] {dag.py:2742} INFO - Sync 1 DAGs
[2023-08-02T10:49:14.913+0000] {logging_mixin.py:150} INFO - [2023-08-02T10:49:14.913+0000] {dag.py:3508} INFO - Setting next_dagrun for tutorial to 2023-08-01T10:49:14.912798+00:00, run_after=2023-08-02T10:49:14.912798+00:00
[2023-08-02T10:49:14.927+0000] {processor.py:179} INFO - Processing /home/airflow/.local/lib/python3.7/site-packages/airflow/example_dags/tutorial.py took 0.078 seconds
[2023-08-02T10:49:45.072+0000] {processor.py:157} INFO - Started process (PID=1478) to work on /home/airflow/.local/lib/python3.7/site-packages/airflow/example_dags/tutorial.py
[2023-08-02T10:49:45.074+0000] {processor.py:826} INFO - Processing file /home/airflow/.local/lib/python3.7/site-packages/airflow/example_dags/tutorial.py for tasks to queue
[2023-08-02T10:49:45.077+0000] {logging_mixin.py:150} INFO - [2023-08-02T10:49:45.076+0000] {dagbag.py:541} INFO - Filling up the DagBag from /home/airflow/.local/lib/python3.7/site-packages/airflow/example_dags/tutorial.py
[2023-08-02T10:49:45.085+0000] {processor.py:836} INFO - DAG(s) dict_keys(['tutorial']) retrieved from /home/airflow/.local/lib/python3.7/site-packages/airflow/example_dags/tutorial.py
[2023-08-02T10:49:45.108+0000] {logging_mixin.py:150} INFO - [2023-08-02T10:49:45.108+0000] {dag.py:2742} INFO - Sync 1 DAGs
[2023-08-02T10:49:45.149+0000] {logging_mixin.py:150} INFO - [2023-08-02T10:49:45.148+0000] {dag.py:3508} INFO - Setting next_dagrun for tutorial to 2023-08-01T10:49:45.148716+00:00, run_after=2023-08-02T10:49:45.148716+00:00
[2023-08-02T10:49:45.167+0000] {processor.py:179} INFO - Processing /home/airflow/.local/lib/python3.7/site-packages/airflow/example_dags/tutorial.py took 0.098 seconds
[2023-08-02T10:50:16.364+0000] {processor.py:157} INFO - Started process (PID=1535) to work on /home/airflow/.local/lib/python3.7/site-packages/airflow/example_dags/tutorial.py
[2023-08-02T10:50:16.368+0000] {processor.py:826} INFO - Processing file /home/airflow/.local/lib/python3.7/site-packages/airflow/example_dags/tutorial.py for tasks to queue
[2023-08-02T10:50:16.372+0000] {logging_mixin.py:150} INFO - [2023-08-02T10:50:16.371+0000] {dagbag.py:541} INFO - Filling up the DagBag from /home/airflow/.local/lib/python3.7/site-packages/airflow/example_dags/tutorial.py
[2023-08-02T10:50:16.388+0000] {processor.py:836} INFO - DAG(s) dict_keys(['tutorial']) retrieved from /home/airflow/.local/lib/python3.7/site-packages/airflow/example_dags/tutorial.py
[2023-08-02T10:50:16.432+0000] {logging_mixin.py:150} INFO - [2023-08-02T10:50:16.432+0000] {dag.py:2742} INFO - Sync 1 DAGs
[2023-08-02T10:50:16.466+0000] {logging_mixin.py:150} INFO - [2023-08-02T10:50:16.465+0000] {dag.py:3508} INFO - Setting next_dagrun for tutorial to 2023-08-01T10:50:16.465448+00:00, run_after=2023-08-02T10:50:16.465448+00:00
[2023-08-02T10:50:16.492+0000] {processor.py:179} INFO - Processing /home/airflow/.local/lib/python3.7/site-packages/airflow/example_dags/tutorial.py took 0.134 seconds
[2023-08-02T10:50:47.226+0000] {processor.py:157} INFO - Started process (PID=1592) to work on /home/airflow/.local/lib/python3.7/site-packages/airflow/example_dags/tutorial.py
[2023-08-02T10:50:47.231+0000] {processor.py:826} INFO - Processing file /home/airflow/.local/lib/python3.7/site-packages/airflow/example_dags/tutorial.py for tasks to queue
[2023-08-02T10:50:47.233+0000] {logging_mixin.py:150} INFO - [2023-08-02T10:50:47.233+0000] {dagbag.py:541} INFO - Filling up the DagBag from /home/airflow/.local/lib/python3.7/site-packages/airflow/example_dags/tutorial.py
[2023-08-02T10:50:47.240+0000] {processor.py:836} INFO - DAG(s) dict_keys(['tutorial']) retrieved from /home/airflow/.local/lib/python3.7/site-packages/airflow/example_dags/tutorial.py
[2023-08-02T10:50:47.268+0000] {logging_mixin.py:150} INFO - [2023-08-02T10:50:47.267+0000] {dag.py:2742} INFO - Sync 1 DAGs
[2023-08-02T10:50:47.326+0000] {logging_mixin.py:150} INFO - [2023-08-02T10:50:47.326+0000] {dag.py:3508} INFO - Setting next_dagrun for tutorial to 2023-08-01T10:50:47.326413+00:00, run_after=2023-08-02T10:50:47.326413+00:00
[2023-08-02T10:50:47.342+0000] {processor.py:179} INFO - Processing /home/airflow/.local/lib/python3.7/site-packages/airflow/example_dags/tutorial.py took 0.120 seconds
[2023-08-02T10:51:17.398+0000] {processor.py:157} INFO - Started process (PID=1648) to work on /home/airflow/.local/lib/python3.7/site-packages/airflow/example_dags/tutorial.py
[2023-08-02T10:51:17.400+0000] {processor.py:826} INFO - Processing file /home/airflow/.local/lib/python3.7/site-packages/airflow/example_dags/tutorial.py for tasks to queue
[2023-08-02T10:51:17.402+0000] {logging_mixin.py:150} INFO - [2023-08-02T10:51:17.402+0000] {dagbag.py:541} INFO - Filling up the DagBag from /home/airflow/.local/lib/python3.7/site-packages/airflow/example_dags/tutorial.py
[2023-08-02T10:51:17.408+0000] {processor.py:836} INFO - DAG(s) dict_keys(['tutorial']) retrieved from /home/airflow/.local/lib/python3.7/site-packages/airflow/example_dags/tutorial.py
[2023-08-02T10:51:17.429+0000] {logging_mixin.py:150} INFO - [2023-08-02T10:51:17.429+0000] {dag.py:2742} INFO - Sync 1 DAGs
[2023-08-02T10:51:17.446+0000] {logging_mixin.py:150} INFO - [2023-08-02T10:51:17.445+0000] {dag.py:3508} INFO - Setting next_dagrun for tutorial to 2023-08-01T10:51:17.445650+00:00, run_after=2023-08-02T10:51:17.445650+00:00
[2023-08-02T10:51:17.459+0000] {processor.py:179} INFO - Processing /home/airflow/.local/lib/python3.7/site-packages/airflow/example_dags/tutorial.py took 0.064 seconds
[2023-08-02T10:51:47.550+0000] {processor.py:157} INFO - Started process (PID=1705) to work on /home/airflow/.local/lib/python3.7/site-packages/airflow/example_dags/tutorial.py
[2023-08-02T10:51:47.552+0000] {processor.py:826} INFO - Processing file /home/airflow/.local/lib/python3.7/site-packages/airflow/example_dags/tutorial.py for tasks to queue
[2023-08-02T10:51:47.555+0000] {logging_mixin.py:150} INFO - [2023-08-02T10:51:47.555+0000] {dagbag.py:541} INFO - Filling up the DagBag from /home/airflow/.local/lib/python3.7/site-packages/airflow/example_dags/tutorial.py
[2023-08-02T10:51:47.567+0000] {processor.py:836} INFO - DAG(s) dict_keys(['tutorial']) retrieved from /home/airflow/.local/lib/python3.7/site-packages/airflow/example_dags/tutorial.py
[2023-08-02T10:51:47.598+0000] {logging_mixin.py:150} INFO - [2023-08-02T10:51:47.598+0000] {dag.py:2742} INFO - Sync 1 DAGs
[2023-08-02T10:51:47.615+0000] {logging_mixin.py:150} INFO - [2023-08-02T10:51:47.615+0000] {dag.py:3508} INFO - Setting next_dagrun for tutorial to 2023-08-01T10:51:47.615157+00:00, run_after=2023-08-02T10:51:47.615157+00:00
[2023-08-02T10:51:47.628+0000] {processor.py:179} INFO - Processing /home/airflow/.local/lib/python3.7/site-packages/airflow/example_dags/tutorial.py took 0.083 seconds
[2023-08-02T10:52:17.893+0000] {processor.py:157} INFO - Started process (PID=1762) to work on /home/airflow/.local/lib/python3.7/site-packages/airflow/example_dags/tutorial.py
[2023-08-02T10:52:17.896+0000] {processor.py:826} INFO - Processing file /home/airflow/.local/lib/python3.7/site-packages/airflow/example_dags/tutorial.py for tasks to queue
[2023-08-02T10:52:17.898+0000] {logging_mixin.py:150} INFO - [2023-08-02T10:52:17.898+0000] {dagbag.py:541} INFO - Filling up the DagBag from /home/airflow/.local/lib/python3.7/site-packages/airflow/example_dags/tutorial.py
[2023-08-02T10:52:17.904+0000] {processor.py:836} INFO - DAG(s) dict_keys(['tutorial']) retrieved from /home/airflow/.local/lib/python3.7/site-packages/airflow/example_dags/tutorial.py
[2023-08-02T10:52:17.925+0000] {logging_mixin.py:150} INFO - [2023-08-02T10:52:17.925+0000] {dag.py:2742} INFO - Sync 1 DAGs
[2023-08-02T10:52:17.942+0000] {logging_mixin.py:150} INFO - [2023-08-02T10:52:17.942+0000] {dag.py:3508} INFO - Setting next_dagrun for tutorial to 2023-08-01T10:52:17.942037+00:00, run_after=2023-08-02T10:52:17.942037+00:00
[2023-08-02T10:52:17.956+0000] {processor.py:179} INFO - Processing /home/airflow/.local/lib/python3.7/site-packages/airflow/example_dags/tutorial.py took 0.065 seconds
[2023-08-02T10:52:48.106+0000] {processor.py:157} INFO - Started process (PID=1820) to work on /home/airflow/.local/lib/python3.7/site-packages/airflow/example_dags/tutorial.py
[2023-08-02T10:52:48.108+0000] {processor.py:826} INFO - Processing file /home/airflow/.local/lib/python3.7/site-packages/airflow/example_dags/tutorial.py for tasks to queue
[2023-08-02T10:52:48.110+0000] {logging_mixin.py:150} INFO - [2023-08-02T10:52:48.109+0000] {dagbag.py:541} INFO - Filling up the DagBag from /home/airflow/.local/lib/python3.7/site-packages/airflow/example_dags/tutorial.py
[2023-08-02T10:52:48.118+0000] {processor.py:836} INFO - DAG(s) dict_keys(['tutorial']) retrieved from /home/airflow/.local/lib/python3.7/site-packages/airflow/example_dags/tutorial.py
[2023-08-02T10:52:48.139+0000] {logging_mixin.py:150} INFO - [2023-08-02T10:52:48.139+0000] {dag.py:2742} INFO - Sync 1 DAGs
[2023-08-02T10:52:48.157+0000] {logging_mixin.py:150} INFO - [2023-08-02T10:52:48.156+0000] {dag.py:3508} INFO - Setting next_dagrun for tutorial to 2023-08-01T10:52:48.156466+00:00, run_after=2023-08-02T10:52:48.156466+00:00
[2023-08-02T10:52:48.170+0000] {processor.py:179} INFO - Processing /home/airflow/.local/lib/python3.7/site-packages/airflow/example_dags/tutorial.py took 0.069 seconds
[2023-08-02T10:53:18.418+0000] {processor.py:157} INFO - Started process (PID=1877) to work on /home/airflow/.local/lib/python3.7/site-packages/airflow/example_dags/tutorial.py
[2023-08-02T10:53:18.424+0000] {processor.py:826} INFO - Processing file /home/airflow/.local/lib/python3.7/site-packages/airflow/example_dags/tutorial.py for tasks to queue
[2023-08-02T10:53:18.426+0000] {logging_mixin.py:150} INFO - [2023-08-02T10:53:18.425+0000] {dagbag.py:541} INFO - Filling up the DagBag from /home/airflow/.local/lib/python3.7/site-packages/airflow/example_dags/tutorial.py
[2023-08-02T10:53:18.434+0000] {processor.py:836} INFO - DAG(s) dict_keys(['tutorial']) retrieved from /home/airflow/.local/lib/python3.7/site-packages/airflow/example_dags/tutorial.py
[2023-08-02T10:53:18.456+0000] {logging_mixin.py:150} INFO - [2023-08-02T10:53:18.456+0000] {dag.py:2742} INFO - Sync 1 DAGs
[2023-08-02T10:53:18.474+0000] {logging_mixin.py:150} INFO - [2023-08-02T10:53:18.474+0000] {dag.py:3508} INFO - Setting next_dagrun for tutorial to 2023-08-01T10:53:18.474434+00:00, run_after=2023-08-02T10:53:18.474434+00:00
[2023-08-02T10:53:18.488+0000] {processor.py:179} INFO - Processing /home/airflow/.local/lib/python3.7/site-packages/airflow/example_dags/tutorial.py took 0.075 seconds
[2023-08-02T10:53:48.778+0000] {processor.py:157} INFO - Started process (PID=1934) to work on /home/airflow/.local/lib/python3.7/site-packages/airflow/example_dags/tutorial.py
[2023-08-02T10:53:48.780+0000] {processor.py:826} INFO - Processing file /home/airflow/.local/lib/python3.7/site-packages/airflow/example_dags/tutorial.py for tasks to queue
[2023-08-02T10:53:48.781+0000] {logging_mixin.py:150} INFO - [2023-08-02T10:53:48.781+0000] {dagbag.py:541} INFO - Filling up the DagBag from /home/airflow/.local/lib/python3.7/site-packages/airflow/example_dags/tutorial.py
[2023-08-02T10:53:48.789+0000] {processor.py:836} INFO - DAG(s) dict_keys(['tutorial']) retrieved from /home/airflow/.local/lib/python3.7/site-packages/airflow/example_dags/tutorial.py
[2023-08-02T10:53:48.809+0000] {logging_mixin.py:150} INFO - [2023-08-02T10:53:48.808+0000] {dag.py:2742} INFO - Sync 1 DAGs
[2023-08-02T10:53:48.833+0000] {logging_mixin.py:150} INFO - [2023-08-02T10:53:48.833+0000] {dag.py:3508} INFO - Setting next_dagrun for tutorial to 2023-08-01T10:53:48.832990+00:00, run_after=2023-08-02T10:53:48.832990+00:00
[2023-08-02T10:53:48.846+0000] {processor.py:179} INFO - Processing /home/airflow/.local/lib/python3.7/site-packages/airflow/example_dags/tutorial.py took 0.072 seconds
[2023-08-02T10:54:18.985+0000] {processor.py:157} INFO - Started process (PID=1992) to work on /home/airflow/.local/lib/python3.7/site-packages/airflow/example_dags/tutorial.py
[2023-08-02T10:54:19.046+0000] {processor.py:826} INFO - Processing file /home/airflow/.local/lib/python3.7/site-packages/airflow/example_dags/tutorial.py for tasks to queue
[2023-08-02T10:54:19.048+0000] {logging_mixin.py:150} INFO - [2023-08-02T10:54:19.047+0000] {dagbag.py:541} INFO - Filling up the DagBag from /home/airflow/.local/lib/python3.7/site-packages/airflow/example_dags/tutorial.py
[2023-08-02T10:54:19.054+0000] {processor.py:836} INFO - DAG(s) dict_keys(['tutorial']) retrieved from /home/airflow/.local/lib/python3.7/site-packages/airflow/example_dags/tutorial.py
[2023-08-02T10:54:19.074+0000] {logging_mixin.py:150} INFO - [2023-08-02T10:54:19.074+0000] {dag.py:2742} INFO - Sync 1 DAGs
[2023-08-02T10:54:19.091+0000] {logging_mixin.py:150} INFO - [2023-08-02T10:54:19.091+0000] {dag.py:3508} INFO - Setting next_dagrun for tutorial to 2023-08-01T10:54:19.090921+00:00, run_after=2023-08-02T10:54:19.090921+00:00
[2023-08-02T10:54:19.103+0000] {processor.py:179} INFO - Processing /home/airflow/.local/lib/python3.7/site-packages/airflow/example_dags/tutorial.py took 0.123 seconds
[2023-08-02T10:54:49.264+0000] {processor.py:157} INFO - Started process (PID=2050) to work on /home/airflow/.local/lib/python3.7/site-packages/airflow/example_dags/tutorial.py
[2023-08-02T10:54:49.267+0000] {processor.py:826} INFO - Processing file /home/airflow/.local/lib/python3.7/site-packages/airflow/example_dags/tutorial.py for tasks to queue
[2023-08-02T10:54:49.270+0000] {logging_mixin.py:150} INFO - [2023-08-02T10:54:49.270+0000] {dagbag.py:541} INFO - Filling up the DagBag from /home/airflow/.local/lib/python3.7/site-packages/airflow/example_dags/tutorial.py
[2023-08-02T10:54:49.279+0000] {processor.py:836} INFO - DAG(s) dict_keys(['tutorial']) retrieved from /home/airflow/.local/lib/python3.7/site-packages/airflow/example_dags/tutorial.py
[2023-08-02T10:54:49.300+0000] {logging_mixin.py:150} INFO - [2023-08-02T10:54:49.300+0000] {dag.py:2742} INFO - Sync 1 DAGs
[2023-08-02T10:54:49.319+0000] {logging_mixin.py:150} INFO - [2023-08-02T10:54:49.319+0000] {dag.py:3508} INFO - Setting next_dagrun for tutorial to 2023-08-01T10:54:49.318891+00:00, run_after=2023-08-02T10:54:49.318891+00:00
[2023-08-02T10:54:49.332+0000] {processor.py:179} INFO - Processing /home/airflow/.local/lib/python3.7/site-packages/airflow/example_dags/tutorial.py took 0.072 seconds
[2023-08-02T10:55:19.833+0000] {processor.py:157} INFO - Started process (PID=2107) to work on /home/airflow/.local/lib/python3.7/site-packages/airflow/example_dags/tutorial.py
[2023-08-02T10:55:19.836+0000] {processor.py:826} INFO - Processing file /home/airflow/.local/lib/python3.7/site-packages/airflow/example_dags/tutorial.py for tasks to queue
[2023-08-02T10:55:19.844+0000] {logging_mixin.py:150} INFO - [2023-08-02T10:55:19.844+0000] {dagbag.py:541} INFO - Filling up the DagBag from /home/airflow/.local/lib/python3.7/site-packages/airflow/example_dags/tutorial.py
[2023-08-02T10:55:19.852+0000] {processor.py:836} INFO - DAG(s) dict_keys(['tutorial']) retrieved from /home/airflow/.local/lib/python3.7/site-packages/airflow/example_dags/tutorial.py
[2023-08-02T10:55:19.872+0000] {logging_mixin.py:150} INFO - [2023-08-02T10:55:19.872+0000] {dag.py:2742} INFO - Sync 1 DAGs
[2023-08-02T10:55:19.889+0000] {logging_mixin.py:150} INFO - [2023-08-02T10:55:19.889+0000] {dag.py:3508} INFO - Setting next_dagrun for tutorial to 2023-08-01T10:55:19.889007+00:00, run_after=2023-08-02T10:55:19.889007+00:00
[2023-08-02T10:55:19.902+0000] {processor.py:179} INFO - Processing /home/airflow/.local/lib/python3.7/site-packages/airflow/example_dags/tutorial.py took 0.073 seconds
[2023-08-02T12:19:19.784+0000] {processor.py:157} INFO - Started process (PID=2165) to work on /home/airflow/.local/lib/python3.7/site-packages/airflow/example_dags/tutorial.py
[2023-08-02T12:19:19.790+0000] {processor.py:826} INFO - Processing file /home/airflow/.local/lib/python3.7/site-packages/airflow/example_dags/tutorial.py for tasks to queue
[2023-08-02T12:19:19.792+0000] {logging_mixin.py:150} INFO - [2023-08-02T12:19:19.792+0000] {dagbag.py:541} INFO - Filling up the DagBag from /home/airflow/.local/lib/python3.7/site-packages/airflow/example_dags/tutorial.py
[2023-08-02T12:19:19.800+0000] {processor.py:836} INFO - DAG(s) dict_keys(['tutorial']) retrieved from /home/airflow/.local/lib/python3.7/site-packages/airflow/example_dags/tutorial.py
[2023-08-02T12:19:19.824+0000] {logging_mixin.py:150} INFO - [2023-08-02T12:19:19.824+0000] {dag.py:2742} INFO - Sync 1 DAGs
[2023-08-02T12:19:19.844+0000] {logging_mixin.py:150} INFO - [2023-08-02T12:19:19.844+0000] {dag.py:3508} INFO - Setting next_dagrun for tutorial to 2023-08-01T12:19:19.844178+00:00, run_after=2023-08-02T12:19:19.844178+00:00
[2023-08-02T12:19:19.861+0000] {processor.py:179} INFO - Processing /home/airflow/.local/lib/python3.7/site-packages/airflow/example_dags/tutorial.py took 0.082 seconds
[2023-08-02T13:26:12.618+0000] {processor.py:157} INFO - Started process (PID=2222) to work on /home/airflow/.local/lib/python3.7/site-packages/airflow/example_dags/tutorial.py
[2023-08-02T13:26:12.620+0000] {processor.py:826} INFO - Processing file /home/airflow/.local/lib/python3.7/site-packages/airflow/example_dags/tutorial.py for tasks to queue
[2023-08-02T13:26:12.621+0000] {logging_mixin.py:150} INFO - [2023-08-02T13:26:12.621+0000] {dagbag.py:541} INFO - Filling up the DagBag from /home/airflow/.local/lib/python3.7/site-packages/airflow/example_dags/tutorial.py
[2023-08-02T13:26:12.630+0000] {processor.py:836} INFO - DAG(s) dict_keys(['tutorial']) retrieved from /home/airflow/.local/lib/python3.7/site-packages/airflow/example_dags/tutorial.py
[2023-08-02T13:26:12.653+0000] {logging_mixin.py:150} INFO - [2023-08-02T13:26:12.653+0000] {dag.py:2742} INFO - Sync 1 DAGs
[2023-08-02T13:26:12.676+0000] {logging_mixin.py:150} INFO - [2023-08-02T13:26:12.676+0000] {dag.py:3508} INFO - Setting next_dagrun for tutorial to 2023-08-01T13:26:12.675829+00:00, run_after=2023-08-02T13:26:12.675829+00:00
[2023-08-02T13:26:12.690+0000] {processor.py:179} INFO - Processing /home/airflow/.local/lib/python3.7/site-packages/airflow/example_dags/tutorial.py took 0.075 seconds
[2023-08-02T14:49:11.918+0000] {processor.py:157} INFO - Started process (PID=2280) to work on /home/airflow/.local/lib/python3.7/site-packages/airflow/example_dags/tutorial.py
[2023-08-02T14:49:11.919+0000] {processor.py:826} INFO - Processing file /home/airflow/.local/lib/python3.7/site-packages/airflow/example_dags/tutorial.py for tasks to queue
[2023-08-02T14:49:11.921+0000] {logging_mixin.py:150} INFO - [2023-08-02T14:49:11.921+0000] {dagbag.py:541} INFO - Filling up the DagBag from /home/airflow/.local/lib/python3.7/site-packages/airflow/example_dags/tutorial.py
[2023-08-02T14:49:11.928+0000] {processor.py:836} INFO - DAG(s) dict_keys(['tutorial']) retrieved from /home/airflow/.local/lib/python3.7/site-packages/airflow/example_dags/tutorial.py
[2023-08-02T14:49:11.954+0000] {logging_mixin.py:150} INFO - [2023-08-02T14:49:11.954+0000] {dag.py:2742} INFO - Sync 1 DAGs
[2023-08-02T14:49:11.981+0000] {logging_mixin.py:150} INFO - [2023-08-02T14:49:11.981+0000] {dag.py:3508} INFO - Setting next_dagrun for tutorial to 2023-08-01T14:49:11.981542+00:00, run_after=2023-08-02T14:49:11.981542+00:00
[2023-08-02T14:49:11.997+0000] {processor.py:179} INFO - Processing /home/airflow/.local/lib/python3.7/site-packages/airflow/example_dags/tutorial.py took 0.082 seconds
[2023-08-02T15:54:28.540+0000] {processor.py:157} INFO - Started process (PID=2336) to work on /home/airflow/.local/lib/python3.7/site-packages/airflow/example_dags/tutorial.py
[2023-08-02T15:54:28.542+0000] {processor.py:826} INFO - Processing file /home/airflow/.local/lib/python3.7/site-packages/airflow/example_dags/tutorial.py for tasks to queue
[2023-08-02T15:54:28.543+0000] {logging_mixin.py:150} INFO - [2023-08-02T15:54:28.543+0000] {dagbag.py:541} INFO - Filling up the DagBag from /home/airflow/.local/lib/python3.7/site-packages/airflow/example_dags/tutorial.py
[2023-08-02T15:54:28.550+0000] {processor.py:836} INFO - DAG(s) dict_keys(['tutorial']) retrieved from /home/airflow/.local/lib/python3.7/site-packages/airflow/example_dags/tutorial.py
[2023-08-02T15:54:28.580+0000] {logging_mixin.py:150} INFO - [2023-08-02T15:54:28.579+0000] {dag.py:2742} INFO - Sync 1 DAGs
[2023-08-02T15:54:28.598+0000] {logging_mixin.py:150} INFO - [2023-08-02T15:54:28.598+0000] {dag.py:3508} INFO - Setting next_dagrun for tutorial to 2023-08-01T15:54:28.598535+00:00, run_after=2023-08-02T15:54:28.598535+00:00
[2023-08-02T15:54:28.611+0000] {processor.py:179} INFO - Processing /home/airflow/.local/lib/python3.7/site-packages/airflow/example_dags/tutorial.py took 0.075 seconds
[2023-08-02T16:26:52.421+0000] {processor.py:157} INFO - Started process (PID=2393) to work on /home/airflow/.local/lib/python3.7/site-packages/airflow/example_dags/tutorial.py
[2023-08-02T16:26:52.424+0000] {processor.py:826} INFO - Processing file /home/airflow/.local/lib/python3.7/site-packages/airflow/example_dags/tutorial.py for tasks to queue
[2023-08-02T16:26:52.426+0000] {logging_mixin.py:150} INFO - [2023-08-02T16:26:52.426+0000] {dagbag.py:541} INFO - Filling up the DagBag from /home/airflow/.local/lib/python3.7/site-packages/airflow/example_dags/tutorial.py
[2023-08-02T16:26:52.435+0000] {processor.py:836} INFO - DAG(s) dict_keys(['tutorial']) retrieved from /home/airflow/.local/lib/python3.7/site-packages/airflow/example_dags/tutorial.py
[2023-08-02T16:26:52.468+0000] {logging_mixin.py:150} INFO - [2023-08-02T16:26:52.468+0000] {dag.py:2742} INFO - Sync 1 DAGs
[2023-08-02T16:26:52.494+0000] {logging_mixin.py:150} INFO - [2023-08-02T16:26:52.494+0000] {dag.py:3508} INFO - Setting next_dagrun for tutorial to 2023-08-01T16:26:52.494392+00:00, run_after=2023-08-02T16:26:52.494392+00:00
[2023-08-02T16:26:52.510+0000] {processor.py:179} INFO - Processing /home/airflow/.local/lib/python3.7/site-packages/airflow/example_dags/tutorial.py took 0.092 seconds
[2023-08-02T17:14:37.696+0000] {processor.py:157} INFO - Started process (PID=2451) to work on /home/airflow/.local/lib/python3.7/site-packages/airflow/example_dags/tutorial.py
[2023-08-02T17:14:37.698+0000] {processor.py:826} INFO - Processing file /home/airflow/.local/lib/python3.7/site-packages/airflow/example_dags/tutorial.py for tasks to queue
[2023-08-02T17:14:37.699+0000] {logging_mixin.py:150} INFO - [2023-08-02T17:14:37.699+0000] {dagbag.py:541} INFO - Filling up the DagBag from /home/airflow/.local/lib/python3.7/site-packages/airflow/example_dags/tutorial.py
[2023-08-02T17:14:37.706+0000] {processor.py:836} INFO - DAG(s) dict_keys(['tutorial']) retrieved from /home/airflow/.local/lib/python3.7/site-packages/airflow/example_dags/tutorial.py
[2023-08-02T17:14:37.729+0000] {logging_mixin.py:150} INFO - [2023-08-02T17:14:37.729+0000] {dag.py:2742} INFO - Sync 1 DAGs
[2023-08-02T17:14:37.748+0000] {logging_mixin.py:150} INFO - [2023-08-02T17:14:37.748+0000] {dag.py:3508} INFO - Setting next_dagrun for tutorial to 2023-08-01T17:14:37.748362+00:00, run_after=2023-08-02T17:14:37.748362+00:00
[2023-08-02T17:14:37.761+0000] {processor.py:179} INFO - Processing /home/airflow/.local/lib/python3.7/site-packages/airflow/example_dags/tutorial.py took 0.069 seconds
[2023-08-02T18:59:10.874+0000] {processor.py:157} INFO - Started process (PID=2508) to work on /home/airflow/.local/lib/python3.7/site-packages/airflow/example_dags/tutorial.py
[2023-08-02T18:59:10.876+0000] {processor.py:826} INFO - Processing file /home/airflow/.local/lib/python3.7/site-packages/airflow/example_dags/tutorial.py for tasks to queue
[2023-08-02T18:59:10.878+0000] {logging_mixin.py:150} INFO - [2023-08-02T18:59:10.878+0000] {dagbag.py:541} INFO - Filling up the DagBag from /home/airflow/.local/lib/python3.7/site-packages/airflow/example_dags/tutorial.py
[2023-08-02T18:59:10.886+0000] {processor.py:836} INFO - DAG(s) dict_keys(['tutorial']) retrieved from /home/airflow/.local/lib/python3.7/site-packages/airflow/example_dags/tutorial.py
[2023-08-02T18:59:10.908+0000] {logging_mixin.py:150} INFO - [2023-08-02T18:59:10.908+0000] {dag.py:2742} INFO - Sync 1 DAGs
[2023-08-02T18:59:10.926+0000] {logging_mixin.py:150} INFO - [2023-08-02T18:59:10.926+0000] {dag.py:3508} INFO - Setting next_dagrun for tutorial to 2023-08-01T18:59:10.926036+00:00, run_after=2023-08-02T18:59:10.926036+00:00
[2023-08-02T18:59:10.940+0000] {processor.py:179} INFO - Processing /home/airflow/.local/lib/python3.7/site-packages/airflow/example_dags/tutorial.py took 0.070 seconds
[2023-08-02T20:21:33.772+0000] {processor.py:157} INFO - Started process (PID=2566) to work on /home/airflow/.local/lib/python3.7/site-packages/airflow/example_dags/tutorial.py
[2023-08-02T20:21:33.774+0000] {processor.py:826} INFO - Processing file /home/airflow/.local/lib/python3.7/site-packages/airflow/example_dags/tutorial.py for tasks to queue
[2023-08-02T20:21:33.776+0000] {logging_mixin.py:150} INFO - [2023-08-02T20:21:33.775+0000] {dagbag.py:541} INFO - Filling up the DagBag from /home/airflow/.local/lib/python3.7/site-packages/airflow/example_dags/tutorial.py
[2023-08-02T20:21:33.785+0000] {processor.py:836} INFO - DAG(s) dict_keys(['tutorial']) retrieved from /home/airflow/.local/lib/python3.7/site-packages/airflow/example_dags/tutorial.py
[2023-08-02T20:21:33.809+0000] {logging_mixin.py:150} INFO - [2023-08-02T20:21:33.809+0000] {dag.py:2742} INFO - Sync 1 DAGs
[2023-08-02T20:21:33.881+0000] {logging_mixin.py:150} INFO - [2023-08-02T20:21:33.880+0000] {dag.py:3508} INFO - Setting next_dagrun for tutorial to 2023-08-01T20:21:33.880663+00:00, run_after=2023-08-02T20:21:33.880663+00:00
[2023-08-02T20:21:33.895+0000] {processor.py:179} INFO - Processing /home/airflow/.local/lib/python3.7/site-packages/airflow/example_dags/tutorial.py took 0.128 seconds
[2023-08-02T22:03:29.105+0000] {processor.py:157} INFO - Started process (PID=2623) to work on /home/airflow/.local/lib/python3.7/site-packages/airflow/example_dags/tutorial.py
[2023-08-02T22:03:29.107+0000] {processor.py:826} INFO - Processing file /home/airflow/.local/lib/python3.7/site-packages/airflow/example_dags/tutorial.py for tasks to queue
[2023-08-02T22:03:29.108+0000] {logging_mixin.py:150} INFO - [2023-08-02T22:03:29.108+0000] {dagbag.py:541} INFO - Filling up the DagBag from /home/airflow/.local/lib/python3.7/site-packages/airflow/example_dags/tutorial.py
[2023-08-02T22:03:29.117+0000] {processor.py:836} INFO - DAG(s) dict_keys(['tutorial']) retrieved from /home/airflow/.local/lib/python3.7/site-packages/airflow/example_dags/tutorial.py
[2023-08-02T22:03:29.141+0000] {logging_mixin.py:150} INFO - [2023-08-02T22:03:29.141+0000] {dag.py:2742} INFO - Sync 1 DAGs
[2023-08-02T22:03:29.214+0000] {logging_mixin.py:150} INFO - [2023-08-02T22:03:29.214+0000] {dag.py:3508} INFO - Setting next_dagrun for tutorial to 2023-08-01T22:03:29.213903+00:00, run_after=2023-08-02T22:03:29.213903+00:00
[2023-08-02T22:03:29.227+0000] {processor.py:179} INFO - Processing /home/airflow/.local/lib/python3.7/site-packages/airflow/example_dags/tutorial.py took 0.126 seconds
[2023-08-02T23:27:15.591+0000] {processor.py:157} INFO - Started process (PID=2680) to work on /home/airflow/.local/lib/python3.7/site-packages/airflow/example_dags/tutorial.py
[2023-08-02T23:27:15.593+0000] {processor.py:826} INFO - Processing file /home/airflow/.local/lib/python3.7/site-packages/airflow/example_dags/tutorial.py for tasks to queue
[2023-08-02T23:27:15.595+0000] {logging_mixin.py:150} INFO - [2023-08-02T23:27:15.594+0000] {dagbag.py:541} INFO - Filling up the DagBag from /home/airflow/.local/lib/python3.7/site-packages/airflow/example_dags/tutorial.py
[2023-08-02T23:27:15.602+0000] {processor.py:836} INFO - DAG(s) dict_keys(['tutorial']) retrieved from /home/airflow/.local/lib/python3.7/site-packages/airflow/example_dags/tutorial.py
[2023-08-02T23:27:15.626+0000] {logging_mixin.py:150} INFO - [2023-08-02T23:27:15.625+0000] {dag.py:2742} INFO - Sync 1 DAGs
[2023-08-02T23:27:15.645+0000] {logging_mixin.py:150} INFO - [2023-08-02T23:27:15.645+0000] {dag.py:3508} INFO - Setting next_dagrun for tutorial to 2023-08-01T23:27:15.645105+00:00, run_after=2023-08-02T23:27:15.645105+00:00
[2023-08-02T23:27:15.659+0000] {processor.py:179} INFO - Processing /home/airflow/.local/lib/python3.7/site-packages/airflow/example_dags/tutorial.py took 0.071 seconds
