[2023-08-02T10:37:03.640+0000] {processor.py:157} INFO - Started process (PID=54) to work on /home/airflow/.local/lib/python3.7/site-packages/airflow/example_dags/tutorial_dag.py
[2023-08-02T10:37:03.644+0000] {processor.py:826} INFO - Processing file /home/airflow/.local/lib/python3.7/site-packages/airflow/example_dags/tutorial_dag.py for tasks to queue
[2023-08-02T10:37:03.648+0000] {logging_mixin.py:150} INFO - [2023-08-02T10:37:03.648+0000] {dagbag.py:541} INFO - Filling up the DagBag from /home/airflow/.local/lib/python3.7/site-packages/airflow/example_dags/tutorial_dag.py
[2023-08-02T10:37:03.674+0000] {processor.py:836} INFO - DAG(s) dict_keys(['tutorial_dag']) retrieved from /home/airflow/.local/lib/python3.7/site-packages/airflow/example_dags/tutorial_dag.py
[2023-08-02T10:37:03.705+0000] {logging_mixin.py:150} INFO - [2023-08-02T10:37:03.705+0000] {dag.py:2742} INFO - Sync 1 DAGs
[2023-08-02T10:37:03.767+0000] {logging_mixin.py:150} INFO - [2023-08-02T10:37:03.767+0000] {dag.py:3508} INFO - Setting next_dagrun for tutorial_dag to None, run_after=None
[2023-08-02T10:37:03.795+0000] {processor.py:179} INFO - Processing /home/airflow/.local/lib/python3.7/site-packages/airflow/example_dags/tutorial_dag.py took 0.159 seconds
[2023-08-02T10:37:34.092+0000] {processor.py:157} INFO - Started process (PID=111) to work on /home/airflow/.local/lib/python3.7/site-packages/airflow/example_dags/tutorial_dag.py
[2023-08-02T10:37:34.148+0000] {processor.py:826} INFO - Processing file /home/airflow/.local/lib/python3.7/site-packages/airflow/example_dags/tutorial_dag.py for tasks to queue
[2023-08-02T10:37:34.150+0000] {logging_mixin.py:150} INFO - [2023-08-02T10:37:34.149+0000] {dagbag.py:541} INFO - Filling up the DagBag from /home/airflow/.local/lib/python3.7/site-packages/airflow/example_dags/tutorial_dag.py
[2023-08-02T10:37:34.155+0000] {processor.py:836} INFO - DAG(s) dict_keys(['tutorial_dag']) retrieved from /home/airflow/.local/lib/python3.7/site-packages/airflow/example_dags/tutorial_dag.py
[2023-08-02T10:37:34.179+0000] {logging_mixin.py:150} INFO - [2023-08-02T10:37:34.179+0000] {dag.py:2742} INFO - Sync 1 DAGs
[2023-08-02T10:37:34.203+0000] {logging_mixin.py:150} INFO - [2023-08-02T10:37:34.202+0000] {dag.py:3508} INFO - Setting next_dagrun for tutorial_dag to None, run_after=None
[2023-08-02T10:37:34.220+0000] {processor.py:179} INFO - Processing /home/airflow/.local/lib/python3.7/site-packages/airflow/example_dags/tutorial_dag.py took 0.131 seconds
[2023-08-02T10:38:04.305+0000] {processor.py:157} INFO - Started process (PID=168) to work on /home/airflow/.local/lib/python3.7/site-packages/airflow/example_dags/tutorial_dag.py
[2023-08-02T10:38:04.307+0000] {processor.py:826} INFO - Processing file /home/airflow/.local/lib/python3.7/site-packages/airflow/example_dags/tutorial_dag.py for tasks to queue
[2023-08-02T10:38:04.308+0000] {logging_mixin.py:150} INFO - [2023-08-02T10:38:04.308+0000] {dagbag.py:541} INFO - Filling up the DagBag from /home/airflow/.local/lib/python3.7/site-packages/airflow/example_dags/tutorial_dag.py
[2023-08-02T10:38:04.313+0000] {processor.py:836} INFO - DAG(s) dict_keys(['tutorial_dag']) retrieved from /home/airflow/.local/lib/python3.7/site-packages/airflow/example_dags/tutorial_dag.py
[2023-08-02T10:38:04.334+0000] {logging_mixin.py:150} INFO - [2023-08-02T10:38:04.334+0000] {dag.py:2742} INFO - Sync 1 DAGs
[2023-08-02T10:38:04.349+0000] {logging_mixin.py:150} INFO - [2023-08-02T10:38:04.349+0000] {dag.py:3508} INFO - Setting next_dagrun for tutorial_dag to None, run_after=None
[2023-08-02T10:38:04.360+0000] {processor.py:179} INFO - Processing /home/airflow/.local/lib/python3.7/site-packages/airflow/example_dags/tutorial_dag.py took 0.058 seconds
[2023-08-02T10:38:34.870+0000] {processor.py:157} INFO - Started process (PID=225) to work on /home/airflow/.local/lib/python3.7/site-packages/airflow/example_dags/tutorial_dag.py
[2023-08-02T10:38:34.871+0000] {processor.py:826} INFO - Processing file /home/airflow/.local/lib/python3.7/site-packages/airflow/example_dags/tutorial_dag.py for tasks to queue
[2023-08-02T10:38:34.873+0000] {logging_mixin.py:150} INFO - [2023-08-02T10:38:34.873+0000] {dagbag.py:541} INFO - Filling up the DagBag from /home/airflow/.local/lib/python3.7/site-packages/airflow/example_dags/tutorial_dag.py
[2023-08-02T10:38:34.878+0000] {processor.py:836} INFO - DAG(s) dict_keys(['tutorial_dag']) retrieved from /home/airflow/.local/lib/python3.7/site-packages/airflow/example_dags/tutorial_dag.py
[2023-08-02T10:38:34.899+0000] {logging_mixin.py:150} INFO - [2023-08-02T10:38:34.899+0000] {dag.py:2742} INFO - Sync 1 DAGs
[2023-08-02T10:38:34.914+0000] {logging_mixin.py:150} INFO - [2023-08-02T10:38:34.914+0000] {dag.py:3508} INFO - Setting next_dagrun for tutorial_dag to None, run_after=None
[2023-08-02T10:38:34.926+0000] {processor.py:179} INFO - Processing /home/airflow/.local/lib/python3.7/site-packages/airflow/example_dags/tutorial_dag.py took 0.059 seconds
[2023-08-02T10:39:05.302+0000] {processor.py:157} INFO - Started process (PID=282) to work on /home/airflow/.local/lib/python3.7/site-packages/airflow/example_dags/tutorial_dag.py
[2023-08-02T10:39:05.303+0000] {processor.py:826} INFO - Processing file /home/airflow/.local/lib/python3.7/site-packages/airflow/example_dags/tutorial_dag.py for tasks to queue
[2023-08-02T10:39:05.305+0000] {logging_mixin.py:150} INFO - [2023-08-02T10:39:05.304+0000] {dagbag.py:541} INFO - Filling up the DagBag from /home/airflow/.local/lib/python3.7/site-packages/airflow/example_dags/tutorial_dag.py
[2023-08-02T10:39:05.309+0000] {processor.py:836} INFO - DAG(s) dict_keys(['tutorial_dag']) retrieved from /home/airflow/.local/lib/python3.7/site-packages/airflow/example_dags/tutorial_dag.py
[2023-08-02T10:39:05.332+0000] {logging_mixin.py:150} INFO - [2023-08-02T10:39:05.332+0000] {dag.py:2742} INFO - Sync 1 DAGs
[2023-08-02T10:39:05.351+0000] {logging_mixin.py:150} INFO - [2023-08-02T10:39:05.351+0000] {dag.py:3508} INFO - Setting next_dagrun for tutorial_dag to None, run_after=None
[2023-08-02T10:39:05.363+0000] {processor.py:179} INFO - Processing /home/airflow/.local/lib/python3.7/site-packages/airflow/example_dags/tutorial_dag.py took 0.064 seconds
[2023-08-02T10:39:35.650+0000] {processor.py:157} INFO - Started process (PID=339) to work on /home/airflow/.local/lib/python3.7/site-packages/airflow/example_dags/tutorial_dag.py
[2023-08-02T10:39:35.652+0000] {processor.py:826} INFO - Processing file /home/airflow/.local/lib/python3.7/site-packages/airflow/example_dags/tutorial_dag.py for tasks to queue
[2023-08-02T10:39:35.654+0000] {logging_mixin.py:150} INFO - [2023-08-02T10:39:35.653+0000] {dagbag.py:541} INFO - Filling up the DagBag from /home/airflow/.local/lib/python3.7/site-packages/airflow/example_dags/tutorial_dag.py
[2023-08-02T10:39:35.659+0000] {processor.py:836} INFO - DAG(s) dict_keys(['tutorial_dag']) retrieved from /home/airflow/.local/lib/python3.7/site-packages/airflow/example_dags/tutorial_dag.py
[2023-08-02T10:39:35.682+0000] {logging_mixin.py:150} INFO - [2023-08-02T10:39:35.682+0000] {dag.py:2742} INFO - Sync 1 DAGs
[2023-08-02T10:39:35.699+0000] {logging_mixin.py:150} INFO - [2023-08-02T10:39:35.699+0000] {dag.py:3508} INFO - Setting next_dagrun for tutorial_dag to None, run_after=None
[2023-08-02T10:39:35.713+0000] {processor.py:179} INFO - Processing /home/airflow/.local/lib/python3.7/site-packages/airflow/example_dags/tutorial_dag.py took 0.066 seconds
[2023-08-02T10:40:06.081+0000] {processor.py:157} INFO - Started process (PID=395) to work on /home/airflow/.local/lib/python3.7/site-packages/airflow/example_dags/tutorial_dag.py
[2023-08-02T10:40:06.109+0000] {processor.py:826} INFO - Processing file /home/airflow/.local/lib/python3.7/site-packages/airflow/example_dags/tutorial_dag.py for tasks to queue
[2023-08-02T10:40:06.111+0000] {logging_mixin.py:150} INFO - [2023-08-02T10:40:06.110+0000] {dagbag.py:541} INFO - Filling up the DagBag from /home/airflow/.local/lib/python3.7/site-packages/airflow/example_dags/tutorial_dag.py
[2023-08-02T10:40:06.116+0000] {processor.py:836} INFO - DAG(s) dict_keys(['tutorial_dag']) retrieved from /home/airflow/.local/lib/python3.7/site-packages/airflow/example_dags/tutorial_dag.py
[2023-08-02T10:40:06.142+0000] {logging_mixin.py:150} INFO - [2023-08-02T10:40:06.142+0000] {dag.py:2742} INFO - Sync 1 DAGs
[2023-08-02T10:40:06.160+0000] {logging_mixin.py:150} INFO - [2023-08-02T10:40:06.159+0000] {dag.py:3508} INFO - Setting next_dagrun for tutorial_dag to None, run_after=None
[2023-08-02T10:40:06.173+0000] {processor.py:179} INFO - Processing /home/airflow/.local/lib/python3.7/site-packages/airflow/example_dags/tutorial_dag.py took 0.095 seconds
[2023-08-02T10:40:36.574+0000] {processor.py:157} INFO - Started process (PID=452) to work on /home/airflow/.local/lib/python3.7/site-packages/airflow/example_dags/tutorial_dag.py
[2023-08-02T10:40:36.576+0000] {processor.py:826} INFO - Processing file /home/airflow/.local/lib/python3.7/site-packages/airflow/example_dags/tutorial_dag.py for tasks to queue
[2023-08-02T10:40:36.577+0000] {logging_mixin.py:150} INFO - [2023-08-02T10:40:36.577+0000] {dagbag.py:541} INFO - Filling up the DagBag from /home/airflow/.local/lib/python3.7/site-packages/airflow/example_dags/tutorial_dag.py
[2023-08-02T10:40:36.582+0000] {processor.py:836} INFO - DAG(s) dict_keys(['tutorial_dag']) retrieved from /home/airflow/.local/lib/python3.7/site-packages/airflow/example_dags/tutorial_dag.py
[2023-08-02T10:40:36.664+0000] {logging_mixin.py:150} INFO - [2023-08-02T10:40:36.664+0000] {dag.py:2742} INFO - Sync 1 DAGs
[2023-08-02T10:40:36.683+0000] {logging_mixin.py:150} INFO - [2023-08-02T10:40:36.683+0000] {dag.py:3508} INFO - Setting next_dagrun for tutorial_dag to None, run_after=None
[2023-08-02T10:40:36.695+0000] {processor.py:179} INFO - Processing /home/airflow/.local/lib/python3.7/site-packages/airflow/example_dags/tutorial_dag.py took 0.124 seconds
[2023-08-02T10:41:07.338+0000] {processor.py:157} INFO - Started process (PID=509) to work on /home/airflow/.local/lib/python3.7/site-packages/airflow/example_dags/tutorial_dag.py
[2023-08-02T10:41:07.340+0000] {processor.py:826} INFO - Processing file /home/airflow/.local/lib/python3.7/site-packages/airflow/example_dags/tutorial_dag.py for tasks to queue
[2023-08-02T10:41:07.341+0000] {logging_mixin.py:150} INFO - [2023-08-02T10:41:07.341+0000] {dagbag.py:541} INFO - Filling up the DagBag from /home/airflow/.local/lib/python3.7/site-packages/airflow/example_dags/tutorial_dag.py
[2023-08-02T10:41:07.348+0000] {processor.py:836} INFO - DAG(s) dict_keys(['tutorial_dag']) retrieved from /home/airflow/.local/lib/python3.7/site-packages/airflow/example_dags/tutorial_dag.py
[2023-08-02T10:41:07.372+0000] {logging_mixin.py:150} INFO - [2023-08-02T10:41:07.372+0000] {dag.py:2742} INFO - Sync 1 DAGs
[2023-08-02T10:41:07.392+0000] {logging_mixin.py:150} INFO - [2023-08-02T10:41:07.392+0000] {dag.py:3508} INFO - Setting next_dagrun for tutorial_dag to None, run_after=None
[2023-08-02T10:41:07.406+0000] {processor.py:179} INFO - Processing /home/airflow/.local/lib/python3.7/site-packages/airflow/example_dags/tutorial_dag.py took 0.071 seconds
[2023-08-02T10:41:37.868+0000] {processor.py:157} INFO - Started process (PID=566) to work on /home/airflow/.local/lib/python3.7/site-packages/airflow/example_dags/tutorial_dag.py
[2023-08-02T10:41:37.870+0000] {processor.py:826} INFO - Processing file /home/airflow/.local/lib/python3.7/site-packages/airflow/example_dags/tutorial_dag.py for tasks to queue
[2023-08-02T10:41:37.871+0000] {logging_mixin.py:150} INFO - [2023-08-02T10:41:37.871+0000] {dagbag.py:541} INFO - Filling up the DagBag from /home/airflow/.local/lib/python3.7/site-packages/airflow/example_dags/tutorial_dag.py
[2023-08-02T10:41:37.877+0000] {processor.py:836} INFO - DAG(s) dict_keys(['tutorial_dag']) retrieved from /home/airflow/.local/lib/python3.7/site-packages/airflow/example_dags/tutorial_dag.py
[2023-08-02T10:41:37.902+0000] {logging_mixin.py:150} INFO - [2023-08-02T10:41:37.902+0000] {dag.py:2742} INFO - Sync 1 DAGs
[2023-08-02T10:41:37.926+0000] {logging_mixin.py:150} INFO - [2023-08-02T10:41:37.925+0000] {dag.py:3508} INFO - Setting next_dagrun for tutorial_dag to None, run_after=None
[2023-08-02T10:41:37.947+0000] {processor.py:179} INFO - Processing /home/airflow/.local/lib/python3.7/site-packages/airflow/example_dags/tutorial_dag.py took 0.082 seconds
[2023-08-02T10:42:08.360+0000] {processor.py:157} INFO - Started process (PID=623) to work on /home/airflow/.local/lib/python3.7/site-packages/airflow/example_dags/tutorial_dag.py
[2023-08-02T10:42:08.364+0000] {processor.py:826} INFO - Processing file /home/airflow/.local/lib/python3.7/site-packages/airflow/example_dags/tutorial_dag.py for tasks to queue
[2023-08-02T10:42:08.365+0000] {logging_mixin.py:150} INFO - [2023-08-02T10:42:08.365+0000] {dagbag.py:541} INFO - Filling up the DagBag from /home/airflow/.local/lib/python3.7/site-packages/airflow/example_dags/tutorial_dag.py
[2023-08-02T10:42:08.371+0000] {processor.py:836} INFO - DAG(s) dict_keys(['tutorial_dag']) retrieved from /home/airflow/.local/lib/python3.7/site-packages/airflow/example_dags/tutorial_dag.py
[2023-08-02T10:42:08.397+0000] {logging_mixin.py:150} INFO - [2023-08-02T10:42:08.397+0000] {dag.py:2742} INFO - Sync 1 DAGs
[2023-08-02T10:42:08.416+0000] {logging_mixin.py:150} INFO - [2023-08-02T10:42:08.416+0000] {dag.py:3508} INFO - Setting next_dagrun for tutorial_dag to None, run_after=None
[2023-08-02T10:42:08.431+0000] {processor.py:179} INFO - Processing /home/airflow/.local/lib/python3.7/site-packages/airflow/example_dags/tutorial_dag.py took 0.074 seconds
[2023-08-02T10:42:38.857+0000] {processor.py:157} INFO - Started process (PID=679) to work on /home/airflow/.local/lib/python3.7/site-packages/airflow/example_dags/tutorial_dag.py
[2023-08-02T10:42:38.914+0000] {processor.py:826} INFO - Processing file /home/airflow/.local/lib/python3.7/site-packages/airflow/example_dags/tutorial_dag.py for tasks to queue
[2023-08-02T10:42:38.916+0000] {logging_mixin.py:150} INFO - [2023-08-02T10:42:38.915+0000] {dagbag.py:541} INFO - Filling up the DagBag from /home/airflow/.local/lib/python3.7/site-packages/airflow/example_dags/tutorial_dag.py
[2023-08-02T10:42:38.920+0000] {processor.py:836} INFO - DAG(s) dict_keys(['tutorial_dag']) retrieved from /home/airflow/.local/lib/python3.7/site-packages/airflow/example_dags/tutorial_dag.py
[2023-08-02T10:42:38.943+0000] {logging_mixin.py:150} INFO - [2023-08-02T10:42:38.943+0000] {dag.py:2742} INFO - Sync 1 DAGs
[2023-08-02T10:42:38.963+0000] {logging_mixin.py:150} INFO - [2023-08-02T10:42:38.963+0000] {dag.py:3508} INFO - Setting next_dagrun for tutorial_dag to None, run_after=None
[2023-08-02T10:42:38.981+0000] {processor.py:179} INFO - Processing /home/airflow/.local/lib/python3.7/site-packages/airflow/example_dags/tutorial_dag.py took 0.126 seconds
[2023-08-02T10:43:09.348+0000] {processor.py:157} INFO - Started process (PID=736) to work on /home/airflow/.local/lib/python3.7/site-packages/airflow/example_dags/tutorial_dag.py
[2023-08-02T10:43:09.349+0000] {processor.py:826} INFO - Processing file /home/airflow/.local/lib/python3.7/site-packages/airflow/example_dags/tutorial_dag.py for tasks to queue
[2023-08-02T10:43:09.352+0000] {logging_mixin.py:150} INFO - [2023-08-02T10:43:09.352+0000] {dagbag.py:541} INFO - Filling up the DagBag from /home/airflow/.local/lib/python3.7/site-packages/airflow/example_dags/tutorial_dag.py
[2023-08-02T10:43:09.358+0000] {processor.py:836} INFO - DAG(s) dict_keys(['tutorial_dag']) retrieved from /home/airflow/.local/lib/python3.7/site-packages/airflow/example_dags/tutorial_dag.py
[2023-08-02T10:43:09.385+0000] {logging_mixin.py:150} INFO - [2023-08-02T10:43:09.385+0000] {dag.py:2742} INFO - Sync 1 DAGs
[2023-08-02T10:43:09.410+0000] {logging_mixin.py:150} INFO - [2023-08-02T10:43:09.410+0000] {dag.py:3508} INFO - Setting next_dagrun for tutorial_dag to None, run_after=None
[2023-08-02T10:43:09.428+0000] {processor.py:179} INFO - Processing /home/airflow/.local/lib/python3.7/site-packages/airflow/example_dags/tutorial_dag.py took 0.084 seconds
[2023-08-02T10:43:39.737+0000] {processor.py:157} INFO - Started process (PID=793) to work on /home/airflow/.local/lib/python3.7/site-packages/airflow/example_dags/tutorial_dag.py
[2023-08-02T10:43:39.743+0000] {processor.py:826} INFO - Processing file /home/airflow/.local/lib/python3.7/site-packages/airflow/example_dags/tutorial_dag.py for tasks to queue
[2023-08-02T10:43:39.745+0000] {logging_mixin.py:150} INFO - [2023-08-02T10:43:39.744+0000] {dagbag.py:541} INFO - Filling up the DagBag from /home/airflow/.local/lib/python3.7/site-packages/airflow/example_dags/tutorial_dag.py
[2023-08-02T10:43:39.751+0000] {processor.py:836} INFO - DAG(s) dict_keys(['tutorial_dag']) retrieved from /home/airflow/.local/lib/python3.7/site-packages/airflow/example_dags/tutorial_dag.py
[2023-08-02T10:43:39.777+0000] {logging_mixin.py:150} INFO - [2023-08-02T10:43:39.777+0000] {dag.py:2742} INFO - Sync 1 DAGs
[2023-08-02T10:43:39.798+0000] {logging_mixin.py:150} INFO - [2023-08-02T10:43:39.798+0000] {dag.py:3508} INFO - Setting next_dagrun for tutorial_dag to None, run_after=None
[2023-08-02T10:43:39.812+0000] {processor.py:179} INFO - Processing /home/airflow/.local/lib/python3.7/site-packages/airflow/example_dags/tutorial_dag.py took 0.078 seconds
[2023-08-02T10:44:09.994+0000] {processor.py:157} INFO - Started process (PID=849) to work on /home/airflow/.local/lib/python3.7/site-packages/airflow/example_dags/tutorial_dag.py
[2023-08-02T10:44:09.996+0000] {processor.py:826} INFO - Processing file /home/airflow/.local/lib/python3.7/site-packages/airflow/example_dags/tutorial_dag.py for tasks to queue
[2023-08-02T10:44:09.997+0000] {logging_mixin.py:150} INFO - [2023-08-02T10:44:09.997+0000] {dagbag.py:541} INFO - Filling up the DagBag from /home/airflow/.local/lib/python3.7/site-packages/airflow/example_dags/tutorial_dag.py
[2023-08-02T10:44:10.009+0000] {processor.py:836} INFO - DAG(s) dict_keys(['tutorial_dag']) retrieved from /home/airflow/.local/lib/python3.7/site-packages/airflow/example_dags/tutorial_dag.py
[2023-08-02T10:44:10.034+0000] {logging_mixin.py:150} INFO - [2023-08-02T10:44:10.034+0000] {dag.py:2742} INFO - Sync 1 DAGs
[2023-08-02T10:44:10.057+0000] {logging_mixin.py:150} INFO - [2023-08-02T10:44:10.057+0000] {dag.py:3508} INFO - Setting next_dagrun for tutorial_dag to None, run_after=None
[2023-08-02T10:44:10.072+0000] {processor.py:179} INFO - Processing /home/airflow/.local/lib/python3.7/site-packages/airflow/example_dags/tutorial_dag.py took 0.082 seconds
[2023-08-02T10:44:40.653+0000] {processor.py:157} INFO - Started process (PID=906) to work on /home/airflow/.local/lib/python3.7/site-packages/airflow/example_dags/tutorial_dag.py
[2023-08-02T10:44:40.655+0000] {processor.py:826} INFO - Processing file /home/airflow/.local/lib/python3.7/site-packages/airflow/example_dags/tutorial_dag.py for tasks to queue
[2023-08-02T10:44:40.656+0000] {logging_mixin.py:150} INFO - [2023-08-02T10:44:40.656+0000] {dagbag.py:541} INFO - Filling up the DagBag from /home/airflow/.local/lib/python3.7/site-packages/airflow/example_dags/tutorial_dag.py
[2023-08-02T10:44:40.663+0000] {processor.py:836} INFO - DAG(s) dict_keys(['tutorial_dag']) retrieved from /home/airflow/.local/lib/python3.7/site-packages/airflow/example_dags/tutorial_dag.py
[2023-08-02T10:44:40.685+0000] {logging_mixin.py:150} INFO - [2023-08-02T10:44:40.685+0000] {dag.py:2742} INFO - Sync 1 DAGs
[2023-08-02T10:44:40.703+0000] {logging_mixin.py:150} INFO - [2023-08-02T10:44:40.703+0000] {dag.py:3508} INFO - Setting next_dagrun for tutorial_dag to None, run_after=None
[2023-08-02T10:44:40.716+0000] {processor.py:179} INFO - Processing /home/airflow/.local/lib/python3.7/site-packages/airflow/example_dags/tutorial_dag.py took 0.066 seconds
[2023-08-02T10:45:11.655+0000] {processor.py:157} INFO - Started process (PID=963) to work on /home/airflow/.local/lib/python3.7/site-packages/airflow/example_dags/tutorial_dag.py
[2023-08-02T10:45:11.680+0000] {processor.py:826} INFO - Processing file /home/airflow/.local/lib/python3.7/site-packages/airflow/example_dags/tutorial_dag.py for tasks to queue
[2023-08-02T10:45:11.682+0000] {logging_mixin.py:150} INFO - [2023-08-02T10:45:11.681+0000] {dagbag.py:541} INFO - Filling up the DagBag from /home/airflow/.local/lib/python3.7/site-packages/airflow/example_dags/tutorial_dag.py
[2023-08-02T10:45:11.688+0000] {processor.py:836} INFO - DAG(s) dict_keys(['tutorial_dag']) retrieved from /home/airflow/.local/lib/python3.7/site-packages/airflow/example_dags/tutorial_dag.py
[2023-08-02T10:45:11.714+0000] {logging_mixin.py:150} INFO - [2023-08-02T10:45:11.714+0000] {dag.py:2742} INFO - Sync 1 DAGs
[2023-08-02T10:45:11.734+0000] {logging_mixin.py:150} INFO - [2023-08-02T10:45:11.734+0000] {dag.py:3508} INFO - Setting next_dagrun for tutorial_dag to None, run_after=None
[2023-08-02T10:45:11.746+0000] {processor.py:179} INFO - Processing /home/airflow/.local/lib/python3.7/site-packages/airflow/example_dags/tutorial_dag.py took 0.095 seconds
[2023-08-02T10:45:42.094+0000] {processor.py:157} INFO - Started process (PID=1020) to work on /home/airflow/.local/lib/python3.7/site-packages/airflow/example_dags/tutorial_dag.py
[2023-08-02T10:45:42.096+0000] {processor.py:826} INFO - Processing file /home/airflow/.local/lib/python3.7/site-packages/airflow/example_dags/tutorial_dag.py for tasks to queue
[2023-08-02T10:45:42.097+0000] {logging_mixin.py:150} INFO - [2023-08-02T10:45:42.096+0000] {dagbag.py:541} INFO - Filling up the DagBag from /home/airflow/.local/lib/python3.7/site-packages/airflow/example_dags/tutorial_dag.py
[2023-08-02T10:45:42.102+0000] {processor.py:836} INFO - DAG(s) dict_keys(['tutorial_dag']) retrieved from /home/airflow/.local/lib/python3.7/site-packages/airflow/example_dags/tutorial_dag.py
[2023-08-02T10:45:42.130+0000] {logging_mixin.py:150} INFO - [2023-08-02T10:45:42.130+0000] {dag.py:2742} INFO - Sync 1 DAGs
[2023-08-02T10:45:42.149+0000] {logging_mixin.py:150} INFO - [2023-08-02T10:45:42.148+0000] {dag.py:3508} INFO - Setting next_dagrun for tutorial_dag to None, run_after=None
[2023-08-02T10:45:42.160+0000] {processor.py:179} INFO - Processing /home/airflow/.local/lib/python3.7/site-packages/airflow/example_dags/tutorial_dag.py took 0.069 seconds
[2023-08-02T10:46:12.466+0000] {processor.py:157} INFO - Started process (PID=1077) to work on /home/airflow/.local/lib/python3.7/site-packages/airflow/example_dags/tutorial_dag.py
[2023-08-02T10:46:12.469+0000] {processor.py:826} INFO - Processing file /home/airflow/.local/lib/python3.7/site-packages/airflow/example_dags/tutorial_dag.py for tasks to queue
[2023-08-02T10:46:12.470+0000] {logging_mixin.py:150} INFO - [2023-08-02T10:46:12.470+0000] {dagbag.py:541} INFO - Filling up the DagBag from /home/airflow/.local/lib/python3.7/site-packages/airflow/example_dags/tutorial_dag.py
[2023-08-02T10:46:12.476+0000] {processor.py:836} INFO - DAG(s) dict_keys(['tutorial_dag']) retrieved from /home/airflow/.local/lib/python3.7/site-packages/airflow/example_dags/tutorial_dag.py
[2023-08-02T10:46:12.503+0000] {logging_mixin.py:150} INFO - [2023-08-02T10:46:12.503+0000] {dag.py:2742} INFO - Sync 1 DAGs
[2023-08-02T10:46:12.522+0000] {logging_mixin.py:150} INFO - [2023-08-02T10:46:12.522+0000] {dag.py:3508} INFO - Setting next_dagrun for tutorial_dag to None, run_after=None
[2023-08-02T10:46:12.537+0000] {processor.py:179} INFO - Processing /home/airflow/.local/lib/python3.7/site-packages/airflow/example_dags/tutorial_dag.py took 0.073 seconds
[2023-08-02T10:46:43.056+0000] {processor.py:157} INFO - Started process (PID=1134) to work on /home/airflow/.local/lib/python3.7/site-packages/airflow/example_dags/tutorial_dag.py
[2023-08-02T10:46:43.069+0000] {processor.py:826} INFO - Processing file /home/airflow/.local/lib/python3.7/site-packages/airflow/example_dags/tutorial_dag.py for tasks to queue
[2023-08-02T10:46:43.071+0000] {logging_mixin.py:150} INFO - [2023-08-02T10:46:43.071+0000] {dagbag.py:541} INFO - Filling up the DagBag from /home/airflow/.local/lib/python3.7/site-packages/airflow/example_dags/tutorial_dag.py
[2023-08-02T10:46:43.078+0000] {processor.py:836} INFO - DAG(s) dict_keys(['tutorial_dag']) retrieved from /home/airflow/.local/lib/python3.7/site-packages/airflow/example_dags/tutorial_dag.py
[2023-08-02T10:46:43.110+0000] {logging_mixin.py:150} INFO - [2023-08-02T10:46:43.110+0000] {dag.py:2742} INFO - Sync 1 DAGs
[2023-08-02T10:46:43.146+0000] {logging_mixin.py:150} INFO - [2023-08-02T10:46:43.146+0000] {dag.py:3508} INFO - Setting next_dagrun for tutorial_dag to None, run_after=None
[2023-08-02T10:46:43.160+0000] {processor.py:179} INFO - Processing /home/airflow/.local/lib/python3.7/site-packages/airflow/example_dags/tutorial_dag.py took 0.108 seconds
[2023-08-02T10:47:13.529+0000] {processor.py:157} INFO - Started process (PID=1191) to work on /home/airflow/.local/lib/python3.7/site-packages/airflow/example_dags/tutorial_dag.py
[2023-08-02T10:47:13.531+0000] {processor.py:826} INFO - Processing file /home/airflow/.local/lib/python3.7/site-packages/airflow/example_dags/tutorial_dag.py for tasks to queue
[2023-08-02T10:47:13.532+0000] {logging_mixin.py:150} INFO - [2023-08-02T10:47:13.532+0000] {dagbag.py:541} INFO - Filling up the DagBag from /home/airflow/.local/lib/python3.7/site-packages/airflow/example_dags/tutorial_dag.py
[2023-08-02T10:47:13.538+0000] {processor.py:836} INFO - DAG(s) dict_keys(['tutorial_dag']) retrieved from /home/airflow/.local/lib/python3.7/site-packages/airflow/example_dags/tutorial_dag.py
[2023-08-02T10:47:13.562+0000] {logging_mixin.py:150} INFO - [2023-08-02T10:47:13.562+0000] {dag.py:2742} INFO - Sync 1 DAGs
[2023-08-02T10:47:13.582+0000] {logging_mixin.py:150} INFO - [2023-08-02T10:47:13.582+0000] {dag.py:3508} INFO - Setting next_dagrun for tutorial_dag to None, run_after=None
[2023-08-02T10:47:13.596+0000] {processor.py:179} INFO - Processing /home/airflow/.local/lib/python3.7/site-packages/airflow/example_dags/tutorial_dag.py took 0.070 seconds
[2023-08-02T10:47:43.877+0000] {processor.py:157} INFO - Started process (PID=1248) to work on /home/airflow/.local/lib/python3.7/site-packages/airflow/example_dags/tutorial_dag.py
[2023-08-02T10:47:43.879+0000] {processor.py:826} INFO - Processing file /home/airflow/.local/lib/python3.7/site-packages/airflow/example_dags/tutorial_dag.py for tasks to queue
[2023-08-02T10:47:43.881+0000] {logging_mixin.py:150} INFO - [2023-08-02T10:47:43.880+0000] {dagbag.py:541} INFO - Filling up the DagBag from /home/airflow/.local/lib/python3.7/site-packages/airflow/example_dags/tutorial_dag.py
[2023-08-02T10:47:43.891+0000] {processor.py:836} INFO - DAG(s) dict_keys(['tutorial_dag']) retrieved from /home/airflow/.local/lib/python3.7/site-packages/airflow/example_dags/tutorial_dag.py
[2023-08-02T10:47:43.912+0000] {logging_mixin.py:150} INFO - [2023-08-02T10:47:43.912+0000] {dag.py:2742} INFO - Sync 1 DAGs
[2023-08-02T10:47:43.930+0000] {logging_mixin.py:150} INFO - [2023-08-02T10:47:43.929+0000] {dag.py:3508} INFO - Setting next_dagrun for tutorial_dag to None, run_after=None
[2023-08-02T10:47:43.941+0000] {processor.py:179} INFO - Processing /home/airflow/.local/lib/python3.7/site-packages/airflow/example_dags/tutorial_dag.py took 0.067 seconds
[2023-08-02T10:48:14.009+0000] {processor.py:157} INFO - Started process (PID=1305) to work on /home/airflow/.local/lib/python3.7/site-packages/airflow/example_dags/tutorial_dag.py
[2023-08-02T10:48:14.068+0000] {processor.py:826} INFO - Processing file /home/airflow/.local/lib/python3.7/site-packages/airflow/example_dags/tutorial_dag.py for tasks to queue
[2023-08-02T10:48:14.070+0000] {logging_mixin.py:150} INFO - [2023-08-02T10:48:14.069+0000] {dagbag.py:541} INFO - Filling up the DagBag from /home/airflow/.local/lib/python3.7/site-packages/airflow/example_dags/tutorial_dag.py
[2023-08-02T10:48:14.075+0000] {processor.py:836} INFO - DAG(s) dict_keys(['tutorial_dag']) retrieved from /home/airflow/.local/lib/python3.7/site-packages/airflow/example_dags/tutorial_dag.py
[2023-08-02T10:48:14.099+0000] {logging_mixin.py:150} INFO - [2023-08-02T10:48:14.099+0000] {dag.py:2742} INFO - Sync 1 DAGs
[2023-08-02T10:48:14.120+0000] {logging_mixin.py:150} INFO - [2023-08-02T10:48:14.120+0000] {dag.py:3508} INFO - Setting next_dagrun for tutorial_dag to None, run_after=None
[2023-08-02T10:48:14.134+0000] {processor.py:179} INFO - Processing /home/airflow/.local/lib/python3.7/site-packages/airflow/example_dags/tutorial_dag.py took 0.128 seconds
[2023-08-02T10:48:44.331+0000] {processor.py:157} INFO - Started process (PID=1362) to work on /home/airflow/.local/lib/python3.7/site-packages/airflow/example_dags/tutorial_dag.py
[2023-08-02T10:48:44.333+0000] {processor.py:826} INFO - Processing file /home/airflow/.local/lib/python3.7/site-packages/airflow/example_dags/tutorial_dag.py for tasks to queue
[2023-08-02T10:48:44.334+0000] {logging_mixin.py:150} INFO - [2023-08-02T10:48:44.334+0000] {dagbag.py:541} INFO - Filling up the DagBag from /home/airflow/.local/lib/python3.7/site-packages/airflow/example_dags/tutorial_dag.py
[2023-08-02T10:48:44.341+0000] {processor.py:836} INFO - DAG(s) dict_keys(['tutorial_dag']) retrieved from /home/airflow/.local/lib/python3.7/site-packages/airflow/example_dags/tutorial_dag.py
[2023-08-02T10:48:44.368+0000] {logging_mixin.py:150} INFO - [2023-08-02T10:48:44.368+0000] {dag.py:2742} INFO - Sync 1 DAGs
[2023-08-02T10:48:44.390+0000] {logging_mixin.py:150} INFO - [2023-08-02T10:48:44.390+0000] {dag.py:3508} INFO - Setting next_dagrun for tutorial_dag to None, run_after=None
[2023-08-02T10:48:44.407+0000] {processor.py:179} INFO - Processing /home/airflow/.local/lib/python3.7/site-packages/airflow/example_dags/tutorial_dag.py took 0.080 seconds
[2023-08-02T10:49:14.717+0000] {processor.py:157} INFO - Started process (PID=1419) to work on /home/airflow/.local/lib/python3.7/site-packages/airflow/example_dags/tutorial_dag.py
[2023-08-02T10:49:14.719+0000] {processor.py:826} INFO - Processing file /home/airflow/.local/lib/python3.7/site-packages/airflow/example_dags/tutorial_dag.py for tasks to queue
[2023-08-02T10:49:14.721+0000] {logging_mixin.py:150} INFO - [2023-08-02T10:49:14.720+0000] {dagbag.py:541} INFO - Filling up the DagBag from /home/airflow/.local/lib/python3.7/site-packages/airflow/example_dags/tutorial_dag.py
[2023-08-02T10:49:14.726+0000] {processor.py:836} INFO - DAG(s) dict_keys(['tutorial_dag']) retrieved from /home/airflow/.local/lib/python3.7/site-packages/airflow/example_dags/tutorial_dag.py
[2023-08-02T10:49:14.753+0000] {logging_mixin.py:150} INFO - [2023-08-02T10:49:14.753+0000] {dag.py:2742} INFO - Sync 1 DAGs
[2023-08-02T10:49:14.775+0000] {logging_mixin.py:150} INFO - [2023-08-02T10:49:14.775+0000] {dag.py:3508} INFO - Setting next_dagrun for tutorial_dag to None, run_after=None
[2023-08-02T10:49:14.823+0000] {processor.py:179} INFO - Processing /home/airflow/.local/lib/python3.7/site-packages/airflow/example_dags/tutorial_dag.py took 0.110 seconds
[2023-08-02T10:49:44.921+0000] {processor.py:157} INFO - Started process (PID=1476) to work on /home/airflow/.local/lib/python3.7/site-packages/airflow/example_dags/tutorial_dag.py
[2023-08-02T10:49:44.923+0000] {processor.py:826} INFO - Processing file /home/airflow/.local/lib/python3.7/site-packages/airflow/example_dags/tutorial_dag.py for tasks to queue
[2023-08-02T10:49:44.924+0000] {logging_mixin.py:150} INFO - [2023-08-02T10:49:44.924+0000] {dagbag.py:541} INFO - Filling up the DagBag from /home/airflow/.local/lib/python3.7/site-packages/airflow/example_dags/tutorial_dag.py
[2023-08-02T10:49:44.929+0000] {processor.py:836} INFO - DAG(s) dict_keys(['tutorial_dag']) retrieved from /home/airflow/.local/lib/python3.7/site-packages/airflow/example_dags/tutorial_dag.py
[2023-08-02T10:49:44.954+0000] {logging_mixin.py:150} INFO - [2023-08-02T10:49:44.953+0000] {dag.py:2742} INFO - Sync 1 DAGs
[2023-08-02T10:49:44.975+0000] {logging_mixin.py:150} INFO - [2023-08-02T10:49:44.975+0000] {dag.py:3508} INFO - Setting next_dagrun for tutorial_dag to None, run_after=None
[2023-08-02T10:49:44.988+0000] {processor.py:179} INFO - Processing /home/airflow/.local/lib/python3.7/site-packages/airflow/example_dags/tutorial_dag.py took 0.071 seconds
[2023-08-02T10:50:15.717+0000] {processor.py:157} INFO - Started process (PID=1533) to work on /home/airflow/.local/lib/python3.7/site-packages/airflow/example_dags/tutorial_dag.py
[2023-08-02T10:50:15.720+0000] {processor.py:826} INFO - Processing file /home/airflow/.local/lib/python3.7/site-packages/airflow/example_dags/tutorial_dag.py for tasks to queue
[2023-08-02T10:50:15.723+0000] {logging_mixin.py:150} INFO - [2023-08-02T10:50:15.723+0000] {dagbag.py:541} INFO - Filling up the DagBag from /home/airflow/.local/lib/python3.7/site-packages/airflow/example_dags/tutorial_dag.py
[2023-08-02T10:50:15.733+0000] {processor.py:836} INFO - DAG(s) dict_keys(['tutorial_dag']) retrieved from /home/airflow/.local/lib/python3.7/site-packages/airflow/example_dags/tutorial_dag.py
[2023-08-02T10:50:15.766+0000] {logging_mixin.py:150} INFO - [2023-08-02T10:50:15.766+0000] {dag.py:2742} INFO - Sync 1 DAGs
[2023-08-02T10:50:15.788+0000] {logging_mixin.py:150} INFO - [2023-08-02T10:50:15.787+0000] {dag.py:3508} INFO - Setting next_dagrun for tutorial_dag to None, run_after=None
[2023-08-02T10:50:15.906+0000] {processor.py:179} INFO - Processing /home/airflow/.local/lib/python3.7/site-packages/airflow/example_dags/tutorial_dag.py took 0.193 seconds
[2023-08-02T10:50:45.969+0000] {processor.py:157} INFO - Started process (PID=1589) to work on /home/airflow/.local/lib/python3.7/site-packages/airflow/example_dags/tutorial_dag.py
[2023-08-02T10:50:45.972+0000] {processor.py:826} INFO - Processing file /home/airflow/.local/lib/python3.7/site-packages/airflow/example_dags/tutorial_dag.py for tasks to queue
[2023-08-02T10:50:45.973+0000] {logging_mixin.py:150} INFO - [2023-08-02T10:50:45.973+0000] {dagbag.py:541} INFO - Filling up the DagBag from /home/airflow/.local/lib/python3.7/site-packages/airflow/example_dags/tutorial_dag.py
[2023-08-02T10:50:45.979+0000] {processor.py:836} INFO - DAG(s) dict_keys(['tutorial_dag']) retrieved from /home/airflow/.local/lib/python3.7/site-packages/airflow/example_dags/tutorial_dag.py
[2023-08-02T10:50:46.003+0000] {logging_mixin.py:150} INFO - [2023-08-02T10:50:46.003+0000] {dag.py:2742} INFO - Sync 1 DAGs
[2023-08-02T10:50:46.022+0000] {logging_mixin.py:150} INFO - [2023-08-02T10:50:46.022+0000] {dag.py:3508} INFO - Setting next_dagrun for tutorial_dag to None, run_after=None
[2023-08-02T10:50:46.037+0000] {processor.py:179} INFO - Processing /home/airflow/.local/lib/python3.7/site-packages/airflow/example_dags/tutorial_dag.py took 0.072 seconds
[2023-08-02T10:51:16.167+0000] {processor.py:157} INFO - Started process (PID=1646) to work on /home/airflow/.local/lib/python3.7/site-packages/airflow/example_dags/tutorial_dag.py
[2023-08-02T10:51:16.169+0000] {processor.py:826} INFO - Processing file /home/airflow/.local/lib/python3.7/site-packages/airflow/example_dags/tutorial_dag.py for tasks to queue
[2023-08-02T10:51:16.175+0000] {logging_mixin.py:150} INFO - [2023-08-02T10:51:16.175+0000] {dagbag.py:541} INFO - Filling up the DagBag from /home/airflow/.local/lib/python3.7/site-packages/airflow/example_dags/tutorial_dag.py
[2023-08-02T10:51:16.180+0000] {processor.py:836} INFO - DAG(s) dict_keys(['tutorial_dag']) retrieved from /home/airflow/.local/lib/python3.7/site-packages/airflow/example_dags/tutorial_dag.py
[2023-08-02T10:51:16.202+0000] {logging_mixin.py:150} INFO - [2023-08-02T10:51:16.201+0000] {dag.py:2742} INFO - Sync 1 DAGs
[2023-08-02T10:51:16.218+0000] {logging_mixin.py:150} INFO - [2023-08-02T10:51:16.218+0000] {dag.py:3508} INFO - Setting next_dagrun for tutorial_dag to None, run_after=None
[2023-08-02T10:51:16.230+0000] {processor.py:179} INFO - Processing /home/airflow/.local/lib/python3.7/site-packages/airflow/example_dags/tutorial_dag.py took 0.066 seconds
[2023-08-02T10:51:46.470+0000] {processor.py:157} INFO - Started process (PID=1703) to work on /home/airflow/.local/lib/python3.7/site-packages/airflow/example_dags/tutorial_dag.py
[2023-08-02T10:51:46.476+0000] {processor.py:826} INFO - Processing file /home/airflow/.local/lib/python3.7/site-packages/airflow/example_dags/tutorial_dag.py for tasks to queue
[2023-08-02T10:51:46.478+0000] {logging_mixin.py:150} INFO - [2023-08-02T10:51:46.477+0000] {dagbag.py:541} INFO - Filling up the DagBag from /home/airflow/.local/lib/python3.7/site-packages/airflow/example_dags/tutorial_dag.py
[2023-08-02T10:51:46.483+0000] {processor.py:836} INFO - DAG(s) dict_keys(['tutorial_dag']) retrieved from /home/airflow/.local/lib/python3.7/site-packages/airflow/example_dags/tutorial_dag.py
[2023-08-02T10:51:46.506+0000] {logging_mixin.py:150} INFO - [2023-08-02T10:51:46.505+0000] {dag.py:2742} INFO - Sync 1 DAGs
[2023-08-02T10:51:46.526+0000] {logging_mixin.py:150} INFO - [2023-08-02T10:51:46.526+0000] {dag.py:3508} INFO - Setting next_dagrun for tutorial_dag to None, run_after=None
[2023-08-02T10:51:46.547+0000] {processor.py:179} INFO - Processing /home/airflow/.local/lib/python3.7/site-packages/airflow/example_dags/tutorial_dag.py took 0.080 seconds
[2023-08-02T10:52:16.797+0000] {processor.py:157} INFO - Started process (PID=1760) to work on /home/airflow/.local/lib/python3.7/site-packages/airflow/example_dags/tutorial_dag.py
[2023-08-02T10:52:16.799+0000] {processor.py:826} INFO - Processing file /home/airflow/.local/lib/python3.7/site-packages/airflow/example_dags/tutorial_dag.py for tasks to queue
[2023-08-02T10:52:16.802+0000] {logging_mixin.py:150} INFO - [2023-08-02T10:52:16.802+0000] {dagbag.py:541} INFO - Filling up the DagBag from /home/airflow/.local/lib/python3.7/site-packages/airflow/example_dags/tutorial_dag.py
[2023-08-02T10:52:16.807+0000] {processor.py:836} INFO - DAG(s) dict_keys(['tutorial_dag']) retrieved from /home/airflow/.local/lib/python3.7/site-packages/airflow/example_dags/tutorial_dag.py
[2023-08-02T10:52:16.826+0000] {logging_mixin.py:150} INFO - [2023-08-02T10:52:16.826+0000] {dag.py:2742} INFO - Sync 1 DAGs
[2023-08-02T10:52:16.843+0000] {logging_mixin.py:150} INFO - [2023-08-02T10:52:16.843+0000] {dag.py:3508} INFO - Setting next_dagrun for tutorial_dag to None, run_after=None
[2023-08-02T10:52:16.856+0000] {processor.py:179} INFO - Processing /home/airflow/.local/lib/python3.7/site-packages/airflow/example_dags/tutorial_dag.py took 0.062 seconds
[2023-08-02T10:52:47.055+0000] {processor.py:157} INFO - Started process (PID=1818) to work on /home/airflow/.local/lib/python3.7/site-packages/airflow/example_dags/tutorial_dag.py
[2023-08-02T10:52:47.057+0000] {processor.py:826} INFO - Processing file /home/airflow/.local/lib/python3.7/site-packages/airflow/example_dags/tutorial_dag.py for tasks to queue
[2023-08-02T10:52:47.058+0000] {logging_mixin.py:150} INFO - [2023-08-02T10:52:47.058+0000] {dagbag.py:541} INFO - Filling up the DagBag from /home/airflow/.local/lib/python3.7/site-packages/airflow/example_dags/tutorial_dag.py
[2023-08-02T10:52:47.063+0000] {processor.py:836} INFO - DAG(s) dict_keys(['tutorial_dag']) retrieved from /home/airflow/.local/lib/python3.7/site-packages/airflow/example_dags/tutorial_dag.py
[2023-08-02T10:52:47.083+0000] {logging_mixin.py:150} INFO - [2023-08-02T10:52:47.083+0000] {dag.py:2742} INFO - Sync 1 DAGs
[2023-08-02T10:52:47.099+0000] {logging_mixin.py:150} INFO - [2023-08-02T10:52:47.098+0000] {dag.py:3508} INFO - Setting next_dagrun for tutorial_dag to None, run_after=None
[2023-08-02T10:52:47.111+0000] {processor.py:179} INFO - Processing /home/airflow/.local/lib/python3.7/site-packages/airflow/example_dags/tutorial_dag.py took 0.059 seconds
[2023-08-02T10:53:17.390+0000] {processor.py:157} INFO - Started process (PID=1875) to work on /home/airflow/.local/lib/python3.7/site-packages/airflow/example_dags/tutorial_dag.py
[2023-08-02T10:53:17.392+0000] {processor.py:826} INFO - Processing file /home/airflow/.local/lib/python3.7/site-packages/airflow/example_dags/tutorial_dag.py for tasks to queue
[2023-08-02T10:53:17.393+0000] {logging_mixin.py:150} INFO - [2023-08-02T10:53:17.393+0000] {dagbag.py:541} INFO - Filling up the DagBag from /home/airflow/.local/lib/python3.7/site-packages/airflow/example_dags/tutorial_dag.py
[2023-08-02T10:53:17.398+0000] {processor.py:836} INFO - DAG(s) dict_keys(['tutorial_dag']) retrieved from /home/airflow/.local/lib/python3.7/site-packages/airflow/example_dags/tutorial_dag.py
[2023-08-02T10:53:17.419+0000] {logging_mixin.py:150} INFO - [2023-08-02T10:53:17.419+0000] {dag.py:2742} INFO - Sync 1 DAGs
[2023-08-02T10:53:17.435+0000] {logging_mixin.py:150} INFO - [2023-08-02T10:53:17.435+0000] {dag.py:3508} INFO - Setting next_dagrun for tutorial_dag to None, run_after=None
[2023-08-02T10:53:17.448+0000] {processor.py:179} INFO - Processing /home/airflow/.local/lib/python3.7/site-packages/airflow/example_dags/tutorial_dag.py took 0.061 seconds
[2023-08-02T10:53:47.575+0000] {processor.py:157} INFO - Started process (PID=1932) to work on /home/airflow/.local/lib/python3.7/site-packages/airflow/example_dags/tutorial_dag.py
[2023-08-02T10:53:47.632+0000] {processor.py:826} INFO - Processing file /home/airflow/.local/lib/python3.7/site-packages/airflow/example_dags/tutorial_dag.py for tasks to queue
[2023-08-02T10:53:47.633+0000] {logging_mixin.py:150} INFO - [2023-08-02T10:53:47.633+0000] {dagbag.py:541} INFO - Filling up the DagBag from /home/airflow/.local/lib/python3.7/site-packages/airflow/example_dags/tutorial_dag.py
[2023-08-02T10:53:47.639+0000] {processor.py:836} INFO - DAG(s) dict_keys(['tutorial_dag']) retrieved from /home/airflow/.local/lib/python3.7/site-packages/airflow/example_dags/tutorial_dag.py
[2023-08-02T10:53:47.662+0000] {logging_mixin.py:150} INFO - [2023-08-02T10:53:47.662+0000] {dag.py:2742} INFO - Sync 1 DAGs
[2023-08-02T10:53:47.679+0000] {logging_mixin.py:150} INFO - [2023-08-02T10:53:47.679+0000] {dag.py:3508} INFO - Setting next_dagrun for tutorial_dag to None, run_after=None
[2023-08-02T10:53:47.692+0000] {processor.py:179} INFO - Processing /home/airflow/.local/lib/python3.7/site-packages/airflow/example_dags/tutorial_dag.py took 0.120 seconds
[2023-08-02T10:54:17.916+0000] {processor.py:157} INFO - Started process (PID=1990) to work on /home/airflow/.local/lib/python3.7/site-packages/airflow/example_dags/tutorial_dag.py
[2023-08-02T10:54:17.918+0000] {processor.py:826} INFO - Processing file /home/airflow/.local/lib/python3.7/site-packages/airflow/example_dags/tutorial_dag.py for tasks to queue
[2023-08-02T10:54:17.920+0000] {logging_mixin.py:150} INFO - [2023-08-02T10:54:17.919+0000] {dagbag.py:541} INFO - Filling up the DagBag from /home/airflow/.local/lib/python3.7/site-packages/airflow/example_dags/tutorial_dag.py
[2023-08-02T10:54:17.924+0000] {processor.py:836} INFO - DAG(s) dict_keys(['tutorial_dag']) retrieved from /home/airflow/.local/lib/python3.7/site-packages/airflow/example_dags/tutorial_dag.py
[2023-08-02T10:54:17.945+0000] {logging_mixin.py:150} INFO - [2023-08-02T10:54:17.945+0000] {dag.py:2742} INFO - Sync 1 DAGs
[2023-08-02T10:54:17.961+0000] {logging_mixin.py:150} INFO - [2023-08-02T10:54:17.960+0000] {dag.py:3508} INFO - Setting next_dagrun for tutorial_dag to None, run_after=None
[2023-08-02T10:54:17.972+0000] {processor.py:179} INFO - Processing /home/airflow/.local/lib/python3.7/site-packages/airflow/example_dags/tutorial_dag.py took 0.059 seconds
[2023-08-02T10:54:48.187+0000] {processor.py:157} INFO - Started process (PID=2048) to work on /home/airflow/.local/lib/python3.7/site-packages/airflow/example_dags/tutorial_dag.py
[2023-08-02T10:54:48.188+0000] {processor.py:826} INFO - Processing file /home/airflow/.local/lib/python3.7/site-packages/airflow/example_dags/tutorial_dag.py for tasks to queue
[2023-08-02T10:54:48.195+0000] {logging_mixin.py:150} INFO - [2023-08-02T10:54:48.195+0000] {dagbag.py:541} INFO - Filling up the DagBag from /home/airflow/.local/lib/python3.7/site-packages/airflow/example_dags/tutorial_dag.py
[2023-08-02T10:54:48.200+0000] {processor.py:836} INFO - DAG(s) dict_keys(['tutorial_dag']) retrieved from /home/airflow/.local/lib/python3.7/site-packages/airflow/example_dags/tutorial_dag.py
[2023-08-02T10:54:48.222+0000] {logging_mixin.py:150} INFO - [2023-08-02T10:54:48.221+0000] {dag.py:2742} INFO - Sync 1 DAGs
[2023-08-02T10:54:48.240+0000] {logging_mixin.py:150} INFO - [2023-08-02T10:54:48.239+0000] {dag.py:3508} INFO - Setting next_dagrun for tutorial_dag to None, run_after=None
[2023-08-02T10:54:48.251+0000] {processor.py:179} INFO - Processing /home/airflow/.local/lib/python3.7/site-packages/airflow/example_dags/tutorial_dag.py took 0.067 seconds
[2023-08-02T10:55:18.686+0000] {processor.py:157} INFO - Started process (PID=2105) to work on /home/airflow/.local/lib/python3.7/site-packages/airflow/example_dags/tutorial_dag.py
[2023-08-02T10:55:18.689+0000] {processor.py:826} INFO - Processing file /home/airflow/.local/lib/python3.7/site-packages/airflow/example_dags/tutorial_dag.py for tasks to queue
[2023-08-02T10:55:18.690+0000] {logging_mixin.py:150} INFO - [2023-08-02T10:55:18.690+0000] {dagbag.py:541} INFO - Filling up the DagBag from /home/airflow/.local/lib/python3.7/site-packages/airflow/example_dags/tutorial_dag.py
[2023-08-02T10:55:18.695+0000] {processor.py:836} INFO - DAG(s) dict_keys(['tutorial_dag']) retrieved from /home/airflow/.local/lib/python3.7/site-packages/airflow/example_dags/tutorial_dag.py
[2023-08-02T10:55:18.716+0000] {logging_mixin.py:150} INFO - [2023-08-02T10:55:18.716+0000] {dag.py:2742} INFO - Sync 1 DAGs
[2023-08-02T10:55:18.741+0000] {logging_mixin.py:150} INFO - [2023-08-02T10:55:18.741+0000] {dag.py:3508} INFO - Setting next_dagrun for tutorial_dag to None, run_after=None
[2023-08-02T10:55:18.755+0000] {processor.py:179} INFO - Processing /home/airflow/.local/lib/python3.7/site-packages/airflow/example_dags/tutorial_dag.py took 0.072 seconds
[2023-08-02T12:19:19.605+0000] {processor.py:157} INFO - Started process (PID=2163) to work on /home/airflow/.local/lib/python3.7/site-packages/airflow/example_dags/tutorial_dag.py
[2023-08-02T12:19:19.606+0000] {processor.py:826} INFO - Processing file /home/airflow/.local/lib/python3.7/site-packages/airflow/example_dags/tutorial_dag.py for tasks to queue
[2023-08-02T12:19:19.608+0000] {logging_mixin.py:150} INFO - [2023-08-02T12:19:19.608+0000] {dagbag.py:541} INFO - Filling up the DagBag from /home/airflow/.local/lib/python3.7/site-packages/airflow/example_dags/tutorial_dag.py
[2023-08-02T12:19:19.676+0000] {processor.py:836} INFO - DAG(s) dict_keys(['tutorial_dag']) retrieved from /home/airflow/.local/lib/python3.7/site-packages/airflow/example_dags/tutorial_dag.py
[2023-08-02T12:19:19.699+0000] {logging_mixin.py:150} INFO - [2023-08-02T12:19:19.699+0000] {dag.py:2742} INFO - Sync 1 DAGs
[2023-08-02T12:19:19.722+0000] {logging_mixin.py:150} INFO - [2023-08-02T12:19:19.722+0000] {dag.py:3508} INFO - Setting next_dagrun for tutorial_dag to None, run_after=None
[2023-08-02T12:19:19.736+0000] {processor.py:179} INFO - Processing /home/airflow/.local/lib/python3.7/site-packages/airflow/example_dags/tutorial_dag.py took 0.135 seconds
[2023-08-02T13:26:12.524+0000] {processor.py:157} INFO - Started process (PID=2220) to work on /home/airflow/.local/lib/python3.7/site-packages/airflow/example_dags/tutorial_dag.py
[2023-08-02T13:26:12.525+0000] {processor.py:826} INFO - Processing file /home/airflow/.local/lib/python3.7/site-packages/airflow/example_dags/tutorial_dag.py for tasks to queue
[2023-08-02T13:26:12.527+0000] {logging_mixin.py:150} INFO - [2023-08-02T13:26:12.526+0000] {dagbag.py:541} INFO - Filling up the DagBag from /home/airflow/.local/lib/python3.7/site-packages/airflow/example_dags/tutorial_dag.py
[2023-08-02T13:26:12.531+0000] {processor.py:836} INFO - DAG(s) dict_keys(['tutorial_dag']) retrieved from /home/airflow/.local/lib/python3.7/site-packages/airflow/example_dags/tutorial_dag.py
[2023-08-02T13:26:12.555+0000] {logging_mixin.py:150} INFO - [2023-08-02T13:26:12.555+0000] {dag.py:2742} INFO - Sync 1 DAGs
[2023-08-02T13:26:12.574+0000] {logging_mixin.py:150} INFO - [2023-08-02T13:26:12.574+0000] {dag.py:3508} INFO - Setting next_dagrun for tutorial_dag to None, run_after=None
[2023-08-02T13:26:12.587+0000] {processor.py:179} INFO - Processing /home/airflow/.local/lib/python3.7/site-packages/airflow/example_dags/tutorial_dag.py took 0.067 seconds
[2023-08-02T14:49:11.784+0000] {processor.py:157} INFO - Started process (PID=2278) to work on /home/airflow/.local/lib/python3.7/site-packages/airflow/example_dags/tutorial_dag.py
[2023-08-02T14:49:11.786+0000] {processor.py:826} INFO - Processing file /home/airflow/.local/lib/python3.7/site-packages/airflow/example_dags/tutorial_dag.py for tasks to queue
[2023-08-02T14:49:11.790+0000] {logging_mixin.py:150} INFO - [2023-08-02T14:49:11.789+0000] {dagbag.py:541} INFO - Filling up the DagBag from /home/airflow/.local/lib/python3.7/site-packages/airflow/example_dags/tutorial_dag.py
[2023-08-02T14:49:11.797+0000] {processor.py:836} INFO - DAG(s) dict_keys(['tutorial_dag']) retrieved from /home/airflow/.local/lib/python3.7/site-packages/airflow/example_dags/tutorial_dag.py
[2023-08-02T14:49:11.839+0000] {logging_mixin.py:150} INFO - [2023-08-02T14:49:11.838+0000] {dag.py:2742} INFO - Sync 1 DAGs
[2023-08-02T14:49:11.865+0000] {logging_mixin.py:150} INFO - [2023-08-02T14:49:11.865+0000] {dag.py:3508} INFO - Setting next_dagrun for tutorial_dag to None, run_after=None
[2023-08-02T14:49:11.882+0000] {processor.py:179} INFO - Processing /home/airflow/.local/lib/python3.7/site-packages/airflow/example_dags/tutorial_dag.py took 0.103 seconds
[2023-08-02T15:54:28.424+0000] {processor.py:157} INFO - Started process (PID=2334) to work on /home/airflow/.local/lib/python3.7/site-packages/airflow/example_dags/tutorial_dag.py
[2023-08-02T15:54:28.427+0000] {processor.py:826} INFO - Processing file /home/airflow/.local/lib/python3.7/site-packages/airflow/example_dags/tutorial_dag.py for tasks to queue
[2023-08-02T15:54:28.445+0000] {logging_mixin.py:150} INFO - [2023-08-02T15:54:28.444+0000] {dagbag.py:541} INFO - Filling up the DagBag from /home/airflow/.local/lib/python3.7/site-packages/airflow/example_dags/tutorial_dag.py
[2023-08-02T15:54:28.453+0000] {processor.py:836} INFO - DAG(s) dict_keys(['tutorial_dag']) retrieved from /home/airflow/.local/lib/python3.7/site-packages/airflow/example_dags/tutorial_dag.py
[2023-08-02T15:54:28.475+0000] {logging_mixin.py:150} INFO - [2023-08-02T15:54:28.475+0000] {dag.py:2742} INFO - Sync 1 DAGs
[2023-08-02T15:54:28.494+0000] {logging_mixin.py:150} INFO - [2023-08-02T15:54:28.494+0000] {dag.py:3508} INFO - Setting next_dagrun for tutorial_dag to None, run_after=None
[2023-08-02T15:54:28.507+0000] {processor.py:179} INFO - Processing /home/airflow/.local/lib/python3.7/site-packages/airflow/example_dags/tutorial_dag.py took 0.087 seconds
[2023-08-02T16:26:52.238+0000] {processor.py:157} INFO - Started process (PID=2391) to work on /home/airflow/.local/lib/python3.7/site-packages/airflow/example_dags/tutorial_dag.py
[2023-08-02T16:26:52.240+0000] {processor.py:826} INFO - Processing file /home/airflow/.local/lib/python3.7/site-packages/airflow/example_dags/tutorial_dag.py for tasks to queue
[2023-08-02T16:26:52.241+0000] {logging_mixin.py:150} INFO - [2023-08-02T16:26:52.241+0000] {dagbag.py:541} INFO - Filling up the DagBag from /home/airflow/.local/lib/python3.7/site-packages/airflow/example_dags/tutorial_dag.py
[2023-08-02T16:26:52.248+0000] {processor.py:836} INFO - DAG(s) dict_keys(['tutorial_dag']) retrieved from /home/airflow/.local/lib/python3.7/site-packages/airflow/example_dags/tutorial_dag.py
[2023-08-02T16:26:52.283+0000] {logging_mixin.py:150} INFO - [2023-08-02T16:26:52.282+0000] {dag.py:2742} INFO - Sync 1 DAGs
[2023-08-02T16:26:52.317+0000] {logging_mixin.py:150} INFO - [2023-08-02T16:26:52.317+0000] {dag.py:3508} INFO - Setting next_dagrun for tutorial_dag to None, run_after=None
[2023-08-02T16:26:52.362+0000] {processor.py:179} INFO - Processing /home/airflow/.local/lib/python3.7/site-packages/airflow/example_dags/tutorial_dag.py took 0.128 seconds
[2023-08-02T17:14:37.590+0000] {processor.py:157} INFO - Started process (PID=2449) to work on /home/airflow/.local/lib/python3.7/site-packages/airflow/example_dags/tutorial_dag.py
[2023-08-02T17:14:37.592+0000] {processor.py:826} INFO - Processing file /home/airflow/.local/lib/python3.7/site-packages/airflow/example_dags/tutorial_dag.py for tasks to queue
[2023-08-02T17:14:37.593+0000] {logging_mixin.py:150} INFO - [2023-08-02T17:14:37.593+0000] {dagbag.py:541} INFO - Filling up the DagBag from /home/airflow/.local/lib/python3.7/site-packages/airflow/example_dags/tutorial_dag.py
[2023-08-02T17:14:37.598+0000] {processor.py:836} INFO - DAG(s) dict_keys(['tutorial_dag']) retrieved from /home/airflow/.local/lib/python3.7/site-packages/airflow/example_dags/tutorial_dag.py
[2023-08-02T17:14:37.626+0000] {logging_mixin.py:150} INFO - [2023-08-02T17:14:37.626+0000] {dag.py:2742} INFO - Sync 1 DAGs
[2023-08-02T17:14:37.652+0000] {logging_mixin.py:150} INFO - [2023-08-02T17:14:37.652+0000] {dag.py:3508} INFO - Setting next_dagrun for tutorial_dag to None, run_after=None
[2023-08-02T17:14:37.665+0000] {processor.py:179} INFO - Processing /home/airflow/.local/lib/python3.7/site-packages/airflow/example_dags/tutorial_dag.py took 0.079 seconds
[2023-08-02T18:59:10.768+0000] {processor.py:157} INFO - Started process (PID=2506) to work on /home/airflow/.local/lib/python3.7/site-packages/airflow/example_dags/tutorial_dag.py
[2023-08-02T18:59:10.770+0000] {processor.py:826} INFO - Processing file /home/airflow/.local/lib/python3.7/site-packages/airflow/example_dags/tutorial_dag.py for tasks to queue
[2023-08-02T18:59:10.772+0000] {logging_mixin.py:150} INFO - [2023-08-02T18:59:10.772+0000] {dagbag.py:541} INFO - Filling up the DagBag from /home/airflow/.local/lib/python3.7/site-packages/airflow/example_dags/tutorial_dag.py
[2023-08-02T18:59:10.778+0000] {processor.py:836} INFO - DAG(s) dict_keys(['tutorial_dag']) retrieved from /home/airflow/.local/lib/python3.7/site-packages/airflow/example_dags/tutorial_dag.py
[2023-08-02T18:59:10.805+0000] {logging_mixin.py:150} INFO - [2023-08-02T18:59:10.805+0000] {dag.py:2742} INFO - Sync 1 DAGs
[2023-08-02T18:59:10.828+0000] {logging_mixin.py:150} INFO - [2023-08-02T18:59:10.827+0000] {dag.py:3508} INFO - Setting next_dagrun for tutorial_dag to None, run_after=None
[2023-08-02T18:59:10.840+0000] {processor.py:179} INFO - Processing /home/airflow/.local/lib/python3.7/site-packages/airflow/example_dags/tutorial_dag.py took 0.076 seconds
[2023-08-02T20:21:33.677+0000] {processor.py:157} INFO - Started process (PID=2564) to work on /home/airflow/.local/lib/python3.7/site-packages/airflow/example_dags/tutorial_dag.py
[2023-08-02T20:21:33.678+0000] {processor.py:826} INFO - Processing file /home/airflow/.local/lib/python3.7/site-packages/airflow/example_dags/tutorial_dag.py for tasks to queue
[2023-08-02T20:21:33.680+0000] {logging_mixin.py:150} INFO - [2023-08-02T20:21:33.679+0000] {dagbag.py:541} INFO - Filling up the DagBag from /home/airflow/.local/lib/python3.7/site-packages/airflow/example_dags/tutorial_dag.py
[2023-08-02T20:21:33.685+0000] {processor.py:836} INFO - DAG(s) dict_keys(['tutorial_dag']) retrieved from /home/airflow/.local/lib/python3.7/site-packages/airflow/example_dags/tutorial_dag.py
[2023-08-02T20:21:33.709+0000] {logging_mixin.py:150} INFO - [2023-08-02T20:21:33.709+0000] {dag.py:2742} INFO - Sync 1 DAGs
[2023-08-02T20:21:33.727+0000] {logging_mixin.py:150} INFO - [2023-08-02T20:21:33.727+0000] {dag.py:3508} INFO - Setting next_dagrun for tutorial_dag to None, run_after=None
[2023-08-02T20:21:33.740+0000] {processor.py:179} INFO - Processing /home/airflow/.local/lib/python3.7/site-packages/airflow/example_dags/tutorial_dag.py took 0.066 seconds
[2023-08-02T22:03:29.007+0000] {processor.py:157} INFO - Started process (PID=2621) to work on /home/airflow/.local/lib/python3.7/site-packages/airflow/example_dags/tutorial_dag.py
[2023-08-02T22:03:29.009+0000] {processor.py:826} INFO - Processing file /home/airflow/.local/lib/python3.7/site-packages/airflow/example_dags/tutorial_dag.py for tasks to queue
[2023-08-02T22:03:29.011+0000] {logging_mixin.py:150} INFO - [2023-08-02T22:03:29.011+0000] {dagbag.py:541} INFO - Filling up the DagBag from /home/airflow/.local/lib/python3.7/site-packages/airflow/example_dags/tutorial_dag.py
[2023-08-02T22:03:29.016+0000] {processor.py:836} INFO - DAG(s) dict_keys(['tutorial_dag']) retrieved from /home/airflow/.local/lib/python3.7/site-packages/airflow/example_dags/tutorial_dag.py
[2023-08-02T22:03:29.041+0000] {logging_mixin.py:150} INFO - [2023-08-02T22:03:29.041+0000] {dag.py:2742} INFO - Sync 1 DAGs
[2023-08-02T22:03:29.060+0000] {logging_mixin.py:150} INFO - [2023-08-02T22:03:29.060+0000] {dag.py:3508} INFO - Setting next_dagrun for tutorial_dag to None, run_after=None
[2023-08-02T22:03:29.076+0000] {processor.py:179} INFO - Processing /home/airflow/.local/lib/python3.7/site-packages/airflow/example_dags/tutorial_dag.py took 0.072 seconds
[2023-08-02T23:27:15.495+0000] {processor.py:157} INFO - Started process (PID=2678) to work on /home/airflow/.local/lib/python3.7/site-packages/airflow/example_dags/tutorial_dag.py
[2023-08-02T23:27:15.498+0000] {processor.py:826} INFO - Processing file /home/airflow/.local/lib/python3.7/site-packages/airflow/example_dags/tutorial_dag.py for tasks to queue
[2023-08-02T23:27:15.499+0000] {logging_mixin.py:150} INFO - [2023-08-02T23:27:15.499+0000] {dagbag.py:541} INFO - Filling up the DagBag from /home/airflow/.local/lib/python3.7/site-packages/airflow/example_dags/tutorial_dag.py
[2023-08-02T23:27:15.505+0000] {processor.py:836} INFO - DAG(s) dict_keys(['tutorial_dag']) retrieved from /home/airflow/.local/lib/python3.7/site-packages/airflow/example_dags/tutorial_dag.py
[2023-08-02T23:27:15.529+0000] {logging_mixin.py:150} INFO - [2023-08-02T23:27:15.529+0000] {dag.py:2742} INFO - Sync 1 DAGs
[2023-08-02T23:27:15.548+0000] {logging_mixin.py:150} INFO - [2023-08-02T23:27:15.548+0000] {dag.py:3508} INFO - Setting next_dagrun for tutorial_dag to None, run_after=None
[2023-08-02T23:27:15.560+0000] {processor.py:179} INFO - Processing /home/airflow/.local/lib/python3.7/site-packages/airflow/example_dags/tutorial_dag.py took 0.069 seconds
